[2024-12-23T06:35:11.755+0700] {local_task_job_runner.py:123} INFO - ::group::Pre task execution logs
[2024-12-23T06:35:11.783+0700] {taskinstance.py:2613} INFO - Dependencies all met for dep_context=non-requeueable deps ti=<TaskInstance: news_pipeline.fetch_news manual__2024-12-22T23:34:38.515677+00:00 [queued]>
[2024-12-23T06:35:11.805+0700] {taskinstance.py:2613} INFO - Dependencies all met for dep_context=requeueable deps ti=<TaskInstance: news_pipeline.fetch_news manual__2024-12-22T23:34:38.515677+00:00 [queued]>
[2024-12-23T06:35:11.808+0700] {taskinstance.py:2866} INFO - Starting attempt 1 of 2
[2024-12-23T06:35:11.861+0700] {taskinstance.py:2889} INFO - Executing <Task(PythonOperator): fetch_news> on 2024-12-22 23:34:38.515677+00:00
[2024-12-23T06:35:11.870+0700] {standard_task_runner.py:72} INFO - Started process 8575 to run task
[2024-12-23T06:35:11.873+0700] {standard_task_runner.py:104} INFO - Running: ['airflow', 'tasks', 'run', 'news_pipeline', 'fetch_news', 'manual__2024-12-22T23:34:38.515677+00:00', '--job-id', '14', '--raw', '--subdir', 'DAGS_FOLDER/news_pipeline.py', '--cfg-path', '/tmp/tmpb8jit3es']
[2024-12-23T06:35:11.877+0700] {standard_task_runner.py:105} INFO - Job 14: Subtask fetch_news
[2024-12-23T06:35:12.010+0700] {task_command.py:467} INFO - Running <TaskInstance: news_pipeline.fetch_news manual__2024-12-22T23:34:38.515677+00:00 [running]> on host LAPTOP-N2PIKQNV.
[2024-12-23T06:35:12.160+0700] {taskinstance.py:3132} INFO - Exporting env vars: AIRFLOW_CTX_DAG_OWNER='airflow' AIRFLOW_CTX_DAG_ID='news_pipeline' AIRFLOW_CTX_TASK_ID='fetch_news' AIRFLOW_CTX_EXECUTION_DATE='2024-12-22T23:34:38.515677+00:00' AIRFLOW_CTX_TRY_NUMBER='1' AIRFLOW_CTX_DAG_RUN_ID='manual__2024-12-22T23:34:38.515677+00:00'
[2024-12-23T06:35:12.166+0700] {logging_mixin.py:190} INFO - Task instance is in running state
[2024-12-23T06:35:12.170+0700] {logging_mixin.py:190} INFO -  Previous state of the Task instance: queued
[2024-12-23T06:35:12.173+0700] {logging_mixin.py:190} INFO - Current task name:fetch_news state:running start_date:2024-12-22 23:35:11.786094+00:00
[2024-12-23T06:35:12.176+0700] {logging_mixin.py:190} INFO - Dag name:news_pipeline and current dag run status:running
[2024-12-23T06:35:12.179+0700] {taskinstance.py:731} INFO - ::endgroup::
[2024-12-23T06:35:13.782+0700] {python.py:240} INFO - Done. Returned value was: None
[2024-12-23T06:35:13.799+0700] {taskinstance.py:340} INFO - ::group::Post task execution logs
[2024-12-23T06:35:13.801+0700] {taskinstance.py:352} INFO - Marking task as SUCCESS. dag_id=news_pipeline, task_id=fetch_news, run_id=manual__2024-12-22T23:34:38.515677+00:00, execution_date=20241222T233438, start_date=20241222T233511, end_date=20241222T233513
[2024-12-23T06:35:13.838+0700] {logging_mixin.py:190} INFO - Task instance in success state
[2024-12-23T06:35:13.840+0700] {logging_mixin.py:190} INFO -  Previous state of the Task instance: running
[2024-12-23T06:35:13.841+0700] {logging_mixin.py:190} INFO - Dag name:news_pipeline queued_at:2024-12-22 23:34:38.590358+00:00
[2024-12-23T06:35:13.843+0700] {logging_mixin.py:190} INFO - Task hostname:LAPTOP-N2PIKQNV. operator:PythonOperator
[2024-12-23T06:35:13.882+0700] {local_task_job_runner.py:266} INFO - Task exited with return code 0
[2024-12-23T06:35:13.928+0700] {taskinstance.py:3895} INFO - 1 downstream tasks scheduled from follow-on schedule check
[2024-12-23T06:35:13.942+0700] {local_task_job_runner.py:245} INFO - ::endgroup::
