[2024-12-23T06:36:09.082+0700] {local_task_job_runner.py:123} INFO - ::group::Pre task execution logs
[2024-12-23T06:36:09.097+0700] {local_task_job_runner.py:123} INFO - ::group::Pre task execution logs
[2024-12-23T06:36:09.108+0700] {taskinstance.py:2613} INFO - Dependencies all met for dep_context=non-requeueable deps ti=<TaskInstance: news_pipeline.store_news manual__2024-12-22T23:34:38.515677+00:00 [queued]>
[2024-12-23T06:36:09.127+0700] {taskinstance.py:2613} INFO - Dependencies all met for dep_context=non-requeueable deps ti=<TaskInstance: news_pipeline.store_news manual__2024-12-22T23:34:38.515677+00:00 [queued]>
[2024-12-23T06:36:09.128+0700] {taskinstance.py:2613} INFO - Dependencies all met for dep_context=requeueable deps ti=<TaskInstance: news_pipeline.store_news manual__2024-12-22T23:34:38.515677+00:00 [queued]>
[2024-12-23T06:36:09.131+0700] {taskinstance.py:2866} INFO - Starting attempt 1 of 2
[2024-12-23T06:36:09.146+0700] {taskinstance.py:2613} INFO - Dependencies all met for dep_context=requeueable deps ti=<TaskInstance: news_pipeline.store_news manual__2024-12-22T23:34:38.515677+00:00 [queued]>
[2024-12-23T06:36:09.149+0700] {taskinstance.py:2866} INFO - Starting attempt 1 of 2
[2024-12-23T06:36:09.177+0700] {taskinstance.py:2889} INFO - Executing <Task(PythonOperator): store_news> on 2024-12-22 23:34:38.515677+00:00
[2024-12-23T06:36:09.183+0700] {standard_task_runner.py:72} INFO - Started process 8759 to run task
[2024-12-23T06:36:09.186+0700] {standard_task_runner.py:104} INFO - Running: ['airflow', 'tasks', 'run', 'news_pipeline', 'store_news', 'manual__2024-12-22T23:34:38.515677+00:00', '--job-id', '16', '--raw', '--subdir', 'DAGS_FOLDER/news_pipeline.py', '--cfg-path', '/tmp/tmp3awn3dll']
[2024-12-23T06:36:09.189+0700] {standard_task_runner.py:105} INFO - Job 16: Subtask store_news
[2024-12-23T06:36:09.218+0700] {taskinstance.py:2889} INFO - Executing <Task(PythonOperator): store_news> on 2024-12-22 23:34:38.515677+00:00
[2024-12-23T06:36:09.225+0700] {standard_task_runner.py:72} INFO - Started process 8761 to run task
[2024-12-23T06:36:09.228+0700] {standard_task_runner.py:104} INFO - Running: ['airflow', 'tasks', 'run', 'news_pipeline', 'store_news', 'manual__2024-12-22T23:34:38.515677+00:00', '--job-id', '17', '--raw', '--subdir', 'DAGS_FOLDER/news_pipeline.py', '--cfg-path', '/tmp/tmpsc15mf9r']
[2024-12-23T06:36:09.231+0700] {standard_task_runner.py:105} INFO - Job 17: Subtask store_news
[2024-12-23T06:36:09.319+0700] {task_command.py:467} INFO - Running <TaskInstance: news_pipeline.store_news manual__2024-12-22T23:34:38.515677+00:00 [running]> on host LAPTOP-N2PIKQNV.
[2024-12-23T06:36:09.346+0700] {task_command.py:467} INFO - Running <TaskInstance: news_pipeline.store_news manual__2024-12-22T23:34:38.515677+00:00 [running]> on host LAPTOP-N2PIKQNV.
[2024-12-23T06:36:09.479+0700] {taskinstance.py:3132} INFO - Exporting env vars: AIRFLOW_CTX_DAG_OWNER='airflow' AIRFLOW_CTX_DAG_ID='news_pipeline' AIRFLOW_CTX_TASK_ID='store_news' AIRFLOW_CTX_EXECUTION_DATE='2024-12-22T23:34:38.515677+00:00' AIRFLOW_CTX_TRY_NUMBER='1' AIRFLOW_CTX_DAG_RUN_ID='manual__2024-12-22T23:34:38.515677+00:00'
[2024-12-23T06:36:09.482+0700] {logging_mixin.py:190} INFO - Task instance is in running state
[2024-12-23T06:36:09.485+0700] {logging_mixin.py:190} INFO -  Previous state of the Task instance: queued
[2024-12-23T06:36:09.487+0700] {logging_mixin.py:190} INFO - Current task name:store_news state:running start_date:2024-12-22 23:36:09.129445+00:00
[2024-12-23T06:36:09.489+0700] {logging_mixin.py:190} INFO - Dag name:news_pipeline and current dag run status:running
[2024-12-23T06:36:09.491+0700] {taskinstance.py:731} INFO - ::endgroup::
[2024-12-23T06:36:09.505+0700] {taskinstance.py:3132} INFO - Exporting env vars: AIRFLOW_CTX_DAG_OWNER='airflow' AIRFLOW_CTX_DAG_ID='news_pipeline' AIRFLOW_CTX_TASK_ID='store_news' AIRFLOW_CTX_EXECUTION_DATE='2024-12-22T23:34:38.515677+00:00' AIRFLOW_CTX_TRY_NUMBER='1' AIRFLOW_CTX_DAG_RUN_ID='manual__2024-12-22T23:34:38.515677+00:00'
[2024-12-23T06:36:09.509+0700] {logging_mixin.py:190} INFO - Task instance is in running state
[2024-12-23T06:36:09.512+0700] {logging_mixin.py:190} INFO -  Previous state of the Task instance: queued
[2024-12-23T06:36:09.514+0700] {logging_mixin.py:190} INFO - Current task name:store_news state:running start_date:2024-12-22 23:36:09.129445+00:00
[2024-12-23T06:36:09.517+0700] {logging_mixin.py:190} INFO - Dag name:news_pipeline and current dag run status:running
[2024-12-23T06:36:09.519+0700] {taskinstance.py:731} INFO - ::endgroup::
[2024-12-23T06:36:09.566+0700] {python.py:240} INFO - Done. Returned value was: None
[2024-12-23T06:36:09.588+0700] {taskinstance.py:340} INFO - ::group::Post task execution logs
[2024-12-23T06:36:09.591+0700] {taskinstance.py:352} INFO - Marking task as SUCCESS. dag_id=news_pipeline, task_id=store_news, run_id=manual__2024-12-22T23:34:38.515677+00:00, execution_date=20241222T233438, start_date=20241222T233609, end_date=20241222T233609
[2024-12-23T06:36:09.633+0700] {python.py:240} INFO - Done. Returned value was: None
[2024-12-23T06:36:09.639+0700] {logging_mixin.py:190} INFO - Task instance in success state
[2024-12-23T06:36:09.642+0700] {logging_mixin.py:190} INFO -  Previous state of the Task instance: running
[2024-12-23T06:36:09.644+0700] {logging_mixin.py:190} INFO - Dag name:news_pipeline queued_at:2024-12-22 23:34:38.590358+00:00
[2024-12-23T06:36:09.647+0700] {logging_mixin.py:190} INFO - Task hostname:LAPTOP-N2PIKQNV. operator:PythonOperator
[2024-12-23T06:36:09.657+0700] {taskinstance.py:340} INFO - ::group::Post task execution logs
[2024-12-23T06:36:09.661+0700] {taskinstance.py:352} INFO - Marking task as SUCCESS. dag_id=news_pipeline, task_id=store_news, run_id=manual__2024-12-22T23:34:38.515677+00:00, execution_date=20241222T233438, start_date=20241222T233609, end_date=20241222T233609
[2024-12-23T06:36:09.670+0700] {local_task_job_runner.py:266} INFO - Task exited with return code 0
[2024-12-23T06:36:09.710+0700] {logging_mixin.py:190} INFO - Task instance in success state
[2024-12-23T06:36:09.713+0700] {logging_mixin.py:190} INFO -  Previous state of the Task instance: running
[2024-12-23T06:36:09.715+0700] {taskinstance.py:3895} INFO - 0 downstream tasks scheduled from follow-on schedule check
[2024-12-23T06:36:09.717+0700] {logging_mixin.py:190} INFO - Dag name:news_pipeline queued_at:2024-12-22 23:34:38.590358+00:00
[2024-12-23T06:36:09.720+0700] {logging_mixin.py:190} INFO - Task hostname:LAPTOP-N2PIKQNV. operator:PythonOperator
[2024-12-23T06:36:09.720+0700] {local_task_job_runner.py:245} INFO - ::endgroup::
[2024-12-23T06:36:09.751+0700] {local_task_job_runner.py:266} INFO - Task exited with return code 0
[2024-12-23T06:36:09.793+0700] {taskinstance.py:3895} INFO - 0 downstream tasks scheduled from follow-on schedule check
[2024-12-23T06:36:09.799+0700] {local_task_job_runner.py:245} INFO - ::endgroup::
