[2024-12-23T06:09:50.183+0700] {local_task_job_runner.py:123} INFO - ::group::Pre task execution logs
[2024-12-23T06:09:50.214+0700] {taskinstance.py:2613} INFO - Dependencies all met for dep_context=non-requeueable deps ti=<TaskInstance: news_pipeline.fetch_news scheduled__2024-12-22T22:00:00+00:00 [queued]>
[2024-12-23T06:09:50.237+0700] {taskinstance.py:2613} INFO - Dependencies all met for dep_context=requeueable deps ti=<TaskInstance: news_pipeline.fetch_news scheduled__2024-12-22T22:00:00+00:00 [queued]>
[2024-12-23T06:09:50.240+0700] {taskinstance.py:2866} INFO - Starting attempt 1 of 2
[2024-12-23T06:09:50.293+0700] {taskinstance.py:2889} INFO - Executing <Task(PythonOperator): fetch_news> on 2024-12-22 22:00:00+00:00
[2024-12-23T06:09:50.303+0700] {standard_task_runner.py:72} INFO - Started process 4255 to run task
[2024-12-23T06:09:50.306+0700] {standard_task_runner.py:104} INFO - Running: ['airflow', 'tasks', 'run', 'news_pipeline', 'fetch_news', 'scheduled__2024-12-22T22:00:00+00:00', '--job-id', '6', '--raw', '--subdir', 'DAGS_FOLDER/news_pipeline.py', '--cfg-path', '/tmp/tmp3yxrfjkz']
[2024-12-23T06:09:50.310+0700] {standard_task_runner.py:105} INFO - Job 6: Subtask fetch_news
[2024-12-23T06:09:50.442+0700] {task_command.py:467} INFO - Running <TaskInstance: news_pipeline.fetch_news scheduled__2024-12-22T22:00:00+00:00 [running]> on host LAPTOP-N2PIKQNV.
[2024-12-23T06:09:50.625+0700] {taskinstance.py:3132} INFO - Exporting env vars: AIRFLOW_CTX_DAG_OWNER='airflow' AIRFLOW_CTX_DAG_ID='news_pipeline' AIRFLOW_CTX_TASK_ID='fetch_news' AIRFLOW_CTX_EXECUTION_DATE='2024-12-22T22:00:00+00:00' AIRFLOW_CTX_TRY_NUMBER='1' AIRFLOW_CTX_DAG_RUN_ID='scheduled__2024-12-22T22:00:00+00:00'
[2024-12-23T06:09:50.629+0700] {logging_mixin.py:190} INFO - Task instance is in running state
[2024-12-23T06:09:50.632+0700] {logging_mixin.py:190} INFO -  Previous state of the Task instance: queued
[2024-12-23T06:09:50.635+0700] {logging_mixin.py:190} INFO - Current task name:fetch_news state:running start_date:2024-12-22 23:09:50.217474+00:00
[2024-12-23T06:09:50.638+0700] {logging_mixin.py:190} INFO - Dag name:news_pipeline and current dag run status:running
[2024-12-23T06:09:50.640+0700] {taskinstance.py:731} INFO - ::endgroup::
[2024-12-23T06:09:52.184+0700] {python.py:240} INFO - Done. Returned value was: None
[2024-12-23T06:09:52.206+0700] {taskinstance.py:340} INFO - ::group::Post task execution logs
[2024-12-23T06:09:52.210+0700] {taskinstance.py:352} INFO - Marking task as SUCCESS. dag_id=news_pipeline, task_id=fetch_news, run_id=scheduled__2024-12-22T22:00:00+00:00, execution_date=20241222T220000, start_date=20241222T230950, end_date=20241222T230952
[2024-12-23T06:09:52.260+0700] {logging_mixin.py:190} INFO - Task instance in success state
[2024-12-23T06:09:52.263+0700] {logging_mixin.py:190} INFO -  Previous state of the Task instance: running
[2024-12-23T06:09:52.266+0700] {logging_mixin.py:190} INFO - Dag name:news_pipeline queued_at:2024-12-22 23:09:15.705556+00:00
[2024-12-23T06:09:52.269+0700] {logging_mixin.py:190} INFO - Task hostname:LAPTOP-N2PIKQNV. operator:PythonOperator
[2024-12-23T06:09:52.313+0700] {local_task_job_runner.py:266} INFO - Task exited with return code 0
[2024-12-23T06:09:52.366+0700] {taskinstance.py:3895} INFO - 1 downstream tasks scheduled from follow-on schedule check
[2024-12-23T06:09:52.382+0700] {local_task_job_runner.py:245} INFO - ::endgroup::
