[2024-12-23T05:44:02.007+0700] {processor.py:186} INFO - Started process (PID=1327) to work on /mnt/d/Project/airflow-news/venv/lib/python3.12/site-packages/airflow/example_dags/plugins/event_listener.py
[2024-12-23T05:44:02.009+0700] {processor.py:914} INFO - Processing file /mnt/d/Project/airflow-news/venv/lib/python3.12/site-packages/airflow/example_dags/plugins/event_listener.py for tasks to queue
[2024-12-23T05:44:02.015+0700] {logging_mixin.py:190} INFO - [2024-12-23T05:44:02.013+0700] {dagbag.py:588} INFO - Filling up the DagBag from /mnt/d/Project/airflow-news/venv/lib/python3.12/site-packages/airflow/example_dags/plugins/event_listener.py
[2024-12-23T05:44:02.049+0700] {processor.py:927} WARNING - No viable dags retrieved from /mnt/d/Project/airflow-news/venv/lib/python3.12/site-packages/airflow/example_dags/plugins/event_listener.py
[2024-12-23T05:44:02.082+0700] {processor.py:208} INFO - Processing /mnt/d/Project/airflow-news/venv/lib/python3.12/site-packages/airflow/example_dags/plugins/event_listener.py took 0.090 seconds
[2024-12-23T05:51:53.822+0700] {processor.py:186} INFO - Started process (PID=1630) to work on /mnt/d/Project/airflow-news/venv/lib/python3.12/site-packages/airflow/example_dags/plugins/event_listener.py
[2024-12-23T05:51:53.824+0700] {processor.py:914} INFO - Processing file /mnt/d/Project/airflow-news/venv/lib/python3.12/site-packages/airflow/example_dags/plugins/event_listener.py for tasks to queue
[2024-12-23T05:51:53.829+0700] {logging_mixin.py:190} INFO - [2024-12-23T05:51:53.827+0700] {dagbag.py:588} INFO - Filling up the DagBag from /mnt/d/Project/airflow-news/venv/lib/python3.12/site-packages/airflow/example_dags/plugins/event_listener.py
[2024-12-23T05:51:53.857+0700] {processor.py:927} WARNING - No viable dags retrieved from /mnt/d/Project/airflow-news/venv/lib/python3.12/site-packages/airflow/example_dags/plugins/event_listener.py
[2024-12-23T05:51:53.884+0700] {processor.py:208} INFO - Processing /mnt/d/Project/airflow-news/venv/lib/python3.12/site-packages/airflow/example_dags/plugins/event_listener.py took 0.076 seconds
[2024-12-23T05:53:00.253+0700] {processor.py:186} INFO - Started process (PID=1736) to work on /mnt/d/Project/airflow-news/venv/lib/python3.12/site-packages/airflow/example_dags/plugins/event_listener.py
[2024-12-23T05:53:00.256+0700] {processor.py:914} INFO - Processing file /mnt/d/Project/airflow-news/venv/lib/python3.12/site-packages/airflow/example_dags/plugins/event_listener.py for tasks to queue
[2024-12-23T05:53:00.261+0700] {logging_mixin.py:190} INFO - [2024-12-23T05:53:00.260+0700] {dagbag.py:588} INFO - Filling up the DagBag from /mnt/d/Project/airflow-news/venv/lib/python3.12/site-packages/airflow/example_dags/plugins/event_listener.py
[2024-12-23T05:53:00.297+0700] {processor.py:927} WARNING - No viable dags retrieved from /mnt/d/Project/airflow-news/venv/lib/python3.12/site-packages/airflow/example_dags/plugins/event_listener.py
[2024-12-23T05:53:00.324+0700] {processor.py:208} INFO - Processing /mnt/d/Project/airflow-news/venv/lib/python3.12/site-packages/airflow/example_dags/plugins/event_listener.py took 0.088 seconds
[2024-12-23T05:54:47.424+0700] {processor.py:186} INFO - Started process (PID=2009) to work on /mnt/d/Project/airflow-news/venv/lib/python3.12/site-packages/airflow/example_dags/plugins/event_listener.py
[2024-12-23T05:54:47.427+0700] {processor.py:914} INFO - Processing file /mnt/d/Project/airflow-news/venv/lib/python3.12/site-packages/airflow/example_dags/plugins/event_listener.py for tasks to queue
[2024-12-23T05:54:47.432+0700] {logging_mixin.py:190} INFO - [2024-12-23T05:54:47.431+0700] {dagbag.py:588} INFO - Filling up the DagBag from /mnt/d/Project/airflow-news/venv/lib/python3.12/site-packages/airflow/example_dags/plugins/event_listener.py
[2024-12-23T05:54:47.467+0700] {processor.py:927} WARNING - No viable dags retrieved from /mnt/d/Project/airflow-news/venv/lib/python3.12/site-packages/airflow/example_dags/plugins/event_listener.py
[2024-12-23T05:54:47.504+0700] {processor.py:208} INFO - Processing /mnt/d/Project/airflow-news/venv/lib/python3.12/site-packages/airflow/example_dags/plugins/event_listener.py took 0.099 seconds
[2024-12-23T05:55:49.163+0700] {processor.py:186} INFO - Started process (PID=2182) to work on /mnt/d/Project/airflow-news/venv/lib/python3.12/site-packages/airflow/example_dags/plugins/event_listener.py
[2024-12-23T05:55:49.166+0700] {processor.py:914} INFO - Processing file /mnt/d/Project/airflow-news/venv/lib/python3.12/site-packages/airflow/example_dags/plugins/event_listener.py for tasks to queue
[2024-12-23T05:55:49.171+0700] {logging_mixin.py:190} INFO - [2024-12-23T05:55:49.169+0700] {dagbag.py:588} INFO - Filling up the DagBag from /mnt/d/Project/airflow-news/venv/lib/python3.12/site-packages/airflow/example_dags/plugins/event_listener.py
[2024-12-23T05:55:49.203+0700] {processor.py:927} WARNING - No viable dags retrieved from /mnt/d/Project/airflow-news/venv/lib/python3.12/site-packages/airflow/example_dags/plugins/event_listener.py
[2024-12-23T05:55:49.233+0700] {processor.py:208} INFO - Processing /mnt/d/Project/airflow-news/venv/lib/python3.12/site-packages/airflow/example_dags/plugins/event_listener.py took 0.086 seconds
[2024-12-23T05:56:31.170+0700] {processor.py:186} INFO - Started process (PID=2254) to work on /mnt/d/Project/airflow-news/venv/lib/python3.12/site-packages/airflow/example_dags/plugins/event_listener.py
[2024-12-23T05:56:31.172+0700] {processor.py:914} INFO - Processing file /mnt/d/Project/airflow-news/venv/lib/python3.12/site-packages/airflow/example_dags/plugins/event_listener.py for tasks to queue
[2024-12-23T05:56:31.177+0700] {logging_mixin.py:190} INFO - [2024-12-23T05:56:31.175+0700] {dagbag.py:588} INFO - Filling up the DagBag from /mnt/d/Project/airflow-news/venv/lib/python3.12/site-packages/airflow/example_dags/plugins/event_listener.py
[2024-12-23T05:56:31.207+0700] {processor.py:927} WARNING - No viable dags retrieved from /mnt/d/Project/airflow-news/venv/lib/python3.12/site-packages/airflow/example_dags/plugins/event_listener.py
[2024-12-23T05:56:31.232+0700] {processor.py:208} INFO - Processing /mnt/d/Project/airflow-news/venv/lib/python3.12/site-packages/airflow/example_dags/plugins/event_listener.py took 0.077 seconds
[2024-12-23T05:57:23.335+0700] {processor.py:186} INFO - Started process (PID=2349) to work on /mnt/d/Project/airflow-news/venv/lib/python3.12/site-packages/airflow/example_dags/plugins/event_listener.py
[2024-12-23T05:57:23.337+0700] {processor.py:914} INFO - Processing file /mnt/d/Project/airflow-news/venv/lib/python3.12/site-packages/airflow/example_dags/plugins/event_listener.py for tasks to queue
[2024-12-23T05:57:23.342+0700] {logging_mixin.py:190} INFO - [2024-12-23T05:57:23.340+0700] {dagbag.py:588} INFO - Filling up the DagBag from /mnt/d/Project/airflow-news/venv/lib/python3.12/site-packages/airflow/example_dags/plugins/event_listener.py
[2024-12-23T05:57:23.372+0700] {processor.py:927} WARNING - No viable dags retrieved from /mnt/d/Project/airflow-news/venv/lib/python3.12/site-packages/airflow/example_dags/plugins/event_listener.py
[2024-12-23T05:57:23.397+0700] {processor.py:208} INFO - Processing /mnt/d/Project/airflow-news/venv/lib/python3.12/site-packages/airflow/example_dags/plugins/event_listener.py took 0.077 seconds
[2024-12-23T05:58:10.152+0700] {processor.py:186} INFO - Started process (PID=2488) to work on /mnt/d/Project/airflow-news/venv/lib/python3.12/site-packages/airflow/example_dags/plugins/event_listener.py
[2024-12-23T05:58:10.155+0700] {processor.py:914} INFO - Processing file /mnt/d/Project/airflow-news/venv/lib/python3.12/site-packages/airflow/example_dags/plugins/event_listener.py for tasks to queue
[2024-12-23T05:58:10.160+0700] {logging_mixin.py:190} INFO - [2024-12-23T05:58:10.159+0700] {dagbag.py:588} INFO - Filling up the DagBag from /mnt/d/Project/airflow-news/venv/lib/python3.12/site-packages/airflow/example_dags/plugins/event_listener.py
[2024-12-23T05:58:10.198+0700] {processor.py:927} WARNING - No viable dags retrieved from /mnt/d/Project/airflow-news/venv/lib/python3.12/site-packages/airflow/example_dags/plugins/event_listener.py
[2024-12-23T05:58:10.238+0700] {processor.py:208} INFO - Processing /mnt/d/Project/airflow-news/venv/lib/python3.12/site-packages/airflow/example_dags/plugins/event_listener.py took 0.114 seconds
[2024-12-23T05:58:38.724+0700] {processor.py:186} INFO - Started process (PID=2542) to work on /mnt/d/Project/airflow-news/venv/lib/python3.12/site-packages/airflow/example_dags/plugins/event_listener.py
[2024-12-23T05:58:38.727+0700] {processor.py:914} INFO - Processing file /mnt/d/Project/airflow-news/venv/lib/python3.12/site-packages/airflow/example_dags/plugins/event_listener.py for tasks to queue
[2024-12-23T05:58:38.733+0700] {logging_mixin.py:190} INFO - [2024-12-23T05:58:38.731+0700] {dagbag.py:588} INFO - Filling up the DagBag from /mnt/d/Project/airflow-news/venv/lib/python3.12/site-packages/airflow/example_dags/plugins/event_listener.py
[2024-12-23T05:58:38.766+0700] {processor.py:927} WARNING - No viable dags retrieved from /mnt/d/Project/airflow-news/venv/lib/python3.12/site-packages/airflow/example_dags/plugins/event_listener.py
[2024-12-23T05:58:38.800+0700] {processor.py:208} INFO - Processing /mnt/d/Project/airflow-news/venv/lib/python3.12/site-packages/airflow/example_dags/plugins/event_listener.py took 0.091 seconds
[2024-12-23T05:59:00.344+0700] {processor.py:186} INFO - Started process (PID=2589) to work on /mnt/d/Project/airflow-news/venv/lib/python3.12/site-packages/airflow/example_dags/plugins/event_listener.py
[2024-12-23T05:59:00.347+0700] {processor.py:914} INFO - Processing file /mnt/d/Project/airflow-news/venv/lib/python3.12/site-packages/airflow/example_dags/plugins/event_listener.py for tasks to queue
[2024-12-23T05:59:00.352+0700] {logging_mixin.py:190} INFO - [2024-12-23T05:59:00.350+0700] {dagbag.py:588} INFO - Filling up the DagBag from /mnt/d/Project/airflow-news/venv/lib/python3.12/site-packages/airflow/example_dags/plugins/event_listener.py
[2024-12-23T05:59:00.385+0700] {processor.py:927} WARNING - No viable dags retrieved from /mnt/d/Project/airflow-news/venv/lib/python3.12/site-packages/airflow/example_dags/plugins/event_listener.py
[2024-12-23T05:59:00.424+0700] {processor.py:208} INFO - Processing /mnt/d/Project/airflow-news/venv/lib/python3.12/site-packages/airflow/example_dags/plugins/event_listener.py took 0.096 seconds
[2024-12-23T05:59:48.900+0700] {processor.py:186} INFO - Started process (PID=2734) to work on /mnt/d/Project/airflow-news/venv/lib/python3.12/site-packages/airflow/example_dags/plugins/event_listener.py
[2024-12-23T05:59:48.906+0700] {processor.py:914} INFO - Processing file /mnt/d/Project/airflow-news/venv/lib/python3.12/site-packages/airflow/example_dags/plugins/event_listener.py for tasks to queue
[2024-12-23T05:59:48.916+0700] {logging_mixin.py:190} INFO - [2024-12-23T05:59:48.913+0700] {dagbag.py:588} INFO - Filling up the DagBag from /mnt/d/Project/airflow-news/venv/lib/python3.12/site-packages/airflow/example_dags/plugins/event_listener.py
[2024-12-23T05:59:48.977+0700] {processor.py:927} WARNING - No viable dags retrieved from /mnt/d/Project/airflow-news/venv/lib/python3.12/site-packages/airflow/example_dags/plugins/event_listener.py
[2024-12-23T05:59:49.028+0700] {processor.py:208} INFO - Processing /mnt/d/Project/airflow-news/venv/lib/python3.12/site-packages/airflow/example_dags/plugins/event_listener.py took 0.171 seconds
[2024-12-23T06:00:04.558+0700] {processor.py:186} INFO - Started process (PID=2771) to work on /mnt/d/Project/airflow-news/venv/lib/python3.12/site-packages/airflow/example_dags/plugins/event_listener.py
[2024-12-23T06:00:04.560+0700] {processor.py:914} INFO - Processing file /mnt/d/Project/airflow-news/venv/lib/python3.12/site-packages/airflow/example_dags/plugins/event_listener.py for tasks to queue
[2024-12-23T06:00:04.565+0700] {logging_mixin.py:190} INFO - [2024-12-23T06:00:04.564+0700] {dagbag.py:588} INFO - Filling up the DagBag from /mnt/d/Project/airflow-news/venv/lib/python3.12/site-packages/airflow/example_dags/plugins/event_listener.py
[2024-12-23T06:00:04.601+0700] {processor.py:927} WARNING - No viable dags retrieved from /mnt/d/Project/airflow-news/venv/lib/python3.12/site-packages/airflow/example_dags/plugins/event_listener.py
[2024-12-23T06:00:04.636+0700] {processor.py:208} INFO - Processing /mnt/d/Project/airflow-news/venv/lib/python3.12/site-packages/airflow/example_dags/plugins/event_listener.py took 0.095 seconds
[2024-12-23T06:00:43.836+0700] {processor.py:186} INFO - Started process (PID=2871) to work on /mnt/d/Project/airflow-news/venv/lib/python3.12/site-packages/airflow/example_dags/plugins/event_listener.py
[2024-12-23T06:00:43.839+0700] {processor.py:914} INFO - Processing file /mnt/d/Project/airflow-news/venv/lib/python3.12/site-packages/airflow/example_dags/plugins/event_listener.py for tasks to queue
[2024-12-23T06:00:43.844+0700] {logging_mixin.py:190} INFO - [2024-12-23T06:00:43.843+0700] {dagbag.py:588} INFO - Filling up the DagBag from /mnt/d/Project/airflow-news/venv/lib/python3.12/site-packages/airflow/example_dags/plugins/event_listener.py
[2024-12-23T06:00:43.874+0700] {processor.py:927} WARNING - No viable dags retrieved from /mnt/d/Project/airflow-news/venv/lib/python3.12/site-packages/airflow/example_dags/plugins/event_listener.py
[2024-12-23T06:00:43.910+0700] {processor.py:208} INFO - Processing /mnt/d/Project/airflow-news/venv/lib/python3.12/site-packages/airflow/example_dags/plugins/event_listener.py took 0.087 seconds
[2024-12-23T06:00:58.671+0700] {processor.py:186} INFO - Started process (PID=2911) to work on /mnt/d/Project/airflow-news/venv/lib/python3.12/site-packages/airflow/example_dags/plugins/event_listener.py
[2024-12-23T06:00:58.673+0700] {processor.py:914} INFO - Processing file /mnt/d/Project/airflow-news/venv/lib/python3.12/site-packages/airflow/example_dags/plugins/event_listener.py for tasks to queue
[2024-12-23T06:00:58.679+0700] {logging_mixin.py:190} INFO - [2024-12-23T06:00:58.677+0700] {dagbag.py:588} INFO - Filling up the DagBag from /mnt/d/Project/airflow-news/venv/lib/python3.12/site-packages/airflow/example_dags/plugins/event_listener.py
[2024-12-23T06:00:58.715+0700] {processor.py:927} WARNING - No viable dags retrieved from /mnt/d/Project/airflow-news/venv/lib/python3.12/site-packages/airflow/example_dags/plugins/event_listener.py
[2024-12-23T06:00:58.749+0700] {processor.py:208} INFO - Processing /mnt/d/Project/airflow-news/venv/lib/python3.12/site-packages/airflow/example_dags/plugins/event_listener.py took 0.096 seconds
[2024-12-23T06:01:46.061+0700] {processor.py:186} INFO - Started process (PID=3011) to work on /mnt/d/Project/airflow-news/venv/lib/python3.12/site-packages/airflow/example_dags/plugins/event_listener.py
[2024-12-23T06:01:46.064+0700] {processor.py:914} INFO - Processing file /mnt/d/Project/airflow-news/venv/lib/python3.12/site-packages/airflow/example_dags/plugins/event_listener.py for tasks to queue
[2024-12-23T06:01:46.071+0700] {logging_mixin.py:190} INFO - [2024-12-23T06:01:46.068+0700] {dagbag.py:588} INFO - Filling up the DagBag from /mnt/d/Project/airflow-news/venv/lib/python3.12/site-packages/airflow/example_dags/plugins/event_listener.py
[2024-12-23T06:01:46.106+0700] {processor.py:927} WARNING - No viable dags retrieved from /mnt/d/Project/airflow-news/venv/lib/python3.12/site-packages/airflow/example_dags/plugins/event_listener.py
[2024-12-23T06:01:46.137+0700] {processor.py:208} INFO - Processing /mnt/d/Project/airflow-news/venv/lib/python3.12/site-packages/airflow/example_dags/plugins/event_listener.py took 0.092 seconds
[2024-12-23T06:02:42.982+0700] {processor.py:186} INFO - Started process (PID=3118) to work on /mnt/d/Project/airflow-news/venv/lib/python3.12/site-packages/airflow/example_dags/plugins/event_listener.py
[2024-12-23T06:02:42.985+0700] {processor.py:914} INFO - Processing file /mnt/d/Project/airflow-news/venv/lib/python3.12/site-packages/airflow/example_dags/plugins/event_listener.py for tasks to queue
[2024-12-23T06:02:42.991+0700] {logging_mixin.py:190} INFO - [2024-12-23T06:02:42.989+0700] {dagbag.py:588} INFO - Filling up the DagBag from /mnt/d/Project/airflow-news/venv/lib/python3.12/site-packages/airflow/example_dags/plugins/event_listener.py
[2024-12-23T06:02:43.028+0700] {processor.py:927} WARNING - No viable dags retrieved from /mnt/d/Project/airflow-news/venv/lib/python3.12/site-packages/airflow/example_dags/plugins/event_listener.py
[2024-12-23T06:02:43.070+0700] {processor.py:208} INFO - Processing /mnt/d/Project/airflow-news/venv/lib/python3.12/site-packages/airflow/example_dags/plugins/event_listener.py took 0.111 seconds
[2024-12-23T06:04:00.238+0700] {processor.py:186} INFO - Started process (PID=3353) to work on /mnt/d/Project/airflow-news/venv/lib/python3.12/site-packages/airflow/example_dags/plugins/event_listener.py
[2024-12-23T06:04:00.241+0700] {processor.py:914} INFO - Processing file /mnt/d/Project/airflow-news/venv/lib/python3.12/site-packages/airflow/example_dags/plugins/event_listener.py for tasks to queue
[2024-12-23T06:04:00.247+0700] {logging_mixin.py:190} INFO - [2024-12-23T06:04:00.245+0700] {dagbag.py:588} INFO - Filling up the DagBag from /mnt/d/Project/airflow-news/venv/lib/python3.12/site-packages/airflow/example_dags/plugins/event_listener.py
[2024-12-23T06:04:00.285+0700] {processor.py:927} WARNING - No viable dags retrieved from /mnt/d/Project/airflow-news/venv/lib/python3.12/site-packages/airflow/example_dags/plugins/event_listener.py
[2024-12-23T06:04:00.313+0700] {processor.py:208} INFO - Processing /mnt/d/Project/airflow-news/venv/lib/python3.12/site-packages/airflow/example_dags/plugins/event_listener.py took 0.104 seconds
[2024-12-23T06:05:03.431+0700] {processor.py:186} INFO - Started process (PID=3472) to work on /mnt/d/Project/airflow-news/venv/lib/python3.12/site-packages/airflow/example_dags/plugins/event_listener.py
[2024-12-23T06:05:03.433+0700] {processor.py:914} INFO - Processing file /mnt/d/Project/airflow-news/venv/lib/python3.12/site-packages/airflow/example_dags/plugins/event_listener.py for tasks to queue
[2024-12-23T06:05:03.438+0700] {logging_mixin.py:190} INFO - [2024-12-23T06:05:03.436+0700] {dagbag.py:588} INFO - Filling up the DagBag from /mnt/d/Project/airflow-news/venv/lib/python3.12/site-packages/airflow/example_dags/plugins/event_listener.py
[2024-12-23T06:05:03.468+0700] {processor.py:927} WARNING - No viable dags retrieved from /mnt/d/Project/airflow-news/venv/lib/python3.12/site-packages/airflow/example_dags/plugins/event_listener.py
[2024-12-23T06:05:03.496+0700] {processor.py:208} INFO - Processing /mnt/d/Project/airflow-news/venv/lib/python3.12/site-packages/airflow/example_dags/plugins/event_listener.py took 0.092 seconds
[2024-12-23T06:06:02.528+0700] {processor.py:186} INFO - Started process (PID=3632) to work on /mnt/d/Project/airflow-news/venv/lib/python3.12/site-packages/airflow/example_dags/plugins/event_listener.py
[2024-12-23T06:06:02.530+0700] {processor.py:914} INFO - Processing file /mnt/d/Project/airflow-news/venv/lib/python3.12/site-packages/airflow/example_dags/plugins/event_listener.py for tasks to queue
[2024-12-23T06:06:02.537+0700] {logging_mixin.py:190} INFO - [2024-12-23T06:06:02.535+0700] {dagbag.py:588} INFO - Filling up the DagBag from /mnt/d/Project/airflow-news/venv/lib/python3.12/site-packages/airflow/example_dags/plugins/event_listener.py
[2024-12-23T06:06:02.576+0700] {processor.py:927} WARNING - No viable dags retrieved from /mnt/d/Project/airflow-news/venv/lib/python3.12/site-packages/airflow/example_dags/plugins/event_listener.py
[2024-12-23T06:06:02.613+0700] {processor.py:208} INFO - Processing /mnt/d/Project/airflow-news/venv/lib/python3.12/site-packages/airflow/example_dags/plugins/event_listener.py took 0.113 seconds
[2024-12-23T06:06:49.148+0700] {processor.py:186} INFO - Started process (PID=3743) to work on /mnt/d/Project/airflow-news/venv/lib/python3.12/site-packages/airflow/example_dags/plugins/event_listener.py
[2024-12-23T06:06:49.151+0700] {processor.py:914} INFO - Processing file /mnt/d/Project/airflow-news/venv/lib/python3.12/site-packages/airflow/example_dags/plugins/event_listener.py for tasks to queue
[2024-12-23T06:06:49.156+0700] {logging_mixin.py:190} INFO - [2024-12-23T06:06:49.154+0700] {dagbag.py:588} INFO - Filling up the DagBag from /mnt/d/Project/airflow-news/venv/lib/python3.12/site-packages/airflow/example_dags/plugins/event_listener.py
[2024-12-23T06:06:49.190+0700] {processor.py:927} WARNING - No viable dags retrieved from /mnt/d/Project/airflow-news/venv/lib/python3.12/site-packages/airflow/example_dags/plugins/event_listener.py
[2024-12-23T06:06:49.223+0700] {processor.py:208} INFO - Processing /mnt/d/Project/airflow-news/venv/lib/python3.12/site-packages/airflow/example_dags/plugins/event_listener.py took 0.091 seconds
[2024-12-23T06:07:03.549+0700] {processor.py:186} INFO - Started process (PID=3777) to work on /mnt/d/Project/airflow-news/venv/lib/python3.12/site-packages/airflow/example_dags/plugins/event_listener.py
[2024-12-23T06:07:03.551+0700] {processor.py:914} INFO - Processing file /mnt/d/Project/airflow-news/venv/lib/python3.12/site-packages/airflow/example_dags/plugins/event_listener.py for tasks to queue
[2024-12-23T06:07:03.558+0700] {logging_mixin.py:190} INFO - [2024-12-23T06:07:03.556+0700] {dagbag.py:588} INFO - Filling up the DagBag from /mnt/d/Project/airflow-news/venv/lib/python3.12/site-packages/airflow/example_dags/plugins/event_listener.py
[2024-12-23T06:07:03.594+0700] {processor.py:927} WARNING - No viable dags retrieved from /mnt/d/Project/airflow-news/venv/lib/python3.12/site-packages/airflow/example_dags/plugins/event_listener.py
[2024-12-23T06:07:03.627+0700] {processor.py:208} INFO - Processing /mnt/d/Project/airflow-news/venv/lib/python3.12/site-packages/airflow/example_dags/plugins/event_listener.py took 0.103 seconds
[2024-12-23T06:08:03.194+0700] {processor.py:186} INFO - Started process (PID=3961) to work on /mnt/d/Project/airflow-news/venv/lib/python3.12/site-packages/airflow/example_dags/plugins/event_listener.py
[2024-12-23T06:08:03.197+0700] {processor.py:914} INFO - Processing file /mnt/d/Project/airflow-news/venv/lib/python3.12/site-packages/airflow/example_dags/plugins/event_listener.py for tasks to queue
[2024-12-23T06:08:03.205+0700] {logging_mixin.py:190} INFO - [2024-12-23T06:08:03.203+0700] {dagbag.py:588} INFO - Filling up the DagBag from /mnt/d/Project/airflow-news/venv/lib/python3.12/site-packages/airflow/example_dags/plugins/event_listener.py
[2024-12-23T06:08:03.231+0700] {processor.py:927} WARNING - No viable dags retrieved from /mnt/d/Project/airflow-news/venv/lib/python3.12/site-packages/airflow/example_dags/plugins/event_listener.py
[2024-12-23T06:08:03.273+0700] {processor.py:208} INFO - Processing /mnt/d/Project/airflow-news/venv/lib/python3.12/site-packages/airflow/example_dags/plugins/event_listener.py took 0.115 seconds
[2024-12-23T06:08:14.559+0700] {processor.py:186} INFO - Started process (PID=3986) to work on /mnt/d/Project/airflow-news/venv/lib/python3.12/site-packages/airflow/example_dags/plugins/event_listener.py
[2024-12-23T06:08:14.562+0700] {processor.py:914} INFO - Processing file /mnt/d/Project/airflow-news/venv/lib/python3.12/site-packages/airflow/example_dags/plugins/event_listener.py for tasks to queue
[2024-12-23T06:08:14.567+0700] {logging_mixin.py:190} INFO - [2024-12-23T06:08:14.565+0700] {dagbag.py:588} INFO - Filling up the DagBag from /mnt/d/Project/airflow-news/venv/lib/python3.12/site-packages/airflow/example_dags/plugins/event_listener.py
[2024-12-23T06:08:14.602+0700] {processor.py:927} WARNING - No viable dags retrieved from /mnt/d/Project/airflow-news/venv/lib/python3.12/site-packages/airflow/example_dags/plugins/event_listener.py
[2024-12-23T06:08:14.632+0700] {processor.py:208} INFO - Processing /mnt/d/Project/airflow-news/venv/lib/python3.12/site-packages/airflow/example_dags/plugins/event_listener.py took 0.090 seconds
[2024-12-23T06:09:02.230+0700] {processor.py:186} INFO - Started process (PID=4146) to work on /mnt/d/Project/airflow-news/venv/lib/python3.12/site-packages/airflow/example_dags/plugins/event_listener.py
[2024-12-23T06:09:02.232+0700] {processor.py:914} INFO - Processing file /mnt/d/Project/airflow-news/venv/lib/python3.12/site-packages/airflow/example_dags/plugins/event_listener.py for tasks to queue
[2024-12-23T06:09:02.238+0700] {logging_mixin.py:190} INFO - [2024-12-23T06:09:02.235+0700] {dagbag.py:588} INFO - Filling up the DagBag from /mnt/d/Project/airflow-news/venv/lib/python3.12/site-packages/airflow/example_dags/plugins/event_listener.py
[2024-12-23T06:09:02.268+0700] {processor.py:927} WARNING - No viable dags retrieved from /mnt/d/Project/airflow-news/venv/lib/python3.12/site-packages/airflow/example_dags/plugins/event_listener.py
[2024-12-23T06:09:02.305+0700] {processor.py:208} INFO - Processing /mnt/d/Project/airflow-news/venv/lib/python3.12/site-packages/airflow/example_dags/plugins/event_listener.py took 0.095 seconds
[2024-12-23T06:09:08.283+0700] {processor.py:186} INFO - Started process (PID=4160) to work on /mnt/d/Project/airflow-news/venv/lib/python3.12/site-packages/airflow/example_dags/plugins/event_listener.py
[2024-12-23T06:09:08.286+0700] {processor.py:914} INFO - Processing file /mnt/d/Project/airflow-news/venv/lib/python3.12/site-packages/airflow/example_dags/plugins/event_listener.py for tasks to queue
[2024-12-23T06:09:08.291+0700] {logging_mixin.py:190} INFO - [2024-12-23T06:09:08.289+0700] {dagbag.py:588} INFO - Filling up the DagBag from /mnt/d/Project/airflow-news/venv/lib/python3.12/site-packages/airflow/example_dags/plugins/event_listener.py
[2024-12-23T06:09:08.324+0700] {processor.py:927} WARNING - No viable dags retrieved from /mnt/d/Project/airflow-news/venv/lib/python3.12/site-packages/airflow/example_dags/plugins/event_listener.py
[2024-12-23T06:09:08.354+0700] {processor.py:208} INFO - Processing /mnt/d/Project/airflow-news/venv/lib/python3.12/site-packages/airflow/example_dags/plugins/event_listener.py took 0.088 seconds
[2024-12-23T06:11:00.894+0700] {processor.py:186} INFO - Started process (PID=4380) to work on /mnt/d/Project/airflow-news/venv/lib/python3.12/site-packages/airflow/example_dags/plugins/event_listener.py
[2024-12-23T06:11:00.897+0700] {processor.py:914} INFO - Processing file /mnt/d/Project/airflow-news/venv/lib/python3.12/site-packages/airflow/example_dags/plugins/event_listener.py for tasks to queue
[2024-12-23T06:11:00.901+0700] {logging_mixin.py:190} INFO - [2024-12-23T06:11:00.899+0700] {dagbag.py:588} INFO - Filling up the DagBag from /mnt/d/Project/airflow-news/venv/lib/python3.12/site-packages/airflow/example_dags/plugins/event_listener.py
[2024-12-23T06:11:00.936+0700] {processor.py:927} WARNING - No viable dags retrieved from /mnt/d/Project/airflow-news/venv/lib/python3.12/site-packages/airflow/example_dags/plugins/event_listener.py
[2024-12-23T06:11:00.966+0700] {processor.py:208} INFO - Processing /mnt/d/Project/airflow-news/venv/lib/python3.12/site-packages/airflow/example_dags/plugins/event_listener.py took 0.088 seconds
[2024-12-23T06:11:20.716+0700] {processor.py:186} INFO - Started process (PID=4439) to work on /mnt/d/Project/airflow-news/venv/lib/python3.12/site-packages/airflow/example_dags/plugins/event_listener.py
[2024-12-23T06:11:20.719+0700] {processor.py:914} INFO - Processing file /mnt/d/Project/airflow-news/venv/lib/python3.12/site-packages/airflow/example_dags/plugins/event_listener.py for tasks to queue
[2024-12-23T06:11:20.726+0700] {logging_mixin.py:190} INFO - [2024-12-23T06:11:20.724+0700] {dagbag.py:588} INFO - Filling up the DagBag from /mnt/d/Project/airflow-news/venv/lib/python3.12/site-packages/airflow/example_dags/plugins/event_listener.py
[2024-12-23T06:11:20.763+0700] {processor.py:927} WARNING - No viable dags retrieved from /mnt/d/Project/airflow-news/venv/lib/python3.12/site-packages/airflow/example_dags/plugins/event_listener.py
[2024-12-23T06:11:20.811+0700] {processor.py:208} INFO - Processing /mnt/d/Project/airflow-news/venv/lib/python3.12/site-packages/airflow/example_dags/plugins/event_listener.py took 0.125 seconds
[2024-12-23T06:12:23.151+0700] {processor.py:186} INFO - Started process (PID=4614) to work on /mnt/d/Project/airflow-news/venv/lib/python3.12/site-packages/airflow/example_dags/plugins/event_listener.py
[2024-12-23T06:12:23.154+0700] {processor.py:914} INFO - Processing file /mnt/d/Project/airflow-news/venv/lib/python3.12/site-packages/airflow/example_dags/plugins/event_listener.py for tasks to queue
[2024-12-23T06:12:23.159+0700] {logging_mixin.py:190} INFO - [2024-12-23T06:12:23.157+0700] {dagbag.py:588} INFO - Filling up the DagBag from /mnt/d/Project/airflow-news/venv/lib/python3.12/site-packages/airflow/example_dags/plugins/event_listener.py
[2024-12-23T06:12:23.194+0700] {processor.py:927} WARNING - No viable dags retrieved from /mnt/d/Project/airflow-news/venv/lib/python3.12/site-packages/airflow/example_dags/plugins/event_listener.py
[2024-12-23T06:12:23.227+0700] {processor.py:208} INFO - Processing /mnt/d/Project/airflow-news/venv/lib/python3.12/site-packages/airflow/example_dags/plugins/event_listener.py took 0.094 seconds
[2024-12-23T06:12:27.133+0700] {processor.py:186} INFO - Started process (PID=4620) to work on /mnt/d/Project/airflow-news/venv/lib/python3.12/site-packages/airflow/example_dags/plugins/event_listener.py
[2024-12-23T06:12:27.136+0700] {processor.py:914} INFO - Processing file /mnt/d/Project/airflow-news/venv/lib/python3.12/site-packages/airflow/example_dags/plugins/event_listener.py for tasks to queue
[2024-12-23T06:12:27.142+0700] {logging_mixin.py:190} INFO - [2024-12-23T06:12:27.140+0700] {dagbag.py:588} INFO - Filling up the DagBag from /mnt/d/Project/airflow-news/venv/lib/python3.12/site-packages/airflow/example_dags/plugins/event_listener.py
[2024-12-23T06:12:27.172+0700] {processor.py:927} WARNING - No viable dags retrieved from /mnt/d/Project/airflow-news/venv/lib/python3.12/site-packages/airflow/example_dags/plugins/event_listener.py
[2024-12-23T06:12:27.200+0700] {processor.py:208} INFO - Processing /mnt/d/Project/airflow-news/venv/lib/python3.12/site-packages/airflow/example_dags/plugins/event_listener.py took 0.087 seconds
[2024-12-23T06:13:12.861+0700] {processor.py:186} INFO - Started process (PID=4740) to work on /mnt/d/Project/airflow-news/venv/lib/python3.12/site-packages/airflow/example_dags/plugins/event_listener.py
[2024-12-23T06:13:12.863+0700] {processor.py:914} INFO - Processing file /mnt/d/Project/airflow-news/venv/lib/python3.12/site-packages/airflow/example_dags/plugins/event_listener.py for tasks to queue
[2024-12-23T06:13:12.867+0700] {logging_mixin.py:190} INFO - [2024-12-23T06:13:12.865+0700] {dagbag.py:588} INFO - Filling up the DagBag from /mnt/d/Project/airflow-news/venv/lib/python3.12/site-packages/airflow/example_dags/plugins/event_listener.py
[2024-12-23T06:13:12.893+0700] {processor.py:927} WARNING - No viable dags retrieved from /mnt/d/Project/airflow-news/venv/lib/python3.12/site-packages/airflow/example_dags/plugins/event_listener.py
[2024-12-23T06:13:12.919+0700] {processor.py:208} INFO - Processing /mnt/d/Project/airflow-news/venv/lib/python3.12/site-packages/airflow/example_dags/plugins/event_listener.py took 0.072 seconds
[2024-12-23T06:13:28.335+0700] {processor.py:186} INFO - Started process (PID=4795) to work on /mnt/d/Project/airflow-news/venv/lib/python3.12/site-packages/airflow/example_dags/plugins/event_listener.py
[2024-12-23T06:13:28.338+0700] {processor.py:914} INFO - Processing file /mnt/d/Project/airflow-news/venv/lib/python3.12/site-packages/airflow/example_dags/plugins/event_listener.py for tasks to queue
[2024-12-23T06:13:28.344+0700] {logging_mixin.py:190} INFO - [2024-12-23T06:13:28.342+0700] {dagbag.py:588} INFO - Filling up the DagBag from /mnt/d/Project/airflow-news/venv/lib/python3.12/site-packages/airflow/example_dags/plugins/event_listener.py
[2024-12-23T06:13:28.371+0700] {processor.py:927} WARNING - No viable dags retrieved from /mnt/d/Project/airflow-news/venv/lib/python3.12/site-packages/airflow/example_dags/plugins/event_listener.py
[2024-12-23T06:13:28.405+0700] {processor.py:208} INFO - Processing /mnt/d/Project/airflow-news/venv/lib/python3.12/site-packages/airflow/example_dags/plugins/event_listener.py took 0.092 seconds
[2024-12-23T06:13:59.923+0700] {processor.py:186} INFO - Started process (PID=4879) to work on /mnt/d/Project/airflow-news/venv/lib/python3.12/site-packages/airflow/example_dags/plugins/event_listener.py
[2024-12-23T06:13:59.925+0700] {processor.py:914} INFO - Processing file /mnt/d/Project/airflow-news/venv/lib/python3.12/site-packages/airflow/example_dags/plugins/event_listener.py for tasks to queue
[2024-12-23T06:13:59.929+0700] {logging_mixin.py:190} INFO - [2024-12-23T06:13:59.927+0700] {dagbag.py:588} INFO - Filling up the DagBag from /mnt/d/Project/airflow-news/venv/lib/python3.12/site-packages/airflow/example_dags/plugins/event_listener.py
[2024-12-23T06:13:59.961+0700] {processor.py:927} WARNING - No viable dags retrieved from /mnt/d/Project/airflow-news/venv/lib/python3.12/site-packages/airflow/example_dags/plugins/event_listener.py
[2024-12-23T06:13:59.992+0700] {processor.py:208} INFO - Processing /mnt/d/Project/airflow-news/venv/lib/python3.12/site-packages/airflow/example_dags/plugins/event_listener.py took 0.085 seconds
[2024-12-23T06:14:23.690+0700] {processor.py:186} INFO - Started process (PID=4960) to work on /mnt/d/Project/airflow-news/venv/lib/python3.12/site-packages/airflow/example_dags/plugins/event_listener.py
[2024-12-23T06:14:23.694+0700] {processor.py:914} INFO - Processing file /mnt/d/Project/airflow-news/venv/lib/python3.12/site-packages/airflow/example_dags/plugins/event_listener.py for tasks to queue
[2024-12-23T06:14:23.699+0700] {logging_mixin.py:190} INFO - [2024-12-23T06:14:23.697+0700] {dagbag.py:588} INFO - Filling up the DagBag from /mnt/d/Project/airflow-news/venv/lib/python3.12/site-packages/airflow/example_dags/plugins/event_listener.py
[2024-12-23T06:14:23.727+0700] {processor.py:927} WARNING - No viable dags retrieved from /mnt/d/Project/airflow-news/venv/lib/python3.12/site-packages/airflow/example_dags/plugins/event_listener.py
[2024-12-23T06:14:23.758+0700] {processor.py:208} INFO - Processing /mnt/d/Project/airflow-news/venv/lib/python3.12/site-packages/airflow/example_dags/plugins/event_listener.py took 0.089 seconds
[2024-12-23T06:14:48.813+0700] {processor.py:186} INFO - Started process (PID=5022) to work on /mnt/d/Project/airflow-news/venv/lib/python3.12/site-packages/airflow/example_dags/plugins/event_listener.py
[2024-12-23T06:14:48.816+0700] {processor.py:914} INFO - Processing file /mnt/d/Project/airflow-news/venv/lib/python3.12/site-packages/airflow/example_dags/plugins/event_listener.py for tasks to queue
[2024-12-23T06:14:48.819+0700] {logging_mixin.py:190} INFO - [2024-12-23T06:14:48.818+0700] {dagbag.py:588} INFO - Filling up the DagBag from /mnt/d/Project/airflow-news/venv/lib/python3.12/site-packages/airflow/example_dags/plugins/event_listener.py
[2024-12-23T06:14:48.852+0700] {processor.py:927} WARNING - No viable dags retrieved from /mnt/d/Project/airflow-news/venv/lib/python3.12/site-packages/airflow/example_dags/plugins/event_listener.py
[2024-12-23T06:14:48.882+0700] {processor.py:208} INFO - Processing /mnt/d/Project/airflow-news/venv/lib/python3.12/site-packages/airflow/example_dags/plugins/event_listener.py took 0.084 seconds
[2024-12-23T06:15:20.765+0700] {processor.py:186} INFO - Started process (PID=5125) to work on /mnt/d/Project/airflow-news/venv/lib/python3.12/site-packages/airflow/example_dags/plugins/event_listener.py
[2024-12-23T06:15:20.767+0700] {processor.py:914} INFO - Processing file /mnt/d/Project/airflow-news/venv/lib/python3.12/site-packages/airflow/example_dags/plugins/event_listener.py for tasks to queue
[2024-12-23T06:15:20.772+0700] {logging_mixin.py:190} INFO - [2024-12-23T06:15:20.771+0700] {dagbag.py:588} INFO - Filling up the DagBag from /mnt/d/Project/airflow-news/venv/lib/python3.12/site-packages/airflow/example_dags/plugins/event_listener.py
[2024-12-23T06:15:20.802+0700] {processor.py:927} WARNING - No viable dags retrieved from /mnt/d/Project/airflow-news/venv/lib/python3.12/site-packages/airflow/example_dags/plugins/event_listener.py
[2024-12-23T06:15:20.832+0700] {processor.py:208} INFO - Processing /mnt/d/Project/airflow-news/venv/lib/python3.12/site-packages/airflow/example_dags/plugins/event_listener.py took 0.089 seconds
[2024-12-23T06:15:33.313+0700] {processor.py:186} INFO - Started process (PID=5169) to work on /mnt/d/Project/airflow-news/venv/lib/python3.12/site-packages/airflow/example_dags/plugins/event_listener.py
[2024-12-23T06:15:33.316+0700] {processor.py:914} INFO - Processing file /mnt/d/Project/airflow-news/venv/lib/python3.12/site-packages/airflow/example_dags/plugins/event_listener.py for tasks to queue
[2024-12-23T06:15:33.320+0700] {logging_mixin.py:190} INFO - [2024-12-23T06:15:33.318+0700] {dagbag.py:588} INFO - Filling up the DagBag from /mnt/d/Project/airflow-news/venv/lib/python3.12/site-packages/airflow/example_dags/plugins/event_listener.py
[2024-12-23T06:15:33.351+0700] {processor.py:927} WARNING - No viable dags retrieved from /mnt/d/Project/airflow-news/venv/lib/python3.12/site-packages/airflow/example_dags/plugins/event_listener.py
[2024-12-23T06:15:33.379+0700] {processor.py:208} INFO - Processing /mnt/d/Project/airflow-news/venv/lib/python3.12/site-packages/airflow/example_dags/plugins/event_listener.py took 0.083 seconds
[2024-12-23T06:16:57.118+0700] {processor.py:186} INFO - Started process (PID=5358) to work on /mnt/d/Project/airflow-news/venv/lib/python3.12/site-packages/airflow/example_dags/plugins/event_listener.py
[2024-12-23T06:16:57.121+0700] {processor.py:914} INFO - Processing file /mnt/d/Project/airflow-news/venv/lib/python3.12/site-packages/airflow/example_dags/plugins/event_listener.py for tasks to queue
[2024-12-23T06:16:57.126+0700] {logging_mixin.py:190} INFO - [2024-12-23T06:16:57.124+0700] {dagbag.py:588} INFO - Filling up the DagBag from /mnt/d/Project/airflow-news/venv/lib/python3.12/site-packages/airflow/example_dags/plugins/event_listener.py
[2024-12-23T06:16:57.164+0700] {processor.py:927} WARNING - No viable dags retrieved from /mnt/d/Project/airflow-news/venv/lib/python3.12/site-packages/airflow/example_dags/plugins/event_listener.py
[2024-12-23T06:16:57.196+0700] {processor.py:208} INFO - Processing /mnt/d/Project/airflow-news/venv/lib/python3.12/site-packages/airflow/example_dags/plugins/event_listener.py took 0.103 seconds
[2024-12-23T06:17:29.654+0700] {processor.py:186} INFO - Started process (PID=5460) to work on /mnt/d/Project/airflow-news/venv/lib/python3.12/site-packages/airflow/example_dags/plugins/event_listener.py
[2024-12-23T06:17:29.657+0700] {processor.py:914} INFO - Processing file /mnt/d/Project/airflow-news/venv/lib/python3.12/site-packages/airflow/example_dags/plugins/event_listener.py for tasks to queue
[2024-12-23T06:17:29.662+0700] {logging_mixin.py:190} INFO - [2024-12-23T06:17:29.660+0700] {dagbag.py:588} INFO - Filling up the DagBag from /mnt/d/Project/airflow-news/venv/lib/python3.12/site-packages/airflow/example_dags/plugins/event_listener.py
[2024-12-23T06:17:29.698+0700] {processor.py:927} WARNING - No viable dags retrieved from /mnt/d/Project/airflow-news/venv/lib/python3.12/site-packages/airflow/example_dags/plugins/event_listener.py
[2024-12-23T06:17:29.728+0700] {processor.py:208} INFO - Processing /mnt/d/Project/airflow-news/venv/lib/python3.12/site-packages/airflow/example_dags/plugins/event_listener.py took 0.093 seconds
[2024-12-23T06:18:15.485+0700] {processor.py:186} INFO - Started process (PID=5591) to work on /mnt/d/Project/airflow-news/venv/lib/python3.12/site-packages/airflow/example_dags/plugins/event_listener.py
[2024-12-23T06:18:15.487+0700] {processor.py:914} INFO - Processing file /mnt/d/Project/airflow-news/venv/lib/python3.12/site-packages/airflow/example_dags/plugins/event_listener.py for tasks to queue
[2024-12-23T06:18:15.492+0700] {logging_mixin.py:190} INFO - [2024-12-23T06:18:15.490+0700] {dagbag.py:588} INFO - Filling up the DagBag from /mnt/d/Project/airflow-news/venv/lib/python3.12/site-packages/airflow/example_dags/plugins/event_listener.py
[2024-12-23T06:18:15.527+0700] {processor.py:927} WARNING - No viable dags retrieved from /mnt/d/Project/airflow-news/venv/lib/python3.12/site-packages/airflow/example_dags/plugins/event_listener.py
[2024-12-23T06:18:15.560+0700] {processor.py:208} INFO - Processing /mnt/d/Project/airflow-news/venv/lib/python3.12/site-packages/airflow/example_dags/plugins/event_listener.py took 0.092 seconds
[2024-12-23T06:18:23.936+0700] {processor.py:186} INFO - Started process (PID=5615) to work on /mnt/d/Project/airflow-news/venv/lib/python3.12/site-packages/airflow/example_dags/plugins/event_listener.py
[2024-12-23T06:18:23.938+0700] {processor.py:914} INFO - Processing file /mnt/d/Project/airflow-news/venv/lib/python3.12/site-packages/airflow/example_dags/plugins/event_listener.py for tasks to queue
[2024-12-23T06:18:23.944+0700] {logging_mixin.py:190} INFO - [2024-12-23T06:18:23.942+0700] {dagbag.py:588} INFO - Filling up the DagBag from /mnt/d/Project/airflow-news/venv/lib/python3.12/site-packages/airflow/example_dags/plugins/event_listener.py
[2024-12-23T06:18:23.974+0700] {processor.py:927} WARNING - No viable dags retrieved from /mnt/d/Project/airflow-news/venv/lib/python3.12/site-packages/airflow/example_dags/plugins/event_listener.py
[2024-12-23T06:18:24.005+0700] {processor.py:208} INFO - Processing /mnt/d/Project/airflow-news/venv/lib/python3.12/site-packages/airflow/example_dags/plugins/event_listener.py took 0.093 seconds
[2024-12-23T06:19:00.136+0700] {processor.py:186} INFO - Started process (PID=5718) to work on /mnt/d/Project/airflow-news/venv/lib/python3.12/site-packages/airflow/example_dags/plugins/event_listener.py
[2024-12-23T06:19:00.138+0700] {processor.py:914} INFO - Processing file /mnt/d/Project/airflow-news/venv/lib/python3.12/site-packages/airflow/example_dags/plugins/event_listener.py for tasks to queue
[2024-12-23T06:19:00.142+0700] {logging_mixin.py:190} INFO - [2024-12-23T06:19:00.141+0700] {dagbag.py:588} INFO - Filling up the DagBag from /mnt/d/Project/airflow-news/venv/lib/python3.12/site-packages/airflow/example_dags/plugins/event_listener.py
[2024-12-23T06:19:00.177+0700] {processor.py:927} WARNING - No viable dags retrieved from /mnt/d/Project/airflow-news/venv/lib/python3.12/site-packages/airflow/example_dags/plugins/event_listener.py
[2024-12-23T06:19:00.208+0700] {processor.py:208} INFO - Processing /mnt/d/Project/airflow-news/venv/lib/python3.12/site-packages/airflow/example_dags/plugins/event_listener.py took 0.090 seconds
[2024-12-23T06:19:20.088+0700] {processor.py:186} INFO - Started process (PID=5779) to work on /mnt/d/Project/airflow-news/venv/lib/python3.12/site-packages/airflow/example_dags/plugins/event_listener.py
[2024-12-23T06:19:20.091+0700] {processor.py:914} INFO - Processing file /mnt/d/Project/airflow-news/venv/lib/python3.12/site-packages/airflow/example_dags/plugins/event_listener.py for tasks to queue
[2024-12-23T06:19:20.096+0700] {logging_mixin.py:190} INFO - [2024-12-23T06:19:20.095+0700] {dagbag.py:588} INFO - Filling up the DagBag from /mnt/d/Project/airflow-news/venv/lib/python3.12/site-packages/airflow/example_dags/plugins/event_listener.py
[2024-12-23T06:19:20.132+0700] {processor.py:927} WARNING - No viable dags retrieved from /mnt/d/Project/airflow-news/venv/lib/python3.12/site-packages/airflow/example_dags/plugins/event_listener.py
[2024-12-23T06:19:20.162+0700] {processor.py:208} INFO - Processing /mnt/d/Project/airflow-news/venv/lib/python3.12/site-packages/airflow/example_dags/plugins/event_listener.py took 0.103 seconds
[2024-12-23T06:19:45.353+0700] {processor.py:186} INFO - Started process (PID=5850) to work on /mnt/d/Project/airflow-news/venv/lib/python3.12/site-packages/airflow/example_dags/plugins/event_listener.py
[2024-12-23T06:19:45.355+0700] {processor.py:914} INFO - Processing file /mnt/d/Project/airflow-news/venv/lib/python3.12/site-packages/airflow/example_dags/plugins/event_listener.py for tasks to queue
[2024-12-23T06:19:45.360+0700] {logging_mixin.py:190} INFO - [2024-12-23T06:19:45.358+0700] {dagbag.py:588} INFO - Filling up the DagBag from /mnt/d/Project/airflow-news/venv/lib/python3.12/site-packages/airflow/example_dags/plugins/event_listener.py
[2024-12-23T06:19:45.384+0700] {processor.py:927} WARNING - No viable dags retrieved from /mnt/d/Project/airflow-news/venv/lib/python3.12/site-packages/airflow/example_dags/plugins/event_listener.py
[2024-12-23T06:19:45.410+0700] {processor.py:208} INFO - Processing /mnt/d/Project/airflow-news/venv/lib/python3.12/site-packages/airflow/example_dags/plugins/event_listener.py took 0.073 seconds
[2024-12-23T06:20:14.987+0700] {processor.py:186} INFO - Started process (PID=5937) to work on /mnt/d/Project/airflow-news/venv/lib/python3.12/site-packages/airflow/example_dags/plugins/event_listener.py
[2024-12-23T06:20:14.989+0700] {processor.py:914} INFO - Processing file /mnt/d/Project/airflow-news/venv/lib/python3.12/site-packages/airflow/example_dags/plugins/event_listener.py for tasks to queue
[2024-12-23T06:20:14.995+0700] {logging_mixin.py:190} INFO - [2024-12-23T06:20:14.993+0700] {dagbag.py:588} INFO - Filling up the DagBag from /mnt/d/Project/airflow-news/venv/lib/python3.12/site-packages/airflow/example_dags/plugins/event_listener.py
[2024-12-23T06:20:15.025+0700] {processor.py:927} WARNING - No viable dags retrieved from /mnt/d/Project/airflow-news/venv/lib/python3.12/site-packages/airflow/example_dags/plugins/event_listener.py
[2024-12-23T06:20:15.054+0700] {processor.py:208} INFO - Processing /mnt/d/Project/airflow-news/venv/lib/python3.12/site-packages/airflow/example_dags/plugins/event_listener.py took 0.090 seconds
[2024-12-23T06:20:29.596+0700] {processor.py:186} INFO - Started process (PID=5979) to work on /mnt/d/Project/airflow-news/venv/lib/python3.12/site-packages/airflow/example_dags/plugins/event_listener.py
[2024-12-23T06:20:29.598+0700] {processor.py:914} INFO - Processing file /mnt/d/Project/airflow-news/venv/lib/python3.12/site-packages/airflow/example_dags/plugins/event_listener.py for tasks to queue
[2024-12-23T06:20:29.602+0700] {logging_mixin.py:190} INFO - [2024-12-23T06:20:29.600+0700] {dagbag.py:588} INFO - Filling up the DagBag from /mnt/d/Project/airflow-news/venv/lib/python3.12/site-packages/airflow/example_dags/plugins/event_listener.py
[2024-12-23T06:20:29.634+0700] {processor.py:927} WARNING - No viable dags retrieved from /mnt/d/Project/airflow-news/venv/lib/python3.12/site-packages/airflow/example_dags/plugins/event_listener.py
[2024-12-23T06:20:29.665+0700] {processor.py:208} INFO - Processing /mnt/d/Project/airflow-news/venv/lib/python3.12/site-packages/airflow/example_dags/plugins/event_listener.py took 0.087 seconds
[2024-12-23T06:21:13.979+0700] {processor.py:186} INFO - Started process (PID=6095) to work on /mnt/d/Project/airflow-news/venv/lib/python3.12/site-packages/airflow/example_dags/plugins/event_listener.py
[2024-12-23T06:21:13.983+0700] {processor.py:914} INFO - Processing file /mnt/d/Project/airflow-news/venv/lib/python3.12/site-packages/airflow/example_dags/plugins/event_listener.py for tasks to queue
[2024-12-23T06:21:13.991+0700] {logging_mixin.py:190} INFO - [2024-12-23T06:21:13.988+0700] {dagbag.py:588} INFO - Filling up the DagBag from /mnt/d/Project/airflow-news/venv/lib/python3.12/site-packages/airflow/example_dags/plugins/event_listener.py
[2024-12-23T06:21:14.035+0700] {processor.py:927} WARNING - No viable dags retrieved from /mnt/d/Project/airflow-news/venv/lib/python3.12/site-packages/airflow/example_dags/plugins/event_listener.py
[2024-12-23T06:21:14.080+0700] {processor.py:208} INFO - Processing /mnt/d/Project/airflow-news/venv/lib/python3.12/site-packages/airflow/example_dags/plugins/event_listener.py took 0.130 seconds
[2024-12-23T06:22:17.155+0700] {processor.py:186} INFO - Started process (PID=6252) to work on /mnt/d/Project/airflow-news/venv/lib/python3.12/site-packages/airflow/example_dags/plugins/event_listener.py
[2024-12-23T06:22:17.158+0700] {processor.py:914} INFO - Processing file /mnt/d/Project/airflow-news/venv/lib/python3.12/site-packages/airflow/example_dags/plugins/event_listener.py for tasks to queue
[2024-12-23T06:22:17.163+0700] {logging_mixin.py:190} INFO - [2024-12-23T06:22:17.161+0700] {dagbag.py:588} INFO - Filling up the DagBag from /mnt/d/Project/airflow-news/venv/lib/python3.12/site-packages/airflow/example_dags/plugins/event_listener.py
[2024-12-23T06:22:17.189+0700] {processor.py:927} WARNING - No viable dags retrieved from /mnt/d/Project/airflow-news/venv/lib/python3.12/site-packages/airflow/example_dags/plugins/event_listener.py
[2024-12-23T06:22:17.214+0700] {processor.py:208} INFO - Processing /mnt/d/Project/airflow-news/venv/lib/python3.12/site-packages/airflow/example_dags/plugins/event_listener.py took 0.072 seconds
[2024-12-23T06:22:17.987+0700] {processor.py:186} INFO - Started process (PID=6254) to work on /mnt/d/Project/airflow-news/venv/lib/python3.12/site-packages/airflow/example_dags/plugins/event_listener.py
[2024-12-23T06:22:17.990+0700] {processor.py:914} INFO - Processing file /mnt/d/Project/airflow-news/venv/lib/python3.12/site-packages/airflow/example_dags/plugins/event_listener.py for tasks to queue
[2024-12-23T06:22:17.995+0700] {logging_mixin.py:190} INFO - [2024-12-23T06:22:17.993+0700] {dagbag.py:588} INFO - Filling up the DagBag from /mnt/d/Project/airflow-news/venv/lib/python3.12/site-packages/airflow/example_dags/plugins/event_listener.py
[2024-12-23T06:22:18.023+0700] {processor.py:927} WARNING - No viable dags retrieved from /mnt/d/Project/airflow-news/venv/lib/python3.12/site-packages/airflow/example_dags/plugins/event_listener.py
[2024-12-23T06:22:18.053+0700] {processor.py:208} INFO - Processing /mnt/d/Project/airflow-news/venv/lib/python3.12/site-packages/airflow/example_dags/plugins/event_listener.py took 0.089 seconds
[2024-12-23T06:23:18.216+0700] {processor.py:186} INFO - Started process (PID=6450) to work on /mnt/d/Project/airflow-news/venv/lib/python3.12/site-packages/airflow/example_dags/plugins/event_listener.py
[2024-12-23T06:23:18.219+0700] {processor.py:914} INFO - Processing file /mnt/d/Project/airflow-news/venv/lib/python3.12/site-packages/airflow/example_dags/plugins/event_listener.py for tasks to queue
[2024-12-23T06:23:18.225+0700] {logging_mixin.py:190} INFO - [2024-12-23T06:23:18.223+0700] {dagbag.py:588} INFO - Filling up the DagBag from /mnt/d/Project/airflow-news/venv/lib/python3.12/site-packages/airflow/example_dags/plugins/event_listener.py
[2024-12-23T06:23:18.265+0700] {processor.py:927} WARNING - No viable dags retrieved from /mnt/d/Project/airflow-news/venv/lib/python3.12/site-packages/airflow/example_dags/plugins/event_listener.py
[2024-12-23T06:23:18.297+0700] {processor.py:208} INFO - Processing /mnt/d/Project/airflow-news/venv/lib/python3.12/site-packages/airflow/example_dags/plugins/event_listener.py took 0.112 seconds
[2024-12-23T06:23:38.937+0700] {processor.py:186} INFO - Started process (PID=6499) to work on /mnt/d/Project/airflow-news/venv/lib/python3.12/site-packages/airflow/example_dags/plugins/event_listener.py
[2024-12-23T06:23:38.940+0700] {processor.py:914} INFO - Processing file /mnt/d/Project/airflow-news/venv/lib/python3.12/site-packages/airflow/example_dags/plugins/event_listener.py for tasks to queue
[2024-12-23T06:23:38.945+0700] {logging_mixin.py:190} INFO - [2024-12-23T06:23:38.943+0700] {dagbag.py:588} INFO - Filling up the DagBag from /mnt/d/Project/airflow-news/venv/lib/python3.12/site-packages/airflow/example_dags/plugins/event_listener.py
[2024-12-23T06:23:38.978+0700] {processor.py:927} WARNING - No viable dags retrieved from /mnt/d/Project/airflow-news/venv/lib/python3.12/site-packages/airflow/example_dags/plugins/event_listener.py
[2024-12-23T06:23:39.008+0700] {processor.py:208} INFO - Processing /mnt/d/Project/airflow-news/venv/lib/python3.12/site-packages/airflow/example_dags/plugins/event_listener.py took 0.088 seconds
[2024-12-23T06:24:11.529+0700] {processor.py:186} INFO - Started process (PID=6621) to work on /mnt/d/Project/airflow-news/venv/lib/python3.12/site-packages/airflow/example_dags/plugins/event_listener.py
[2024-12-23T06:24:11.532+0700] {processor.py:914} INFO - Processing file /mnt/d/Project/airflow-news/venv/lib/python3.12/site-packages/airflow/example_dags/plugins/event_listener.py for tasks to queue
[2024-12-23T06:24:11.537+0700] {logging_mixin.py:190} INFO - [2024-12-23T06:24:11.535+0700] {dagbag.py:588} INFO - Filling up the DagBag from /mnt/d/Project/airflow-news/venv/lib/python3.12/site-packages/airflow/example_dags/plugins/event_listener.py
[2024-12-23T06:24:11.561+0700] {processor.py:927} WARNING - No viable dags retrieved from /mnt/d/Project/airflow-news/venv/lib/python3.12/site-packages/airflow/example_dags/plugins/event_listener.py
[2024-12-23T06:24:11.588+0700] {processor.py:208} INFO - Processing /mnt/d/Project/airflow-news/venv/lib/python3.12/site-packages/airflow/example_dags/plugins/event_listener.py took 0.083 seconds
[2024-12-23T06:24:28.797+0700] {processor.py:186} INFO - Started process (PID=6661) to work on /mnt/d/Project/airflow-news/venv/lib/python3.12/site-packages/airflow/example_dags/plugins/event_listener.py
[2024-12-23T06:24:28.799+0700] {processor.py:914} INFO - Processing file /mnt/d/Project/airflow-news/venv/lib/python3.12/site-packages/airflow/example_dags/plugins/event_listener.py for tasks to queue
[2024-12-23T06:24:28.803+0700] {logging_mixin.py:190} INFO - [2024-12-23T06:24:28.802+0700] {dagbag.py:588} INFO - Filling up the DagBag from /mnt/d/Project/airflow-news/venv/lib/python3.12/site-packages/airflow/example_dags/plugins/event_listener.py
[2024-12-23T06:24:28.831+0700] {processor.py:927} WARNING - No viable dags retrieved from /mnt/d/Project/airflow-news/venv/lib/python3.12/site-packages/airflow/example_dags/plugins/event_listener.py
[2024-12-23T06:24:28.860+0700] {processor.py:208} INFO - Processing /mnt/d/Project/airflow-news/venv/lib/python3.12/site-packages/airflow/example_dags/plugins/event_listener.py took 0.077 seconds
[2024-12-23T06:25:05.527+0700] {processor.py:186} INFO - Started process (PID=6790) to work on /mnt/d/Project/airflow-news/venv/lib/python3.12/site-packages/airflow/example_dags/plugins/event_listener.py
[2024-12-23T06:25:05.529+0700] {processor.py:914} INFO - Processing file /mnt/d/Project/airflow-news/venv/lib/python3.12/site-packages/airflow/example_dags/plugins/event_listener.py for tasks to queue
[2024-12-23T06:25:05.534+0700] {logging_mixin.py:190} INFO - [2024-12-23T06:25:05.532+0700] {dagbag.py:588} INFO - Filling up the DagBag from /mnt/d/Project/airflow-news/venv/lib/python3.12/site-packages/airflow/example_dags/plugins/event_listener.py
[2024-12-23T06:25:05.565+0700] {processor.py:927} WARNING - No viable dags retrieved from /mnt/d/Project/airflow-news/venv/lib/python3.12/site-packages/airflow/example_dags/plugins/event_listener.py
[2024-12-23T06:25:05.597+0700] {processor.py:208} INFO - Processing /mnt/d/Project/airflow-news/venv/lib/python3.12/site-packages/airflow/example_dags/plugins/event_listener.py took 0.091 seconds
[2024-12-23T06:25:08.620+0700] {processor.py:186} INFO - Started process (PID=6801) to work on /mnt/d/Project/airflow-news/venv/lib/python3.12/site-packages/airflow/example_dags/plugins/event_listener.py
[2024-12-23T06:25:08.622+0700] {processor.py:914} INFO - Processing file /mnt/d/Project/airflow-news/venv/lib/python3.12/site-packages/airflow/example_dags/plugins/event_listener.py for tasks to queue
[2024-12-23T06:25:08.627+0700] {logging_mixin.py:190} INFO - [2024-12-23T06:25:08.625+0700] {dagbag.py:588} INFO - Filling up the DagBag from /mnt/d/Project/airflow-news/venv/lib/python3.12/site-packages/airflow/example_dags/plugins/event_listener.py
[2024-12-23T06:25:08.655+0700] {processor.py:927} WARNING - No viable dags retrieved from /mnt/d/Project/airflow-news/venv/lib/python3.12/site-packages/airflow/example_dags/plugins/event_listener.py
[2024-12-23T06:25:08.683+0700] {processor.py:208} INFO - Processing /mnt/d/Project/airflow-news/venv/lib/python3.12/site-packages/airflow/example_dags/plugins/event_listener.py took 0.078 seconds
[2024-12-23T06:25:57.136+0700] {processor.py:186} INFO - Started process (PID=6946) to work on /mnt/d/Project/airflow-news/venv/lib/python3.12/site-packages/airflow/example_dags/plugins/event_listener.py
[2024-12-23T06:25:57.138+0700] {processor.py:914} INFO - Processing file /mnt/d/Project/airflow-news/venv/lib/python3.12/site-packages/airflow/example_dags/plugins/event_listener.py for tasks to queue
[2024-12-23T06:25:57.143+0700] {logging_mixin.py:190} INFO - [2024-12-23T06:25:57.142+0700] {dagbag.py:588} INFO - Filling up the DagBag from /mnt/d/Project/airflow-news/venv/lib/python3.12/site-packages/airflow/example_dags/plugins/event_listener.py
[2024-12-23T06:25:57.173+0700] {processor.py:927} WARNING - No viable dags retrieved from /mnt/d/Project/airflow-news/venv/lib/python3.12/site-packages/airflow/example_dags/plugins/event_listener.py
[2024-12-23T06:25:57.200+0700] {processor.py:208} INFO - Processing /mnt/d/Project/airflow-news/venv/lib/python3.12/site-packages/airflow/example_dags/plugins/event_listener.py took 0.078 seconds
[2024-12-23T06:26:00.058+0700] {processor.py:186} INFO - Started process (PID=6952) to work on /mnt/d/Project/airflow-news/venv/lib/python3.12/site-packages/airflow/example_dags/plugins/event_listener.py
[2024-12-23T06:26:00.061+0700] {processor.py:914} INFO - Processing file /mnt/d/Project/airflow-news/venv/lib/python3.12/site-packages/airflow/example_dags/plugins/event_listener.py for tasks to queue
[2024-12-23T06:26:00.065+0700] {logging_mixin.py:190} INFO - [2024-12-23T06:26:00.064+0700] {dagbag.py:588} INFO - Filling up the DagBag from /mnt/d/Project/airflow-news/venv/lib/python3.12/site-packages/airflow/example_dags/plugins/event_listener.py
[2024-12-23T06:26:00.096+0700] {processor.py:927} WARNING - No viable dags retrieved from /mnt/d/Project/airflow-news/venv/lib/python3.12/site-packages/airflow/example_dags/plugins/event_listener.py
[2024-12-23T06:26:00.126+0700] {processor.py:208} INFO - Processing /mnt/d/Project/airflow-news/venv/lib/python3.12/site-packages/airflow/example_dags/plugins/event_listener.py took 0.089 seconds
[2024-12-23T06:26:42.290+0700] {processor.py:186} INFO - Started process (PID=7077) to work on /mnt/d/Project/airflow-news/venv/lib/python3.12/site-packages/airflow/example_dags/plugins/event_listener.py
[2024-12-23T06:26:42.292+0700] {processor.py:914} INFO - Processing file /mnt/d/Project/airflow-news/venv/lib/python3.12/site-packages/airflow/example_dags/plugins/event_listener.py for tasks to queue
[2024-12-23T06:26:42.297+0700] {logging_mixin.py:190} INFO - [2024-12-23T06:26:42.295+0700] {dagbag.py:588} INFO - Filling up the DagBag from /mnt/d/Project/airflow-news/venv/lib/python3.12/site-packages/airflow/example_dags/plugins/event_listener.py
[2024-12-23T06:26:42.328+0700] {processor.py:927} WARNING - No viable dags retrieved from /mnt/d/Project/airflow-news/venv/lib/python3.12/site-packages/airflow/example_dags/plugins/event_listener.py
[2024-12-23T06:26:42.355+0700] {processor.py:208} INFO - Processing /mnt/d/Project/airflow-news/venv/lib/python3.12/site-packages/airflow/example_dags/plugins/event_listener.py took 0.081 seconds
[2024-12-23T06:26:52.307+0700] {processor.py:186} INFO - Started process (PID=7108) to work on /mnt/d/Project/airflow-news/venv/lib/python3.12/site-packages/airflow/example_dags/plugins/event_listener.py
[2024-12-23T06:26:52.310+0700] {processor.py:914} INFO - Processing file /mnt/d/Project/airflow-news/venv/lib/python3.12/site-packages/airflow/example_dags/plugins/event_listener.py for tasks to queue
[2024-12-23T06:26:52.315+0700] {logging_mixin.py:190} INFO - [2024-12-23T06:26:52.313+0700] {dagbag.py:588} INFO - Filling up the DagBag from /mnt/d/Project/airflow-news/venv/lib/python3.12/site-packages/airflow/example_dags/plugins/event_listener.py
[2024-12-23T06:26:52.345+0700] {processor.py:927} WARNING - No viable dags retrieved from /mnt/d/Project/airflow-news/venv/lib/python3.12/site-packages/airflow/example_dags/plugins/event_listener.py
[2024-12-23T06:26:52.374+0700] {processor.py:208} INFO - Processing /mnt/d/Project/airflow-news/venv/lib/python3.12/site-packages/airflow/example_dags/plugins/event_listener.py took 0.090 seconds
[2024-12-23T06:27:30.862+0700] {processor.py:186} INFO - Started process (PID=7208) to work on /mnt/d/Project/airflow-news/venv/lib/python3.12/site-packages/airflow/example_dags/plugins/event_listener.py
[2024-12-23T06:27:30.864+0700] {processor.py:914} INFO - Processing file /mnt/d/Project/airflow-news/venv/lib/python3.12/site-packages/airflow/example_dags/plugins/event_listener.py for tasks to queue
[2024-12-23T06:27:30.869+0700] {logging_mixin.py:190} INFO - [2024-12-23T06:27:30.867+0700] {dagbag.py:588} INFO - Filling up the DagBag from /mnt/d/Project/airflow-news/venv/lib/python3.12/site-packages/airflow/example_dags/plugins/event_listener.py
[2024-12-23T06:27:30.895+0700] {processor.py:927} WARNING - No viable dags retrieved from /mnt/d/Project/airflow-news/venv/lib/python3.12/site-packages/airflow/example_dags/plugins/event_listener.py
[2024-12-23T06:27:30.918+0700] {processor.py:208} INFO - Processing /mnt/d/Project/airflow-news/venv/lib/python3.12/site-packages/airflow/example_dags/plugins/event_listener.py took 0.070 seconds
[2024-12-23T06:27:45.985+0700] {processor.py:186} INFO - Started process (PID=7270) to work on /mnt/d/Project/airflow-news/venv/lib/python3.12/site-packages/airflow/example_dags/plugins/event_listener.py
[2024-12-23T06:27:45.988+0700] {processor.py:914} INFO - Processing file /mnt/d/Project/airflow-news/venv/lib/python3.12/site-packages/airflow/example_dags/plugins/event_listener.py for tasks to queue
[2024-12-23T06:27:45.993+0700] {logging_mixin.py:190} INFO - [2024-12-23T06:27:45.991+0700] {dagbag.py:588} INFO - Filling up the DagBag from /mnt/d/Project/airflow-news/venv/lib/python3.12/site-packages/airflow/example_dags/plugins/event_listener.py
[2024-12-23T06:27:46.020+0700] {processor.py:927} WARNING - No viable dags retrieved from /mnt/d/Project/airflow-news/venv/lib/python3.12/site-packages/airflow/example_dags/plugins/event_listener.py
[2024-12-23T06:27:46.047+0700] {processor.py:208} INFO - Processing /mnt/d/Project/airflow-news/venv/lib/python3.12/site-packages/airflow/example_dags/plugins/event_listener.py took 0.080 seconds
[2024-12-23T06:28:18.582+0700] {processor.py:186} INFO - Started process (PID=7354) to work on /mnt/d/Project/airflow-news/venv/lib/python3.12/site-packages/airflow/example_dags/plugins/event_listener.py
[2024-12-23T06:28:18.585+0700] {processor.py:914} INFO - Processing file /mnt/d/Project/airflow-news/venv/lib/python3.12/site-packages/airflow/example_dags/plugins/event_listener.py for tasks to queue
[2024-12-23T06:28:18.590+0700] {logging_mixin.py:190} INFO - [2024-12-23T06:28:18.588+0700] {dagbag.py:588} INFO - Filling up the DagBag from /mnt/d/Project/airflow-news/venv/lib/python3.12/site-packages/airflow/example_dags/plugins/event_listener.py
[2024-12-23T06:28:18.620+0700] {processor.py:927} WARNING - No viable dags retrieved from /mnt/d/Project/airflow-news/venv/lib/python3.12/site-packages/airflow/example_dags/plugins/event_listener.py
[2024-12-23T06:28:18.648+0700] {processor.py:208} INFO - Processing /mnt/d/Project/airflow-news/venv/lib/python3.12/site-packages/airflow/example_dags/plugins/event_listener.py took 0.081 seconds
[2024-12-23T06:28:39.869+0700] {processor.py:186} INFO - Started process (PID=7423) to work on /mnt/d/Project/airflow-news/venv/lib/python3.12/site-packages/airflow/example_dags/plugins/event_listener.py
[2024-12-23T06:28:39.871+0700] {processor.py:914} INFO - Processing file /mnt/d/Project/airflow-news/venv/lib/python3.12/site-packages/airflow/example_dags/plugins/event_listener.py for tasks to queue
[2024-12-23T06:28:39.875+0700] {logging_mixin.py:190} INFO - [2024-12-23T06:28:39.874+0700] {dagbag.py:588} INFO - Filling up the DagBag from /mnt/d/Project/airflow-news/venv/lib/python3.12/site-packages/airflow/example_dags/plugins/event_listener.py
[2024-12-23T06:28:39.901+0700] {processor.py:927} WARNING - No viable dags retrieved from /mnt/d/Project/airflow-news/venv/lib/python3.12/site-packages/airflow/example_dags/plugins/event_listener.py
[2024-12-23T06:28:39.927+0700] {processor.py:208} INFO - Processing /mnt/d/Project/airflow-news/venv/lib/python3.12/site-packages/airflow/example_dags/plugins/event_listener.py took 0.077 seconds
[2024-12-23T06:29:07.254+0700] {processor.py:186} INFO - Started process (PID=7500) to work on /mnt/d/Project/airflow-news/venv/lib/python3.12/site-packages/airflow/example_dags/plugins/event_listener.py
[2024-12-23T06:29:07.257+0700] {processor.py:914} INFO - Processing file /mnt/d/Project/airflow-news/venv/lib/python3.12/site-packages/airflow/example_dags/plugins/event_listener.py for tasks to queue
[2024-12-23T06:29:07.262+0700] {logging_mixin.py:190} INFO - [2024-12-23T06:29:07.260+0700] {dagbag.py:588} INFO - Filling up the DagBag from /mnt/d/Project/airflow-news/venv/lib/python3.12/site-packages/airflow/example_dags/plugins/event_listener.py
[2024-12-23T06:29:07.291+0700] {processor.py:927} WARNING - No viable dags retrieved from /mnt/d/Project/airflow-news/venv/lib/python3.12/site-packages/airflow/example_dags/plugins/event_listener.py
[2024-12-23T06:29:07.324+0700] {processor.py:208} INFO - Processing /mnt/d/Project/airflow-news/venv/lib/python3.12/site-packages/airflow/example_dags/plugins/event_listener.py took 0.085 seconds
[2024-12-23T06:29:33.900+0700] {processor.py:186} INFO - Started process (PID=7589) to work on /mnt/d/Project/airflow-news/venv/lib/python3.12/site-packages/airflow/example_dags/plugins/event_listener.py
[2024-12-23T06:29:33.902+0700] {processor.py:914} INFO - Processing file /mnt/d/Project/airflow-news/venv/lib/python3.12/site-packages/airflow/example_dags/plugins/event_listener.py for tasks to queue
[2024-12-23T06:29:33.907+0700] {logging_mixin.py:190} INFO - [2024-12-23T06:29:33.905+0700] {dagbag.py:588} INFO - Filling up the DagBag from /mnt/d/Project/airflow-news/venv/lib/python3.12/site-packages/airflow/example_dags/plugins/event_listener.py
[2024-12-23T06:29:33.935+0700] {processor.py:927} WARNING - No viable dags retrieved from /mnt/d/Project/airflow-news/venv/lib/python3.12/site-packages/airflow/example_dags/plugins/event_listener.py
[2024-12-23T06:29:33.964+0700] {processor.py:208} INFO - Processing /mnt/d/Project/airflow-news/venv/lib/python3.12/site-packages/airflow/example_dags/plugins/event_listener.py took 0.086 seconds
[2024-12-23T06:29:49.713+0700] {processor.py:186} INFO - Started process (PID=7632) to work on /mnt/d/Project/airflow-news/venv/lib/python3.12/site-packages/airflow/example_dags/plugins/event_listener.py
[2024-12-23T06:29:49.715+0700] {processor.py:914} INFO - Processing file /mnt/d/Project/airflow-news/venv/lib/python3.12/site-packages/airflow/example_dags/plugins/event_listener.py for tasks to queue
[2024-12-23T06:29:49.721+0700] {logging_mixin.py:190} INFO - [2024-12-23T06:29:49.719+0700] {dagbag.py:588} INFO - Filling up the DagBag from /mnt/d/Project/airflow-news/venv/lib/python3.12/site-packages/airflow/example_dags/plugins/event_listener.py
[2024-12-23T06:29:49.751+0700] {processor.py:927} WARNING - No viable dags retrieved from /mnt/d/Project/airflow-news/venv/lib/python3.12/site-packages/airflow/example_dags/plugins/event_listener.py
[2024-12-23T06:29:49.777+0700] {processor.py:208} INFO - Processing /mnt/d/Project/airflow-news/venv/lib/python3.12/site-packages/airflow/example_dags/plugins/event_listener.py took 0.079 seconds
[2024-12-23T06:30:26.401+0700] {processor.py:186} INFO - Started process (PID=7748) to work on /mnt/d/Project/airflow-news/venv/lib/python3.12/site-packages/airflow/example_dags/plugins/event_listener.py
[2024-12-23T06:30:26.403+0700] {processor.py:914} INFO - Processing file /mnt/d/Project/airflow-news/venv/lib/python3.12/site-packages/airflow/example_dags/plugins/event_listener.py for tasks to queue
[2024-12-23T06:30:26.408+0700] {logging_mixin.py:190} INFO - [2024-12-23T06:30:26.406+0700] {dagbag.py:588} INFO - Filling up the DagBag from /mnt/d/Project/airflow-news/venv/lib/python3.12/site-packages/airflow/example_dags/plugins/event_listener.py
[2024-12-23T06:30:26.433+0700] {processor.py:927} WARNING - No viable dags retrieved from /mnt/d/Project/airflow-news/venv/lib/python3.12/site-packages/airflow/example_dags/plugins/event_listener.py
[2024-12-23T06:30:26.462+0700] {processor.py:208} INFO - Processing /mnt/d/Project/airflow-news/venv/lib/python3.12/site-packages/airflow/example_dags/plugins/event_listener.py took 0.081 seconds
[2024-12-23T06:30:33.973+0700] {processor.py:186} INFO - Started process (PID=7766) to work on /mnt/d/Project/airflow-news/venv/lib/python3.12/site-packages/airflow/example_dags/plugins/event_listener.py
[2024-12-23T06:30:33.975+0700] {processor.py:914} INFO - Processing file /mnt/d/Project/airflow-news/venv/lib/python3.12/site-packages/airflow/example_dags/plugins/event_listener.py for tasks to queue
[2024-12-23T06:30:33.980+0700] {logging_mixin.py:190} INFO - [2024-12-23T06:30:33.979+0700] {dagbag.py:588} INFO - Filling up the DagBag from /mnt/d/Project/airflow-news/venv/lib/python3.12/site-packages/airflow/example_dags/plugins/event_listener.py
[2024-12-23T06:30:34.007+0700] {processor.py:927} WARNING - No viable dags retrieved from /mnt/d/Project/airflow-news/venv/lib/python3.12/site-packages/airflow/example_dags/plugins/event_listener.py
[2024-12-23T06:30:34.036+0700] {processor.py:208} INFO - Processing /mnt/d/Project/airflow-news/venv/lib/python3.12/site-packages/airflow/example_dags/plugins/event_listener.py took 0.078 seconds
[2024-12-23T06:31:17.133+0700] {processor.py:186} INFO - Started process (PID=7899) to work on /mnt/d/Project/airflow-news/venv/lib/python3.12/site-packages/airflow/example_dags/plugins/event_listener.py
[2024-12-23T06:31:17.135+0700] {processor.py:914} INFO - Processing file /mnt/d/Project/airflow-news/venv/lib/python3.12/site-packages/airflow/example_dags/plugins/event_listener.py for tasks to queue
[2024-12-23T06:31:17.139+0700] {logging_mixin.py:190} INFO - [2024-12-23T06:31:17.138+0700] {dagbag.py:588} INFO - Filling up the DagBag from /mnt/d/Project/airflow-news/venv/lib/python3.12/site-packages/airflow/example_dags/plugins/event_listener.py
[2024-12-23T06:31:17.170+0700] {processor.py:927} WARNING - No viable dags retrieved from /mnt/d/Project/airflow-news/venv/lib/python3.12/site-packages/airflow/example_dags/plugins/event_listener.py
[2024-12-23T06:31:17.199+0700] {processor.py:208} INFO - Processing /mnt/d/Project/airflow-news/venv/lib/python3.12/site-packages/airflow/example_dags/plugins/event_listener.py took 0.086 seconds
[2024-12-23T06:31:17.933+0700] {processor.py:186} INFO - Started process (PID=7900) to work on /mnt/d/Project/airflow-news/venv/lib/python3.12/site-packages/airflow/example_dags/plugins/event_listener.py
[2024-12-23T06:31:17.935+0700] {processor.py:914} INFO - Processing file /mnt/d/Project/airflow-news/venv/lib/python3.12/site-packages/airflow/example_dags/plugins/event_listener.py for tasks to queue
[2024-12-23T06:31:17.939+0700] {logging_mixin.py:190} INFO - [2024-12-23T06:31:17.938+0700] {dagbag.py:588} INFO - Filling up the DagBag from /mnt/d/Project/airflow-news/venv/lib/python3.12/site-packages/airflow/example_dags/plugins/event_listener.py
[2024-12-23T06:31:17.970+0700] {processor.py:927} WARNING - No viable dags retrieved from /mnt/d/Project/airflow-news/venv/lib/python3.12/site-packages/airflow/example_dags/plugins/event_listener.py
[2024-12-23T06:31:17.999+0700] {processor.py:208} INFO - Processing /mnt/d/Project/airflow-news/venv/lib/python3.12/site-packages/airflow/example_dags/plugins/event_listener.py took 0.079 seconds
[2024-12-23T06:32:05.723+0700] {processor.py:186} INFO - Started process (PID=8032) to work on /mnt/d/Project/airflow-news/venv/lib/python3.12/site-packages/airflow/example_dags/plugins/event_listener.py
[2024-12-23T06:32:05.726+0700] {processor.py:914} INFO - Processing file /mnt/d/Project/airflow-news/venv/lib/python3.12/site-packages/airflow/example_dags/plugins/event_listener.py for tasks to queue
[2024-12-23T06:32:05.731+0700] {logging_mixin.py:190} INFO - [2024-12-23T06:32:05.729+0700] {dagbag.py:588} INFO - Filling up the DagBag from /mnt/d/Project/airflow-news/venv/lib/python3.12/site-packages/airflow/example_dags/plugins/event_listener.py
[2024-12-23T06:32:05.759+0700] {processor.py:927} WARNING - No viable dags retrieved from /mnt/d/Project/airflow-news/venv/lib/python3.12/site-packages/airflow/example_dags/plugins/event_listener.py
[2024-12-23T06:32:05.786+0700] {processor.py:208} INFO - Processing /mnt/d/Project/airflow-news/venv/lib/python3.12/site-packages/airflow/example_dags/plugins/event_listener.py took 0.079 seconds
[2024-12-23T06:32:13.518+0700] {processor.py:186} INFO - Started process (PID=8057) to work on /mnt/d/Project/airflow-news/venv/lib/python3.12/site-packages/airflow/example_dags/plugins/event_listener.py
[2024-12-23T06:32:13.521+0700] {processor.py:914} INFO - Processing file /mnt/d/Project/airflow-news/venv/lib/python3.12/site-packages/airflow/example_dags/plugins/event_listener.py for tasks to queue
[2024-12-23T06:32:13.525+0700] {logging_mixin.py:190} INFO - [2024-12-23T06:32:13.523+0700] {dagbag.py:588} INFO - Filling up the DagBag from /mnt/d/Project/airflow-news/venv/lib/python3.12/site-packages/airflow/example_dags/plugins/event_listener.py
[2024-12-23T06:32:13.553+0700] {processor.py:927} WARNING - No viable dags retrieved from /mnt/d/Project/airflow-news/venv/lib/python3.12/site-packages/airflow/example_dags/plugins/event_listener.py
[2024-12-23T06:32:11.789+0700] {processor.py:208} INFO - Processing /mnt/d/Project/airflow-news/venv/lib/python3.12/site-packages/airflow/example_dags/plugins/event_listener.py took 0.084 seconds
[2024-12-23T06:32:53.196+0700] {processor.py:186} INFO - Started process (PID=8169) to work on /mnt/d/Project/airflow-news/venv/lib/python3.12/site-packages/airflow/example_dags/plugins/event_listener.py
[2024-12-23T06:32:53.198+0700] {processor.py:914} INFO - Processing file /mnt/d/Project/airflow-news/venv/lib/python3.12/site-packages/airflow/example_dags/plugins/event_listener.py for tasks to queue
[2024-12-23T06:32:53.202+0700] {logging_mixin.py:190} INFO - [2024-12-23T06:32:53.201+0700] {dagbag.py:588} INFO - Filling up the DagBag from /mnt/d/Project/airflow-news/venv/lib/python3.12/site-packages/airflow/example_dags/plugins/event_listener.py
[2024-12-23T06:32:53.228+0700] {processor.py:927} WARNING - No viable dags retrieved from /mnt/d/Project/airflow-news/venv/lib/python3.12/site-packages/airflow/example_dags/plugins/event_listener.py
[2024-12-23T06:32:53.257+0700] {processor.py:208} INFO - Processing /mnt/d/Project/airflow-news/venv/lib/python3.12/site-packages/airflow/example_dags/plugins/event_listener.py took 0.074 seconds
[2024-12-23T06:33:10.309+0700] {processor.py:186} INFO - Started process (PID=8223) to work on /mnt/d/Project/airflow-news/venv/lib/python3.12/site-packages/airflow/example_dags/plugins/event_listener.py
[2024-12-23T06:33:10.311+0700] {processor.py:914} INFO - Processing file /mnt/d/Project/airflow-news/venv/lib/python3.12/site-packages/airflow/example_dags/plugins/event_listener.py for tasks to queue
[2024-12-23T06:33:10.317+0700] {logging_mixin.py:190} INFO - [2024-12-23T06:33:10.315+0700] {dagbag.py:588} INFO - Filling up the DagBag from /mnt/d/Project/airflow-news/venv/lib/python3.12/site-packages/airflow/example_dags/plugins/event_listener.py
[2024-12-23T06:33:10.354+0700] {processor.py:927} WARNING - No viable dags retrieved from /mnt/d/Project/airflow-news/venv/lib/python3.12/site-packages/airflow/example_dags/plugins/event_listener.py
[2024-12-23T06:33:10.405+0700] {processor.py:208} INFO - Processing /mnt/d/Project/airflow-news/venv/lib/python3.12/site-packages/airflow/example_dags/plugins/event_listener.py took 0.121 seconds
[2024-12-23T06:33:40.512+0700] {processor.py:186} INFO - Started process (PID=8315) to work on /mnt/d/Project/airflow-news/venv/lib/python3.12/site-packages/airflow/example_dags/plugins/event_listener.py
[2024-12-23T06:33:40.514+0700] {processor.py:914} INFO - Processing file /mnt/d/Project/airflow-news/venv/lib/python3.12/site-packages/airflow/example_dags/plugins/event_listener.py for tasks to queue
[2024-12-23T06:33:40.518+0700] {logging_mixin.py:190} INFO - [2024-12-23T06:33:40.517+0700] {dagbag.py:588} INFO - Filling up the DagBag from /mnt/d/Project/airflow-news/venv/lib/python3.12/site-packages/airflow/example_dags/plugins/event_listener.py
[2024-12-23T06:33:40.549+0700] {processor.py:927} WARNING - No viable dags retrieved from /mnt/d/Project/airflow-news/venv/lib/python3.12/site-packages/airflow/example_dags/plugins/event_listener.py
[2024-12-23T06:33:40.579+0700] {processor.py:208} INFO - Processing /mnt/d/Project/airflow-news/venv/lib/python3.12/site-packages/airflow/example_dags/plugins/event_listener.py took 0.081 seconds
[2024-12-23T06:34:04.038+0700] {processor.py:186} INFO - Started process (PID=8400) to work on /mnt/d/Project/airflow-news/venv/lib/python3.12/site-packages/airflow/example_dags/plugins/event_listener.py
[2024-12-23T06:34:04.041+0700] {processor.py:914} INFO - Processing file /mnt/d/Project/airflow-news/venv/lib/python3.12/site-packages/airflow/example_dags/plugins/event_listener.py for tasks to queue
[2024-12-23T06:34:04.045+0700] {logging_mixin.py:190} INFO - [2024-12-23T06:34:04.044+0700] {dagbag.py:588} INFO - Filling up the DagBag from /mnt/d/Project/airflow-news/venv/lib/python3.12/site-packages/airflow/example_dags/plugins/event_listener.py
[2024-12-23T06:34:04.075+0700] {processor.py:927} WARNING - No viable dags retrieved from /mnt/d/Project/airflow-news/venv/lib/python3.12/site-packages/airflow/example_dags/plugins/event_listener.py
[2024-12-23T06:34:04.103+0700] {processor.py:208} INFO - Processing /mnt/d/Project/airflow-news/venv/lib/python3.12/site-packages/airflow/example_dags/plugins/event_listener.py took 0.085 seconds
[2024-12-23T06:34:29.595+0700] {processor.py:186} INFO - Started process (PID=8461) to work on /mnt/d/Project/airflow-news/venv/lib/python3.12/site-packages/airflow/example_dags/plugins/event_listener.py
[2024-12-23T06:34:29.598+0700] {processor.py:914} INFO - Processing file /mnt/d/Project/airflow-news/venv/lib/python3.12/site-packages/airflow/example_dags/plugins/event_listener.py for tasks to queue
[2024-12-23T06:34:29.607+0700] {logging_mixin.py:190} INFO - [2024-12-23T06:34:29.604+0700] {dagbag.py:588} INFO - Filling up the DagBag from /mnt/d/Project/airflow-news/venv/lib/python3.12/site-packages/airflow/example_dags/plugins/event_listener.py
[2024-12-23T06:34:29.703+0700] {processor.py:927} WARNING - No viable dags retrieved from /mnt/d/Project/airflow-news/venv/lib/python3.12/site-packages/airflow/example_dags/plugins/event_listener.py
[2024-12-23T06:34:29.741+0700] {processor.py:208} INFO - Processing /mnt/d/Project/airflow-news/venv/lib/python3.12/site-packages/airflow/example_dags/plugins/event_listener.py took 0.167 seconds
[2024-12-23T06:35:33.643+0700] {processor.py:186} INFO - Started process (PID=8649) to work on /mnt/d/Project/airflow-news/venv/lib/python3.12/site-packages/airflow/example_dags/plugins/event_listener.py
[2024-12-23T06:35:33.647+0700] {processor.py:914} INFO - Processing file /mnt/d/Project/airflow-news/venv/lib/python3.12/site-packages/airflow/example_dags/plugins/event_listener.py for tasks to queue
[2024-12-23T06:35:33.653+0700] {logging_mixin.py:190} INFO - [2024-12-23T06:35:33.651+0700] {dagbag.py:588} INFO - Filling up the DagBag from /mnt/d/Project/airflow-news/venv/lib/python3.12/site-packages/airflow/example_dags/plugins/event_listener.py
[2024-12-23T06:35:33.704+0700] {processor.py:927} WARNING - No viable dags retrieved from /mnt/d/Project/airflow-news/venv/lib/python3.12/site-packages/airflow/example_dags/plugins/event_listener.py
[2024-12-23T06:35:33.768+0700] {processor.py:208} INFO - Processing /mnt/d/Project/airflow-news/venv/lib/python3.12/site-packages/airflow/example_dags/plugins/event_listener.py took 0.154 seconds
[2024-12-23T06:36:17.074+0700] {processor.py:186} INFO - Started process (PID=8784) to work on /mnt/d/Project/airflow-news/venv/lib/python3.12/site-packages/airflow/example_dags/plugins/event_listener.py
[2024-12-23T06:36:17.077+0700] {processor.py:914} INFO - Processing file /mnt/d/Project/airflow-news/venv/lib/python3.12/site-packages/airflow/example_dags/plugins/event_listener.py for tasks to queue
[2024-12-23T06:36:17.081+0700] {logging_mixin.py:190} INFO - [2024-12-23T06:36:17.080+0700] {dagbag.py:588} INFO - Filling up the DagBag from /mnt/d/Project/airflow-news/venv/lib/python3.12/site-packages/airflow/example_dags/plugins/event_listener.py
[2024-12-23T06:36:17.111+0700] {processor.py:927} WARNING - No viable dags retrieved from /mnt/d/Project/airflow-news/venv/lib/python3.12/site-packages/airflow/example_dags/plugins/event_listener.py
[2024-12-23T06:36:17.138+0700] {processor.py:208} INFO - Processing /mnt/d/Project/airflow-news/venv/lib/python3.12/site-packages/airflow/example_dags/plugins/event_listener.py took 0.080 seconds
[2024-12-23T06:37:19.734+0700] {processor.py:186} INFO - Started process (PID=8970) to work on /mnt/d/Project/airflow-news/venv/lib/python3.12/site-packages/airflow/example_dags/plugins/event_listener.py
[2024-12-23T06:37:19.737+0700] {processor.py:914} INFO - Processing file /mnt/d/Project/airflow-news/venv/lib/python3.12/site-packages/airflow/example_dags/plugins/event_listener.py for tasks to queue
[2024-12-23T06:37:19.741+0700] {logging_mixin.py:190} INFO - [2024-12-23T06:37:19.740+0700] {dagbag.py:588} INFO - Filling up the DagBag from /mnt/d/Project/airflow-news/venv/lib/python3.12/site-packages/airflow/example_dags/plugins/event_listener.py
[2024-12-23T06:37:19.772+0700] {processor.py:927} WARNING - No viable dags retrieved from /mnt/d/Project/airflow-news/venv/lib/python3.12/site-packages/airflow/example_dags/plugins/event_listener.py
[2024-12-23T06:37:19.825+0700] {processor.py:208} INFO - Processing /mnt/d/Project/airflow-news/venv/lib/python3.12/site-packages/airflow/example_dags/plugins/event_listener.py took 0.114 seconds
[2024-12-23T06:37:32.826+0700] {processor.py:186} INFO - Started process (PID=9016) to work on /mnt/d/Project/airflow-news/venv/lib/python3.12/site-packages/airflow/example_dags/plugins/event_listener.py
[2024-12-23T06:37:32.828+0700] {processor.py:914} INFO - Processing file /mnt/d/Project/airflow-news/venv/lib/python3.12/site-packages/airflow/example_dags/plugins/event_listener.py for tasks to queue
[2024-12-23T06:37:32.833+0700] {logging_mixin.py:190} INFO - [2024-12-23T06:37:32.831+0700] {dagbag.py:588} INFO - Filling up the DagBag from /mnt/d/Project/airflow-news/venv/lib/python3.12/site-packages/airflow/example_dags/plugins/event_listener.py
[2024-12-23T06:37:32.863+0700] {processor.py:927} WARNING - No viable dags retrieved from /mnt/d/Project/airflow-news/venv/lib/python3.12/site-packages/airflow/example_dags/plugins/event_listener.py
[2024-12-23T06:37:32.891+0700] {processor.py:208} INFO - Processing /mnt/d/Project/airflow-news/venv/lib/python3.12/site-packages/airflow/example_dags/plugins/event_listener.py took 0.080 seconds
[2024-12-23T06:38:19.151+0700] {processor.py:186} INFO - Started process (PID=9199) to work on /mnt/d/Project/airflow-news/venv/lib/python3.12/site-packages/airflow/example_dags/plugins/event_listener.py
[2024-12-23T06:38:19.154+0700] {processor.py:914} INFO - Processing file /mnt/d/Project/airflow-news/venv/lib/python3.12/site-packages/airflow/example_dags/plugins/event_listener.py for tasks to queue
[2024-12-23T06:38:19.158+0700] {logging_mixin.py:190} INFO - [2024-12-23T06:38:19.157+0700] {dagbag.py:588} INFO - Filling up the DagBag from /mnt/d/Project/airflow-news/venv/lib/python3.12/site-packages/airflow/example_dags/plugins/event_listener.py
[2024-12-23T06:38:19.189+0700] {processor.py:927} WARNING - No viable dags retrieved from /mnt/d/Project/airflow-news/venv/lib/python3.12/site-packages/airflow/example_dags/plugins/event_listener.py
[2024-12-23T06:38:19.220+0700] {processor.py:208} INFO - Processing /mnt/d/Project/airflow-news/venv/lib/python3.12/site-packages/airflow/example_dags/plugins/event_listener.py took 0.084 seconds
[2024-12-23T06:38:20.636+0700] {processor.py:186} INFO - Started process (PID=9203) to work on /mnt/d/Project/airflow-news/venv/lib/python3.12/site-packages/airflow/example_dags/plugins/event_listener.py
[2024-12-23T06:38:20.639+0700] {processor.py:914} INFO - Processing file /mnt/d/Project/airflow-news/venv/lib/python3.12/site-packages/airflow/example_dags/plugins/event_listener.py for tasks to queue
[2024-12-23T06:38:20.646+0700] {logging_mixin.py:190} INFO - [2024-12-23T06:38:20.643+0700] {dagbag.py:588} INFO - Filling up the DagBag from /mnt/d/Project/airflow-news/venv/lib/python3.12/site-packages/airflow/example_dags/plugins/event_listener.py
[2024-12-23T06:38:20.685+0700] {processor.py:927} WARNING - No viable dags retrieved from /mnt/d/Project/airflow-news/venv/lib/python3.12/site-packages/airflow/example_dags/plugins/event_listener.py
[2024-12-23T06:38:20.728+0700] {processor.py:208} INFO - Processing /mnt/d/Project/airflow-news/venv/lib/python3.12/site-packages/airflow/example_dags/plugins/event_listener.py took 0.123 seconds
[2024-12-23T06:39:10.990+0700] {processor.py:186} INFO - Started process (PID=9354) to work on /mnt/d/Project/airflow-news/venv/lib/python3.12/site-packages/airflow/example_dags/plugins/event_listener.py
[2024-12-23T06:39:10.993+0700] {processor.py:914} INFO - Processing file /mnt/d/Project/airflow-news/venv/lib/python3.12/site-packages/airflow/example_dags/plugins/event_listener.py for tasks to queue
[2024-12-23T06:39:10.999+0700] {logging_mixin.py:190} INFO - [2024-12-23T06:39:10.997+0700] {dagbag.py:588} INFO - Filling up the DagBag from /mnt/d/Project/airflow-news/venv/lib/python3.12/site-packages/airflow/example_dags/plugins/event_listener.py
[2024-12-23T06:39:11.034+0700] {processor.py:927} WARNING - No viable dags retrieved from /mnt/d/Project/airflow-news/venv/lib/python3.12/site-packages/airflow/example_dags/plugins/event_listener.py
[2024-12-23T06:39:11.067+0700] {processor.py:208} INFO - Processing /mnt/d/Project/airflow-news/venv/lib/python3.12/site-packages/airflow/example_dags/plugins/event_listener.py took 0.097 seconds
[2024-12-23T06:39:21.627+0700] {processor.py:186} INFO - Started process (PID=9390) to work on /mnt/d/Project/airflow-news/venv/lib/python3.12/site-packages/airflow/example_dags/plugins/event_listener.py
[2024-12-23T06:39:21.629+0700] {processor.py:914} INFO - Processing file /mnt/d/Project/airflow-news/venv/lib/python3.12/site-packages/airflow/example_dags/plugins/event_listener.py for tasks to queue
[2024-12-23T06:39:21.635+0700] {logging_mixin.py:190} INFO - [2024-12-23T06:39:21.633+0700] {dagbag.py:588} INFO - Filling up the DagBag from /mnt/d/Project/airflow-news/venv/lib/python3.12/site-packages/airflow/example_dags/plugins/event_listener.py
[2024-12-23T06:39:21.668+0700] {processor.py:927} WARNING - No viable dags retrieved from /mnt/d/Project/airflow-news/venv/lib/python3.12/site-packages/airflow/example_dags/plugins/event_listener.py
[2024-12-23T06:39:21.696+0700] {processor.py:208} INFO - Processing /mnt/d/Project/airflow-news/venv/lib/python3.12/site-packages/airflow/example_dags/plugins/event_listener.py took 0.091 seconds
