[2024-12-23T05:43:59.233+0700] {processor.py:186} INFO - Started process (PID=1320) to work on /mnt/d/Project/airflow-news/venv/lib/python3.12/site-packages/airflow/example_dags/plugins/workday.py
[2024-12-23T05:43:59.235+0700] {processor.py:914} INFO - Processing file /mnt/d/Project/airflow-news/venv/lib/python3.12/site-packages/airflow/example_dags/plugins/workday.py for tasks to queue
[2024-12-23T05:43:59.241+0700] {logging_mixin.py:190} INFO - [2024-12-23T05:43:59.239+0700] {dagbag.py:588} INFO - Filling up the DagBag from /mnt/d/Project/airflow-news/venv/lib/python3.12/site-packages/airflow/example_dags/plugins/workday.py
[2024-12-23T05:43:59.281+0700] {logging_mixin.py:190} INFO - [2024-12-23T05:43:59.280+0700] {workday.py:41} WARNING - Could not import pandas. Holidays will not be considered.
[2024-12-23T05:43:59.284+0700] {processor.py:927} WARNING - No viable dags retrieved from /mnt/d/Project/airflow-news/venv/lib/python3.12/site-packages/airflow/example_dags/plugins/workday.py
[2024-12-23T05:43:59.317+0700] {processor.py:208} INFO - Processing /mnt/d/Project/airflow-news/venv/lib/python3.12/site-packages/airflow/example_dags/plugins/workday.py took 0.100 seconds
[2024-12-23T05:51:51.123+0700] {processor.py:186} INFO - Started process (PID=1626) to work on /mnt/d/Project/airflow-news/venv/lib/python3.12/site-packages/airflow/example_dags/plugins/workday.py
[2024-12-23T05:51:51.126+0700] {processor.py:914} INFO - Processing file /mnt/d/Project/airflow-news/venv/lib/python3.12/site-packages/airflow/example_dags/plugins/workday.py for tasks to queue
[2024-12-23T05:51:51.130+0700] {logging_mixin.py:190} INFO - [2024-12-23T05:51:51.129+0700] {dagbag.py:588} INFO - Filling up the DagBag from /mnt/d/Project/airflow-news/venv/lib/python3.12/site-packages/airflow/example_dags/plugins/workday.py
[2024-12-23T05:51:51.164+0700] {logging_mixin.py:190} INFO - [2024-12-23T05:51:51.162+0700] {workday.py:41} WARNING - Could not import pandas. Holidays will not be considered.
[2024-12-23T05:51:51.166+0700] {processor.py:927} WARNING - No viable dags retrieved from /mnt/d/Project/airflow-news/venv/lib/python3.12/site-packages/airflow/example_dags/plugins/workday.py
[2024-12-23T05:51:51.194+0700] {processor.py:208} INFO - Processing /mnt/d/Project/airflow-news/venv/lib/python3.12/site-packages/airflow/example_dags/plugins/workday.py took 0.083 seconds
[2024-12-23T05:52:57.592+0700] {processor.py:186} INFO - Started process (PID=1731) to work on /mnt/d/Project/airflow-news/venv/lib/python3.12/site-packages/airflow/example_dags/plugins/workday.py
[2024-12-23T05:52:57.595+0700] {processor.py:914} INFO - Processing file /mnt/d/Project/airflow-news/venv/lib/python3.12/site-packages/airflow/example_dags/plugins/workday.py for tasks to queue
[2024-12-23T05:52:57.600+0700] {logging_mixin.py:190} INFO - [2024-12-23T05:52:57.598+0700] {dagbag.py:588} INFO - Filling up the DagBag from /mnt/d/Project/airflow-news/venv/lib/python3.12/site-packages/airflow/example_dags/plugins/workday.py
[2024-12-23T05:52:57.635+0700] {logging_mixin.py:190} INFO - [2024-12-23T05:52:57.634+0700] {workday.py:41} WARNING - Could not import pandas. Holidays will not be considered.
[2024-12-23T05:52:57.637+0700] {processor.py:927} WARNING - No viable dags retrieved from /mnt/d/Project/airflow-news/venv/lib/python3.12/site-packages/airflow/example_dags/plugins/workday.py
[2024-12-23T05:52:57.666+0700] {processor.py:208} INFO - Processing /mnt/d/Project/airflow-news/venv/lib/python3.12/site-packages/airflow/example_dags/plugins/workday.py took 0.091 seconds
[2024-12-23T05:54:45.147+0700] {processor.py:186} INFO - Started process (PID=2000) to work on /mnt/d/Project/airflow-news/venv/lib/python3.12/site-packages/airflow/example_dags/plugins/workday.py
[2024-12-23T05:54:45.150+0700] {processor.py:914} INFO - Processing file /mnt/d/Project/airflow-news/venv/lib/python3.12/site-packages/airflow/example_dags/plugins/workday.py for tasks to queue
[2024-12-23T05:54:45.155+0700] {logging_mixin.py:190} INFO - [2024-12-23T05:54:45.153+0700] {dagbag.py:588} INFO - Filling up the DagBag from /mnt/d/Project/airflow-news/venv/lib/python3.12/site-packages/airflow/example_dags/plugins/workday.py
[2024-12-23T05:54:45.193+0700] {logging_mixin.py:190} INFO - [2024-12-23T05:54:45.192+0700] {workday.py:41} WARNING - Could not import pandas. Holidays will not be considered.
[2024-12-23T05:54:45.195+0700] {processor.py:927} WARNING - No viable dags retrieved from /mnt/d/Project/airflow-news/venv/lib/python3.12/site-packages/airflow/example_dags/plugins/workday.py
[2024-12-23T05:54:45.228+0700] {processor.py:208} INFO - Processing /mnt/d/Project/airflow-news/venv/lib/python3.12/site-packages/airflow/example_dags/plugins/workday.py took 0.098 seconds
[2024-12-23T05:55:46.619+0700] {processor.py:186} INFO - Started process (PID=2174) to work on /mnt/d/Project/airflow-news/venv/lib/python3.12/site-packages/airflow/example_dags/plugins/workday.py
[2024-12-23T05:55:46.621+0700] {processor.py:914} INFO - Processing file /mnt/d/Project/airflow-news/venv/lib/python3.12/site-packages/airflow/example_dags/plugins/workday.py for tasks to queue
[2024-12-23T05:55:46.626+0700] {logging_mixin.py:190} INFO - [2024-12-23T05:55:46.625+0700] {dagbag.py:588} INFO - Filling up the DagBag from /mnt/d/Project/airflow-news/venv/lib/python3.12/site-packages/airflow/example_dags/plugins/workday.py
[2024-12-23T05:55:46.664+0700] {logging_mixin.py:190} INFO - [2024-12-23T05:55:46.662+0700] {workday.py:41} WARNING - Could not import pandas. Holidays will not be considered.
[2024-12-23T05:55:46.666+0700] {processor.py:927} WARNING - No viable dags retrieved from /mnt/d/Project/airflow-news/venv/lib/python3.12/site-packages/airflow/example_dags/plugins/workday.py
[2024-12-23T05:55:46.699+0700] {processor.py:208} INFO - Processing /mnt/d/Project/airflow-news/venv/lib/python3.12/site-packages/airflow/example_dags/plugins/workday.py took 0.099 seconds
[2024-12-23T05:56:31.692+0700] {processor.py:186} INFO - Started process (PID=2251) to work on /mnt/d/Project/airflow-news/venv/lib/python3.12/site-packages/airflow/example_dags/plugins/workday.py
[2024-12-23T05:56:31.694+0700] {processor.py:914} INFO - Processing file /mnt/d/Project/airflow-news/venv/lib/python3.12/site-packages/airflow/example_dags/plugins/workday.py for tasks to queue
[2024-12-23T05:56:31.699+0700] {logging_mixin.py:190} INFO - [2024-12-23T05:56:31.697+0700] {dagbag.py:588} INFO - Filling up the DagBag from /mnt/d/Project/airflow-news/venv/lib/python3.12/site-packages/airflow/example_dags/plugins/workday.py
[2024-12-23T05:56:31.732+0700] {logging_mixin.py:190} INFO - [2024-12-23T05:56:31.731+0700] {workday.py:41} WARNING - Could not import pandas. Holidays will not be considered.
[2024-12-23T05:56:31.734+0700] {processor.py:927} WARNING - No viable dags retrieved from /mnt/d/Project/airflow-news/venv/lib/python3.12/site-packages/airflow/example_dags/plugins/workday.py
[2024-12-23T05:56:31.761+0700] {processor.py:208} INFO - Processing /mnt/d/Project/airflow-news/venv/lib/python3.12/site-packages/airflow/example_dags/plugins/workday.py took 0.084 seconds
[2024-12-23T05:57:20.895+0700] {processor.py:186} INFO - Started process (PID=2346) to work on /mnt/d/Project/airflow-news/venv/lib/python3.12/site-packages/airflow/example_dags/plugins/workday.py
[2024-12-23T05:57:20.897+0700] {processor.py:914} INFO - Processing file /mnt/d/Project/airflow-news/venv/lib/python3.12/site-packages/airflow/example_dags/plugins/workday.py for tasks to queue
[2024-12-23T05:57:20.902+0700] {logging_mixin.py:190} INFO - [2024-12-23T05:57:20.900+0700] {dagbag.py:588} INFO - Filling up the DagBag from /mnt/d/Project/airflow-news/venv/lib/python3.12/site-packages/airflow/example_dags/plugins/workday.py
[2024-12-23T05:57:20.941+0700] {logging_mixin.py:190} INFO - [2024-12-23T05:57:20.939+0700] {workday.py:41} WARNING - Could not import pandas. Holidays will not be considered.
[2024-12-23T05:57:20.942+0700] {processor.py:927} WARNING - No viable dags retrieved from /mnt/d/Project/airflow-news/venv/lib/python3.12/site-packages/airflow/example_dags/plugins/workday.py
[2024-12-23T05:57:20.969+0700] {processor.py:208} INFO - Processing /mnt/d/Project/airflow-news/venv/lib/python3.12/site-packages/airflow/example_dags/plugins/workday.py took 0.091 seconds
[2024-12-23T05:58:07.282+0700] {processor.py:186} INFO - Started process (PID=2481) to work on /mnt/d/Project/airflow-news/venv/lib/python3.12/site-packages/airflow/example_dags/plugins/workday.py
[2024-12-23T05:58:07.284+0700] {processor.py:914} INFO - Processing file /mnt/d/Project/airflow-news/venv/lib/python3.12/site-packages/airflow/example_dags/plugins/workday.py for tasks to queue
[2024-12-23T05:58:07.289+0700] {logging_mixin.py:190} INFO - [2024-12-23T05:58:07.288+0700] {dagbag.py:588} INFO - Filling up the DagBag from /mnt/d/Project/airflow-news/venv/lib/python3.12/site-packages/airflow/example_dags/plugins/workday.py
[2024-12-23T05:58:07.333+0700] {logging_mixin.py:190} INFO - [2024-12-23T05:58:07.332+0700] {workday.py:41} WARNING - Could not import pandas. Holidays will not be considered.
[2024-12-23T05:58:07.335+0700] {processor.py:927} WARNING - No viable dags retrieved from /mnt/d/Project/airflow-news/venv/lib/python3.12/site-packages/airflow/example_dags/plugins/workday.py
[2024-12-23T05:58:07.366+0700] {processor.py:208} INFO - Processing /mnt/d/Project/airflow-news/venv/lib/python3.12/site-packages/airflow/example_dags/plugins/workday.py took 0.100 seconds
[2024-12-23T05:58:35.882+0700] {processor.py:186} INFO - Started process (PID=2536) to work on /mnt/d/Project/airflow-news/venv/lib/python3.12/site-packages/airflow/example_dags/plugins/workday.py
[2024-12-23T05:58:35.884+0700] {processor.py:914} INFO - Processing file /mnt/d/Project/airflow-news/venv/lib/python3.12/site-packages/airflow/example_dags/plugins/workday.py for tasks to queue
[2024-12-23T05:58:35.889+0700] {logging_mixin.py:190} INFO - [2024-12-23T05:58:35.887+0700] {dagbag.py:588} INFO - Filling up the DagBag from /mnt/d/Project/airflow-news/venv/lib/python3.12/site-packages/airflow/example_dags/plugins/workday.py
[2024-12-23T05:58:35.926+0700] {logging_mixin.py:190} INFO - [2024-12-23T05:58:35.924+0700] {workday.py:41} WARNING - Could not import pandas. Holidays will not be considered.
[2024-12-23T05:58:35.927+0700] {processor.py:927} WARNING - No viable dags retrieved from /mnt/d/Project/airflow-news/venv/lib/python3.12/site-packages/airflow/example_dags/plugins/workday.py
[2024-12-23T05:58:35.955+0700] {processor.py:208} INFO - Processing /mnt/d/Project/airflow-news/venv/lib/python3.12/site-packages/airflow/example_dags/plugins/workday.py took 0.089 seconds
[2024-12-23T05:58:57.538+0700] {processor.py:186} INFO - Started process (PID=2584) to work on /mnt/d/Project/airflow-news/venv/lib/python3.12/site-packages/airflow/example_dags/plugins/workday.py
[2024-12-23T05:58:57.541+0700] {processor.py:914} INFO - Processing file /mnt/d/Project/airflow-news/venv/lib/python3.12/site-packages/airflow/example_dags/plugins/workday.py for tasks to queue
[2024-12-23T05:58:57.546+0700] {logging_mixin.py:190} INFO - [2024-12-23T05:58:57.545+0700] {dagbag.py:588} INFO - Filling up the DagBag from /mnt/d/Project/airflow-news/venv/lib/python3.12/site-packages/airflow/example_dags/plugins/workday.py
[2024-12-23T05:58:57.592+0700] {logging_mixin.py:190} INFO - [2024-12-23T05:58:57.590+0700] {workday.py:41} WARNING - Could not import pandas. Holidays will not be considered.
[2024-12-23T05:58:57.594+0700] {processor.py:927} WARNING - No viable dags retrieved from /mnt/d/Project/airflow-news/venv/lib/python3.12/site-packages/airflow/example_dags/plugins/workday.py
[2024-12-23T05:58:57.629+0700] {processor.py:208} INFO - Processing /mnt/d/Project/airflow-news/venv/lib/python3.12/site-packages/airflow/example_dags/plugins/workday.py took 0.122 seconds
[2024-12-23T05:59:46.396+0700] {processor.py:186} INFO - Started process (PID=2728) to work on /mnt/d/Project/airflow-news/venv/lib/python3.12/site-packages/airflow/example_dags/plugins/workday.py
[2024-12-23T05:59:46.399+0700] {processor.py:914} INFO - Processing file /mnt/d/Project/airflow-news/venv/lib/python3.12/site-packages/airflow/example_dags/plugins/workday.py for tasks to queue
[2024-12-23T05:59:46.404+0700] {logging_mixin.py:190} INFO - [2024-12-23T05:59:46.402+0700] {dagbag.py:588} INFO - Filling up the DagBag from /mnt/d/Project/airflow-news/venv/lib/python3.12/site-packages/airflow/example_dags/plugins/workday.py
[2024-12-23T05:59:46.445+0700] {logging_mixin.py:190} INFO - [2024-12-23T05:59:46.443+0700] {workday.py:41} WARNING - Could not import pandas. Holidays will not be considered.
[2024-12-23T05:59:46.447+0700] {processor.py:927} WARNING - No viable dags retrieved from /mnt/d/Project/airflow-news/venv/lib/python3.12/site-packages/airflow/example_dags/plugins/workday.py
[2024-12-23T05:59:46.483+0700] {processor.py:208} INFO - Processing /mnt/d/Project/airflow-news/venv/lib/python3.12/site-packages/airflow/example_dags/plugins/workday.py took 0.105 seconds
[2024-12-23T06:00:01.817+0700] {processor.py:186} INFO - Started process (PID=2764) to work on /mnt/d/Project/airflow-news/venv/lib/python3.12/site-packages/airflow/example_dags/plugins/workday.py
[2024-12-23T06:00:01.820+0700] {processor.py:914} INFO - Processing file /mnt/d/Project/airflow-news/venv/lib/python3.12/site-packages/airflow/example_dags/plugins/workday.py for tasks to queue
[2024-12-23T06:00:01.825+0700] {logging_mixin.py:190} INFO - [2024-12-23T06:00:01.823+0700] {dagbag.py:588} INFO - Filling up the DagBag from /mnt/d/Project/airflow-news/venv/lib/python3.12/site-packages/airflow/example_dags/plugins/workday.py
[2024-12-23T06:00:01.863+0700] {logging_mixin.py:190} INFO - [2024-12-23T06:00:01.862+0700] {workday.py:41} WARNING - Could not import pandas. Holidays will not be considered.
[2024-12-23T06:00:01.865+0700] {processor.py:927} WARNING - No viable dags retrieved from /mnt/d/Project/airflow-news/venv/lib/python3.12/site-packages/airflow/example_dags/plugins/workday.py
[2024-12-23T06:00:01.899+0700] {processor.py:208} INFO - Processing /mnt/d/Project/airflow-news/venv/lib/python3.12/site-packages/airflow/example_dags/plugins/workday.py took 0.097 seconds
[2024-12-23T06:00:41.896+0700] {processor.py:186} INFO - Started process (PID=2865) to work on /mnt/d/Project/airflow-news/venv/lib/python3.12/site-packages/airflow/example_dags/plugins/workday.py
[2024-12-23T06:00:41.898+0700] {processor.py:914} INFO - Processing file /mnt/d/Project/airflow-news/venv/lib/python3.12/site-packages/airflow/example_dags/plugins/workday.py for tasks to queue
[2024-12-23T06:00:41.903+0700] {logging_mixin.py:190} INFO - [2024-12-23T06:00:41.901+0700] {dagbag.py:588} INFO - Filling up the DagBag from /mnt/d/Project/airflow-news/venv/lib/python3.12/site-packages/airflow/example_dags/plugins/workday.py
[2024-12-23T06:00:41.940+0700] {logging_mixin.py:190} INFO - [2024-12-23T06:00:41.940+0700] {workday.py:41} WARNING - Could not import pandas. Holidays will not be considered.
[2024-12-23T06:00:41.942+0700] {processor.py:927} WARNING - No viable dags retrieved from /mnt/d/Project/airflow-news/venv/lib/python3.12/site-packages/airflow/example_dags/plugins/workday.py
[2024-12-23T06:00:41.972+0700] {processor.py:208} INFO - Processing /mnt/d/Project/airflow-news/venv/lib/python3.12/site-packages/airflow/example_dags/plugins/workday.py took 0.090 seconds
[2024-12-23T06:00:56.017+0700] {processor.py:186} INFO - Started process (PID=2906) to work on /mnt/d/Project/airflow-news/venv/lib/python3.12/site-packages/airflow/example_dags/plugins/workday.py
[2024-12-23T06:00:56.020+0700] {processor.py:914} INFO - Processing file /mnt/d/Project/airflow-news/venv/lib/python3.12/site-packages/airflow/example_dags/plugins/workday.py for tasks to queue
[2024-12-23T06:00:56.026+0700] {logging_mixin.py:190} INFO - [2024-12-23T06:00:56.024+0700] {dagbag.py:588} INFO - Filling up the DagBag from /mnt/d/Project/airflow-news/venv/lib/python3.12/site-packages/airflow/example_dags/plugins/workday.py
[2024-12-23T06:00:56.069+0700] {logging_mixin.py:190} INFO - [2024-12-23T06:00:56.067+0700] {workday.py:41} WARNING - Could not import pandas. Holidays will not be considered.
[2024-12-23T06:00:56.071+0700] {processor.py:927} WARNING - No viable dags retrieved from /mnt/d/Project/airflow-news/venv/lib/python3.12/site-packages/airflow/example_dags/plugins/workday.py
[2024-12-23T06:00:56.104+0700] {processor.py:208} INFO - Processing /mnt/d/Project/airflow-news/venv/lib/python3.12/site-packages/airflow/example_dags/plugins/workday.py took 0.104 seconds
[2024-12-23T06:01:43.978+0700] {processor.py:186} INFO - Started process (PID=2999) to work on /mnt/d/Project/airflow-news/venv/lib/python3.12/site-packages/airflow/example_dags/plugins/workday.py
[2024-12-23T06:01:43.980+0700] {processor.py:914} INFO - Processing file /mnt/d/Project/airflow-news/venv/lib/python3.12/site-packages/airflow/example_dags/plugins/workday.py for tasks to queue
[2024-12-23T06:01:43.985+0700] {logging_mixin.py:190} INFO - [2024-12-23T06:01:43.983+0700] {dagbag.py:588} INFO - Filling up the DagBag from /mnt/d/Project/airflow-news/venv/lib/python3.12/site-packages/airflow/example_dags/plugins/workday.py
[2024-12-23T06:01:44.030+0700] {logging_mixin.py:190} INFO - [2024-12-23T06:01:44.029+0700] {workday.py:41} WARNING - Could not import pandas. Holidays will not be considered.
[2024-12-23T06:01:44.032+0700] {processor.py:927} WARNING - No viable dags retrieved from /mnt/d/Project/airflow-news/venv/lib/python3.12/site-packages/airflow/example_dags/plugins/workday.py
[2024-12-23T06:01:44.063+0700] {processor.py:208} INFO - Processing /mnt/d/Project/airflow-news/venv/lib/python3.12/site-packages/airflow/example_dags/plugins/workday.py took 0.099 seconds
[2024-12-23T06:02:40.780+0700] {processor.py:186} INFO - Started process (PID=3114) to work on /mnt/d/Project/airflow-news/venv/lib/python3.12/site-packages/airflow/example_dags/plugins/workday.py
[2024-12-23T06:02:40.783+0700] {processor.py:914} INFO - Processing file /mnt/d/Project/airflow-news/venv/lib/python3.12/site-packages/airflow/example_dags/plugins/workday.py for tasks to queue
[2024-12-23T06:02:40.787+0700] {logging_mixin.py:190} INFO - [2024-12-23T06:02:40.786+0700] {dagbag.py:588} INFO - Filling up the DagBag from /mnt/d/Project/airflow-news/venv/lib/python3.12/site-packages/airflow/example_dags/plugins/workday.py
[2024-12-23T06:02:40.832+0700] {logging_mixin.py:190} INFO - [2024-12-23T06:02:40.830+0700] {workday.py:41} WARNING - Could not import pandas. Holidays will not be considered.
[2024-12-23T06:02:40.833+0700] {processor.py:927} WARNING - No viable dags retrieved from /mnt/d/Project/airflow-news/venv/lib/python3.12/site-packages/airflow/example_dags/plugins/workday.py
[2024-12-23T06:02:40.863+0700] {processor.py:208} INFO - Processing /mnt/d/Project/airflow-news/venv/lib/python3.12/site-packages/airflow/example_dags/plugins/workday.py took 0.103 seconds
[2024-12-23T06:03:47.881+0700] {processor.py:186} INFO - Started process (PID=3332) to work on /mnt/d/Project/airflow-news/venv/lib/python3.12/site-packages/airflow/example_dags/plugins/workday.py
[2024-12-23T06:03:47.885+0700] {processor.py:914} INFO - Processing file /mnt/d/Project/airflow-news/venv/lib/python3.12/site-packages/airflow/example_dags/plugins/workday.py for tasks to queue
[2024-12-23T06:03:47.893+0700] {logging_mixin.py:190} INFO - [2024-12-23T06:03:47.890+0700] {dagbag.py:588} INFO - Filling up the DagBag from /mnt/d/Project/airflow-news/venv/lib/python3.12/site-packages/airflow/example_dags/plugins/workday.py
[2024-12-23T06:03:57.711+0700] {processor.py:927} WARNING - No viable dags retrieved from /mnt/d/Project/airflow-news/venv/lib/python3.12/site-packages/airflow/example_dags/plugins/workday.py
[2024-12-23T06:03:57.751+0700] {processor.py:208} INFO - Processing /mnt/d/Project/airflow-news/venv/lib/python3.12/site-packages/airflow/example_dags/plugins/workday.py took 9.939 seconds
[2024-12-23T06:04:55.789+0700] {processor.py:186} INFO - Started process (PID=3449) to work on /mnt/d/Project/airflow-news/venv/lib/python3.12/site-packages/airflow/example_dags/plugins/workday.py
[2024-12-23T06:04:55.791+0700] {processor.py:914} INFO - Processing file /mnt/d/Project/airflow-news/venv/lib/python3.12/site-packages/airflow/example_dags/plugins/workday.py for tasks to queue
[2024-12-23T06:04:55.796+0700] {logging_mixin.py:190} INFO - [2024-12-23T06:04:55.794+0700] {dagbag.py:588} INFO - Filling up the DagBag from /mnt/d/Project/airflow-news/venv/lib/python3.12/site-packages/airflow/example_dags/plugins/workday.py
[2024-12-23T06:05:01.444+0700] {processor.py:927} WARNING - No viable dags retrieved from /mnt/d/Project/airflow-news/venv/lib/python3.12/site-packages/airflow/example_dags/plugins/workday.py
[2024-12-23T06:05:01.472+0700] {processor.py:208} INFO - Processing /mnt/d/Project/airflow-news/venv/lib/python3.12/site-packages/airflow/example_dags/plugins/workday.py took 5.702 seconds
[2024-12-23T06:05:54.504+0700] {processor.py:186} INFO - Started process (PID=3607) to work on /mnt/d/Project/airflow-news/venv/lib/python3.12/site-packages/airflow/example_dags/plugins/workday.py
[2024-12-23T06:05:54.507+0700] {processor.py:914} INFO - Processing file /mnt/d/Project/airflow-news/venv/lib/python3.12/site-packages/airflow/example_dags/plugins/workday.py for tasks to queue
[2024-12-23T06:05:54.512+0700] {logging_mixin.py:190} INFO - [2024-12-23T06:05:54.510+0700] {dagbag.py:588} INFO - Filling up the DagBag from /mnt/d/Project/airflow-news/venv/lib/python3.12/site-packages/airflow/example_dags/plugins/workday.py
[2024-12-23T06:06:01.645+0700] {processor.py:927} WARNING - No viable dags retrieved from /mnt/d/Project/airflow-news/venv/lib/python3.12/site-packages/airflow/example_dags/plugins/workday.py
[2024-12-23T06:06:01.679+0700] {processor.py:208} INFO - Processing /mnt/d/Project/airflow-news/venv/lib/python3.12/site-packages/airflow/example_dags/plugins/workday.py took 7.197 seconds
[2024-12-23T06:06:46.466+0700] {processor.py:186} INFO - Started process (PID=3727) to work on /mnt/d/Project/airflow-news/venv/lib/python3.12/site-packages/airflow/example_dags/plugins/workday.py
[2024-12-23T06:06:46.468+0700] {processor.py:914} INFO - Processing file /mnt/d/Project/airflow-news/venv/lib/python3.12/site-packages/airflow/example_dags/plugins/workday.py for tasks to queue
[2024-12-23T06:06:46.473+0700] {logging_mixin.py:190} INFO - [2024-12-23T06:06:46.472+0700] {dagbag.py:588} INFO - Filling up the DagBag from /mnt/d/Project/airflow-news/venv/lib/python3.12/site-packages/airflow/example_dags/plugins/workday.py
[2024-12-23T06:06:46.507+0700] {processor.py:927} WARNING - No viable dags retrieved from /mnt/d/Project/airflow-news/venv/lib/python3.12/site-packages/airflow/example_dags/plugins/workday.py
[2024-12-23T06:06:46.536+0700] {processor.py:208} INFO - Processing /mnt/d/Project/airflow-news/venv/lib/python3.12/site-packages/airflow/example_dags/plugins/workday.py took 0.085 seconds
[2024-12-23T06:06:56.041+0700] {processor.py:186} INFO - Started process (PID=3755) to work on /mnt/d/Project/airflow-news/venv/lib/python3.12/site-packages/airflow/example_dags/plugins/workday.py
[2024-12-23T06:06:56.043+0700] {processor.py:914} INFO - Processing file /mnt/d/Project/airflow-news/venv/lib/python3.12/site-packages/airflow/example_dags/plugins/workday.py for tasks to queue
[2024-12-23T06:06:56.048+0700] {logging_mixin.py:190} INFO - [2024-12-23T06:06:56.047+0700] {dagbag.py:588} INFO - Filling up the DagBag from /mnt/d/Project/airflow-news/venv/lib/python3.12/site-packages/airflow/example_dags/plugins/workday.py
[2024-12-23T06:07:00.706+0700] {processor.py:927} WARNING - No viable dags retrieved from /mnt/d/Project/airflow-news/venv/lib/python3.12/site-packages/airflow/example_dags/plugins/workday.py
[2024-12-23T06:07:00.739+0700] {processor.py:208} INFO - Processing /mnt/d/Project/airflow-news/venv/lib/python3.12/site-packages/airflow/example_dags/plugins/workday.py took 4.721 seconds
[2024-12-23T06:07:55.539+0700] {processor.py:186} INFO - Started process (PID=3926) to work on /mnt/d/Project/airflow-news/venv/lib/python3.12/site-packages/airflow/example_dags/plugins/workday.py
[2024-12-23T06:07:55.541+0700] {processor.py:914} INFO - Processing file /mnt/d/Project/airflow-news/venv/lib/python3.12/site-packages/airflow/example_dags/plugins/workday.py for tasks to queue
[2024-12-23T06:07:55.547+0700] {logging_mixin.py:190} INFO - [2024-12-23T06:07:55.545+0700] {dagbag.py:588} INFO - Filling up the DagBag from /mnt/d/Project/airflow-news/venv/lib/python3.12/site-packages/airflow/example_dags/plugins/workday.py
[2024-12-23T06:08:00.948+0700] {processor.py:927} WARNING - No viable dags retrieved from /mnt/d/Project/airflow-news/venv/lib/python3.12/site-packages/airflow/example_dags/plugins/workday.py
[2024-12-23T06:08:00.987+0700] {processor.py:208} INFO - Processing /mnt/d/Project/airflow-news/venv/lib/python3.12/site-packages/airflow/example_dags/plugins/workday.py took 5.469 seconds
[2024-12-23T06:08:12.802+0700] {processor.py:186} INFO - Started process (PID=3981) to work on /mnt/d/Project/airflow-news/venv/lib/python3.12/site-packages/airflow/example_dags/plugins/workday.py
[2024-12-23T06:08:12.804+0700] {processor.py:914} INFO - Processing file /mnt/d/Project/airflow-news/venv/lib/python3.12/site-packages/airflow/example_dags/plugins/workday.py for tasks to queue
[2024-12-23T06:08:12.809+0700] {logging_mixin.py:190} INFO - [2024-12-23T06:08:12.807+0700] {dagbag.py:588} INFO - Filling up the DagBag from /mnt/d/Project/airflow-news/venv/lib/python3.12/site-packages/airflow/example_dags/plugins/workday.py
[2024-12-23T06:08:12.845+0700] {processor.py:927} WARNING - No viable dags retrieved from /mnt/d/Project/airflow-news/venv/lib/python3.12/site-packages/airflow/example_dags/plugins/workday.py
[2024-12-23T06:08:12.876+0700] {processor.py:208} INFO - Processing /mnt/d/Project/airflow-news/venv/lib/python3.12/site-packages/airflow/example_dags/plugins/workday.py took 0.090 seconds
[2024-12-23T06:08:56.290+0700] {processor.py:186} INFO - Started process (PID=4124) to work on /mnt/d/Project/airflow-news/venv/lib/python3.12/site-packages/airflow/example_dags/plugins/workday.py
[2024-12-23T06:08:56.292+0700] {processor.py:914} INFO - Processing file /mnt/d/Project/airflow-news/venv/lib/python3.12/site-packages/airflow/example_dags/plugins/workday.py for tasks to queue
[2024-12-23T06:08:56.297+0700] {logging_mixin.py:190} INFO - [2024-12-23T06:08:56.296+0700] {dagbag.py:588} INFO - Filling up the DagBag from /mnt/d/Project/airflow-news/venv/lib/python3.12/site-packages/airflow/example_dags/plugins/workday.py
[2024-12-23T06:09:00.723+0700] {processor.py:927} WARNING - No viable dags retrieved from /mnt/d/Project/airflow-news/venv/lib/python3.12/site-packages/airflow/example_dags/plugins/workday.py
[2024-12-23T06:09:00.752+0700] {processor.py:208} INFO - Processing /mnt/d/Project/airflow-news/venv/lib/python3.12/site-packages/airflow/example_dags/plugins/workday.py took 4.487 seconds
[2024-12-23T06:09:05.623+0700] {processor.py:186} INFO - Started process (PID=4154) to work on /mnt/d/Project/airflow-news/venv/lib/python3.12/site-packages/airflow/example_dags/plugins/workday.py
[2024-12-23T06:09:05.626+0700] {processor.py:914} INFO - Processing file /mnt/d/Project/airflow-news/venv/lib/python3.12/site-packages/airflow/example_dags/plugins/workday.py for tasks to queue
[2024-12-23T06:09:05.630+0700] {logging_mixin.py:190} INFO - [2024-12-23T06:09:05.629+0700] {dagbag.py:588} INFO - Filling up the DagBag from /mnt/d/Project/airflow-news/venv/lib/python3.12/site-packages/airflow/example_dags/plugins/workday.py
[2024-12-23T06:09:05.667+0700] {processor.py:927} WARNING - No viable dags retrieved from /mnt/d/Project/airflow-news/venv/lib/python3.12/site-packages/airflow/example_dags/plugins/workday.py
[2024-12-23T06:09:05.694+0700] {processor.py:208} INFO - Processing /mnt/d/Project/airflow-news/venv/lib/python3.12/site-packages/airflow/example_dags/plugins/workday.py took 0.087 seconds
[2024-12-23T06:10:57.947+0700] {processor.py:186} INFO - Started process (PID=4376) to work on /mnt/d/Project/airflow-news/venv/lib/python3.12/site-packages/airflow/example_dags/plugins/workday.py
[2024-12-23T06:10:57.950+0700] {processor.py:914} INFO - Processing file /mnt/d/Project/airflow-news/venv/lib/python3.12/site-packages/airflow/example_dags/plugins/workday.py for tasks to queue
[2024-12-23T06:10:57.957+0700] {logging_mixin.py:190} INFO - [2024-12-23T06:10:57.954+0700] {dagbag.py:588} INFO - Filling up the DagBag from /mnt/d/Project/airflow-news/venv/lib/python3.12/site-packages/airflow/example_dags/plugins/workday.py
[2024-12-23T06:10:58.008+0700] {processor.py:927} WARNING - No viable dags retrieved from /mnt/d/Project/airflow-news/venv/lib/python3.12/site-packages/airflow/example_dags/plugins/workday.py
[2024-12-23T06:10:58.062+0700] {processor.py:208} INFO - Processing /mnt/d/Project/airflow-news/venv/lib/python3.12/site-packages/airflow/example_dags/plugins/workday.py took 0.136 seconds
[2024-12-23T06:11:15.965+0700] {processor.py:186} INFO - Started process (PID=4416) to work on /mnt/d/Project/airflow-news/venv/lib/python3.12/site-packages/airflow/example_dags/plugins/workday.py
[2024-12-23T06:11:15.968+0700] {processor.py:914} INFO - Processing file /mnt/d/Project/airflow-news/venv/lib/python3.12/site-packages/airflow/example_dags/plugins/workday.py for tasks to queue
[2024-12-23T06:11:15.973+0700] {logging_mixin.py:190} INFO - [2024-12-23T06:11:15.971+0700] {dagbag.py:588} INFO - Filling up the DagBag from /mnt/d/Project/airflow-news/venv/lib/python3.12/site-packages/airflow/example_dags/plugins/workday.py
[2024-12-23T06:11:20.453+0700] {processor.py:927} WARNING - No viable dags retrieved from /mnt/d/Project/airflow-news/venv/lib/python3.12/site-packages/airflow/example_dags/plugins/workday.py
[2024-12-23T06:11:20.487+0700] {processor.py:208} INFO - Processing /mnt/d/Project/airflow-news/venv/lib/python3.12/site-packages/airflow/example_dags/plugins/workday.py took 4.549 seconds
[2024-12-23T06:12:21.691+0700] {processor.py:186} INFO - Started process (PID=4587) to work on /mnt/d/Project/airflow-news/venv/lib/python3.12/site-packages/airflow/example_dags/plugins/workday.py
[2024-12-23T06:12:21.694+0700] {processor.py:914} INFO - Processing file /mnt/d/Project/airflow-news/venv/lib/python3.12/site-packages/airflow/example_dags/plugins/workday.py for tasks to queue
[2024-12-23T06:12:21.698+0700] {logging_mixin.py:190} INFO - [2024-12-23T06:12:21.696+0700] {dagbag.py:588} INFO - Filling up the DagBag from /mnt/d/Project/airflow-news/venv/lib/python3.12/site-packages/airflow/example_dags/plugins/workday.py
[2024-12-23T06:12:20.238+0700] {processor.py:186} INFO - Started process (PID=4599) to work on /mnt/d/Project/airflow-news/venv/lib/python3.12/site-packages/airflow/example_dags/plugins/workday.py
[2024-12-23T06:12:20.241+0700] {processor.py:914} INFO - Processing file /mnt/d/Project/airflow-news/venv/lib/python3.12/site-packages/airflow/example_dags/plugins/workday.py for tasks to queue
[2024-12-23T06:12:20.245+0700] {logging_mixin.py:190} INFO - [2024-12-23T06:12:20.243+0700] {dagbag.py:588} INFO - Filling up the DagBag from /mnt/d/Project/airflow-news/venv/lib/python3.12/site-packages/airflow/example_dags/plugins/workday.py
[2024-12-23T06:12:20.276+0700] {processor.py:927} WARNING - No viable dags retrieved from /mnt/d/Project/airflow-news/venv/lib/python3.12/site-packages/airflow/example_dags/plugins/workday.py
[2024-12-23T06:12:20.305+0700] {processor.py:208} INFO - Processing /mnt/d/Project/airflow-news/venv/lib/python3.12/site-packages/airflow/example_dags/plugins/workday.py took 0.086 seconds
[2024-12-23T06:12:24.294+0700] {processor.py:927} WARNING - No viable dags retrieved from /mnt/d/Project/airflow-news/venv/lib/python3.12/site-packages/airflow/example_dags/plugins/workday.py
[2024-12-23T06:12:24.325+0700] {processor.py:208} INFO - Processing /mnt/d/Project/airflow-news/venv/lib/python3.12/site-packages/airflow/example_dags/plugins/workday.py took 4.417 seconds
[2024-12-23T06:13:10.217+0700] {processor.py:186} INFO - Started process (PID=4733) to work on /mnt/d/Project/airflow-news/venv/lib/python3.12/site-packages/airflow/example_dags/plugins/workday.py
[2024-12-23T06:13:10.220+0700] {processor.py:914} INFO - Processing file /mnt/d/Project/airflow-news/venv/lib/python3.12/site-packages/airflow/example_dags/plugins/workday.py for tasks to queue
[2024-12-23T06:13:10.224+0700] {logging_mixin.py:190} INFO - [2024-12-23T06:13:10.222+0700] {dagbag.py:588} INFO - Filling up the DagBag from /mnt/d/Project/airflow-news/venv/lib/python3.12/site-packages/airflow/example_dags/plugins/workday.py
[2024-12-23T06:13:10.250+0700] {processor.py:927} WARNING - No viable dags retrieved from /mnt/d/Project/airflow-news/venv/lib/python3.12/site-packages/airflow/example_dags/plugins/workday.py
[2024-12-23T06:13:10.280+0700] {processor.py:208} INFO - Processing /mnt/d/Project/airflow-news/venv/lib/python3.12/site-packages/airflow/example_dags/plugins/workday.py took 0.078 seconds
[2024-12-23T06:13:22.824+0700] {processor.py:186} INFO - Started process (PID=4770) to work on /mnt/d/Project/airflow-news/venv/lib/python3.12/site-packages/airflow/example_dags/plugins/workday.py
[2024-12-23T06:13:22.826+0700] {processor.py:914} INFO - Processing file /mnt/d/Project/airflow-news/venv/lib/python3.12/site-packages/airflow/example_dags/plugins/workday.py for tasks to queue
[2024-12-23T06:13:22.831+0700] {logging_mixin.py:190} INFO - [2024-12-23T06:13:22.829+0700] {dagbag.py:588} INFO - Filling up the DagBag from /mnt/d/Project/airflow-news/venv/lib/python3.12/site-packages/airflow/example_dags/plugins/workday.py
[2024-12-23T06:13:25.367+0700] {processor.py:927} WARNING - No viable dags retrieved from /mnt/d/Project/airflow-news/venv/lib/python3.12/site-packages/airflow/example_dags/plugins/workday.py
[2024-12-23T06:13:25.397+0700] {processor.py:208} INFO - Processing /mnt/d/Project/airflow-news/venv/lib/python3.12/site-packages/airflow/example_dags/plugins/workday.py took 4.244 seconds
[2024-12-23T06:13:58.295+0700] {processor.py:186} INFO - Started process (PID=4875) to work on /mnt/d/Project/airflow-news/venv/lib/python3.12/site-packages/airflow/example_dags/plugins/workday.py
[2024-12-23T06:13:58.298+0700] {processor.py:914} INFO - Processing file /mnt/d/Project/airflow-news/venv/lib/python3.12/site-packages/airflow/example_dags/plugins/workday.py for tasks to queue
[2024-12-23T06:13:58.302+0700] {logging_mixin.py:190} INFO - [2024-12-23T06:13:58.300+0700] {dagbag.py:588} INFO - Filling up the DagBag from /mnt/d/Project/airflow-news/venv/lib/python3.12/site-packages/airflow/example_dags/plugins/workday.py
[2024-12-23T06:13:58.330+0700] {processor.py:927} WARNING - No viable dags retrieved from /mnt/d/Project/airflow-news/venv/lib/python3.12/site-packages/airflow/example_dags/plugins/workday.py
[2024-12-23T06:13:58.359+0700] {processor.py:208} INFO - Processing /mnt/d/Project/airflow-news/venv/lib/python3.12/site-packages/airflow/example_dags/plugins/workday.py took 0.078 seconds
[2024-12-23T06:14:19.473+0700] {processor.py:186} INFO - Started process (PID=4938) to work on /mnt/d/Project/airflow-news/venv/lib/python3.12/site-packages/airflow/example_dags/plugins/workday.py
[2024-12-23T06:14:19.476+0700] {processor.py:914} INFO - Processing file /mnt/d/Project/airflow-news/venv/lib/python3.12/site-packages/airflow/example_dags/plugins/workday.py for tasks to queue
[2024-12-23T06:14:19.481+0700] {logging_mixin.py:190} INFO - [2024-12-23T06:14:19.479+0700] {dagbag.py:588} INFO - Filling up the DagBag from /mnt/d/Project/airflow-news/venv/lib/python3.12/site-packages/airflow/example_dags/plugins/workday.py
[2024-12-23T06:14:23.502+0700] {processor.py:927} WARNING - No viable dags retrieved from /mnt/d/Project/airflow-news/venv/lib/python3.12/site-packages/airflow/example_dags/plugins/workday.py
[2024-12-23T06:14:23.531+0700] {processor.py:208} INFO - Processing /mnt/d/Project/airflow-news/venv/lib/python3.12/site-packages/airflow/example_dags/plugins/workday.py took 4.081 seconds
[2024-12-23T06:14:46.081+0700] {processor.py:186} INFO - Started process (PID=5015) to work on /mnt/d/Project/airflow-news/venv/lib/python3.12/site-packages/airflow/example_dags/plugins/workday.py
[2024-12-23T06:14:46.083+0700] {processor.py:914} INFO - Processing file /mnt/d/Project/airflow-news/venv/lib/python3.12/site-packages/airflow/example_dags/plugins/workday.py for tasks to queue
[2024-12-23T06:14:46.087+0700] {logging_mixin.py:190} INFO - [2024-12-23T06:14:46.085+0700] {dagbag.py:588} INFO - Filling up the DagBag from /mnt/d/Project/airflow-news/venv/lib/python3.12/site-packages/airflow/example_dags/plugins/workday.py
[2024-12-23T06:14:46.116+0700] {processor.py:927} WARNING - No viable dags retrieved from /mnt/d/Project/airflow-news/venv/lib/python3.12/site-packages/airflow/example_dags/plugins/workday.py
[2024-12-23T06:14:46.145+0700] {processor.py:208} INFO - Processing /mnt/d/Project/airflow-news/venv/lib/python3.12/site-packages/airflow/example_dags/plugins/workday.py took 0.078 seconds
[2024-12-23T06:15:13.668+0700] {processor.py:186} INFO - Started process (PID=5103) to work on /mnt/d/Project/airflow-news/venv/lib/python3.12/site-packages/airflow/example_dags/plugins/workday.py
[2024-12-23T06:15:13.670+0700] {processor.py:914} INFO - Processing file /mnt/d/Project/airflow-news/venv/lib/python3.12/site-packages/airflow/example_dags/plugins/workday.py for tasks to queue
[2024-12-23T06:15:13.676+0700] {logging_mixin.py:190} INFO - [2024-12-23T06:15:13.674+0700] {dagbag.py:588} INFO - Filling up the DagBag from /mnt/d/Project/airflow-news/venv/lib/python3.12/site-packages/airflow/example_dags/plugins/workday.py
[2024-12-23T06:15:17.949+0700] {processor.py:927} WARNING - No viable dags retrieved from /mnt/d/Project/airflow-news/venv/lib/python3.12/site-packages/airflow/example_dags/plugins/workday.py
[2024-12-23T06:15:17.979+0700] {processor.py:208} INFO - Processing /mnt/d/Project/airflow-news/venv/lib/python3.12/site-packages/airflow/example_dags/plugins/workday.py took 4.335 seconds
[2024-12-23T06:15:30.424+0700] {processor.py:186} INFO - Started process (PID=5165) to work on /mnt/d/Project/airflow-news/venv/lib/python3.12/site-packages/airflow/example_dags/plugins/workday.py
[2024-12-23T06:15:30.427+0700] {processor.py:914} INFO - Processing file /mnt/d/Project/airflow-news/venv/lib/python3.12/site-packages/airflow/example_dags/plugins/workday.py for tasks to queue
[2024-12-23T06:15:30.431+0700] {logging_mixin.py:190} INFO - [2024-12-23T06:15:30.429+0700] {dagbag.py:588} INFO - Filling up the DagBag from /mnt/d/Project/airflow-news/venv/lib/python3.12/site-packages/airflow/example_dags/plugins/workday.py
[2024-12-23T06:15:30.465+0700] {processor.py:927} WARNING - No viable dags retrieved from /mnt/d/Project/airflow-news/venv/lib/python3.12/site-packages/airflow/example_dags/plugins/workday.py
[2024-12-23T06:15:30.497+0700] {processor.py:208} INFO - Processing /mnt/d/Project/airflow-news/venv/lib/python3.12/site-packages/airflow/example_dags/plugins/workday.py took 0.089 seconds
[2024-12-23T06:16:47.789+0700] {processor.py:186} INFO - Started process (PID=5317) to work on /mnt/d/Project/airflow-news/venv/lib/python3.12/site-packages/airflow/example_dags/plugins/workday.py
[2024-12-23T06:16:47.791+0700] {processor.py:914} INFO - Processing file /mnt/d/Project/airflow-news/venv/lib/python3.12/site-packages/airflow/example_dags/plugins/workday.py for tasks to queue
[2024-12-23T06:16:47.796+0700] {logging_mixin.py:190} INFO - [2024-12-23T06:16:47.794+0700] {dagbag.py:588} INFO - Filling up the DagBag from /mnt/d/Project/airflow-news/venv/lib/python3.12/site-packages/airflow/example_dags/plugins/workday.py
[2024-12-23T06:16:52.800+0700] {processor.py:927} WARNING - No viable dags retrieved from /mnt/d/Project/airflow-news/venv/lib/python3.12/site-packages/airflow/example_dags/plugins/workday.py
[2024-12-23T06:16:52.833+0700] {processor.py:208} INFO - Processing /mnt/d/Project/airflow-news/venv/lib/python3.12/site-packages/airflow/example_dags/plugins/workday.py took 5.068 seconds
[2024-12-23T06:17:27.066+0700] {processor.py:186} INFO - Started process (PID=5454) to work on /mnt/d/Project/airflow-news/venv/lib/python3.12/site-packages/airflow/example_dags/plugins/workday.py
[2024-12-23T06:17:27.068+0700] {processor.py:914} INFO - Processing file /mnt/d/Project/airflow-news/venv/lib/python3.12/site-packages/airflow/example_dags/plugins/workday.py for tasks to queue
[2024-12-23T06:17:27.072+0700] {logging_mixin.py:190} INFO - [2024-12-23T06:17:27.070+0700] {dagbag.py:588} INFO - Filling up the DagBag from /mnt/d/Project/airflow-news/venv/lib/python3.12/site-packages/airflow/example_dags/plugins/workday.py
[2024-12-23T06:17:27.108+0700] {processor.py:927} WARNING - No viable dags retrieved from /mnt/d/Project/airflow-news/venv/lib/python3.12/site-packages/airflow/example_dags/plugins/workday.py
[2024-12-23T06:17:27.139+0700] {processor.py:208} INFO - Processing /mnt/d/Project/airflow-news/venv/lib/python3.12/site-packages/airflow/example_dags/plugins/workday.py took 0.091 seconds
[2024-12-23T06:18:12.643+0700] {processor.py:186} INFO - Started process (PID=5575) to work on /mnt/d/Project/airflow-news/venv/lib/python3.12/site-packages/airflow/example_dags/plugins/workday.py
[2024-12-23T06:18:12.645+0700] {processor.py:914} INFO - Processing file /mnt/d/Project/airflow-news/venv/lib/python3.12/site-packages/airflow/example_dags/plugins/workday.py for tasks to queue
[2024-12-23T06:18:12.649+0700] {logging_mixin.py:190} INFO - [2024-12-23T06:18:12.648+0700] {dagbag.py:588} INFO - Filling up the DagBag from /mnt/d/Project/airflow-news/venv/lib/python3.12/site-packages/airflow/example_dags/plugins/workday.py
[2024-12-23T06:18:12.682+0700] {processor.py:927} WARNING - No viable dags retrieved from /mnt/d/Project/airflow-news/venv/lib/python3.12/site-packages/airflow/example_dags/plugins/workday.py
[2024-12-23T06:18:12.713+0700] {processor.py:208} INFO - Processing /mnt/d/Project/airflow-news/venv/lib/python3.12/site-packages/airflow/example_dags/plugins/workday.py took 0.085 seconds
[2024-12-23T06:18:16.374+0700] {processor.py:186} INFO - Started process (PID=5592) to work on /mnt/d/Project/airflow-news/venv/lib/python3.12/site-packages/airflow/example_dags/plugins/workday.py
[2024-12-23T06:18:16.377+0700] {processor.py:914} INFO - Processing file /mnt/d/Project/airflow-news/venv/lib/python3.12/site-packages/airflow/example_dags/plugins/workday.py for tasks to queue
[2024-12-23T06:18:16.383+0700] {logging_mixin.py:190} INFO - [2024-12-23T06:18:16.381+0700] {dagbag.py:588} INFO - Filling up the DagBag from /mnt/d/Project/airflow-news/venv/lib/python3.12/site-packages/airflow/example_dags/plugins/workday.py
[2024-12-23T06:18:21.342+0700] {processor.py:927} WARNING - No viable dags retrieved from /mnt/d/Project/airflow-news/venv/lib/python3.12/site-packages/airflow/example_dags/plugins/workday.py
[2024-12-23T06:18:21.388+0700] {processor.py:208} INFO - Processing /mnt/d/Project/airflow-news/venv/lib/python3.12/site-packages/airflow/example_dags/plugins/workday.py took 5.039 seconds
[2024-12-23T06:18:57.924+0700] {processor.py:186} INFO - Started process (PID=5714) to work on /mnt/d/Project/airflow-news/venv/lib/python3.12/site-packages/airflow/example_dags/plugins/workday.py
[2024-12-23T06:18:57.927+0700] {processor.py:914} INFO - Processing file /mnt/d/Project/airflow-news/venv/lib/python3.12/site-packages/airflow/example_dags/plugins/workday.py for tasks to queue
[2024-12-23T06:18:57.932+0700] {logging_mixin.py:190} INFO - [2024-12-23T06:18:57.930+0700] {dagbag.py:588} INFO - Filling up the DagBag from /mnt/d/Project/airflow-news/venv/lib/python3.12/site-packages/airflow/example_dags/plugins/workday.py
[2024-12-23T06:18:57.975+0700] {processor.py:927} WARNING - No viable dags retrieved from /mnt/d/Project/airflow-news/venv/lib/python3.12/site-packages/airflow/example_dags/plugins/workday.py
[2024-12-23T06:18:58.010+0700] {processor.py:208} INFO - Processing /mnt/d/Project/airflow-news/venv/lib/python3.12/site-packages/airflow/example_dags/plugins/workday.py took 0.111 seconds
[2024-12-23T06:19:12.923+0700] {processor.py:186} INFO - Started process (PID=5754) to work on /mnt/d/Project/airflow-news/venv/lib/python3.12/site-packages/airflow/example_dags/plugins/workday.py
[2024-12-23T06:19:12.925+0700] {processor.py:914} INFO - Processing file /mnt/d/Project/airflow-news/venv/lib/python3.12/site-packages/airflow/example_dags/plugins/workday.py for tasks to queue
[2024-12-23T06:19:12.931+0700] {logging_mixin.py:190} INFO - [2024-12-23T06:19:12.929+0700] {dagbag.py:588} INFO - Filling up the DagBag from /mnt/d/Project/airflow-news/venv/lib/python3.12/site-packages/airflow/example_dags/plugins/workday.py
[2024-12-23T06:19:17.634+0700] {processor.py:927} WARNING - No viable dags retrieved from /mnt/d/Project/airflow-news/venv/lib/python3.12/site-packages/airflow/example_dags/plugins/workday.py
[2024-12-23T06:19:17.665+0700] {processor.py:208} INFO - Processing /mnt/d/Project/airflow-news/venv/lib/python3.12/site-packages/airflow/example_dags/plugins/workday.py took 4.765 seconds
[2024-12-23T06:19:43.054+0700] {processor.py:186} INFO - Started process (PID=5844) to work on /mnt/d/Project/airflow-news/venv/lib/python3.12/site-packages/airflow/example_dags/plugins/workday.py
[2024-12-23T06:19:43.056+0700] {processor.py:914} INFO - Processing file /mnt/d/Project/airflow-news/venv/lib/python3.12/site-packages/airflow/example_dags/plugins/workday.py for tasks to queue
[2024-12-23T06:19:43.060+0700] {logging_mixin.py:190} INFO - [2024-12-23T06:19:43.059+0700] {dagbag.py:588} INFO - Filling up the DagBag from /mnt/d/Project/airflow-news/venv/lib/python3.12/site-packages/airflow/example_dags/plugins/workday.py
[2024-12-23T06:19:43.093+0700] {processor.py:927} WARNING - No viable dags retrieved from /mnt/d/Project/airflow-news/venv/lib/python3.12/site-packages/airflow/example_dags/plugins/workday.py
[2024-12-23T06:19:43.121+0700] {processor.py:208} INFO - Processing /mnt/d/Project/airflow-news/venv/lib/python3.12/site-packages/airflow/example_dags/plugins/workday.py took 0.083 seconds
[2024-12-23T06:20:07.783+0700] {processor.py:186} INFO - Started process (PID=5913) to work on /mnt/d/Project/airflow-news/venv/lib/python3.12/site-packages/airflow/example_dags/plugins/workday.py
[2024-12-23T06:20:07.785+0700] {processor.py:914} INFO - Processing file /mnt/d/Project/airflow-news/venv/lib/python3.12/site-packages/airflow/example_dags/plugins/workday.py for tasks to queue
[2024-12-23T06:20:07.791+0700] {logging_mixin.py:190} INFO - [2024-12-23T06:20:07.789+0700] {dagbag.py:588} INFO - Filling up the DagBag from /mnt/d/Project/airflow-news/venv/lib/python3.12/site-packages/airflow/example_dags/plugins/workday.py
[2024-12-23T06:20:12.163+0700] {processor.py:927} WARNING - No viable dags retrieved from /mnt/d/Project/airflow-news/venv/lib/python3.12/site-packages/airflow/example_dags/plugins/workday.py
[2024-12-23T06:20:12.191+0700] {processor.py:208} INFO - Processing /mnt/d/Project/airflow-news/venv/lib/python3.12/site-packages/airflow/example_dags/plugins/workday.py took 4.431 seconds
[2024-12-23T06:20:27.471+0700] {processor.py:186} INFO - Started process (PID=5974) to work on /mnt/d/Project/airflow-news/venv/lib/python3.12/site-packages/airflow/example_dags/plugins/workday.py
[2024-12-23T06:20:27.474+0700] {processor.py:914} INFO - Processing file /mnt/d/Project/airflow-news/venv/lib/python3.12/site-packages/airflow/example_dags/plugins/workday.py for tasks to queue
[2024-12-23T06:20:27.479+0700] {logging_mixin.py:190} INFO - [2024-12-23T06:20:27.477+0700] {dagbag.py:588} INFO - Filling up the DagBag from /mnt/d/Project/airflow-news/venv/lib/python3.12/site-packages/airflow/example_dags/plugins/workday.py
[2024-12-23T06:20:27.520+0700] {processor.py:927} WARNING - No viable dags retrieved from /mnt/d/Project/airflow-news/venv/lib/python3.12/site-packages/airflow/example_dags/plugins/workday.py
[2024-12-23T06:20:27.558+0700] {processor.py:208} INFO - Processing /mnt/d/Project/airflow-news/venv/lib/python3.12/site-packages/airflow/example_dags/plugins/workday.py took 0.108 seconds
[2024-12-23T06:21:06.462+0700] {processor.py:186} INFO - Started process (PID=6078) to work on /mnt/d/Project/airflow-news/venv/lib/python3.12/site-packages/airflow/example_dags/plugins/workday.py
[2024-12-23T06:21:06.465+0700] {processor.py:914} INFO - Processing file /mnt/d/Project/airflow-news/venv/lib/python3.12/site-packages/airflow/example_dags/plugins/workday.py for tasks to queue
[2024-12-23T06:21:06.471+0700] {logging_mixin.py:190} INFO - [2024-12-23T06:21:06.469+0700] {dagbag.py:588} INFO - Filling up the DagBag from /mnt/d/Project/airflow-news/venv/lib/python3.12/site-packages/airflow/example_dags/plugins/workday.py
[2024-12-23T06:21:11.019+0700] {processor.py:927} WARNING - No viable dags retrieved from /mnt/d/Project/airflow-news/venv/lib/python3.12/site-packages/airflow/example_dags/plugins/workday.py
[2024-12-23T06:21:11.052+0700] {processor.py:208} INFO - Processing /mnt/d/Project/airflow-news/venv/lib/python3.12/site-packages/airflow/example_dags/plugins/workday.py took 4.618 seconds
[2024-12-23T06:22:11.079+0700] {processor.py:186} INFO - Started process (PID=6230) to work on /mnt/d/Project/airflow-news/venv/lib/python3.12/site-packages/airflow/example_dags/plugins/workday.py
[2024-12-23T06:22:11.081+0700] {processor.py:914} INFO - Processing file /mnt/d/Project/airflow-news/venv/lib/python3.12/site-packages/airflow/example_dags/plugins/workday.py for tasks to queue
[2024-12-23T06:22:11.087+0700] {logging_mixin.py:190} INFO - [2024-12-23T06:22:11.085+0700] {dagbag.py:588} INFO - Filling up the DagBag from /mnt/d/Project/airflow-news/venv/lib/python3.12/site-packages/airflow/example_dags/plugins/workday.py
[2024-12-23T06:22:14.569+0700] {processor.py:186} INFO - Started process (PID=6247) to work on /mnt/d/Project/airflow-news/venv/lib/python3.12/site-packages/airflow/example_dags/plugins/workday.py
[2024-12-23T06:22:14.571+0700] {processor.py:914} INFO - Processing file /mnt/d/Project/airflow-news/venv/lib/python3.12/site-packages/airflow/example_dags/plugins/workday.py for tasks to queue
[2024-12-23T06:22:14.577+0700] {logging_mixin.py:190} INFO - [2024-12-23T06:22:14.575+0700] {dagbag.py:588} INFO - Filling up the DagBag from /mnt/d/Project/airflow-news/venv/lib/python3.12/site-packages/airflow/example_dags/plugins/workday.py
[2024-12-23T06:22:14.610+0700] {processor.py:927} WARNING - No viable dags retrieved from /mnt/d/Project/airflow-news/venv/lib/python3.12/site-packages/airflow/example_dags/plugins/workday.py
[2024-12-23T06:22:14.642+0700] {processor.py:208} INFO - Processing /mnt/d/Project/airflow-news/venv/lib/python3.12/site-packages/airflow/example_dags/plugins/workday.py took 0.090 seconds
[2024-12-23T06:22:15.272+0700] {processor.py:927} WARNING - No viable dags retrieved from /mnt/d/Project/airflow-news/venv/lib/python3.12/site-packages/airflow/example_dags/plugins/workday.py
[2024-12-23T06:22:15.303+0700] {processor.py:208} INFO - Processing /mnt/d/Project/airflow-news/venv/lib/python3.12/site-packages/airflow/example_dags/plugins/workday.py took 4.246 seconds
[2024-12-23T06:23:10.683+0700] {processor.py:186} INFO - Started process (PID=6426) to work on /mnt/d/Project/airflow-news/venv/lib/python3.12/site-packages/airflow/example_dags/plugins/workday.py
[2024-12-23T06:23:10.687+0700] {processor.py:914} INFO - Processing file /mnt/d/Project/airflow-news/venv/lib/python3.12/site-packages/airflow/example_dags/plugins/workday.py for tasks to queue
[2024-12-23T06:23:10.695+0700] {logging_mixin.py:190} INFO - [2024-12-23T06:23:10.693+0700] {dagbag.py:588} INFO - Filling up the DagBag from /mnt/d/Project/airflow-news/venv/lib/python3.12/site-packages/airflow/example_dags/plugins/workday.py
[2024-12-23T06:23:15.838+0700] {processor.py:927} WARNING - No viable dags retrieved from /mnt/d/Project/airflow-news/venv/lib/python3.12/site-packages/airflow/example_dags/plugins/workday.py
[2024-12-23T06:23:15.869+0700] {processor.py:208} INFO - Processing /mnt/d/Project/airflow-news/venv/lib/python3.12/site-packages/airflow/example_dags/plugins/workday.py took 5.225 seconds
[2024-12-23T06:23:36.793+0700] {processor.py:186} INFO - Started process (PID=6493) to work on /mnt/d/Project/airflow-news/venv/lib/python3.12/site-packages/airflow/example_dags/plugins/workday.py
[2024-12-23T06:23:36.795+0700] {processor.py:914} INFO - Processing file /mnt/d/Project/airflow-news/venv/lib/python3.12/site-packages/airflow/example_dags/plugins/workday.py for tasks to queue
[2024-12-23T06:23:36.800+0700] {logging_mixin.py:190} INFO - [2024-12-23T06:23:36.799+0700] {dagbag.py:588} INFO - Filling up the DagBag from /mnt/d/Project/airflow-news/venv/lib/python3.12/site-packages/airflow/example_dags/plugins/workday.py
[2024-12-23T06:23:36.833+0700] {processor.py:927} WARNING - No viable dags retrieved from /mnt/d/Project/airflow-news/venv/lib/python3.12/site-packages/airflow/example_dags/plugins/workday.py
[2024-12-23T06:23:36.862+0700] {processor.py:208} INFO - Processing /mnt/d/Project/airflow-news/venv/lib/python3.12/site-packages/airflow/example_dags/plugins/workday.py took 0.086 seconds
[2024-12-23T06:24:04.677+0700] {processor.py:186} INFO - Started process (PID=6598) to work on /mnt/d/Project/airflow-news/venv/lib/python3.12/site-packages/airflow/example_dags/plugins/workday.py
[2024-12-23T06:24:04.680+0700] {processor.py:914} INFO - Processing file /mnt/d/Project/airflow-news/venv/lib/python3.12/site-packages/airflow/example_dags/plugins/workday.py for tasks to queue
[2024-12-23T06:24:04.684+0700] {logging_mixin.py:190} INFO - [2024-12-23T06:24:04.683+0700] {dagbag.py:588} INFO - Filling up the DagBag from /mnt/d/Project/airflow-news/venv/lib/python3.12/site-packages/airflow/example_dags/plugins/workday.py
[2024-12-23T06:24:08.749+0700] {processor.py:927} WARNING - No viable dags retrieved from /mnt/d/Project/airflow-news/venv/lib/python3.12/site-packages/airflow/example_dags/plugins/workday.py
[2024-12-23T06:24:08.782+0700] {processor.py:208} INFO - Processing /mnt/d/Project/airflow-news/venv/lib/python3.12/site-packages/airflow/example_dags/plugins/workday.py took 4.128 seconds
[2024-12-23T06:24:26.594+0700] {processor.py:186} INFO - Started process (PID=6655) to work on /mnt/d/Project/airflow-news/venv/lib/python3.12/site-packages/airflow/example_dags/plugins/workday.py
[2024-12-23T06:24:26.596+0700] {processor.py:914} INFO - Processing file /mnt/d/Project/airflow-news/venv/lib/python3.12/site-packages/airflow/example_dags/plugins/workday.py for tasks to queue
[2024-12-23T06:24:26.601+0700] {logging_mixin.py:190} INFO - [2024-12-23T06:24:26.600+0700] {dagbag.py:588} INFO - Filling up the DagBag from /mnt/d/Project/airflow-news/venv/lib/python3.12/site-packages/airflow/example_dags/plugins/workday.py
[2024-12-23T06:24:26.630+0700] {processor.py:927} WARNING - No viable dags retrieved from /mnt/d/Project/airflow-news/venv/lib/python3.12/site-packages/airflow/example_dags/plugins/workday.py
[2024-12-23T06:24:26.654+0700] {processor.py:208} INFO - Processing /mnt/d/Project/airflow-news/venv/lib/python3.12/site-packages/airflow/example_dags/plugins/workday.py took 0.077 seconds
[2024-12-23T06:24:58.911+0700] {processor.py:186} INFO - Started process (PID=6753) to work on /mnt/d/Project/airflow-news/venv/lib/python3.12/site-packages/airflow/example_dags/plugins/workday.py
[2024-12-23T06:24:58.913+0700] {processor.py:914} INFO - Processing file /mnt/d/Project/airflow-news/venv/lib/python3.12/site-packages/airflow/example_dags/plugins/workday.py for tasks to queue
[2024-12-23T06:24:58.919+0700] {logging_mixin.py:190} INFO - [2024-12-23T06:24:58.917+0700] {dagbag.py:588} INFO - Filling up the DagBag from /mnt/d/Project/airflow-news/venv/lib/python3.12/site-packages/airflow/example_dags/plugins/workday.py
[2024-12-23T06:25:02.881+0700] {processor.py:927} WARNING - No viable dags retrieved from /mnt/d/Project/airflow-news/venv/lib/python3.12/site-packages/airflow/example_dags/plugins/workday.py
[2024-12-23T06:25:02.907+0700] {processor.py:208} INFO - Processing /mnt/d/Project/airflow-news/venv/lib/python3.12/site-packages/airflow/example_dags/plugins/workday.py took 4.018 seconds
[2024-12-23T06:25:06.454+0700] {processor.py:186} INFO - Started process (PID=6795) to work on /mnt/d/Project/airflow-news/venv/lib/python3.12/site-packages/airflow/example_dags/plugins/workday.py
[2024-12-23T06:25:06.456+0700] {processor.py:914} INFO - Processing file /mnt/d/Project/airflow-news/venv/lib/python3.12/site-packages/airflow/example_dags/plugins/workday.py for tasks to queue
[2024-12-23T06:25:06.460+0700] {logging_mixin.py:190} INFO - [2024-12-23T06:25:06.459+0700] {dagbag.py:588} INFO - Filling up the DagBag from /mnt/d/Project/airflow-news/venv/lib/python3.12/site-packages/airflow/example_dags/plugins/workday.py
[2024-12-23T06:25:06.487+0700] {processor.py:927} WARNING - No viable dags retrieved from /mnt/d/Project/airflow-news/venv/lib/python3.12/site-packages/airflow/example_dags/plugins/workday.py
[2024-12-23T06:25:06.514+0700] {processor.py:208} INFO - Processing /mnt/d/Project/airflow-news/venv/lib/python3.12/site-packages/airflow/example_dags/plugins/workday.py took 0.073 seconds
[2024-12-23T06:25:53.348+0700] {processor.py:186} INFO - Started process (PID=6927) to work on /mnt/d/Project/airflow-news/venv/lib/python3.12/site-packages/airflow/example_dags/plugins/workday.py
[2024-12-23T06:25:53.350+0700] {processor.py:914} INFO - Processing file /mnt/d/Project/airflow-news/venv/lib/python3.12/site-packages/airflow/example_dags/plugins/workday.py for tasks to queue
[2024-12-23T06:25:53.356+0700] {logging_mixin.py:190} INFO - [2024-12-23T06:25:53.354+0700] {dagbag.py:588} INFO - Filling up the DagBag from /mnt/d/Project/airflow-news/venv/lib/python3.12/site-packages/airflow/example_dags/plugins/workday.py
[2024-12-23T06:25:54.786+0700] {processor.py:186} INFO - Started process (PID=6941) to work on /mnt/d/Project/airflow-news/venv/lib/python3.12/site-packages/airflow/example_dags/plugins/workday.py
[2024-12-23T06:25:54.788+0700] {processor.py:914} INFO - Processing file /mnt/d/Project/airflow-news/venv/lib/python3.12/site-packages/airflow/example_dags/plugins/workday.py for tasks to queue
[2024-12-23T06:25:54.792+0700] {logging_mixin.py:190} INFO - [2024-12-23T06:25:54.791+0700] {dagbag.py:588} INFO - Filling up the DagBag from /mnt/d/Project/airflow-news/venv/lib/python3.12/site-packages/airflow/example_dags/plugins/workday.py
[2024-12-23T06:25:54.823+0700] {processor.py:927} WARNING - No viable dags retrieved from /mnt/d/Project/airflow-news/venv/lib/python3.12/site-packages/airflow/example_dags/plugins/workday.py
[2024-12-23T06:25:54.851+0700] {processor.py:208} INFO - Processing /mnt/d/Project/airflow-news/venv/lib/python3.12/site-packages/airflow/example_dags/plugins/workday.py took 0.081 seconds
[2024-12-23T06:25:57.336+0700] {processor.py:927} WARNING - No viable dags retrieved from /mnt/d/Project/airflow-news/venv/lib/python3.12/site-packages/airflow/example_dags/plugins/workday.py
[2024-12-23T06:25:57.366+0700] {processor.py:208} INFO - Processing /mnt/d/Project/airflow-news/venv/lib/python3.12/site-packages/airflow/example_dags/plugins/workday.py took 4.038 seconds
[2024-12-23T06:26:40.005+0700] {processor.py:186} INFO - Started process (PID=7074) to work on /mnt/d/Project/airflow-news/venv/lib/python3.12/site-packages/airflow/example_dags/plugins/workday.py
[2024-12-23T06:26:40.008+0700] {processor.py:914} INFO - Processing file /mnt/d/Project/airflow-news/venv/lib/python3.12/site-packages/airflow/example_dags/plugins/workday.py for tasks to queue
[2024-12-23T06:26:40.012+0700] {logging_mixin.py:190} INFO - [2024-12-23T06:26:40.011+0700] {dagbag.py:588} INFO - Filling up the DagBag from /mnt/d/Project/airflow-news/venv/lib/python3.12/site-packages/airflow/example_dags/plugins/workday.py
[2024-12-23T06:26:40.047+0700] {processor.py:927} WARNING - No viable dags retrieved from /mnt/d/Project/airflow-news/venv/lib/python3.12/site-packages/airflow/example_dags/plugins/workday.py
[2024-12-23T06:26:40.078+0700] {processor.py:208} INFO - Processing /mnt/d/Project/airflow-news/venv/lib/python3.12/site-packages/airflow/example_dags/plugins/workday.py took 0.088 seconds
[2024-12-23T06:26:45.552+0700] {processor.py:186} INFO - Started process (PID=7085) to work on /mnt/d/Project/airflow-news/venv/lib/python3.12/site-packages/airflow/example_dags/plugins/workday.py
[2024-12-23T06:26:45.554+0700] {processor.py:914} INFO - Processing file /mnt/d/Project/airflow-news/venv/lib/python3.12/site-packages/airflow/example_dags/plugins/workday.py for tasks to queue
[2024-12-23T06:26:45.559+0700] {logging_mixin.py:190} INFO - [2024-12-23T06:26:45.558+0700] {dagbag.py:588} INFO - Filling up the DagBag from /mnt/d/Project/airflow-news/venv/lib/python3.12/site-packages/airflow/example_dags/plugins/workday.py
[2024-12-23T06:26:49.542+0700] {processor.py:927} WARNING - No viable dags retrieved from /mnt/d/Project/airflow-news/venv/lib/python3.12/site-packages/airflow/example_dags/plugins/workday.py
[2024-12-23T06:26:49.571+0700] {processor.py:208} INFO - Processing /mnt/d/Project/airflow-news/venv/lib/python3.12/site-packages/airflow/example_dags/plugins/workday.py took 4.038 seconds
[2024-12-23T06:27:28.265+0700] {processor.py:186} INFO - Started process (PID=7202) to work on /mnt/d/Project/airflow-news/venv/lib/python3.12/site-packages/airflow/example_dags/plugins/workday.py
[2024-12-23T06:27:28.267+0700] {processor.py:914} INFO - Processing file /mnt/d/Project/airflow-news/venv/lib/python3.12/site-packages/airflow/example_dags/plugins/workday.py for tasks to queue
[2024-12-23T06:27:28.273+0700] {logging_mixin.py:190} INFO - [2024-12-23T06:27:28.271+0700] {dagbag.py:588} INFO - Filling up the DagBag from /mnt/d/Project/airflow-news/venv/lib/python3.12/site-packages/airflow/example_dags/plugins/workday.py
[2024-12-23T06:27:28.302+0700] {processor.py:927} WARNING - No viable dags retrieved from /mnt/d/Project/airflow-news/venv/lib/python3.12/site-packages/airflow/example_dags/plugins/workday.py
[2024-12-23T06:27:28.333+0700] {processor.py:208} INFO - Processing /mnt/d/Project/airflow-news/venv/lib/python3.12/site-packages/airflow/example_dags/plugins/workday.py took 0.084 seconds
[2024-12-23T06:27:39.123+0700] {processor.py:186} INFO - Started process (PID=7246) to work on /mnt/d/Project/airflow-news/venv/lib/python3.12/site-packages/airflow/example_dags/plugins/workday.py
[2024-12-23T06:27:39.125+0700] {processor.py:914} INFO - Processing file /mnt/d/Project/airflow-news/venv/lib/python3.12/site-packages/airflow/example_dags/plugins/workday.py for tasks to queue
[2024-12-23T06:27:39.130+0700] {logging_mixin.py:190} INFO - [2024-12-23T06:27:39.128+0700] {dagbag.py:588} INFO - Filling up the DagBag from /mnt/d/Project/airflow-news/venv/lib/python3.12/site-packages/airflow/example_dags/plugins/workday.py
[2024-12-23T06:27:43.356+0700] {processor.py:927} WARNING - No viable dags retrieved from /mnt/d/Project/airflow-news/venv/lib/python3.12/site-packages/airflow/example_dags/plugins/workday.py
[2024-12-23T06:27:43.382+0700] {processor.py:208} INFO - Processing /mnt/d/Project/airflow-news/venv/lib/python3.12/site-packages/airflow/example_dags/plugins/workday.py took 4.283 seconds
[2024-12-23T06:28:16.059+0700] {processor.py:186} INFO - Started process (PID=7349) to work on /mnt/d/Project/airflow-news/venv/lib/python3.12/site-packages/airflow/example_dags/plugins/workday.py
[2024-12-23T06:28:16.061+0700] {processor.py:914} INFO - Processing file /mnt/d/Project/airflow-news/venv/lib/python3.12/site-packages/airflow/example_dags/plugins/workday.py for tasks to queue
[2024-12-23T06:28:16.066+0700] {logging_mixin.py:190} INFO - [2024-12-23T06:28:16.064+0700] {dagbag.py:588} INFO - Filling up the DagBag from /mnt/d/Project/airflow-news/venv/lib/python3.12/site-packages/airflow/example_dags/plugins/workday.py
[2024-12-23T06:28:16.094+0700] {processor.py:927} WARNING - No viable dags retrieved from /mnt/d/Project/airflow-news/venv/lib/python3.12/site-packages/airflow/example_dags/plugins/workday.py
[2024-12-23T06:28:16.120+0700] {processor.py:208} INFO - Processing /mnt/d/Project/airflow-news/venv/lib/python3.12/site-packages/airflow/example_dags/plugins/workday.py took 0.076 seconds
[2024-12-23T06:28:34.811+0700] {processor.py:186} INFO - Started process (PID=7402) to work on /mnt/d/Project/airflow-news/venv/lib/python3.12/site-packages/airflow/example_dags/plugins/workday.py
[2024-12-23T06:28:34.813+0700] {processor.py:914} INFO - Processing file /mnt/d/Project/airflow-news/venv/lib/python3.12/site-packages/airflow/example_dags/plugins/workday.py for tasks to queue
[2024-12-23T06:28:34.818+0700] {logging_mixin.py:190} INFO - [2024-12-23T06:28:34.816+0700] {dagbag.py:588} INFO - Filling up the DagBag from /mnt/d/Project/airflow-news/venv/lib/python3.12/site-packages/airflow/example_dags/plugins/workday.py
[2024-12-23T06:28:38.964+0700] {processor.py:927} WARNING - No viable dags retrieved from /mnt/d/Project/airflow-news/venv/lib/python3.12/site-packages/airflow/example_dags/plugins/workday.py
[2024-12-23T06:28:38.993+0700] {processor.py:208} INFO - Processing /mnt/d/Project/airflow-news/venv/lib/python3.12/site-packages/airflow/example_dags/plugins/workday.py took 4.203 seconds
[2024-12-23T06:29:04.744+0700] {processor.py:186} INFO - Started process (PID=7494) to work on /mnt/d/Project/airflow-news/venv/lib/python3.12/site-packages/airflow/example_dags/plugins/workday.py
[2024-12-23T06:29:04.746+0700] {processor.py:914} INFO - Processing file /mnt/d/Project/airflow-news/venv/lib/python3.12/site-packages/airflow/example_dags/plugins/workday.py for tasks to queue
[2024-12-23T06:29:04.750+0700] {logging_mixin.py:190} INFO - [2024-12-23T06:29:04.749+0700] {dagbag.py:588} INFO - Filling up the DagBag from /mnt/d/Project/airflow-news/venv/lib/python3.12/site-packages/airflow/example_dags/plugins/workday.py
[2024-12-23T06:29:04.779+0700] {processor.py:927} WARNING - No viable dags retrieved from /mnt/d/Project/airflow-news/venv/lib/python3.12/site-packages/airflow/example_dags/plugins/workday.py
[2024-12-23T06:29:04.807+0700] {processor.py:208} INFO - Processing /mnt/d/Project/airflow-news/venv/lib/python3.12/site-packages/airflow/example_dags/plugins/workday.py took 0.078 seconds
[2024-12-23T06:29:27.029+0700] {processor.py:186} INFO - Started process (PID=7558) to work on /mnt/d/Project/airflow-news/venv/lib/python3.12/site-packages/airflow/example_dags/plugins/workday.py
[2024-12-23T06:29:27.032+0700] {processor.py:914} INFO - Processing file /mnt/d/Project/airflow-news/venv/lib/python3.12/site-packages/airflow/example_dags/plugins/workday.py for tasks to queue
[2024-12-23T06:29:27.038+0700] {logging_mixin.py:190} INFO - [2024-12-23T06:29:27.036+0700] {dagbag.py:588} INFO - Filling up the DagBag from /mnt/d/Project/airflow-news/venv/lib/python3.12/site-packages/airflow/example_dags/plugins/workday.py
[2024-12-23T06:29:31.178+0700] {processor.py:927} WARNING - No viable dags retrieved from /mnt/d/Project/airflow-news/venv/lib/python3.12/site-packages/airflow/example_dags/plugins/workday.py
[2024-12-23T06:29:31.208+0700] {processor.py:208} INFO - Processing /mnt/d/Project/airflow-news/venv/lib/python3.12/site-packages/airflow/example_dags/plugins/workday.py took 4.198 seconds
[2024-12-23T06:29:47.110+0700] {processor.py:186} INFO - Started process (PID=7626) to work on /mnt/d/Project/airflow-news/venv/lib/python3.12/site-packages/airflow/example_dags/plugins/workday.py
[2024-12-23T06:29:47.113+0700] {processor.py:914} INFO - Processing file /mnt/d/Project/airflow-news/venv/lib/python3.12/site-packages/airflow/example_dags/plugins/workday.py for tasks to queue
[2024-12-23T06:29:47.118+0700] {logging_mixin.py:190} INFO - [2024-12-23T06:29:47.116+0700] {dagbag.py:588} INFO - Filling up the DagBag from /mnt/d/Project/airflow-news/venv/lib/python3.12/site-packages/airflow/example_dags/plugins/workday.py
[2024-12-23T06:29:47.148+0700] {processor.py:927} WARNING - No viable dags retrieved from /mnt/d/Project/airflow-news/venv/lib/python3.12/site-packages/airflow/example_dags/plugins/workday.py
[2024-12-23T06:29:47.175+0700] {processor.py:208} INFO - Processing /mnt/d/Project/airflow-news/venv/lib/python3.12/site-packages/airflow/example_dags/plugins/workday.py took 0.078 seconds
[2024-12-23T06:30:20.056+0700] {processor.py:186} INFO - Started process (PID=7723) to work on /mnt/d/Project/airflow-news/venv/lib/python3.12/site-packages/airflow/example_dags/plugins/workday.py
[2024-12-23T06:30:20.059+0700] {processor.py:914} INFO - Processing file /mnt/d/Project/airflow-news/venv/lib/python3.12/site-packages/airflow/example_dags/plugins/workday.py for tasks to queue
[2024-12-23T06:30:20.064+0700] {logging_mixin.py:190} INFO - [2024-12-23T06:30:20.062+0700] {dagbag.py:588} INFO - Filling up the DagBag from /mnt/d/Project/airflow-news/venv/lib/python3.12/site-packages/airflow/example_dags/plugins/workday.py
[2024-12-23T06:30:23.690+0700] {processor.py:927} WARNING - No viable dags retrieved from /mnt/d/Project/airflow-news/venv/lib/python3.12/site-packages/airflow/example_dags/plugins/workday.py
[2024-12-23T06:30:23.717+0700] {processor.py:208} INFO - Processing /mnt/d/Project/airflow-news/venv/lib/python3.12/site-packages/airflow/example_dags/plugins/workday.py took 3.684 seconds
[2024-12-23T06:30:31.419+0700] {processor.py:186} INFO - Started process (PID=7759) to work on /mnt/d/Project/airflow-news/venv/lib/python3.12/site-packages/airflow/example_dags/plugins/workday.py
[2024-12-23T06:30:31.421+0700] {processor.py:914} INFO - Processing file /mnt/d/Project/airflow-news/venv/lib/python3.12/site-packages/airflow/example_dags/plugins/workday.py for tasks to queue
[2024-12-23T06:30:31.425+0700] {logging_mixin.py:190} INFO - [2024-12-23T06:30:31.424+0700] {dagbag.py:588} INFO - Filling up the DagBag from /mnt/d/Project/airflow-news/venv/lib/python3.12/site-packages/airflow/example_dags/plugins/workday.py
[2024-12-23T06:30:31.454+0700] {processor.py:927} WARNING - No viable dags retrieved from /mnt/d/Project/airflow-news/venv/lib/python3.12/site-packages/airflow/example_dags/plugins/workday.py
[2024-12-23T06:30:31.484+0700] {processor.py:208} INFO - Processing /mnt/d/Project/airflow-news/venv/lib/python3.12/site-packages/airflow/example_dags/plugins/workday.py took 0.080 seconds
[2024-12-23T06:31:12.216+0700] {processor.py:186} INFO - Started process (PID=7866) to work on /mnt/d/Project/airflow-news/venv/lib/python3.12/site-packages/airflow/example_dags/plugins/workday.py
[2024-12-23T06:31:12.218+0700] {processor.py:914} INFO - Processing file /mnt/d/Project/airflow-news/venv/lib/python3.12/site-packages/airflow/example_dags/plugins/workday.py for tasks to queue
[2024-12-23T06:31:12.223+0700] {logging_mixin.py:190} INFO - [2024-12-23T06:31:12.221+0700] {dagbag.py:588} INFO - Filling up the DagBag from /mnt/d/Project/airflow-news/venv/lib/python3.12/site-packages/airflow/example_dags/plugins/workday.py
[2024-12-23T06:31:14.599+0700] {processor.py:927} WARNING - No viable dags retrieved from /mnt/d/Project/airflow-news/venv/lib/python3.12/site-packages/airflow/example_dags/plugins/workday.py
[2024-12-23T06:31:14.627+0700] {processor.py:208} INFO - Processing /mnt/d/Project/airflow-news/venv/lib/python3.12/site-packages/airflow/example_dags/plugins/workday.py took 4.141 seconds
[2024-12-23T06:31:15.347+0700] {processor.py:186} INFO - Started process (PID=7884) to work on /mnt/d/Project/airflow-news/venv/lib/python3.12/site-packages/airflow/example_dags/plugins/workday.py
[2024-12-23T06:31:15.349+0700] {processor.py:914} INFO - Processing file /mnt/d/Project/airflow-news/venv/lib/python3.12/site-packages/airflow/example_dags/plugins/workday.py for tasks to queue
[2024-12-23T06:31:15.354+0700] {logging_mixin.py:190} INFO - [2024-12-23T06:31:15.352+0700] {dagbag.py:588} INFO - Filling up the DagBag from /mnt/d/Project/airflow-news/venv/lib/python3.12/site-packages/airflow/example_dags/plugins/workday.py
[2024-12-23T06:31:15.382+0700] {processor.py:927} WARNING - No viable dags retrieved from /mnt/d/Project/airflow-news/venv/lib/python3.12/site-packages/airflow/example_dags/plugins/workday.py
[2024-12-23T06:31:15.408+0700] {processor.py:208} INFO - Processing /mnt/d/Project/airflow-news/venv/lib/python3.12/site-packages/airflow/example_dags/plugins/workday.py took 0.074 seconds
[2024-12-23T06:32:03.104+0700] {processor.py:186} INFO - Started process (PID=8027) to work on /mnt/d/Project/airflow-news/venv/lib/python3.12/site-packages/airflow/example_dags/plugins/workday.py
[2024-12-23T06:32:03.107+0700] {processor.py:914} INFO - Processing file /mnt/d/Project/airflow-news/venv/lib/python3.12/site-packages/airflow/example_dags/plugins/workday.py for tasks to queue
[2024-12-23T06:32:03.111+0700] {logging_mixin.py:190} INFO - [2024-12-23T06:32:03.110+0700] {dagbag.py:588} INFO - Filling up the DagBag from /mnt/d/Project/airflow-news/venv/lib/python3.12/site-packages/airflow/example_dags/plugins/workday.py
[2024-12-23T06:32:03.142+0700] {processor.py:927} WARNING - No viable dags retrieved from /mnt/d/Project/airflow-news/venv/lib/python3.12/site-packages/airflow/example_dags/plugins/workday.py
[2024-12-23T06:32:03.172+0700] {processor.py:208} INFO - Processing /mnt/d/Project/airflow-news/venv/lib/python3.12/site-packages/airflow/example_dags/plugins/workday.py took 0.082 seconds
[2024-12-23T06:32:06.855+0700] {processor.py:186} INFO - Started process (PID=8035) to work on /mnt/d/Project/airflow-news/venv/lib/python3.12/site-packages/airflow/example_dags/plugins/workday.py
[2024-12-23T06:32:06.857+0700] {processor.py:914} INFO - Processing file /mnt/d/Project/airflow-news/venv/lib/python3.12/site-packages/airflow/example_dags/plugins/workday.py for tasks to queue
[2024-12-23T06:32:06.862+0700] {logging_mixin.py:190} INFO - [2024-12-23T06:32:06.861+0700] {dagbag.py:588} INFO - Filling up the DagBag from /mnt/d/Project/airflow-news/venv/lib/python3.12/site-packages/airflow/example_dags/plugins/workday.py
[2024-12-23T06:32:10.841+0700] {processor.py:927} WARNING - No viable dags retrieved from /mnt/d/Project/airflow-news/venv/lib/python3.12/site-packages/airflow/example_dags/plugins/workday.py
[2024-12-23T06:32:10.872+0700] {processor.py:208} INFO - Processing /mnt/d/Project/airflow-news/venv/lib/python3.12/site-packages/airflow/example_dags/plugins/workday.py took 4.038 seconds
[2024-12-23T06:32:50.577+0700] {processor.py:186} INFO - Started process (PID=8163) to work on /mnt/d/Project/airflow-news/venv/lib/python3.12/site-packages/airflow/example_dags/plugins/workday.py
[2024-12-23T06:32:50.580+0700] {processor.py:914} INFO - Processing file /mnt/d/Project/airflow-news/venv/lib/python3.12/site-packages/airflow/example_dags/plugins/workday.py for tasks to queue
[2024-12-23T06:32:50.585+0700] {logging_mixin.py:190} INFO - [2024-12-23T06:32:50.583+0700] {dagbag.py:588} INFO - Filling up the DagBag from /mnt/d/Project/airflow-news/venv/lib/python3.12/site-packages/airflow/example_dags/plugins/workday.py
[2024-12-23T06:32:50.626+0700] {processor.py:927} WARNING - No viable dags retrieved from /mnt/d/Project/airflow-news/venv/lib/python3.12/site-packages/airflow/example_dags/plugins/workday.py
[2024-12-23T06:32:50.669+0700] {processor.py:208} INFO - Processing /mnt/d/Project/airflow-news/venv/lib/python3.12/site-packages/airflow/example_dags/plugins/workday.py took 0.109 seconds
[2024-12-23T06:33:02.803+0700] {processor.py:186} INFO - Started process (PID=8198) to work on /mnt/d/Project/airflow-news/venv/lib/python3.12/site-packages/airflow/example_dags/plugins/workday.py
[2024-12-23T06:33:02.808+0700] {processor.py:914} INFO - Processing file /mnt/d/Project/airflow-news/venv/lib/python3.12/site-packages/airflow/example_dags/plugins/workday.py for tasks to queue
[2024-12-23T06:33:02.819+0700] {logging_mixin.py:190} INFO - [2024-12-23T06:33:02.817+0700] {dagbag.py:588} INFO - Filling up the DagBag from /mnt/d/Project/airflow-news/venv/lib/python3.12/site-packages/airflow/example_dags/plugins/workday.py
[2024-12-23T06:33:07.438+0700] {processor.py:927} WARNING - No viable dags retrieved from /mnt/d/Project/airflow-news/venv/lib/python3.12/site-packages/airflow/example_dags/plugins/workday.py
[2024-12-23T06:33:07.473+0700] {processor.py:208} INFO - Processing /mnt/d/Project/airflow-news/venv/lib/python3.12/site-packages/airflow/example_dags/plugins/workday.py took 4.715 seconds
[2024-12-23T06:33:37.922+0700] {processor.py:186} INFO - Started process (PID=8308) to work on /mnt/d/Project/airflow-news/venv/lib/python3.12/site-packages/airflow/example_dags/plugins/workday.py
[2024-12-23T06:33:37.924+0700] {processor.py:914} INFO - Processing file /mnt/d/Project/airflow-news/venv/lib/python3.12/site-packages/airflow/example_dags/plugins/workday.py for tasks to queue
[2024-12-23T06:33:37.929+0700] {logging_mixin.py:190} INFO - [2024-12-23T06:33:37.928+0700] {dagbag.py:588} INFO - Filling up the DagBag from /mnt/d/Project/airflow-news/venv/lib/python3.12/site-packages/airflow/example_dags/plugins/workday.py
[2024-12-23T06:33:37.956+0700] {processor.py:927} WARNING - No viable dags retrieved from /mnt/d/Project/airflow-news/venv/lib/python3.12/site-packages/airflow/example_dags/plugins/workday.py
[2024-12-23T06:33:37.981+0700] {processor.py:208} INFO - Processing /mnt/d/Project/airflow-news/venv/lib/python3.12/site-packages/airflow/example_dags/plugins/workday.py took 0.074 seconds
[2024-12-23T06:33:57.279+0700] {processor.py:186} INFO - Started process (PID=8375) to work on /mnt/d/Project/airflow-news/venv/lib/python3.12/site-packages/airflow/example_dags/plugins/workday.py
[2024-12-23T06:33:57.281+0700] {processor.py:914} INFO - Processing file /mnt/d/Project/airflow-news/venv/lib/python3.12/site-packages/airflow/example_dags/plugins/workday.py for tasks to queue
[2024-12-23T06:33:57.286+0700] {logging_mixin.py:190} INFO - [2024-12-23T06:33:57.285+0700] {dagbag.py:588} INFO - Filling up the DagBag from /mnt/d/Project/airflow-news/venv/lib/python3.12/site-packages/airflow/example_dags/plugins/workday.py
[2024-12-23T06:34:01.224+0700] {processor.py:927} WARNING - No viable dags retrieved from /mnt/d/Project/airflow-news/venv/lib/python3.12/site-packages/airflow/example_dags/plugins/workday.py
[2024-12-23T06:34:01.251+0700] {processor.py:208} INFO - Processing /mnt/d/Project/airflow-news/venv/lib/python3.12/site-packages/airflow/example_dags/plugins/workday.py took 3.995 seconds
[2024-12-23T06:34:27.250+0700] {processor.py:186} INFO - Started process (PID=8456) to work on /mnt/d/Project/airflow-news/venv/lib/python3.12/site-packages/airflow/example_dags/plugins/workday.py
[2024-12-23T06:34:27.254+0700] {processor.py:914} INFO - Processing file /mnt/d/Project/airflow-news/venv/lib/python3.12/site-packages/airflow/example_dags/plugins/workday.py for tasks to queue
[2024-12-23T06:34:27.262+0700] {logging_mixin.py:190} INFO - [2024-12-23T06:34:27.259+0700] {dagbag.py:588} INFO - Filling up the DagBag from /mnt/d/Project/airflow-news/venv/lib/python3.12/site-packages/airflow/example_dags/plugins/workday.py
[2024-12-23T06:34:27.309+0700] {processor.py:927} WARNING - No viable dags retrieved from /mnt/d/Project/airflow-news/venv/lib/python3.12/site-packages/airflow/example_dags/plugins/workday.py
[2024-12-23T06:34:27.348+0700] {processor.py:208} INFO - Processing /mnt/d/Project/airflow-news/venv/lib/python3.12/site-packages/airflow/example_dags/plugins/workday.py took 0.127 seconds
[2024-12-23T06:35:26.106+0700] {processor.py:186} INFO - Started process (PID=8626) to work on /mnt/d/Project/airflow-news/venv/lib/python3.12/site-packages/airflow/example_dags/plugins/workday.py
[2024-12-23T06:35:26.108+0700] {processor.py:914} INFO - Processing file /mnt/d/Project/airflow-news/venv/lib/python3.12/site-packages/airflow/example_dags/plugins/workday.py for tasks to queue
[2024-12-23T06:35:26.114+0700] {logging_mixin.py:190} INFO - [2024-12-23T06:35:26.112+0700] {dagbag.py:588} INFO - Filling up the DagBag from /mnt/d/Project/airflow-news/venv/lib/python3.12/site-packages/airflow/example_dags/plugins/workday.py
[2024-12-23T06:35:30.692+0700] {processor.py:927} WARNING - No viable dags retrieved from /mnt/d/Project/airflow-news/venv/lib/python3.12/site-packages/airflow/example_dags/plugins/workday.py
[2024-12-23T06:35:30.723+0700] {processor.py:208} INFO - Processing /mnt/d/Project/airflow-news/venv/lib/python3.12/site-packages/airflow/example_dags/plugins/workday.py took 4.640 seconds
[2024-12-23T06:36:14.374+0700] {processor.py:186} INFO - Started process (PID=8774) to work on /mnt/d/Project/airflow-news/venv/lib/python3.12/site-packages/airflow/example_dags/plugins/workday.py
[2024-12-23T06:36:14.376+0700] {processor.py:914} INFO - Processing file /mnt/d/Project/airflow-news/venv/lib/python3.12/site-packages/airflow/example_dags/plugins/workday.py for tasks to queue
[2024-12-23T06:36:14.381+0700] {logging_mixin.py:190} INFO - [2024-12-23T06:36:14.379+0700] {dagbag.py:588} INFO - Filling up the DagBag from /mnt/d/Project/airflow-news/venv/lib/python3.12/site-packages/airflow/example_dags/plugins/workday.py
[2024-12-23T06:36:14.411+0700] {processor.py:927} WARNING - No viable dags retrieved from /mnt/d/Project/airflow-news/venv/lib/python3.12/site-packages/airflow/example_dags/plugins/workday.py
[2024-12-23T06:36:14.443+0700] {processor.py:208} INFO - Processing /mnt/d/Project/airflow-news/venv/lib/python3.12/site-packages/airflow/example_dags/plugins/workday.py took 0.087 seconds
[2024-12-23T06:37:13.990+0700] {processor.py:186} INFO - Started process (PID=8943) to work on /mnt/d/Project/airflow-news/venv/lib/python3.12/site-packages/airflow/example_dags/plugins/workday.py
[2024-12-23T06:37:13.992+0700] {processor.py:914} INFO - Processing file /mnt/d/Project/airflow-news/venv/lib/python3.12/site-packages/airflow/example_dags/plugins/workday.py for tasks to queue
[2024-12-23T06:37:13.997+0700] {logging_mixin.py:190} INFO - [2024-12-23T06:37:13.995+0700] {dagbag.py:588} INFO - Filling up the DagBag from /mnt/d/Project/airflow-news/venv/lib/python3.12/site-packages/airflow/example_dags/plugins/workday.py
[2024-12-23T06:37:16.982+0700] {processor.py:927} WARNING - No viable dags retrieved from /mnt/d/Project/airflow-news/venv/lib/python3.12/site-packages/airflow/example_dags/plugins/workday.py
[2024-12-23T06:37:17.015+0700] {processor.py:208} INFO - Processing /mnt/d/Project/airflow-news/venv/lib/python3.12/site-packages/airflow/example_dags/plugins/workday.py took 4.814 seconds
[2024-12-23T06:37:30.067+0700] {processor.py:186} INFO - Started process (PID=9009) to work on /mnt/d/Project/airflow-news/venv/lib/python3.12/site-packages/airflow/example_dags/plugins/workday.py
[2024-12-23T06:37:30.070+0700] {processor.py:914} INFO - Processing file /mnt/d/Project/airflow-news/venv/lib/python3.12/site-packages/airflow/example_dags/plugins/workday.py for tasks to queue
[2024-12-23T06:37:30.075+0700] {logging_mixin.py:190} INFO - [2024-12-23T06:37:30.074+0700] {dagbag.py:588} INFO - Filling up the DagBag from /mnt/d/Project/airflow-news/venv/lib/python3.12/site-packages/airflow/example_dags/plugins/workday.py
[2024-12-23T06:37:30.111+0700] {processor.py:927} WARNING - No viable dags retrieved from /mnt/d/Project/airflow-news/venv/lib/python3.12/site-packages/airflow/example_dags/plugins/workday.py
[2024-12-23T06:37:30.149+0700] {processor.py:208} INFO - Processing /mnt/d/Project/airflow-news/venv/lib/python3.12/site-packages/airflow/example_dags/plugins/workday.py took 0.101 seconds
[2024-12-23T06:38:15.052+0700] {processor.py:186} INFO - Started process (PID=9176) to work on /mnt/d/Project/airflow-news/venv/lib/python3.12/site-packages/airflow/example_dags/plugins/workday.py
[2024-12-23T06:38:15.054+0700] {processor.py:914} INFO - Processing file /mnt/d/Project/airflow-news/venv/lib/python3.12/site-packages/airflow/example_dags/plugins/workday.py for tasks to queue
[2024-12-23T06:38:15.059+0700] {logging_mixin.py:190} INFO - [2024-12-23T06:38:15.057+0700] {dagbag.py:588} INFO - Filling up the DagBag from /mnt/d/Project/airflow-news/venv/lib/python3.12/site-packages/airflow/example_dags/plugins/workday.py
[2024-12-23T06:38:19.067+0700] {processor.py:186} INFO - Started process (PID=9195) to work on /mnt/d/Project/airflow-news/venv/lib/python3.12/site-packages/airflow/example_dags/plugins/workday.py
[2024-12-23T06:38:19.071+0700] {processor.py:914} INFO - Processing file /mnt/d/Project/airflow-news/venv/lib/python3.12/site-packages/airflow/example_dags/plugins/workday.py for tasks to queue
[2024-12-23T06:38:19.083+0700] {logging_mixin.py:190} INFO - [2024-12-23T06:38:19.077+0700] {dagbag.py:588} INFO - Filling up the DagBag from /mnt/d/Project/airflow-news/venv/lib/python3.12/site-packages/airflow/example_dags/plugins/workday.py
[2024-12-23T06:38:19.130+0700] {processor.py:927} WARNING - No viable dags retrieved from /mnt/d/Project/airflow-news/venv/lib/python3.12/site-packages/airflow/example_dags/plugins/workday.py
[2024-12-23T06:38:19.164+0700] {processor.py:208} INFO - Processing /mnt/d/Project/airflow-news/venv/lib/python3.12/site-packages/airflow/example_dags/plugins/workday.py took 0.128 seconds
[2024-12-23T06:38:17.786+0700] {processor.py:927} WARNING - No viable dags retrieved from /mnt/d/Project/airflow-news/venv/lib/python3.12/site-packages/airflow/example_dags/plugins/workday.py
[2024-12-23T06:38:17.815+0700] {processor.py:208} INFO - Processing /mnt/d/Project/airflow-news/venv/lib/python3.12/site-packages/airflow/example_dags/plugins/workday.py took 4.554 seconds
[2024-12-23T06:39:08.235+0700] {processor.py:186} INFO - Started process (PID=9339) to work on /mnt/d/Project/airflow-news/venv/lib/python3.12/site-packages/airflow/example_dags/plugins/workday.py
[2024-12-23T06:39:08.238+0700] {processor.py:914} INFO - Processing file /mnt/d/Project/airflow-news/venv/lib/python3.12/site-packages/airflow/example_dags/plugins/workday.py for tasks to queue
[2024-12-23T06:39:08.244+0700] {logging_mixin.py:190} INFO - [2024-12-23T06:39:08.243+0700] {dagbag.py:588} INFO - Filling up the DagBag from /mnt/d/Project/airflow-news/venv/lib/python3.12/site-packages/airflow/example_dags/plugins/workday.py
[2024-12-23T06:39:08.278+0700] {processor.py:927} WARNING - No viable dags retrieved from /mnt/d/Project/airflow-news/venv/lib/python3.12/site-packages/airflow/example_dags/plugins/workday.py
[2024-12-23T06:39:08.311+0700] {processor.py:208} INFO - Processing /mnt/d/Project/airflow-news/venv/lib/python3.12/site-packages/airflow/example_dags/plugins/workday.py took 0.092 seconds
[2024-12-23T06:39:16.324+0700] {processor.py:186} INFO - Started process (PID=9363) to work on /mnt/d/Project/airflow-news/venv/lib/python3.12/site-packages/airflow/example_dags/plugins/workday.py
[2024-12-23T06:39:16.326+0700] {processor.py:914} INFO - Processing file /mnt/d/Project/airflow-news/venv/lib/python3.12/site-packages/airflow/example_dags/plugins/workday.py for tasks to queue
[2024-12-23T06:39:16.331+0700] {logging_mixin.py:190} INFO - [2024-12-23T06:39:16.330+0700] {dagbag.py:588} INFO - Filling up the DagBag from /mnt/d/Project/airflow-news/venv/lib/python3.12/site-packages/airflow/example_dags/plugins/workday.py
[2024-12-23T06:39:18.871+0700] {processor.py:927} WARNING - No viable dags retrieved from /mnt/d/Project/airflow-news/venv/lib/python3.12/site-packages/airflow/example_dags/plugins/workday.py
[2024-12-23T06:39:18.902+0700] {processor.py:208} INFO - Processing /mnt/d/Project/airflow-news/venv/lib/python3.12/site-packages/airflow/example_dags/plugins/workday.py took 4.384 seconds
