[2024-12-23T05:45:53.860+0700] {processor.py:186} INFO - Started process (PID=1424) to work on /mnt/d/Project/airflow-news/venv/lib/python3.12/site-packages/airflow/example_dags/example_kubernetes_executor.py
[2024-12-23T05:45:53.863+0700] {processor.py:914} INFO - Processing file /mnt/d/Project/airflow-news/venv/lib/python3.12/site-packages/airflow/example_dags/example_kubernetes_executor.py for tasks to queue
[2024-12-23T05:45:53.867+0700] {logging_mixin.py:190} INFO - [2024-12-23T05:45:53.865+0700] {dagbag.py:588} INFO - Filling up the DagBag from /mnt/d/Project/airflow-news/venv/lib/python3.12/site-packages/airflow/example_dags/example_kubernetes_executor.py
[2024-12-23T05:45:53.898+0700] {logging_mixin.py:190} INFO - [2024-12-23T05:45:53.897+0700] {example_kubernetes_executor.py:39} WARNING - The example_kubernetes_executor example DAG requires the kubernetes provider. Please install it with: pip install apache-airflow[cncf.kubernetes]
[2024-12-23T05:45:53.900+0700] {processor.py:927} WARNING - No viable dags retrieved from /mnt/d/Project/airflow-news/venv/lib/python3.12/site-packages/airflow/example_dags/example_kubernetes_executor.py
[2024-12-23T05:45:53.929+0700] {processor.py:208} INFO - Processing /mnt/d/Project/airflow-news/venv/lib/python3.12/site-packages/airflow/example_dags/example_kubernetes_executor.py took 0.084 seconds
[2024-12-23T05:53:29.142+0700] {processor.py:186} INFO - Started process (PID=1801) to work on /mnt/d/Project/airflow-news/venv/lib/python3.12/site-packages/airflow/example_dags/example_kubernetes_executor.py
[2024-12-23T05:53:29.144+0700] {processor.py:914} INFO - Processing file /mnt/d/Project/airflow-news/venv/lib/python3.12/site-packages/airflow/example_dags/example_kubernetes_executor.py for tasks to queue
[2024-12-23T05:53:29.149+0700] {logging_mixin.py:190} INFO - [2024-12-23T05:53:29.147+0700] {dagbag.py:588} INFO - Filling up the DagBag from /mnt/d/Project/airflow-news/venv/lib/python3.12/site-packages/airflow/example_dags/example_kubernetes_executor.py
[2024-12-23T05:53:29.194+0700] {logging_mixin.py:190} INFO - [2024-12-23T05:53:29.192+0700] {example_kubernetes_executor.py:39} WARNING - The example_kubernetes_executor example DAG requires the kubernetes provider. Please install it with: pip install apache-airflow[cncf.kubernetes]
[2024-12-23T05:53:29.196+0700] {processor.py:927} WARNING - No viable dags retrieved from /mnt/d/Project/airflow-news/venv/lib/python3.12/site-packages/airflow/example_dags/example_kubernetes_executor.py
[2024-12-23T05:53:29.235+0700] {processor.py:208} INFO - Processing /mnt/d/Project/airflow-news/venv/lib/python3.12/site-packages/airflow/example_dags/example_kubernetes_executor.py took 0.111 seconds
[2024-12-23T05:53:50.068+0700] {processor.py:186} INFO - Started process (PID=1843) to work on /mnt/d/Project/airflow-news/venv/lib/python3.12/site-packages/airflow/example_dags/example_kubernetes_executor.py
[2024-12-23T05:53:50.071+0700] {processor.py:914} INFO - Processing file /mnt/d/Project/airflow-news/venv/lib/python3.12/site-packages/airflow/example_dags/example_kubernetes_executor.py for tasks to queue
[2024-12-23T05:53:50.075+0700] {logging_mixin.py:190} INFO - [2024-12-23T05:53:50.074+0700] {dagbag.py:588} INFO - Filling up the DagBag from /mnt/d/Project/airflow-news/venv/lib/python3.12/site-packages/airflow/example_dags/example_kubernetes_executor.py
[2024-12-23T05:53:50.114+0700] {logging_mixin.py:190} INFO - [2024-12-23T05:53:50.113+0700] {example_kubernetes_executor.py:39} WARNING - The example_kubernetes_executor example DAG requires the kubernetes provider. Please install it with: pip install apache-airflow[cncf.kubernetes]
[2024-12-23T05:53:50.116+0700] {processor.py:927} WARNING - No viable dags retrieved from /mnt/d/Project/airflow-news/venv/lib/python3.12/site-packages/airflow/example_dags/example_kubernetes_executor.py
[2024-12-23T05:53:50.152+0700] {processor.py:208} INFO - Processing /mnt/d/Project/airflow-news/venv/lib/python3.12/site-packages/airflow/example_dags/example_kubernetes_executor.py took 0.101 seconds
[2024-12-23T05:55:29.829+0700] {processor.py:186} INFO - Started process (PID=2128) to work on /mnt/d/Project/airflow-news/venv/lib/python3.12/site-packages/airflow/example_dags/example_kubernetes_executor.py
[2024-12-23T05:55:29.831+0700] {processor.py:914} INFO - Processing file /mnt/d/Project/airflow-news/venv/lib/python3.12/site-packages/airflow/example_dags/example_kubernetes_executor.py for tasks to queue
[2024-12-23T05:55:29.835+0700] {logging_mixin.py:190} INFO - [2024-12-23T05:55:29.834+0700] {dagbag.py:588} INFO - Filling up the DagBag from /mnt/d/Project/airflow-news/venv/lib/python3.12/site-packages/airflow/example_dags/example_kubernetes_executor.py
[2024-12-23T05:55:29.865+0700] {logging_mixin.py:190} INFO - [2024-12-23T05:55:29.863+0700] {example_kubernetes_executor.py:39} WARNING - The example_kubernetes_executor example DAG requires the kubernetes provider. Please install it with: pip install apache-airflow[cncf.kubernetes]
[2024-12-23T05:55:29.866+0700] {processor.py:927} WARNING - No viable dags retrieved from /mnt/d/Project/airflow-news/venv/lib/python3.12/site-packages/airflow/example_dags/example_kubernetes_executor.py
[2024-12-23T05:55:29.894+0700] {processor.py:208} INFO - Processing /mnt/d/Project/airflow-news/venv/lib/python3.12/site-packages/airflow/example_dags/example_kubernetes_executor.py took 0.080 seconds
[2024-12-23T05:57:02.617+0700] {processor.py:186} INFO - Started process (PID=2306) to work on /mnt/d/Project/airflow-news/venv/lib/python3.12/site-packages/airflow/example_dags/example_kubernetes_executor.py
[2024-12-23T05:57:02.619+0700] {processor.py:914} INFO - Processing file /mnt/d/Project/airflow-news/venv/lib/python3.12/site-packages/airflow/example_dags/example_kubernetes_executor.py for tasks to queue
[2024-12-23T05:57:02.623+0700] {logging_mixin.py:190} INFO - [2024-12-23T05:57:02.621+0700] {dagbag.py:588} INFO - Filling up the DagBag from /mnt/d/Project/airflow-news/venv/lib/python3.12/site-packages/airflow/example_dags/example_kubernetes_executor.py
[2024-12-23T05:57:02.650+0700] {logging_mixin.py:190} INFO - [2024-12-23T05:57:02.649+0700] {example_kubernetes_executor.py:39} WARNING - The example_kubernetes_executor example DAG requires the kubernetes provider. Please install it with: pip install apache-airflow[cncf.kubernetes]
[2024-12-23T05:57:02.652+0700] {processor.py:927} WARNING - No viable dags retrieved from /mnt/d/Project/airflow-news/venv/lib/python3.12/site-packages/airflow/example_dags/example_kubernetes_executor.py
[2024-12-23T05:57:02.679+0700] {processor.py:208} INFO - Processing /mnt/d/Project/airflow-news/venv/lib/python3.12/site-packages/airflow/example_dags/example_kubernetes_executor.py took 0.076 seconds
[2024-12-23T05:58:38.827+0700] {processor.py:186} INFO - Started process (PID=2543) to work on /mnt/d/Project/airflow-news/venv/lib/python3.12/site-packages/airflow/example_dags/example_kubernetes_executor.py
[2024-12-23T05:58:38.830+0700] {processor.py:914} INFO - Processing file /mnt/d/Project/airflow-news/venv/lib/python3.12/site-packages/airflow/example_dags/example_kubernetes_executor.py for tasks to queue
[2024-12-23T05:58:38.837+0700] {logging_mixin.py:190} INFO - [2024-12-23T05:58:38.835+0700] {dagbag.py:588} INFO - Filling up the DagBag from /mnt/d/Project/airflow-news/venv/lib/python3.12/site-packages/airflow/example_dags/example_kubernetes_executor.py
[2024-12-23T05:58:38.881+0700] {logging_mixin.py:190} INFO - [2024-12-23T05:58:38.879+0700] {example_kubernetes_executor.py:39} WARNING - The example_kubernetes_executor example DAG requires the kubernetes provider. Please install it with: pip install apache-airflow[cncf.kubernetes]
[2024-12-23T05:58:38.883+0700] {processor.py:927} WARNING - No viable dags retrieved from /mnt/d/Project/airflow-news/venv/lib/python3.12/site-packages/airflow/example_dags/example_kubernetes_executor.py
[2024-12-23T05:58:38.928+0700] {processor.py:208} INFO - Processing /mnt/d/Project/airflow-news/venv/lib/python3.12/site-packages/airflow/example_dags/example_kubernetes_executor.py took 0.121 seconds
[2024-12-23T05:59:28.367+0700] {processor.py:186} INFO - Started process (PID=2669) to work on /mnt/d/Project/airflow-news/venv/lib/python3.12/site-packages/airflow/example_dags/example_kubernetes_executor.py
[2024-12-23T05:59:28.370+0700] {processor.py:914} INFO - Processing file /mnt/d/Project/airflow-news/venv/lib/python3.12/site-packages/airflow/example_dags/example_kubernetes_executor.py for tasks to queue
[2024-12-23T05:59:28.375+0700] {logging_mixin.py:190} INFO - [2024-12-23T05:59:28.373+0700] {dagbag.py:588} INFO - Filling up the DagBag from /mnt/d/Project/airflow-news/venv/lib/python3.12/site-packages/airflow/example_dags/example_kubernetes_executor.py
[2024-12-23T05:59:28.411+0700] {logging_mixin.py:190} INFO - [2024-12-23T05:59:28.409+0700] {example_kubernetes_executor.py:39} WARNING - The example_kubernetes_executor example DAG requires the kubernetes provider. Please install it with: pip install apache-airflow[cncf.kubernetes]
[2024-12-23T05:59:28.413+0700] {processor.py:927} WARNING - No viable dags retrieved from /mnt/d/Project/airflow-news/venv/lib/python3.12/site-packages/airflow/example_dags/example_kubernetes_executor.py
[2024-12-23T05:59:28.442+0700] {processor.py:208} INFO - Processing /mnt/d/Project/airflow-news/venv/lib/python3.12/site-packages/airflow/example_dags/example_kubernetes_executor.py took 0.095 seconds
[2024-12-23T06:00:19.467+0700] {processor.py:186} INFO - Started process (PID=2810) to work on /mnt/d/Project/airflow-news/venv/lib/python3.12/site-packages/airflow/example_dags/example_kubernetes_executor.py
[2024-12-23T06:00:19.470+0700] {processor.py:914} INFO - Processing file /mnt/d/Project/airflow-news/venv/lib/python3.12/site-packages/airflow/example_dags/example_kubernetes_executor.py for tasks to queue
[2024-12-23T06:00:19.476+0700] {logging_mixin.py:190} INFO - [2024-12-23T06:00:19.474+0700] {dagbag.py:588} INFO - Filling up the DagBag from /mnt/d/Project/airflow-news/venv/lib/python3.12/site-packages/airflow/example_dags/example_kubernetes_executor.py
[2024-12-23T06:00:19.519+0700] {logging_mixin.py:190} INFO - [2024-12-23T06:00:19.517+0700] {example_kubernetes_executor.py:39} WARNING - The example_kubernetes_executor example DAG requires the kubernetes provider. Please install it with: pip install apache-airflow[cncf.kubernetes]
[2024-12-23T06:00:19.521+0700] {processor.py:927} WARNING - No viable dags retrieved from /mnt/d/Project/airflow-news/venv/lib/python3.12/site-packages/airflow/example_dags/example_kubernetes_executor.py
[2024-12-23T06:00:19.566+0700] {processor.py:208} INFO - Processing /mnt/d/Project/airflow-news/venv/lib/python3.12/site-packages/airflow/example_dags/example_kubernetes_executor.py took 0.121 seconds
[2024-12-23T06:00:52.020+0700] {processor.py:186} INFO - Started process (PID=2894) to work on /mnt/d/Project/airflow-news/venv/lib/python3.12/site-packages/airflow/example_dags/example_kubernetes_executor.py
[2024-12-23T06:00:52.024+0700] {processor.py:914} INFO - Processing file /mnt/d/Project/airflow-news/venv/lib/python3.12/site-packages/airflow/example_dags/example_kubernetes_executor.py for tasks to queue
[2024-12-23T06:00:52.031+0700] {logging_mixin.py:190} INFO - [2024-12-23T06:00:52.029+0700] {dagbag.py:588} INFO - Filling up the DagBag from /mnt/d/Project/airflow-news/venv/lib/python3.12/site-packages/airflow/example_dags/example_kubernetes_executor.py
[2024-12-23T06:00:52.071+0700] {logging_mixin.py:190} INFO - [2024-12-23T06:00:52.069+0700] {example_kubernetes_executor.py:39} WARNING - The example_kubernetes_executor example DAG requires the kubernetes provider. Please install it with: pip install apache-airflow[cncf.kubernetes]
[2024-12-23T06:00:52.073+0700] {processor.py:927} WARNING - No viable dags retrieved from /mnt/d/Project/airflow-news/venv/lib/python3.12/site-packages/airflow/example_dags/example_kubernetes_executor.py
[2024-12-23T06:00:52.105+0700] {processor.py:208} INFO - Processing /mnt/d/Project/airflow-news/venv/lib/python3.12/site-packages/airflow/example_dags/example_kubernetes_executor.py took 0.106 seconds
[2024-12-23T06:02:21.751+0700] {processor.py:186} INFO - Started process (PID=3084) to work on /mnt/d/Project/airflow-news/venv/lib/python3.12/site-packages/airflow/example_dags/example_kubernetes_executor.py
[2024-12-23T06:02:21.754+0700] {processor.py:914} INFO - Processing file /mnt/d/Project/airflow-news/venv/lib/python3.12/site-packages/airflow/example_dags/example_kubernetes_executor.py for tasks to queue
[2024-12-23T06:02:21.761+0700] {logging_mixin.py:190} INFO - [2024-12-23T06:02:21.759+0700] {dagbag.py:588} INFO - Filling up the DagBag from /mnt/d/Project/airflow-news/venv/lib/python3.12/site-packages/airflow/example_dags/example_kubernetes_executor.py
[2024-12-23T06:02:21.812+0700] {logging_mixin.py:190} INFO - [2024-12-23T06:02:21.810+0700] {example_kubernetes_executor.py:39} WARNING - The example_kubernetes_executor example DAG requires the kubernetes provider. Please install it with: pip install apache-airflow[cncf.kubernetes]
[2024-12-23T06:02:21.814+0700] {processor.py:927} WARNING - No viable dags retrieved from /mnt/d/Project/airflow-news/venv/lib/python3.12/site-packages/airflow/example_dags/example_kubernetes_executor.py
[2024-12-23T06:02:21.858+0700] {processor.py:208} INFO - Processing /mnt/d/Project/airflow-news/venv/lib/python3.12/site-packages/airflow/example_dags/example_kubernetes_executor.py took 0.133 seconds
[2024-12-23T06:04:31.610+0700] {processor.py:186} INFO - Started process (PID=3405) to work on /mnt/d/Project/airflow-news/venv/lib/python3.12/site-packages/airflow/example_dags/example_kubernetes_executor.py
[2024-12-23T06:04:31.612+0700] {processor.py:914} INFO - Processing file /mnt/d/Project/airflow-news/venv/lib/python3.12/site-packages/airflow/example_dags/example_kubernetes_executor.py for tasks to queue
[2024-12-23T06:04:31.618+0700] {logging_mixin.py:190} INFO - [2024-12-23T06:04:31.616+0700] {dagbag.py:588} INFO - Filling up the DagBag from /mnt/d/Project/airflow-news/venv/lib/python3.12/site-packages/airflow/example_dags/example_kubernetes_executor.py
[2024-12-23T06:04:31.666+0700] {logging_mixin.py:190} INFO - [2024-12-23T06:04:31.664+0700] {example_kubernetes_executor.py:39} WARNING - The example_kubernetes_executor example DAG requires the kubernetes provider. Please install it with: pip install apache-airflow[cncf.kubernetes]
[2024-12-23T06:04:31.668+0700] {processor.py:927} WARNING - No viable dags retrieved from /mnt/d/Project/airflow-news/venv/lib/python3.12/site-packages/airflow/example_dags/example_kubernetes_executor.py
[2024-12-23T06:04:31.703+0700] {processor.py:208} INFO - Processing /mnt/d/Project/airflow-news/venv/lib/python3.12/site-packages/airflow/example_dags/example_kubernetes_executor.py took 0.119 seconds
[2024-12-23T06:06:32.645+0700] {processor.py:186} INFO - Started process (PID=3687) to work on /mnt/d/Project/airflow-news/venv/lib/python3.12/site-packages/airflow/example_dags/example_kubernetes_executor.py
[2024-12-23T06:06:32.647+0700] {processor.py:914} INFO - Processing file /mnt/d/Project/airflow-news/venv/lib/python3.12/site-packages/airflow/example_dags/example_kubernetes_executor.py for tasks to queue
[2024-12-23T06:06:32.652+0700] {logging_mixin.py:190} INFO - [2024-12-23T06:06:32.651+0700] {dagbag.py:588} INFO - Filling up the DagBag from /mnt/d/Project/airflow-news/venv/lib/python3.12/site-packages/airflow/example_dags/example_kubernetes_executor.py
[2024-12-23T06:06:32.695+0700] {logging_mixin.py:190} INFO - [2024-12-23T06:06:32.694+0700] {example_kubernetes_executor.py:39} WARNING - The example_kubernetes_executor example DAG requires the kubernetes provider. Please install it with: pip install apache-airflow[cncf.kubernetes]
[2024-12-23T06:06:32.697+0700] {processor.py:927} WARNING - No viable dags retrieved from /mnt/d/Project/airflow-news/venv/lib/python3.12/site-packages/airflow/example_dags/example_kubernetes_executor.py
[2024-12-23T06:06:32.727+0700] {processor.py:208} INFO - Processing /mnt/d/Project/airflow-news/venv/lib/python3.12/site-packages/airflow/example_dags/example_kubernetes_executor.py took 0.104 seconds
[2024-12-23T06:07:38.841+0700] {processor.py:186} INFO - Started process (PID=3870) to work on /mnt/d/Project/airflow-news/venv/lib/python3.12/site-packages/airflow/example_dags/example_kubernetes_executor.py
[2024-12-23T06:07:38.844+0700] {processor.py:914} INFO - Processing file /mnt/d/Project/airflow-news/venv/lib/python3.12/site-packages/airflow/example_dags/example_kubernetes_executor.py for tasks to queue
[2024-12-23T06:07:38.849+0700] {logging_mixin.py:190} INFO - [2024-12-23T06:07:38.847+0700] {dagbag.py:588} INFO - Filling up the DagBag from /mnt/d/Project/airflow-news/venv/lib/python3.12/site-packages/airflow/example_dags/example_kubernetes_executor.py
[2024-12-23T06:07:38.881+0700] {logging_mixin.py:190} INFO - [2024-12-23T06:07:38.880+0700] {example_kubernetes_executor.py:39} WARNING - The example_kubernetes_executor example DAG requires the kubernetes provider. Please install it with: pip install apache-airflow[cncf.kubernetes]
[2024-12-23T06:07:38.883+0700] {processor.py:927} WARNING - No viable dags retrieved from /mnt/d/Project/airflow-news/venv/lib/python3.12/site-packages/airflow/example_dags/example_kubernetes_executor.py
[2024-12-23T06:07:38.917+0700] {processor.py:208} INFO - Processing /mnt/d/Project/airflow-news/venv/lib/python3.12/site-packages/airflow/example_dags/example_kubernetes_executor.py took 0.092 seconds
[2024-12-23T06:08:32.763+0700] {processor.py:186} INFO - Started process (PID=4044) to work on /mnt/d/Project/airflow-news/venv/lib/python3.12/site-packages/airflow/example_dags/example_kubernetes_executor.py
[2024-12-23T06:08:32.765+0700] {processor.py:914} INFO - Processing file /mnt/d/Project/airflow-news/venv/lib/python3.12/site-packages/airflow/example_dags/example_kubernetes_executor.py for tasks to queue
[2024-12-23T06:08:32.772+0700] {logging_mixin.py:190} INFO - [2024-12-23T06:08:32.770+0700] {dagbag.py:588} INFO - Filling up the DagBag from /mnt/d/Project/airflow-news/venv/lib/python3.12/site-packages/airflow/example_dags/example_kubernetes_executor.py
[2024-12-23T06:08:32.815+0700] {logging_mixin.py:190} INFO - [2024-12-23T06:08:32.813+0700] {example_kubernetes_executor.py:39} WARNING - The example_kubernetes_executor example DAG requires the kubernetes provider. Please install it with: pip install apache-airflow[cncf.kubernetes]
[2024-12-23T06:08:32.817+0700] {processor.py:927} WARNING - No viable dags retrieved from /mnt/d/Project/airflow-news/venv/lib/python3.12/site-packages/airflow/example_dags/example_kubernetes_executor.py
[2024-12-23T06:08:32.849+0700] {processor.py:208} INFO - Processing /mnt/d/Project/airflow-news/venv/lib/python3.12/site-packages/airflow/example_dags/example_kubernetes_executor.py took 0.111 seconds
[2024-12-23T06:09:00.175+0700] {processor.py:186} INFO - Started process (PID=4141) to work on /mnt/d/Project/airflow-news/venv/lib/python3.12/site-packages/airflow/example_dags/example_kubernetes_executor.py
[2024-12-23T06:09:00.177+0700] {processor.py:914} INFO - Processing file /mnt/d/Project/airflow-news/venv/lib/python3.12/site-packages/airflow/example_dags/example_kubernetes_executor.py for tasks to queue
[2024-12-23T06:09:00.182+0700] {logging_mixin.py:190} INFO - [2024-12-23T06:09:00.180+0700] {dagbag.py:588} INFO - Filling up the DagBag from /mnt/d/Project/airflow-news/venv/lib/python3.12/site-packages/airflow/example_dags/example_kubernetes_executor.py
[2024-12-23T06:09:00.215+0700] {logging_mixin.py:190} INFO - [2024-12-23T06:09:00.214+0700] {example_kubernetes_executor.py:39} WARNING - The example_kubernetes_executor example DAG requires the kubernetes provider. Please install it with: pip install apache-airflow[cncf.kubernetes]
[2024-12-23T06:09:00.217+0700] {processor.py:927} WARNING - No viable dags retrieved from /mnt/d/Project/airflow-news/venv/lib/python3.12/site-packages/airflow/example_dags/example_kubernetes_executor.py
[2024-12-23T06:09:00.246+0700] {processor.py:208} INFO - Processing /mnt/d/Project/airflow-news/venv/lib/python3.12/site-packages/airflow/example_dags/example_kubernetes_executor.py took 0.088 seconds
[2024-12-23T06:11:50.420+0700] {processor.py:186} INFO - Started process (PID=4512) to work on /mnt/d/Project/airflow-news/venv/lib/python3.12/site-packages/airflow/example_dags/example_kubernetes_executor.py
[2024-12-23T06:11:50.423+0700] {processor.py:914} INFO - Processing file /mnt/d/Project/airflow-news/venv/lib/python3.12/site-packages/airflow/example_dags/example_kubernetes_executor.py for tasks to queue
[2024-12-23T06:11:50.427+0700] {logging_mixin.py:190} INFO - [2024-12-23T06:11:50.426+0700] {dagbag.py:588} INFO - Filling up the DagBag from /mnt/d/Project/airflow-news/venv/lib/python3.12/site-packages/airflow/example_dags/example_kubernetes_executor.py
[2024-12-23T06:11:50.457+0700] {logging_mixin.py:190} INFO - [2024-12-23T06:11:50.455+0700] {example_kubernetes_executor.py:39} WARNING - The example_kubernetes_executor example DAG requires the kubernetes provider. Please install it with: pip install apache-airflow[cncf.kubernetes]
[2024-12-23T06:11:50.458+0700] {processor.py:927} WARNING - No viable dags retrieved from /mnt/d/Project/airflow-news/venv/lib/python3.12/site-packages/airflow/example_dags/example_kubernetes_executor.py
[2024-12-23T06:11:50.487+0700] {processor.py:208} INFO - Processing /mnt/d/Project/airflow-news/venv/lib/python3.12/site-packages/airflow/example_dags/example_kubernetes_executor.py took 0.082 seconds
[2024-12-23T06:11:58.947+0700] {processor.py:186} INFO - Started process (PID=4531) to work on /mnt/d/Project/airflow-news/venv/lib/python3.12/site-packages/airflow/example_dags/example_kubernetes_executor.py
[2024-12-23T06:11:58.950+0700] {processor.py:914} INFO - Processing file /mnt/d/Project/airflow-news/venv/lib/python3.12/site-packages/airflow/example_dags/example_kubernetes_executor.py for tasks to queue
[2024-12-23T06:11:58.955+0700] {logging_mixin.py:190} INFO - [2024-12-23T06:11:58.953+0700] {dagbag.py:588} INFO - Filling up the DagBag from /mnt/d/Project/airflow-news/venv/lib/python3.12/site-packages/airflow/example_dags/example_kubernetes_executor.py
[2024-12-23T06:11:58.994+0700] {logging_mixin.py:190} INFO - [2024-12-23T06:11:58.992+0700] {example_kubernetes_executor.py:39} WARNING - The example_kubernetes_executor example DAG requires the kubernetes provider. Please install it with: pip install apache-airflow[cncf.kubernetes]
[2024-12-23T06:11:58.996+0700] {processor.py:927} WARNING - No viable dags retrieved from /mnt/d/Project/airflow-news/venv/lib/python3.12/site-packages/airflow/example_dags/example_kubernetes_executor.py
[2024-12-23T06:11:59.027+0700] {processor.py:208} INFO - Processing /mnt/d/Project/airflow-news/venv/lib/python3.12/site-packages/airflow/example_dags/example_kubernetes_executor.py took 0.102 seconds
[2024-12-23T06:13:27.202+0700] {processor.py:186} INFO - Started process (PID=4794) to work on /mnt/d/Project/airflow-news/venv/lib/python3.12/site-packages/airflow/example_dags/example_kubernetes_executor.py
[2024-12-23T06:13:27.205+0700] {processor.py:914} INFO - Processing file /mnt/d/Project/airflow-news/venv/lib/python3.12/site-packages/airflow/example_dags/example_kubernetes_executor.py for tasks to queue
[2024-12-23T06:13:27.209+0700] {logging_mixin.py:190} INFO - [2024-12-23T06:13:27.207+0700] {dagbag.py:588} INFO - Filling up the DagBag from /mnt/d/Project/airflow-news/venv/lib/python3.12/site-packages/airflow/example_dags/example_kubernetes_executor.py
[2024-12-23T06:13:27.240+0700] {logging_mixin.py:190} INFO - [2024-12-23T06:13:27.238+0700] {example_kubernetes_executor.py:39} WARNING - The example_kubernetes_executor example DAG requires the kubernetes provider. Please install it with: pip install apache-airflow[cncf.kubernetes]
[2024-12-23T06:13:27.242+0700] {processor.py:927} WARNING - No viable dags retrieved from /mnt/d/Project/airflow-news/venv/lib/python3.12/site-packages/airflow/example_dags/example_kubernetes_executor.py
[2024-12-23T06:13:27.275+0700] {processor.py:208} INFO - Processing /mnt/d/Project/airflow-news/venv/lib/python3.12/site-packages/airflow/example_dags/example_kubernetes_executor.py took 0.088 seconds
[2024-12-23T06:13:57.127+0700] {processor.py:186} INFO - Started process (PID=4872) to work on /mnt/d/Project/airflow-news/venv/lib/python3.12/site-packages/airflow/example_dags/example_kubernetes_executor.py
[2024-12-23T06:13:57.129+0700] {processor.py:914} INFO - Processing file /mnt/d/Project/airflow-news/venv/lib/python3.12/site-packages/airflow/example_dags/example_kubernetes_executor.py for tasks to queue
[2024-12-23T06:13:57.134+0700] {logging_mixin.py:190} INFO - [2024-12-23T06:13:57.132+0700] {dagbag.py:588} INFO - Filling up the DagBag from /mnt/d/Project/airflow-news/venv/lib/python3.12/site-packages/airflow/example_dags/example_kubernetes_executor.py
[2024-12-23T06:13:57.169+0700] {logging_mixin.py:190} INFO - [2024-12-23T06:13:57.168+0700] {example_kubernetes_executor.py:39} WARNING - The example_kubernetes_executor example DAG requires the kubernetes provider. Please install it with: pip install apache-airflow[cncf.kubernetes]
[2024-12-23T06:13:57.171+0700] {processor.py:927} WARNING - No viable dags retrieved from /mnt/d/Project/airflow-news/venv/lib/python3.12/site-packages/airflow/example_dags/example_kubernetes_executor.py
[2024-12-23T06:13:57.201+0700] {processor.py:208} INFO - Processing /mnt/d/Project/airflow-news/venv/lib/python3.12/site-packages/airflow/example_dags/example_kubernetes_executor.py took 0.096 seconds
[2024-12-23T06:15:02.210+0700] {processor.py:186} INFO - Started process (PID=5070) to work on /mnt/d/Project/airflow-news/venv/lib/python3.12/site-packages/airflow/example_dags/example_kubernetes_executor.py
[2024-12-23T06:15:02.213+0700] {processor.py:914} INFO - Processing file /mnt/d/Project/airflow-news/venv/lib/python3.12/site-packages/airflow/example_dags/example_kubernetes_executor.py for tasks to queue
[2024-12-23T06:15:02.216+0700] {logging_mixin.py:190} INFO - [2024-12-23T06:15:02.214+0700] {dagbag.py:588} INFO - Filling up the DagBag from /mnt/d/Project/airflow-news/venv/lib/python3.12/site-packages/airflow/example_dags/example_kubernetes_executor.py
[2024-12-23T06:15:02.244+0700] {logging_mixin.py:190} INFO - [2024-12-23T06:15:02.243+0700] {example_kubernetes_executor.py:39} WARNING - The example_kubernetes_executor example DAG requires the kubernetes provider. Please install it with: pip install apache-airflow[cncf.kubernetes]
[2024-12-23T06:15:02.245+0700] {processor.py:927} WARNING - No viable dags retrieved from /mnt/d/Project/airflow-news/venv/lib/python3.12/site-packages/airflow/example_dags/example_kubernetes_executor.py
[2024-12-23T06:15:02.291+0700] {processor.py:208} INFO - Processing /mnt/d/Project/airflow-news/venv/lib/python3.12/site-packages/airflow/example_dags/example_kubernetes_executor.py took 0.097 seconds
[2024-12-23T06:15:47.069+0700] {processor.py:186} INFO - Started process (PID=5192) to work on /mnt/d/Project/airflow-news/venv/lib/python3.12/site-packages/airflow/example_dags/example_kubernetes_executor.py
[2024-12-23T06:15:47.072+0700] {processor.py:914} INFO - Processing file /mnt/d/Project/airflow-news/venv/lib/python3.12/site-packages/airflow/example_dags/example_kubernetes_executor.py for tasks to queue
[2024-12-23T06:15:47.078+0700] {logging_mixin.py:190} INFO - [2024-12-23T06:15:47.076+0700] {dagbag.py:588} INFO - Filling up the DagBag from /mnt/d/Project/airflow-news/venv/lib/python3.12/site-packages/airflow/example_dags/example_kubernetes_executor.py
[2024-12-23T06:15:47.118+0700] {logging_mixin.py:190} INFO - [2024-12-23T06:15:47.117+0700] {example_kubernetes_executor.py:39} WARNING - The example_kubernetes_executor example DAG requires the kubernetes provider. Please install it with: pip install apache-airflow[cncf.kubernetes]
[2024-12-23T06:15:47.120+0700] {processor.py:927} WARNING - No viable dags retrieved from /mnt/d/Project/airflow-news/venv/lib/python3.12/site-packages/airflow/example_dags/example_kubernetes_executor.py
[2024-12-23T06:15:47.148+0700] {processor.py:208} INFO - Processing /mnt/d/Project/airflow-news/venv/lib/python3.12/site-packages/airflow/example_dags/example_kubernetes_executor.py took 0.105 seconds
[2024-12-23T06:17:41.582+0700] {processor.py:186} INFO - Started process (PID=5498) to work on /mnt/d/Project/airflow-news/venv/lib/python3.12/site-packages/airflow/example_dags/example_kubernetes_executor.py
[2024-12-23T06:17:41.584+0700] {processor.py:914} INFO - Processing file /mnt/d/Project/airflow-news/venv/lib/python3.12/site-packages/airflow/example_dags/example_kubernetes_executor.py for tasks to queue
[2024-12-23T06:17:41.590+0700] {logging_mixin.py:190} INFO - [2024-12-23T06:17:41.588+0700] {dagbag.py:588} INFO - Filling up the DagBag from /mnt/d/Project/airflow-news/venv/lib/python3.12/site-packages/airflow/example_dags/example_kubernetes_executor.py
[2024-12-23T06:17:41.631+0700] {logging_mixin.py:190} INFO - [2024-12-23T06:17:41.630+0700] {example_kubernetes_executor.py:39} WARNING - The example_kubernetes_executor example DAG requires the kubernetes provider. Please install it with: pip install apache-airflow[cncf.kubernetes]
[2024-12-23T06:17:41.633+0700] {processor.py:927} WARNING - No viable dags retrieved from /mnt/d/Project/airflow-news/venv/lib/python3.12/site-packages/airflow/example_dags/example_kubernetes_executor.py
[2024-12-23T06:17:41.662+0700] {processor.py:208} INFO - Processing /mnt/d/Project/airflow-news/venv/lib/python3.12/site-packages/airflow/example_dags/example_kubernetes_executor.py took 0.103 seconds
[2024-12-23T06:17:43.119+0700] {processor.py:186} INFO - Started process (PID=5501) to work on /mnt/d/Project/airflow-news/venv/lib/python3.12/site-packages/airflow/example_dags/example_kubernetes_executor.py
[2024-12-23T06:17:43.121+0700] {processor.py:914} INFO - Processing file /mnt/d/Project/airflow-news/venv/lib/python3.12/site-packages/airflow/example_dags/example_kubernetes_executor.py for tasks to queue
[2024-12-23T06:17:43.125+0700] {logging_mixin.py:190} INFO - [2024-12-23T06:17:43.123+0700] {dagbag.py:588} INFO - Filling up the DagBag from /mnt/d/Project/airflow-news/venv/lib/python3.12/site-packages/airflow/example_dags/example_kubernetes_executor.py
[2024-12-23T06:17:43.153+0700] {logging_mixin.py:190} INFO - [2024-12-23T06:17:43.151+0700] {example_kubernetes_executor.py:39} WARNING - The example_kubernetes_executor example DAG requires the kubernetes provider. Please install it with: pip install apache-airflow[cncf.kubernetes]
[2024-12-23T06:17:43.155+0700] {processor.py:927} WARNING - No viable dags retrieved from /mnt/d/Project/airflow-news/venv/lib/python3.12/site-packages/airflow/example_dags/example_kubernetes_executor.py
[2024-12-23T06:17:43.182+0700] {processor.py:208} INFO - Processing /mnt/d/Project/airflow-news/venv/lib/python3.12/site-packages/airflow/example_dags/example_kubernetes_executor.py took 0.081 seconds
[2024-12-23T06:19:15.384+0700] {processor.py:186} INFO - Started process (PID=5769) to work on /mnt/d/Project/airflow-news/venv/lib/python3.12/site-packages/airflow/example_dags/example_kubernetes_executor.py
[2024-12-23T06:19:15.387+0700] {processor.py:914} INFO - Processing file /mnt/d/Project/airflow-news/venv/lib/python3.12/site-packages/airflow/example_dags/example_kubernetes_executor.py for tasks to queue
[2024-12-23T06:19:15.391+0700] {logging_mixin.py:190} INFO - [2024-12-23T06:19:15.390+0700] {dagbag.py:588} INFO - Filling up the DagBag from /mnt/d/Project/airflow-news/venv/lib/python3.12/site-packages/airflow/example_dags/example_kubernetes_executor.py
[2024-12-23T06:19:15.426+0700] {logging_mixin.py:190} INFO - [2024-12-23T06:19:15.424+0700] {example_kubernetes_executor.py:39} WARNING - The example_kubernetes_executor example DAG requires the kubernetes provider. Please install it with: pip install apache-airflow[cncf.kubernetes]
[2024-12-23T06:19:15.428+0700] {processor.py:927} WARNING - No viable dags retrieved from /mnt/d/Project/airflow-news/venv/lib/python3.12/site-packages/airflow/example_dags/example_kubernetes_executor.py
[2024-12-23T06:19:15.457+0700] {processor.py:208} INFO - Processing /mnt/d/Project/airflow-news/venv/lib/python3.12/site-packages/airflow/example_dags/example_kubernetes_executor.py took 0.091 seconds
[2024-12-23T06:19:33.755+0700] {processor.py:186} INFO - Started process (PID=5815) to work on /mnt/d/Project/airflow-news/venv/lib/python3.12/site-packages/airflow/example_dags/example_kubernetes_executor.py
[2024-12-23T06:19:33.757+0700] {processor.py:914} INFO - Processing file /mnt/d/Project/airflow-news/venv/lib/python3.12/site-packages/airflow/example_dags/example_kubernetes_executor.py for tasks to queue
[2024-12-23T06:19:33.762+0700] {logging_mixin.py:190} INFO - [2024-12-23T06:19:33.760+0700] {dagbag.py:588} INFO - Filling up the DagBag from /mnt/d/Project/airflow-news/venv/lib/python3.12/site-packages/airflow/example_dags/example_kubernetes_executor.py
[2024-12-23T06:19:33.794+0700] {logging_mixin.py:190} INFO - [2024-12-23T06:19:33.792+0700] {example_kubernetes_executor.py:39} WARNING - The example_kubernetes_executor example DAG requires the kubernetes provider. Please install it with: pip install apache-airflow[cncf.kubernetes]
[2024-12-23T06:19:33.795+0700] {processor.py:927} WARNING - No viable dags retrieved from /mnt/d/Project/airflow-news/venv/lib/python3.12/site-packages/airflow/example_dags/example_kubernetes_executor.py
[2024-12-23T06:19:33.825+0700] {processor.py:208} INFO - Processing /mnt/d/Project/airflow-news/venv/lib/python3.12/site-packages/airflow/example_dags/example_kubernetes_executor.py took 0.093 seconds
[2024-12-23T06:20:42.178+0700] {processor.py:186} INFO - Started process (PID=6012) to work on /mnt/d/Project/airflow-news/venv/lib/python3.12/site-packages/airflow/example_dags/example_kubernetes_executor.py
[2024-12-23T06:20:42.181+0700] {processor.py:914} INFO - Processing file /mnt/d/Project/airflow-news/venv/lib/python3.12/site-packages/airflow/example_dags/example_kubernetes_executor.py for tasks to queue
[2024-12-23T06:20:42.185+0700] {logging_mixin.py:190} INFO - [2024-12-23T06:20:42.183+0700] {dagbag.py:588} INFO - Filling up the DagBag from /mnt/d/Project/airflow-news/venv/lib/python3.12/site-packages/airflow/example_dags/example_kubernetes_executor.py
[2024-12-23T06:20:42.215+0700] {logging_mixin.py:190} INFO - [2024-12-23T06:20:42.213+0700] {example_kubernetes_executor.py:39} WARNING - The example_kubernetes_executor example DAG requires the kubernetes provider. Please install it with: pip install apache-airflow[cncf.kubernetes]
[2024-12-23T06:20:42.216+0700] {processor.py:927} WARNING - No viable dags retrieved from /mnt/d/Project/airflow-news/venv/lib/python3.12/site-packages/airflow/example_dags/example_kubernetes_executor.py
[2024-12-23T06:20:42.244+0700] {processor.py:208} INFO - Processing /mnt/d/Project/airflow-news/venv/lib/python3.12/site-packages/airflow/example_dags/example_kubernetes_executor.py took 0.081 seconds
[2024-12-23T06:21:30.561+0700] {processor.py:186} INFO - Started process (PID=6139) to work on /mnt/d/Project/airflow-news/venv/lib/python3.12/site-packages/airflow/example_dags/example_kubernetes_executor.py
[2024-12-23T06:21:30.563+0700] {processor.py:914} INFO - Processing file /mnt/d/Project/airflow-news/venv/lib/python3.12/site-packages/airflow/example_dags/example_kubernetes_executor.py for tasks to queue
[2024-12-23T06:21:30.568+0700] {logging_mixin.py:190} INFO - [2024-12-23T06:21:30.566+0700] {dagbag.py:588} INFO - Filling up the DagBag from /mnt/d/Project/airflow-news/venv/lib/python3.12/site-packages/airflow/example_dags/example_kubernetes_executor.py
[2024-12-23T06:21:30.603+0700] {logging_mixin.py:190} INFO - [2024-12-23T06:21:30.602+0700] {example_kubernetes_executor.py:39} WARNING - The example_kubernetes_executor example DAG requires the kubernetes provider. Please install it with: pip install apache-airflow[cncf.kubernetes]
[2024-12-23T06:21:30.604+0700] {processor.py:927} WARNING - No viable dags retrieved from /mnt/d/Project/airflow-news/venv/lib/python3.12/site-packages/airflow/example_dags/example_kubernetes_executor.py
[2024-12-23T06:21:30.632+0700] {processor.py:208} INFO - Processing /mnt/d/Project/airflow-news/venv/lib/python3.12/site-packages/airflow/example_dags/example_kubernetes_executor.py took 0.092 seconds
[2024-12-23T06:23:02.667+0700] {processor.py:186} INFO - Started process (PID=6388) to work on /mnt/d/Project/airflow-news/venv/lib/python3.12/site-packages/airflow/example_dags/example_kubernetes_executor.py
[2024-12-23T06:23:02.670+0700] {processor.py:914} INFO - Processing file /mnt/d/Project/airflow-news/venv/lib/python3.12/site-packages/airflow/example_dags/example_kubernetes_executor.py for tasks to queue
[2024-12-23T06:23:02.675+0700] {logging_mixin.py:190} INFO - [2024-12-23T06:23:02.673+0700] {dagbag.py:588} INFO - Filling up the DagBag from /mnt/d/Project/airflow-news/venv/lib/python3.12/site-packages/airflow/example_dags/example_kubernetes_executor.py
[2024-12-23T06:23:02.716+0700] {logging_mixin.py:190} INFO - [2024-12-23T06:23:02.715+0700] {example_kubernetes_executor.py:39} WARNING - The example_kubernetes_executor example DAG requires the kubernetes provider. Please install it with: pip install apache-airflow[cncf.kubernetes]
[2024-12-23T06:23:02.718+0700] {processor.py:927} WARNING - No viable dags retrieved from /mnt/d/Project/airflow-news/venv/lib/python3.12/site-packages/airflow/example_dags/example_kubernetes_executor.py
[2024-12-23T06:23:02.743+0700] {processor.py:208} INFO - Processing /mnt/d/Project/airflow-news/venv/lib/python3.12/site-packages/airflow/example_dags/example_kubernetes_executor.py took 0.099 seconds
[2024-12-23T06:23:03.252+0700] {processor.py:186} INFO - Started process (PID=6405) to work on /mnt/d/Project/airflow-news/venv/lib/python3.12/site-packages/airflow/example_dags/example_kubernetes_executor.py
[2024-12-23T06:23:03.255+0700] {processor.py:914} INFO - Processing file /mnt/d/Project/airflow-news/venv/lib/python3.12/site-packages/airflow/example_dags/example_kubernetes_executor.py for tasks to queue
[2024-12-23T06:23:03.261+0700] {logging_mixin.py:190} INFO - [2024-12-23T06:23:03.258+0700] {dagbag.py:588} INFO - Filling up the DagBag from /mnt/d/Project/airflow-news/venv/lib/python3.12/site-packages/airflow/example_dags/example_kubernetes_executor.py
[2024-12-23T06:23:03.291+0700] {logging_mixin.py:190} INFO - [2024-12-23T06:23:03.290+0700] {example_kubernetes_executor.py:39} WARNING - The example_kubernetes_executor example DAG requires the kubernetes provider. Please install it with: pip install apache-airflow[cncf.kubernetes]
[2024-12-23T06:23:03.293+0700] {processor.py:927} WARNING - No viable dags retrieved from /mnt/d/Project/airflow-news/venv/lib/python3.12/site-packages/airflow/example_dags/example_kubernetes_executor.py
[2024-12-23T06:23:03.341+0700] {processor.py:208} INFO - Processing /mnt/d/Project/airflow-news/venv/lib/python3.12/site-packages/airflow/example_dags/example_kubernetes_executor.py took 0.107 seconds
[2024-12-23T06:24:22.217+0700] {processor.py:186} INFO - Started process (PID=6645) to work on /mnt/d/Project/airflow-news/venv/lib/python3.12/site-packages/airflow/example_dags/example_kubernetes_executor.py
[2024-12-23T06:24:22.220+0700] {processor.py:914} INFO - Processing file /mnt/d/Project/airflow-news/venv/lib/python3.12/site-packages/airflow/example_dags/example_kubernetes_executor.py for tasks to queue
[2024-12-23T06:24:22.224+0700] {logging_mixin.py:190} INFO - [2024-12-23T06:24:22.222+0700] {dagbag.py:588} INFO - Filling up the DagBag from /mnt/d/Project/airflow-news/venv/lib/python3.12/site-packages/airflow/example_dags/example_kubernetes_executor.py
[2024-12-23T06:24:22.252+0700] {logging_mixin.py:190} INFO - [2024-12-23T06:24:22.251+0700] {example_kubernetes_executor.py:39} WARNING - The example_kubernetes_executor example DAG requires the kubernetes provider. Please install it with: pip install apache-airflow[cncf.kubernetes]
[2024-12-23T06:24:22.253+0700] {processor.py:927} WARNING - No viable dags retrieved from /mnt/d/Project/airflow-news/venv/lib/python3.12/site-packages/airflow/example_dags/example_kubernetes_executor.py
[2024-12-23T06:24:22.283+0700] {processor.py:208} INFO - Processing /mnt/d/Project/airflow-news/venv/lib/python3.12/site-packages/airflow/example_dags/example_kubernetes_executor.py took 0.081 seconds
[2024-12-23T06:24:52.634+0700] {processor.py:186} INFO - Started process (PID=6729) to work on /mnt/d/Project/airflow-news/venv/lib/python3.12/site-packages/airflow/example_dags/example_kubernetes_executor.py
[2024-12-23T06:24:52.636+0700] {processor.py:914} INFO - Processing file /mnt/d/Project/airflow-news/venv/lib/python3.12/site-packages/airflow/example_dags/example_kubernetes_executor.py for tasks to queue
[2024-12-23T06:24:52.642+0700] {logging_mixin.py:190} INFO - [2024-12-23T06:24:52.640+0700] {dagbag.py:588} INFO - Filling up the DagBag from /mnt/d/Project/airflow-news/venv/lib/python3.12/site-packages/airflow/example_dags/example_kubernetes_executor.py
[2024-12-23T06:24:52.678+0700] {logging_mixin.py:190} INFO - [2024-12-23T06:24:52.677+0700] {example_kubernetes_executor.py:39} WARNING - The example_kubernetes_executor example DAG requires the kubernetes provider. Please install it with: pip install apache-airflow[cncf.kubernetes]
[2024-12-23T06:24:52.680+0700] {processor.py:927} WARNING - No viable dags retrieved from /mnt/d/Project/airflow-news/venv/lib/python3.12/site-packages/airflow/example_dags/example_kubernetes_executor.py
[2024-12-23T06:24:52.707+0700] {processor.py:208} INFO - Processing /mnt/d/Project/airflow-news/venv/lib/python3.12/site-packages/airflow/example_dags/example_kubernetes_executor.py took 0.093 seconds
[2024-12-23T06:25:50.788+0700] {processor.py:186} INFO - Started process (PID=6922) to work on /mnt/d/Project/airflow-news/venv/lib/python3.12/site-packages/airflow/example_dags/example_kubernetes_executor.py
[2024-12-23T06:25:50.791+0700] {processor.py:914} INFO - Processing file /mnt/d/Project/airflow-news/venv/lib/python3.12/site-packages/airflow/example_dags/example_kubernetes_executor.py for tasks to queue
[2024-12-23T06:25:50.795+0700] {logging_mixin.py:190} INFO - [2024-12-23T06:25:50.794+0700] {dagbag.py:588} INFO - Filling up the DagBag from /mnt/d/Project/airflow-news/venv/lib/python3.12/site-packages/airflow/example_dags/example_kubernetes_executor.py
[2024-12-23T06:25:50.824+0700] {logging_mixin.py:190} INFO - [2024-12-23T06:25:50.823+0700] {example_kubernetes_executor.py:39} WARNING - The example_kubernetes_executor example DAG requires the kubernetes provider. Please install it with: pip install apache-airflow[cncf.kubernetes]
[2024-12-23T06:25:50.825+0700] {processor.py:927} WARNING - No viable dags retrieved from /mnt/d/Project/airflow-news/venv/lib/python3.12/site-packages/airflow/example_dags/example_kubernetes_executor.py
[2024-12-23T06:25:50.877+0700] {processor.py:208} INFO - Processing /mnt/d/Project/airflow-news/venv/lib/python3.12/site-packages/airflow/example_dags/example_kubernetes_executor.py took 0.103 seconds
[2024-12-23T06:26:37.340+0700] {processor.py:186} INFO - Started process (PID=7057) to work on /mnt/d/Project/airflow-news/venv/lib/python3.12/site-packages/airflow/example_dags/example_kubernetes_executor.py
[2024-12-23T06:26:37.342+0700] {processor.py:914} INFO - Processing file /mnt/d/Project/airflow-news/venv/lib/python3.12/site-packages/airflow/example_dags/example_kubernetes_executor.py for tasks to queue
[2024-12-23T06:26:37.347+0700] {logging_mixin.py:190} INFO - [2024-12-23T06:26:37.345+0700] {dagbag.py:588} INFO - Filling up the DagBag from /mnt/d/Project/airflow-news/venv/lib/python3.12/site-packages/airflow/example_dags/example_kubernetes_executor.py
[2024-12-23T06:26:37.382+0700] {logging_mixin.py:190} INFO - [2024-12-23T06:26:37.381+0700] {example_kubernetes_executor.py:39} WARNING - The example_kubernetes_executor example DAG requires the kubernetes provider. Please install it with: pip install apache-airflow[cncf.kubernetes]
[2024-12-23T06:26:37.384+0700] {processor.py:927} WARNING - No viable dags retrieved from /mnt/d/Project/airflow-news/venv/lib/python3.12/site-packages/airflow/example_dags/example_kubernetes_executor.py
[2024-12-23T06:26:37.410+0700] {processor.py:208} INFO - Processing /mnt/d/Project/airflow-news/venv/lib/python3.12/site-packages/airflow/example_dags/example_kubernetes_executor.py took 0.091 seconds
[2024-12-23T06:27:24.289+0700] {processor.py:186} INFO - Started process (PID=7192) to work on /mnt/d/Project/airflow-news/venv/lib/python3.12/site-packages/airflow/example_dags/example_kubernetes_executor.py
[2024-12-23T06:27:24.291+0700] {processor.py:914} INFO - Processing file /mnt/d/Project/airflow-news/venv/lib/python3.12/site-packages/airflow/example_dags/example_kubernetes_executor.py for tasks to queue
[2024-12-23T06:27:24.295+0700] {logging_mixin.py:190} INFO - [2024-12-23T06:27:24.294+0700] {dagbag.py:588} INFO - Filling up the DagBag from /mnt/d/Project/airflow-news/venv/lib/python3.12/site-packages/airflow/example_dags/example_kubernetes_executor.py
[2024-12-23T06:27:24.326+0700] {logging_mixin.py:190} INFO - [2024-12-23T06:27:24.324+0700] {example_kubernetes_executor.py:39} WARNING - The example_kubernetes_executor example DAG requires the kubernetes provider. Please install it with: pip install apache-airflow[cncf.kubernetes]
[2024-12-23T06:27:24.328+0700] {processor.py:927} WARNING - No viable dags retrieved from /mnt/d/Project/airflow-news/venv/lib/python3.12/site-packages/airflow/example_dags/example_kubernetes_executor.py
[2024-12-23T06:27:24.361+0700] {processor.py:208} INFO - Processing /mnt/d/Project/airflow-news/venv/lib/python3.12/site-packages/airflow/example_dags/example_kubernetes_executor.py took 0.088 seconds
[2024-12-23T06:28:26.257+0700] {processor.py:186} INFO - Started process (PID=7374) to work on /mnt/d/Project/airflow-news/venv/lib/python3.12/site-packages/airflow/example_dags/example_kubernetes_executor.py
[2024-12-23T06:28:26.259+0700] {processor.py:914} INFO - Processing file /mnt/d/Project/airflow-news/venv/lib/python3.12/site-packages/airflow/example_dags/example_kubernetes_executor.py for tasks to queue
[2024-12-23T06:28:26.265+0700] {logging_mixin.py:190} INFO - [2024-12-23T06:28:26.264+0700] {dagbag.py:588} INFO - Filling up the DagBag from /mnt/d/Project/airflow-news/venv/lib/python3.12/site-packages/airflow/example_dags/example_kubernetes_executor.py
[2024-12-23T06:28:26.305+0700] {logging_mixin.py:190} INFO - [2024-12-23T06:28:26.304+0700] {example_kubernetes_executor.py:39} WARNING - The example_kubernetes_executor example DAG requires the kubernetes provider. Please install it with: pip install apache-airflow[cncf.kubernetes]
[2024-12-23T06:28:26.307+0700] {processor.py:927} WARNING - No viable dags retrieved from /mnt/d/Project/airflow-news/venv/lib/python3.12/site-packages/airflow/example_dags/example_kubernetes_executor.py
[2024-12-23T06:28:26.335+0700] {processor.py:208} INFO - Processing /mnt/d/Project/airflow-news/venv/lib/python3.12/site-packages/airflow/example_dags/example_kubernetes_executor.py took 0.100 seconds
[2024-12-23T06:29:01.065+0700] {processor.py:186} INFO - Started process (PID=7485) to work on /mnt/d/Project/airflow-news/venv/lib/python3.12/site-packages/airflow/example_dags/example_kubernetes_executor.py
[2024-12-23T06:29:01.068+0700] {processor.py:914} INFO - Processing file /mnt/d/Project/airflow-news/venv/lib/python3.12/site-packages/airflow/example_dags/example_kubernetes_executor.py for tasks to queue
[2024-12-23T06:29:01.072+0700] {logging_mixin.py:190} INFO - [2024-12-23T06:29:01.071+0700] {dagbag.py:588} INFO - Filling up the DagBag from /mnt/d/Project/airflow-news/venv/lib/python3.12/site-packages/airflow/example_dags/example_kubernetes_executor.py
[2024-12-23T06:29:01.098+0700] {logging_mixin.py:190} INFO - [2024-12-23T06:29:01.097+0700] {example_kubernetes_executor.py:39} WARNING - The example_kubernetes_executor example DAG requires the kubernetes provider. Please install it with: pip install apache-airflow[cncf.kubernetes]
[2024-12-23T06:29:01.099+0700] {processor.py:927} WARNING - No viable dags retrieved from /mnt/d/Project/airflow-news/venv/lib/python3.12/site-packages/airflow/example_dags/example_kubernetes_executor.py
[2024-12-23T06:29:01.131+0700] {processor.py:208} INFO - Processing /mnt/d/Project/airflow-news/venv/lib/python3.12/site-packages/airflow/example_dags/example_kubernetes_executor.py took 0.078 seconds
[2024-12-23T06:30:12.567+0700] {processor.py:186} INFO - Started process (PID=7697) to work on /mnt/d/Project/airflow-news/venv/lib/python3.12/site-packages/airflow/example_dags/example_kubernetes_executor.py
[2024-12-23T06:30:12.569+0700] {processor.py:914} INFO - Processing file /mnt/d/Project/airflow-news/venv/lib/python3.12/site-packages/airflow/example_dags/example_kubernetes_executor.py for tasks to queue
[2024-12-23T06:30:12.574+0700] {logging_mixin.py:190} INFO - [2024-12-23T06:30:12.572+0700] {dagbag.py:588} INFO - Filling up the DagBag from /mnt/d/Project/airflow-news/venv/lib/python3.12/site-packages/airflow/example_dags/example_kubernetes_executor.py
[2024-12-23T06:30:12.611+0700] {logging_mixin.py:190} INFO - [2024-12-23T06:30:12.609+0700] {example_kubernetes_executor.py:39} WARNING - The example_kubernetes_executor example DAG requires the kubernetes provider. Please install it with: pip install apache-airflow[cncf.kubernetes]
[2024-12-23T06:30:12.613+0700] {processor.py:927} WARNING - No viable dags retrieved from /mnt/d/Project/airflow-news/venv/lib/python3.12/site-packages/airflow/example_dags/example_kubernetes_executor.py
[2024-12-23T06:30:12.642+0700] {processor.py:208} INFO - Processing /mnt/d/Project/airflow-news/venv/lib/python3.12/site-packages/airflow/example_dags/example_kubernetes_executor.py took 0.096 seconds
[2024-12-23T06:30:27.881+0700] {processor.py:186} INFO - Started process (PID=7752) to work on /mnt/d/Project/airflow-news/venv/lib/python3.12/site-packages/airflow/example_dags/example_kubernetes_executor.py
[2024-12-23T06:30:27.883+0700] {processor.py:914} INFO - Processing file /mnt/d/Project/airflow-news/venv/lib/python3.12/site-packages/airflow/example_dags/example_kubernetes_executor.py for tasks to queue
[2024-12-23T06:30:27.888+0700] {logging_mixin.py:190} INFO - [2024-12-23T06:30:27.887+0700] {dagbag.py:588} INFO - Filling up the DagBag from /mnt/d/Project/airflow-news/venv/lib/python3.12/site-packages/airflow/example_dags/example_kubernetes_executor.py
[2024-12-23T06:30:27.917+0700] {logging_mixin.py:190} INFO - [2024-12-23T06:30:27.916+0700] {example_kubernetes_executor.py:39} WARNING - The example_kubernetes_executor example DAG requires the kubernetes provider. Please install it with: pip install apache-airflow[cncf.kubernetes]
[2024-12-23T06:30:27.919+0700] {processor.py:927} WARNING - No viable dags retrieved from /mnt/d/Project/airflow-news/venv/lib/python3.12/site-packages/airflow/example_dags/example_kubernetes_executor.py
[2024-12-23T06:30:27.947+0700] {processor.py:208} INFO - Processing /mnt/d/Project/airflow-news/venv/lib/python3.12/site-packages/airflow/example_dags/example_kubernetes_executor.py took 0.080 seconds
[2024-12-23T06:31:56.713+0700] {processor.py:186} INFO - Started process (PID=8005) to work on /mnt/d/Project/airflow-news/venv/lib/python3.12/site-packages/airflow/example_dags/example_kubernetes_executor.py
[2024-12-23T06:31:56.716+0700] {processor.py:914} INFO - Processing file /mnt/d/Project/airflow-news/venv/lib/python3.12/site-packages/airflow/example_dags/example_kubernetes_executor.py for tasks to queue
[2024-12-23T06:31:56.721+0700] {logging_mixin.py:190} INFO - [2024-12-23T06:31:56.719+0700] {dagbag.py:588} INFO - Filling up the DagBag from /mnt/d/Project/airflow-news/venv/lib/python3.12/site-packages/airflow/example_dags/example_kubernetes_executor.py
[2024-12-23T06:31:56.759+0700] {logging_mixin.py:190} INFO - [2024-12-23T06:31:56.757+0700] {example_kubernetes_executor.py:39} WARNING - The example_kubernetes_executor example DAG requires the kubernetes provider. Please install it with: pip install apache-airflow[cncf.kubernetes]
[2024-12-23T06:31:56.761+0700] {processor.py:927} WARNING - No viable dags retrieved from /mnt/d/Project/airflow-news/venv/lib/python3.12/site-packages/airflow/example_dags/example_kubernetes_executor.py
[2024-12-23T06:31:56.788+0700] {processor.py:208} INFO - Processing /mnt/d/Project/airflow-news/venv/lib/python3.12/site-packages/airflow/example_dags/example_kubernetes_executor.py took 0.096 seconds
[2024-12-23T06:31:59.848+0700] {processor.py:186} INFO - Started process (PID=8008) to work on /mnt/d/Project/airflow-news/venv/lib/python3.12/site-packages/airflow/example_dags/example_kubernetes_executor.py
[2024-12-23T06:31:59.850+0700] {processor.py:914} INFO - Processing file /mnt/d/Project/airflow-news/venv/lib/python3.12/site-packages/airflow/example_dags/example_kubernetes_executor.py for tasks to queue
[2024-12-23T06:31:59.855+0700] {logging_mixin.py:190} INFO - [2024-12-23T06:31:59.853+0700] {dagbag.py:588} INFO - Filling up the DagBag from /mnt/d/Project/airflow-news/venv/lib/python3.12/site-packages/airflow/example_dags/example_kubernetes_executor.py
[2024-12-23T06:31:59.885+0700] {logging_mixin.py:190} INFO - [2024-12-23T06:31:59.884+0700] {example_kubernetes_executor.py:39} WARNING - The example_kubernetes_executor example DAG requires the kubernetes provider. Please install it with: pip install apache-airflow[cncf.kubernetes]
[2024-12-23T06:31:59.887+0700] {processor.py:927} WARNING - No viable dags retrieved from /mnt/d/Project/airflow-news/venv/lib/python3.12/site-packages/airflow/example_dags/example_kubernetes_executor.py
[2024-12-23T06:31:59.918+0700] {processor.py:208} INFO - Processing /mnt/d/Project/airflow-news/venv/lib/python3.12/site-packages/airflow/example_dags/example_kubernetes_executor.py took 0.086 seconds
[2024-12-23T06:33:35.319+0700] {processor.py:186} INFO - Started process (PID=8303) to work on /mnt/d/Project/airflow-news/venv/lib/python3.12/site-packages/airflow/example_dags/example_kubernetes_executor.py
[2024-12-23T06:33:35.321+0700] {processor.py:914} INFO - Processing file /mnt/d/Project/airflow-news/venv/lib/python3.12/site-packages/airflow/example_dags/example_kubernetes_executor.py for tasks to queue
[2024-12-23T06:33:35.327+0700] {logging_mixin.py:190} INFO - [2024-12-23T06:33:35.325+0700] {dagbag.py:588} INFO - Filling up the DagBag from /mnt/d/Project/airflow-news/venv/lib/python3.12/site-packages/airflow/example_dags/example_kubernetes_executor.py
[2024-12-23T06:33:35.355+0700] {logging_mixin.py:190} INFO - [2024-12-23T06:33:35.354+0700] {example_kubernetes_executor.py:39} WARNING - The example_kubernetes_executor example DAG requires the kubernetes provider. Please install it with: pip install apache-airflow[cncf.kubernetes]
[2024-12-23T06:33:35.357+0700] {processor.py:927} WARNING - No viable dags retrieved from /mnt/d/Project/airflow-news/venv/lib/python3.12/site-packages/airflow/example_dags/example_kubernetes_executor.py
[2024-12-23T06:33:35.403+0700] {processor.py:208} INFO - Processing /mnt/d/Project/airflow-news/venv/lib/python3.12/site-packages/airflow/example_dags/example_kubernetes_executor.py took 0.101 seconds
[2024-12-23T06:33:50.010+0700] {processor.py:186} INFO - Started process (PID=8341) to work on /mnt/d/Project/airflow-news/venv/lib/python3.12/site-packages/airflow/example_dags/example_kubernetes_executor.py
[2024-12-23T06:33:50.013+0700] {processor.py:914} INFO - Processing file /mnt/d/Project/airflow-news/venv/lib/python3.12/site-packages/airflow/example_dags/example_kubernetes_executor.py for tasks to queue
[2024-12-23T06:33:50.018+0700] {logging_mixin.py:190} INFO - [2024-12-23T06:33:50.016+0700] {dagbag.py:588} INFO - Filling up the DagBag from /mnt/d/Project/airflow-news/venv/lib/python3.12/site-packages/airflow/example_dags/example_kubernetes_executor.py
[2024-12-23T06:33:50.058+0700] {logging_mixin.py:190} INFO - [2024-12-23T06:33:50.056+0700] {example_kubernetes_executor.py:39} WARNING - The example_kubernetes_executor example DAG requires the kubernetes provider. Please install it with: pip install apache-airflow[cncf.kubernetes]
[2024-12-23T06:33:50.060+0700] {processor.py:927} WARNING - No viable dags retrieved from /mnt/d/Project/airflow-news/venv/lib/python3.12/site-packages/airflow/example_dags/example_kubernetes_executor.py
[2024-12-23T06:33:50.088+0700] {processor.py:208} INFO - Processing /mnt/d/Project/airflow-news/venv/lib/python3.12/site-packages/airflow/example_dags/example_kubernetes_executor.py took 0.102 seconds
[2024-12-23T06:35:47.531+0700] {processor.py:186} INFO - Started process (PID=8695) to work on /mnt/d/Project/airflow-news/venv/lib/python3.12/site-packages/airflow/example_dags/example_kubernetes_executor.py
[2024-12-23T06:35:47.533+0700] {processor.py:914} INFO - Processing file /mnt/d/Project/airflow-news/venv/lib/python3.12/site-packages/airflow/example_dags/example_kubernetes_executor.py for tasks to queue
[2024-12-23T06:35:47.539+0700] {logging_mixin.py:190} INFO - [2024-12-23T06:35:47.537+0700] {dagbag.py:588} INFO - Filling up the DagBag from /mnt/d/Project/airflow-news/venv/lib/python3.12/site-packages/airflow/example_dags/example_kubernetes_executor.py
[2024-12-23T06:35:47.571+0700] {logging_mixin.py:190} INFO - [2024-12-23T06:35:47.570+0700] {example_kubernetes_executor.py:39} WARNING - The example_kubernetes_executor example DAG requires the kubernetes provider. Please install it with: pip install apache-airflow[cncf.kubernetes]
[2024-12-23T06:35:47.574+0700] {processor.py:927} WARNING - No viable dags retrieved from /mnt/d/Project/airflow-news/venv/lib/python3.12/site-packages/airflow/example_dags/example_kubernetes_executor.py
[2024-12-23T06:35:47.601+0700] {processor.py:208} INFO - Processing /mnt/d/Project/airflow-news/venv/lib/python3.12/site-packages/airflow/example_dags/example_kubernetes_executor.py took 0.086 seconds
[2024-12-23T06:36:41.805+0700] {processor.py:186} INFO - Started process (PID=8853) to work on /mnt/d/Project/airflow-news/venv/lib/python3.12/site-packages/airflow/example_dags/example_kubernetes_executor.py
[2024-12-23T06:36:41.807+0700] {processor.py:914} INFO - Processing file /mnt/d/Project/airflow-news/venv/lib/python3.12/site-packages/airflow/example_dags/example_kubernetes_executor.py for tasks to queue
[2024-12-23T06:36:41.813+0700] {logging_mixin.py:190} INFO - [2024-12-23T06:36:41.810+0700] {dagbag.py:588} INFO - Filling up the DagBag from /mnt/d/Project/airflow-news/venv/lib/python3.12/site-packages/airflow/example_dags/example_kubernetes_executor.py
[2024-12-23T06:36:41.850+0700] {logging_mixin.py:190} INFO - [2024-12-23T06:36:41.848+0700] {example_kubernetes_executor.py:39} WARNING - The example_kubernetes_executor example DAG requires the kubernetes provider. Please install it with: pip install apache-airflow[cncf.kubernetes]
[2024-12-23T06:36:41.851+0700] {processor.py:927} WARNING - No viable dags retrieved from /mnt/d/Project/airflow-news/venv/lib/python3.12/site-packages/airflow/example_dags/example_kubernetes_executor.py
[2024-12-23T06:36:41.880+0700] {processor.py:208} INFO - Processing /mnt/d/Project/airflow-news/venv/lib/python3.12/site-packages/airflow/example_dags/example_kubernetes_executor.py took 0.096 seconds
[2024-12-23T06:38:15.538+0700] {processor.py:186} INFO - Started process (PID=9189) to work on /mnt/d/Project/airflow-news/venv/lib/python3.12/site-packages/airflow/example_dags/example_kubernetes_executor.py
[2024-12-23T06:38:15.541+0700] {processor.py:914} INFO - Processing file /mnt/d/Project/airflow-news/venv/lib/python3.12/site-packages/airflow/example_dags/example_kubernetes_executor.py for tasks to queue
[2024-12-23T06:38:15.546+0700] {logging_mixin.py:190} INFO - [2024-12-23T06:38:15.544+0700] {dagbag.py:588} INFO - Filling up the DagBag from /mnt/d/Project/airflow-news/venv/lib/python3.12/site-packages/airflow/example_dags/example_kubernetes_executor.py
[2024-12-23T06:38:15.578+0700] {logging_mixin.py:190} INFO - [2024-12-23T06:38:15.576+0700] {example_kubernetes_executor.py:39} WARNING - The example_kubernetes_executor example DAG requires the kubernetes provider. Please install it with: pip install apache-airflow[cncf.kubernetes]
[2024-12-23T06:38:15.580+0700] {processor.py:927} WARNING - No viable dags retrieved from /mnt/d/Project/airflow-news/venv/lib/python3.12/site-packages/airflow/example_dags/example_kubernetes_executor.py
[2024-12-23T06:38:15.617+0700] {processor.py:208} INFO - Processing /mnt/d/Project/airflow-news/venv/lib/python3.12/site-packages/airflow/example_dags/example_kubernetes_executor.py took 0.097 seconds
[2024-12-23T06:38:44.947+0700] {processor.py:186} INFO - Started process (PID=9265) to work on /mnt/d/Project/airflow-news/venv/lib/python3.12/site-packages/airflow/example_dags/example_kubernetes_executor.py
[2024-12-23T06:38:44.950+0700] {processor.py:914} INFO - Processing file /mnt/d/Project/airflow-news/venv/lib/python3.12/site-packages/airflow/example_dags/example_kubernetes_executor.py for tasks to queue
[2024-12-23T06:38:44.956+0700] {logging_mixin.py:190} INFO - [2024-12-23T06:38:44.955+0700] {dagbag.py:588} INFO - Filling up the DagBag from /mnt/d/Project/airflow-news/venv/lib/python3.12/site-packages/airflow/example_dags/example_kubernetes_executor.py
[2024-12-23T06:38:45.008+0700] {logging_mixin.py:190} INFO - [2024-12-23T06:38:45.006+0700] {example_kubernetes_executor.py:39} WARNING - The example_kubernetes_executor example DAG requires the kubernetes provider. Please install it with: pip install apache-airflow[cncf.kubernetes]
[2024-12-23T06:38:45.010+0700] {processor.py:927} WARNING - No viable dags retrieved from /mnt/d/Project/airflow-news/venv/lib/python3.12/site-packages/airflow/example_dags/example_kubernetes_executor.py
[2024-12-23T06:38:45.051+0700] {processor.py:208} INFO - Processing /mnt/d/Project/airflow-news/venv/lib/python3.12/site-packages/airflow/example_dags/example_kubernetes_executor.py took 0.133 seconds
[2024-12-23T06:40:43.589+0700] {processor.py:186} INFO - Started process (PID=9586) to work on /mnt/d/Project/airflow-news/venv/lib/python3.12/site-packages/airflow/example_dags/example_kubernetes_executor.py
[2024-12-23T06:40:43.592+0700] {processor.py:914} INFO - Processing file /mnt/d/Project/airflow-news/venv/lib/python3.12/site-packages/airflow/example_dags/example_kubernetes_executor.py for tasks to queue
[2024-12-23T06:40:43.603+0700] {logging_mixin.py:190} INFO - [2024-12-23T06:40:43.598+0700] {dagbag.py:588} INFO - Filling up the DagBag from /mnt/d/Project/airflow-news/venv/lib/python3.12/site-packages/airflow/example_dags/example_kubernetes_executor.py
[2024-12-23T06:40:43.657+0700] {logging_mixin.py:190} INFO - [2024-12-23T06:40:43.655+0700] {example_kubernetes_executor.py:39} WARNING - The example_kubernetes_executor example DAG requires the kubernetes provider. Please install it with: pip install apache-airflow[cncf.kubernetes]
[2024-12-23T06:40:43.659+0700] {processor.py:927} WARNING - No viable dags retrieved from /mnt/d/Project/airflow-news/venv/lib/python3.12/site-packages/airflow/example_dags/example_kubernetes_executor.py
[2024-12-23T06:40:43.695+0700] {processor.py:208} INFO - Processing /mnt/d/Project/airflow-news/venv/lib/python3.12/site-packages/airflow/example_dags/example_kubernetes_executor.py took 0.139 seconds
[2024-12-23T06:42:39.740+0700] {processor.py:186} INFO - Started process (PID=9862) to work on /mnt/d/Project/airflow-news/venv/lib/python3.12/site-packages/airflow/example_dags/example_kubernetes_executor.py
[2024-12-23T06:42:39.743+0700] {processor.py:914} INFO - Processing file /mnt/d/Project/airflow-news/venv/lib/python3.12/site-packages/airflow/example_dags/example_kubernetes_executor.py for tasks to queue
[2024-12-23T06:42:39.748+0700] {logging_mixin.py:190} INFO - [2024-12-23T06:42:39.747+0700] {dagbag.py:588} INFO - Filling up the DagBag from /mnt/d/Project/airflow-news/venv/lib/python3.12/site-packages/airflow/example_dags/example_kubernetes_executor.py
[2024-12-23T06:42:39.788+0700] {logging_mixin.py:190} INFO - [2024-12-23T06:42:39.786+0700] {example_kubernetes_executor.py:39} WARNING - The example_kubernetes_executor example DAG requires the kubernetes provider. Please install it with: pip install apache-airflow[cncf.kubernetes]
[2024-12-23T06:42:39.790+0700] {processor.py:927} WARNING - No viable dags retrieved from /mnt/d/Project/airflow-news/venv/lib/python3.12/site-packages/airflow/example_dags/example_kubernetes_executor.py
[2024-12-23T06:42:39.820+0700] {processor.py:208} INFO - Processing /mnt/d/Project/airflow-news/venv/lib/python3.12/site-packages/airflow/example_dags/example_kubernetes_executor.py took 0.105 seconds
[2024-12-23T06:44:39.059+0700] {processor.py:186} INFO - Started process (PID=10241) to work on /mnt/d/Project/airflow-news/venv/lib/python3.12/site-packages/airflow/example_dags/example_kubernetes_executor.py
[2024-12-23T06:44:39.061+0700] {processor.py:914} INFO - Processing file /mnt/d/Project/airflow-news/venv/lib/python3.12/site-packages/airflow/example_dags/example_kubernetes_executor.py for tasks to queue
[2024-12-23T06:44:39.065+0700] {logging_mixin.py:190} INFO - [2024-12-23T06:44:39.064+0700] {dagbag.py:588} INFO - Filling up the DagBag from /mnt/d/Project/airflow-news/venv/lib/python3.12/site-packages/airflow/example_dags/example_kubernetes_executor.py
[2024-12-23T06:44:39.097+0700] {logging_mixin.py:190} INFO - [2024-12-23T06:44:39.096+0700] {example_kubernetes_executor.py:39} WARNING - The example_kubernetes_executor example DAG requires the kubernetes provider. Please install it with: pip install apache-airflow[cncf.kubernetes]
[2024-12-23T06:44:39.099+0700] {processor.py:927} WARNING - No viable dags retrieved from /mnt/d/Project/airflow-news/venv/lib/python3.12/site-packages/airflow/example_dags/example_kubernetes_executor.py
[2024-12-23T06:44:39.129+0700] {processor.py:208} INFO - Processing /mnt/d/Project/airflow-news/venv/lib/python3.12/site-packages/airflow/example_dags/example_kubernetes_executor.py took 0.091 seconds
