[2024-12-23T05:44:59.184+0700] {processor.py:186} INFO - Started process (PID=1371) to work on /mnt/d/Project/airflow-news/venv/lib/python3.12/site-packages/airflow/example_dags/example_skip_dag.py
[2024-12-23T05:44:59.187+0700] {processor.py:914} INFO - Processing file /mnt/d/Project/airflow-news/venv/lib/python3.12/site-packages/airflow/example_dags/example_skip_dag.py for tasks to queue
[2024-12-23T05:44:59.192+0700] {logging_mixin.py:190} INFO - [2024-12-23T05:44:59.190+0700] {dagbag.py:588} INFO - Filling up the DagBag from /mnt/d/Project/airflow-news/venv/lib/python3.12/site-packages/airflow/example_dags/example_skip_dag.py
[2024-12-23T05:44:59.288+0700] {processor.py:925} INFO - DAG(s) 'example_skip_dag' retrieved from /mnt/d/Project/airflow-news/venv/lib/python3.12/site-packages/airflow/example_dags/example_skip_dag.py
[2024-12-23T05:45:00.985+0700] {logging_mixin.py:190} INFO - [2024-12-23T05:45:00.982+0700] {override.py:1911} INFO - Created Permission View: can edit on DAG:example_skip_dag
[2024-12-23T05:45:01.052+0700] {logging_mixin.py:190} INFO - [2024-12-23T05:45:01.049+0700] {override.py:1911} INFO - Created Permission View: can read on DAG:example_skip_dag
[2024-12-23T05:45:01.111+0700] {logging_mixin.py:190} INFO - [2024-12-23T05:45:01.109+0700] {override.py:1911} INFO - Created Permission View: can delete on DAG:example_skip_dag
[2024-12-23T05:45:01.239+0700] {logging_mixin.py:190} INFO - [2024-12-23T05:45:01.236+0700] {override.py:1911} INFO - Created Permission View: can read on DAG Run:example_skip_dag
[2024-12-23T05:45:01.317+0700] {logging_mixin.py:190} INFO - [2024-12-23T05:45:01.315+0700] {override.py:1911} INFO - Created Permission View: can delete on DAG Run:example_skip_dag
[2024-12-23T05:45:01.390+0700] {logging_mixin.py:190} INFO - [2024-12-23T05:45:01.388+0700] {override.py:1911} INFO - Created Permission View: menu access on DAG Run:example_skip_dag
[2024-12-23T05:45:01.459+0700] {logging_mixin.py:190} INFO - [2024-12-23T05:45:01.457+0700] {override.py:1911} INFO - Created Permission View: can create on DAG Run:example_skip_dag
[2024-12-23T05:45:01.463+0700] {logging_mixin.py:190} INFO - [2024-12-23T05:45:01.461+0700] {dag.py:3239} INFO - Sync 1 DAGs
[2024-12-23T05:45:01.498+0700] {logging_mixin.py:190} INFO - [2024-12-23T05:45:01.496+0700] {dag.py:3262} INFO - Creating ORM DAG for example_skip_dag
[2024-12-23T05:45:01.528+0700] {logging_mixin.py:190} INFO - [2024-12-23T05:45:01.525+0700] {dag.py:4180} INFO - Setting next_dagrun for example_skip_dag to 2024-12-21 00:00:00+00:00, run_after=2024-12-22 00:00:00+00:00
[2024-12-23T05:45:01.653+0700] {processor.py:208} INFO - Processing /mnt/d/Project/airflow-news/venv/lib/python3.12/site-packages/airflow/example_dags/example_skip_dag.py took 2.485 seconds
[2024-12-23T05:52:40.123+0700] {processor.py:186} INFO - Started process (PID=1701) to work on /mnt/d/Project/airflow-news/venv/lib/python3.12/site-packages/airflow/example_dags/example_skip_dag.py
[2024-12-23T05:52:40.126+0700] {processor.py:914} INFO - Processing file /mnt/d/Project/airflow-news/venv/lib/python3.12/site-packages/airflow/example_dags/example_skip_dag.py for tasks to queue
[2024-12-23T05:52:40.131+0700] {logging_mixin.py:190} INFO - [2024-12-23T05:52:40.129+0700] {dagbag.py:588} INFO - Filling up the DagBag from /mnt/d/Project/airflow-news/venv/lib/python3.12/site-packages/airflow/example_dags/example_skip_dag.py
[2024-12-23T05:52:40.234+0700] {processor.py:925} INFO - DAG(s) 'example_skip_dag' retrieved from /mnt/d/Project/airflow-news/venv/lib/python3.12/site-packages/airflow/example_dags/example_skip_dag.py
[2024-12-23T05:52:41.996+0700] {logging_mixin.py:190} INFO - [2024-12-23T05:52:41.995+0700] {dag.py:3239} INFO - Sync 1 DAGs
[2024-12-23T05:52:42.035+0700] {logging_mixin.py:190} INFO - [2024-12-23T05:52:42.033+0700] {dag.py:4180} INFO - Setting next_dagrun for example_skip_dag to 2024-12-21 00:00:00+00:00, run_after=2024-12-22 00:00:00+00:00
[2024-12-23T05:52:42.116+0700] {processor.py:208} INFO - Processing /mnt/d/Project/airflow-news/venv/lib/python3.12/site-packages/airflow/example_dags/example_skip_dag.py took 2.009 seconds
[2024-12-23T05:53:27.702+0700] {processor.py:186} INFO - Started process (PID=1796) to work on /mnt/d/Project/airflow-news/venv/lib/python3.12/site-packages/airflow/example_dags/example_skip_dag.py
[2024-12-23T05:53:27.705+0700] {processor.py:914} INFO - Processing file /mnt/d/Project/airflow-news/venv/lib/python3.12/site-packages/airflow/example_dags/example_skip_dag.py for tasks to queue
[2024-12-23T05:53:27.711+0700] {logging_mixin.py:190} INFO - [2024-12-23T05:53:27.709+0700] {dagbag.py:588} INFO - Filling up the DagBag from /mnt/d/Project/airflow-news/venv/lib/python3.12/site-packages/airflow/example_dags/example_skip_dag.py
[2024-12-23T05:53:27.843+0700] {processor.py:925} INFO - DAG(s) 'example_skip_dag' retrieved from /mnt/d/Project/airflow-news/venv/lib/python3.12/site-packages/airflow/example_dags/example_skip_dag.py
[2024-12-23T05:53:27.929+0700] {logging_mixin.py:190} INFO - [2024-12-23T05:53:27.926+0700] {dag.py:3239} INFO - Sync 1 DAGs
[2024-12-23T05:53:28.023+0700] {logging_mixin.py:190} INFO - [2024-12-23T05:53:28.021+0700] {dag.py:4180} INFO - Setting next_dagrun for example_skip_dag to 2024-12-21 00:00:00+00:00, run_after=2024-12-22 00:00:00+00:00
[2024-12-23T05:53:28.124+0700] {processor.py:208} INFO - Processing /mnt/d/Project/airflow-news/venv/lib/python3.12/site-packages/airflow/example_dags/example_skip_dag.py took 0.443 seconds
[2024-12-23T05:55:11.078+0700] {processor.py:186} INFO - Started process (PID=2081) to work on /mnt/d/Project/airflow-news/venv/lib/python3.12/site-packages/airflow/example_dags/example_skip_dag.py
[2024-12-23T05:55:11.081+0700] {processor.py:914} INFO - Processing file /mnt/d/Project/airflow-news/venv/lib/python3.12/site-packages/airflow/example_dags/example_skip_dag.py for tasks to queue
[2024-12-23T05:55:11.088+0700] {logging_mixin.py:190} INFO - [2024-12-23T05:55:11.085+0700] {dagbag.py:588} INFO - Filling up the DagBag from /mnt/d/Project/airflow-news/venv/lib/python3.12/site-packages/airflow/example_dags/example_skip_dag.py
[2024-12-23T05:55:11.167+0700] {processor.py:925} INFO - DAG(s) 'example_skip_dag' retrieved from /mnt/d/Project/airflow-news/venv/lib/python3.12/site-packages/airflow/example_dags/example_skip_dag.py
[2024-12-23T05:55:11.208+0700] {logging_mixin.py:190} INFO - [2024-12-23T05:55:11.206+0700] {dag.py:3239} INFO - Sync 1 DAGs
[2024-12-23T05:55:11.245+0700] {logging_mixin.py:190} INFO - [2024-12-23T05:55:11.244+0700] {dag.py:4180} INFO - Setting next_dagrun for example_skip_dag to 2024-12-21 00:00:00+00:00, run_after=2024-12-22 00:00:00+00:00
[2024-12-23T05:55:11.327+0700] {processor.py:208} INFO - Processing /mnt/d/Project/airflow-news/venv/lib/python3.12/site-packages/airflow/example_dags/example_skip_dag.py took 0.267 seconds
[2024-12-23T05:56:10.954+0700] {processor.py:186} INFO - Started process (PID=2220) to work on /mnt/d/Project/airflow-news/venv/lib/python3.12/site-packages/airflow/example_dags/example_skip_dag.py
[2024-12-23T05:56:10.957+0700] {processor.py:914} INFO - Processing file /mnt/d/Project/airflow-news/venv/lib/python3.12/site-packages/airflow/example_dags/example_skip_dag.py for tasks to queue
[2024-12-23T05:56:10.963+0700] {logging_mixin.py:190} INFO - [2024-12-23T05:56:10.961+0700] {dagbag.py:588} INFO - Filling up the DagBag from /mnt/d/Project/airflow-news/venv/lib/python3.12/site-packages/airflow/example_dags/example_skip_dag.py
[2024-12-23T05:56:11.073+0700] {processor.py:925} INFO - DAG(s) 'example_skip_dag' retrieved from /mnt/d/Project/airflow-news/venv/lib/python3.12/site-packages/airflow/example_dags/example_skip_dag.py
[2024-12-23T05:56:11.122+0700] {logging_mixin.py:190} INFO - [2024-12-23T05:56:11.120+0700] {dag.py:3239} INFO - Sync 1 DAGs
[2024-12-23T05:56:11.164+0700] {logging_mixin.py:190} INFO - [2024-12-23T05:56:11.163+0700] {dag.py:4180} INFO - Setting next_dagrun for example_skip_dag to 2024-12-21 00:00:00+00:00, run_after=2024-12-22 00:00:00+00:00
[2024-12-23T05:56:11.254+0700] {processor.py:208} INFO - Processing /mnt/d/Project/airflow-news/venv/lib/python3.12/site-packages/airflow/example_dags/example_skip_dag.py took 0.320 seconds
[2024-12-23T05:57:45.915+0700] {processor.py:186} INFO - Started process (PID=2421) to work on /mnt/d/Project/airflow-news/venv/lib/python3.12/site-packages/airflow/example_dags/example_skip_dag.py
[2024-12-23T05:57:45.917+0700] {processor.py:914} INFO - Processing file /mnt/d/Project/airflow-news/venv/lib/python3.12/site-packages/airflow/example_dags/example_skip_dag.py for tasks to queue
[2024-12-23T05:57:45.922+0700] {logging_mixin.py:190} INFO - [2024-12-23T05:57:45.920+0700] {dagbag.py:588} INFO - Filling up the DagBag from /mnt/d/Project/airflow-news/venv/lib/python3.12/site-packages/airflow/example_dags/example_skip_dag.py
[2024-12-23T05:57:46.007+0700] {processor.py:925} INFO - DAG(s) 'example_skip_dag' retrieved from /mnt/d/Project/airflow-news/venv/lib/python3.12/site-packages/airflow/example_dags/example_skip_dag.py
[2024-12-23T05:57:46.047+0700] {logging_mixin.py:190} INFO - [2024-12-23T05:57:46.045+0700] {dag.py:3239} INFO - Sync 1 DAGs
[2024-12-23T05:57:46.085+0700] {logging_mixin.py:190} INFO - [2024-12-23T05:57:46.084+0700] {dag.py:4180} INFO - Setting next_dagrun for example_skip_dag to 2024-12-21 00:00:00+00:00, run_after=2024-12-22 00:00:00+00:00
[2024-12-23T05:57:46.153+0700] {processor.py:208} INFO - Processing /mnt/d/Project/airflow-news/venv/lib/python3.12/site-packages/airflow/example_dags/example_skip_dag.py took 0.254 seconds
[2024-12-23T05:59:04.590+0700] {processor.py:186} INFO - Started process (PID=2604) to work on /mnt/d/Project/airflow-news/venv/lib/python3.12/site-packages/airflow/example_dags/example_skip_dag.py
[2024-12-23T05:59:04.592+0700] {processor.py:914} INFO - Processing file /mnt/d/Project/airflow-news/venv/lib/python3.12/site-packages/airflow/example_dags/example_skip_dag.py for tasks to queue
[2024-12-23T05:59:04.597+0700] {logging_mixin.py:190} INFO - [2024-12-23T05:59:04.596+0700] {dagbag.py:588} INFO - Filling up the DagBag from /mnt/d/Project/airflow-news/venv/lib/python3.12/site-packages/airflow/example_dags/example_skip_dag.py
[2024-12-23T05:59:04.704+0700] {processor.py:925} INFO - DAG(s) 'example_skip_dag' retrieved from /mnt/d/Project/airflow-news/venv/lib/python3.12/site-packages/airflow/example_dags/example_skip_dag.py
[2024-12-23T05:59:04.775+0700] {logging_mixin.py:190} INFO - [2024-12-23T05:59:04.773+0700] {dag.py:3239} INFO - Sync 1 DAGs
[2024-12-23T05:59:04.825+0700] {logging_mixin.py:190} INFO - [2024-12-23T05:59:04.824+0700] {dag.py:4180} INFO - Setting next_dagrun for example_skip_dag to 2024-12-21 00:00:00+00:00, run_after=2024-12-22 00:00:00+00:00
[2024-12-23T05:59:04.921+0700] {processor.py:208} INFO - Processing /mnt/d/Project/airflow-news/venv/lib/python3.12/site-packages/airflow/example_dags/example_skip_dag.py took 0.349 seconds
[2024-12-23T05:59:23.731+0700] {processor.py:186} INFO - Started process (PID=2643) to work on /mnt/d/Project/airflow-news/venv/lib/python3.12/site-packages/airflow/example_dags/example_skip_dag.py
[2024-12-23T05:59:23.734+0700] {processor.py:914} INFO - Processing file /mnt/d/Project/airflow-news/venv/lib/python3.12/site-packages/airflow/example_dags/example_skip_dag.py for tasks to queue
[2024-12-23T05:59:23.738+0700] {logging_mixin.py:190} INFO - [2024-12-23T05:59:23.737+0700] {dagbag.py:588} INFO - Filling up the DagBag from /mnt/d/Project/airflow-news/venv/lib/python3.12/site-packages/airflow/example_dags/example_skip_dag.py
[2024-12-23T05:59:23.817+0700] {processor.py:925} INFO - DAG(s) 'example_skip_dag' retrieved from /mnt/d/Project/airflow-news/venv/lib/python3.12/site-packages/airflow/example_dags/example_skip_dag.py
[2024-12-23T05:59:23.860+0700] {logging_mixin.py:190} INFO - [2024-12-23T05:59:23.859+0700] {dag.py:3239} INFO - Sync 1 DAGs
[2024-12-23T05:59:23.907+0700] {logging_mixin.py:190} INFO - [2024-12-23T05:59:23.905+0700] {dag.py:4180} INFO - Setting next_dagrun for example_skip_dag to 2024-12-21 00:00:00+00:00, run_after=2024-12-22 00:00:00+00:00
[2024-12-23T05:59:23.986+0700] {processor.py:208} INFO - Processing /mnt/d/Project/airflow-news/venv/lib/python3.12/site-packages/airflow/example_dags/example_skip_dag.py took 0.270 seconds
[2024-12-23T06:00:28.501+0700] {processor.py:186} INFO - Started process (PID=2829) to work on /mnt/d/Project/airflow-news/venv/lib/python3.12/site-packages/airflow/example_dags/example_skip_dag.py
[2024-12-23T06:00:28.505+0700] {processor.py:914} INFO - Processing file /mnt/d/Project/airflow-news/venv/lib/python3.12/site-packages/airflow/example_dags/example_skip_dag.py for tasks to queue
[2024-12-23T06:00:28.512+0700] {logging_mixin.py:190} INFO - [2024-12-23T06:00:28.510+0700] {dagbag.py:588} INFO - Filling up the DagBag from /mnt/d/Project/airflow-news/venv/lib/python3.12/site-packages/airflow/example_dags/example_skip_dag.py
[2024-12-23T06:00:28.639+0700] {processor.py:925} INFO - DAG(s) 'example_skip_dag' retrieved from /mnt/d/Project/airflow-news/venv/lib/python3.12/site-packages/airflow/example_dags/example_skip_dag.py
[2024-12-23T06:00:28.738+0700] {logging_mixin.py:190} INFO - [2024-12-23T06:00:28.736+0700] {dag.py:3239} INFO - Sync 1 DAGs
[2024-12-23T06:00:28.794+0700] {logging_mixin.py:190} INFO - [2024-12-23T06:00:28.792+0700] {dag.py:4180} INFO - Setting next_dagrun for example_skip_dag to 2024-12-21 00:00:00+00:00, run_after=2024-12-22 00:00:00+00:00
[2024-12-23T06:00:28.944+0700] {processor.py:208} INFO - Processing /mnt/d/Project/airflow-news/venv/lib/python3.12/site-packages/airflow/example_dags/example_skip_dag.py took 0.467 seconds
[2024-12-23T06:01:08.629+0700] {processor.py:186} INFO - Started process (PID=2943) to work on /mnt/d/Project/airflow-news/venv/lib/python3.12/site-packages/airflow/example_dags/example_skip_dag.py
[2024-12-23T06:01:08.633+0700] {processor.py:914} INFO - Processing file /mnt/d/Project/airflow-news/venv/lib/python3.12/site-packages/airflow/example_dags/example_skip_dag.py for tasks to queue
[2024-12-23T06:01:08.644+0700] {logging_mixin.py:190} INFO - [2024-12-23T06:01:08.640+0700] {dagbag.py:588} INFO - Filling up the DagBag from /mnt/d/Project/airflow-news/venv/lib/python3.12/site-packages/airflow/example_dags/example_skip_dag.py
[2024-12-23T06:01:08.836+0700] {processor.py:925} INFO - DAG(s) 'example_skip_dag' retrieved from /mnt/d/Project/airflow-news/venv/lib/python3.12/site-packages/airflow/example_dags/example_skip_dag.py
[2024-12-23T06:01:09.194+0700] {logging_mixin.py:190} INFO - [2024-12-23T06:01:09.190+0700] {dag.py:3239} INFO - Sync 1 DAGs
[2024-12-23T06:01:09.262+0700] {logging_mixin.py:190} INFO - [2024-12-23T06:01:09.260+0700] {dag.py:4180} INFO - Setting next_dagrun for example_skip_dag to 2024-12-21 00:00:00+00:00, run_after=2024-12-22 00:00:00+00:00
[2024-12-23T06:01:09.348+0700] {processor.py:208} INFO - Processing /mnt/d/Project/airflow-news/venv/lib/python3.12/site-packages/airflow/example_dags/example_skip_dag.py took 0.760 seconds
[2024-12-23T06:02:10.939+0700] {processor.py:186} INFO - Started process (PID=3072) to work on /mnt/d/Project/airflow-news/venv/lib/python3.12/site-packages/airflow/example_dags/example_skip_dag.py
[2024-12-23T06:02:10.942+0700] {processor.py:914} INFO - Processing file /mnt/d/Project/airflow-news/venv/lib/python3.12/site-packages/airflow/example_dags/example_skip_dag.py for tasks to queue
[2024-12-23T06:02:10.948+0700] {logging_mixin.py:190} INFO - [2024-12-23T06:02:10.946+0700] {dagbag.py:588} INFO - Filling up the DagBag from /mnt/d/Project/airflow-news/venv/lib/python3.12/site-packages/airflow/example_dags/example_skip_dag.py
[2024-12-23T06:02:11.075+0700] {processor.py:925} INFO - DAG(s) 'example_skip_dag' retrieved from /mnt/d/Project/airflow-news/venv/lib/python3.12/site-packages/airflow/example_dags/example_skip_dag.py
[2024-12-23T06:02:11.133+0700] {logging_mixin.py:190} INFO - [2024-12-23T06:02:11.131+0700] {dag.py:3239} INFO - Sync 1 DAGs
[2024-12-23T06:02:11.185+0700] {logging_mixin.py:190} INFO - [2024-12-23T06:02:11.183+0700] {dag.py:4180} INFO - Setting next_dagrun for example_skip_dag to 2024-12-21 00:00:00+00:00, run_after=2024-12-22 00:00:00+00:00
[2024-12-23T06:02:11.281+0700] {processor.py:208} INFO - Processing /mnt/d/Project/airflow-news/venv/lib/python3.12/site-packages/airflow/example_dags/example_skip_dag.py took 0.371 seconds
[2024-12-23T06:04:21.393+0700] {processor.py:186} INFO - Started process (PID=3389) to work on /mnt/d/Project/airflow-news/venv/lib/python3.12/site-packages/airflow/example_dags/example_skip_dag.py
[2024-12-23T06:04:21.396+0700] {processor.py:914} INFO - Processing file /mnt/d/Project/airflow-news/venv/lib/python3.12/site-packages/airflow/example_dags/example_skip_dag.py for tasks to queue
[2024-12-23T06:04:21.402+0700] {logging_mixin.py:190} INFO - [2024-12-23T06:04:21.400+0700] {dagbag.py:588} INFO - Filling up the DagBag from /mnt/d/Project/airflow-news/venv/lib/python3.12/site-packages/airflow/example_dags/example_skip_dag.py
[2024-12-23T06:04:21.521+0700] {processor.py:925} INFO - DAG(s) 'example_skip_dag' retrieved from /mnt/d/Project/airflow-news/venv/lib/python3.12/site-packages/airflow/example_dags/example_skip_dag.py
[2024-12-23T06:04:21.576+0700] {logging_mixin.py:190} INFO - [2024-12-23T06:04:21.575+0700] {dag.py:3239} INFO - Sync 1 DAGs
[2024-12-23T06:04:21.650+0700] {logging_mixin.py:190} INFO - [2024-12-23T06:04:21.647+0700] {dag.py:4180} INFO - Setting next_dagrun for example_skip_dag to 2024-12-21 00:00:00+00:00, run_after=2024-12-22 00:00:00+00:00
[2024-12-23T06:04:21.768+0700] {processor.py:208} INFO - Processing /mnt/d/Project/airflow-news/venv/lib/python3.12/site-packages/airflow/example_dags/example_skip_dag.py took 0.404 seconds
[2024-12-23T06:06:23.448+0700] {processor.py:186} INFO - Started process (PID=3666) to work on /mnt/d/Project/airflow-news/venv/lib/python3.12/site-packages/airflow/example_dags/example_skip_dag.py
[2024-12-23T06:06:23.451+0700] {processor.py:914} INFO - Processing file /mnt/d/Project/airflow-news/venv/lib/python3.12/site-packages/airflow/example_dags/example_skip_dag.py for tasks to queue
[2024-12-23T06:06:23.457+0700] {logging_mixin.py:190} INFO - [2024-12-23T06:06:23.455+0700] {dagbag.py:588} INFO - Filling up the DagBag from /mnt/d/Project/airflow-news/venv/lib/python3.12/site-packages/airflow/example_dags/example_skip_dag.py
[2024-12-23T06:06:23.558+0700] {processor.py:925} INFO - DAG(s) 'example_skip_dag' retrieved from /mnt/d/Project/airflow-news/venv/lib/python3.12/site-packages/airflow/example_dags/example_skip_dag.py
[2024-12-23T06:06:23.610+0700] {logging_mixin.py:190} INFO - [2024-12-23T06:06:23.608+0700] {dag.py:3239} INFO - Sync 1 DAGs
[2024-12-23T06:06:23.660+0700] {logging_mixin.py:190} INFO - [2024-12-23T06:06:23.658+0700] {dag.py:4180} INFO - Setting next_dagrun for example_skip_dag to 2024-12-21 00:00:00+00:00, run_after=2024-12-22 00:00:00+00:00
[2024-12-23T06:06:23.751+0700] {processor.py:208} INFO - Processing /mnt/d/Project/airflow-news/venv/lib/python3.12/site-packages/airflow/example_dags/example_skip_dag.py took 0.327 seconds
[2024-12-23T06:07:15.169+0700] {processor.py:186} INFO - Started process (PID=3815) to work on /mnt/d/Project/airflow-news/venv/lib/python3.12/site-packages/airflow/example_dags/example_skip_dag.py
[2024-12-23T06:07:15.172+0700] {processor.py:914} INFO - Processing file /mnt/d/Project/airflow-news/venv/lib/python3.12/site-packages/airflow/example_dags/example_skip_dag.py for tasks to queue
[2024-12-23T06:07:15.177+0700] {logging_mixin.py:190} INFO - [2024-12-23T06:07:15.175+0700] {dagbag.py:588} INFO - Filling up the DagBag from /mnt/d/Project/airflow-news/venv/lib/python3.12/site-packages/airflow/example_dags/example_skip_dag.py
[2024-12-23T06:07:15.263+0700] {processor.py:925} INFO - DAG(s) 'example_skip_dag' retrieved from /mnt/d/Project/airflow-news/venv/lib/python3.12/site-packages/airflow/example_dags/example_skip_dag.py
[2024-12-23T06:07:15.315+0700] {logging_mixin.py:190} INFO - [2024-12-23T06:07:15.314+0700] {dag.py:3239} INFO - Sync 1 DAGs
[2024-12-23T06:07:15.354+0700] {logging_mixin.py:190} INFO - [2024-12-23T06:07:15.353+0700] {dag.py:4180} INFO - Setting next_dagrun for example_skip_dag to 2024-12-21 00:00:00+00:00, run_after=2024-12-22 00:00:00+00:00
[2024-12-23T06:07:15.435+0700] {processor.py:208} INFO - Processing /mnt/d/Project/airflow-news/venv/lib/python3.12/site-packages/airflow/example_dags/example_skip_dag.py took 0.281 seconds
[2024-12-23T06:08:22.542+0700] {processor.py:186} INFO - Started process (PID=4009) to work on /mnt/d/Project/airflow-news/venv/lib/python3.12/site-packages/airflow/example_dags/example_skip_dag.py
[2024-12-23T06:08:22.545+0700] {processor.py:914} INFO - Processing file /mnt/d/Project/airflow-news/venv/lib/python3.12/site-packages/airflow/example_dags/example_skip_dag.py for tasks to queue
[2024-12-23T06:08:22.550+0700] {logging_mixin.py:190} INFO - [2024-12-23T06:08:22.548+0700] {dagbag.py:588} INFO - Filling up the DagBag from /mnt/d/Project/airflow-news/venv/lib/python3.12/site-packages/airflow/example_dags/example_skip_dag.py
[2024-12-23T06:08:22.650+0700] {processor.py:925} INFO - DAG(s) 'example_skip_dag' retrieved from /mnt/d/Project/airflow-news/venv/lib/python3.12/site-packages/airflow/example_dags/example_skip_dag.py
[2024-12-23T06:08:22.694+0700] {logging_mixin.py:190} INFO - [2024-12-23T06:08:22.693+0700] {dag.py:3239} INFO - Sync 1 DAGs
[2024-12-23T06:08:22.740+0700] {logging_mixin.py:190} INFO - [2024-12-23T06:08:22.739+0700] {dag.py:4180} INFO - Setting next_dagrun for example_skip_dag to 2024-12-21 00:00:00+00:00, run_after=2024-12-22 00:00:00+00:00
[2024-12-23T06:08:22.820+0700] {processor.py:208} INFO - Processing /mnt/d/Project/airflow-news/venv/lib/python3.12/site-packages/airflow/example_dags/example_skip_dag.py took 0.306 seconds
[2024-12-23T06:08:37.558+0700] {processor.py:186} INFO - Started process (PID=4055) to work on /mnt/d/Project/airflow-news/venv/lib/python3.12/site-packages/airflow/example_dags/example_skip_dag.py
[2024-12-23T06:08:37.561+0700] {processor.py:914} INFO - Processing file /mnt/d/Project/airflow-news/venv/lib/python3.12/site-packages/airflow/example_dags/example_skip_dag.py for tasks to queue
[2024-12-23T06:08:37.566+0700] {logging_mixin.py:190} INFO - [2024-12-23T06:08:37.564+0700] {dagbag.py:588} INFO - Filling up the DagBag from /mnt/d/Project/airflow-news/venv/lib/python3.12/site-packages/airflow/example_dags/example_skip_dag.py
[2024-12-23T06:08:37.670+0700] {processor.py:925} INFO - DAG(s) 'example_skip_dag' retrieved from /mnt/d/Project/airflow-news/venv/lib/python3.12/site-packages/airflow/example_dags/example_skip_dag.py
[2024-12-23T06:08:37.719+0700] {logging_mixin.py:190} INFO - [2024-12-23T06:08:37.717+0700] {dag.py:3239} INFO - Sync 1 DAGs
[2024-12-23T06:08:37.776+0700] {logging_mixin.py:190} INFO - [2024-12-23T06:08:37.774+0700] {dag.py:4180} INFO - Setting next_dagrun for example_skip_dag to 2024-12-21 00:00:00+00:00, run_after=2024-12-22 00:00:00+00:00
[2024-12-23T06:08:37.865+0700] {processor.py:208} INFO - Processing /mnt/d/Project/airflow-news/venv/lib/python3.12/site-packages/airflow/example_dags/example_skip_dag.py took 0.324 seconds
[2024-12-23T06:11:27.856+0700] {processor.py:186} INFO - Started process (PID=4453) to work on /mnt/d/Project/airflow-news/venv/lib/python3.12/site-packages/airflow/example_dags/example_skip_dag.py
[2024-12-23T06:11:27.859+0700] {processor.py:914} INFO - Processing file /mnt/d/Project/airflow-news/venv/lib/python3.12/site-packages/airflow/example_dags/example_skip_dag.py for tasks to queue
[2024-12-23T06:11:27.863+0700] {logging_mixin.py:190} INFO - [2024-12-23T06:11:27.862+0700] {dagbag.py:588} INFO - Filling up the DagBag from /mnt/d/Project/airflow-news/venv/lib/python3.12/site-packages/airflow/example_dags/example_skip_dag.py
[2024-12-23T06:11:27.889+0700] {processor.py:925} INFO - DAG(s) 'example_skip_dag' retrieved from /mnt/d/Project/airflow-news/venv/lib/python3.12/site-packages/airflow/example_dags/example_skip_dag.py
[2024-12-23T06:11:27.941+0700] {logging_mixin.py:190} INFO - [2024-12-23T06:11:27.940+0700] {dag.py:3239} INFO - Sync 1 DAGs
[2024-12-23T06:11:27.978+0700] {logging_mixin.py:190} INFO - [2024-12-23T06:11:27.976+0700] {dag.py:4180} INFO - Setting next_dagrun for example_skip_dag to 2024-12-21 00:00:00+00:00, run_after=2024-12-22 00:00:00+00:00
[2024-12-23T06:11:28.067+0700] {processor.py:208} INFO - Processing /mnt/d/Project/airflow-news/venv/lib/python3.12/site-packages/airflow/example_dags/example_skip_dag.py took 0.226 seconds
[2024-12-23T06:11:48.132+0700] {processor.py:186} INFO - Started process (PID=4502) to work on /mnt/d/Project/airflow-news/venv/lib/python3.12/site-packages/airflow/example_dags/example_skip_dag.py
[2024-12-23T06:11:48.134+0700] {processor.py:914} INFO - Processing file /mnt/d/Project/airflow-news/venv/lib/python3.12/site-packages/airflow/example_dags/example_skip_dag.py for tasks to queue
[2024-12-23T06:11:48.140+0700] {logging_mixin.py:190} INFO - [2024-12-23T06:11:48.139+0700] {dagbag.py:588} INFO - Filling up the DagBag from /mnt/d/Project/airflow-news/venv/lib/python3.12/site-packages/airflow/example_dags/example_skip_dag.py
[2024-12-23T06:11:48.261+0700] {processor.py:925} INFO - DAG(s) 'example_skip_dag' retrieved from /mnt/d/Project/airflow-news/venv/lib/python3.12/site-packages/airflow/example_dags/example_skip_dag.py
[2024-12-23T06:11:48.325+0700] {logging_mixin.py:190} INFO - [2024-12-23T06:11:48.323+0700] {dag.py:3239} INFO - Sync 1 DAGs
[2024-12-23T06:11:48.385+0700] {logging_mixin.py:190} INFO - [2024-12-23T06:11:48.383+0700] {dag.py:4180} INFO - Setting next_dagrun for example_skip_dag to 2024-12-21 00:00:00+00:00, run_after=2024-12-22 00:00:00+00:00
[2024-12-23T06:11:48.469+0700] {processor.py:208} INFO - Processing /mnt/d/Project/airflow-news/venv/lib/python3.12/site-packages/airflow/example_dags/example_skip_dag.py took 0.366 seconds
[2024-12-23T06:12:46.558+0700] {processor.py:186} INFO - Started process (PID=4667) to work on /mnt/d/Project/airflow-news/venv/lib/python3.12/site-packages/airflow/example_dags/example_skip_dag.py
[2024-12-23T06:12:46.560+0700] {processor.py:914} INFO - Processing file /mnt/d/Project/airflow-news/venv/lib/python3.12/site-packages/airflow/example_dags/example_skip_dag.py for tasks to queue
[2024-12-23T06:12:46.564+0700] {logging_mixin.py:190} INFO - [2024-12-23T06:12:46.562+0700] {dagbag.py:588} INFO - Filling up the DagBag from /mnt/d/Project/airflow-news/venv/lib/python3.12/site-packages/airflow/example_dags/example_skip_dag.py
[2024-12-23T06:12:46.598+0700] {processor.py:925} INFO - DAG(s) 'example_skip_dag' retrieved from /mnt/d/Project/airflow-news/venv/lib/python3.12/site-packages/airflow/example_dags/example_skip_dag.py
[2024-12-23T06:12:46.636+0700] {logging_mixin.py:190} INFO - [2024-12-23T06:12:46.635+0700] {dag.py:3239} INFO - Sync 1 DAGs
[2024-12-23T06:12:46.676+0700] {logging_mixin.py:190} INFO - [2024-12-23T06:12:46.674+0700] {dag.py:4180} INFO - Setting next_dagrun for example_skip_dag to 2024-12-21 00:00:00+00:00, run_after=2024-12-22 00:00:00+00:00
[2024-12-23T06:12:46.766+0700] {processor.py:208} INFO - Processing /mnt/d/Project/airflow-news/venv/lib/python3.12/site-packages/airflow/example_dags/example_skip_dag.py took 0.224 seconds
[2024-12-23T06:13:49.268+0700] {processor.py:186} INFO - Started process (PID=4850) to work on /mnt/d/Project/airflow-news/venv/lib/python3.12/site-packages/airflow/example_dags/example_skip_dag.py
[2024-12-23T06:13:49.270+0700] {processor.py:914} INFO - Processing file /mnt/d/Project/airflow-news/venv/lib/python3.12/site-packages/airflow/example_dags/example_skip_dag.py for tasks to queue
[2024-12-23T06:13:49.274+0700] {logging_mixin.py:190} INFO - [2024-12-23T06:13:49.273+0700] {dagbag.py:588} INFO - Filling up the DagBag from /mnt/d/Project/airflow-news/venv/lib/python3.12/site-packages/airflow/example_dags/example_skip_dag.py
[2024-12-23T06:13:49.354+0700] {processor.py:925} INFO - DAG(s) 'example_skip_dag' retrieved from /mnt/d/Project/airflow-news/venv/lib/python3.12/site-packages/airflow/example_dags/example_skip_dag.py
[2024-12-23T06:13:49.389+0700] {logging_mixin.py:190} INFO - [2024-12-23T06:13:49.387+0700] {dag.py:3239} INFO - Sync 1 DAGs
[2024-12-23T06:13:49.426+0700] {logging_mixin.py:190} INFO - [2024-12-23T06:13:49.425+0700] {dag.py:4180} INFO - Setting next_dagrun for example_skip_dag to 2024-12-21 00:00:00+00:00, run_after=2024-12-22 00:00:00+00:00
[2024-12-23T06:13:49.494+0700] {processor.py:208} INFO - Processing /mnt/d/Project/airflow-news/venv/lib/python3.12/site-packages/airflow/example_dags/example_skip_dag.py took 0.247 seconds
[2024-12-23T06:14:24.335+0700] {processor.py:186} INFO - Started process (PID=4958) to work on /mnt/d/Project/airflow-news/venv/lib/python3.12/site-packages/airflow/example_dags/example_skip_dag.py
[2024-12-23T06:14:24.337+0700] {processor.py:914} INFO - Processing file /mnt/d/Project/airflow-news/venv/lib/python3.12/site-packages/airflow/example_dags/example_skip_dag.py for tasks to queue
[2024-12-23T06:14:24.341+0700] {logging_mixin.py:190} INFO - [2024-12-23T06:14:24.340+0700] {dagbag.py:588} INFO - Filling up the DagBag from /mnt/d/Project/airflow-news/venv/lib/python3.12/site-packages/airflow/example_dags/example_skip_dag.py
[2024-12-23T06:14:24.368+0700] {processor.py:925} INFO - DAG(s) 'example_skip_dag' retrieved from /mnt/d/Project/airflow-news/venv/lib/python3.12/site-packages/airflow/example_dags/example_skip_dag.py
[2024-12-23T06:14:24.406+0700] {logging_mixin.py:190} INFO - [2024-12-23T06:14:24.404+0700] {dag.py:3239} INFO - Sync 1 DAGs
[2024-12-23T06:14:22.719+0700] {logging_mixin.py:190} INFO - [2024-12-23T06:14:22.718+0700] {dag.py:4180} INFO - Setting next_dagrun for example_skip_dag to 2024-12-21 00:00:00+00:00, run_after=2024-12-22 00:00:00+00:00
[2024-12-23T06:14:22.789+0700] {processor.py:208} INFO - Processing /mnt/d/Project/airflow-news/venv/lib/python3.12/site-packages/airflow/example_dags/example_skip_dag.py took 0.186 seconds
[2024-12-23T06:15:37.571+0700] {processor.py:186} INFO - Started process (PID=5176) to work on /mnt/d/Project/airflow-news/venv/lib/python3.12/site-packages/airflow/example_dags/example_skip_dag.py
[2024-12-23T06:15:37.573+0700] {processor.py:914} INFO - Processing file /mnt/d/Project/airflow-news/venv/lib/python3.12/site-packages/airflow/example_dags/example_skip_dag.py for tasks to queue
[2024-12-23T06:15:37.577+0700] {logging_mixin.py:190} INFO - [2024-12-23T06:15:37.576+0700] {dagbag.py:588} INFO - Filling up the DagBag from /mnt/d/Project/airflow-news/venv/lib/python3.12/site-packages/airflow/example_dags/example_skip_dag.py
[2024-12-23T06:15:37.673+0700] {processor.py:925} INFO - DAG(s) 'example_skip_dag' retrieved from /mnt/d/Project/airflow-news/venv/lib/python3.12/site-packages/airflow/example_dags/example_skip_dag.py
[2024-12-23T06:15:37.716+0700] {logging_mixin.py:190} INFO - [2024-12-23T06:15:37.715+0700] {dag.py:3239} INFO - Sync 1 DAGs
[2024-12-23T06:15:37.759+0700] {logging_mixin.py:190} INFO - [2024-12-23T06:15:37.757+0700] {dag.py:4180} INFO - Setting next_dagrun for example_skip_dag to 2024-12-21 00:00:00+00:00, run_after=2024-12-22 00:00:00+00:00
[2024-12-23T06:15:37.840+0700] {processor.py:208} INFO - Processing /mnt/d/Project/airflow-news/venv/lib/python3.12/site-packages/airflow/example_dags/example_skip_dag.py took 0.292 seconds
[2024-12-23T06:17:06.258+0700] {processor.py:186} INFO - Started process (PID=5391) to work on /mnt/d/Project/airflow-news/venv/lib/python3.12/site-packages/airflow/example_dags/example_skip_dag.py
[2024-12-23T06:17:06.260+0700] {processor.py:914} INFO - Processing file /mnt/d/Project/airflow-news/venv/lib/python3.12/site-packages/airflow/example_dags/example_skip_dag.py for tasks to queue
[2024-12-23T06:17:06.264+0700] {logging_mixin.py:190} INFO - [2024-12-23T06:17:06.263+0700] {dagbag.py:588} INFO - Filling up the DagBag from /mnt/d/Project/airflow-news/venv/lib/python3.12/site-packages/airflow/example_dags/example_skip_dag.py
[2024-12-23T06:17:06.295+0700] {processor.py:925} INFO - DAG(s) 'example_skip_dag' retrieved from /mnt/d/Project/airflow-news/venv/lib/python3.12/site-packages/airflow/example_dags/example_skip_dag.py
[2024-12-23T06:17:06.336+0700] {logging_mixin.py:190} INFO - [2024-12-23T06:17:06.335+0700] {dag.py:3239} INFO - Sync 1 DAGs
[2024-12-23T06:17:06.372+0700] {logging_mixin.py:190} INFO - [2024-12-23T06:17:06.371+0700] {dag.py:4180} INFO - Setting next_dagrun for example_skip_dag to 2024-12-21 00:00:00+00:00, run_after=2024-12-22 00:00:00+00:00
[2024-12-23T06:17:06.475+0700] {processor.py:208} INFO - Processing /mnt/d/Project/airflow-news/venv/lib/python3.12/site-packages/airflow/example_dags/example_skip_dag.py took 0.236 seconds
[2024-12-23T06:17:19.984+0700] {processor.py:186} INFO - Started process (PID=5427) to work on /mnt/d/Project/airflow-news/venv/lib/python3.12/site-packages/airflow/example_dags/example_skip_dag.py
[2024-12-23T06:17:19.987+0700] {processor.py:914} INFO - Processing file /mnt/d/Project/airflow-news/venv/lib/python3.12/site-packages/airflow/example_dags/example_skip_dag.py for tasks to queue
[2024-12-23T06:17:19.992+0700] {logging_mixin.py:190} INFO - [2024-12-23T06:17:19.991+0700] {dagbag.py:588} INFO - Filling up the DagBag from /mnt/d/Project/airflow-news/venv/lib/python3.12/site-packages/airflow/example_dags/example_skip_dag.py
[2024-12-23T06:17:20.111+0700] {processor.py:925} INFO - DAG(s) 'example_skip_dag' retrieved from /mnt/d/Project/airflow-news/venv/lib/python3.12/site-packages/airflow/example_dags/example_skip_dag.py
[2024-12-23T06:17:20.166+0700] {logging_mixin.py:190} INFO - [2024-12-23T06:17:20.165+0700] {dag.py:3239} INFO - Sync 1 DAGs
[2024-12-23T06:17:20.218+0700] {logging_mixin.py:190} INFO - [2024-12-23T06:17:20.217+0700] {dag.py:4180} INFO - Setting next_dagrun for example_skip_dag to 2024-12-21 00:00:00+00:00, run_after=2024-12-22 00:00:00+00:00
[2024-12-23T06:17:20.302+0700] {processor.py:208} INFO - Processing /mnt/d/Project/airflow-news/venv/lib/python3.12/site-packages/airflow/example_dags/example_skip_dag.py took 0.346 seconds
[2024-12-23T06:18:35.835+0700] {processor.py:186} INFO - Started process (PID=5646) to work on /mnt/d/Project/airflow-news/venv/lib/python3.12/site-packages/airflow/example_dags/example_skip_dag.py
[2024-12-23T06:18:35.838+0700] {processor.py:914} INFO - Processing file /mnt/d/Project/airflow-news/venv/lib/python3.12/site-packages/airflow/example_dags/example_skip_dag.py for tasks to queue
[2024-12-23T06:18:35.843+0700] {logging_mixin.py:190} INFO - [2024-12-23T06:18:35.841+0700] {dagbag.py:588} INFO - Filling up the DagBag from /mnt/d/Project/airflow-news/venv/lib/python3.12/site-packages/airflow/example_dags/example_skip_dag.py
[2024-12-23T06:18:35.872+0700] {processor.py:925} INFO - DAG(s) 'example_skip_dag' retrieved from /mnt/d/Project/airflow-news/venv/lib/python3.12/site-packages/airflow/example_dags/example_skip_dag.py
[2024-12-23T06:18:35.914+0700] {logging_mixin.py:190} INFO - [2024-12-23T06:18:35.912+0700] {dag.py:3239} INFO - Sync 1 DAGs
[2024-12-23T06:18:35.957+0700] {logging_mixin.py:190} INFO - [2024-12-23T06:18:35.956+0700] {dag.py:4180} INFO - Setting next_dagrun for example_skip_dag to 2024-12-21 00:00:00+00:00, run_after=2024-12-22 00:00:00+00:00
[2024-12-23T06:18:36.048+0700] {processor.py:208} INFO - Processing /mnt/d/Project/airflow-news/venv/lib/python3.12/site-packages/airflow/example_dags/example_skip_dag.py took 0.230 seconds
[2024-12-23T06:18:48.657+0700] {processor.py:186} INFO - Started process (PID=5676) to work on /mnt/d/Project/airflow-news/venv/lib/python3.12/site-packages/airflow/example_dags/example_skip_dag.py
[2024-12-23T06:18:48.659+0700] {processor.py:914} INFO - Processing file /mnt/d/Project/airflow-news/venv/lib/python3.12/site-packages/airflow/example_dags/example_skip_dag.py for tasks to queue
[2024-12-23T06:18:48.664+0700] {logging_mixin.py:190} INFO - [2024-12-23T06:18:48.662+0700] {dagbag.py:588} INFO - Filling up the DagBag from /mnt/d/Project/airflow-news/venv/lib/python3.12/site-packages/airflow/example_dags/example_skip_dag.py
[2024-12-23T06:18:48.746+0700] {processor.py:925} INFO - DAG(s) 'example_skip_dag' retrieved from /mnt/d/Project/airflow-news/venv/lib/python3.12/site-packages/airflow/example_dags/example_skip_dag.py
[2024-12-23T06:18:48.783+0700] {logging_mixin.py:190} INFO - [2024-12-23T06:18:48.781+0700] {dag.py:3239} INFO - Sync 1 DAGs
[2024-12-23T06:18:48.823+0700] {logging_mixin.py:190} INFO - [2024-12-23T06:18:48.821+0700] {dag.py:4180} INFO - Setting next_dagrun for example_skip_dag to 2024-12-21 00:00:00+00:00, run_after=2024-12-22 00:00:00+00:00
[2024-12-23T06:18:48.908+0700] {processor.py:208} INFO - Processing /mnt/d/Project/airflow-news/venv/lib/python3.12/site-packages/airflow/example_dags/example_skip_dag.py took 0.272 seconds
[2024-12-23T06:20:02.566+0700] {processor.py:186} INFO - Started process (PID=5904) to work on /mnt/d/Project/airflow-news/venv/lib/python3.12/site-packages/airflow/example_dags/example_skip_dag.py
[2024-12-23T06:20:02.569+0700] {processor.py:914} INFO - Processing file /mnt/d/Project/airflow-news/venv/lib/python3.12/site-packages/airflow/example_dags/example_skip_dag.py for tasks to queue
[2024-12-23T06:20:02.574+0700] {logging_mixin.py:190} INFO - [2024-12-23T06:20:02.572+0700] {dagbag.py:588} INFO - Filling up the DagBag from /mnt/d/Project/airflow-news/venv/lib/python3.12/site-packages/airflow/example_dags/example_skip_dag.py
[2024-12-23T06:20:02.610+0700] {processor.py:925} INFO - DAG(s) 'example_skip_dag' retrieved from /mnt/d/Project/airflow-news/venv/lib/python3.12/site-packages/airflow/example_dags/example_skip_dag.py
[2024-12-23T06:20:02.654+0700] {logging_mixin.py:190} INFO - [2024-12-23T06:20:02.652+0700] {dag.py:3239} INFO - Sync 1 DAGs
[2024-12-23T06:20:02.694+0700] {logging_mixin.py:190} INFO - [2024-12-23T06:20:02.692+0700] {dag.py:4180} INFO - Setting next_dagrun for example_skip_dag to 2024-12-21 00:00:00+00:00, run_after=2024-12-22 00:00:00+00:00
[2024-12-23T06:20:02.775+0700] {processor.py:208} INFO - Processing /mnt/d/Project/airflow-news/venv/lib/python3.12/site-packages/airflow/example_dags/example_skip_dag.py took 0.226 seconds
[2024-12-23T06:20:38.214+0700] {processor.py:186} INFO - Started process (PID=6004) to work on /mnt/d/Project/airflow-news/venv/lib/python3.12/site-packages/airflow/example_dags/example_skip_dag.py
[2024-12-23T06:20:38.217+0700] {processor.py:914} INFO - Processing file /mnt/d/Project/airflow-news/venv/lib/python3.12/site-packages/airflow/example_dags/example_skip_dag.py for tasks to queue
[2024-12-23T06:20:38.222+0700] {logging_mixin.py:190} INFO - [2024-12-23T06:20:38.220+0700] {dagbag.py:588} INFO - Filling up the DagBag from /mnt/d/Project/airflow-news/venv/lib/python3.12/site-packages/airflow/example_dags/example_skip_dag.py
[2024-12-23T06:20:38.310+0700] {processor.py:925} INFO - DAG(s) 'example_skip_dag' retrieved from /mnt/d/Project/airflow-news/venv/lib/python3.12/site-packages/airflow/example_dags/example_skip_dag.py
[2024-12-23T06:20:38.348+0700] {logging_mixin.py:190} INFO - [2024-12-23T06:20:38.346+0700] {dag.py:3239} INFO - Sync 1 DAGs
[2024-12-23T06:20:38.387+0700] {logging_mixin.py:190} INFO - [2024-12-23T06:20:38.386+0700] {dag.py:4180} INFO - Setting next_dagrun for example_skip_dag to 2024-12-21 00:00:00+00:00, run_after=2024-12-22 00:00:00+00:00
[2024-12-23T06:20:38.459+0700] {processor.py:208} INFO - Processing /mnt/d/Project/airflow-news/venv/lib/python3.12/site-packages/airflow/example_dags/example_skip_dag.py took 0.267 seconds
[2024-12-23T06:22:38.569+0700] {processor.py:186} INFO - Started process (PID=6316) to work on /mnt/d/Project/airflow-news/venv/lib/python3.12/site-packages/airflow/example_dags/example_skip_dag.py
[2024-12-23T06:22:38.571+0700] {processor.py:914} INFO - Processing file /mnt/d/Project/airflow-news/venv/lib/python3.12/site-packages/airflow/example_dags/example_skip_dag.py for tasks to queue
[2024-12-23T06:22:38.577+0700] {logging_mixin.py:190} INFO - [2024-12-23T06:22:38.575+0700] {dagbag.py:588} INFO - Filling up the DagBag from /mnt/d/Project/airflow-news/venv/lib/python3.12/site-packages/airflow/example_dags/example_skip_dag.py
[2024-12-23T06:22:38.675+0700] {processor.py:925} INFO - DAG(s) 'example_skip_dag' retrieved from /mnt/d/Project/airflow-news/venv/lib/python3.12/site-packages/airflow/example_dags/example_skip_dag.py
[2024-12-23T06:22:38.719+0700] {logging_mixin.py:190} INFO - [2024-12-23T06:22:38.718+0700] {dag.py:3239} INFO - Sync 1 DAGs
[2024-12-23T06:22:38.767+0700] {logging_mixin.py:190} INFO - [2024-12-23T06:22:38.766+0700] {dag.py:4180} INFO - Setting next_dagrun for example_skip_dag to 2024-12-21 00:00:00+00:00, run_after=2024-12-22 00:00:00+00:00
[2024-12-23T06:22:38.866+0700] {processor.py:208} INFO - Processing /mnt/d/Project/airflow-news/venv/lib/python3.12/site-packages/airflow/example_dags/example_skip_dag.py took 0.323 seconds
[2024-12-23T06:22:40.981+0700] {processor.py:186} INFO - Started process (PID=6322) to work on /mnt/d/Project/airflow-news/venv/lib/python3.12/site-packages/airflow/example_dags/example_skip_dag.py
[2024-12-23T06:22:40.984+0700] {processor.py:914} INFO - Processing file /mnt/d/Project/airflow-news/venv/lib/python3.12/site-packages/airflow/example_dags/example_skip_dag.py for tasks to queue
[2024-12-23T06:22:40.989+0700] {logging_mixin.py:190} INFO - [2024-12-23T06:22:40.987+0700] {dagbag.py:588} INFO - Filling up the DagBag from /mnt/d/Project/airflow-news/venv/lib/python3.12/site-packages/airflow/example_dags/example_skip_dag.py
[2024-12-23T06:22:41.095+0700] {processor.py:925} INFO - DAG(s) 'example_skip_dag' retrieved from /mnt/d/Project/airflow-news/venv/lib/python3.12/site-packages/airflow/example_dags/example_skip_dag.py
[2024-12-23T06:22:41.155+0700] {logging_mixin.py:190} INFO - [2024-12-23T06:22:41.154+0700] {dag.py:3239} INFO - Sync 1 DAGs
[2024-12-23T06:22:41.199+0700] {logging_mixin.py:190} INFO - [2024-12-23T06:22:41.198+0700] {dag.py:4180} INFO - Setting next_dagrun for example_skip_dag to 2024-12-21 00:00:00+00:00, run_after=2024-12-22 00:00:00+00:00
[2024-12-23T06:22:41.282+0700] {processor.py:208} INFO - Processing /mnt/d/Project/airflow-news/venv/lib/python3.12/site-packages/airflow/example_dags/example_skip_dag.py took 0.318 seconds
[2024-12-23T06:24:03.160+0700] {processor.py:186} INFO - Started process (PID=6587) to work on /mnt/d/Project/airflow-news/venv/lib/python3.12/site-packages/airflow/example_dags/example_skip_dag.py
[2024-12-23T06:24:03.162+0700] {processor.py:914} INFO - Processing file /mnt/d/Project/airflow-news/venv/lib/python3.12/site-packages/airflow/example_dags/example_skip_dag.py for tasks to queue
[2024-12-23T06:24:03.167+0700] {logging_mixin.py:190} INFO - [2024-12-23T06:24:03.165+0700] {dagbag.py:588} INFO - Filling up the DagBag from /mnt/d/Project/airflow-news/venv/lib/python3.12/site-packages/airflow/example_dags/example_skip_dag.py
[2024-12-23T06:24:03.268+0700] {processor.py:925} INFO - DAG(s) 'example_skip_dag' retrieved from /mnt/d/Project/airflow-news/venv/lib/python3.12/site-packages/airflow/example_dags/example_skip_dag.py
[2024-12-23T06:24:03.307+0700] {logging_mixin.py:190} INFO - [2024-12-23T06:24:03.306+0700] {dag.py:3239} INFO - Sync 1 DAGs
[2024-12-23T06:24:03.349+0700] {logging_mixin.py:190} INFO - [2024-12-23T06:24:03.347+0700] {dag.py:4180} INFO - Setting next_dagrun for example_skip_dag to 2024-12-21 00:00:00+00:00, run_after=2024-12-22 00:00:00+00:00
[2024-12-23T06:24:03.426+0700] {processor.py:208} INFO - Processing /mnt/d/Project/airflow-news/venv/lib/python3.12/site-packages/airflow/example_dags/example_skip_dag.py took 0.282 seconds
[2024-12-23T06:24:30.753+0700] {processor.py:186} INFO - Started process (PID=6676) to work on /mnt/d/Project/airflow-news/venv/lib/python3.12/site-packages/airflow/example_dags/example_skip_dag.py
[2024-12-23T06:24:30.756+0700] {processor.py:914} INFO - Processing file /mnt/d/Project/airflow-news/venv/lib/python3.12/site-packages/airflow/example_dags/example_skip_dag.py for tasks to queue
[2024-12-23T06:24:30.760+0700] {logging_mixin.py:190} INFO - [2024-12-23T06:24:30.759+0700] {dagbag.py:588} INFO - Filling up the DagBag from /mnt/d/Project/airflow-news/venv/lib/python3.12/site-packages/airflow/example_dags/example_skip_dag.py
[2024-12-23T06:24:30.858+0700] {processor.py:925} INFO - DAG(s) 'example_skip_dag' retrieved from /mnt/d/Project/airflow-news/venv/lib/python3.12/site-packages/airflow/example_dags/example_skip_dag.py
[2024-12-23T06:24:30.901+0700] {logging_mixin.py:190} INFO - [2024-12-23T06:24:30.899+0700] {dag.py:3239} INFO - Sync 1 DAGs
[2024-12-23T06:24:30.947+0700] {logging_mixin.py:190} INFO - [2024-12-23T06:24:30.946+0700] {dag.py:4180} INFO - Setting next_dagrun for example_skip_dag to 2024-12-21 00:00:00+00:00, run_after=2024-12-22 00:00:00+00:00
[2024-12-23T06:24:31.031+0700] {processor.py:208} INFO - Processing /mnt/d/Project/airflow-news/venv/lib/python3.12/site-packages/airflow/example_dags/example_skip_dag.py took 0.300 seconds
[2024-12-23T06:25:28.615+0700] {processor.py:186} INFO - Started process (PID=6859) to work on /mnt/d/Project/airflow-news/venv/lib/python3.12/site-packages/airflow/example_dags/example_skip_dag.py
[2024-12-23T06:25:28.617+0700] {processor.py:914} INFO - Processing file /mnt/d/Project/airflow-news/venv/lib/python3.12/site-packages/airflow/example_dags/example_skip_dag.py for tasks to queue
[2024-12-23T06:25:28.622+0700] {logging_mixin.py:190} INFO - [2024-12-23T06:25:28.621+0700] {dagbag.py:588} INFO - Filling up the DagBag from /mnt/d/Project/airflow-news/venv/lib/python3.12/site-packages/airflow/example_dags/example_skip_dag.py
[2024-12-23T06:25:28.712+0700] {processor.py:925} INFO - DAG(s) 'example_skip_dag' retrieved from /mnt/d/Project/airflow-news/venv/lib/python3.12/site-packages/airflow/example_dags/example_skip_dag.py
[2024-12-23T06:25:28.771+0700] {logging_mixin.py:190} INFO - [2024-12-23T06:25:28.770+0700] {dag.py:3239} INFO - Sync 1 DAGs
[2024-12-23T06:25:28.814+0700] {logging_mixin.py:190} INFO - [2024-12-23T06:25:28.812+0700] {dag.py:4180} INFO - Setting next_dagrun for example_skip_dag to 2024-12-21 00:00:00+00:00, run_after=2024-12-22 00:00:00+00:00
[2024-12-23T06:25:28.886+0700] {processor.py:208} INFO - Processing /mnt/d/Project/airflow-news/venv/lib/python3.12/site-packages/airflow/example_dags/example_skip_dag.py took 0.286 seconds
[2024-12-23T06:26:17.105+0700] {processor.py:186} INFO - Started process (PID=7006) to work on /mnt/d/Project/airflow-news/venv/lib/python3.12/site-packages/airflow/example_dags/example_skip_dag.py
[2024-12-23T06:26:17.108+0700] {processor.py:914} INFO - Processing file /mnt/d/Project/airflow-news/venv/lib/python3.12/site-packages/airflow/example_dags/example_skip_dag.py for tasks to queue
[2024-12-23T06:26:17.112+0700] {logging_mixin.py:190} INFO - [2024-12-23T06:26:17.110+0700] {dagbag.py:588} INFO - Filling up the DagBag from /mnt/d/Project/airflow-news/venv/lib/python3.12/site-packages/airflow/example_dags/example_skip_dag.py
[2024-12-23T06:26:17.213+0700] {processor.py:925} INFO - DAG(s) 'example_skip_dag' retrieved from /mnt/d/Project/airflow-news/venv/lib/python3.12/site-packages/airflow/example_dags/example_skip_dag.py
[2024-12-23T06:26:17.258+0700] {logging_mixin.py:190} INFO - [2024-12-23T06:26:17.257+0700] {dag.py:3239} INFO - Sync 1 DAGs
[2024-12-23T06:26:17.303+0700] {logging_mixin.py:190} INFO - [2024-12-23T06:26:17.302+0700] {dag.py:4180} INFO - Setting next_dagrun for example_skip_dag to 2024-12-21 00:00:00+00:00, run_after=2024-12-22 00:00:00+00:00
[2024-12-23T06:26:17.380+0700] {processor.py:208} INFO - Processing /mnt/d/Project/airflow-news/venv/lib/python3.12/site-packages/airflow/example_dags/example_skip_dag.py took 0.297 seconds
[2024-12-23T06:27:01.818+0700] {processor.py:186} INFO - Started process (PID=7139) to work on /mnt/d/Project/airflow-news/venv/lib/python3.12/site-packages/airflow/example_dags/example_skip_dag.py
[2024-12-23T06:27:01.821+0700] {processor.py:914} INFO - Processing file /mnt/d/Project/airflow-news/venv/lib/python3.12/site-packages/airflow/example_dags/example_skip_dag.py for tasks to queue
[2024-12-23T06:27:01.824+0700] {logging_mixin.py:190} INFO - [2024-12-23T06:27:01.823+0700] {dagbag.py:588} INFO - Filling up the DagBag from /mnt/d/Project/airflow-news/venv/lib/python3.12/site-packages/airflow/example_dags/example_skip_dag.py
[2024-12-23T06:27:01.916+0700] {processor.py:925} INFO - DAG(s) 'example_skip_dag' retrieved from /mnt/d/Project/airflow-news/venv/lib/python3.12/site-packages/airflow/example_dags/example_skip_dag.py
[2024-12-23T06:27:01.961+0700] {logging_mixin.py:190} INFO - [2024-12-23T06:27:01.959+0700] {dag.py:3239} INFO - Sync 1 DAGs
[2024-12-23T06:27:02.001+0700] {logging_mixin.py:190} INFO - [2024-12-23T06:27:01.999+0700] {dag.py:4180} INFO - Setting next_dagrun for example_skip_dag to 2024-12-21 00:00:00+00:00, run_after=2024-12-22 00:00:00+00:00
[2024-12-23T06:27:02.072+0700] {processor.py:208} INFO - Processing /mnt/d/Project/airflow-news/venv/lib/python3.12/site-packages/airflow/example_dags/example_skip_dag.py took 0.268 seconds
[2024-12-23T06:28:04.700+0700] {processor.py:186} INFO - Started process (PID=7313) to work on /mnt/d/Project/airflow-news/venv/lib/python3.12/site-packages/airflow/example_dags/example_skip_dag.py
[2024-12-23T06:28:04.702+0700] {processor.py:914} INFO - Processing file /mnt/d/Project/airflow-news/venv/lib/python3.12/site-packages/airflow/example_dags/example_skip_dag.py for tasks to queue
[2024-12-23T06:28:04.706+0700] {logging_mixin.py:190} INFO - [2024-12-23T06:28:04.705+0700] {dagbag.py:588} INFO - Filling up the DagBag from /mnt/d/Project/airflow-news/venv/lib/python3.12/site-packages/airflow/example_dags/example_skip_dag.py
[2024-12-23T06:28:04.794+0700] {processor.py:925} INFO - DAG(s) 'example_skip_dag' retrieved from /mnt/d/Project/airflow-news/venv/lib/python3.12/site-packages/airflow/example_dags/example_skip_dag.py
[2024-12-23T06:28:04.834+0700] {logging_mixin.py:190} INFO - [2024-12-23T06:28:04.833+0700] {dag.py:3239} INFO - Sync 1 DAGs
[2024-12-23T06:28:04.878+0700] {logging_mixin.py:190} INFO - [2024-12-23T06:28:04.877+0700] {dag.py:4180} INFO - Setting next_dagrun for example_skip_dag to 2024-12-21 00:00:00+00:00, run_after=2024-12-22 00:00:00+00:00
[2024-12-23T06:28:04.952+0700] {processor.py:208} INFO - Processing /mnt/d/Project/airflow-news/venv/lib/python3.12/site-packages/airflow/example_dags/example_skip_dag.py took 0.274 seconds
[2024-12-23T06:28:39.237+0700] {processor.py:186} INFO - Started process (PID=7422) to work on /mnt/d/Project/airflow-news/venv/lib/python3.12/site-packages/airflow/example_dags/example_skip_dag.py
[2024-12-23T06:28:39.239+0700] {processor.py:914} INFO - Processing file /mnt/d/Project/airflow-news/venv/lib/python3.12/site-packages/airflow/example_dags/example_skip_dag.py for tasks to queue
[2024-12-23T06:28:39.244+0700] {logging_mixin.py:190} INFO - [2024-12-23T06:28:39.242+0700] {dagbag.py:588} INFO - Filling up the DagBag from /mnt/d/Project/airflow-news/venv/lib/python3.12/site-packages/airflow/example_dags/example_skip_dag.py
[2024-12-23T06:28:39.331+0700] {processor.py:925} INFO - DAG(s) 'example_skip_dag' retrieved from /mnt/d/Project/airflow-news/venv/lib/python3.12/site-packages/airflow/example_dags/example_skip_dag.py
[2024-12-23T06:28:39.369+0700] {logging_mixin.py:190} INFO - [2024-12-23T06:28:39.368+0700] {dag.py:3239} INFO - Sync 1 DAGs
[2024-12-23T06:28:39.410+0700] {logging_mixin.py:190} INFO - [2024-12-23T06:28:39.408+0700] {dag.py:4180} INFO - Setting next_dagrun for example_skip_dag to 2024-12-21 00:00:00+00:00, run_after=2024-12-22 00:00:00+00:00
[2024-12-23T06:28:39.482+0700] {processor.py:208} INFO - Processing /mnt/d/Project/airflow-news/venv/lib/python3.12/site-packages/airflow/example_dags/example_skip_dag.py took 0.260 seconds
[2024-12-23T06:29:51.202+0700] {processor.py:186} INFO - Started process (PID=7636) to work on /mnt/d/Project/airflow-news/venv/lib/python3.12/site-packages/airflow/example_dags/example_skip_dag.py
[2024-12-23T06:29:51.205+0700] {processor.py:914} INFO - Processing file /mnt/d/Project/airflow-news/venv/lib/python3.12/site-packages/airflow/example_dags/example_skip_dag.py for tasks to queue
[2024-12-23T06:29:51.209+0700] {logging_mixin.py:190} INFO - [2024-12-23T06:29:51.208+0700] {dagbag.py:588} INFO - Filling up the DagBag from /mnt/d/Project/airflow-news/venv/lib/python3.12/site-packages/airflow/example_dags/example_skip_dag.py
[2024-12-23T06:29:51.301+0700] {processor.py:925} INFO - DAG(s) 'example_skip_dag' retrieved from /mnt/d/Project/airflow-news/venv/lib/python3.12/site-packages/airflow/example_dags/example_skip_dag.py
[2024-12-23T06:29:51.340+0700] {logging_mixin.py:190} INFO - [2024-12-23T06:29:51.339+0700] {dag.py:3239} INFO - Sync 1 DAGs
[2024-12-23T06:29:51.377+0700] {logging_mixin.py:190} INFO - [2024-12-23T06:29:51.376+0700] {dag.py:4180} INFO - Setting next_dagrun for example_skip_dag to 2024-12-21 00:00:00+00:00, run_after=2024-12-22 00:00:00+00:00
[2024-12-23T06:29:51.455+0700] {processor.py:208} INFO - Processing /mnt/d/Project/airflow-news/venv/lib/python3.12/site-packages/airflow/example_dags/example_skip_dag.py took 0.276 seconds
[2024-12-23T06:30:06.718+0700] {processor.py:186} INFO - Started process (PID=7670) to work on /mnt/d/Project/airflow-news/venv/lib/python3.12/site-packages/airflow/example_dags/example_skip_dag.py
[2024-12-23T06:30:06.721+0700] {processor.py:914} INFO - Processing file /mnt/d/Project/airflow-news/venv/lib/python3.12/site-packages/airflow/example_dags/example_skip_dag.py for tasks to queue
[2024-12-23T06:30:06.726+0700] {logging_mixin.py:190} INFO - [2024-12-23T06:30:06.725+0700] {dagbag.py:588} INFO - Filling up the DagBag from /mnt/d/Project/airflow-news/venv/lib/python3.12/site-packages/airflow/example_dags/example_skip_dag.py
[2024-12-23T06:30:06.812+0700] {processor.py:925} INFO - DAG(s) 'example_skip_dag' retrieved from /mnt/d/Project/airflow-news/venv/lib/python3.12/site-packages/airflow/example_dags/example_skip_dag.py
[2024-12-23T06:30:06.848+0700] {logging_mixin.py:190} INFO - [2024-12-23T06:30:06.847+0700] {dag.py:3239} INFO - Sync 1 DAGs
[2024-12-23T06:30:06.896+0700] {logging_mixin.py:190} INFO - [2024-12-23T06:30:06.892+0700] {dag.py:4180} INFO - Setting next_dagrun for example_skip_dag to 2024-12-21 00:00:00+00:00, run_after=2024-12-22 00:00:00+00:00
[2024-12-23T06:30:07.052+0700] {processor.py:208} INFO - Processing /mnt/d/Project/airflow-news/venv/lib/python3.12/site-packages/airflow/example_dags/example_skip_dag.py took 0.350 seconds
[2024-12-23T06:31:34.945+0700] {processor.py:186} INFO - Started process (PID=7938) to work on /mnt/d/Project/airflow-news/venv/lib/python3.12/site-packages/airflow/example_dags/example_skip_dag.py
[2024-12-23T06:31:34.947+0700] {processor.py:914} INFO - Processing file /mnt/d/Project/airflow-news/venv/lib/python3.12/site-packages/airflow/example_dags/example_skip_dag.py for tasks to queue
[2024-12-23T06:31:34.951+0700] {logging_mixin.py:190} INFO - [2024-12-23T06:31:34.949+0700] {dagbag.py:588} INFO - Filling up the DagBag from /mnt/d/Project/airflow-news/venv/lib/python3.12/site-packages/airflow/example_dags/example_skip_dag.py
[2024-12-23T06:31:35.034+0700] {processor.py:925} INFO - DAG(s) 'example_skip_dag' retrieved from /mnt/d/Project/airflow-news/venv/lib/python3.12/site-packages/airflow/example_dags/example_skip_dag.py
[2024-12-23T06:31:35.076+0700] {logging_mixin.py:190} INFO - [2024-12-23T06:31:35.074+0700] {dag.py:3239} INFO - Sync 1 DAGs
[2024-12-23T06:31:35.117+0700] {logging_mixin.py:190} INFO - [2024-12-23T06:31:35.116+0700] {dag.py:4180} INFO - Setting next_dagrun for example_skip_dag to 2024-12-21 00:00:00+00:00, run_after=2024-12-22 00:00:00+00:00
[2024-12-23T06:31:35.188+0700] {processor.py:208} INFO - Processing /mnt/d/Project/airflow-news/venv/lib/python3.12/site-packages/airflow/example_dags/example_skip_dag.py took 0.264 seconds
[2024-12-23T06:31:38.542+0700] {processor.py:186} INFO - Started process (PID=7947) to work on /mnt/d/Project/airflow-news/venv/lib/python3.12/site-packages/airflow/example_dags/example_skip_dag.py
[2024-12-23T06:31:38.544+0700] {processor.py:914} INFO - Processing file /mnt/d/Project/airflow-news/venv/lib/python3.12/site-packages/airflow/example_dags/example_skip_dag.py for tasks to queue
[2024-12-23T06:31:38.549+0700] {logging_mixin.py:190} INFO - [2024-12-23T06:31:38.547+0700] {dagbag.py:588} INFO - Filling up the DagBag from /mnt/d/Project/airflow-news/venv/lib/python3.12/site-packages/airflow/example_dags/example_skip_dag.py
[2024-12-23T06:31:38.632+0700] {processor.py:925} INFO - DAG(s) 'example_skip_dag' retrieved from /mnt/d/Project/airflow-news/venv/lib/python3.12/site-packages/airflow/example_dags/example_skip_dag.py
[2024-12-23T06:31:38.673+0700] {logging_mixin.py:190} INFO - [2024-12-23T06:31:38.671+0700] {dag.py:3239} INFO - Sync 1 DAGs
[2024-12-23T06:31:38.713+0700] {logging_mixin.py:190} INFO - [2024-12-23T06:31:38.712+0700] {dag.py:4180} INFO - Setting next_dagrun for example_skip_dag to 2024-12-21 00:00:00+00:00, run_after=2024-12-22 00:00:00+00:00
[2024-12-23T06:31:38.791+0700] {processor.py:208} INFO - Processing /mnt/d/Project/airflow-news/venv/lib/python3.12/site-packages/airflow/example_dags/example_skip_dag.py took 0.265 seconds
[2024-12-23T06:33:13.249+0700] {processor.py:186} INFO - Started process (PID=8234) to work on /mnt/d/Project/airflow-news/venv/lib/python3.12/site-packages/airflow/example_dags/example_skip_dag.py
[2024-12-23T06:33:13.254+0700] {processor.py:914} INFO - Processing file /mnt/d/Project/airflow-news/venv/lib/python3.12/site-packages/airflow/example_dags/example_skip_dag.py for tasks to queue
[2024-12-23T06:33:13.261+0700] {logging_mixin.py:190} INFO - [2024-12-23T06:33:13.259+0700] {dagbag.py:588} INFO - Filling up the DagBag from /mnt/d/Project/airflow-news/venv/lib/python3.12/site-packages/airflow/example_dags/example_skip_dag.py
[2024-12-23T06:33:13.394+0700] {processor.py:925} INFO - DAG(s) 'example_skip_dag' retrieved from /mnt/d/Project/airflow-news/venv/lib/python3.12/site-packages/airflow/example_dags/example_skip_dag.py
[2024-12-23T06:33:13.449+0700] {logging_mixin.py:190} INFO - [2024-12-23T06:33:13.448+0700] {dag.py:3239} INFO - Sync 1 DAGs
[2024-12-23T06:33:13.546+0700] {logging_mixin.py:190} INFO - [2024-12-23T06:33:13.543+0700] {dag.py:4180} INFO - Setting next_dagrun for example_skip_dag to 2024-12-21 00:00:00+00:00, run_after=2024-12-22 00:00:00+00:00
[2024-12-23T06:33:13.660+0700] {processor.py:208} INFO - Processing /mnt/d/Project/airflow-news/venv/lib/python3.12/site-packages/airflow/example_dags/example_skip_dag.py took 0.429 seconds
[2024-12-23T06:33:29.721+0700] {processor.py:186} INFO - Started process (PID=8285) to work on /mnt/d/Project/airflow-news/venv/lib/python3.12/site-packages/airflow/example_dags/example_skip_dag.py
[2024-12-23T06:33:29.724+0700] {processor.py:914} INFO - Processing file /mnt/d/Project/airflow-news/venv/lib/python3.12/site-packages/airflow/example_dags/example_skip_dag.py for tasks to queue
[2024-12-23T06:33:29.728+0700] {logging_mixin.py:190} INFO - [2024-12-23T06:33:29.727+0700] {dagbag.py:588} INFO - Filling up the DagBag from /mnt/d/Project/airflow-news/venv/lib/python3.12/site-packages/airflow/example_dags/example_skip_dag.py
[2024-12-23T06:33:29.795+0700] {processor.py:925} INFO - DAG(s) 'example_skip_dag' retrieved from /mnt/d/Project/airflow-news/venv/lib/python3.12/site-packages/airflow/example_dags/example_skip_dag.py
[2024-12-23T06:33:29.831+0700] {logging_mixin.py:190} INFO - [2024-12-23T06:33:29.830+0700] {dag.py:3239} INFO - Sync 1 DAGs
[2024-12-23T06:33:29.875+0700] {logging_mixin.py:190} INFO - [2024-12-23T06:33:29.873+0700] {dag.py:4180} INFO - Setting next_dagrun for example_skip_dag to 2024-12-21 00:00:00+00:00, run_after=2024-12-22 00:00:00+00:00
[2024-12-23T06:33:29.972+0700] {processor.py:208} INFO - Processing /mnt/d/Project/airflow-news/venv/lib/python3.12/site-packages/airflow/example_dags/example_skip_dag.py took 0.273 seconds
[2024-12-23T06:34:52.062+0700] {processor.py:186} INFO - Started process (PID=8518) to work on /mnt/d/Project/airflow-news/venv/lib/python3.12/site-packages/airflow/example_dags/example_skip_dag.py
[2024-12-23T06:34:52.065+0700] {processor.py:914} INFO - Processing file /mnt/d/Project/airflow-news/venv/lib/python3.12/site-packages/airflow/example_dags/example_skip_dag.py for tasks to queue
[2024-12-23T06:34:52.072+0700] {logging_mixin.py:190} INFO - [2024-12-23T06:34:52.070+0700] {dagbag.py:588} INFO - Filling up the DagBag from /mnt/d/Project/airflow-news/venv/lib/python3.12/site-packages/airflow/example_dags/example_skip_dag.py
[2024-12-23T06:34:52.190+0700] {processor.py:925} INFO - DAG(s) 'example_skip_dag' retrieved from /mnt/d/Project/airflow-news/venv/lib/python3.12/site-packages/airflow/example_dags/example_skip_dag.py
[2024-12-23T06:34:52.235+0700] {logging_mixin.py:190} INFO - [2024-12-23T06:34:52.233+0700] {dag.py:3239} INFO - Sync 1 DAGs
[2024-12-23T06:34:52.280+0700] {logging_mixin.py:190} INFO - [2024-12-23T06:34:52.279+0700] {dag.py:4180} INFO - Setting next_dagrun for example_skip_dag to 2024-12-21 00:00:00+00:00, run_after=2024-12-22 00:00:00+00:00
[2024-12-23T06:34:52.366+0700] {processor.py:208} INFO - Processing /mnt/d/Project/airflow-news/venv/lib/python3.12/site-packages/airflow/example_dags/example_skip_dag.py took 0.324 seconds
[2024-12-23T06:36:19.071+0700] {processor.py:186} INFO - Started process (PID=8793) to work on /mnt/d/Project/airflow-news/venv/lib/python3.12/site-packages/airflow/example_dags/example_skip_dag.py
[2024-12-23T06:36:19.073+0700] {processor.py:914} INFO - Processing file /mnt/d/Project/airflow-news/venv/lib/python3.12/site-packages/airflow/example_dags/example_skip_dag.py for tasks to queue
[2024-12-23T06:36:19.079+0700] {logging_mixin.py:190} INFO - [2024-12-23T06:36:19.077+0700] {dagbag.py:588} INFO - Filling up the DagBag from /mnt/d/Project/airflow-news/venv/lib/python3.12/site-packages/airflow/example_dags/example_skip_dag.py
[2024-12-23T06:36:19.183+0700] {processor.py:925} INFO - DAG(s) 'example_skip_dag' retrieved from /mnt/d/Project/airflow-news/venv/lib/python3.12/site-packages/airflow/example_dags/example_skip_dag.py
[2024-12-23T06:36:19.230+0700] {logging_mixin.py:190} INFO - [2024-12-23T06:36:19.228+0700] {dag.py:3239} INFO - Sync 1 DAGs
[2024-12-23T06:36:19.282+0700] {logging_mixin.py:190} INFO - [2024-12-23T06:36:19.280+0700] {dag.py:4180} INFO - Setting next_dagrun for example_skip_dag to 2024-12-21 00:00:00+00:00, run_after=2024-12-22 00:00:00+00:00
[2024-12-23T06:36:19.365+0700] {processor.py:208} INFO - Processing /mnt/d/Project/airflow-news/venv/lib/python3.12/site-packages/airflow/example_dags/example_skip_dag.py took 0.319 seconds
[2024-12-23T06:36:39.619+0700] {processor.py:186} INFO - Started process (PID=8849) to work on /mnt/d/Project/airflow-news/venv/lib/python3.12/site-packages/airflow/example_dags/example_skip_dag.py
[2024-12-23T06:36:39.621+0700] {processor.py:914} INFO - Processing file /mnt/d/Project/airflow-news/venv/lib/python3.12/site-packages/airflow/example_dags/example_skip_dag.py for tasks to queue
[2024-12-23T06:36:39.626+0700] {logging_mixin.py:190} INFO - [2024-12-23T06:36:39.624+0700] {dagbag.py:588} INFO - Filling up the DagBag from /mnt/d/Project/airflow-news/venv/lib/python3.12/site-packages/airflow/example_dags/example_skip_dag.py
[2024-12-23T06:36:39.725+0700] {processor.py:925} INFO - DAG(s) 'example_skip_dag' retrieved from /mnt/d/Project/airflow-news/venv/lib/python3.12/site-packages/airflow/example_dags/example_skip_dag.py
[2024-12-23T06:36:39.760+0700] {logging_mixin.py:190} INFO - [2024-12-23T06:36:39.759+0700] {dag.py:3239} INFO - Sync 1 DAGs
[2024-12-23T06:36:39.799+0700] {logging_mixin.py:190} INFO - [2024-12-23T06:36:39.798+0700] {dag.py:4180} INFO - Setting next_dagrun for example_skip_dag to 2024-12-21 00:00:00+00:00, run_after=2024-12-22 00:00:00+00:00
[2024-12-23T06:36:39.871+0700] {processor.py:208} INFO - Processing /mnt/d/Project/airflow-news/venv/lib/python3.12/site-packages/airflow/example_dags/example_skip_dag.py took 0.268 seconds
[2024-12-23T06:37:45.429+0700] {processor.py:186} INFO - Started process (PID=9073) to work on /mnt/d/Project/airflow-news/venv/lib/python3.12/site-packages/airflow/example_dags/example_skip_dag.py
[2024-12-23T06:37:45.432+0700] {processor.py:914} INFO - Processing file /mnt/d/Project/airflow-news/venv/lib/python3.12/site-packages/airflow/example_dags/example_skip_dag.py for tasks to queue
[2024-12-23T06:37:45.437+0700] {logging_mixin.py:190} INFO - [2024-12-23T06:37:45.436+0700] {dagbag.py:588} INFO - Filling up the DagBag from /mnt/d/Project/airflow-news/venv/lib/python3.12/site-packages/airflow/example_dags/example_skip_dag.py
[2024-12-23T06:37:45.545+0700] {processor.py:925} INFO - DAG(s) 'example_skip_dag' retrieved from /mnt/d/Project/airflow-news/venv/lib/python3.12/site-packages/airflow/example_dags/example_skip_dag.py
[2024-12-23T06:37:45.590+0700] {logging_mixin.py:190} INFO - [2024-12-23T06:37:45.589+0700] {dag.py:3239} INFO - Sync 1 DAGs
[2024-12-23T06:37:45.641+0700] {logging_mixin.py:190} INFO - [2024-12-23T06:37:45.640+0700] {dag.py:4180} INFO - Setting next_dagrun for example_skip_dag to 2024-12-21 00:00:00+00:00, run_after=2024-12-22 00:00:00+00:00
[2024-12-23T06:37:45.723+0700] {processor.py:208} INFO - Processing /mnt/d/Project/airflow-news/venv/lib/python3.12/site-packages/airflow/example_dags/example_skip_dag.py took 0.318 seconds
[2024-12-23T06:37:54.908+0700] {processor.py:186} INFO - Started process (PID=9118) to work on /mnt/d/Project/airflow-news/venv/lib/python3.12/site-packages/airflow/example_dags/example_skip_dag.py
[2024-12-23T06:37:54.911+0700] {processor.py:914} INFO - Processing file /mnt/d/Project/airflow-news/venv/lib/python3.12/site-packages/airflow/example_dags/example_skip_dag.py for tasks to queue
[2024-12-23T06:37:54.920+0700] {logging_mixin.py:190} INFO - [2024-12-23T06:37:54.918+0700] {dagbag.py:588} INFO - Filling up the DagBag from /mnt/d/Project/airflow-news/venv/lib/python3.12/site-packages/airflow/example_dags/example_skip_dag.py
[2024-12-23T06:37:54.996+0700] {processor.py:925} INFO - DAG(s) 'example_skip_dag' retrieved from /mnt/d/Project/airflow-news/venv/lib/python3.12/site-packages/airflow/example_dags/example_skip_dag.py
[2024-12-23T06:37:55.039+0700] {logging_mixin.py:190} INFO - [2024-12-23T06:37:55.038+0700] {dag.py:3239} INFO - Sync 1 DAGs
[2024-12-23T06:37:55.082+0700] {logging_mixin.py:190} INFO - [2024-12-23T06:37:55.081+0700] {dag.py:4180} INFO - Setting next_dagrun for example_skip_dag to 2024-12-21 00:00:00+00:00, run_after=2024-12-22 00:00:00+00:00
[2024-12-23T06:37:55.165+0700] {processor.py:208} INFO - Processing /mnt/d/Project/airflow-news/venv/lib/python3.12/site-packages/airflow/example_dags/example_skip_dag.py took 0.278 seconds
[2024-12-23T06:39:45.954+0700] {processor.py:186} INFO - Started process (PID=9450) to work on /mnt/d/Project/airflow-news/venv/lib/python3.12/site-packages/airflow/example_dags/example_skip_dag.py
[2024-12-23T06:39:45.956+0700] {processor.py:914} INFO - Processing file /mnt/d/Project/airflow-news/venv/lib/python3.12/site-packages/airflow/example_dags/example_skip_dag.py for tasks to queue
[2024-12-23T06:39:45.964+0700] {logging_mixin.py:190} INFO - [2024-12-23T06:39:45.962+0700] {dagbag.py:588} INFO - Filling up the DagBag from /mnt/d/Project/airflow-news/venv/lib/python3.12/site-packages/airflow/example_dags/example_skip_dag.py
[2024-12-23T06:39:46.084+0700] {processor.py:925} INFO - DAG(s) 'example_skip_dag' retrieved from /mnt/d/Project/airflow-news/venv/lib/python3.12/site-packages/airflow/example_dags/example_skip_dag.py
[2024-12-23T06:39:46.134+0700] {logging_mixin.py:190} INFO - [2024-12-23T06:39:46.132+0700] {dag.py:3239} INFO - Sync 1 DAGs
[2024-12-23T06:39:46.185+0700] {logging_mixin.py:190} INFO - [2024-12-23T06:39:46.184+0700] {dag.py:4180} INFO - Setting next_dagrun for example_skip_dag to 2024-12-21 00:00:00+00:00, run_after=2024-12-22 00:00:00+00:00
[2024-12-23T06:39:46.282+0700] {processor.py:208} INFO - Processing /mnt/d/Project/airflow-news/venv/lib/python3.12/site-packages/airflow/example_dags/example_skip_dag.py took 0.364 seconds
