[2024-12-23T05:45:06.359+0700] {processor.py:186} INFO - Started process (PID=1380) to work on /mnt/d/Project/airflow-news/venv/lib/python3.12/site-packages/airflow/example_dags/example_short_circuit_decorator.py
[2024-12-23T05:45:06.361+0700] {processor.py:914} INFO - Processing file /mnt/d/Project/airflow-news/venv/lib/python3.12/site-packages/airflow/example_dags/example_short_circuit_decorator.py for tasks to queue
[2024-12-23T05:45:06.366+0700] {logging_mixin.py:190} INFO - [2024-12-23T05:45:06.364+0700] {dagbag.py:588} INFO - Filling up the DagBag from /mnt/d/Project/airflow-news/venv/lib/python3.12/site-packages/airflow/example_dags/example_short_circuit_decorator.py
[2024-12-23T05:45:06.521+0700] {processor.py:925} INFO - DAG(s) 'example_short_circuit_decorator' retrieved from /mnt/d/Project/airflow-news/venv/lib/python3.12/site-packages/airflow/example_dags/example_short_circuit_decorator.py
[2024-12-23T05:45:08.615+0700] {logging_mixin.py:190} INFO - [2024-12-23T05:45:08.612+0700] {override.py:1911} INFO - Created Permission View: can edit on DAG:example_short_circuit_decorator
[2024-12-23T05:45:08.682+0700] {logging_mixin.py:190} INFO - [2024-12-23T05:45:08.679+0700] {override.py:1911} INFO - Created Permission View: can read on DAG:example_short_circuit_decorator
[2024-12-23T05:45:08.751+0700] {logging_mixin.py:190} INFO - [2024-12-23T05:45:08.748+0700] {override.py:1911} INFO - Created Permission View: can delete on DAG:example_short_circuit_decorator
[2024-12-23T05:45:08.847+0700] {logging_mixin.py:190} INFO - [2024-12-23T05:45:08.845+0700] {override.py:1911} INFO - Created Permission View: can read on DAG Run:example_short_circuit_decorator
[2024-12-23T05:45:08.910+0700] {logging_mixin.py:190} INFO - [2024-12-23T05:45:08.908+0700] {override.py:1911} INFO - Created Permission View: can delete on DAG Run:example_short_circuit_decorator
[2024-12-23T05:45:08.973+0700] {logging_mixin.py:190} INFO - [2024-12-23T05:45:08.971+0700] {override.py:1911} INFO - Created Permission View: menu access on DAG Run:example_short_circuit_decorator
[2024-12-23T05:45:09.036+0700] {logging_mixin.py:190} INFO - [2024-12-23T05:45:09.034+0700] {override.py:1911} INFO - Created Permission View: can create on DAG Run:example_short_circuit_decorator
[2024-12-23T05:45:09.041+0700] {logging_mixin.py:190} INFO - [2024-12-23T05:45:09.039+0700] {dag.py:3239} INFO - Sync 1 DAGs
[2024-12-23T05:45:09.079+0700] {logging_mixin.py:190} INFO - [2024-12-23T05:45:09.077+0700] {dag.py:3262} INFO - Creating ORM DAG for example_short_circuit_decorator
[2024-12-23T05:45:09.084+0700] {logging_mixin.py:190} INFO - [2024-12-23T05:45:09.082+0700] {dag.py:4180} INFO - Setting next_dagrun for example_short_circuit_decorator to None, run_after=None
[2024-12-23T05:45:09.194+0700] {processor.py:208} INFO - Processing /mnt/d/Project/airflow-news/venv/lib/python3.12/site-packages/airflow/example_dags/example_short_circuit_decorator.py took 2.852 seconds
[2024-12-23T05:52:46.767+0700] {processor.py:186} INFO - Started process (PID=1710) to work on /mnt/d/Project/airflow-news/venv/lib/python3.12/site-packages/airflow/example_dags/example_short_circuit_decorator.py
[2024-12-23T05:52:46.770+0700] {processor.py:914} INFO - Processing file /mnt/d/Project/airflow-news/venv/lib/python3.12/site-packages/airflow/example_dags/example_short_circuit_decorator.py for tasks to queue
[2024-12-23T05:52:46.775+0700] {logging_mixin.py:190} INFO - [2024-12-23T05:52:46.773+0700] {dagbag.py:588} INFO - Filling up the DagBag from /mnt/d/Project/airflow-news/venv/lib/python3.12/site-packages/airflow/example_dags/example_short_circuit_decorator.py
[2024-12-23T05:52:46.869+0700] {processor.py:925} INFO - DAG(s) 'example_short_circuit_decorator' retrieved from /mnt/d/Project/airflow-news/venv/lib/python3.12/site-packages/airflow/example_dags/example_short_circuit_decorator.py
[2024-12-23T05:52:48.626+0700] {logging_mixin.py:190} INFO - [2024-12-23T05:52:48.625+0700] {dag.py:3239} INFO - Sync 1 DAGs
[2024-12-23T05:52:48.644+0700] {logging_mixin.py:190} INFO - [2024-12-23T05:52:48.643+0700] {dag.py:4180} INFO - Setting next_dagrun for example_short_circuit_decorator to None, run_after=None
[2024-12-23T05:52:48.726+0700] {processor.py:208} INFO - Processing /mnt/d/Project/airflow-news/venv/lib/python3.12/site-packages/airflow/example_dags/example_short_circuit_decorator.py took 1.977 seconds
[2024-12-23T05:53:28.551+0700] {processor.py:186} INFO - Started process (PID=1800) to work on /mnt/d/Project/airflow-news/venv/lib/python3.12/site-packages/airflow/example_dags/example_short_circuit_decorator.py
[2024-12-23T05:53:28.553+0700] {processor.py:914} INFO - Processing file /mnt/d/Project/airflow-news/venv/lib/python3.12/site-packages/airflow/example_dags/example_short_circuit_decorator.py for tasks to queue
[2024-12-23T05:53:28.558+0700] {logging_mixin.py:190} INFO - [2024-12-23T05:53:28.556+0700] {dagbag.py:588} INFO - Filling up the DagBag from /mnt/d/Project/airflow-news/venv/lib/python3.12/site-packages/airflow/example_dags/example_short_circuit_decorator.py
[2024-12-23T05:53:28.657+0700] {processor.py:925} INFO - DAG(s) 'example_short_circuit_decorator' retrieved from /mnt/d/Project/airflow-news/venv/lib/python3.12/site-packages/airflow/example_dags/example_short_circuit_decorator.py
[2024-12-23T05:53:28.713+0700] {logging_mixin.py:190} INFO - [2024-12-23T05:53:28.712+0700] {dag.py:3239} INFO - Sync 1 DAGs
[2024-12-23T05:53:28.745+0700] {logging_mixin.py:190} INFO - [2024-12-23T05:53:28.743+0700] {dag.py:4180} INFO - Setting next_dagrun for example_short_circuit_decorator to None, run_after=None
[2024-12-23T05:53:28.839+0700] {processor.py:208} INFO - Processing /mnt/d/Project/airflow-news/venv/lib/python3.12/site-packages/airflow/example_dags/example_short_circuit_decorator.py took 0.302 seconds
[2024-12-23T05:55:13.444+0700] {processor.py:186} INFO - Started process (PID=2085) to work on /mnt/d/Project/airflow-news/venv/lib/python3.12/site-packages/airflow/example_dags/example_short_circuit_decorator.py
[2024-12-23T05:55:13.447+0700] {processor.py:914} INFO - Processing file /mnt/d/Project/airflow-news/venv/lib/python3.12/site-packages/airflow/example_dags/example_short_circuit_decorator.py for tasks to queue
[2024-12-23T05:55:13.452+0700] {logging_mixin.py:190} INFO - [2024-12-23T05:55:13.450+0700] {dagbag.py:588} INFO - Filling up the DagBag from /mnt/d/Project/airflow-news/venv/lib/python3.12/site-packages/airflow/example_dags/example_short_circuit_decorator.py
[2024-12-23T05:55:13.544+0700] {processor.py:925} INFO - DAG(s) 'example_short_circuit_decorator' retrieved from /mnt/d/Project/airflow-news/venv/lib/python3.12/site-packages/airflow/example_dags/example_short_circuit_decorator.py
[2024-12-23T05:55:13.581+0700] {logging_mixin.py:190} INFO - [2024-12-23T05:55:13.580+0700] {dag.py:3239} INFO - Sync 1 DAGs
[2024-12-23T05:55:13.600+0700] {logging_mixin.py:190} INFO - [2024-12-23T05:55:13.599+0700] {dag.py:4180} INFO - Setting next_dagrun for example_short_circuit_decorator to None, run_after=None
[2024-12-23T05:55:13.672+0700] {processor.py:208} INFO - Processing /mnt/d/Project/airflow-news/venv/lib/python3.12/site-packages/airflow/example_dags/example_short_circuit_decorator.py took 0.242 seconds
[2024-12-23T05:56:40.693+0700] {processor.py:186} INFO - Started process (PID=2271) to work on /mnt/d/Project/airflow-news/venv/lib/python3.12/site-packages/airflow/example_dags/example_short_circuit_decorator.py
[2024-12-23T05:56:40.695+0700] {processor.py:914} INFO - Processing file /mnt/d/Project/airflow-news/venv/lib/python3.12/site-packages/airflow/example_dags/example_short_circuit_decorator.py for tasks to queue
[2024-12-23T05:56:40.700+0700] {logging_mixin.py:190} INFO - [2024-12-23T05:56:40.698+0700] {dagbag.py:588} INFO - Filling up the DagBag from /mnt/d/Project/airflow-news/venv/lib/python3.12/site-packages/airflow/example_dags/example_short_circuit_decorator.py
[2024-12-23T05:56:40.785+0700] {processor.py:925} INFO - DAG(s) 'example_short_circuit_decorator' retrieved from /mnt/d/Project/airflow-news/venv/lib/python3.12/site-packages/airflow/example_dags/example_short_circuit_decorator.py
[2024-12-23T05:56:40.826+0700] {logging_mixin.py:190} INFO - [2024-12-23T05:56:40.824+0700] {dag.py:3239} INFO - Sync 1 DAGs
[2024-12-23T05:56:40.847+0700] {logging_mixin.py:190} INFO - [2024-12-23T05:56:40.845+0700] {dag.py:4180} INFO - Setting next_dagrun for example_short_circuit_decorator to None, run_after=None
[2024-12-23T05:56:40.918+0700] {processor.py:208} INFO - Processing /mnt/d/Project/airflow-news/venv/lib/python3.12/site-packages/airflow/example_dags/example_short_circuit_decorator.py took 0.240 seconds
[2024-12-23T05:57:48.394+0700] {processor.py:186} INFO - Started process (PID=2426) to work on /mnt/d/Project/airflow-news/venv/lib/python3.12/site-packages/airflow/example_dags/example_short_circuit_decorator.py
[2024-12-23T05:57:48.396+0700] {processor.py:914} INFO - Processing file /mnt/d/Project/airflow-news/venv/lib/python3.12/site-packages/airflow/example_dags/example_short_circuit_decorator.py for tasks to queue
[2024-12-23T05:57:48.400+0700] {logging_mixin.py:190} INFO - [2024-12-23T05:57:48.399+0700] {dagbag.py:588} INFO - Filling up the DagBag from /mnt/d/Project/airflow-news/venv/lib/python3.12/site-packages/airflow/example_dags/example_short_circuit_decorator.py
[2024-12-23T05:57:48.479+0700] {processor.py:925} INFO - DAG(s) 'example_short_circuit_decorator' retrieved from /mnt/d/Project/airflow-news/venv/lib/python3.12/site-packages/airflow/example_dags/example_short_circuit_decorator.py
[2024-12-23T05:57:48.516+0700] {logging_mixin.py:190} INFO - [2024-12-23T05:57:48.515+0700] {dag.py:3239} INFO - Sync 1 DAGs
[2024-12-23T05:57:48.534+0700] {logging_mixin.py:190} INFO - [2024-12-23T05:57:48.532+0700] {dag.py:4180} INFO - Setting next_dagrun for example_short_circuit_decorator to None, run_after=None
[2024-12-23T05:57:48.603+0700] {processor.py:208} INFO - Processing /mnt/d/Project/airflow-news/venv/lib/python3.12/site-packages/airflow/example_dags/example_short_circuit_decorator.py took 0.222 seconds
[2024-12-23T05:59:07.980+0700] {processor.py:186} INFO - Started process (PID=2610) to work on /mnt/d/Project/airflow-news/venv/lib/python3.12/site-packages/airflow/example_dags/example_short_circuit_decorator.py
[2024-12-23T05:59:07.983+0700] {processor.py:914} INFO - Processing file /mnt/d/Project/airflow-news/venv/lib/python3.12/site-packages/airflow/example_dags/example_short_circuit_decorator.py for tasks to queue
[2024-12-23T05:59:07.993+0700] {logging_mixin.py:190} INFO - [2024-12-23T05:59:07.988+0700] {dagbag.py:588} INFO - Filling up the DagBag from /mnt/d/Project/airflow-news/venv/lib/python3.12/site-packages/airflow/example_dags/example_short_circuit_decorator.py
[2024-12-23T05:59:08.118+0700] {processor.py:925} INFO - DAG(s) 'example_short_circuit_decorator' retrieved from /mnt/d/Project/airflow-news/venv/lib/python3.12/site-packages/airflow/example_dags/example_short_circuit_decorator.py
[2024-12-23T05:59:08.205+0700] {logging_mixin.py:190} INFO - [2024-12-23T05:59:08.203+0700] {dag.py:3239} INFO - Sync 1 DAGs
[2024-12-23T05:59:08.239+0700] {logging_mixin.py:190} INFO - [2024-12-23T05:59:08.237+0700] {dag.py:4180} INFO - Setting next_dagrun for example_short_circuit_decorator to None, run_after=None
[2024-12-23T05:59:08.345+0700] {processor.py:208} INFO - Processing /mnt/d/Project/airflow-news/venv/lib/python3.12/site-packages/airflow/example_dags/example_short_circuit_decorator.py took 0.483 seconds
[2024-12-23T05:59:26.171+0700] {processor.py:186} INFO - Started process (PID=2652) to work on /mnt/d/Project/airflow-news/venv/lib/python3.12/site-packages/airflow/example_dags/example_short_circuit_decorator.py
[2024-12-23T05:59:26.173+0700] {processor.py:914} INFO - Processing file /mnt/d/Project/airflow-news/venv/lib/python3.12/site-packages/airflow/example_dags/example_short_circuit_decorator.py for tasks to queue
[2024-12-23T05:59:26.177+0700] {logging_mixin.py:190} INFO - [2024-12-23T05:59:26.176+0700] {dagbag.py:588} INFO - Filling up the DagBag from /mnt/d/Project/airflow-news/venv/lib/python3.12/site-packages/airflow/example_dags/example_short_circuit_decorator.py
[2024-12-23T05:59:26.286+0700] {processor.py:925} INFO - DAG(s) 'example_short_circuit_decorator' retrieved from /mnt/d/Project/airflow-news/venv/lib/python3.12/site-packages/airflow/example_dags/example_short_circuit_decorator.py
[2024-12-23T05:59:26.333+0700] {logging_mixin.py:190} INFO - [2024-12-23T05:59:26.332+0700] {dag.py:3239} INFO - Sync 1 DAGs
[2024-12-23T05:59:26.359+0700] {logging_mixin.py:190} INFO - [2024-12-23T05:59:26.357+0700] {dag.py:4180} INFO - Setting next_dagrun for example_short_circuit_decorator to None, run_after=None
[2024-12-23T05:59:26.456+0700] {processor.py:208} INFO - Processing /mnt/d/Project/airflow-news/venv/lib/python3.12/site-packages/airflow/example_dags/example_short_circuit_decorator.py took 0.301 seconds
[2024-12-23T06:00:31.311+0700] {processor.py:186} INFO - Started process (PID=2835) to work on /mnt/d/Project/airflow-news/venv/lib/python3.12/site-packages/airflow/example_dags/example_short_circuit_decorator.py
[2024-12-23T06:00:31.314+0700] {processor.py:914} INFO - Processing file /mnt/d/Project/airflow-news/venv/lib/python3.12/site-packages/airflow/example_dags/example_short_circuit_decorator.py for tasks to queue
[2024-12-23T06:00:31.319+0700] {logging_mixin.py:190} INFO - [2024-12-23T06:00:31.317+0700] {dagbag.py:588} INFO - Filling up the DagBag from /mnt/d/Project/airflow-news/venv/lib/python3.12/site-packages/airflow/example_dags/example_short_circuit_decorator.py
[2024-12-23T06:00:31.397+0700] {processor.py:925} INFO - DAG(s) 'example_short_circuit_decorator' retrieved from /mnt/d/Project/airflow-news/venv/lib/python3.12/site-packages/airflow/example_dags/example_short_circuit_decorator.py
[2024-12-23T06:00:31.461+0700] {logging_mixin.py:190} INFO - [2024-12-23T06:00:31.459+0700] {dag.py:3239} INFO - Sync 1 DAGs
[2024-12-23T06:00:31.491+0700] {logging_mixin.py:190} INFO - [2024-12-23T06:00:31.489+0700] {dag.py:4180} INFO - Setting next_dagrun for example_short_circuit_decorator to None, run_after=None
[2024-12-23T06:00:31.803+0700] {processor.py:208} INFO - Processing /mnt/d/Project/airflow-news/venv/lib/python3.12/site-packages/airflow/example_dags/example_short_circuit_decorator.py took 0.509 seconds
[2024-12-23T06:01:12.376+0700] {processor.py:186} INFO - Started process (PID=2952) to work on /mnt/d/Project/airflow-news/venv/lib/python3.12/site-packages/airflow/example_dags/example_short_circuit_decorator.py
[2024-12-23T06:01:12.378+0700] {processor.py:914} INFO - Processing file /mnt/d/Project/airflow-news/venv/lib/python3.12/site-packages/airflow/example_dags/example_short_circuit_decorator.py for tasks to queue
[2024-12-23T06:01:12.384+0700] {logging_mixin.py:190} INFO - [2024-12-23T06:01:12.382+0700] {dagbag.py:588} INFO - Filling up the DagBag from /mnt/d/Project/airflow-news/venv/lib/python3.12/site-packages/airflow/example_dags/example_short_circuit_decorator.py
[2024-12-23T06:01:12.455+0700] {processor.py:925} INFO - DAG(s) 'example_short_circuit_decorator' retrieved from /mnt/d/Project/airflow-news/venv/lib/python3.12/site-packages/airflow/example_dags/example_short_circuit_decorator.py
[2024-12-23T06:01:12.621+0700] {logging_mixin.py:190} INFO - [2024-12-23T06:01:12.620+0700] {dag.py:3239} INFO - Sync 1 DAGs
[2024-12-23T06:01:12.638+0700] {logging_mixin.py:190} INFO - [2024-12-23T06:01:12.637+0700] {dag.py:4180} INFO - Setting next_dagrun for example_short_circuit_decorator to None, run_after=None
[2024-12-23T06:01:12.721+0700] {processor.py:208} INFO - Processing /mnt/d/Project/airflow-news/venv/lib/python3.12/site-packages/airflow/example_dags/example_short_circuit_decorator.py took 0.365 seconds
[2024-12-23T06:03:10.983+0700] {processor.py:186} INFO - Started process (PID=3160) to work on /mnt/d/Project/airflow-news/venv/lib/python3.12/site-packages/airflow/example_dags/example_short_circuit_decorator.py
[2024-12-23T06:03:10.987+0700] {processor.py:914} INFO - Processing file /mnt/d/Project/airflow-news/venv/lib/python3.12/site-packages/airflow/example_dags/example_short_circuit_decorator.py for tasks to queue
[2024-12-23T06:03:10.996+0700] {logging_mixin.py:190} INFO - [2024-12-23T06:03:10.993+0700] {dagbag.py:588} INFO - Filling up the DagBag from /mnt/d/Project/airflow-news/venv/lib/python3.12/site-packages/airflow/example_dags/example_short_circuit_decorator.py
[2024-12-23T06:03:11.164+0700] {processor.py:925} INFO - DAG(s) 'example_short_circuit_decorator' retrieved from /mnt/d/Project/airflow-news/venv/lib/python3.12/site-packages/airflow/example_dags/example_short_circuit_decorator.py
[2024-12-23T06:03:11.236+0700] {logging_mixin.py:190} INFO - [2024-12-23T06:03:11.234+0700] {dag.py:3239} INFO - Sync 1 DAGs
[2024-12-23T06:03:11.283+0700] {logging_mixin.py:190} INFO - [2024-12-23T06:03:11.280+0700] {dag.py:4180} INFO - Setting next_dagrun for example_short_circuit_decorator to None, run_after=None
[2024-12-23T06:03:11.434+0700] {processor.py:208} INFO - Processing /mnt/d/Project/airflow-news/venv/lib/python3.12/site-packages/airflow/example_dags/example_short_circuit_decorator.py took 0.488 seconds
[2024-12-23T06:05:22.204+0700] {processor.py:186} INFO - Started process (PID=3512) to work on /mnt/d/Project/airflow-news/venv/lib/python3.12/site-packages/airflow/example_dags/example_short_circuit_decorator.py
[2024-12-23T06:05:22.206+0700] {processor.py:914} INFO - Processing file /mnt/d/Project/airflow-news/venv/lib/python3.12/site-packages/airflow/example_dags/example_short_circuit_decorator.py for tasks to queue
[2024-12-23T06:05:22.212+0700] {logging_mixin.py:190} INFO - [2024-12-23T06:05:22.210+0700] {dagbag.py:588} INFO - Filling up the DagBag from /mnt/d/Project/airflow-news/venv/lib/python3.12/site-packages/airflow/example_dags/example_short_circuit_decorator.py
[2024-12-23T06:05:22.306+0700] {processor.py:925} INFO - DAG(s) 'example_short_circuit_decorator' retrieved from /mnt/d/Project/airflow-news/venv/lib/python3.12/site-packages/airflow/example_dags/example_short_circuit_decorator.py
[2024-12-23T06:05:22.354+0700] {logging_mixin.py:190} INFO - [2024-12-23T06:05:22.352+0700] {dag.py:3239} INFO - Sync 1 DAGs
[2024-12-23T06:05:22.378+0700] {logging_mixin.py:190} INFO - [2024-12-23T06:05:22.377+0700] {dag.py:4180} INFO - Setting next_dagrun for example_short_circuit_decorator to None, run_after=None
[2024-12-23T06:05:22.461+0700] {processor.py:208} INFO - Processing /mnt/d/Project/airflow-news/venv/lib/python3.12/site-packages/airflow/example_dags/example_short_circuit_decorator.py took 0.279 seconds
[2024-12-23T06:07:17.572+0700] {processor.py:186} INFO - Started process (PID=3822) to work on /mnt/d/Project/airflow-news/venv/lib/python3.12/site-packages/airflow/example_dags/example_short_circuit_decorator.py
[2024-12-23T06:07:17.574+0700] {processor.py:914} INFO - Processing file /mnt/d/Project/airflow-news/venv/lib/python3.12/site-packages/airflow/example_dags/example_short_circuit_decorator.py for tasks to queue
[2024-12-23T06:07:17.580+0700] {logging_mixin.py:190} INFO - [2024-12-23T06:07:17.578+0700] {dagbag.py:588} INFO - Filling up the DagBag from /mnt/d/Project/airflow-news/venv/lib/python3.12/site-packages/airflow/example_dags/example_short_circuit_decorator.py
[2024-12-23T06:07:17.675+0700] {processor.py:925} INFO - DAG(s) 'example_short_circuit_decorator' retrieved from /mnt/d/Project/airflow-news/venv/lib/python3.12/site-packages/airflow/example_dags/example_short_circuit_decorator.py
[2024-12-23T06:07:17.730+0700] {logging_mixin.py:190} INFO - [2024-12-23T06:07:17.728+0700] {dag.py:3239} INFO - Sync 1 DAGs
[2024-12-23T06:07:17.751+0700] {logging_mixin.py:190} INFO - [2024-12-23T06:07:17.749+0700] {dag.py:4180} INFO - Setting next_dagrun for example_short_circuit_decorator to None, run_after=None
[2024-12-23T06:07:17.826+0700] {processor.py:208} INFO - Processing /mnt/d/Project/airflow-news/venv/lib/python3.12/site-packages/airflow/example_dags/example_short_circuit_decorator.py took 0.268 seconds
[2024-12-23T06:07:22.668+0700] {processor.py:186} INFO - Started process (PID=3833) to work on /mnt/d/Project/airflow-news/venv/lib/python3.12/site-packages/airflow/example_dags/example_short_circuit_decorator.py
[2024-12-23T06:07:22.671+0700] {processor.py:914} INFO - Processing file /mnt/d/Project/airflow-news/venv/lib/python3.12/site-packages/airflow/example_dags/example_short_circuit_decorator.py for tasks to queue
[2024-12-23T06:07:22.675+0700] {logging_mixin.py:190} INFO - [2024-12-23T06:07:22.673+0700] {dagbag.py:588} INFO - Filling up the DagBag from /mnt/d/Project/airflow-news/venv/lib/python3.12/site-packages/airflow/example_dags/example_short_circuit_decorator.py
[2024-12-23T06:07:22.765+0700] {processor.py:925} INFO - DAG(s) 'example_short_circuit_decorator' retrieved from /mnt/d/Project/airflow-news/venv/lib/python3.12/site-packages/airflow/example_dags/example_short_circuit_decorator.py
[2024-12-23T06:07:22.803+0700] {logging_mixin.py:190} INFO - [2024-12-23T06:07:22.802+0700] {dag.py:3239} INFO - Sync 1 DAGs
[2024-12-23T06:07:22.824+0700] {logging_mixin.py:190} INFO - [2024-12-23T06:07:22.822+0700] {dag.py:4180} INFO - Setting next_dagrun for example_short_circuit_decorator to None, run_after=None
[2024-12-23T06:07:22.913+0700] {processor.py:208} INFO - Processing /mnt/d/Project/airflow-news/venv/lib/python3.12/site-packages/airflow/example_dags/example_short_circuit_decorator.py took 0.265 seconds
[2024-12-23T06:08:40.157+0700] {processor.py:186} INFO - Started process (PID=4072) to work on /mnt/d/Project/airflow-news/venv/lib/python3.12/site-packages/airflow/example_dags/example_short_circuit_decorator.py
[2024-12-23T06:08:40.160+0700] {processor.py:914} INFO - Processing file /mnt/d/Project/airflow-news/venv/lib/python3.12/site-packages/airflow/example_dags/example_short_circuit_decorator.py for tasks to queue
[2024-12-23T06:08:40.165+0700] {logging_mixin.py:190} INFO - [2024-12-23T06:08:40.164+0700] {dagbag.py:588} INFO - Filling up the DagBag from /mnt/d/Project/airflow-news/venv/lib/python3.12/site-packages/airflow/example_dags/example_short_circuit_decorator.py
[2024-12-23T06:08:40.278+0700] {processor.py:925} INFO - DAG(s) 'example_short_circuit_decorator' retrieved from /mnt/d/Project/airflow-news/venv/lib/python3.12/site-packages/airflow/example_dags/example_short_circuit_decorator.py
[2024-12-23T06:08:40.329+0700] {logging_mixin.py:190} INFO - [2024-12-23T06:08:40.328+0700] {dag.py:3239} INFO - Sync 1 DAGs
[2024-12-23T06:08:40.355+0700] {logging_mixin.py:190} INFO - [2024-12-23T06:08:40.353+0700] {dag.py:4180} INFO - Setting next_dagrun for example_short_circuit_decorator to None, run_after=None
[2024-12-23T06:08:40.447+0700] {processor.py:208} INFO - Processing /mnt/d/Project/airflow-news/venv/lib/python3.12/site-packages/airflow/example_dags/example_short_circuit_decorator.py took 0.310 seconds
[2024-12-23T06:09:24.404+0700] {processor.py:186} INFO - Started process (PID=4204) to work on /mnt/d/Project/airflow-news/venv/lib/python3.12/site-packages/airflow/example_dags/example_short_circuit_decorator.py
[2024-12-23T06:09:24.407+0700] {processor.py:914} INFO - Processing file /mnt/d/Project/airflow-news/venv/lib/python3.12/site-packages/airflow/example_dags/example_short_circuit_decorator.py for tasks to queue
[2024-12-23T06:09:24.412+0700] {logging_mixin.py:190} INFO - [2024-12-23T06:09:24.410+0700] {dagbag.py:588} INFO - Filling up the DagBag from /mnt/d/Project/airflow-news/venv/lib/python3.12/site-packages/airflow/example_dags/example_short_circuit_decorator.py
[2024-12-23T06:09:24.537+0700] {processor.py:925} INFO - DAG(s) 'example_short_circuit_decorator' retrieved from /mnt/d/Project/airflow-news/venv/lib/python3.12/site-packages/airflow/example_dags/example_short_circuit_decorator.py
[2024-12-23T06:09:24.593+0700] {logging_mixin.py:190} INFO - [2024-12-23T06:09:24.592+0700] {dag.py:3239} INFO - Sync 1 DAGs
[2024-12-23T06:09:24.616+0700] {logging_mixin.py:190} INFO - [2024-12-23T06:09:24.614+0700] {dag.py:4180} INFO - Setting next_dagrun for example_short_circuit_decorator to None, run_after=None
[2024-12-23T06:09:24.717+0700] {processor.py:208} INFO - Processing /mnt/d/Project/airflow-news/venv/lib/python3.12/site-packages/airflow/example_dags/example_short_circuit_decorator.py took 0.342 seconds
[2024-12-23T06:11:30.984+0700] {processor.py:186} INFO - Started process (PID=4460) to work on /mnt/d/Project/airflow-news/venv/lib/python3.12/site-packages/airflow/example_dags/example_short_circuit_decorator.py
[2024-12-23T06:11:30.986+0700] {processor.py:914} INFO - Processing file /mnt/d/Project/airflow-news/venv/lib/python3.12/site-packages/airflow/example_dags/example_short_circuit_decorator.py for tasks to queue
[2024-12-23T06:11:30.989+0700] {logging_mixin.py:190} INFO - [2024-12-23T06:11:30.988+0700] {dagbag.py:588} INFO - Filling up the DagBag from /mnt/d/Project/airflow-news/venv/lib/python3.12/site-packages/airflow/example_dags/example_short_circuit_decorator.py
[2024-12-23T06:11:31.020+0700] {processor.py:925} INFO - DAG(s) 'example_short_circuit_decorator' retrieved from /mnt/d/Project/airflow-news/venv/lib/python3.12/site-packages/airflow/example_dags/example_short_circuit_decorator.py
[2024-12-23T06:11:31.072+0700] {logging_mixin.py:190} INFO - [2024-12-23T06:11:31.070+0700] {dag.py:3239} INFO - Sync 1 DAGs
[2024-12-23T06:11:31.092+0700] {logging_mixin.py:190} INFO - [2024-12-23T06:11:31.090+0700] {dag.py:4180} INFO - Setting next_dagrun for example_short_circuit_decorator to None, run_after=None
[2024-12-23T06:11:31.161+0700] {processor.py:208} INFO - Processing /mnt/d/Project/airflow-news/venv/lib/python3.12/site-packages/airflow/example_dags/example_short_circuit_decorator.py took 0.192 seconds
[2024-12-23T06:12:49.724+0700] {processor.py:186} INFO - Started process (PID=4673) to work on /mnt/d/Project/airflow-news/venv/lib/python3.12/site-packages/airflow/example_dags/example_short_circuit_decorator.py
[2024-12-23T06:12:49.726+0700] {processor.py:914} INFO - Processing file /mnt/d/Project/airflow-news/venv/lib/python3.12/site-packages/airflow/example_dags/example_short_circuit_decorator.py for tasks to queue
[2024-12-23T06:12:49.730+0700] {logging_mixin.py:190} INFO - [2024-12-23T06:12:49.729+0700] {dagbag.py:588} INFO - Filling up the DagBag from /mnt/d/Project/airflow-news/venv/lib/python3.12/site-packages/airflow/example_dags/example_short_circuit_decorator.py
[2024-12-23T06:12:49.762+0700] {processor.py:925} INFO - DAG(s) 'example_short_circuit_decorator' retrieved from /mnt/d/Project/airflow-news/venv/lib/python3.12/site-packages/airflow/example_dags/example_short_circuit_decorator.py
[2024-12-23T06:12:49.805+0700] {logging_mixin.py:190} INFO - [2024-12-23T06:12:49.804+0700] {dag.py:3239} INFO - Sync 1 DAGs
[2024-12-23T06:12:49.823+0700] {logging_mixin.py:190} INFO - [2024-12-23T06:12:49.822+0700] {dag.py:4180} INFO - Setting next_dagrun for example_short_circuit_decorator to None, run_after=None
[2024-12-23T06:12:49.895+0700] {processor.py:208} INFO - Processing /mnt/d/Project/airflow-news/venv/lib/python3.12/site-packages/airflow/example_dags/example_short_circuit_decorator.py took 0.186 seconds
[2024-12-23T06:12:50.967+0700] {processor.py:186} INFO - Started process (PID=4675) to work on /mnt/d/Project/airflow-news/venv/lib/python3.12/site-packages/airflow/example_dags/example_short_circuit_decorator.py
[2024-12-23T06:12:50.970+0700] {processor.py:914} INFO - Processing file /mnt/d/Project/airflow-news/venv/lib/python3.12/site-packages/airflow/example_dags/example_short_circuit_decorator.py for tasks to queue
[2024-12-23T06:12:50.974+0700] {logging_mixin.py:190} INFO - [2024-12-23T06:12:50.973+0700] {dagbag.py:588} INFO - Filling up the DagBag from /mnt/d/Project/airflow-news/venv/lib/python3.12/site-packages/airflow/example_dags/example_short_circuit_decorator.py
[2024-12-23T06:12:51.064+0700] {processor.py:925} INFO - DAG(s) 'example_short_circuit_decorator' retrieved from /mnt/d/Project/airflow-news/venv/lib/python3.12/site-packages/airflow/example_dags/example_short_circuit_decorator.py
[2024-12-23T06:12:51.105+0700] {logging_mixin.py:190} INFO - [2024-12-23T06:12:51.103+0700] {dag.py:3239} INFO - Sync 1 DAGs
[2024-12-23T06:12:51.125+0700] {logging_mixin.py:190} INFO - [2024-12-23T06:12:51.123+0700] {dag.py:4180} INFO - Setting next_dagrun for example_short_circuit_decorator to None, run_after=None
[2024-12-23T06:12:51.203+0700] {processor.py:208} INFO - Processing /mnt/d/Project/airflow-news/venv/lib/python3.12/site-packages/airflow/example_dags/example_short_circuit_decorator.py took 0.257 seconds
[2024-12-23T06:14:25.106+0700] {processor.py:186} INFO - Started process (PID=4964) to work on /mnt/d/Project/airflow-news/venv/lib/python3.12/site-packages/airflow/example_dags/example_short_circuit_decorator.py
[2024-12-23T06:14:25.108+0700] {processor.py:914} INFO - Processing file /mnt/d/Project/airflow-news/venv/lib/python3.12/site-packages/airflow/example_dags/example_short_circuit_decorator.py for tasks to queue
[2024-12-23T06:14:25.112+0700] {logging_mixin.py:190} INFO - [2024-12-23T06:14:25.110+0700] {dagbag.py:588} INFO - Filling up the DagBag from /mnt/d/Project/airflow-news/venv/lib/python3.12/site-packages/airflow/example_dags/example_short_circuit_decorator.py
[2024-12-23T06:14:25.141+0700] {processor.py:925} INFO - DAG(s) 'example_short_circuit_decorator' retrieved from /mnt/d/Project/airflow-news/venv/lib/python3.12/site-packages/airflow/example_dags/example_short_circuit_decorator.py
[2024-12-23T06:14:25.181+0700] {logging_mixin.py:190} INFO - [2024-12-23T06:14:25.180+0700] {dag.py:3239} INFO - Sync 1 DAGs
[2024-12-23T06:14:25.201+0700] {logging_mixin.py:190} INFO - [2024-12-23T06:14:25.199+0700] {dag.py:4180} INFO - Setting next_dagrun for example_short_circuit_decorator to None, run_after=None
[2024-12-23T06:14:25.287+0700] {processor.py:208} INFO - Processing /mnt/d/Project/airflow-news/venv/lib/python3.12/site-packages/airflow/example_dags/example_short_circuit_decorator.py took 0.195 seconds
[2024-12-23T06:14:43.722+0700] {processor.py:186} INFO - Started process (PID=5010) to work on /mnt/d/Project/airflow-news/venv/lib/python3.12/site-packages/airflow/example_dags/example_short_circuit_decorator.py
[2024-12-23T06:14:43.725+0700] {processor.py:914} INFO - Processing file /mnt/d/Project/airflow-news/venv/lib/python3.12/site-packages/airflow/example_dags/example_short_circuit_decorator.py for tasks to queue
[2024-12-23T06:14:43.730+0700] {logging_mixin.py:190} INFO - [2024-12-23T06:14:43.729+0700] {dagbag.py:588} INFO - Filling up the DagBag from /mnt/d/Project/airflow-news/venv/lib/python3.12/site-packages/airflow/example_dags/example_short_circuit_decorator.py
[2024-12-23T06:14:43.815+0700] {processor.py:925} INFO - DAG(s) 'example_short_circuit_decorator' retrieved from /mnt/d/Project/airflow-news/venv/lib/python3.12/site-packages/airflow/example_dags/example_short_circuit_decorator.py
[2024-12-23T06:14:43.853+0700] {logging_mixin.py:190} INFO - [2024-12-23T06:14:43.851+0700] {dag.py:3239} INFO - Sync 1 DAGs
[2024-12-23T06:14:43.874+0700] {logging_mixin.py:190} INFO - [2024-12-23T06:14:43.872+0700] {dag.py:4180} INFO - Setting next_dagrun for example_short_circuit_decorator to None, run_after=None
[2024-12-23T06:14:43.949+0700] {processor.py:208} INFO - Processing /mnt/d/Project/airflow-news/venv/lib/python3.12/site-packages/airflow/example_dags/example_short_circuit_decorator.py took 0.246 seconds
[2024-12-23T06:17:09.282+0700] {processor.py:186} INFO - Started process (PID=5399) to work on /mnt/d/Project/airflow-news/venv/lib/python3.12/site-packages/airflow/example_dags/example_short_circuit_decorator.py
[2024-12-23T06:17:09.285+0700] {processor.py:914} INFO - Processing file /mnt/d/Project/airflow-news/venv/lib/python3.12/site-packages/airflow/example_dags/example_short_circuit_decorator.py for tasks to queue
[2024-12-23T06:17:09.291+0700] {logging_mixin.py:190} INFO - [2024-12-23T06:17:09.289+0700] {dagbag.py:588} INFO - Filling up the DagBag from /mnt/d/Project/airflow-news/venv/lib/python3.12/site-packages/airflow/example_dags/example_short_circuit_decorator.py
[2024-12-23T06:17:09.330+0700] {processor.py:925} INFO - DAG(s) 'example_short_circuit_decorator' retrieved from /mnt/d/Project/airflow-news/venv/lib/python3.12/site-packages/airflow/example_dags/example_short_circuit_decorator.py
[2024-12-23T06:17:09.371+0700] {logging_mixin.py:190} INFO - [2024-12-23T06:17:09.369+0700] {dag.py:3239} INFO - Sync 1 DAGs
[2024-12-23T06:17:09.390+0700] {logging_mixin.py:190} INFO - [2024-12-23T06:17:09.388+0700] {dag.py:4180} INFO - Setting next_dagrun for example_short_circuit_decorator to None, run_after=None
[2024-12-23T06:17:09.471+0700] {processor.py:208} INFO - Processing /mnt/d/Project/airflow-news/venv/lib/python3.12/site-packages/airflow/example_dags/example_short_circuit_decorator.py took 0.207 seconds
[2024-12-23T06:17:22.352+0700] {processor.py:186} INFO - Started process (PID=5436) to work on /mnt/d/Project/airflow-news/venv/lib/python3.12/site-packages/airflow/example_dags/example_short_circuit_decorator.py
[2024-12-23T06:17:22.355+0700] {processor.py:914} INFO - Processing file /mnt/d/Project/airflow-news/venv/lib/python3.12/site-packages/airflow/example_dags/example_short_circuit_decorator.py for tasks to queue
[2024-12-23T06:17:22.361+0700] {logging_mixin.py:190} INFO - [2024-12-23T06:17:22.360+0700] {dagbag.py:588} INFO - Filling up the DagBag from /mnt/d/Project/airflow-news/venv/lib/python3.12/site-packages/airflow/example_dags/example_short_circuit_decorator.py
[2024-12-23T06:17:22.461+0700] {processor.py:925} INFO - DAG(s) 'example_short_circuit_decorator' retrieved from /mnt/d/Project/airflow-news/venv/lib/python3.12/site-packages/airflow/example_dags/example_short_circuit_decorator.py
[2024-12-23T06:17:22.507+0700] {logging_mixin.py:190} INFO - [2024-12-23T06:17:22.505+0700] {dag.py:3239} INFO - Sync 1 DAGs
[2024-12-23T06:17:22.529+0700] {logging_mixin.py:190} INFO - [2024-12-23T06:17:22.527+0700] {dag.py:4180} INFO - Setting next_dagrun for example_short_circuit_decorator to None, run_after=None
[2024-12-23T06:17:22.608+0700] {processor.py:208} INFO - Processing /mnt/d/Project/airflow-news/venv/lib/python3.12/site-packages/airflow/example_dags/example_short_circuit_decorator.py took 0.281 seconds
[2024-12-23T06:18:38.820+0700] {processor.py:186} INFO - Started process (PID=5653) to work on /mnt/d/Project/airflow-news/venv/lib/python3.12/site-packages/airflow/example_dags/example_short_circuit_decorator.py
[2024-12-23T06:18:38.823+0700] {processor.py:914} INFO - Processing file /mnt/d/Project/airflow-news/venv/lib/python3.12/site-packages/airflow/example_dags/example_short_circuit_decorator.py for tasks to queue
[2024-12-23T06:18:38.827+0700] {logging_mixin.py:190} INFO - [2024-12-23T06:18:38.825+0700] {dagbag.py:588} INFO - Filling up the DagBag from /mnt/d/Project/airflow-news/venv/lib/python3.12/site-packages/airflow/example_dags/example_short_circuit_decorator.py
[2024-12-23T06:18:38.861+0700] {processor.py:925} INFO - DAG(s) 'example_short_circuit_decorator' retrieved from /mnt/d/Project/airflow-news/venv/lib/python3.12/site-packages/airflow/example_dags/example_short_circuit_decorator.py
[2024-12-23T06:18:38.906+0700] {logging_mixin.py:190} INFO - [2024-12-23T06:18:38.903+0700] {dag.py:3239} INFO - Sync 1 DAGs
[2024-12-23T06:18:38.925+0700] {logging_mixin.py:190} INFO - [2024-12-23T06:18:38.923+0700] {dag.py:4180} INFO - Setting next_dagrun for example_short_circuit_decorator to None, run_after=None
[2024-12-23T06:18:39.001+0700] {processor.py:208} INFO - Processing /mnt/d/Project/airflow-news/venv/lib/python3.12/site-packages/airflow/example_dags/example_short_circuit_decorator.py took 0.198 seconds
[2024-12-23T06:18:50.787+0700] {processor.py:186} INFO - Started process (PID=5684) to work on /mnt/d/Project/airflow-news/venv/lib/python3.12/site-packages/airflow/example_dags/example_short_circuit_decorator.py
[2024-12-23T06:18:50.789+0700] {processor.py:914} INFO - Processing file /mnt/d/Project/airflow-news/venv/lib/python3.12/site-packages/airflow/example_dags/example_short_circuit_decorator.py for tasks to queue
[2024-12-23T06:18:50.794+0700] {logging_mixin.py:190} INFO - [2024-12-23T06:18:50.793+0700] {dagbag.py:588} INFO - Filling up the DagBag from /mnt/d/Project/airflow-news/venv/lib/python3.12/site-packages/airflow/example_dags/example_short_circuit_decorator.py
[2024-12-23T06:18:50.865+0700] {processor.py:925} INFO - DAG(s) 'example_short_circuit_decorator' retrieved from /mnt/d/Project/airflow-news/venv/lib/python3.12/site-packages/airflow/example_dags/example_short_circuit_decorator.py
[2024-12-23T06:18:50.909+0700] {logging_mixin.py:190} INFO - [2024-12-23T06:18:50.907+0700] {dag.py:3239} INFO - Sync 1 DAGs
[2024-12-23T06:18:50.935+0700] {logging_mixin.py:190} INFO - [2024-12-23T06:18:50.933+0700] {dag.py:4180} INFO - Setting next_dagrun for example_short_circuit_decorator to None, run_after=None
[2024-12-23T06:18:51.064+0700] {processor.py:208} INFO - Processing /mnt/d/Project/airflow-news/venv/lib/python3.12/site-packages/airflow/example_dags/example_short_circuit_decorator.py took 0.301 seconds
[2024-12-23T06:20:05.577+0700] {processor.py:186} INFO - Started process (PID=5908) to work on /mnt/d/Project/airflow-news/venv/lib/python3.12/site-packages/airflow/example_dags/example_short_circuit_decorator.py
[2024-12-23T06:20:05.580+0700] {processor.py:914} INFO - Processing file /mnt/d/Project/airflow-news/venv/lib/python3.12/site-packages/airflow/example_dags/example_short_circuit_decorator.py for tasks to queue
[2024-12-23T06:20:05.583+0700] {logging_mixin.py:190} INFO - [2024-12-23T06:20:05.582+0700] {dagbag.py:588} INFO - Filling up the DagBag from /mnt/d/Project/airflow-news/venv/lib/python3.12/site-packages/airflow/example_dags/example_short_circuit_decorator.py
[2024-12-23T06:20:05.617+0700] {processor.py:925} INFO - DAG(s) 'example_short_circuit_decorator' retrieved from /mnt/d/Project/airflow-news/venv/lib/python3.12/site-packages/airflow/example_dags/example_short_circuit_decorator.py
[2024-12-23T06:20:05.663+0700] {logging_mixin.py:190} INFO - [2024-12-23T06:20:05.661+0700] {dag.py:3239} INFO - Sync 1 DAGs
[2024-12-23T06:20:05.685+0700] {logging_mixin.py:190} INFO - [2024-12-23T06:20:05.684+0700] {dag.py:4180} INFO - Setting next_dagrun for example_short_circuit_decorator to None, run_after=None
[2024-12-23T06:20:05.769+0700] {processor.py:208} INFO - Processing /mnt/d/Project/airflow-news/venv/lib/python3.12/site-packages/airflow/example_dags/example_short_circuit_decorator.py took 0.207 seconds
[2024-12-23T06:20:41.380+0700] {processor.py:186} INFO - Started process (PID=6011) to work on /mnt/d/Project/airflow-news/venv/lib/python3.12/site-packages/airflow/example_dags/example_short_circuit_decorator.py
[2024-12-23T06:20:41.383+0700] {processor.py:914} INFO - Processing file /mnt/d/Project/airflow-news/venv/lib/python3.12/site-packages/airflow/example_dags/example_short_circuit_decorator.py for tasks to queue
[2024-12-23T06:20:41.389+0700] {logging_mixin.py:190} INFO - [2024-12-23T06:20:41.388+0700] {dagbag.py:588} INFO - Filling up the DagBag from /mnt/d/Project/airflow-news/venv/lib/python3.12/site-packages/airflow/example_dags/example_short_circuit_decorator.py
[2024-12-23T06:20:41.486+0700] {processor.py:925} INFO - DAG(s) 'example_short_circuit_decorator' retrieved from /mnt/d/Project/airflow-news/venv/lib/python3.12/site-packages/airflow/example_dags/example_short_circuit_decorator.py
[2024-12-23T06:20:41.527+0700] {logging_mixin.py:190} INFO - [2024-12-23T06:20:41.526+0700] {dag.py:3239} INFO - Sync 1 DAGs
[2024-12-23T06:20:41.549+0700] {logging_mixin.py:190} INFO - [2024-12-23T06:20:41.547+0700] {dag.py:4180} INFO - Setting next_dagrun for example_short_circuit_decorator to None, run_after=None
[2024-12-23T06:20:41.630+0700] {processor.py:208} INFO - Processing /mnt/d/Project/airflow-news/venv/lib/python3.12/site-packages/airflow/example_dags/example_short_circuit_decorator.py took 0.274 seconds
[2024-12-23T06:22:40.928+0700] {processor.py:186} INFO - Started process (PID=6321) to work on /mnt/d/Project/airflow-news/venv/lib/python3.12/site-packages/airflow/example_dags/example_short_circuit_decorator.py
[2024-12-23T06:22:40.930+0700] {processor.py:914} INFO - Processing file /mnt/d/Project/airflow-news/venv/lib/python3.12/site-packages/airflow/example_dags/example_short_circuit_decorator.py for tasks to queue
[2024-12-23T06:22:40.935+0700] {logging_mixin.py:190} INFO - [2024-12-23T06:22:40.933+0700] {dagbag.py:588} INFO - Filling up the DagBag from /mnt/d/Project/airflow-news/venv/lib/python3.12/site-packages/airflow/example_dags/example_short_circuit_decorator.py
[2024-12-23T06:22:41.034+0700] {processor.py:925} INFO - DAG(s) 'example_short_circuit_decorator' retrieved from /mnt/d/Project/airflow-news/venv/lib/python3.12/site-packages/airflow/example_dags/example_short_circuit_decorator.py
[2024-12-23T06:22:41.088+0700] {logging_mixin.py:190} INFO - [2024-12-23T06:22:41.087+0700] {dag.py:3239} INFO - Sync 1 DAGs
[2024-12-23T06:22:41.112+0700] {logging_mixin.py:190} INFO - [2024-12-23T06:22:41.110+0700] {dag.py:4180} INFO - Setting next_dagrun for example_short_circuit_decorator to None, run_after=None
[2024-12-23T06:22:41.191+0700] {processor.py:208} INFO - Processing /mnt/d/Project/airflow-news/venv/lib/python3.12/site-packages/airflow/example_dags/example_short_circuit_decorator.py took 0.286 seconds
[2024-12-23T06:22:44.135+0700] {processor.py:186} INFO - Started process (PID=6340) to work on /mnt/d/Project/airflow-news/venv/lib/python3.12/site-packages/airflow/example_dags/example_short_circuit_decorator.py
[2024-12-23T06:22:44.137+0700] {processor.py:914} INFO - Processing file /mnt/d/Project/airflow-news/venv/lib/python3.12/site-packages/airflow/example_dags/example_short_circuit_decorator.py for tasks to queue
[2024-12-23T06:22:44.142+0700] {logging_mixin.py:190} INFO - [2024-12-23T06:22:44.140+0700] {dagbag.py:588} INFO - Filling up the DagBag from /mnt/d/Project/airflow-news/venv/lib/python3.12/site-packages/airflow/example_dags/example_short_circuit_decorator.py
[2024-12-23T06:22:44.212+0700] {processor.py:925} INFO - DAG(s) 'example_short_circuit_decorator' retrieved from /mnt/d/Project/airflow-news/venv/lib/python3.12/site-packages/airflow/example_dags/example_short_circuit_decorator.py
[2024-12-23T06:22:44.268+0700] {logging_mixin.py:190} INFO - [2024-12-23T06:22:44.266+0700] {dag.py:3239} INFO - Sync 1 DAGs
[2024-12-23T06:22:44.289+0700] {logging_mixin.py:190} INFO - [2024-12-23T06:22:44.288+0700] {dag.py:4180} INFO - Setting next_dagrun for example_short_circuit_decorator to None, run_after=None
[2024-12-23T06:22:44.369+0700] {processor.py:208} INFO - Processing /mnt/d/Project/airflow-news/venv/lib/python3.12/site-packages/airflow/example_dags/example_short_circuit_decorator.py took 0.249 seconds
[2024-12-23T06:24:03.449+0700] {processor.py:186} INFO - Started process (PID=6595) to work on /mnt/d/Project/airflow-news/venv/lib/python3.12/site-packages/airflow/example_dags/example_short_circuit_decorator.py
[2024-12-23T06:24:03.451+0700] {processor.py:914} INFO - Processing file /mnt/d/Project/airflow-news/venv/lib/python3.12/site-packages/airflow/example_dags/example_short_circuit_decorator.py for tasks to queue
[2024-12-23T06:24:03.456+0700] {logging_mixin.py:190} INFO - [2024-12-23T06:24:03.454+0700] {dagbag.py:588} INFO - Filling up the DagBag from /mnt/d/Project/airflow-news/venv/lib/python3.12/site-packages/airflow/example_dags/example_short_circuit_decorator.py
[2024-12-23T06:24:03.556+0700] {processor.py:925} INFO - DAG(s) 'example_short_circuit_decorator' retrieved from /mnt/d/Project/airflow-news/venv/lib/python3.12/site-packages/airflow/example_dags/example_short_circuit_decorator.py
[2024-12-23T06:24:03.601+0700] {logging_mixin.py:190} INFO - [2024-12-23T06:24:03.599+0700] {dag.py:3239} INFO - Sync 1 DAGs
[2024-12-23T06:24:03.620+0700] {logging_mixin.py:190} INFO - [2024-12-23T06:24:03.618+0700] {dag.py:4180} INFO - Setting next_dagrun for example_short_circuit_decorator to None, run_after=None
[2024-12-23T06:24:03.697+0700] {processor.py:208} INFO - Processing /mnt/d/Project/airflow-news/venv/lib/python3.12/site-packages/airflow/example_dags/example_short_circuit_decorator.py took 0.263 seconds
[2024-12-23T06:24:33.825+0700] {processor.py:186} INFO - Started process (PID=6681) to work on /mnt/d/Project/airflow-news/venv/lib/python3.12/site-packages/airflow/example_dags/example_short_circuit_decorator.py
[2024-12-23T06:24:33.827+0700] {processor.py:914} INFO - Processing file /mnt/d/Project/airflow-news/venv/lib/python3.12/site-packages/airflow/example_dags/example_short_circuit_decorator.py for tasks to queue
[2024-12-23T06:24:33.832+0700] {logging_mixin.py:190} INFO - [2024-12-23T06:24:33.831+0700] {dagbag.py:588} INFO - Filling up the DagBag from /mnt/d/Project/airflow-news/venv/lib/python3.12/site-packages/airflow/example_dags/example_short_circuit_decorator.py
[2024-12-23T06:24:33.920+0700] {processor.py:925} INFO - DAG(s) 'example_short_circuit_decorator' retrieved from /mnt/d/Project/airflow-news/venv/lib/python3.12/site-packages/airflow/example_dags/example_short_circuit_decorator.py
[2024-12-23T06:24:33.961+0700] {logging_mixin.py:190} INFO - [2024-12-23T06:24:33.960+0700] {dag.py:3239} INFO - Sync 1 DAGs
[2024-12-23T06:24:33.984+0700] {logging_mixin.py:190} INFO - [2024-12-23T06:24:33.982+0700] {dag.py:4180} INFO - Setting next_dagrun for example_short_circuit_decorator to None, run_after=None
[2024-12-23T06:24:34.058+0700] {processor.py:208} INFO - Processing /mnt/d/Project/airflow-news/venv/lib/python3.12/site-packages/airflow/example_dags/example_short_circuit_decorator.py took 0.254 seconds
[2024-12-23T06:25:31.690+0700] {processor.py:186} INFO - Started process (PID=6866) to work on /mnt/d/Project/airflow-news/venv/lib/python3.12/site-packages/airflow/example_dags/example_short_circuit_decorator.py
[2024-12-23T06:25:31.693+0700] {processor.py:914} INFO - Processing file /mnt/d/Project/airflow-news/venv/lib/python3.12/site-packages/airflow/example_dags/example_short_circuit_decorator.py for tasks to queue
[2024-12-23T06:25:31.698+0700] {logging_mixin.py:190} INFO - [2024-12-23T06:25:31.696+0700] {dagbag.py:588} INFO - Filling up the DagBag from /mnt/d/Project/airflow-news/venv/lib/python3.12/site-packages/airflow/example_dags/example_short_circuit_decorator.py
[2024-12-23T06:25:31.786+0700] {processor.py:925} INFO - DAG(s) 'example_short_circuit_decorator' retrieved from /mnt/d/Project/airflow-news/venv/lib/python3.12/site-packages/airflow/example_dags/example_short_circuit_decorator.py
[2024-12-23T06:25:31.827+0700] {logging_mixin.py:190} INFO - [2024-12-23T06:25:31.826+0700] {dag.py:3239} INFO - Sync 1 DAGs
[2024-12-23T06:25:31.849+0700] {logging_mixin.py:190} INFO - [2024-12-23T06:25:31.848+0700] {dag.py:4180} INFO - Setting next_dagrun for example_short_circuit_decorator to None, run_after=None
[2024-12-23T06:25:31.927+0700] {processor.py:208} INFO - Processing /mnt/d/Project/airflow-news/venv/lib/python3.12/site-packages/airflow/example_dags/example_short_circuit_decorator.py took 0.251 seconds
[2024-12-23T06:26:20.279+0700] {processor.py:186} INFO - Started process (PID=7012) to work on /mnt/d/Project/airflow-news/venv/lib/python3.12/site-packages/airflow/example_dags/example_short_circuit_decorator.py
[2024-12-23T06:26:20.281+0700] {processor.py:914} INFO - Processing file /mnt/d/Project/airflow-news/venv/lib/python3.12/site-packages/airflow/example_dags/example_short_circuit_decorator.py for tasks to queue
[2024-12-23T06:26:20.286+0700] {logging_mixin.py:190} INFO - [2024-12-23T06:26:20.284+0700] {dagbag.py:588} INFO - Filling up the DagBag from /mnt/d/Project/airflow-news/venv/lib/python3.12/site-packages/airflow/example_dags/example_short_circuit_decorator.py
[2024-12-23T06:26:20.374+0700] {processor.py:925} INFO - DAG(s) 'example_short_circuit_decorator' retrieved from /mnt/d/Project/airflow-news/venv/lib/python3.12/site-packages/airflow/example_dags/example_short_circuit_decorator.py
[2024-12-23T06:26:20.411+0700] {logging_mixin.py:190} INFO - [2024-12-23T06:26:20.410+0700] {dag.py:3239} INFO - Sync 1 DAGs
[2024-12-23T06:26:20.434+0700] {logging_mixin.py:190} INFO - [2024-12-23T06:26:20.433+0700] {dag.py:4180} INFO - Setting next_dagrun for example_short_circuit_decorator to None, run_after=None
[2024-12-23T06:26:20.507+0700] {processor.py:208} INFO - Processing /mnt/d/Project/airflow-news/venv/lib/python3.12/site-packages/airflow/example_dags/example_short_circuit_decorator.py took 0.250 seconds
[2024-12-23T06:27:04.795+0700] {processor.py:186} INFO - Started process (PID=7145) to work on /mnt/d/Project/airflow-news/venv/lib/python3.12/site-packages/airflow/example_dags/example_short_circuit_decorator.py
[2024-12-23T06:27:04.797+0700] {processor.py:914} INFO - Processing file /mnt/d/Project/airflow-news/venv/lib/python3.12/site-packages/airflow/example_dags/example_short_circuit_decorator.py for tasks to queue
[2024-12-23T06:27:04.801+0700] {logging_mixin.py:190} INFO - [2024-12-23T06:27:04.800+0700] {dagbag.py:588} INFO - Filling up the DagBag from /mnt/d/Project/airflow-news/venv/lib/python3.12/site-packages/airflow/example_dags/example_short_circuit_decorator.py
[2024-12-23T06:27:04.889+0700] {processor.py:925} INFO - DAG(s) 'example_short_circuit_decorator' retrieved from /mnt/d/Project/airflow-news/venv/lib/python3.12/site-packages/airflow/example_dags/example_short_circuit_decorator.py
[2024-12-23T06:27:04.943+0700] {logging_mixin.py:190} INFO - [2024-12-23T06:27:04.941+0700] {dag.py:3239} INFO - Sync 1 DAGs
[2024-12-23T06:27:04.967+0700] {logging_mixin.py:190} INFO - [2024-12-23T06:27:04.965+0700] {dag.py:4180} INFO - Setting next_dagrun for example_short_circuit_decorator to None, run_after=None
[2024-12-23T06:27:05.043+0700] {processor.py:208} INFO - Processing /mnt/d/Project/airflow-news/venv/lib/python3.12/site-packages/airflow/example_dags/example_short_circuit_decorator.py took 0.263 seconds
[2024-12-23T06:28:07.064+0700] {processor.py:186} INFO - Started process (PID=7319) to work on /mnt/d/Project/airflow-news/venv/lib/python3.12/site-packages/airflow/example_dags/example_short_circuit_decorator.py
[2024-12-23T06:28:07.066+0700] {processor.py:914} INFO - Processing file /mnt/d/Project/airflow-news/venv/lib/python3.12/site-packages/airflow/example_dags/example_short_circuit_decorator.py for tasks to queue
[2024-12-23T06:28:07.071+0700] {logging_mixin.py:190} INFO - [2024-12-23T06:28:07.069+0700] {dagbag.py:588} INFO - Filling up the DagBag from /mnt/d/Project/airflow-news/venv/lib/python3.12/site-packages/airflow/example_dags/example_short_circuit_decorator.py
[2024-12-23T06:28:07.160+0700] {processor.py:925} INFO - DAG(s) 'example_short_circuit_decorator' retrieved from /mnt/d/Project/airflow-news/venv/lib/python3.12/site-packages/airflow/example_dags/example_short_circuit_decorator.py
[2024-12-23T06:28:07.199+0700] {logging_mixin.py:190} INFO - [2024-12-23T06:28:07.198+0700] {dag.py:3239} INFO - Sync 1 DAGs
[2024-12-23T06:28:07.221+0700] {logging_mixin.py:190} INFO - [2024-12-23T06:28:07.219+0700] {dag.py:4180} INFO - Setting next_dagrun for example_short_circuit_decorator to None, run_after=None
[2024-12-23T06:28:07.307+0700] {processor.py:208} INFO - Processing /mnt/d/Project/airflow-news/venv/lib/python3.12/site-packages/airflow/example_dags/example_short_circuit_decorator.py took 0.263 seconds
[2024-12-23T06:28:41.590+0700] {processor.py:186} INFO - Started process (PID=7427) to work on /mnt/d/Project/airflow-news/venv/lib/python3.12/site-packages/airflow/example_dags/example_short_circuit_decorator.py
[2024-12-23T06:28:41.592+0700] {processor.py:914} INFO - Processing file /mnt/d/Project/airflow-news/venv/lib/python3.12/site-packages/airflow/example_dags/example_short_circuit_decorator.py for tasks to queue
[2024-12-23T06:28:41.596+0700] {logging_mixin.py:190} INFO - [2024-12-23T06:28:41.595+0700] {dagbag.py:588} INFO - Filling up the DagBag from /mnt/d/Project/airflow-news/venv/lib/python3.12/site-packages/airflow/example_dags/example_short_circuit_decorator.py
[2024-12-23T06:28:41.683+0700] {processor.py:925} INFO - DAG(s) 'example_short_circuit_decorator' retrieved from /mnt/d/Project/airflow-news/venv/lib/python3.12/site-packages/airflow/example_dags/example_short_circuit_decorator.py
[2024-12-23T06:28:41.727+0700] {logging_mixin.py:190} INFO - [2024-12-23T06:28:41.725+0700] {dag.py:3239} INFO - Sync 1 DAGs
[2024-12-23T06:28:41.750+0700] {logging_mixin.py:190} INFO - [2024-12-23T06:28:41.748+0700] {dag.py:4180} INFO - Setting next_dagrun for example_short_circuit_decorator to None, run_after=None
[2024-12-23T06:28:41.825+0700] {processor.py:208} INFO - Processing /mnt/d/Project/airflow-news/venv/lib/python3.12/site-packages/airflow/example_dags/example_short_circuit_decorator.py took 0.250 seconds
[2024-12-23T06:29:53.749+0700] {processor.py:186} INFO - Started process (PID=7641) to work on /mnt/d/Project/airflow-news/venv/lib/python3.12/site-packages/airflow/example_dags/example_short_circuit_decorator.py
[2024-12-23T06:29:53.751+0700] {processor.py:914} INFO - Processing file /mnt/d/Project/airflow-news/venv/lib/python3.12/site-packages/airflow/example_dags/example_short_circuit_decorator.py for tasks to queue
[2024-12-23T06:29:53.756+0700] {logging_mixin.py:190} INFO - [2024-12-23T06:29:53.755+0700] {dagbag.py:588} INFO - Filling up the DagBag from /mnt/d/Project/airflow-news/venv/lib/python3.12/site-packages/airflow/example_dags/example_short_circuit_decorator.py
[2024-12-23T06:29:53.847+0700] {processor.py:925} INFO - DAG(s) 'example_short_circuit_decorator' retrieved from /mnt/d/Project/airflow-news/venv/lib/python3.12/site-packages/airflow/example_dags/example_short_circuit_decorator.py
[2024-12-23T06:29:53.885+0700] {logging_mixin.py:190} INFO - [2024-12-23T06:29:53.884+0700] {dag.py:3239} INFO - Sync 1 DAGs
[2024-12-23T06:29:53.906+0700] {logging_mixin.py:190} INFO - [2024-12-23T06:29:53.904+0700] {dag.py:4180} INFO - Setting next_dagrun for example_short_circuit_decorator to None, run_after=None
[2024-12-23T06:29:53.974+0700] {processor.py:208} INFO - Processing /mnt/d/Project/airflow-news/venv/lib/python3.12/site-packages/airflow/example_dags/example_short_circuit_decorator.py took 0.245 seconds
[2024-12-23T06:30:09.790+0700] {processor.py:186} INFO - Started process (PID=7687) to work on /mnt/d/Project/airflow-news/venv/lib/python3.12/site-packages/airflow/example_dags/example_short_circuit_decorator.py
[2024-12-23T06:30:09.792+0700] {processor.py:914} INFO - Processing file /mnt/d/Project/airflow-news/venv/lib/python3.12/site-packages/airflow/example_dags/example_short_circuit_decorator.py for tasks to queue
[2024-12-23T06:30:09.798+0700] {logging_mixin.py:190} INFO - [2024-12-23T06:30:09.796+0700] {dagbag.py:588} INFO - Filling up the DagBag from /mnt/d/Project/airflow-news/venv/lib/python3.12/site-packages/airflow/example_dags/example_short_circuit_decorator.py
[2024-12-23T06:30:09.904+0700] {processor.py:925} INFO - DAG(s) 'example_short_circuit_decorator' retrieved from /mnt/d/Project/airflow-news/venv/lib/python3.12/site-packages/airflow/example_dags/example_short_circuit_decorator.py
[2024-12-23T06:30:09.947+0700] {logging_mixin.py:190} INFO - [2024-12-23T06:30:09.945+0700] {dag.py:3239} INFO - Sync 1 DAGs
[2024-12-23T06:30:09.972+0700] {logging_mixin.py:190} INFO - [2024-12-23T06:30:09.971+0700] {dag.py:4180} INFO - Setting next_dagrun for example_short_circuit_decorator to None, run_after=None
[2024-12-23T06:30:10.048+0700] {processor.py:208} INFO - Processing /mnt/d/Project/airflow-news/venv/lib/python3.12/site-packages/airflow/example_dags/example_short_circuit_decorator.py took 0.273 seconds
[2024-12-23T06:31:37.935+0700] {processor.py:186} INFO - Started process (PID=7945) to work on /mnt/d/Project/airflow-news/venv/lib/python3.12/site-packages/airflow/example_dags/example_short_circuit_decorator.py
[2024-12-23T06:31:37.938+0700] {processor.py:914} INFO - Processing file /mnt/d/Project/airflow-news/venv/lib/python3.12/site-packages/airflow/example_dags/example_short_circuit_decorator.py for tasks to queue
[2024-12-23T06:31:37.942+0700] {logging_mixin.py:190} INFO - [2024-12-23T06:31:37.941+0700] {dagbag.py:588} INFO - Filling up the DagBag from /mnt/d/Project/airflow-news/venv/lib/python3.12/site-packages/airflow/example_dags/example_short_circuit_decorator.py
[2024-12-23T06:31:38.028+0700] {processor.py:925} INFO - DAG(s) 'example_short_circuit_decorator' retrieved from /mnt/d/Project/airflow-news/venv/lib/python3.12/site-packages/airflow/example_dags/example_short_circuit_decorator.py
[2024-12-23T06:31:38.068+0700] {logging_mixin.py:190} INFO - [2024-12-23T06:31:38.066+0700] {dag.py:3239} INFO - Sync 1 DAGs
[2024-12-23T06:31:38.087+0700] {logging_mixin.py:190} INFO - [2024-12-23T06:31:38.085+0700] {dag.py:4180} INFO - Setting next_dagrun for example_short_circuit_decorator to None, run_after=None
[2024-12-23T06:31:38.158+0700] {processor.py:208} INFO - Processing /mnt/d/Project/airflow-news/venv/lib/python3.12/site-packages/airflow/example_dags/example_short_circuit_decorator.py took 0.248 seconds
[2024-12-23T06:31:41.064+0700] {processor.py:186} INFO - Started process (PID=7952) to work on /mnt/d/Project/airflow-news/venv/lib/python3.12/site-packages/airflow/example_dags/example_short_circuit_decorator.py
[2024-12-23T06:31:41.066+0700] {processor.py:914} INFO - Processing file /mnt/d/Project/airflow-news/venv/lib/python3.12/site-packages/airflow/example_dags/example_short_circuit_decorator.py for tasks to queue
[2024-12-23T06:31:41.071+0700] {logging_mixin.py:190} INFO - [2024-12-23T06:31:41.069+0700] {dagbag.py:588} INFO - Filling up the DagBag from /mnt/d/Project/airflow-news/venv/lib/python3.12/site-packages/airflow/example_dags/example_short_circuit_decorator.py
[2024-12-23T06:31:41.155+0700] {processor.py:925} INFO - DAG(s) 'example_short_circuit_decorator' retrieved from /mnt/d/Project/airflow-news/venv/lib/python3.12/site-packages/airflow/example_dags/example_short_circuit_decorator.py
[2024-12-23T06:31:41.196+0700] {logging_mixin.py:190} INFO - [2024-12-23T06:31:41.195+0700] {dag.py:3239} INFO - Sync 1 DAGs
[2024-12-23T06:31:41.221+0700] {logging_mixin.py:190} INFO - [2024-12-23T06:31:41.219+0700] {dag.py:4180} INFO - Setting next_dagrun for example_short_circuit_decorator to None, run_after=None
[2024-12-23T06:31:41.298+0700] {processor.py:208} INFO - Processing /mnt/d/Project/airflow-news/venv/lib/python3.12/site-packages/airflow/example_dags/example_short_circuit_decorator.py took 0.249 seconds
[2024-12-23T06:33:16.434+0700] {processor.py:186} INFO - Started process (PID=8251) to work on /mnt/d/Project/airflow-news/venv/lib/python3.12/site-packages/airflow/example_dags/example_short_circuit_decorator.py
[2024-12-23T06:33:16.436+0700] {processor.py:914} INFO - Processing file /mnt/d/Project/airflow-news/venv/lib/python3.12/site-packages/airflow/example_dags/example_short_circuit_decorator.py for tasks to queue
[2024-12-23T06:33:16.443+0700] {logging_mixin.py:190} INFO - [2024-12-23T06:33:16.441+0700] {dagbag.py:588} INFO - Filling up the DagBag from /mnt/d/Project/airflow-news/venv/lib/python3.12/site-packages/airflow/example_dags/example_short_circuit_decorator.py
[2024-12-23T06:33:16.552+0700] {processor.py:925} INFO - DAG(s) 'example_short_circuit_decorator' retrieved from /mnt/d/Project/airflow-news/venv/lib/python3.12/site-packages/airflow/example_dags/example_short_circuit_decorator.py
[2024-12-23T06:33:16.596+0700] {logging_mixin.py:190} INFO - [2024-12-23T06:33:16.595+0700] {dag.py:3239} INFO - Sync 1 DAGs
[2024-12-23T06:33:16.621+0700] {logging_mixin.py:190} INFO - [2024-12-23T06:33:16.619+0700] {dag.py:4180} INFO - Setting next_dagrun for example_short_circuit_decorator to None, run_after=None
[2024-12-23T06:33:16.704+0700] {processor.py:208} INFO - Processing /mnt/d/Project/airflow-news/venv/lib/python3.12/site-packages/airflow/example_dags/example_short_circuit_decorator.py took 0.290 seconds
[2024-12-23T06:33:32.807+0700] {processor.py:186} INFO - Started process (PID=8296) to work on /mnt/d/Project/airflow-news/venv/lib/python3.12/site-packages/airflow/example_dags/example_short_circuit_decorator.py
[2024-12-23T06:33:32.810+0700] {processor.py:914} INFO - Processing file /mnt/d/Project/airflow-news/venv/lib/python3.12/site-packages/airflow/example_dags/example_short_circuit_decorator.py for tasks to queue
[2024-12-23T06:33:32.814+0700] {logging_mixin.py:190} INFO - [2024-12-23T06:33:32.813+0700] {dagbag.py:588} INFO - Filling up the DagBag from /mnt/d/Project/airflow-news/venv/lib/python3.12/site-packages/airflow/example_dags/example_short_circuit_decorator.py
[2024-12-23T06:33:32.907+0700] {processor.py:925} INFO - DAG(s) 'example_short_circuit_decorator' retrieved from /mnt/d/Project/airflow-news/venv/lib/python3.12/site-packages/airflow/example_dags/example_short_circuit_decorator.py
[2024-12-23T06:33:32.944+0700] {logging_mixin.py:190} INFO - [2024-12-23T06:33:32.942+0700] {dag.py:3239} INFO - Sync 1 DAGs
[2024-12-23T06:33:32.965+0700] {logging_mixin.py:190} INFO - [2024-12-23T06:33:32.963+0700] {dag.py:4180} INFO - Setting next_dagrun for example_short_circuit_decorator to None, run_after=None
[2024-12-23T06:33:33.043+0700] {processor.py:208} INFO - Processing /mnt/d/Project/airflow-news/venv/lib/python3.12/site-packages/airflow/example_dags/example_short_circuit_decorator.py took 0.257 seconds
[2024-12-23T06:34:54.367+0700] {processor.py:186} INFO - Started process (PID=8522) to work on /mnt/d/Project/airflow-news/venv/lib/python3.12/site-packages/airflow/example_dags/example_short_circuit_decorator.py
[2024-12-23T06:34:54.369+0700] {processor.py:914} INFO - Processing file /mnt/d/Project/airflow-news/venv/lib/python3.12/site-packages/airflow/example_dags/example_short_circuit_decorator.py for tasks to queue
[2024-12-23T06:34:54.374+0700] {logging_mixin.py:190} INFO - [2024-12-23T06:34:54.372+0700] {dagbag.py:588} INFO - Filling up the DagBag from /mnt/d/Project/airflow-news/venv/lib/python3.12/site-packages/airflow/example_dags/example_short_circuit_decorator.py
[2024-12-23T06:34:54.486+0700] {processor.py:925} INFO - DAG(s) 'example_short_circuit_decorator' retrieved from /mnt/d/Project/airflow-news/venv/lib/python3.12/site-packages/airflow/example_dags/example_short_circuit_decorator.py
[2024-12-23T06:34:54.539+0700] {logging_mixin.py:190} INFO - [2024-12-23T06:34:54.537+0700] {dag.py:3239} INFO - Sync 1 DAGs
[2024-12-23T06:34:54.567+0700] {logging_mixin.py:190} INFO - [2024-12-23T06:34:54.564+0700] {dag.py:4180} INFO - Setting next_dagrun for example_short_circuit_decorator to None, run_after=None
[2024-12-23T06:34:54.671+0700] {processor.py:208} INFO - Processing /mnt/d/Project/airflow-news/venv/lib/python3.12/site-packages/airflow/example_dags/example_short_circuit_decorator.py took 0.321 seconds
[2024-12-23T06:36:21.407+0700] {processor.py:186} INFO - Started process (PID=8797) to work on /mnt/d/Project/airflow-news/venv/lib/python3.12/site-packages/airflow/example_dags/example_short_circuit_decorator.py
[2024-12-23T06:36:21.409+0700] {processor.py:914} INFO - Processing file /mnt/d/Project/airflow-news/venv/lib/python3.12/site-packages/airflow/example_dags/example_short_circuit_decorator.py for tasks to queue
[2024-12-23T06:36:21.414+0700] {logging_mixin.py:190} INFO - [2024-12-23T06:36:21.413+0700] {dagbag.py:588} INFO - Filling up the DagBag from /mnt/d/Project/airflow-news/venv/lib/python3.12/site-packages/airflow/example_dags/example_short_circuit_decorator.py
[2024-12-23T06:36:21.503+0700] {processor.py:925} INFO - DAG(s) 'example_short_circuit_decorator' retrieved from /mnt/d/Project/airflow-news/venv/lib/python3.12/site-packages/airflow/example_dags/example_short_circuit_decorator.py
[2024-12-23T06:36:21.545+0700] {logging_mixin.py:190} INFO - [2024-12-23T06:36:21.544+0700] {dag.py:3239} INFO - Sync 1 DAGs
[2024-12-23T06:36:21.568+0700] {logging_mixin.py:190} INFO - [2024-12-23T06:36:21.567+0700] {dag.py:4180} INFO - Setting next_dagrun for example_short_circuit_decorator to None, run_after=None
[2024-12-23T06:36:21.654+0700] {processor.py:208} INFO - Processing /mnt/d/Project/airflow-news/venv/lib/python3.12/site-packages/airflow/example_dags/example_short_circuit_decorator.py took 0.266 seconds
[2024-12-23T06:36:41.972+0700] {processor.py:186} INFO - Started process (PID=8855) to work on /mnt/d/Project/airflow-news/venv/lib/python3.12/site-packages/airflow/example_dags/example_short_circuit_decorator.py
[2024-12-23T06:36:41.974+0700] {processor.py:914} INFO - Processing file /mnt/d/Project/airflow-news/venv/lib/python3.12/site-packages/airflow/example_dags/example_short_circuit_decorator.py for tasks to queue
[2024-12-23T06:36:41.978+0700] {logging_mixin.py:190} INFO - [2024-12-23T06:36:41.976+0700] {dagbag.py:588} INFO - Filling up the DagBag from /mnt/d/Project/airflow-news/venv/lib/python3.12/site-packages/airflow/example_dags/example_short_circuit_decorator.py
[2024-12-23T06:36:42.076+0700] {processor.py:925} INFO - DAG(s) 'example_short_circuit_decorator' retrieved from /mnt/d/Project/airflow-news/venv/lib/python3.12/site-packages/airflow/example_dags/example_short_circuit_decorator.py
[2024-12-23T06:36:42.123+0700] {logging_mixin.py:190} INFO - [2024-12-23T06:36:42.121+0700] {dag.py:3239} INFO - Sync 1 DAGs
[2024-12-23T06:36:42.146+0700] {logging_mixin.py:190} INFO - [2024-12-23T06:36:42.144+0700] {dag.py:4180} INFO - Setting next_dagrun for example_short_circuit_decorator to None, run_after=None
[2024-12-23T06:36:42.222+0700] {processor.py:208} INFO - Processing /mnt/d/Project/airflow-news/venv/lib/python3.12/site-packages/airflow/example_dags/example_short_circuit_decorator.py took 0.266 seconds
[2024-12-23T06:37:48.584+0700] {processor.py:186} INFO - Started process (PID=9079) to work on /mnt/d/Project/airflow-news/venv/lib/python3.12/site-packages/airflow/example_dags/example_short_circuit_decorator.py
[2024-12-23T06:37:48.586+0700] {processor.py:914} INFO - Processing file /mnt/d/Project/airflow-news/venv/lib/python3.12/site-packages/airflow/example_dags/example_short_circuit_decorator.py for tasks to queue
[2024-12-23T06:37:48.592+0700] {logging_mixin.py:190} INFO - [2024-12-23T06:37:48.590+0700] {dagbag.py:588} INFO - Filling up the DagBag from /mnt/d/Project/airflow-news/venv/lib/python3.12/site-packages/airflow/example_dags/example_short_circuit_decorator.py
[2024-12-23T06:37:48.693+0700] {processor.py:925} INFO - DAG(s) 'example_short_circuit_decorator' retrieved from /mnt/d/Project/airflow-news/venv/lib/python3.12/site-packages/airflow/example_dags/example_short_circuit_decorator.py
[2024-12-23T06:37:48.747+0700] {logging_mixin.py:190} INFO - [2024-12-23T06:37:48.746+0700] {dag.py:3239} INFO - Sync 1 DAGs
[2024-12-23T06:37:48.778+0700] {logging_mixin.py:190} INFO - [2024-12-23T06:37:48.776+0700] {dag.py:4180} INFO - Setting next_dagrun for example_short_circuit_decorator to None, run_after=None
[2024-12-23T06:37:48.868+0700] {processor.py:208} INFO - Processing /mnt/d/Project/airflow-news/venv/lib/python3.12/site-packages/airflow/example_dags/example_short_circuit_decorator.py took 0.303 seconds
[2024-12-23T06:37:57.911+0700] {processor.py:186} INFO - Started process (PID=9126) to work on /mnt/d/Project/airflow-news/venv/lib/python3.12/site-packages/airflow/example_dags/example_short_circuit_decorator.py
[2024-12-23T06:37:57.913+0700] {processor.py:914} INFO - Processing file /mnt/d/Project/airflow-news/venv/lib/python3.12/site-packages/airflow/example_dags/example_short_circuit_decorator.py for tasks to queue
[2024-12-23T06:37:57.921+0700] {logging_mixin.py:190} INFO - [2024-12-23T06:37:57.919+0700] {dagbag.py:588} INFO - Filling up the DagBag from /mnt/d/Project/airflow-news/venv/lib/python3.12/site-packages/airflow/example_dags/example_short_circuit_decorator.py
[2024-12-23T06:37:57.977+0700] {processor.py:925} INFO - DAG(s) 'example_short_circuit_decorator' retrieved from /mnt/d/Project/airflow-news/venv/lib/python3.12/site-packages/airflow/example_dags/example_short_circuit_decorator.py
[2024-12-23T06:37:58.022+0700] {logging_mixin.py:190} INFO - [2024-12-23T06:37:58.021+0700] {dag.py:3239} INFO - Sync 1 DAGs
[2024-12-23T06:37:58.045+0700] {logging_mixin.py:190} INFO - [2024-12-23T06:37:58.043+0700] {dag.py:4180} INFO - Setting next_dagrun for example_short_circuit_decorator to None, run_after=None
[2024-12-23T06:37:58.126+0700] {processor.py:208} INFO - Processing /mnt/d/Project/airflow-news/venv/lib/python3.12/site-packages/airflow/example_dags/example_short_circuit_decorator.py took 0.232 seconds
[2024-12-23T06:39:48.283+0700] {processor.py:186} INFO - Started process (PID=9453) to work on /mnt/d/Project/airflow-news/venv/lib/python3.12/site-packages/airflow/example_dags/example_short_circuit_decorator.py
[2024-12-23T06:39:48.286+0700] {processor.py:914} INFO - Processing file /mnt/d/Project/airflow-news/venv/lib/python3.12/site-packages/airflow/example_dags/example_short_circuit_decorator.py for tasks to queue
[2024-12-23T06:39:48.292+0700] {logging_mixin.py:190} INFO - [2024-12-23T06:39:48.290+0700] {dagbag.py:588} INFO - Filling up the DagBag from /mnt/d/Project/airflow-news/venv/lib/python3.12/site-packages/airflow/example_dags/example_short_circuit_decorator.py
[2024-12-23T06:39:48.402+0700] {processor.py:925} INFO - DAG(s) 'example_short_circuit_decorator' retrieved from /mnt/d/Project/airflow-news/venv/lib/python3.12/site-packages/airflow/example_dags/example_short_circuit_decorator.py
[2024-12-23T06:39:48.445+0700] {logging_mixin.py:190} INFO - [2024-12-23T06:39:48.444+0700] {dag.py:3239} INFO - Sync 1 DAGs
[2024-12-23T06:39:48.464+0700] {logging_mixin.py:190} INFO - [2024-12-23T06:39:48.463+0700] {dag.py:4180} INFO - Setting next_dagrun for example_short_circuit_decorator to None, run_after=None
[2024-12-23T06:39:48.550+0700] {processor.py:208} INFO - Processing /mnt/d/Project/airflow-news/venv/lib/python3.12/site-packages/airflow/example_dags/example_short_circuit_decorator.py took 0.289 seconds
[2024-12-23T06:41:47.523+0700] {processor.py:186} INFO - Started process (PID=9735) to work on /mnt/d/Project/airflow-news/venv/lib/python3.12/site-packages/airflow/example_dags/example_short_circuit_decorator.py
[2024-12-23T06:41:47.525+0700] {processor.py:914} INFO - Processing file /mnt/d/Project/airflow-news/venv/lib/python3.12/site-packages/airflow/example_dags/example_short_circuit_decorator.py for tasks to queue
[2024-12-23T06:41:47.531+0700] {logging_mixin.py:190} INFO - [2024-12-23T06:41:47.529+0700] {dagbag.py:588} INFO - Filling up the DagBag from /mnt/d/Project/airflow-news/venv/lib/python3.12/site-packages/airflow/example_dags/example_short_circuit_decorator.py
[2024-12-23T06:41:47.620+0700] {processor.py:925} INFO - DAG(s) 'example_short_circuit_decorator' retrieved from /mnt/d/Project/airflow-news/venv/lib/python3.12/site-packages/airflow/example_dags/example_short_circuit_decorator.py
[2024-12-23T06:41:47.666+0700] {logging_mixin.py:190} INFO - [2024-12-23T06:41:47.665+0700] {dag.py:3239} INFO - Sync 1 DAGs
[2024-12-23T06:41:47.689+0700] {logging_mixin.py:190} INFO - [2024-12-23T06:41:47.687+0700] {dag.py:4180} INFO - Setting next_dagrun for example_short_circuit_decorator to None, run_after=None
[2024-12-23T06:41:47.763+0700] {processor.py:208} INFO - Processing /mnt/d/Project/airflow-news/venv/lib/python3.12/site-packages/airflow/example_dags/example_short_circuit_decorator.py took 0.264 seconds
[2024-12-23T06:43:47.535+0700] {processor.py:186} INFO - Started process (PID=10115) to work on /mnt/d/Project/airflow-news/venv/lib/python3.12/site-packages/airflow/example_dags/example_short_circuit_decorator.py
[2024-12-23T06:43:47.537+0700] {processor.py:914} INFO - Processing file /mnt/d/Project/airflow-news/venv/lib/python3.12/site-packages/airflow/example_dags/example_short_circuit_decorator.py for tasks to queue
[2024-12-23T06:43:47.542+0700] {logging_mixin.py:190} INFO - [2024-12-23T06:43:47.540+0700] {dagbag.py:588} INFO - Filling up the DagBag from /mnt/d/Project/airflow-news/venv/lib/python3.12/site-packages/airflow/example_dags/example_short_circuit_decorator.py
[2024-12-23T06:43:47.635+0700] {processor.py:925} INFO - DAG(s) 'example_short_circuit_decorator' retrieved from /mnt/d/Project/airflow-news/venv/lib/python3.12/site-packages/airflow/example_dags/example_short_circuit_decorator.py
[2024-12-23T06:43:47.690+0700] {logging_mixin.py:190} INFO - [2024-12-23T06:43:47.689+0700] {dag.py:3239} INFO - Sync 1 DAGs
[2024-12-23T06:43:47.713+0700] {logging_mixin.py:190} INFO - [2024-12-23T06:43:47.712+0700] {dag.py:4180} INFO - Setting next_dagrun for example_short_circuit_decorator to None, run_after=None
[2024-12-23T06:43:47.790+0700] {processor.py:208} INFO - Processing /mnt/d/Project/airflow-news/venv/lib/python3.12/site-packages/airflow/example_dags/example_short_circuit_decorator.py took 0.276 seconds
[2024-12-23T06:45:44.800+0700] {processor.py:186} INFO - Started process (PID=10433) to work on /mnt/d/Project/airflow-news/venv/lib/python3.12/site-packages/airflow/example_dags/example_short_circuit_decorator.py
[2024-12-23T06:45:44.802+0700] {processor.py:914} INFO - Processing file /mnt/d/Project/airflow-news/venv/lib/python3.12/site-packages/airflow/example_dags/example_short_circuit_decorator.py for tasks to queue
[2024-12-23T06:45:44.808+0700] {logging_mixin.py:190} INFO - [2024-12-23T06:45:44.807+0700] {dagbag.py:588} INFO - Filling up the DagBag from /mnt/d/Project/airflow-news/venv/lib/python3.12/site-packages/airflow/example_dags/example_short_circuit_decorator.py
[2024-12-23T06:45:44.898+0700] {processor.py:925} INFO - DAG(s) 'example_short_circuit_decorator' retrieved from /mnt/d/Project/airflow-news/venv/lib/python3.12/site-packages/airflow/example_dags/example_short_circuit_decorator.py
[2024-12-23T06:45:44.937+0700] {logging_mixin.py:190} INFO - [2024-12-23T06:45:44.936+0700] {dag.py:3239} INFO - Sync 1 DAGs
[2024-12-23T06:45:44.956+0700] {logging_mixin.py:190} INFO - [2024-12-23T06:45:44.955+0700] {dag.py:4180} INFO - Setting next_dagrun for example_short_circuit_decorator to None, run_after=None
[2024-12-23T06:45:45.028+0700] {processor.py:208} INFO - Processing /mnt/d/Project/airflow-news/venv/lib/python3.12/site-packages/airflow/example_dags/example_short_circuit_decorator.py took 0.251 seconds
