[2024-12-23T05:44:39.597+0700] {processor.py:186} INFO - Started process (PID=1358) to work on /mnt/d/Project/airflow-news/venv/lib/python3.12/site-packages/airflow/example_dags/example_trigger_controller_dag.py
[2024-12-23T05:44:39.599+0700] {processor.py:914} INFO - Processing file /mnt/d/Project/airflow-news/venv/lib/python3.12/site-packages/airflow/example_dags/example_trigger_controller_dag.py for tasks to queue
[2024-12-23T05:44:39.604+0700] {logging_mixin.py:190} INFO - [2024-12-23T05:44:39.603+0700] {dagbag.py:588} INFO - Filling up the DagBag from /mnt/d/Project/airflow-news/venv/lib/python3.12/site-packages/airflow/example_dags/example_trigger_controller_dag.py
[2024-12-23T05:44:39.705+0700] {processor.py:925} INFO - DAG(s) 'example_trigger_controller_dag' retrieved from /mnt/d/Project/airflow-news/venv/lib/python3.12/site-packages/airflow/example_dags/example_trigger_controller_dag.py
[2024-12-23T05:44:41.402+0700] {logging_mixin.py:190} INFO - [2024-12-23T05:44:41.400+0700] {override.py:1911} INFO - Created Permission View: can edit on DAG:example_trigger_controller_dag
[2024-12-23T05:44:41.453+0700] {logging_mixin.py:190} INFO - [2024-12-23T05:44:41.451+0700] {override.py:1911} INFO - Created Permission View: can read on DAG:example_trigger_controller_dag
[2024-12-23T05:44:41.500+0700] {logging_mixin.py:190} INFO - [2024-12-23T05:44:41.499+0700] {override.py:1911} INFO - Created Permission View: can delete on DAG:example_trigger_controller_dag
[2024-12-23T05:44:41.571+0700] {logging_mixin.py:190} INFO - [2024-12-23T05:44:41.570+0700] {override.py:1911} INFO - Created Permission View: can read on DAG Run:example_trigger_controller_dag
[2024-12-23T05:44:41.619+0700] {logging_mixin.py:190} INFO - [2024-12-23T05:44:41.618+0700] {override.py:1911} INFO - Created Permission View: can delete on DAG Run:example_trigger_controller_dag
[2024-12-23T05:44:41.667+0700] {logging_mixin.py:190} INFO - [2024-12-23T05:44:41.666+0700] {override.py:1911} INFO - Created Permission View: menu access on DAG Run:example_trigger_controller_dag
[2024-12-23T05:44:41.713+0700] {logging_mixin.py:190} INFO - [2024-12-23T05:44:41.712+0700] {override.py:1911} INFO - Created Permission View: can create on DAG Run:example_trigger_controller_dag
[2024-12-23T05:44:41.717+0700] {logging_mixin.py:190} INFO - [2024-12-23T05:44:41.715+0700] {dag.py:3239} INFO - Sync 1 DAGs
[2024-12-23T05:44:41.746+0700] {logging_mixin.py:190} INFO - [2024-12-23T05:44:41.744+0700] {dag.py:3262} INFO - Creating ORM DAG for example_trigger_controller_dag
[2024-12-23T05:44:41.761+0700] {logging_mixin.py:190} INFO - [2024-12-23T05:44:41.760+0700] {dag.py:4180} INFO - Setting next_dagrun for example_trigger_controller_dag to 2021-01-01 00:00:00+00:00, run_after=2021-01-01 00:00:00+00:00
[2024-12-23T05:44:41.841+0700] {processor.py:208} INFO - Processing /mnt/d/Project/airflow-news/venv/lib/python3.12/site-packages/airflow/example_dags/example_trigger_controller_dag.py took 2.261 seconds
[2024-12-23T05:52:24.221+0700] {processor.py:186} INFO - Started process (PID=1679) to work on /mnt/d/Project/airflow-news/venv/lib/python3.12/site-packages/airflow/example_dags/example_trigger_controller_dag.py
[2024-12-23T05:52:24.224+0700] {processor.py:914} INFO - Processing file /mnt/d/Project/airflow-news/venv/lib/python3.12/site-packages/airflow/example_dags/example_trigger_controller_dag.py for tasks to queue
[2024-12-23T05:52:24.229+0700] {logging_mixin.py:190} INFO - [2024-12-23T05:52:24.227+0700] {dagbag.py:588} INFO - Filling up the DagBag from /mnt/d/Project/airflow-news/venv/lib/python3.12/site-packages/airflow/example_dags/example_trigger_controller_dag.py
[2024-12-23T05:52:24.320+0700] {processor.py:925} INFO - DAG(s) 'example_trigger_controller_dag' retrieved from /mnt/d/Project/airflow-news/venv/lib/python3.12/site-packages/airflow/example_dags/example_trigger_controller_dag.py
[2024-12-23T05:52:26.088+0700] {logging_mixin.py:190} INFO - [2024-12-23T05:52:26.086+0700] {dag.py:3239} INFO - Sync 1 DAGs
[2024-12-23T05:52:26.129+0700] {logging_mixin.py:190} INFO - [2024-12-23T05:52:26.127+0700] {dag.py:4180} INFO - Setting next_dagrun for example_trigger_controller_dag to 2021-01-01 00:00:00+00:00, run_after=2021-01-01 00:00:00+00:00
[2024-12-23T05:52:26.211+0700] {processor.py:208} INFO - Processing /mnt/d/Project/airflow-news/venv/lib/python3.12/site-packages/airflow/example_dags/example_trigger_controller_dag.py took 2.005 seconds
[2024-12-23T05:53:19.104+0700] {processor.py:186} INFO - Started process (PID=1769) to work on /mnt/d/Project/airflow-news/venv/lib/python3.12/site-packages/airflow/example_dags/example_trigger_controller_dag.py
[2024-12-23T05:53:19.107+0700] {processor.py:914} INFO - Processing file /mnt/d/Project/airflow-news/venv/lib/python3.12/site-packages/airflow/example_dags/example_trigger_controller_dag.py for tasks to queue
[2024-12-23T05:53:19.113+0700] {logging_mixin.py:190} INFO - [2024-12-23T05:53:19.112+0700] {dagbag.py:588} INFO - Filling up the DagBag from /mnt/d/Project/airflow-news/venv/lib/python3.12/site-packages/airflow/example_dags/example_trigger_controller_dag.py
[2024-12-23T05:53:19.233+0700] {processor.py:925} INFO - DAG(s) 'example_trigger_controller_dag' retrieved from /mnt/d/Project/airflow-news/venv/lib/python3.12/site-packages/airflow/example_dags/example_trigger_controller_dag.py
[2024-12-23T05:53:19.293+0700] {logging_mixin.py:190} INFO - [2024-12-23T05:53:19.291+0700] {dag.py:3239} INFO - Sync 1 DAGs
[2024-12-23T05:53:19.335+0700] {logging_mixin.py:190} INFO - [2024-12-23T05:53:19.333+0700] {dag.py:4180} INFO - Setting next_dagrun for example_trigger_controller_dag to 2021-01-01 00:00:00+00:00, run_after=2021-01-01 00:00:00+00:00
[2024-12-23T05:53:19.434+0700] {processor.py:208} INFO - Processing /mnt/d/Project/airflow-news/venv/lib/python3.12/site-packages/airflow/example_dags/example_trigger_controller_dag.py took 0.348 seconds
[2024-12-23T05:55:02.466+0700] {processor.py:186} INFO - Started process (PID=2064) to work on /mnt/d/Project/airflow-news/venv/lib/python3.12/site-packages/airflow/example_dags/example_trigger_controller_dag.py
[2024-12-23T05:55:02.468+0700] {processor.py:914} INFO - Processing file /mnt/d/Project/airflow-news/venv/lib/python3.12/site-packages/airflow/example_dags/example_trigger_controller_dag.py for tasks to queue
[2024-12-23T05:55:02.472+0700] {logging_mixin.py:190} INFO - [2024-12-23T05:55:02.471+0700] {dagbag.py:588} INFO - Filling up the DagBag from /mnt/d/Project/airflow-news/venv/lib/python3.12/site-packages/airflow/example_dags/example_trigger_controller_dag.py
[2024-12-23T05:55:02.556+0700] {processor.py:925} INFO - DAG(s) 'example_trigger_controller_dag' retrieved from /mnt/d/Project/airflow-news/venv/lib/python3.12/site-packages/airflow/example_dags/example_trigger_controller_dag.py
[2024-12-23T05:55:02.594+0700] {logging_mixin.py:190} INFO - [2024-12-23T05:55:02.592+0700] {dag.py:3239} INFO - Sync 1 DAGs
[2024-12-23T05:55:02.625+0700] {logging_mixin.py:190} INFO - [2024-12-23T05:55:02.624+0700] {dag.py:4180} INFO - Setting next_dagrun for example_trigger_controller_dag to 2021-01-01 00:00:00+00:00, run_after=2021-01-01 00:00:00+00:00
[2024-12-23T05:55:02.698+0700] {processor.py:208} INFO - Processing /mnt/d/Project/airflow-news/venv/lib/python3.12/site-packages/airflow/example_dags/example_trigger_controller_dag.py took 0.247 seconds
[2024-12-23T05:56:03.878+0700] {processor.py:186} INFO - Started process (PID=2208) to work on /mnt/d/Project/airflow-news/venv/lib/python3.12/site-packages/airflow/example_dags/example_trigger_controller_dag.py
[2024-12-23T05:56:03.880+0700] {processor.py:914} INFO - Processing file /mnt/d/Project/airflow-news/venv/lib/python3.12/site-packages/airflow/example_dags/example_trigger_controller_dag.py for tasks to queue
[2024-12-23T05:56:03.885+0700] {logging_mixin.py:190} INFO - [2024-12-23T05:56:03.884+0700] {dagbag.py:588} INFO - Filling up the DagBag from /mnt/d/Project/airflow-news/venv/lib/python3.12/site-packages/airflow/example_dags/example_trigger_controller_dag.py
[2024-12-23T05:56:03.968+0700] {processor.py:925} INFO - DAG(s) 'example_trigger_controller_dag' retrieved from /mnt/d/Project/airflow-news/venv/lib/python3.12/site-packages/airflow/example_dags/example_trigger_controller_dag.py
[2024-12-23T05:56:04.000+0700] {logging_mixin.py:190} INFO - [2024-12-23T05:56:03.999+0700] {dag.py:3239} INFO - Sync 1 DAGs
[2024-12-23T05:56:04.030+0700] {logging_mixin.py:190} INFO - [2024-12-23T05:56:04.028+0700] {dag.py:4180} INFO - Setting next_dagrun for example_trigger_controller_dag to 2021-01-01 00:00:00+00:00, run_after=2021-01-01 00:00:00+00:00
[2024-12-23T05:56:04.105+0700] {processor.py:208} INFO - Processing /mnt/d/Project/airflow-news/venv/lib/python3.12/site-packages/airflow/example_dags/example_trigger_controller_dag.py took 0.241 seconds
[2024-12-23T05:57:37.396+0700] {processor.py:186} INFO - Started process (PID=2403) to work on /mnt/d/Project/airflow-news/venv/lib/python3.12/site-packages/airflow/example_dags/example_trigger_controller_dag.py
[2024-12-23T05:57:37.399+0700] {processor.py:914} INFO - Processing file /mnt/d/Project/airflow-news/venv/lib/python3.12/site-packages/airflow/example_dags/example_trigger_controller_dag.py for tasks to queue
[2024-12-23T05:57:37.403+0700] {logging_mixin.py:190} INFO - [2024-12-23T05:57:37.401+0700] {dagbag.py:588} INFO - Filling up the DagBag from /mnt/d/Project/airflow-news/venv/lib/python3.12/site-packages/airflow/example_dags/example_trigger_controller_dag.py
[2024-12-23T05:57:37.484+0700] {processor.py:925} INFO - DAG(s) 'example_trigger_controller_dag' retrieved from /mnt/d/Project/airflow-news/venv/lib/python3.12/site-packages/airflow/example_dags/example_trigger_controller_dag.py
[2024-12-23T05:57:37.517+0700] {logging_mixin.py:190} INFO - [2024-12-23T05:57:37.516+0700] {dag.py:3239} INFO - Sync 1 DAGs
[2024-12-23T05:57:37.550+0700] {logging_mixin.py:190} INFO - [2024-12-23T05:57:37.549+0700] {dag.py:4180} INFO - Setting next_dagrun for example_trigger_controller_dag to 2021-01-01 00:00:00+00:00, run_after=2021-01-01 00:00:00+00:00
[2024-12-23T05:57:37.621+0700] {processor.py:208} INFO - Processing /mnt/d/Project/airflow-news/venv/lib/python3.12/site-packages/airflow/example_dags/example_trigger_controller_dag.py took 0.238 seconds
[2024-12-23T05:58:57.412+0700] {processor.py:186} INFO - Started process (PID=2583) to work on /mnt/d/Project/airflow-news/venv/lib/python3.12/site-packages/airflow/example_dags/example_trigger_controller_dag.py
[2024-12-23T05:58:57.417+0700] {processor.py:914} INFO - Processing file /mnt/d/Project/airflow-news/venv/lib/python3.12/site-packages/airflow/example_dags/example_trigger_controller_dag.py for tasks to queue
[2024-12-23T05:58:57.428+0700] {logging_mixin.py:190} INFO - [2024-12-23T05:58:57.425+0700] {dagbag.py:588} INFO - Filling up the DagBag from /mnt/d/Project/airflow-news/venv/lib/python3.12/site-packages/airflow/example_dags/example_trigger_controller_dag.py
[2024-12-23T05:58:57.575+0700] {processor.py:925} INFO - DAG(s) 'example_trigger_controller_dag' retrieved from /mnt/d/Project/airflow-news/venv/lib/python3.12/site-packages/airflow/example_dags/example_trigger_controller_dag.py
[2024-12-23T05:58:57.638+0700] {logging_mixin.py:190} INFO - [2024-12-23T05:58:57.636+0700] {dag.py:3239} INFO - Sync 1 DAGs
[2024-12-23T05:58:57.681+0700] {logging_mixin.py:190} INFO - [2024-12-23T05:58:57.679+0700] {dag.py:4180} INFO - Setting next_dagrun for example_trigger_controller_dag to 2021-01-01 00:00:00+00:00, run_after=2021-01-01 00:00:00+00:00
[2024-12-23T05:58:57.762+0700] {processor.py:208} INFO - Processing /mnt/d/Project/airflow-news/venv/lib/python3.12/site-packages/airflow/example_dags/example_trigger_controller_dag.py took 0.422 seconds
[2024-12-23T05:59:15.104+0700] {processor.py:186} INFO - Started process (PID=2625) to work on /mnt/d/Project/airflow-news/venv/lib/python3.12/site-packages/airflow/example_dags/example_trigger_controller_dag.py
[2024-12-23T05:59:15.106+0700] {processor.py:914} INFO - Processing file /mnt/d/Project/airflow-news/venv/lib/python3.12/site-packages/airflow/example_dags/example_trigger_controller_dag.py for tasks to queue
[2024-12-23T05:59:15.111+0700] {logging_mixin.py:190} INFO - [2024-12-23T05:59:15.110+0700] {dagbag.py:588} INFO - Filling up the DagBag from /mnt/d/Project/airflow-news/venv/lib/python3.12/site-packages/airflow/example_dags/example_trigger_controller_dag.py
[2024-12-23T05:59:15.196+0700] {processor.py:925} INFO - DAG(s) 'example_trigger_controller_dag' retrieved from /mnt/d/Project/airflow-news/venv/lib/python3.12/site-packages/airflow/example_dags/example_trigger_controller_dag.py
[2024-12-23T05:59:15.231+0700] {logging_mixin.py:190} INFO - [2024-12-23T05:59:15.229+0700] {dag.py:3239} INFO - Sync 1 DAGs
[2024-12-23T05:59:15.262+0700] {logging_mixin.py:190} INFO - [2024-12-23T05:59:15.260+0700] {dag.py:4180} INFO - Setting next_dagrun for example_trigger_controller_dag to 2021-01-01 00:00:00+00:00, run_after=2021-01-01 00:00:00+00:00
[2024-12-23T05:59:15.333+0700] {processor.py:208} INFO - Processing /mnt/d/Project/airflow-news/venv/lib/python3.12/site-packages/airflow/example_dags/example_trigger_controller_dag.py took 0.242 seconds
[2024-12-23T06:00:19.555+0700] {processor.py:186} INFO - Started process (PID=2811) to work on /mnt/d/Project/airflow-news/venv/lib/python3.12/site-packages/airflow/example_dags/example_trigger_controller_dag.py
[2024-12-23T06:00:19.558+0700] {processor.py:914} INFO - Processing file /mnt/d/Project/airflow-news/venv/lib/python3.12/site-packages/airflow/example_dags/example_trigger_controller_dag.py for tasks to queue
[2024-12-23T06:00:19.565+0700] {logging_mixin.py:190} INFO - [2024-12-23T06:00:19.563+0700] {dagbag.py:588} INFO - Filling up the DagBag from /mnt/d/Project/airflow-news/venv/lib/python3.12/site-packages/airflow/example_dags/example_trigger_controller_dag.py
[2024-12-23T06:00:19.692+0700] {processor.py:925} INFO - DAG(s) 'example_trigger_controller_dag' retrieved from /mnt/d/Project/airflow-news/venv/lib/python3.12/site-packages/airflow/example_dags/example_trigger_controller_dag.py
[2024-12-23T06:00:19.739+0700] {logging_mixin.py:190} INFO - [2024-12-23T06:00:19.737+0700] {dag.py:3239} INFO - Sync 1 DAGs
[2024-12-23T06:00:19.812+0700] {logging_mixin.py:190} INFO - [2024-12-23T06:00:19.810+0700] {dag.py:4180} INFO - Setting next_dagrun for example_trigger_controller_dag to 2021-01-01 00:00:00+00:00, run_after=2021-01-01 00:00:00+00:00
[2024-12-23T06:00:19.907+0700] {processor.py:208} INFO - Processing /mnt/d/Project/airflow-news/venv/lib/python3.12/site-packages/airflow/example_dags/example_trigger_controller_dag.py took 0.373 seconds
[2024-12-23T06:01:00.572+0700] {processor.py:186} INFO - Started process (PID=2916) to work on /mnt/d/Project/airflow-news/venv/lib/python3.12/site-packages/airflow/example_dags/example_trigger_controller_dag.py
[2024-12-23T06:01:00.575+0700] {processor.py:914} INFO - Processing file /mnt/d/Project/airflow-news/venv/lib/python3.12/site-packages/airflow/example_dags/example_trigger_controller_dag.py for tasks to queue
[2024-12-23T06:01:00.581+0700] {logging_mixin.py:190} INFO - [2024-12-23T06:01:00.579+0700] {dagbag.py:588} INFO - Filling up the DagBag from /mnt/d/Project/airflow-news/venv/lib/python3.12/site-packages/airflow/example_dags/example_trigger_controller_dag.py
[2024-12-23T06:01:00.640+0700] {processor.py:925} INFO - DAG(s) 'example_trigger_controller_dag' retrieved from /mnt/d/Project/airflow-news/venv/lib/python3.12/site-packages/airflow/example_dags/example_trigger_controller_dag.py
[2024-12-23T06:01:00.683+0700] {logging_mixin.py:190} INFO - [2024-12-23T06:01:00.681+0700] {dag.py:3239} INFO - Sync 1 DAGs
[2024-12-23T06:01:00.838+0700] {logging_mixin.py:190} INFO - [2024-12-23T06:01:00.837+0700] {dag.py:4180} INFO - Setting next_dagrun for example_trigger_controller_dag to 2021-01-01 00:00:00+00:00, run_after=2021-01-01 00:00:00+00:00
[2024-12-23T06:01:00.911+0700] {processor.py:208} INFO - Processing /mnt/d/Project/airflow-news/venv/lib/python3.12/site-packages/airflow/example_dags/example_trigger_controller_dag.py took 0.359 seconds
[2024-12-23T06:02:04.319+0700] {processor.py:186} INFO - Started process (PID=3059) to work on /mnt/d/Project/airflow-news/venv/lib/python3.12/site-packages/airflow/example_dags/example_trigger_controller_dag.py
[2024-12-23T06:02:04.321+0700] {processor.py:914} INFO - Processing file /mnt/d/Project/airflow-news/venv/lib/python3.12/site-packages/airflow/example_dags/example_trigger_controller_dag.py for tasks to queue
[2024-12-23T06:02:04.325+0700] {logging_mixin.py:190} INFO - [2024-12-23T06:02:04.324+0700] {dagbag.py:588} INFO - Filling up the DagBag from /mnt/d/Project/airflow-news/venv/lib/python3.12/site-packages/airflow/example_dags/example_trigger_controller_dag.py
[2024-12-23T06:02:04.425+0700] {processor.py:925} INFO - DAG(s) 'example_trigger_controller_dag' retrieved from /mnt/d/Project/airflow-news/venv/lib/python3.12/site-packages/airflow/example_dags/example_trigger_controller_dag.py
[2024-12-23T06:02:04.476+0700] {logging_mixin.py:190} INFO - [2024-12-23T06:02:04.474+0700] {dag.py:3239} INFO - Sync 1 DAGs
[2024-12-23T06:02:04.515+0700] {logging_mixin.py:190} INFO - [2024-12-23T06:02:04.513+0700] {dag.py:4180} INFO - Setting next_dagrun for example_trigger_controller_dag to 2021-01-01 00:00:00+00:00, run_after=2021-01-01 00:00:00+00:00
[2024-12-23T06:02:04.611+0700] {processor.py:208} INFO - Processing /mnt/d/Project/airflow-news/venv/lib/python3.12/site-packages/airflow/example_dags/example_trigger_controller_dag.py took 0.309 seconds
[2024-12-23T06:03:03.095+0700] {processor.py:186} INFO - Started process (PID=3146) to work on /mnt/d/Project/airflow-news/venv/lib/python3.12/site-packages/airflow/example_dags/example_trigger_controller_dag.py
[2024-12-23T06:03:03.098+0700] {processor.py:914} INFO - Processing file /mnt/d/Project/airflow-news/venv/lib/python3.12/site-packages/airflow/example_dags/example_trigger_controller_dag.py for tasks to queue
[2024-12-23T06:03:03.105+0700] {logging_mixin.py:190} INFO - [2024-12-23T06:03:03.102+0700] {dagbag.py:588} INFO - Filling up the DagBag from /mnt/d/Project/airflow-news/venv/lib/python3.12/site-packages/airflow/example_dags/example_trigger_controller_dag.py
[2024-12-23T06:03:03.236+0700] {processor.py:925} INFO - DAG(s) 'example_trigger_controller_dag' retrieved from /mnt/d/Project/airflow-news/venv/lib/python3.12/site-packages/airflow/example_dags/example_trigger_controller_dag.py
[2024-12-23T06:03:03.290+0700] {logging_mixin.py:190} INFO - [2024-12-23T06:03:03.288+0700] {dag.py:3239} INFO - Sync 1 DAGs
[2024-12-23T06:03:03.339+0700] {logging_mixin.py:190} INFO - [2024-12-23T06:03:03.337+0700] {dag.py:4180} INFO - Setting next_dagrun for example_trigger_controller_dag to 2021-01-01 00:00:00+00:00, run_after=2021-01-01 00:00:00+00:00
[2024-12-23T06:03:03.448+0700] {processor.py:208} INFO - Processing /mnt/d/Project/airflow-news/venv/lib/python3.12/site-packages/airflow/example_dags/example_trigger_controller_dag.py took 0.385 seconds
[2024-12-23T06:04:16.109+0700] {processor.py:186} INFO - Started process (PID=3385) to work on /mnt/d/Project/airflow-news/venv/lib/python3.12/site-packages/airflow/example_dags/example_trigger_controller_dag.py
[2024-12-23T06:04:16.113+0700] {processor.py:914} INFO - Processing file /mnt/d/Project/airflow-news/venv/lib/python3.12/site-packages/airflow/example_dags/example_trigger_controller_dag.py for tasks to queue
[2024-12-23T06:04:16.121+0700] {logging_mixin.py:190} INFO - [2024-12-23T06:04:16.119+0700] {dagbag.py:588} INFO - Filling up the DagBag from /mnt/d/Project/airflow-news/venv/lib/python3.12/site-packages/airflow/example_dags/example_trigger_controller_dag.py
[2024-12-23T06:04:16.301+0700] {processor.py:925} INFO - DAG(s) 'example_trigger_controller_dag' retrieved from /mnt/d/Project/airflow-news/venv/lib/python3.12/site-packages/airflow/example_dags/example_trigger_controller_dag.py
[2024-12-23T06:04:16.391+0700] {logging_mixin.py:190} INFO - [2024-12-23T06:04:16.386+0700] {dag.py:3239} INFO - Sync 1 DAGs
[2024-12-23T06:04:16.488+0700] {logging_mixin.py:190} INFO - [2024-12-23T06:04:16.485+0700] {dag.py:4180} INFO - Setting next_dagrun for example_trigger_controller_dag to 2021-01-01 00:00:00+00:00, run_after=2021-01-01 00:00:00+00:00
[2024-12-23T06:04:16.724+0700] {processor.py:208} INFO - Processing /mnt/d/Project/airflow-news/venv/lib/python3.12/site-packages/airflow/example_dags/example_trigger_controller_dag.py took 0.659 seconds
[2024-12-23T06:06:19.438+0700] {processor.py:186} INFO - Started process (PID=3658) to work on /mnt/d/Project/airflow-news/venv/lib/python3.12/site-packages/airflow/example_dags/example_trigger_controller_dag.py
[2024-12-23T06:06:19.440+0700] {processor.py:914} INFO - Processing file /mnt/d/Project/airflow-news/venv/lib/python3.12/site-packages/airflow/example_dags/example_trigger_controller_dag.py for tasks to queue
[2024-12-23T06:06:19.446+0700] {logging_mixin.py:190} INFO - [2024-12-23T06:06:19.444+0700] {dagbag.py:588} INFO - Filling up the DagBag from /mnt/d/Project/airflow-news/venv/lib/python3.12/site-packages/airflow/example_dags/example_trigger_controller_dag.py
[2024-12-23T06:06:19.532+0700] {processor.py:925} INFO - DAG(s) 'example_trigger_controller_dag' retrieved from /mnt/d/Project/airflow-news/venv/lib/python3.12/site-packages/airflow/example_dags/example_trigger_controller_dag.py
[2024-12-23T06:06:19.569+0700] {logging_mixin.py:190} INFO - [2024-12-23T06:06:19.567+0700] {dag.py:3239} INFO - Sync 1 DAGs
[2024-12-23T06:06:19.606+0700] {logging_mixin.py:190} INFO - [2024-12-23T06:06:19.605+0700] {dag.py:4180} INFO - Setting next_dagrun for example_trigger_controller_dag to 2021-01-01 00:00:00+00:00, run_after=2021-01-01 00:00:00+00:00
[2024-12-23T06:06:19.683+0700] {processor.py:208} INFO - Processing /mnt/d/Project/airflow-news/venv/lib/python3.12/site-packages/airflow/example_dags/example_trigger_controller_dag.py took 0.271 seconds
[2024-12-23T06:07:08.232+0700] {processor.py:186} INFO - Started process (PID=3789) to work on /mnt/d/Project/airflow-news/venv/lib/python3.12/site-packages/airflow/example_dags/example_trigger_controller_dag.py
[2024-12-23T06:07:08.235+0700] {processor.py:914} INFO - Processing file /mnt/d/Project/airflow-news/venv/lib/python3.12/site-packages/airflow/example_dags/example_trigger_controller_dag.py for tasks to queue
[2024-12-23T06:07:08.240+0700] {logging_mixin.py:190} INFO - [2024-12-23T06:07:08.238+0700] {dagbag.py:588} INFO - Filling up the DagBag from /mnt/d/Project/airflow-news/venv/lib/python3.12/site-packages/airflow/example_dags/example_trigger_controller_dag.py
[2024-12-23T06:07:08.329+0700] {processor.py:925} INFO - DAG(s) 'example_trigger_controller_dag' retrieved from /mnt/d/Project/airflow-news/venv/lib/python3.12/site-packages/airflow/example_dags/example_trigger_controller_dag.py
[2024-12-23T06:07:08.385+0700] {logging_mixin.py:190} INFO - [2024-12-23T06:07:08.383+0700] {dag.py:3239} INFO - Sync 1 DAGs
[2024-12-23T06:07:08.419+0700] {logging_mixin.py:190} INFO - [2024-12-23T06:07:08.418+0700] {dag.py:4180} INFO - Setting next_dagrun for example_trigger_controller_dag to 2021-01-01 00:00:00+00:00, run_after=2021-01-01 00:00:00+00:00
[2024-12-23T06:07:08.497+0700] {processor.py:208} INFO - Processing /mnt/d/Project/airflow-news/venv/lib/python3.12/site-packages/airflow/example_dags/example_trigger_controller_dag.py took 0.280 seconds
[2024-12-23T06:08:19.211+0700] {processor.py:186} INFO - Started process (PID=4000) to work on /mnt/d/Project/airflow-news/venv/lib/python3.12/site-packages/airflow/example_dags/example_trigger_controller_dag.py
[2024-12-23T06:08:19.213+0700] {processor.py:914} INFO - Processing file /mnt/d/Project/airflow-news/venv/lib/python3.12/site-packages/airflow/example_dags/example_trigger_controller_dag.py for tasks to queue
[2024-12-23T06:08:19.218+0700] {logging_mixin.py:190} INFO - [2024-12-23T06:08:19.217+0700] {dagbag.py:588} INFO - Filling up the DagBag from /mnt/d/Project/airflow-news/venv/lib/python3.12/site-packages/airflow/example_dags/example_trigger_controller_dag.py
[2024-12-23T06:08:19.321+0700] {processor.py:925} INFO - DAG(s) 'example_trigger_controller_dag' retrieved from /mnt/d/Project/airflow-news/venv/lib/python3.12/site-packages/airflow/example_dags/example_trigger_controller_dag.py
[2024-12-23T06:08:19.365+0700] {logging_mixin.py:190} INFO - [2024-12-23T06:08:19.364+0700] {dag.py:3239} INFO - Sync 1 DAGs
[2024-12-23T06:08:19.412+0700] {logging_mixin.py:190} INFO - [2024-12-23T06:08:19.410+0700] {dag.py:4180} INFO - Setting next_dagrun for example_trigger_controller_dag to 2021-01-01 00:00:00+00:00, run_after=2021-01-01 00:00:00+00:00
[2024-12-23T06:08:19.498+0700] {processor.py:208} INFO - Processing /mnt/d/Project/airflow-news/venv/lib/python3.12/site-packages/airflow/example_dags/example_trigger_controller_dag.py took 0.310 seconds
[2024-12-23T06:08:29.626+0700] {processor.py:186} INFO - Started process (PID=4024) to work on /mnt/d/Project/airflow-news/venv/lib/python3.12/site-packages/airflow/example_dags/example_trigger_controller_dag.py
[2024-12-23T06:08:29.628+0700] {processor.py:914} INFO - Processing file /mnt/d/Project/airflow-news/venv/lib/python3.12/site-packages/airflow/example_dags/example_trigger_controller_dag.py for tasks to queue
[2024-12-23T06:08:29.633+0700] {logging_mixin.py:190} INFO - [2024-12-23T06:08:29.632+0700] {dagbag.py:588} INFO - Filling up the DagBag from /mnt/d/Project/airflow-news/venv/lib/python3.12/site-packages/airflow/example_dags/example_trigger_controller_dag.py
[2024-12-23T06:08:29.690+0700] {processor.py:925} INFO - DAG(s) 'example_trigger_controller_dag' retrieved from /mnt/d/Project/airflow-news/venv/lib/python3.12/site-packages/airflow/example_dags/example_trigger_controller_dag.py
[2024-12-23T06:08:29.733+0700] {logging_mixin.py:190} INFO - [2024-12-23T06:08:29.731+0700] {dag.py:3239} INFO - Sync 1 DAGs
[2024-12-23T06:08:29.788+0700] {logging_mixin.py:190} INFO - [2024-12-23T06:08:29.785+0700] {dag.py:4180} INFO - Setting next_dagrun for example_trigger_controller_dag to 2021-01-01 00:00:00+00:00, run_after=2021-01-01 00:00:00+00:00
[2024-12-23T06:08:29.902+0700] {processor.py:208} INFO - Processing /mnt/d/Project/airflow-news/venv/lib/python3.12/site-packages/airflow/example_dags/example_trigger_controller_dag.py took 0.297 seconds
[2024-12-23T06:11:20.606+0700] {processor.py:186} INFO - Started process (PID=4434) to work on /mnt/d/Project/airflow-news/venv/lib/python3.12/site-packages/airflow/example_dags/example_trigger_controller_dag.py
[2024-12-23T06:11:20.609+0700] {processor.py:914} INFO - Processing file /mnt/d/Project/airflow-news/venv/lib/python3.12/site-packages/airflow/example_dags/example_trigger_controller_dag.py for tasks to queue
[2024-12-23T06:11:20.613+0700] {logging_mixin.py:190} INFO - [2024-12-23T06:11:20.612+0700] {dagbag.py:588} INFO - Filling up the DagBag from /mnt/d/Project/airflow-news/venv/lib/python3.12/site-packages/airflow/example_dags/example_trigger_controller_dag.py
[2024-12-23T06:11:20.643+0700] {processor.py:925} INFO - DAG(s) 'example_trigger_controller_dag' retrieved from /mnt/d/Project/airflow-news/venv/lib/python3.12/site-packages/airflow/example_dags/example_trigger_controller_dag.py
[2024-12-23T06:11:20.696+0700] {logging_mixin.py:190} INFO - [2024-12-23T06:11:20.694+0700] {dag.py:3239} INFO - Sync 1 DAGs
[2024-12-23T06:11:20.732+0700] {logging_mixin.py:190} INFO - [2024-12-23T06:11:20.731+0700] {dag.py:4180} INFO - Setting next_dagrun for example_trigger_controller_dag to 2021-01-01 00:00:00+00:00, run_after=2021-01-01 00:00:00+00:00
[2024-12-23T06:11:19.168+0700] {processor.py:208} INFO - Processing /mnt/d/Project/airflow-news/venv/lib/python3.12/site-packages/airflow/example_dags/example_trigger_controller_dag.py took 0.227 seconds
[2024-12-23T06:11:37.294+0700] {processor.py:186} INFO - Started process (PID=4474) to work on /mnt/d/Project/airflow-news/venv/lib/python3.12/site-packages/airflow/example_dags/example_trigger_controller_dag.py
[2024-12-23T06:11:37.297+0700] {processor.py:914} INFO - Processing file /mnt/d/Project/airflow-news/venv/lib/python3.12/site-packages/airflow/example_dags/example_trigger_controller_dag.py for tasks to queue
[2024-12-23T06:11:37.301+0700] {logging_mixin.py:190} INFO - [2024-12-23T06:11:37.300+0700] {dagbag.py:588} INFO - Filling up the DagBag from /mnt/d/Project/airflow-news/venv/lib/python3.12/site-packages/airflow/example_dags/example_trigger_controller_dag.py
[2024-12-23T06:11:37.391+0700] {processor.py:925} INFO - DAG(s) 'example_trigger_controller_dag' retrieved from /mnt/d/Project/airflow-news/venv/lib/python3.12/site-packages/airflow/example_dags/example_trigger_controller_dag.py
[2024-12-23T06:11:37.435+0700] {logging_mixin.py:190} INFO - [2024-12-23T06:11:37.434+0700] {dag.py:3239} INFO - Sync 1 DAGs
[2024-12-23T06:11:37.480+0700] {logging_mixin.py:190} INFO - [2024-12-23T06:11:37.479+0700] {dag.py:4180} INFO - Setting next_dagrun for example_trigger_controller_dag to 2021-01-01 00:00:00+00:00, run_after=2021-01-01 00:00:00+00:00
[2024-12-23T06:11:37.568+0700] {processor.py:208} INFO - Processing /mnt/d/Project/airflow-news/venv/lib/python3.12/site-packages/airflow/example_dags/example_trigger_controller_dag.py took 0.294 seconds
[2024-12-23T06:12:38.764+0700] {processor.py:186} INFO - Started process (PID=4648) to work on /mnt/d/Project/airflow-news/venv/lib/python3.12/site-packages/airflow/example_dags/example_trigger_controller_dag.py
[2024-12-23T06:12:38.767+0700] {processor.py:914} INFO - Processing file /mnt/d/Project/airflow-news/venv/lib/python3.12/site-packages/airflow/example_dags/example_trigger_controller_dag.py for tasks to queue
[2024-12-23T06:12:38.772+0700] {logging_mixin.py:190} INFO - [2024-12-23T06:12:38.770+0700] {dagbag.py:588} INFO - Filling up the DagBag from /mnt/d/Project/airflow-news/venv/lib/python3.12/site-packages/airflow/example_dags/example_trigger_controller_dag.py
[2024-12-23T06:12:38.805+0700] {processor.py:925} INFO - DAG(s) 'example_trigger_controller_dag' retrieved from /mnt/d/Project/airflow-news/venv/lib/python3.12/site-packages/airflow/example_dags/example_trigger_controller_dag.py
[2024-12-23T06:12:38.843+0700] {logging_mixin.py:190} INFO - [2024-12-23T06:12:38.841+0700] {dag.py:3239} INFO - Sync 1 DAGs
[2024-12-23T06:12:38.871+0700] {logging_mixin.py:190} INFO - [2024-12-23T06:12:38.869+0700] {dag.py:4180} INFO - Setting next_dagrun for example_trigger_controller_dag to 2021-01-01 00:00:00+00:00, run_after=2021-01-01 00:00:00+00:00
[2024-12-23T06:12:38.957+0700] {processor.py:208} INFO - Processing /mnt/d/Project/airflow-news/venv/lib/python3.12/site-packages/airflow/example_dags/example_trigger_controller_dag.py took 0.213 seconds
[2024-12-23T06:12:43.812+0700] {processor.py:186} INFO - Started process (PID=4659) to work on /mnt/d/Project/airflow-news/venv/lib/python3.12/site-packages/airflow/example_dags/example_trigger_controller_dag.py
[2024-12-23T06:12:43.814+0700] {processor.py:914} INFO - Processing file /mnt/d/Project/airflow-news/venv/lib/python3.12/site-packages/airflow/example_dags/example_trigger_controller_dag.py for tasks to queue
[2024-12-23T06:12:43.819+0700] {logging_mixin.py:190} INFO - [2024-12-23T06:12:43.818+0700] {dagbag.py:588} INFO - Filling up the DagBag from /mnt/d/Project/airflow-news/venv/lib/python3.12/site-packages/airflow/example_dags/example_trigger_controller_dag.py
[2024-12-23T06:12:43.903+0700] {processor.py:925} INFO - DAG(s) 'example_trigger_controller_dag' retrieved from /mnt/d/Project/airflow-news/venv/lib/python3.12/site-packages/airflow/example_dags/example_trigger_controller_dag.py
[2024-12-23T06:12:43.938+0700] {logging_mixin.py:190} INFO - [2024-12-23T06:12:43.936+0700] {dag.py:3239} INFO - Sync 1 DAGs
[2024-12-23T06:12:43.969+0700] {logging_mixin.py:190} INFO - [2024-12-23T06:12:43.968+0700] {dag.py:4180} INFO - Setting next_dagrun for example_trigger_controller_dag to 2021-01-01 00:00:00+00:00, run_after=2021-01-01 00:00:00+00:00
[2024-12-23T06:12:44.039+0700] {processor.py:208} INFO - Processing /mnt/d/Project/airflow-news/venv/lib/python3.12/site-packages/airflow/example_dags/example_trigger_controller_dag.py took 0.249 seconds
[2024-12-23T06:13:45.337+0700] {processor.py:186} INFO - Started process (PID=4841) to work on /mnt/d/Project/airflow-news/venv/lib/python3.12/site-packages/airflow/example_dags/example_trigger_controller_dag.py
[2024-12-23T06:13:45.339+0700] {processor.py:914} INFO - Processing file /mnt/d/Project/airflow-news/venv/lib/python3.12/site-packages/airflow/example_dags/example_trigger_controller_dag.py for tasks to queue
[2024-12-23T06:13:45.345+0700] {logging_mixin.py:190} INFO - [2024-12-23T06:13:45.343+0700] {dagbag.py:588} INFO - Filling up the DagBag from /mnt/d/Project/airflow-news/venv/lib/python3.12/site-packages/airflow/example_dags/example_trigger_controller_dag.py
[2024-12-23T06:13:45.426+0700] {processor.py:925} INFO - DAG(s) 'example_trigger_controller_dag' retrieved from /mnt/d/Project/airflow-news/venv/lib/python3.12/site-packages/airflow/example_dags/example_trigger_controller_dag.py
[2024-12-23T06:13:45.458+0700] {logging_mixin.py:190} INFO - [2024-12-23T06:13:45.457+0700] {dag.py:3239} INFO - Sync 1 DAGs
[2024-12-23T06:13:45.490+0700] {logging_mixin.py:190} INFO - [2024-12-23T06:13:45.488+0700] {dag.py:4180} INFO - Setting next_dagrun for example_trigger_controller_dag to 2021-01-01 00:00:00+00:00, run_after=2021-01-01 00:00:00+00:00
[2024-12-23T06:13:45.559+0700] {processor.py:208} INFO - Processing /mnt/d/Project/airflow-news/venv/lib/python3.12/site-packages/airflow/example_dags/example_trigger_controller_dag.py took 0.244 seconds
[2024-12-23T06:14:15.620+0700] {processor.py:186} INFO - Started process (PID=4933) to work on /mnt/d/Project/airflow-news/venv/lib/python3.12/site-packages/airflow/example_dags/example_trigger_controller_dag.py
[2024-12-23T06:14:15.623+0700] {processor.py:914} INFO - Processing file /mnt/d/Project/airflow-news/venv/lib/python3.12/site-packages/airflow/example_dags/example_trigger_controller_dag.py for tasks to queue
[2024-12-23T06:14:15.628+0700] {logging_mixin.py:190} INFO - [2024-12-23T06:14:15.627+0700] {dagbag.py:588} INFO - Filling up the DagBag from /mnt/d/Project/airflow-news/venv/lib/python3.12/site-packages/airflow/example_dags/example_trigger_controller_dag.py
[2024-12-23T06:14:15.665+0700] {processor.py:925} INFO - DAG(s) 'example_trigger_controller_dag' retrieved from /mnt/d/Project/airflow-news/venv/lib/python3.12/site-packages/airflow/example_dags/example_trigger_controller_dag.py
[2024-12-23T06:14:15.707+0700] {logging_mixin.py:190} INFO - [2024-12-23T06:14:15.705+0700] {dag.py:3239} INFO - Sync 1 DAGs
[2024-12-23T06:14:15.737+0700] {logging_mixin.py:190} INFO - [2024-12-23T06:14:15.735+0700] {dag.py:4180} INFO - Setting next_dagrun for example_trigger_controller_dag to 2021-01-01 00:00:00+00:00, run_after=2021-01-01 00:00:00+00:00
[2024-12-23T06:14:15.821+0700] {processor.py:208} INFO - Processing /mnt/d/Project/airflow-news/venv/lib/python3.12/site-packages/airflow/example_dags/example_trigger_controller_dag.py took 0.221 seconds
[2024-12-23T06:15:32.669+0700] {processor.py:186} INFO - Started process (PID=5168) to work on /mnt/d/Project/airflow-news/venv/lib/python3.12/site-packages/airflow/example_dags/example_trigger_controller_dag.py
[2024-12-23T06:15:32.671+0700] {processor.py:914} INFO - Processing file /mnt/d/Project/airflow-news/venv/lib/python3.12/site-packages/airflow/example_dags/example_trigger_controller_dag.py for tasks to queue
[2024-12-23T06:15:32.676+0700] {logging_mixin.py:190} INFO - [2024-12-23T06:15:32.674+0700] {dagbag.py:588} INFO - Filling up the DagBag from /mnt/d/Project/airflow-news/venv/lib/python3.12/site-packages/airflow/example_dags/example_trigger_controller_dag.py
[2024-12-23T06:15:32.771+0700] {processor.py:925} INFO - DAG(s) 'example_trigger_controller_dag' retrieved from /mnt/d/Project/airflow-news/venv/lib/python3.12/site-packages/airflow/example_dags/example_trigger_controller_dag.py
[2024-12-23T06:15:32.808+0700] {logging_mixin.py:190} INFO - [2024-12-23T06:15:32.807+0700] {dag.py:3239} INFO - Sync 1 DAGs
[2024-12-23T06:15:32.848+0700] {logging_mixin.py:190} INFO - [2024-12-23T06:15:32.847+0700] {dag.py:4180} INFO - Setting next_dagrun for example_trigger_controller_dag to 2021-01-01 00:00:00+00:00, run_after=2021-01-01 00:00:00+00:00
[2024-12-23T06:15:32.927+0700] {processor.py:208} INFO - Processing /mnt/d/Project/airflow-news/venv/lib/python3.12/site-packages/airflow/example_dags/example_trigger_controller_dag.py took 0.280 seconds
[2024-12-23T06:16:58.961+0700] {processor.py:186} INFO - Started process (PID=5370) to work on /mnt/d/Project/airflow-news/venv/lib/python3.12/site-packages/airflow/example_dags/example_trigger_controller_dag.py
[2024-12-23T06:16:58.964+0700] {processor.py:914} INFO - Processing file /mnt/d/Project/airflow-news/venv/lib/python3.12/site-packages/airflow/example_dags/example_trigger_controller_dag.py for tasks to queue
[2024-12-23T06:16:58.968+0700] {logging_mixin.py:190} INFO - [2024-12-23T06:16:58.967+0700] {dagbag.py:588} INFO - Filling up the DagBag from /mnt/d/Project/airflow-news/venv/lib/python3.12/site-packages/airflow/example_dags/example_trigger_controller_dag.py
[2024-12-23T06:16:58.998+0700] {processor.py:925} INFO - DAG(s) 'example_trigger_controller_dag' retrieved from /mnt/d/Project/airflow-news/venv/lib/python3.12/site-packages/airflow/example_dags/example_trigger_controller_dag.py
[2024-12-23T06:16:59.042+0700] {logging_mixin.py:190} INFO - [2024-12-23T06:16:59.040+0700] {dag.py:3239} INFO - Sync 1 DAGs
[2024-12-23T06:16:59.075+0700] {logging_mixin.py:190} INFO - [2024-12-23T06:16:59.074+0700] {dag.py:4180} INFO - Setting next_dagrun for example_trigger_controller_dag to 2021-01-01 00:00:00+00:00, run_after=2021-01-01 00:00:00+00:00
[2024-12-23T06:16:59.167+0700] {processor.py:208} INFO - Processing /mnt/d/Project/airflow-news/venv/lib/python3.12/site-packages/airflow/example_dags/example_trigger_controller_dag.py took 0.222 seconds
[2024-12-23T06:17:11.877+0700] {processor.py:186} INFO - Started process (PID=5406) to work on /mnt/d/Project/airflow-news/venv/lib/python3.12/site-packages/airflow/example_dags/example_trigger_controller_dag.py
[2024-12-23T06:17:11.880+0700] {processor.py:914} INFO - Processing file /mnt/d/Project/airflow-news/venv/lib/python3.12/site-packages/airflow/example_dags/example_trigger_controller_dag.py for tasks to queue
[2024-12-23T06:17:11.885+0700] {logging_mixin.py:190} INFO - [2024-12-23T06:17:11.883+0700] {dagbag.py:588} INFO - Filling up the DagBag from /mnt/d/Project/airflow-news/venv/lib/python3.12/site-packages/airflow/example_dags/example_trigger_controller_dag.py
[2024-12-23T06:17:11.979+0700] {processor.py:925} INFO - DAG(s) 'example_trigger_controller_dag' retrieved from /mnt/d/Project/airflow-news/venv/lib/python3.12/site-packages/airflow/example_dags/example_trigger_controller_dag.py
[2024-12-23T06:17:12.021+0700] {logging_mixin.py:190} INFO - [2024-12-23T06:17:12.019+0700] {dag.py:3239} INFO - Sync 1 DAGs
[2024-12-23T06:17:12.058+0700] {logging_mixin.py:190} INFO - [2024-12-23T06:17:12.056+0700] {dag.py:4180} INFO - Setting next_dagrun for example_trigger_controller_dag to 2021-01-01 00:00:00+00:00, run_after=2021-01-01 00:00:00+00:00
[2024-12-23T06:17:12.130+0700] {processor.py:208} INFO - Processing /mnt/d/Project/airflow-news/venv/lib/python3.12/site-packages/airflow/example_dags/example_trigger_controller_dag.py took 0.276 seconds
[2024-12-23T06:18:28.026+0700] {processor.py:186} INFO - Started process (PID=5628) to work on /mnt/d/Project/airflow-news/venv/lib/python3.12/site-packages/airflow/example_dags/example_trigger_controller_dag.py
[2024-12-23T06:18:28.029+0700] {processor.py:914} INFO - Processing file /mnt/d/Project/airflow-news/venv/lib/python3.12/site-packages/airflow/example_dags/example_trigger_controller_dag.py for tasks to queue
[2024-12-23T06:18:28.033+0700] {logging_mixin.py:190} INFO - [2024-12-23T06:18:28.031+0700] {dagbag.py:588} INFO - Filling up the DagBag from /mnt/d/Project/airflow-news/venv/lib/python3.12/site-packages/airflow/example_dags/example_trigger_controller_dag.py
[2024-12-23T06:18:28.059+0700] {processor.py:925} INFO - DAG(s) 'example_trigger_controller_dag' retrieved from /mnt/d/Project/airflow-news/venv/lib/python3.12/site-packages/airflow/example_dags/example_trigger_controller_dag.py
[2024-12-23T06:18:28.098+0700] {logging_mixin.py:190} INFO - [2024-12-23T06:18:28.097+0700] {dag.py:3239} INFO - Sync 1 DAGs
[2024-12-23T06:18:28.134+0700] {logging_mixin.py:190} INFO - [2024-12-23T06:18:28.132+0700] {dag.py:4180} INFO - Setting next_dagrun for example_trigger_controller_dag to 2021-01-01 00:00:00+00:00, run_after=2021-01-01 00:00:00+00:00
[2024-12-23T06:18:28.217+0700] {processor.py:208} INFO - Processing /mnt/d/Project/airflow-news/venv/lib/python3.12/site-packages/airflow/example_dags/example_trigger_controller_dag.py took 0.207 seconds
[2024-12-23T06:18:39.689+0700] {processor.py:186} INFO - Started process (PID=5655) to work on /mnt/d/Project/airflow-news/venv/lib/python3.12/site-packages/airflow/example_dags/example_trigger_controller_dag.py
[2024-12-23T06:18:39.698+0700] {processor.py:914} INFO - Processing file /mnt/d/Project/airflow-news/venv/lib/python3.12/site-packages/airflow/example_dags/example_trigger_controller_dag.py for tasks to queue
[2024-12-23T06:18:39.716+0700] {logging_mixin.py:190} INFO - [2024-12-23T06:18:39.708+0700] {dagbag.py:588} INFO - Filling up the DagBag from /mnt/d/Project/airflow-news/venv/lib/python3.12/site-packages/airflow/example_dags/example_trigger_controller_dag.py
[2024-12-23T06:18:39.907+0700] {processor.py:925} INFO - DAG(s) 'example_trigger_controller_dag' retrieved from /mnt/d/Project/airflow-news/venv/lib/python3.12/site-packages/airflow/example_dags/example_trigger_controller_dag.py
[2024-12-23T06:18:39.961+0700] {logging_mixin.py:190} INFO - [2024-12-23T06:18:39.959+0700] {dag.py:3239} INFO - Sync 1 DAGs
[2024-12-23T06:18:40.038+0700] {logging_mixin.py:190} INFO - [2024-12-23T06:18:40.032+0700] {dag.py:4180} INFO - Setting next_dagrun for example_trigger_controller_dag to 2021-01-01 00:00:00+00:00, run_after=2021-01-01 00:00:00+00:00
[2024-12-23T06:18:40.137+0700] {processor.py:208} INFO - Processing /mnt/d/Project/airflow-news/venv/lib/python3.12/site-packages/airflow/example_dags/example_trigger_controller_dag.py took 0.531 seconds
[2024-12-23T06:19:57.778+0700] {processor.py:186} INFO - Started process (PID=5880) to work on /mnt/d/Project/airflow-news/venv/lib/python3.12/site-packages/airflow/example_dags/example_trigger_controller_dag.py
[2024-12-23T06:19:57.782+0700] {processor.py:914} INFO - Processing file /mnt/d/Project/airflow-news/venv/lib/python3.12/site-packages/airflow/example_dags/example_trigger_controller_dag.py for tasks to queue
[2024-12-23T06:19:57.787+0700] {logging_mixin.py:190} INFO - [2024-12-23T06:19:57.785+0700] {dagbag.py:588} INFO - Filling up the DagBag from /mnt/d/Project/airflow-news/venv/lib/python3.12/site-packages/airflow/example_dags/example_trigger_controller_dag.py
[2024-12-23T06:19:57.827+0700] {processor.py:925} INFO - DAG(s) 'example_trigger_controller_dag' retrieved from /mnt/d/Project/airflow-news/venv/lib/python3.12/site-packages/airflow/example_dags/example_trigger_controller_dag.py
[2024-12-23T06:19:57.902+0700] {logging_mixin.py:190} INFO - [2024-12-23T06:19:57.901+0700] {dag.py:3239} INFO - Sync 1 DAGs
[2024-12-23T06:19:57.938+0700] {logging_mixin.py:190} INFO - [2024-12-23T06:19:57.937+0700] {dag.py:4180} INFO - Setting next_dagrun for example_trigger_controller_dag to 2021-01-01 00:00:00+00:00, run_after=2021-01-01 00:00:00+00:00
[2024-12-23T06:19:58.013+0700] {processor.py:208} INFO - Processing /mnt/d/Project/airflow-news/venv/lib/python3.12/site-packages/airflow/example_dags/example_trigger_controller_dag.py took 0.254 seconds
[2024-12-23T06:20:30.336+0700] {processor.py:186} INFO - Started process (PID=5985) to work on /mnt/d/Project/airflow-news/venv/lib/python3.12/site-packages/airflow/example_dags/example_trigger_controller_dag.py
[2024-12-23T06:20:30.339+0700] {processor.py:914} INFO - Processing file /mnt/d/Project/airflow-news/venv/lib/python3.12/site-packages/airflow/example_dags/example_trigger_controller_dag.py for tasks to queue
[2024-12-23T06:20:30.344+0700] {logging_mixin.py:190} INFO - [2024-12-23T06:20:30.342+0700] {dagbag.py:588} INFO - Filling up the DagBag from /mnt/d/Project/airflow-news/venv/lib/python3.12/site-packages/airflow/example_dags/example_trigger_controller_dag.py
[2024-12-23T06:20:30.443+0700] {processor.py:925} INFO - DAG(s) 'example_trigger_controller_dag' retrieved from /mnt/d/Project/airflow-news/venv/lib/python3.12/site-packages/airflow/example_dags/example_trigger_controller_dag.py
[2024-12-23T06:20:30.481+0700] {logging_mixin.py:190} INFO - [2024-12-23T06:20:30.479+0700] {dag.py:3239} INFO - Sync 1 DAGs
[2024-12-23T06:20:30.518+0700] {logging_mixin.py:190} INFO - [2024-12-23T06:20:30.517+0700] {dag.py:4180} INFO - Setting next_dagrun for example_trigger_controller_dag to 2021-01-01 00:00:00+00:00, run_after=2021-01-01 00:00:00+00:00
[2024-12-23T06:20:30.605+0700] {processor.py:208} INFO - Processing /mnt/d/Project/airflow-news/venv/lib/python3.12/site-packages/airflow/example_dags/example_trigger_controller_dag.py took 0.294 seconds
[2024-12-23T06:22:33.150+0700] {processor.py:186} INFO - Started process (PID=6300) to work on /mnt/d/Project/airflow-news/venv/lib/python3.12/site-packages/airflow/example_dags/example_trigger_controller_dag.py
[2024-12-23T06:22:33.152+0700] {processor.py:914} INFO - Processing file /mnt/d/Project/airflow-news/venv/lib/python3.12/site-packages/airflow/example_dags/example_trigger_controller_dag.py for tasks to queue
[2024-12-23T06:22:33.157+0700] {logging_mixin.py:190} INFO - [2024-12-23T06:22:33.155+0700] {dagbag.py:588} INFO - Filling up the DagBag from /mnt/d/Project/airflow-news/venv/lib/python3.12/site-packages/airflow/example_dags/example_trigger_controller_dag.py
[2024-12-23T06:22:31.530+0700] {processor.py:925} INFO - DAG(s) 'example_trigger_controller_dag' retrieved from /mnt/d/Project/airflow-news/venv/lib/python3.12/site-packages/airflow/example_dags/example_trigger_controller_dag.py
[2024-12-23T06:22:31.569+0700] {logging_mixin.py:190} INFO - [2024-12-23T06:22:31.568+0700] {dag.py:3239} INFO - Sync 1 DAGs
[2024-12-23T06:22:31.606+0700] {logging_mixin.py:190} INFO - [2024-12-23T06:22:31.605+0700] {dag.py:4180} INFO - Setting next_dagrun for example_trigger_controller_dag to 2021-01-01 00:00:00+00:00, run_after=2021-01-01 00:00:00+00:00
[2024-12-23T06:22:31.687+0700] {processor.py:208} INFO - Processing /mnt/d/Project/airflow-news/venv/lib/python3.12/site-packages/airflow/example_dags/example_trigger_controller_dag.py took 0.255 seconds
[2024-12-23T06:22:33.116+0700] {processor.py:186} INFO - Started process (PID=6302) to work on /mnt/d/Project/airflow-news/venv/lib/python3.12/site-packages/airflow/example_dags/example_trigger_controller_dag.py
[2024-12-23T06:22:33.118+0700] {processor.py:914} INFO - Processing file /mnt/d/Project/airflow-news/venv/lib/python3.12/site-packages/airflow/example_dags/example_trigger_controller_dag.py for tasks to queue
[2024-12-23T06:22:33.124+0700] {logging_mixin.py:190} INFO - [2024-12-23T06:22:33.122+0700] {dagbag.py:588} INFO - Filling up the DagBag from /mnt/d/Project/airflow-news/venv/lib/python3.12/site-packages/airflow/example_dags/example_trigger_controller_dag.py
[2024-12-23T06:22:33.216+0700] {processor.py:925} INFO - DAG(s) 'example_trigger_controller_dag' retrieved from /mnt/d/Project/airflow-news/venv/lib/python3.12/site-packages/airflow/example_dags/example_trigger_controller_dag.py
[2024-12-23T06:22:33.265+0700] {logging_mixin.py:190} INFO - [2024-12-23T06:22:33.263+0700] {dag.py:3239} INFO - Sync 1 DAGs
[2024-12-23T06:22:33.298+0700] {logging_mixin.py:190} INFO - [2024-12-23T06:22:33.297+0700] {dag.py:4180} INFO - Setting next_dagrun for example_trigger_controller_dag to 2021-01-01 00:00:00+00:00, run_after=2021-01-01 00:00:00+00:00
[2024-12-23T06:22:33.374+0700] {processor.py:208} INFO - Processing /mnt/d/Project/airflow-news/venv/lib/python3.12/site-packages/airflow/example_dags/example_trigger_controller_dag.py took 0.272 seconds
[2024-12-23T06:23:33.377+0700] {processor.py:186} INFO - Started process (PID=6484) to work on /mnt/d/Project/airflow-news/venv/lib/python3.12/site-packages/airflow/example_dags/example_trigger_controller_dag.py
[2024-12-23T06:23:33.379+0700] {processor.py:914} INFO - Processing file /mnt/d/Project/airflow-news/venv/lib/python3.12/site-packages/airflow/example_dags/example_trigger_controller_dag.py for tasks to queue
[2024-12-23T06:23:33.384+0700] {logging_mixin.py:190} INFO - [2024-12-23T06:23:33.382+0700] {dagbag.py:588} INFO - Filling up the DagBag from /mnt/d/Project/airflow-news/venv/lib/python3.12/site-packages/airflow/example_dags/example_trigger_controller_dag.py
[2024-12-23T06:23:33.482+0700] {processor.py:925} INFO - DAG(s) 'example_trigger_controller_dag' retrieved from /mnt/d/Project/airflow-news/venv/lib/python3.12/site-packages/airflow/example_dags/example_trigger_controller_dag.py
[2024-12-23T06:23:33.524+0700] {logging_mixin.py:190} INFO - [2024-12-23T06:23:33.523+0700] {dag.py:3239} INFO - Sync 1 DAGs
[2024-12-23T06:23:33.563+0700] {logging_mixin.py:190} INFO - [2024-12-23T06:23:33.562+0700] {dag.py:4180} INFO - Setting next_dagrun for example_trigger_controller_dag to 2021-01-01 00:00:00+00:00, run_after=2021-01-01 00:00:00+00:00
[2024-12-23T06:23:33.649+0700] {processor.py:208} INFO - Processing /mnt/d/Project/airflow-news/venv/lib/python3.12/site-packages/airflow/example_dags/example_trigger_controller_dag.py took 0.297 seconds
[2024-12-23T06:23:55.149+0700] {processor.py:186} INFO - Started process (PID=6560) to work on /mnt/d/Project/airflow-news/venv/lib/python3.12/site-packages/airflow/example_dags/example_trigger_controller_dag.py
[2024-12-23T06:23:55.152+0700] {processor.py:914} INFO - Processing file /mnt/d/Project/airflow-news/venv/lib/python3.12/site-packages/airflow/example_dags/example_trigger_controller_dag.py for tasks to queue
[2024-12-23T06:23:55.156+0700] {logging_mixin.py:190} INFO - [2024-12-23T06:23:55.155+0700] {dagbag.py:588} INFO - Filling up the DagBag from /mnt/d/Project/airflow-news/venv/lib/python3.12/site-packages/airflow/example_dags/example_trigger_controller_dag.py
[2024-12-23T06:23:55.244+0700] {processor.py:925} INFO - DAG(s) 'example_trigger_controller_dag' retrieved from /mnt/d/Project/airflow-news/venv/lib/python3.12/site-packages/airflow/example_dags/example_trigger_controller_dag.py
[2024-12-23T06:23:55.279+0700] {logging_mixin.py:190} INFO - [2024-12-23T06:23:55.278+0700] {dag.py:3239} INFO - Sync 1 DAGs
[2024-12-23T06:23:55.311+0700] {logging_mixin.py:190} INFO - [2024-12-23T06:23:55.309+0700] {dag.py:4180} INFO - Setting next_dagrun for example_trigger_controller_dag to 2021-01-01 00:00:00+00:00, run_after=2021-01-01 00:00:00+00:00
[2024-12-23T06:23:55.381+0700] {processor.py:208} INFO - Processing /mnt/d/Project/airflow-news/venv/lib/python3.12/site-packages/airflow/example_dags/example_trigger_controller_dag.py took 0.248 seconds
[2024-12-23T06:25:18.813+0700] {processor.py:186} INFO - Started process (PID=6834) to work on /mnt/d/Project/airflow-news/venv/lib/python3.12/site-packages/airflow/example_dags/example_trigger_controller_dag.py
[2024-12-23T06:25:18.815+0700] {processor.py:914} INFO - Processing file /mnt/d/Project/airflow-news/venv/lib/python3.12/site-packages/airflow/example_dags/example_trigger_controller_dag.py for tasks to queue
[2024-12-23T06:25:18.820+0700] {logging_mixin.py:190} INFO - [2024-12-23T06:25:18.819+0700] {dagbag.py:588} INFO - Filling up the DagBag from /mnt/d/Project/airflow-news/venv/lib/python3.12/site-packages/airflow/example_dags/example_trigger_controller_dag.py
[2024-12-23T06:25:18.907+0700] {processor.py:925} INFO - DAG(s) 'example_trigger_controller_dag' retrieved from /mnt/d/Project/airflow-news/venv/lib/python3.12/site-packages/airflow/example_dags/example_trigger_controller_dag.py
[2024-12-23T06:25:18.943+0700] {logging_mixin.py:190} INFO - [2024-12-23T06:25:18.941+0700] {dag.py:3239} INFO - Sync 1 DAGs
[2024-12-23T06:25:18.975+0700] {logging_mixin.py:190} INFO - [2024-12-23T06:25:18.973+0700] {dag.py:4180} INFO - Setting next_dagrun for example_trigger_controller_dag to 2021-01-01 00:00:00+00:00, run_after=2021-01-01 00:00:00+00:00
[2024-12-23T06:25:19.051+0700] {processor.py:208} INFO - Processing /mnt/d/Project/airflow-news/venv/lib/python3.12/site-packages/airflow/example_dags/example_trigger_controller_dag.py took 0.258 seconds
[2024-12-23T06:25:20.567+0700] {processor.py:186} INFO - Started process (PID=6839) to work on /mnt/d/Project/airflow-news/venv/lib/python3.12/site-packages/airflow/example_dags/example_trigger_controller_dag.py
[2024-12-23T06:25:20.569+0700] {processor.py:914} INFO - Processing file /mnt/d/Project/airflow-news/venv/lib/python3.12/site-packages/airflow/example_dags/example_trigger_controller_dag.py for tasks to queue
[2024-12-23T06:25:20.575+0700] {logging_mixin.py:190} INFO - [2024-12-23T06:25:20.573+0700] {dagbag.py:588} INFO - Filling up the DagBag from /mnt/d/Project/airflow-news/venv/lib/python3.12/site-packages/airflow/example_dags/example_trigger_controller_dag.py
[2024-12-23T06:25:20.667+0700] {processor.py:925} INFO - DAG(s) 'example_trigger_controller_dag' retrieved from /mnt/d/Project/airflow-news/venv/lib/python3.12/site-packages/airflow/example_dags/example_trigger_controller_dag.py
[2024-12-23T06:25:20.701+0700] {logging_mixin.py:190} INFO - [2024-12-23T06:25:20.700+0700] {dag.py:3239} INFO - Sync 1 DAGs
[2024-12-23T06:25:20.730+0700] {logging_mixin.py:190} INFO - [2024-12-23T06:25:20.729+0700] {dag.py:4180} INFO - Setting next_dagrun for example_trigger_controller_dag to 2021-01-01 00:00:00+00:00, run_after=2021-01-01 00:00:00+00:00
[2024-12-23T06:25:20.802+0700] {processor.py:208} INFO - Processing /mnt/d/Project/airflow-news/venv/lib/python3.12/site-packages/airflow/example_dags/example_trigger_controller_dag.py took 0.252 seconds
[2024-12-23T06:26:10.226+0700] {processor.py:186} INFO - Started process (PID=6980) to work on /mnt/d/Project/airflow-news/venv/lib/python3.12/site-packages/airflow/example_dags/example_trigger_controller_dag.py
[2024-12-23T06:26:10.228+0700] {processor.py:914} INFO - Processing file /mnt/d/Project/airflow-news/venv/lib/python3.12/site-packages/airflow/example_dags/example_trigger_controller_dag.py for tasks to queue
[2024-12-23T06:26:10.233+0700] {logging_mixin.py:190} INFO - [2024-12-23T06:26:10.232+0700] {dagbag.py:588} INFO - Filling up the DagBag from /mnt/d/Project/airflow-news/venv/lib/python3.12/site-packages/airflow/example_dags/example_trigger_controller_dag.py
[2024-12-23T06:26:10.319+0700] {processor.py:925} INFO - DAG(s) 'example_trigger_controller_dag' retrieved from /mnt/d/Project/airflow-news/venv/lib/python3.12/site-packages/airflow/example_dags/example_trigger_controller_dag.py
[2024-12-23T06:26:10.356+0700] {logging_mixin.py:190} INFO - [2024-12-23T06:26:10.354+0700] {dag.py:3239} INFO - Sync 1 DAGs
[2024-12-23T06:26:10.387+0700] {logging_mixin.py:190} INFO - [2024-12-23T06:26:10.386+0700] {dag.py:4180} INFO - Setting next_dagrun for example_trigger_controller_dag to 2021-01-01 00:00:00+00:00, run_after=2021-01-01 00:00:00+00:00
[2024-12-23T06:26:10.461+0700] {processor.py:208} INFO - Processing /mnt/d/Project/airflow-news/venv/lib/python3.12/site-packages/airflow/example_dags/example_trigger_controller_dag.py took 0.249 seconds
[2024-12-23T06:27:07.187+0700] {processor.py:186} INFO - Started process (PID=7151) to work on /mnt/d/Project/airflow-news/venv/lib/python3.12/site-packages/airflow/example_dags/example_trigger_controller_dag.py
[2024-12-23T06:27:07.188+0700] {processor.py:914} INFO - Processing file /mnt/d/Project/airflow-news/venv/lib/python3.12/site-packages/airflow/example_dags/example_trigger_controller_dag.py for tasks to queue
[2024-12-23T06:27:07.193+0700] {logging_mixin.py:190} INFO - [2024-12-23T06:27:07.191+0700] {dagbag.py:588} INFO - Filling up the DagBag from /mnt/d/Project/airflow-news/venv/lib/python3.12/site-packages/airflow/example_dags/example_trigger_controller_dag.py
[2024-12-23T06:27:07.281+0700] {processor.py:925} INFO - DAG(s) 'example_trigger_controller_dag' retrieved from /mnt/d/Project/airflow-news/venv/lib/python3.12/site-packages/airflow/example_dags/example_trigger_controller_dag.py
[2024-12-23T06:27:07.321+0700] {logging_mixin.py:190} INFO - [2024-12-23T06:27:07.319+0700] {dag.py:3239} INFO - Sync 1 DAGs
[2024-12-23T06:27:07.359+0700] {logging_mixin.py:190} INFO - [2024-12-23T06:27:07.357+0700] {dag.py:4180} INFO - Setting next_dagrun for example_trigger_controller_dag to 2021-01-01 00:00:00+00:00, run_after=2021-01-01 00:00:00+00:00
[2024-12-23T06:27:07.438+0700] {processor.py:208} INFO - Processing /mnt/d/Project/airflow-news/venv/lib/python3.12/site-packages/airflow/example_dags/example_trigger_controller_dag.py took 0.272 seconds
[2024-12-23T06:27:45.085+0700] {processor.py:186} INFO - Started process (PID=7268) to work on /mnt/d/Project/airflow-news/venv/lib/python3.12/site-packages/airflow/example_dags/example_trigger_controller_dag.py
[2024-12-23T06:27:45.088+0700] {processor.py:914} INFO - Processing file /mnt/d/Project/airflow-news/venv/lib/python3.12/site-packages/airflow/example_dags/example_trigger_controller_dag.py for tasks to queue
[2024-12-23T06:27:45.092+0700] {logging_mixin.py:190} INFO - [2024-12-23T06:27:45.091+0700] {dagbag.py:588} INFO - Filling up the DagBag from /mnt/d/Project/airflow-news/venv/lib/python3.12/site-packages/airflow/example_dags/example_trigger_controller_dag.py
[2024-12-23T06:27:45.166+0700] {processor.py:925} INFO - DAG(s) 'example_trigger_controller_dag' retrieved from /mnt/d/Project/airflow-news/venv/lib/python3.12/site-packages/airflow/example_dags/example_trigger_controller_dag.py
[2024-12-23T06:27:45.202+0700] {logging_mixin.py:190} INFO - [2024-12-23T06:27:45.201+0700] {dag.py:3239} INFO - Sync 1 DAGs
[2024-12-23T06:27:45.237+0700] {logging_mixin.py:190} INFO - [2024-12-23T06:27:45.236+0700] {dag.py:4180} INFO - Setting next_dagrun for example_trigger_controller_dag to 2021-01-01 00:00:00+00:00, run_after=2021-01-01 00:00:00+00:00
[2024-12-23T06:27:45.312+0700] {processor.py:208} INFO - Processing /mnt/d/Project/airflow-news/venv/lib/python3.12/site-packages/airflow/example_dags/example_trigger_controller_dag.py took 0.242 seconds
[2024-12-23T06:28:52.619+0700] {processor.py:186} INFO - Started process (PID=7467) to work on /mnt/d/Project/airflow-news/venv/lib/python3.12/site-packages/airflow/example_dags/example_trigger_controller_dag.py
[2024-12-23T06:28:52.622+0700] {processor.py:914} INFO - Processing file /mnt/d/Project/airflow-news/venv/lib/python3.12/site-packages/airflow/example_dags/example_trigger_controller_dag.py for tasks to queue
[2024-12-23T06:28:52.627+0700] {logging_mixin.py:190} INFO - [2024-12-23T06:28:52.625+0700] {dagbag.py:588} INFO - Filling up the DagBag from /mnt/d/Project/airflow-news/venv/lib/python3.12/site-packages/airflow/example_dags/example_trigger_controller_dag.py
[2024-12-23T06:28:52.721+0700] {processor.py:925} INFO - DAG(s) 'example_trigger_controller_dag' retrieved from /mnt/d/Project/airflow-news/venv/lib/python3.12/site-packages/airflow/example_dags/example_trigger_controller_dag.py
[2024-12-23T06:28:52.759+0700] {logging_mixin.py:190} INFO - [2024-12-23T06:28:52.757+0700] {dag.py:3239} INFO - Sync 1 DAGs
[2024-12-23T06:28:52.793+0700] {logging_mixin.py:190} INFO - [2024-12-23T06:28:52.792+0700] {dag.py:4180} INFO - Setting next_dagrun for example_trigger_controller_dag to 2021-01-01 00:00:00+00:00, run_after=2021-01-01 00:00:00+00:00
[2024-12-23T06:28:52.873+0700] {processor.py:208} INFO - Processing /mnt/d/Project/airflow-news/venv/lib/python3.12/site-packages/airflow/example_dags/example_trigger_controller_dag.py took 0.279 seconds
[2024-12-23T06:29:19.962+0700] {processor.py:186} INFO - Started process (PID=7544) to work on /mnt/d/Project/airflow-news/venv/lib/python3.12/site-packages/airflow/example_dags/example_trigger_controller_dag.py
[2024-12-23T06:29:19.964+0700] {processor.py:914} INFO - Processing file /mnt/d/Project/airflow-news/venv/lib/python3.12/site-packages/airflow/example_dags/example_trigger_controller_dag.py for tasks to queue
[2024-12-23T06:29:19.970+0700] {logging_mixin.py:190} INFO - [2024-12-23T06:29:19.968+0700] {dagbag.py:588} INFO - Filling up the DagBag from /mnt/d/Project/airflow-news/venv/lib/python3.12/site-packages/airflow/example_dags/example_trigger_controller_dag.py
[2024-12-23T06:29:20.059+0700] {processor.py:925} INFO - DAG(s) 'example_trigger_controller_dag' retrieved from /mnt/d/Project/airflow-news/venv/lib/python3.12/site-packages/airflow/example_dags/example_trigger_controller_dag.py
[2024-12-23T06:29:20.094+0700] {logging_mixin.py:190} INFO - [2024-12-23T06:29:20.093+0700] {dag.py:3239} INFO - Sync 1 DAGs
[2024-12-23T06:29:20.122+0700] {logging_mixin.py:190} INFO - [2024-12-23T06:29:20.120+0700] {dag.py:4180} INFO - Setting next_dagrun for example_trigger_controller_dag to 2021-01-01 00:00:00+00:00, run_after=2021-01-01 00:00:00+00:00
[2024-12-23T06:29:20.195+0700] {processor.py:208} INFO - Processing /mnt/d/Project/airflow-news/venv/lib/python3.12/site-packages/airflow/example_dags/example_trigger_controller_dag.py took 0.250 seconds
[2024-12-23T06:30:41.110+0700] {processor.py:186} INFO - Started process (PID=7783) to work on /mnt/d/Project/airflow-news/venv/lib/python3.12/site-packages/airflow/example_dags/example_trigger_controller_dag.py
[2024-12-23T06:30:41.112+0700] {processor.py:914} INFO - Processing file /mnt/d/Project/airflow-news/venv/lib/python3.12/site-packages/airflow/example_dags/example_trigger_controller_dag.py for tasks to queue
[2024-12-23T06:30:41.116+0700] {logging_mixin.py:190} INFO - [2024-12-23T06:30:41.115+0700] {dagbag.py:588} INFO - Filling up the DagBag from /mnt/d/Project/airflow-news/venv/lib/python3.12/site-packages/airflow/example_dags/example_trigger_controller_dag.py
[2024-12-23T06:30:41.194+0700] {processor.py:925} INFO - DAG(s) 'example_trigger_controller_dag' retrieved from /mnt/d/Project/airflow-news/venv/lib/python3.12/site-packages/airflow/example_dags/example_trigger_controller_dag.py
[2024-12-23T06:30:41.229+0700] {logging_mixin.py:190} INFO - [2024-12-23T06:30:41.228+0700] {dag.py:3239} INFO - Sync 1 DAGs
[2024-12-23T06:30:41.264+0700] {logging_mixin.py:190} INFO - [2024-12-23T06:30:41.263+0700] {dag.py:4180} INFO - Setting next_dagrun for example_trigger_controller_dag to 2021-01-01 00:00:00+00:00, run_after=2021-01-01 00:00:00+00:00
[2024-12-23T06:30:41.339+0700] {processor.py:208} INFO - Processing /mnt/d/Project/airflow-news/venv/lib/python3.12/site-packages/airflow/example_dags/example_trigger_controller_dag.py took 0.248 seconds
[2024-12-23T06:30:46.805+0700] {processor.py:186} INFO - Started process (PID=7801) to work on /mnt/d/Project/airflow-news/venv/lib/python3.12/site-packages/airflow/example_dags/example_trigger_controller_dag.py
[2024-12-23T06:30:46.808+0700] {processor.py:914} INFO - Processing file /mnt/d/Project/airflow-news/venv/lib/python3.12/site-packages/airflow/example_dags/example_trigger_controller_dag.py for tasks to queue
[2024-12-23T06:30:46.814+0700] {logging_mixin.py:190} INFO - [2024-12-23T06:30:46.812+0700] {dagbag.py:588} INFO - Filling up the DagBag from /mnt/d/Project/airflow-news/venv/lib/python3.12/site-packages/airflow/example_dags/example_trigger_controller_dag.py
[2024-12-23T06:30:46.895+0700] {processor.py:925} INFO - DAG(s) 'example_trigger_controller_dag' retrieved from /mnt/d/Project/airflow-news/venv/lib/python3.12/site-packages/airflow/example_dags/example_trigger_controller_dag.py
[2024-12-23T06:30:46.932+0700] {logging_mixin.py:190} INFO - [2024-12-23T06:30:46.930+0700] {dag.py:3239} INFO - Sync 1 DAGs
[2024-12-23T06:30:46.961+0700] {logging_mixin.py:190} INFO - [2024-12-23T06:30:46.960+0700] {dag.py:4180} INFO - Setting next_dagrun for example_trigger_controller_dag to 2021-01-01 00:00:00+00:00, run_after=2021-01-01 00:00:00+00:00
[2024-12-23T06:30:47.034+0700] {processor.py:208} INFO - Processing /mnt/d/Project/airflow-news/venv/lib/python3.12/site-packages/airflow/example_dags/example_trigger_controller_dag.py took 0.244 seconds
[2024-12-23T06:32:21.569+0700] {processor.py:186} INFO - Started process (PID=8078) to work on /mnt/d/Project/airflow-news/venv/lib/python3.12/site-packages/airflow/example_dags/example_trigger_controller_dag.py
[2024-12-23T06:32:21.571+0700] {processor.py:914} INFO - Processing file /mnt/d/Project/airflow-news/venv/lib/python3.12/site-packages/airflow/example_dags/example_trigger_controller_dag.py for tasks to queue
[2024-12-23T06:32:21.576+0700] {logging_mixin.py:190} INFO - [2024-12-23T06:32:21.574+0700] {dagbag.py:588} INFO - Filling up the DagBag from /mnt/d/Project/airflow-news/venv/lib/python3.12/site-packages/airflow/example_dags/example_trigger_controller_dag.py
[2024-12-23T06:32:21.670+0700] {processor.py:925} INFO - DAG(s) 'example_trigger_controller_dag' retrieved from /mnt/d/Project/airflow-news/venv/lib/python3.12/site-packages/airflow/example_dags/example_trigger_controller_dag.py
[2024-12-23T06:32:21.708+0700] {logging_mixin.py:190} INFO - [2024-12-23T06:32:21.707+0700] {dag.py:3239} INFO - Sync 1 DAGs
[2024-12-23T06:32:21.740+0700] {logging_mixin.py:190} INFO - [2024-12-23T06:32:21.738+0700] {dag.py:4180} INFO - Setting next_dagrun for example_trigger_controller_dag to 2021-01-01 00:00:00+00:00, run_after=2021-01-01 00:00:00+00:00
[2024-12-23T06:32:21.815+0700] {processor.py:208} INFO - Processing /mnt/d/Project/airflow-news/venv/lib/python3.12/site-packages/airflow/example_dags/example_trigger_controller_dag.py took 0.263 seconds
[2024-12-23T06:32:27.789+0700] {processor.py:186} INFO - Started process (PID=8099) to work on /mnt/d/Project/airflow-news/venv/lib/python3.12/site-packages/airflow/example_dags/example_trigger_controller_dag.py
[2024-12-23T06:32:27.791+0700] {processor.py:914} INFO - Processing file /mnt/d/Project/airflow-news/venv/lib/python3.12/site-packages/airflow/example_dags/example_trigger_controller_dag.py for tasks to queue
[2024-12-23T06:32:27.797+0700] {logging_mixin.py:190} INFO - [2024-12-23T06:32:27.795+0700] {dagbag.py:588} INFO - Filling up the DagBag from /mnt/d/Project/airflow-news/venv/lib/python3.12/site-packages/airflow/example_dags/example_trigger_controller_dag.py
[2024-12-23T06:32:27.892+0700] {processor.py:925} INFO - DAG(s) 'example_trigger_controller_dag' retrieved from /mnt/d/Project/airflow-news/venv/lib/python3.12/site-packages/airflow/example_dags/example_trigger_controller_dag.py
[2024-12-23T06:32:27.928+0700] {logging_mixin.py:190} INFO - [2024-12-23T06:32:27.927+0700] {dag.py:3239} INFO - Sync 1 DAGs
[2024-12-23T06:32:27.966+0700] {logging_mixin.py:190} INFO - [2024-12-23T06:32:27.964+0700] {dag.py:4180} INFO - Setting next_dagrun for example_trigger_controller_dag to 2021-01-01 00:00:00+00:00, run_after=2021-01-01 00:00:00+00:00
[2024-12-23T06:32:28.051+0700] {processor.py:208} INFO - Processing /mnt/d/Project/airflow-news/venv/lib/python3.12/site-packages/airflow/example_dags/example_trigger_controller_dag.py took 0.285 seconds
[2024-12-23T06:33:54.882+0700] {processor.py:186} INFO - Started process (PID=8371) to work on /mnt/d/Project/airflow-news/venv/lib/python3.12/site-packages/airflow/example_dags/example_trigger_controller_dag.py
[2024-12-23T06:33:54.884+0700] {processor.py:914} INFO - Processing file /mnt/d/Project/airflow-news/venv/lib/python3.12/site-packages/airflow/example_dags/example_trigger_controller_dag.py for tasks to queue
[2024-12-23T06:33:54.890+0700] {logging_mixin.py:190} INFO - [2024-12-23T06:33:54.888+0700] {dagbag.py:588} INFO - Filling up the DagBag from /mnt/d/Project/airflow-news/venv/lib/python3.12/site-packages/airflow/example_dags/example_trigger_controller_dag.py
[2024-12-23T06:33:54.994+0700] {processor.py:925} INFO - DAG(s) 'example_trigger_controller_dag' retrieved from /mnt/d/Project/airflow-news/venv/lib/python3.12/site-packages/airflow/example_dags/example_trigger_controller_dag.py
[2024-12-23T06:33:55.035+0700] {logging_mixin.py:190} INFO - [2024-12-23T06:33:55.034+0700] {dag.py:3239} INFO - Sync 1 DAGs
[2024-12-23T06:33:55.068+0700] {logging_mixin.py:190} INFO - [2024-12-23T06:33:55.066+0700] {dag.py:4180} INFO - Setting next_dagrun for example_trigger_controller_dag to 2021-01-01 00:00:00+00:00, run_after=2021-01-01 00:00:00+00:00
[2024-12-23T06:33:55.140+0700] {processor.py:208} INFO - Processing /mnt/d/Project/airflow-news/venv/lib/python3.12/site-packages/airflow/example_dags/example_trigger_controller_dag.py took 0.276 seconds
[2024-12-23T06:34:14.173+0700] {processor.py:186} INFO - Started process (PID=8425) to work on /mnt/d/Project/airflow-news/venv/lib/python3.12/site-packages/airflow/example_dags/example_trigger_controller_dag.py
[2024-12-23T06:34:14.176+0700] {processor.py:914} INFO - Processing file /mnt/d/Project/airflow-news/venv/lib/python3.12/site-packages/airflow/example_dags/example_trigger_controller_dag.py for tasks to queue
[2024-12-23T06:34:14.180+0700] {logging_mixin.py:190} INFO - [2024-12-23T06:34:14.178+0700] {dagbag.py:588} INFO - Filling up the DagBag from /mnt/d/Project/airflow-news/venv/lib/python3.12/site-packages/airflow/example_dags/example_trigger_controller_dag.py
[2024-12-23T06:34:14.266+0700] {processor.py:925} INFO - DAG(s) 'example_trigger_controller_dag' retrieved from /mnt/d/Project/airflow-news/venv/lib/python3.12/site-packages/airflow/example_dags/example_trigger_controller_dag.py
[2024-12-23T06:34:14.308+0700] {logging_mixin.py:190} INFO - [2024-12-23T06:34:14.306+0700] {dag.py:3239} INFO - Sync 1 DAGs
[2024-12-23T06:34:14.342+0700] {logging_mixin.py:190} INFO - [2024-12-23T06:34:14.340+0700] {dag.py:4180} INFO - Setting next_dagrun for example_trigger_controller_dag to 2021-01-01 00:00:00+00:00, run_after=2021-01-01 00:00:00+00:00
[2024-12-23T06:34:14.420+0700] {processor.py:208} INFO - Processing /mnt/d/Project/airflow-news/venv/lib/python3.12/site-packages/airflow/example_dags/example_trigger_controller_dag.py took 0.268 seconds
[2024-12-23T06:36:11.104+0700] {processor.py:186} INFO - Started process (PID=8767) to work on /mnt/d/Project/airflow-news/venv/lib/python3.12/site-packages/airflow/example_dags/example_trigger_controller_dag.py
[2024-12-23T06:36:11.110+0700] {processor.py:914} INFO - Processing file /mnt/d/Project/airflow-news/venv/lib/python3.12/site-packages/airflow/example_dags/example_trigger_controller_dag.py for tasks to queue
[2024-12-23T06:36:11.120+0700] {logging_mixin.py:190} INFO - [2024-12-23T06:36:11.118+0700] {dagbag.py:588} INFO - Filling up the DagBag from /mnt/d/Project/airflow-news/venv/lib/python3.12/site-packages/airflow/example_dags/example_trigger_controller_dag.py
[2024-12-23T06:36:11.244+0700] {processor.py:925} INFO - DAG(s) 'example_trigger_controller_dag' retrieved from /mnt/d/Project/airflow-news/venv/lib/python3.12/site-packages/airflow/example_dags/example_trigger_controller_dag.py
[2024-12-23T06:36:11.320+0700] {logging_mixin.py:190} INFO - [2024-12-23T06:36:11.318+0700] {dag.py:3239} INFO - Sync 1 DAGs
[2024-12-23T06:36:11.392+0700] {logging_mixin.py:190} INFO - [2024-12-23T06:36:11.388+0700] {dag.py:4180} INFO - Setting next_dagrun for example_trigger_controller_dag to 2021-01-01 00:00:00+00:00, run_after=2021-01-01 00:00:00+00:00
[2024-12-23T06:36:11.562+0700] {processor.py:208} INFO - Processing /mnt/d/Project/airflow-news/venv/lib/python3.12/site-packages/airflow/example_dags/example_trigger_controller_dag.py took 0.508 seconds
[2024-12-23T06:36:30.988+0700] {processor.py:186} INFO - Started process (PID=8822) to work on /mnt/d/Project/airflow-news/venv/lib/python3.12/site-packages/airflow/example_dags/example_trigger_controller_dag.py
[2024-12-23T06:36:30.991+0700] {processor.py:914} INFO - Processing file /mnt/d/Project/airflow-news/venv/lib/python3.12/site-packages/airflow/example_dags/example_trigger_controller_dag.py for tasks to queue
[2024-12-23T06:36:30.995+0700] {logging_mixin.py:190} INFO - [2024-12-23T06:36:30.994+0700] {dagbag.py:588} INFO - Filling up the DagBag from /mnt/d/Project/airflow-news/venv/lib/python3.12/site-packages/airflow/example_dags/example_trigger_controller_dag.py
[2024-12-23T06:36:31.088+0700] {processor.py:925} INFO - DAG(s) 'example_trigger_controller_dag' retrieved from /mnt/d/Project/airflow-news/venv/lib/python3.12/site-packages/airflow/example_dags/example_trigger_controller_dag.py
[2024-12-23T06:36:31.128+0700] {logging_mixin.py:190} INFO - [2024-12-23T06:36:31.127+0700] {dag.py:3239} INFO - Sync 1 DAGs
[2024-12-23T06:36:31.161+0700] {logging_mixin.py:190} INFO - [2024-12-23T06:36:31.159+0700] {dag.py:4180} INFO - Setting next_dagrun for example_trigger_controller_dag to 2021-01-01 00:00:00+00:00, run_after=2021-01-01 00:00:00+00:00
[2024-12-23T06:36:31.244+0700] {processor.py:208} INFO - Processing /mnt/d/Project/airflow-news/venv/lib/python3.12/site-packages/airflow/example_dags/example_trigger_controller_dag.py took 0.272 seconds
[2024-12-23T06:37:36.125+0700] {processor.py:186} INFO - Started process (PID=9024) to work on /mnt/d/Project/airflow-news/venv/lib/python3.12/site-packages/airflow/example_dags/example_trigger_controller_dag.py
[2024-12-23T06:37:36.127+0700] {processor.py:914} INFO - Processing file /mnt/d/Project/airflow-news/venv/lib/python3.12/site-packages/airflow/example_dags/example_trigger_controller_dag.py for tasks to queue
[2024-12-23T06:37:36.132+0700] {logging_mixin.py:190} INFO - [2024-12-23T06:37:36.130+0700] {dagbag.py:588} INFO - Filling up the DagBag from /mnt/d/Project/airflow-news/venv/lib/python3.12/site-packages/airflow/example_dags/example_trigger_controller_dag.py
[2024-12-23T06:37:36.215+0700] {processor.py:925} INFO - DAG(s) 'example_trigger_controller_dag' retrieved from /mnt/d/Project/airflow-news/venv/lib/python3.12/site-packages/airflow/example_dags/example_trigger_controller_dag.py
[2024-12-23T06:37:36.248+0700] {logging_mixin.py:190} INFO - [2024-12-23T06:37:36.246+0700] {dag.py:3239} INFO - Sync 1 DAGs
[2024-12-23T06:37:36.283+0700] {logging_mixin.py:190} INFO - [2024-12-23T06:37:36.281+0700] {dag.py:4180} INFO - Setting next_dagrun for example_trigger_controller_dag to 2021-01-01 00:00:00+00:00, run_after=2021-01-01 00:00:00+00:00
[2024-12-23T06:37:36.356+0700] {processor.py:208} INFO - Processing /mnt/d/Project/airflow-news/venv/lib/python3.12/site-packages/airflow/example_dags/example_trigger_controller_dag.py took 0.251 seconds
[2024-12-23T06:37:48.663+0700] {processor.py:186} INFO - Started process (PID=9080) to work on /mnt/d/Project/airflow-news/venv/lib/python3.12/site-packages/airflow/example_dags/example_trigger_controller_dag.py
[2024-12-23T06:37:48.667+0700] {processor.py:914} INFO - Processing file /mnt/d/Project/airflow-news/venv/lib/python3.12/site-packages/airflow/example_dags/example_trigger_controller_dag.py for tasks to queue
[2024-12-23T06:37:48.673+0700] {logging_mixin.py:190} INFO - [2024-12-23T06:37:48.671+0700] {dagbag.py:588} INFO - Filling up the DagBag from /mnt/d/Project/airflow-news/venv/lib/python3.12/site-packages/airflow/example_dags/example_trigger_controller_dag.py
[2024-12-23T06:37:48.783+0700] {processor.py:925} INFO - DAG(s) 'example_trigger_controller_dag' retrieved from /mnt/d/Project/airflow-news/venv/lib/python3.12/site-packages/airflow/example_dags/example_trigger_controller_dag.py
[2024-12-23T06:37:48.830+0700] {logging_mixin.py:190} INFO - [2024-12-23T06:37:48.828+0700] {dag.py:3239} INFO - Sync 1 DAGs
[2024-12-23T06:37:48.868+0700] {logging_mixin.py:190} INFO - [2024-12-23T06:37:48.867+0700] {dag.py:4180} INFO - Setting next_dagrun for example_trigger_controller_dag to 2021-01-01 00:00:00+00:00, run_after=2021-01-01 00:00:00+00:00
[2024-12-23T06:37:48.941+0700] {processor.py:208} INFO - Processing /mnt/d/Project/airflow-news/venv/lib/python3.12/site-packages/airflow/example_dags/example_trigger_controller_dag.py took 0.293 seconds
[2024-12-23T06:38:36.981+0700] {processor.py:186} INFO - Started process (PID=9249) to work on /mnt/d/Project/airflow-news/venv/lib/python3.12/site-packages/airflow/example_dags/example_trigger_controller_dag.py
[2024-12-23T06:38:36.984+0700] {processor.py:914} INFO - Processing file /mnt/d/Project/airflow-news/venv/lib/python3.12/site-packages/airflow/example_dags/example_trigger_controller_dag.py for tasks to queue
[2024-12-23T06:38:36.990+0700] {logging_mixin.py:190} INFO - [2024-12-23T06:38:36.988+0700] {dagbag.py:588} INFO - Filling up the DagBag from /mnt/d/Project/airflow-news/venv/lib/python3.12/site-packages/airflow/example_dags/example_trigger_controller_dag.py
[2024-12-23T06:38:37.098+0700] {processor.py:925} INFO - DAG(s) 'example_trigger_controller_dag' retrieved from /mnt/d/Project/airflow-news/venv/lib/python3.12/site-packages/airflow/example_dags/example_trigger_controller_dag.py
[2024-12-23T06:38:37.140+0700] {logging_mixin.py:190} INFO - [2024-12-23T06:38:37.138+0700] {dag.py:3239} INFO - Sync 1 DAGs
[2024-12-23T06:38:37.172+0700] {logging_mixin.py:190} INFO - [2024-12-23T06:38:37.170+0700] {dag.py:4180} INFO - Setting next_dagrun for example_trigger_controller_dag to 2021-01-01 00:00:00+00:00, run_after=2021-01-01 00:00:00+00:00
[2024-12-23T06:38:37.249+0700] {processor.py:208} INFO - Processing /mnt/d/Project/airflow-news/venv/lib/python3.12/site-packages/airflow/example_dags/example_trigger_controller_dag.py took 0.296 seconds
[2024-12-23T06:39:25.080+0700] {processor.py:186} INFO - Started process (PID=9398) to work on /mnt/d/Project/airflow-news/venv/lib/python3.12/site-packages/airflow/example_dags/example_trigger_controller_dag.py
[2024-12-23T06:39:25.082+0700] {processor.py:914} INFO - Processing file /mnt/d/Project/airflow-news/venv/lib/python3.12/site-packages/airflow/example_dags/example_trigger_controller_dag.py for tasks to queue
[2024-12-23T06:39:25.087+0700] {logging_mixin.py:190} INFO - [2024-12-23T06:39:25.086+0700] {dagbag.py:588} INFO - Filling up the DagBag from /mnt/d/Project/airflow-news/venv/lib/python3.12/site-packages/airflow/example_dags/example_trigger_controller_dag.py
[2024-12-23T06:39:25.222+0700] {processor.py:925} INFO - DAG(s) 'example_trigger_controller_dag' retrieved from /mnt/d/Project/airflow-news/venv/lib/python3.12/site-packages/airflow/example_dags/example_trigger_controller_dag.py
[2024-12-23T06:39:25.273+0700] {logging_mixin.py:190} INFO - [2024-12-23T06:39:25.272+0700] {dag.py:3239} INFO - Sync 1 DAGs
[2024-12-23T06:39:25.311+0700] {logging_mixin.py:190} INFO - [2024-12-23T06:39:25.309+0700] {dag.py:4180} INFO - Setting next_dagrun for example_trigger_controller_dag to 2021-01-01 00:00:00+00:00, run_after=2021-01-01 00:00:00+00:00
[2024-12-23T06:39:25.394+0700] {processor.py:208} INFO - Processing /mnt/d/Project/airflow-news/venv/lib/python3.12/site-packages/airflow/example_dags/example_trigger_controller_dag.py took 0.331 seconds
[2024-12-23T06:39:37.041+0700] {processor.py:186} INFO - Started process (PID=9436) to work on /mnt/d/Project/airflow-news/venv/lib/python3.12/site-packages/airflow/example_dags/example_trigger_controller_dag.py
[2024-12-23T06:39:37.044+0700] {processor.py:914} INFO - Processing file /mnt/d/Project/airflow-news/venv/lib/python3.12/site-packages/airflow/example_dags/example_trigger_controller_dag.py for tasks to queue
[2024-12-23T06:39:37.050+0700] {logging_mixin.py:190} INFO - [2024-12-23T06:39:37.048+0700] {dagbag.py:588} INFO - Filling up the DagBag from /mnt/d/Project/airflow-news/venv/lib/python3.12/site-packages/airflow/example_dags/example_trigger_controller_dag.py
[2024-12-23T06:39:37.178+0700] {processor.py:925} INFO - DAG(s) 'example_trigger_controller_dag' retrieved from /mnt/d/Project/airflow-news/venv/lib/python3.12/site-packages/airflow/example_dags/example_trigger_controller_dag.py
[2024-12-23T06:39:37.226+0700] {logging_mixin.py:190} INFO - [2024-12-23T06:39:37.225+0700] {dag.py:3239} INFO - Sync 1 DAGs
[2024-12-23T06:39:37.283+0700] {logging_mixin.py:190} INFO - [2024-12-23T06:39:37.281+0700] {dag.py:4180} INFO - Setting next_dagrun for example_trigger_controller_dag to 2021-01-01 00:00:00+00:00, run_after=2021-01-01 00:00:00+00:00
[2024-12-23T06:39:37.392+0700] {processor.py:208} INFO - Processing /mnt/d/Project/airflow-news/venv/lib/python3.12/site-packages/airflow/example_dags/example_trigger_controller_dag.py took 0.378 seconds
