[2024-12-23T05:45:14.086+0700] {processor.py:186} INFO - Started process (PID=1382) to work on /mnt/d/Project/airflow-news/venv/lib/python3.12/site-packages/airflow/example_dags/example_setup_teardown.py
[2024-12-23T05:45:14.088+0700] {processor.py:914} INFO - Processing file /mnt/d/Project/airflow-news/venv/lib/python3.12/site-packages/airflow/example_dags/example_setup_teardown.py for tasks to queue
[2024-12-23T05:45:14.093+0700] {logging_mixin.py:190} INFO - [2024-12-23T05:45:14.092+0700] {dagbag.py:588} INFO - Filling up the DagBag from /mnt/d/Project/airflow-news/venv/lib/python3.12/site-packages/airflow/example_dags/example_setup_teardown.py
[2024-12-23T05:45:14.199+0700] {processor.py:925} INFO - DAG(s) 'example_setup_teardown' retrieved from /mnt/d/Project/airflow-news/venv/lib/python3.12/site-packages/airflow/example_dags/example_setup_teardown.py
[2024-12-23T05:45:14.435+0700] {logging_mixin.py:190} INFO - [2024-12-23T05:45:14.433+0700] {override.py:1911} INFO - Created Permission View: can edit on DAG:example_setup_teardown
[2024-12-23T05:45:14.484+0700] {logging_mixin.py:190} INFO - [2024-12-23T05:45:14.483+0700] {override.py:1911} INFO - Created Permission View: can read on DAG:example_setup_teardown
[2024-12-23T05:45:14.527+0700] {logging_mixin.py:190} INFO - [2024-12-23T05:45:14.525+0700] {override.py:1911} INFO - Created Permission View: can delete on DAG:example_setup_teardown
[2024-12-23T05:45:14.601+0700] {logging_mixin.py:190} INFO - [2024-12-23T05:45:14.599+0700] {override.py:1911} INFO - Created Permission View: can read on DAG Run:example_setup_teardown
[2024-12-23T05:45:14.644+0700] {logging_mixin.py:190} INFO - [2024-12-23T05:45:14.642+0700] {override.py:1911} INFO - Created Permission View: can delete on DAG Run:example_setup_teardown
[2024-12-23T05:45:14.688+0700] {logging_mixin.py:190} INFO - [2024-12-23T05:45:14.687+0700] {override.py:1911} INFO - Created Permission View: menu access on DAG Run:example_setup_teardown
[2024-12-23T05:45:14.734+0700] {logging_mixin.py:190} INFO - [2024-12-23T05:45:14.732+0700] {override.py:1911} INFO - Created Permission View: can create on DAG Run:example_setup_teardown
[2024-12-23T05:45:14.737+0700] {logging_mixin.py:190} INFO - [2024-12-23T05:45:14.736+0700] {dag.py:3239} INFO - Sync 1 DAGs
[2024-12-23T05:45:14.766+0700] {logging_mixin.py:190} INFO - [2024-12-23T05:45:14.765+0700] {dag.py:3262} INFO - Creating ORM DAG for example_setup_teardown
[2024-12-23T05:45:14.769+0700] {logging_mixin.py:190} INFO - [2024-12-23T05:45:14.768+0700] {dag.py:4180} INFO - Setting next_dagrun for example_setup_teardown to None, run_after=None
[2024-12-23T05:45:14.852+0700] {processor.py:208} INFO - Processing /mnt/d/Project/airflow-news/venv/lib/python3.12/site-packages/airflow/example_dags/example_setup_teardown.py took 2.210 seconds
[2024-12-23T05:52:52.428+0700] {processor.py:186} INFO - Started process (PID=1716) to work on /mnt/d/Project/airflow-news/venv/lib/python3.12/site-packages/airflow/example_dags/example_setup_teardown.py
[2024-12-23T05:52:52.430+0700] {processor.py:914} INFO - Processing file /mnt/d/Project/airflow-news/venv/lib/python3.12/site-packages/airflow/example_dags/example_setup_teardown.py for tasks to queue
[2024-12-23T05:52:52.436+0700] {logging_mixin.py:190} INFO - [2024-12-23T05:52:52.434+0700] {dagbag.py:588} INFO - Filling up the DagBag from /mnt/d/Project/airflow-news/venv/lib/python3.12/site-packages/airflow/example_dags/example_setup_teardown.py
[2024-12-23T05:52:52.543+0700] {processor.py:925} INFO - DAG(s) 'example_setup_teardown' retrieved from /mnt/d/Project/airflow-news/venv/lib/python3.12/site-packages/airflow/example_dags/example_setup_teardown.py
[2024-12-23T05:52:54.572+0700] {logging_mixin.py:190} INFO - [2024-12-23T05:52:54.570+0700] {dag.py:3239} INFO - Sync 1 DAGs
[2024-12-23T05:52:54.593+0700] {logging_mixin.py:190} INFO - [2024-12-23T05:52:54.592+0700] {dag.py:4180} INFO - Setting next_dagrun for example_setup_teardown to None, run_after=None
[2024-12-23T05:52:54.683+0700] {processor.py:208} INFO - Processing /mnt/d/Project/airflow-news/venv/lib/python3.12/site-packages/airflow/example_dags/example_setup_teardown.py took 2.272 seconds
[2024-12-23T05:53:31.787+0700] {processor.py:186} INFO - Started process (PID=1807) to work on /mnt/d/Project/airflow-news/venv/lib/python3.12/site-packages/airflow/example_dags/example_setup_teardown.py
[2024-12-23T05:53:31.791+0700] {processor.py:914} INFO - Processing file /mnt/d/Project/airflow-news/venv/lib/python3.12/site-packages/airflow/example_dags/example_setup_teardown.py for tasks to queue
[2024-12-23T05:53:31.799+0700] {logging_mixin.py:190} INFO - [2024-12-23T05:53:31.796+0700] {dagbag.py:588} INFO - Filling up the DagBag from /mnt/d/Project/airflow-news/venv/lib/python3.12/site-packages/airflow/example_dags/example_setup_teardown.py
[2024-12-23T05:53:31.907+0700] {processor.py:925} INFO - DAG(s) 'example_setup_teardown' retrieved from /mnt/d/Project/airflow-news/venv/lib/python3.12/site-packages/airflow/example_dags/example_setup_teardown.py
[2024-12-23T05:53:31.985+0700] {logging_mixin.py:190} INFO - [2024-12-23T05:53:31.984+0700] {dag.py:3239} INFO - Sync 1 DAGs
[2024-12-23T05:53:32.015+0700] {logging_mixin.py:190} INFO - [2024-12-23T05:53:32.013+0700] {dag.py:4180} INFO - Setting next_dagrun for example_setup_teardown to None, run_after=None
[2024-12-23T05:53:32.102+0700] {processor.py:208} INFO - Processing /mnt/d/Project/airflow-news/venv/lib/python3.12/site-packages/airflow/example_dags/example_setup_teardown.py took 0.349 seconds
[2024-12-23T05:55:15.458+0700] {processor.py:186} INFO - Started process (PID=2089) to work on /mnt/d/Project/airflow-news/venv/lib/python3.12/site-packages/airflow/example_dags/example_setup_teardown.py
[2024-12-23T05:55:15.460+0700] {processor.py:914} INFO - Processing file /mnt/d/Project/airflow-news/venv/lib/python3.12/site-packages/airflow/example_dags/example_setup_teardown.py for tasks to queue
[2024-12-23T05:55:15.464+0700] {logging_mixin.py:190} INFO - [2024-12-23T05:55:15.463+0700] {dagbag.py:588} INFO - Filling up the DagBag from /mnt/d/Project/airflow-news/venv/lib/python3.12/site-packages/airflow/example_dags/example_setup_teardown.py
[2024-12-23T05:55:15.549+0700] {processor.py:925} INFO - DAG(s) 'example_setup_teardown' retrieved from /mnt/d/Project/airflow-news/venv/lib/python3.12/site-packages/airflow/example_dags/example_setup_teardown.py
[2024-12-23T05:55:15.584+0700] {logging_mixin.py:190} INFO - [2024-12-23T05:55:15.582+0700] {dag.py:3239} INFO - Sync 1 DAGs
[2024-12-23T05:55:15.606+0700] {logging_mixin.py:190} INFO - [2024-12-23T05:55:15.604+0700] {dag.py:4180} INFO - Setting next_dagrun for example_setup_teardown to None, run_after=None
[2024-12-23T05:55:15.677+0700] {processor.py:208} INFO - Processing /mnt/d/Project/airflow-news/venv/lib/python3.12/site-packages/airflow/example_dags/example_setup_teardown.py took 0.234 seconds
[2024-12-23T05:56:43.188+0700] {processor.py:186} INFO - Started process (PID=2275) to work on /mnt/d/Project/airflow-news/venv/lib/python3.12/site-packages/airflow/example_dags/example_setup_teardown.py
[2024-12-23T05:56:43.191+0700] {processor.py:914} INFO - Processing file /mnt/d/Project/airflow-news/venv/lib/python3.12/site-packages/airflow/example_dags/example_setup_teardown.py for tasks to queue
[2024-12-23T05:56:43.196+0700] {logging_mixin.py:190} INFO - [2024-12-23T05:56:43.194+0700] {dagbag.py:588} INFO - Filling up the DagBag from /mnt/d/Project/airflow-news/venv/lib/python3.12/site-packages/airflow/example_dags/example_setup_teardown.py
[2024-12-23T05:56:43.294+0700] {processor.py:925} INFO - DAG(s) 'example_setup_teardown' retrieved from /mnt/d/Project/airflow-news/venv/lib/python3.12/site-packages/airflow/example_dags/example_setup_teardown.py
[2024-12-23T05:56:43.336+0700] {logging_mixin.py:190} INFO - [2024-12-23T05:56:43.335+0700] {dag.py:3239} INFO - Sync 1 DAGs
[2024-12-23T05:56:43.360+0700] {logging_mixin.py:190} INFO - [2024-12-23T05:56:43.358+0700] {dag.py:4180} INFO - Setting next_dagrun for example_setup_teardown to None, run_after=None
[2024-12-23T05:56:43.440+0700] {processor.py:208} INFO - Processing /mnt/d/Project/airflow-news/venv/lib/python3.12/site-packages/airflow/example_dags/example_setup_teardown.py took 0.268 seconds
[2024-12-23T05:57:51.373+0700] {processor.py:186} INFO - Started process (PID=2431) to work on /mnt/d/Project/airflow-news/venv/lib/python3.12/site-packages/airflow/example_dags/example_setup_teardown.py
[2024-12-23T05:57:51.375+0700] {processor.py:914} INFO - Processing file /mnt/d/Project/airflow-news/venv/lib/python3.12/site-packages/airflow/example_dags/example_setup_teardown.py for tasks to queue
[2024-12-23T05:57:51.380+0700] {logging_mixin.py:190} INFO - [2024-12-23T05:57:51.378+0700] {dagbag.py:588} INFO - Filling up the DagBag from /mnt/d/Project/airflow-news/venv/lib/python3.12/site-packages/airflow/example_dags/example_setup_teardown.py
[2024-12-23T05:57:51.457+0700] {processor.py:925} INFO - DAG(s) 'example_setup_teardown' retrieved from /mnt/d/Project/airflow-news/venv/lib/python3.12/site-packages/airflow/example_dags/example_setup_teardown.py
[2024-12-23T05:57:51.502+0700] {logging_mixin.py:190} INFO - [2024-12-23T05:57:51.500+0700] {dag.py:3239} INFO - Sync 1 DAGs
[2024-12-23T05:57:51.525+0700] {logging_mixin.py:190} INFO - [2024-12-23T05:57:51.524+0700] {dag.py:4180} INFO - Setting next_dagrun for example_setup_teardown to None, run_after=None
[2024-12-23T05:57:51.598+0700] {processor.py:208} INFO - Processing /mnt/d/Project/airflow-news/venv/lib/python3.12/site-packages/airflow/example_dags/example_setup_teardown.py took 0.239 seconds
[2024-12-23T05:59:10.197+0700] {processor.py:186} INFO - Started process (PID=2613) to work on /mnt/d/Project/airflow-news/venv/lib/python3.12/site-packages/airflow/example_dags/example_setup_teardown.py
[2024-12-23T05:59:10.200+0700] {processor.py:914} INFO - Processing file /mnt/d/Project/airflow-news/venv/lib/python3.12/site-packages/airflow/example_dags/example_setup_teardown.py for tasks to queue
[2024-12-23T05:59:10.204+0700] {logging_mixin.py:190} INFO - [2024-12-23T05:59:10.202+0700] {dagbag.py:588} INFO - Filling up the DagBag from /mnt/d/Project/airflow-news/venv/lib/python3.12/site-packages/airflow/example_dags/example_setup_teardown.py
[2024-12-23T05:59:10.285+0700] {processor.py:925} INFO - DAG(s) 'example_setup_teardown' retrieved from /mnt/d/Project/airflow-news/venv/lib/python3.12/site-packages/airflow/example_dags/example_setup_teardown.py
[2024-12-23T05:59:10.345+0700] {logging_mixin.py:190} INFO - [2024-12-23T05:59:10.343+0700] {dag.py:3239} INFO - Sync 1 DAGs
[2024-12-23T05:59:10.366+0700] {logging_mixin.py:190} INFO - [2024-12-23T05:59:10.365+0700] {dag.py:4180} INFO - Setting next_dagrun for example_setup_teardown to None, run_after=None
[2024-12-23T05:59:10.446+0700] {processor.py:208} INFO - Processing /mnt/d/Project/airflow-news/venv/lib/python3.12/site-packages/airflow/example_dags/example_setup_teardown.py took 0.265 seconds
[2024-12-23T05:59:28.682+0700] {processor.py:186} INFO - Started process (PID=2670) to work on /mnt/d/Project/airflow-news/venv/lib/python3.12/site-packages/airflow/example_dags/example_setup_teardown.py
[2024-12-23T05:59:28.689+0700] {processor.py:914} INFO - Processing file /mnt/d/Project/airflow-news/venv/lib/python3.12/site-packages/airflow/example_dags/example_setup_teardown.py for tasks to queue
[2024-12-23T05:59:28.698+0700] {logging_mixin.py:190} INFO - [2024-12-23T05:59:28.696+0700] {dagbag.py:588} INFO - Filling up the DagBag from /mnt/d/Project/airflow-news/venv/lib/python3.12/site-packages/airflow/example_dags/example_setup_teardown.py
[2024-12-23T05:59:28.825+0700] {processor.py:925} INFO - DAG(s) 'example_setup_teardown' retrieved from /mnt/d/Project/airflow-news/venv/lib/python3.12/site-packages/airflow/example_dags/example_setup_teardown.py
[2024-12-23T05:59:28.875+0700] {logging_mixin.py:190} INFO - [2024-12-23T05:59:28.874+0700] {dag.py:3239} INFO - Sync 1 DAGs
[2024-12-23T05:59:28.904+0700] {logging_mixin.py:190} INFO - [2024-12-23T05:59:28.902+0700] {dag.py:4180} INFO - Setting next_dagrun for example_setup_teardown to None, run_after=None
[2024-12-23T05:59:28.998+0700] {processor.py:208} INFO - Processing /mnt/d/Project/airflow-news/venv/lib/python3.12/site-packages/airflow/example_dags/example_setup_teardown.py took 0.351 seconds
[2024-12-23T06:00:34.329+0700] {processor.py:186} INFO - Started process (PID=2842) to work on /mnt/d/Project/airflow-news/venv/lib/python3.12/site-packages/airflow/example_dags/example_setup_teardown.py
[2024-12-23T06:00:34.332+0700] {processor.py:914} INFO - Processing file /mnt/d/Project/airflow-news/venv/lib/python3.12/site-packages/airflow/example_dags/example_setup_teardown.py for tasks to queue
[2024-12-23T06:00:34.337+0700] {logging_mixin.py:190} INFO - [2024-12-23T06:00:34.335+0700] {dagbag.py:588} INFO - Filling up the DagBag from /mnt/d/Project/airflow-news/venv/lib/python3.12/site-packages/airflow/example_dags/example_setup_teardown.py
[2024-12-23T06:00:34.448+0700] {processor.py:925} INFO - DAG(s) 'example_setup_teardown' retrieved from /mnt/d/Project/airflow-news/venv/lib/python3.12/site-packages/airflow/example_dags/example_setup_teardown.py
[2024-12-23T06:00:34.514+0700] {logging_mixin.py:190} INFO - [2024-12-23T06:00:34.513+0700] {dag.py:3239} INFO - Sync 1 DAGs
[2024-12-23T06:00:34.540+0700] {logging_mixin.py:190} INFO - [2024-12-23T06:00:34.538+0700] {dag.py:4180} INFO - Setting next_dagrun for example_setup_teardown to None, run_after=None
[2024-12-23T06:00:34.687+0700] {processor.py:208} INFO - Processing /mnt/d/Project/airflow-news/venv/lib/python3.12/site-packages/airflow/example_dags/example_setup_teardown.py took 0.377 seconds
[2024-12-23T06:01:15.396+0700] {processor.py:186} INFO - Started process (PID=2956) to work on /mnt/d/Project/airflow-news/venv/lib/python3.12/site-packages/airflow/example_dags/example_setup_teardown.py
[2024-12-23T06:01:15.399+0700] {processor.py:914} INFO - Processing file /mnt/d/Project/airflow-news/venv/lib/python3.12/site-packages/airflow/example_dags/example_setup_teardown.py for tasks to queue
[2024-12-23T06:01:15.404+0700] {logging_mixin.py:190} INFO - [2024-12-23T06:01:15.402+0700] {dagbag.py:588} INFO - Filling up the DagBag from /mnt/d/Project/airflow-news/venv/lib/python3.12/site-packages/airflow/example_dags/example_setup_teardown.py
[2024-12-23T06:01:15.493+0700] {processor.py:925} INFO - DAG(s) 'example_setup_teardown' retrieved from /mnt/d/Project/airflow-news/venv/lib/python3.12/site-packages/airflow/example_dags/example_setup_teardown.py
[2024-12-23T06:01:15.659+0700] {logging_mixin.py:190} INFO - [2024-12-23T06:01:15.657+0700] {dag.py:3239} INFO - Sync 1 DAGs
[2024-12-23T06:01:15.678+0700] {logging_mixin.py:190} INFO - [2024-12-23T06:01:15.677+0700] {dag.py:4180} INFO - Setting next_dagrun for example_setup_teardown to None, run_after=None
[2024-12-23T06:01:15.758+0700] {processor.py:208} INFO - Processing /mnt/d/Project/airflow-news/venv/lib/python3.12/site-packages/airflow/example_dags/example_setup_teardown.py took 0.379 seconds
[2024-12-23T06:03:13.125+0700] {processor.py:186} INFO - Started process (PID=3163) to work on /mnt/d/Project/airflow-news/venv/lib/python3.12/site-packages/airflow/example_dags/example_setup_teardown.py
[2024-12-23T06:03:13.129+0700] {processor.py:914} INFO - Processing file /mnt/d/Project/airflow-news/venv/lib/python3.12/site-packages/airflow/example_dags/example_setup_teardown.py for tasks to queue
[2024-12-23T06:03:13.137+0700] {logging_mixin.py:190} INFO - [2024-12-23T06:03:13.135+0700] {dagbag.py:588} INFO - Filling up the DagBag from /mnt/d/Project/airflow-news/venv/lib/python3.12/site-packages/airflow/example_dags/example_setup_teardown.py
[2024-12-23T06:03:13.283+0700] {processor.py:925} INFO - DAG(s) 'example_setup_teardown' retrieved from /mnt/d/Project/airflow-news/venv/lib/python3.12/site-packages/airflow/example_dags/example_setup_teardown.py
[2024-12-23T06:03:13.334+0700] {logging_mixin.py:190} INFO - [2024-12-23T06:03:13.333+0700] {dag.py:3239} INFO - Sync 1 DAGs
[2024-12-23T06:03:13.362+0700] {logging_mixin.py:190} INFO - [2024-12-23T06:03:13.360+0700] {dag.py:4180} INFO - Setting next_dagrun for example_setup_teardown to None, run_after=None
[2024-12-23T06:03:13.506+0700] {processor.py:208} INFO - Processing /mnt/d/Project/airflow-news/venv/lib/python3.12/site-packages/airflow/example_dags/example_setup_teardown.py took 0.413 seconds
[2024-12-23T06:05:25.173+0700] {processor.py:186} INFO - Started process (PID=3519) to work on /mnt/d/Project/airflow-news/venv/lib/python3.12/site-packages/airflow/example_dags/example_setup_teardown.py
[2024-12-23T06:05:25.175+0700] {processor.py:914} INFO - Processing file /mnt/d/Project/airflow-news/venv/lib/python3.12/site-packages/airflow/example_dags/example_setup_teardown.py for tasks to queue
[2024-12-23T06:05:25.182+0700] {logging_mixin.py:190} INFO - [2024-12-23T06:05:25.180+0700] {dagbag.py:588} INFO - Filling up the DagBag from /mnt/d/Project/airflow-news/venv/lib/python3.12/site-packages/airflow/example_dags/example_setup_teardown.py
[2024-12-23T06:05:25.290+0700] {processor.py:925} INFO - DAG(s) 'example_setup_teardown' retrieved from /mnt/d/Project/airflow-news/venv/lib/python3.12/site-packages/airflow/example_dags/example_setup_teardown.py
[2024-12-23T06:05:25.338+0700] {logging_mixin.py:190} INFO - [2024-12-23T06:05:25.336+0700] {dag.py:3239} INFO - Sync 1 DAGs
[2024-12-23T06:05:25.360+0700] {logging_mixin.py:190} INFO - [2024-12-23T06:05:25.359+0700] {dag.py:4180} INFO - Setting next_dagrun for example_setup_teardown to None, run_after=None
[2024-12-23T06:05:25.451+0700] {processor.py:208} INFO - Processing /mnt/d/Project/airflow-news/venv/lib/python3.12/site-packages/airflow/example_dags/example_setup_teardown.py took 0.302 seconds
[2024-12-23T06:07:20.550+0700] {processor.py:186} INFO - Started process (PID=3828) to work on /mnt/d/Project/airflow-news/venv/lib/python3.12/site-packages/airflow/example_dags/example_setup_teardown.py
[2024-12-23T06:07:20.553+0700] {processor.py:914} INFO - Processing file /mnt/d/Project/airflow-news/venv/lib/python3.12/site-packages/airflow/example_dags/example_setup_teardown.py for tasks to queue
[2024-12-23T06:07:20.558+0700] {logging_mixin.py:190} INFO - [2024-12-23T06:07:20.556+0700] {dagbag.py:588} INFO - Filling up the DagBag from /mnt/d/Project/airflow-news/venv/lib/python3.12/site-packages/airflow/example_dags/example_setup_teardown.py
[2024-12-23T06:07:20.656+0700] {processor.py:925} INFO - DAG(s) 'example_setup_teardown' retrieved from /mnt/d/Project/airflow-news/venv/lib/python3.12/site-packages/airflow/example_dags/example_setup_teardown.py
[2024-12-23T06:07:20.713+0700] {logging_mixin.py:190} INFO - [2024-12-23T06:07:20.712+0700] {dag.py:3239} INFO - Sync 1 DAGs
[2024-12-23T06:07:20.738+0700] {logging_mixin.py:190} INFO - [2024-12-23T06:07:20.736+0700] {dag.py:4180} INFO - Setting next_dagrun for example_setup_teardown to None, run_after=None
[2024-12-23T06:07:20.816+0700] {processor.py:208} INFO - Processing /mnt/d/Project/airflow-news/venv/lib/python3.12/site-packages/airflow/example_dags/example_setup_teardown.py took 0.280 seconds
[2024-12-23T06:07:25.690+0700] {processor.py:186} INFO - Started process (PID=3840) to work on /mnt/d/Project/airflow-news/venv/lib/python3.12/site-packages/airflow/example_dags/example_setup_teardown.py
[2024-12-23T06:07:25.693+0700] {processor.py:914} INFO - Processing file /mnt/d/Project/airflow-news/venv/lib/python3.12/site-packages/airflow/example_dags/example_setup_teardown.py for tasks to queue
[2024-12-23T06:07:25.699+0700] {logging_mixin.py:190} INFO - [2024-12-23T06:07:25.697+0700] {dagbag.py:588} INFO - Filling up the DagBag from /mnt/d/Project/airflow-news/venv/lib/python3.12/site-packages/airflow/example_dags/example_setup_teardown.py
[2024-12-23T06:07:25.792+0700] {processor.py:925} INFO - DAG(s) 'example_setup_teardown' retrieved from /mnt/d/Project/airflow-news/venv/lib/python3.12/site-packages/airflow/example_dags/example_setup_teardown.py
[2024-12-23T06:07:25.831+0700] {logging_mixin.py:190} INFO - [2024-12-23T06:07:25.829+0700] {dag.py:3239} INFO - Sync 1 DAGs
[2024-12-23T06:07:25.851+0700] {logging_mixin.py:190} INFO - [2024-12-23T06:07:25.850+0700] {dag.py:4180} INFO - Setting next_dagrun for example_setup_teardown to None, run_after=None
[2024-12-23T06:07:25.926+0700] {processor.py:208} INFO - Processing /mnt/d/Project/airflow-news/venv/lib/python3.12/site-packages/airflow/example_dags/example_setup_teardown.py took 0.256 seconds
[2024-12-23T06:08:43.156+0700] {processor.py:186} INFO - Started process (PID=4080) to work on /mnt/d/Project/airflow-news/venv/lib/python3.12/site-packages/airflow/example_dags/example_setup_teardown.py
[2024-12-23T06:08:43.159+0700] {processor.py:914} INFO - Processing file /mnt/d/Project/airflow-news/venv/lib/python3.12/site-packages/airflow/example_dags/example_setup_teardown.py for tasks to queue
[2024-12-23T06:08:43.165+0700] {logging_mixin.py:190} INFO - [2024-12-23T06:08:43.162+0700] {dagbag.py:588} INFO - Filling up the DagBag from /mnt/d/Project/airflow-news/venv/lib/python3.12/site-packages/airflow/example_dags/example_setup_teardown.py
[2024-12-23T06:08:43.240+0700] {processor.py:925} INFO - DAG(s) 'example_setup_teardown' retrieved from /mnt/d/Project/airflow-news/venv/lib/python3.12/site-packages/airflow/example_dags/example_setup_teardown.py
[2024-12-23T06:08:43.286+0700] {logging_mixin.py:190} INFO - [2024-12-23T06:08:43.284+0700] {dag.py:3239} INFO - Sync 1 DAGs
[2024-12-23T06:08:43.310+0700] {logging_mixin.py:190} INFO - [2024-12-23T06:08:43.309+0700] {dag.py:4180} INFO - Setting next_dagrun for example_setup_teardown to None, run_after=None
[2024-12-23T06:08:43.395+0700] {processor.py:208} INFO - Processing /mnt/d/Project/airflow-news/venv/lib/python3.12/site-packages/airflow/example_dags/example_setup_teardown.py took 0.258 seconds
[2024-12-23T06:09:27.717+0700] {processor.py:186} INFO - Started process (PID=4207) to work on /mnt/d/Project/airflow-news/venv/lib/python3.12/site-packages/airflow/example_dags/example_setup_teardown.py
[2024-12-23T06:09:27.719+0700] {processor.py:914} INFO - Processing file /mnt/d/Project/airflow-news/venv/lib/python3.12/site-packages/airflow/example_dags/example_setup_teardown.py for tasks to queue
[2024-12-23T06:09:27.725+0700] {logging_mixin.py:190} INFO - [2024-12-23T06:09:27.723+0700] {dagbag.py:588} INFO - Filling up the DagBag from /mnt/d/Project/airflow-news/venv/lib/python3.12/site-packages/airflow/example_dags/example_setup_teardown.py
[2024-12-23T06:09:27.837+0700] {processor.py:925} INFO - DAG(s) 'example_setup_teardown' retrieved from /mnt/d/Project/airflow-news/venv/lib/python3.12/site-packages/airflow/example_dags/example_setup_teardown.py
[2024-12-23T06:09:27.877+0700] {logging_mixin.py:190} INFO - [2024-12-23T06:09:27.876+0700] {dag.py:3239} INFO - Sync 1 DAGs
[2024-12-23T06:09:27.898+0700] {logging_mixin.py:190} INFO - [2024-12-23T06:09:27.896+0700] {dag.py:4180} INFO - Setting next_dagrun for example_setup_teardown to None, run_after=None
[2024-12-23T06:09:27.981+0700] {processor.py:208} INFO - Processing /mnt/d/Project/airflow-news/venv/lib/python3.12/site-packages/airflow/example_dags/example_setup_teardown.py took 0.290 seconds
[2024-12-23T06:11:33.409+0700] {processor.py:186} INFO - Started process (PID=4465) to work on /mnt/d/Project/airflow-news/venv/lib/python3.12/site-packages/airflow/example_dags/example_setup_teardown.py
[2024-12-23T06:11:33.411+0700] {processor.py:914} INFO - Processing file /mnt/d/Project/airflow-news/venv/lib/python3.12/site-packages/airflow/example_dags/example_setup_teardown.py for tasks to queue
[2024-12-23T06:11:33.415+0700] {logging_mixin.py:190} INFO - [2024-12-23T06:11:33.413+0700] {dagbag.py:588} INFO - Filling up the DagBag from /mnt/d/Project/airflow-news/venv/lib/python3.12/site-packages/airflow/example_dags/example_setup_teardown.py
[2024-12-23T06:11:33.445+0700] {processor.py:925} INFO - DAG(s) 'example_setup_teardown' retrieved from /mnt/d/Project/airflow-news/venv/lib/python3.12/site-packages/airflow/example_dags/example_setup_teardown.py
[2024-12-23T06:11:33.498+0700] {logging_mixin.py:190} INFO - [2024-12-23T06:11:33.496+0700] {dag.py:3239} INFO - Sync 1 DAGs
[2024-12-23T06:11:33.523+0700] {logging_mixin.py:190} INFO - [2024-12-23T06:11:33.522+0700] {dag.py:4180} INFO - Setting next_dagrun for example_setup_teardown to None, run_after=None
[2024-12-23T06:11:33.622+0700] {processor.py:208} INFO - Processing /mnt/d/Project/airflow-news/venv/lib/python3.12/site-packages/airflow/example_dags/example_setup_teardown.py took 0.227 seconds
[2024-12-23T06:12:52.117+0700] {processor.py:186} INFO - Started process (PID=4679) to work on /mnt/d/Project/airflow-news/venv/lib/python3.12/site-packages/airflow/example_dags/example_setup_teardown.py
[2024-12-23T06:12:52.120+0700] {processor.py:914} INFO - Processing file /mnt/d/Project/airflow-news/venv/lib/python3.12/site-packages/airflow/example_dags/example_setup_teardown.py for tasks to queue
[2024-12-23T06:12:52.124+0700] {logging_mixin.py:190} INFO - [2024-12-23T06:12:52.122+0700] {dagbag.py:588} INFO - Filling up the DagBag from /mnt/d/Project/airflow-news/venv/lib/python3.12/site-packages/airflow/example_dags/example_setup_teardown.py
[2024-12-23T06:12:52.159+0700] {processor.py:925} INFO - DAG(s) 'example_setup_teardown' retrieved from /mnt/d/Project/airflow-news/venv/lib/python3.12/site-packages/airflow/example_dags/example_setup_teardown.py
[2024-12-23T06:12:52.198+0700] {logging_mixin.py:190} INFO - [2024-12-23T06:12:52.197+0700] {dag.py:3239} INFO - Sync 1 DAGs
[2024-12-23T06:12:52.218+0700] {logging_mixin.py:190} INFO - [2024-12-23T06:12:52.216+0700] {dag.py:4180} INFO - Setting next_dagrun for example_setup_teardown to None, run_after=None
[2024-12-23T06:12:52.316+0700] {processor.py:208} INFO - Processing /mnt/d/Project/airflow-news/venv/lib/python3.12/site-packages/airflow/example_dags/example_setup_teardown.py took 0.215 seconds
[2024-12-23T06:12:51.848+0700] {processor.py:186} INFO - Started process (PID=4681) to work on /mnt/d/Project/airflow-news/venv/lib/python3.12/site-packages/airflow/example_dags/example_setup_teardown.py
[2024-12-23T06:12:51.851+0700] {processor.py:914} INFO - Processing file /mnt/d/Project/airflow-news/venv/lib/python3.12/site-packages/airflow/example_dags/example_setup_teardown.py for tasks to queue
[2024-12-23T06:12:51.857+0700] {logging_mixin.py:190} INFO - [2024-12-23T06:12:51.855+0700] {dagbag.py:588} INFO - Filling up the DagBag from /mnt/d/Project/airflow-news/venv/lib/python3.12/site-packages/airflow/example_dags/example_setup_teardown.py
[2024-12-23T06:12:51.942+0700] {processor.py:925} INFO - DAG(s) 'example_setup_teardown' retrieved from /mnt/d/Project/airflow-news/venv/lib/python3.12/site-packages/airflow/example_dags/example_setup_teardown.py
[2024-12-23T06:12:51.979+0700] {logging_mixin.py:190} INFO - [2024-12-23T06:12:51.977+0700] {dag.py:3239} INFO - Sync 1 DAGs
[2024-12-23T06:12:51.999+0700] {logging_mixin.py:190} INFO - [2024-12-23T06:12:51.997+0700] {dag.py:4180} INFO - Setting next_dagrun for example_setup_teardown to None, run_after=None
[2024-12-23T06:12:52.072+0700] {processor.py:208} INFO - Processing /mnt/d/Project/airflow-news/venv/lib/python3.12/site-packages/airflow/example_dags/example_setup_teardown.py took 0.245 seconds
[2024-12-23T06:14:28.133+0700] {processor.py:186} INFO - Started process (PID=4972) to work on /mnt/d/Project/airflow-news/venv/lib/python3.12/site-packages/airflow/example_dags/example_setup_teardown.py
[2024-12-23T06:14:28.136+0700] {processor.py:914} INFO - Processing file /mnt/d/Project/airflow-news/venv/lib/python3.12/site-packages/airflow/example_dags/example_setup_teardown.py for tasks to queue
[2024-12-23T06:14:28.140+0700] {logging_mixin.py:190} INFO - [2024-12-23T06:14:28.138+0700] {dagbag.py:588} INFO - Filling up the DagBag from /mnt/d/Project/airflow-news/venv/lib/python3.12/site-packages/airflow/example_dags/example_setup_teardown.py
[2024-12-23T06:14:28.167+0700] {processor.py:925} INFO - DAG(s) 'example_setup_teardown' retrieved from /mnt/d/Project/airflow-news/venv/lib/python3.12/site-packages/airflow/example_dags/example_setup_teardown.py
[2024-12-23T06:14:28.201+0700] {logging_mixin.py:190} INFO - [2024-12-23T06:14:28.200+0700] {dag.py:3239} INFO - Sync 1 DAGs
[2024-12-23T06:14:28.219+0700] {logging_mixin.py:190} INFO - [2024-12-23T06:14:28.217+0700] {dag.py:4180} INFO - Setting next_dagrun for example_setup_teardown to None, run_after=None
[2024-12-23T06:14:28.285+0700] {processor.py:208} INFO - Processing /mnt/d/Project/airflow-news/venv/lib/python3.12/site-packages/airflow/example_dags/example_setup_teardown.py took 0.167 seconds
[2024-12-23T06:14:46.819+0700] {processor.py:186} INFO - Started process (PID=5017) to work on /mnt/d/Project/airflow-news/venv/lib/python3.12/site-packages/airflow/example_dags/example_setup_teardown.py
[2024-12-23T06:14:46.821+0700] {processor.py:914} INFO - Processing file /mnt/d/Project/airflow-news/venv/lib/python3.12/site-packages/airflow/example_dags/example_setup_teardown.py for tasks to queue
[2024-12-23T06:14:46.826+0700] {logging_mixin.py:190} INFO - [2024-12-23T06:14:46.825+0700] {dagbag.py:588} INFO - Filling up the DagBag from /mnt/d/Project/airflow-news/venv/lib/python3.12/site-packages/airflow/example_dags/example_setup_teardown.py
[2024-12-23T06:14:46.920+0700] {processor.py:925} INFO - DAG(s) 'example_setup_teardown' retrieved from /mnt/d/Project/airflow-news/venv/lib/python3.12/site-packages/airflow/example_dags/example_setup_teardown.py
[2024-12-23T06:14:46.964+0700] {logging_mixin.py:190} INFO - [2024-12-23T06:14:46.963+0700] {dag.py:3239} INFO - Sync 1 DAGs
[2024-12-23T06:14:46.987+0700] {logging_mixin.py:190} INFO - [2024-12-23T06:14:46.985+0700] {dag.py:4180} INFO - Setting next_dagrun for example_setup_teardown to None, run_after=None
[2024-12-23T06:14:47.063+0700] {processor.py:208} INFO - Processing /mnt/d/Project/airflow-news/venv/lib/python3.12/site-packages/airflow/example_dags/example_setup_teardown.py took 0.264 seconds
[2024-12-23T06:17:10.852+0700] {processor.py:186} INFO - Started process (PID=5404) to work on /mnt/d/Project/airflow-news/venv/lib/python3.12/site-packages/airflow/example_dags/example_setup_teardown.py
[2024-12-23T06:17:10.854+0700] {processor.py:914} INFO - Processing file /mnt/d/Project/airflow-news/venv/lib/python3.12/site-packages/airflow/example_dags/example_setup_teardown.py for tasks to queue
[2024-12-23T06:17:10.858+0700] {logging_mixin.py:190} INFO - [2024-12-23T06:17:10.856+0700] {dagbag.py:588} INFO - Filling up the DagBag from /mnt/d/Project/airflow-news/venv/lib/python3.12/site-packages/airflow/example_dags/example_setup_teardown.py
[2024-12-23T06:17:10.889+0700] {processor.py:925} INFO - DAG(s) 'example_setup_teardown' retrieved from /mnt/d/Project/airflow-news/venv/lib/python3.12/site-packages/airflow/example_dags/example_setup_teardown.py
[2024-12-23T06:17:10.928+0700] {logging_mixin.py:190} INFO - [2024-12-23T06:17:10.926+0700] {dag.py:3239} INFO - Sync 1 DAGs
[2024-12-23T06:17:10.949+0700] {logging_mixin.py:190} INFO - [2024-12-23T06:17:10.947+0700] {dag.py:4180} INFO - Setting next_dagrun for example_setup_teardown to None, run_after=None
[2024-12-23T06:17:11.033+0700] {processor.py:208} INFO - Processing /mnt/d/Project/airflow-news/venv/lib/python3.12/site-packages/airflow/example_dags/example_setup_teardown.py took 0.197 seconds
[2024-12-23T06:17:25.423+0700] {processor.py:186} INFO - Started process (PID=5444) to work on /mnt/d/Project/airflow-news/venv/lib/python3.12/site-packages/airflow/example_dags/example_setup_teardown.py
[2024-12-23T06:17:25.426+0700] {processor.py:914} INFO - Processing file /mnt/d/Project/airflow-news/venv/lib/python3.12/site-packages/airflow/example_dags/example_setup_teardown.py for tasks to queue
[2024-12-23T06:17:25.431+0700] {logging_mixin.py:190} INFO - [2024-12-23T06:17:25.429+0700] {dagbag.py:588} INFO - Filling up the DagBag from /mnt/d/Project/airflow-news/venv/lib/python3.12/site-packages/airflow/example_dags/example_setup_teardown.py
[2024-12-23T06:17:25.513+0700] {processor.py:925} INFO - DAG(s) 'example_setup_teardown' retrieved from /mnt/d/Project/airflow-news/venv/lib/python3.12/site-packages/airflow/example_dags/example_setup_teardown.py
[2024-12-23T06:17:25.556+0700] {logging_mixin.py:190} INFO - [2024-12-23T06:17:25.555+0700] {dag.py:3239} INFO - Sync 1 DAGs
[2024-12-23T06:17:25.585+0700] {logging_mixin.py:190} INFO - [2024-12-23T06:17:25.583+0700] {dag.py:4180} INFO - Setting next_dagrun for example_setup_teardown to None, run_after=None
[2024-12-23T06:17:25.664+0700] {processor.py:208} INFO - Processing /mnt/d/Project/airflow-news/venv/lib/python3.12/site-packages/airflow/example_dags/example_setup_teardown.py took 0.260 seconds
[2024-12-23T06:18:41.302+0700] {processor.py:186} INFO - Started process (PID=5659) to work on /mnt/d/Project/airflow-news/venv/lib/python3.12/site-packages/airflow/example_dags/example_setup_teardown.py
[2024-12-23T06:18:41.305+0700] {processor.py:914} INFO - Processing file /mnt/d/Project/airflow-news/venv/lib/python3.12/site-packages/airflow/example_dags/example_setup_teardown.py for tasks to queue
[2024-12-23T06:18:41.310+0700] {logging_mixin.py:190} INFO - [2024-12-23T06:18:41.308+0700] {dagbag.py:588} INFO - Filling up the DagBag from /mnt/d/Project/airflow-news/venv/lib/python3.12/site-packages/airflow/example_dags/example_setup_teardown.py
[2024-12-23T06:18:41.337+0700] {processor.py:925} INFO - DAG(s) 'example_setup_teardown' retrieved from /mnt/d/Project/airflow-news/venv/lib/python3.12/site-packages/airflow/example_dags/example_setup_teardown.py
[2024-12-23T06:18:41.370+0700] {logging_mixin.py:190} INFO - [2024-12-23T06:18:41.369+0700] {dag.py:3239} INFO - Sync 1 DAGs
[2024-12-23T06:18:41.392+0700] {logging_mixin.py:190} INFO - [2024-12-23T06:18:41.391+0700] {dag.py:4180} INFO - Setting next_dagrun for example_setup_teardown to None, run_after=None
[2024-12-23T06:18:41.475+0700] {processor.py:208} INFO - Processing /mnt/d/Project/airflow-news/venv/lib/python3.12/site-packages/airflow/example_dags/example_setup_teardown.py took 0.188 seconds
[2024-12-23T06:18:52.701+0700] {processor.py:186} INFO - Started process (PID=5688) to work on /mnt/d/Project/airflow-news/venv/lib/python3.12/site-packages/airflow/example_dags/example_setup_teardown.py
[2024-12-23T06:18:52.703+0700] {processor.py:914} INFO - Processing file /mnt/d/Project/airflow-news/venv/lib/python3.12/site-packages/airflow/example_dags/example_setup_teardown.py for tasks to queue
[2024-12-23T06:18:52.709+0700] {logging_mixin.py:190} INFO - [2024-12-23T06:18:52.707+0700] {dagbag.py:588} INFO - Filling up the DagBag from /mnt/d/Project/airflow-news/venv/lib/python3.12/site-packages/airflow/example_dags/example_setup_teardown.py
[2024-12-23T06:18:52.806+0700] {processor.py:925} INFO - DAG(s) 'example_setup_teardown' retrieved from /mnt/d/Project/airflow-news/venv/lib/python3.12/site-packages/airflow/example_dags/example_setup_teardown.py
[2024-12-23T06:18:52.849+0700] {logging_mixin.py:190} INFO - [2024-12-23T06:18:52.847+0700] {dag.py:3239} INFO - Sync 1 DAGs
[2024-12-23T06:18:52.872+0700] {logging_mixin.py:190} INFO - [2024-12-23T06:18:52.870+0700] {dag.py:4180} INFO - Setting next_dagrun for example_setup_teardown to None, run_after=None
[2024-12-23T06:18:52.953+0700] {processor.py:208} INFO - Processing /mnt/d/Project/airflow-news/venv/lib/python3.12/site-packages/airflow/example_dags/example_setup_teardown.py took 0.279 seconds
[2024-12-23T06:20:08.414+0700] {processor.py:186} INFO - Started process (PID=5925) to work on /mnt/d/Project/airflow-news/venv/lib/python3.12/site-packages/airflow/example_dags/example_setup_teardown.py
[2024-12-23T06:20:08.417+0700] {processor.py:914} INFO - Processing file /mnt/d/Project/airflow-news/venv/lib/python3.12/site-packages/airflow/example_dags/example_setup_teardown.py for tasks to queue
[2024-12-23T06:20:08.421+0700] {logging_mixin.py:190} INFO - [2024-12-23T06:20:08.419+0700] {dagbag.py:588} INFO - Filling up the DagBag from /mnt/d/Project/airflow-news/venv/lib/python3.12/site-packages/airflow/example_dags/example_setup_teardown.py
[2024-12-23T06:20:08.455+0700] {processor.py:925} INFO - DAG(s) 'example_setup_teardown' retrieved from /mnt/d/Project/airflow-news/venv/lib/python3.12/site-packages/airflow/example_dags/example_setup_teardown.py
[2024-12-23T06:20:08.497+0700] {logging_mixin.py:190} INFO - [2024-12-23T06:20:08.496+0700] {dag.py:3239} INFO - Sync 1 DAGs
[2024-12-23T06:20:08.517+0700] {logging_mixin.py:190} INFO - [2024-12-23T06:20:08.516+0700] {dag.py:4180} INFO - Setting next_dagrun for example_setup_teardown to None, run_after=None
[2024-12-23T06:20:08.597+0700] {processor.py:208} INFO - Processing /mnt/d/Project/airflow-news/venv/lib/python3.12/site-packages/airflow/example_dags/example_setup_teardown.py took 0.198 seconds
[2024-12-23T06:20:43.708+0700] {processor.py:186} INFO - Started process (PID=6017) to work on /mnt/d/Project/airflow-news/venv/lib/python3.12/site-packages/airflow/example_dags/example_setup_teardown.py
[2024-12-23T06:20:43.711+0700] {processor.py:914} INFO - Processing file /mnt/d/Project/airflow-news/venv/lib/python3.12/site-packages/airflow/example_dags/example_setup_teardown.py for tasks to queue
[2024-12-23T06:20:43.717+0700] {logging_mixin.py:190} INFO - [2024-12-23T06:20:43.715+0700] {dagbag.py:588} INFO - Filling up the DagBag from /mnt/d/Project/airflow-news/venv/lib/python3.12/site-packages/airflow/example_dags/example_setup_teardown.py
[2024-12-23T06:20:43.826+0700] {processor.py:925} INFO - DAG(s) 'example_setup_teardown' retrieved from /mnt/d/Project/airflow-news/venv/lib/python3.12/site-packages/airflow/example_dags/example_setup_teardown.py
[2024-12-23T06:20:43.873+0700] {logging_mixin.py:190} INFO - [2024-12-23T06:20:43.871+0700] {dag.py:3239} INFO - Sync 1 DAGs
[2024-12-23T06:20:43.896+0700] {logging_mixin.py:190} INFO - [2024-12-23T06:20:43.894+0700] {dag.py:4180} INFO - Setting next_dagrun for example_setup_teardown to None, run_after=None
[2024-12-23T06:20:43.987+0700] {processor.py:208} INFO - Processing /mnt/d/Project/airflow-news/venv/lib/python3.12/site-packages/airflow/example_dags/example_setup_teardown.py took 0.303 seconds
[2024-12-23T06:22:44.091+0700] {processor.py:186} INFO - Started process (PID=6339) to work on /mnt/d/Project/airflow-news/venv/lib/python3.12/site-packages/airflow/example_dags/example_setup_teardown.py
[2024-12-23T06:22:44.093+0700] {processor.py:914} INFO - Processing file /mnt/d/Project/airflow-news/venv/lib/python3.12/site-packages/airflow/example_dags/example_setup_teardown.py for tasks to queue
[2024-12-23T06:22:44.098+0700] {logging_mixin.py:190} INFO - [2024-12-23T06:22:44.096+0700] {dagbag.py:588} INFO - Filling up the DagBag from /mnt/d/Project/airflow-news/venv/lib/python3.12/site-packages/airflow/example_dags/example_setup_teardown.py
[2024-12-23T06:22:44.184+0700] {processor.py:925} INFO - DAG(s) 'example_setup_teardown' retrieved from /mnt/d/Project/airflow-news/venv/lib/python3.12/site-packages/airflow/example_dags/example_setup_teardown.py
[2024-12-23T06:22:44.223+0700] {logging_mixin.py:190} INFO - [2024-12-23T06:22:44.221+0700] {dag.py:3239} INFO - Sync 1 DAGs
[2024-12-23T06:22:44.243+0700] {logging_mixin.py:190} INFO - [2024-12-23T06:22:44.242+0700] {dag.py:4180} INFO - Setting next_dagrun for example_setup_teardown to None, run_after=None
[2024-12-23T06:22:44.343+0700] {processor.py:208} INFO - Processing /mnt/d/Project/airflow-news/venv/lib/python3.12/site-packages/airflow/example_dags/example_setup_teardown.py took 0.273 seconds
[2024-12-23T06:22:46.597+0700] {processor.py:186} INFO - Started process (PID=6346) to work on /mnt/d/Project/airflow-news/venv/lib/python3.12/site-packages/airflow/example_dags/example_setup_teardown.py
[2024-12-23T06:22:46.599+0700] {processor.py:914} INFO - Processing file /mnt/d/Project/airflow-news/venv/lib/python3.12/site-packages/airflow/example_dags/example_setup_teardown.py for tasks to queue
[2024-12-23T06:22:46.604+0700] {logging_mixin.py:190} INFO - [2024-12-23T06:22:46.602+0700] {dagbag.py:588} INFO - Filling up the DagBag from /mnt/d/Project/airflow-news/venv/lib/python3.12/site-packages/airflow/example_dags/example_setup_teardown.py
[2024-12-23T06:22:46.685+0700] {processor.py:925} INFO - DAG(s) 'example_setup_teardown' retrieved from /mnt/d/Project/airflow-news/venv/lib/python3.12/site-packages/airflow/example_dags/example_setup_teardown.py
[2024-12-23T06:22:46.736+0700] {logging_mixin.py:190} INFO - [2024-12-23T06:22:46.734+0700] {dag.py:3239} INFO - Sync 1 DAGs
[2024-12-23T06:22:46.762+0700] {logging_mixin.py:190} INFO - [2024-12-23T06:22:46.760+0700] {dag.py:4180} INFO - Setting next_dagrun for example_setup_teardown to None, run_after=None
[2024-12-23T06:22:46.842+0700] {processor.py:208} INFO - Processing /mnt/d/Project/airflow-news/venv/lib/python3.12/site-packages/airflow/example_dags/example_setup_teardown.py took 0.258 seconds
[2024-12-23T06:24:05.417+0700] {processor.py:186} INFO - Started process (PID=6611) to work on /mnt/d/Project/airflow-news/venv/lib/python3.12/site-packages/airflow/example_dags/example_setup_teardown.py
[2024-12-23T06:24:05.420+0700] {processor.py:914} INFO - Processing file /mnt/d/Project/airflow-news/venv/lib/python3.12/site-packages/airflow/example_dags/example_setup_teardown.py for tasks to queue
[2024-12-23T06:24:05.424+0700] {logging_mixin.py:190} INFO - [2024-12-23T06:24:05.423+0700] {dagbag.py:588} INFO - Filling up the DagBag from /mnt/d/Project/airflow-news/venv/lib/python3.12/site-packages/airflow/example_dags/example_setup_teardown.py
[2024-12-23T06:24:05.527+0700] {processor.py:925} INFO - DAG(s) 'example_setup_teardown' retrieved from /mnt/d/Project/airflow-news/venv/lib/python3.12/site-packages/airflow/example_dags/example_setup_teardown.py
[2024-12-23T06:24:05.566+0700] {logging_mixin.py:190} INFO - [2024-12-23T06:24:05.564+0700] {dag.py:3239} INFO - Sync 1 DAGs
[2024-12-23T06:24:05.586+0700] {logging_mixin.py:190} INFO - [2024-12-23T06:24:05.585+0700] {dag.py:4180} INFO - Setting next_dagrun for example_setup_teardown to None, run_after=None
[2024-12-23T06:24:05.662+0700] {processor.py:208} INFO - Processing /mnt/d/Project/airflow-news/venv/lib/python3.12/site-packages/airflow/example_dags/example_setup_teardown.py took 0.258 seconds
[2024-12-23T06:24:34.626+0700] {processor.py:186} INFO - Started process (PID=6687) to work on /mnt/d/Project/airflow-news/venv/lib/python3.12/site-packages/airflow/example_dags/example_setup_teardown.py
[2024-12-23T06:24:34.628+0700] {processor.py:914} INFO - Processing file /mnt/d/Project/airflow-news/venv/lib/python3.12/site-packages/airflow/example_dags/example_setup_teardown.py for tasks to queue
[2024-12-23T06:24:34.633+0700] {logging_mixin.py:190} INFO - [2024-12-23T06:24:34.632+0700] {dagbag.py:588} INFO - Filling up the DagBag from /mnt/d/Project/airflow-news/venv/lib/python3.12/site-packages/airflow/example_dags/example_setup_teardown.py
[2024-12-23T06:24:34.699+0700] {processor.py:925} INFO - DAG(s) 'example_setup_teardown' retrieved from /mnt/d/Project/airflow-news/venv/lib/python3.12/site-packages/airflow/example_dags/example_setup_teardown.py
[2024-12-23T06:24:34.738+0700] {logging_mixin.py:190} INFO - [2024-12-23T06:24:34.736+0700] {dag.py:3239} INFO - Sync 1 DAGs
[2024-12-23T06:24:34.759+0700] {logging_mixin.py:190} INFO - [2024-12-23T06:24:34.758+0700] {dag.py:4180} INFO - Setting next_dagrun for example_setup_teardown to None, run_after=None
[2024-12-23T06:24:34.841+0700] {processor.py:208} INFO - Processing /mnt/d/Project/airflow-news/venv/lib/python3.12/site-packages/airflow/example_dags/example_setup_teardown.py took 0.236 seconds
[2024-12-23T06:25:34.213+0700] {processor.py:186} INFO - Started process (PID=6871) to work on /mnt/d/Project/airflow-news/venv/lib/python3.12/site-packages/airflow/example_dags/example_setup_teardown.py
[2024-12-23T06:25:34.215+0700] {processor.py:914} INFO - Processing file /mnt/d/Project/airflow-news/venv/lib/python3.12/site-packages/airflow/example_dags/example_setup_teardown.py for tasks to queue
[2024-12-23T06:25:34.221+0700] {logging_mixin.py:190} INFO - [2024-12-23T06:25:34.219+0700] {dagbag.py:588} INFO - Filling up the DagBag from /mnt/d/Project/airflow-news/venv/lib/python3.12/site-packages/airflow/example_dags/example_setup_teardown.py
[2024-12-23T06:25:34.314+0700] {processor.py:925} INFO - DAG(s) 'example_setup_teardown' retrieved from /mnt/d/Project/airflow-news/venv/lib/python3.12/site-packages/airflow/example_dags/example_setup_teardown.py
[2024-12-23T06:25:34.357+0700] {logging_mixin.py:190} INFO - [2024-12-23T06:25:34.356+0700] {dag.py:3239} INFO - Sync 1 DAGs
[2024-12-23T06:25:34.377+0700] {logging_mixin.py:190} INFO - [2024-12-23T06:25:34.376+0700] {dag.py:4180} INFO - Setting next_dagrun for example_setup_teardown to None, run_after=None
[2024-12-23T06:25:34.452+0700] {processor.py:208} INFO - Processing /mnt/d/Project/airflow-news/venv/lib/python3.12/site-packages/airflow/example_dags/example_setup_teardown.py took 0.255 seconds
[2024-12-23T06:26:22.715+0700] {processor.py:186} INFO - Started process (PID=7017) to work on /mnt/d/Project/airflow-news/venv/lib/python3.12/site-packages/airflow/example_dags/example_setup_teardown.py
[2024-12-23T06:26:22.718+0700] {processor.py:914} INFO - Processing file /mnt/d/Project/airflow-news/venv/lib/python3.12/site-packages/airflow/example_dags/example_setup_teardown.py for tasks to queue
[2024-12-23T06:26:22.722+0700] {logging_mixin.py:190} INFO - [2024-12-23T06:26:22.721+0700] {dagbag.py:588} INFO - Filling up the DagBag from /mnt/d/Project/airflow-news/venv/lib/python3.12/site-packages/airflow/example_dags/example_setup_teardown.py
[2024-12-23T06:26:22.807+0700] {processor.py:925} INFO - DAG(s) 'example_setup_teardown' retrieved from /mnt/d/Project/airflow-news/venv/lib/python3.12/site-packages/airflow/example_dags/example_setup_teardown.py
[2024-12-23T06:26:22.842+0700] {logging_mixin.py:190} INFO - [2024-12-23T06:26:22.841+0700] {dag.py:3239} INFO - Sync 1 DAGs
[2024-12-23T06:26:22.862+0700] {logging_mixin.py:190} INFO - [2024-12-23T06:26:22.861+0700] {dag.py:4180} INFO - Setting next_dagrun for example_setup_teardown to None, run_after=None
[2024-12-23T06:26:22.926+0700] {processor.py:208} INFO - Processing /mnt/d/Project/airflow-news/venv/lib/python3.12/site-packages/airflow/example_dags/example_setup_teardown.py took 0.232 seconds
[2024-12-23T06:27:06.809+0700] {processor.py:186} INFO - Started process (PID=7150) to work on /mnt/d/Project/airflow-news/venv/lib/python3.12/site-packages/airflow/example_dags/example_setup_teardown.py
[2024-12-23T06:27:06.811+0700] {processor.py:914} INFO - Processing file /mnt/d/Project/airflow-news/venv/lib/python3.12/site-packages/airflow/example_dags/example_setup_teardown.py for tasks to queue
[2024-12-23T06:27:06.816+0700] {logging_mixin.py:190} INFO - [2024-12-23T06:27:06.814+0700] {dagbag.py:588} INFO - Filling up the DagBag from /mnt/d/Project/airflow-news/venv/lib/python3.12/site-packages/airflow/example_dags/example_setup_teardown.py
[2024-12-23T06:27:06.901+0700] {processor.py:925} INFO - DAG(s) 'example_setup_teardown' retrieved from /mnt/d/Project/airflow-news/venv/lib/python3.12/site-packages/airflow/example_dags/example_setup_teardown.py
[2024-12-23T06:27:06.935+0700] {logging_mixin.py:190} INFO - [2024-12-23T06:27:06.934+0700] {dag.py:3239} INFO - Sync 1 DAGs
[2024-12-23T06:27:06.955+0700] {logging_mixin.py:190} INFO - [2024-12-23T06:27:06.953+0700] {dag.py:4180} INFO - Setting next_dagrun for example_setup_teardown to None, run_after=None
[2024-12-23T06:27:07.033+0700] {processor.py:208} INFO - Processing /mnt/d/Project/airflow-news/venv/lib/python3.12/site-packages/airflow/example_dags/example_setup_teardown.py took 0.238 seconds
[2024-12-23T06:28:08.286+0700] {processor.py:186} INFO - Started process (PID=7324) to work on /mnt/d/Project/airflow-news/venv/lib/python3.12/site-packages/airflow/example_dags/example_setup_teardown.py
[2024-12-23T06:28:08.289+0700] {processor.py:914} INFO - Processing file /mnt/d/Project/airflow-news/venv/lib/python3.12/site-packages/airflow/example_dags/example_setup_teardown.py for tasks to queue
[2024-12-23T06:28:08.294+0700] {logging_mixin.py:190} INFO - [2024-12-23T06:28:08.293+0700] {dagbag.py:588} INFO - Filling up the DagBag from /mnt/d/Project/airflow-news/venv/lib/python3.12/site-packages/airflow/example_dags/example_setup_teardown.py
[2024-12-23T06:28:08.363+0700] {processor.py:925} INFO - DAG(s) 'example_setup_teardown' retrieved from /mnt/d/Project/airflow-news/venv/lib/python3.12/site-packages/airflow/example_dags/example_setup_teardown.py
[2024-12-23T06:28:08.398+0700] {logging_mixin.py:190} INFO - [2024-12-23T06:28:08.397+0700] {dag.py:3239} INFO - Sync 1 DAGs
[2024-12-23T06:28:08.419+0700] {logging_mixin.py:190} INFO - [2024-12-23T06:28:08.417+0700] {dag.py:4180} INFO - Setting next_dagrun for example_setup_teardown to None, run_after=None
[2024-12-23T06:28:08.495+0700] {processor.py:208} INFO - Processing /mnt/d/Project/airflow-news/venv/lib/python3.12/site-packages/airflow/example_dags/example_setup_teardown.py took 0.231 seconds
[2024-12-23T06:28:43.567+0700] {processor.py:186} INFO - Started process (PID=7432) to work on /mnt/d/Project/airflow-news/venv/lib/python3.12/site-packages/airflow/example_dags/example_setup_teardown.py
[2024-12-23T06:28:43.569+0700] {processor.py:914} INFO - Processing file /mnt/d/Project/airflow-news/venv/lib/python3.12/site-packages/airflow/example_dags/example_setup_teardown.py for tasks to queue
[2024-12-23T06:28:43.574+0700] {logging_mixin.py:190} INFO - [2024-12-23T06:28:43.572+0700] {dagbag.py:588} INFO - Filling up the DagBag from /mnt/d/Project/airflow-news/venv/lib/python3.12/site-packages/airflow/example_dags/example_setup_teardown.py
[2024-12-23T06:28:43.658+0700] {processor.py:925} INFO - DAG(s) 'example_setup_teardown' retrieved from /mnt/d/Project/airflow-news/venv/lib/python3.12/site-packages/airflow/example_dags/example_setup_teardown.py
[2024-12-23T06:28:43.696+0700] {logging_mixin.py:190} INFO - [2024-12-23T06:28:43.695+0700] {dag.py:3239} INFO - Sync 1 DAGs
[2024-12-23T06:28:43.719+0700] {logging_mixin.py:190} INFO - [2024-12-23T06:28:43.717+0700] {dag.py:4180} INFO - Setting next_dagrun for example_setup_teardown to None, run_after=None
[2024-12-23T06:28:43.800+0700] {processor.py:208} INFO - Processing /mnt/d/Project/airflow-news/venv/lib/python3.12/site-packages/airflow/example_dags/example_setup_teardown.py took 0.247 seconds
[2024-12-23T06:29:56.691+0700] {processor.py:186} INFO - Started process (PID=7648) to work on /mnt/d/Project/airflow-news/venv/lib/python3.12/site-packages/airflow/example_dags/example_setup_teardown.py
[2024-12-23T06:29:56.694+0700] {processor.py:914} INFO - Processing file /mnt/d/Project/airflow-news/venv/lib/python3.12/site-packages/airflow/example_dags/example_setup_teardown.py for tasks to queue
[2024-12-23T06:29:56.699+0700] {logging_mixin.py:190} INFO - [2024-12-23T06:29:56.698+0700] {dagbag.py:588} INFO - Filling up the DagBag from /mnt/d/Project/airflow-news/venv/lib/python3.12/site-packages/airflow/example_dags/example_setup_teardown.py
[2024-12-23T06:29:56.790+0700] {processor.py:925} INFO - DAG(s) 'example_setup_teardown' retrieved from /mnt/d/Project/airflow-news/venv/lib/python3.12/site-packages/airflow/example_dags/example_setup_teardown.py
[2024-12-23T06:29:56.831+0700] {logging_mixin.py:190} INFO - [2024-12-23T06:29:56.830+0700] {dag.py:3239} INFO - Sync 1 DAGs
[2024-12-23T06:29:56.852+0700] {logging_mixin.py:190} INFO - [2024-12-23T06:29:56.851+0700] {dag.py:4180} INFO - Setting next_dagrun for example_setup_teardown to None, run_after=None
[2024-12-23T06:29:56.924+0700] {processor.py:208} INFO - Processing /mnt/d/Project/airflow-news/venv/lib/python3.12/site-packages/airflow/example_dags/example_setup_teardown.py took 0.258 seconds
[2024-12-23T06:30:10.920+0700] {processor.py:186} INFO - Started process (PID=7693) to work on /mnt/d/Project/airflow-news/venv/lib/python3.12/site-packages/airflow/example_dags/example_setup_teardown.py
[2024-12-23T06:30:10.922+0700] {processor.py:914} INFO - Processing file /mnt/d/Project/airflow-news/venv/lib/python3.12/site-packages/airflow/example_dags/example_setup_teardown.py for tasks to queue
[2024-12-23T06:30:10.927+0700] {logging_mixin.py:190} INFO - [2024-12-23T06:30:10.926+0700] {dagbag.py:588} INFO - Filling up the DagBag from /mnt/d/Project/airflow-news/venv/lib/python3.12/site-packages/airflow/example_dags/example_setup_teardown.py
[2024-12-23T06:30:11.016+0700] {processor.py:925} INFO - DAG(s) 'example_setup_teardown' retrieved from /mnt/d/Project/airflow-news/venv/lib/python3.12/site-packages/airflow/example_dags/example_setup_teardown.py
[2024-12-23T06:30:11.055+0700] {logging_mixin.py:190} INFO - [2024-12-23T06:30:11.054+0700] {dag.py:3239} INFO - Sync 1 DAGs
[2024-12-23T06:30:11.076+0700] {logging_mixin.py:190} INFO - [2024-12-23T06:30:11.074+0700] {dag.py:4180} INFO - Setting next_dagrun for example_setup_teardown to None, run_after=None
[2024-12-23T06:30:11.155+0700] {processor.py:208} INFO - Processing /mnt/d/Project/airflow-news/venv/lib/python3.12/site-packages/airflow/example_dags/example_setup_teardown.py took 0.251 seconds
[2024-12-23T06:31:40.875+0700] {processor.py:186} INFO - Started process (PID=7951) to work on /mnt/d/Project/airflow-news/venv/lib/python3.12/site-packages/airflow/example_dags/example_setup_teardown.py
[2024-12-23T06:31:40.878+0700] {processor.py:914} INFO - Processing file /mnt/d/Project/airflow-news/venv/lib/python3.12/site-packages/airflow/example_dags/example_setup_teardown.py for tasks to queue
[2024-12-23T06:31:40.883+0700] {logging_mixin.py:190} INFO - [2024-12-23T06:31:40.882+0700] {dagbag.py:588} INFO - Filling up the DagBag from /mnt/d/Project/airflow-news/venv/lib/python3.12/site-packages/airflow/example_dags/example_setup_teardown.py
[2024-12-23T06:31:40.976+0700] {processor.py:925} INFO - DAG(s) 'example_setup_teardown' retrieved from /mnt/d/Project/airflow-news/venv/lib/python3.12/site-packages/airflow/example_dags/example_setup_teardown.py
[2024-12-23T06:31:41.017+0700] {logging_mixin.py:190} INFO - [2024-12-23T06:31:41.016+0700] {dag.py:3239} INFO - Sync 1 DAGs
[2024-12-23T06:31:41.038+0700] {logging_mixin.py:190} INFO - [2024-12-23T06:31:41.036+0700] {dag.py:4180} INFO - Setting next_dagrun for example_setup_teardown to None, run_after=None
[2024-12-23T06:31:41.112+0700] {processor.py:208} INFO - Processing /mnt/d/Project/airflow-news/venv/lib/python3.12/site-packages/airflow/example_dags/example_setup_teardown.py took 0.258 seconds
[2024-12-23T06:31:42.333+0700] {processor.py:186} INFO - Started process (PID=7959) to work on /mnt/d/Project/airflow-news/venv/lib/python3.12/site-packages/airflow/example_dags/example_setup_teardown.py
[2024-12-23T06:31:42.336+0700] {processor.py:914} INFO - Processing file /mnt/d/Project/airflow-news/venv/lib/python3.12/site-packages/airflow/example_dags/example_setup_teardown.py for tasks to queue
[2024-12-23T06:31:42.341+0700] {logging_mixin.py:190} INFO - [2024-12-23T06:31:42.339+0700] {dagbag.py:588} INFO - Filling up the DagBag from /mnt/d/Project/airflow-news/venv/lib/python3.12/site-packages/airflow/example_dags/example_setup_teardown.py
[2024-12-23T06:31:42.425+0700] {processor.py:925} INFO - DAG(s) 'example_setup_teardown' retrieved from /mnt/d/Project/airflow-news/venv/lib/python3.12/site-packages/airflow/example_dags/example_setup_teardown.py
[2024-12-23T06:31:42.461+0700] {logging_mixin.py:190} INFO - [2024-12-23T06:31:42.460+0700] {dag.py:3239} INFO - Sync 1 DAGs
[2024-12-23T06:31:42.483+0700] {logging_mixin.py:190} INFO - [2024-12-23T06:31:42.481+0700] {dag.py:4180} INFO - Setting next_dagrun for example_setup_teardown to None, run_after=None
[2024-12-23T06:31:42.563+0700] {processor.py:208} INFO - Processing /mnt/d/Project/airflow-news/venv/lib/python3.12/site-packages/airflow/example_dags/example_setup_teardown.py took 0.245 seconds
[2024-12-23T06:33:18.934+0700] {processor.py:186} INFO - Started process (PID=8257) to work on /mnt/d/Project/airflow-news/venv/lib/python3.12/site-packages/airflow/example_dags/example_setup_teardown.py
[2024-12-23T06:33:18.936+0700] {processor.py:914} INFO - Processing file /mnt/d/Project/airflow-news/venv/lib/python3.12/site-packages/airflow/example_dags/example_setup_teardown.py for tasks to queue
[2024-12-23T06:33:18.941+0700] {logging_mixin.py:190} INFO - [2024-12-23T06:33:18.939+0700] {dagbag.py:588} INFO - Filling up the DagBag from /mnt/d/Project/airflow-news/venv/lib/python3.12/site-packages/airflow/example_dags/example_setup_teardown.py
[2024-12-23T06:33:19.044+0700] {processor.py:925} INFO - DAG(s) 'example_setup_teardown' retrieved from /mnt/d/Project/airflow-news/venv/lib/python3.12/site-packages/airflow/example_dags/example_setup_teardown.py
[2024-12-23T06:33:19.080+0700] {logging_mixin.py:190} INFO - [2024-12-23T06:33:19.079+0700] {dag.py:3239} INFO - Sync 1 DAGs
[2024-12-23T06:33:19.102+0700] {logging_mixin.py:190} INFO - [2024-12-23T06:33:19.101+0700] {dag.py:4180} INFO - Setting next_dagrun for example_setup_teardown to None, run_after=None
[2024-12-23T06:33:19.175+0700] {processor.py:208} INFO - Processing /mnt/d/Project/airflow-news/venv/lib/python3.12/site-packages/airflow/example_dags/example_setup_teardown.py took 0.258 seconds
[2024-12-23T06:33:35.183+0700] {processor.py:186} INFO - Started process (PID=8302) to work on /mnt/d/Project/airflow-news/venv/lib/python3.12/site-packages/airflow/example_dags/example_setup_teardown.py
[2024-12-23T06:33:35.187+0700] {processor.py:914} INFO - Processing file /mnt/d/Project/airflow-news/venv/lib/python3.12/site-packages/airflow/example_dags/example_setup_teardown.py for tasks to queue
[2024-12-23T06:33:35.193+0700] {logging_mixin.py:190} INFO - [2024-12-23T06:33:35.191+0700] {dagbag.py:588} INFO - Filling up the DagBag from /mnt/d/Project/airflow-news/venv/lib/python3.12/site-packages/airflow/example_dags/example_setup_teardown.py
[2024-12-23T06:33:35.283+0700] {processor.py:925} INFO - DAG(s) 'example_setup_teardown' retrieved from /mnt/d/Project/airflow-news/venv/lib/python3.12/site-packages/airflow/example_dags/example_setup_teardown.py
[2024-12-23T06:33:35.327+0700] {logging_mixin.py:190} INFO - [2024-12-23T06:33:35.326+0700] {dag.py:3239} INFO - Sync 1 DAGs
[2024-12-23T06:33:35.349+0700] {logging_mixin.py:190} INFO - [2024-12-23T06:33:35.347+0700] {dag.py:4180} INFO - Setting next_dagrun for example_setup_teardown to None, run_after=None
[2024-12-23T06:33:35.437+0700] {processor.py:208} INFO - Processing /mnt/d/Project/airflow-news/venv/lib/python3.12/site-packages/airflow/example_dags/example_setup_teardown.py took 0.276 seconds
[2024-12-23T06:34:57.740+0700] {processor.py:186} INFO - Started process (PID=8530) to work on /mnt/d/Project/airflow-news/venv/lib/python3.12/site-packages/airflow/example_dags/example_setup_teardown.py
[2024-12-23T06:34:57.742+0700] {processor.py:914} INFO - Processing file /mnt/d/Project/airflow-news/venv/lib/python3.12/site-packages/airflow/example_dags/example_setup_teardown.py for tasks to queue
[2024-12-23T06:34:57.747+0700] {logging_mixin.py:190} INFO - [2024-12-23T06:34:57.745+0700] {dagbag.py:588} INFO - Filling up the DagBag from /mnt/d/Project/airflow-news/venv/lib/python3.12/site-packages/airflow/example_dags/example_setup_teardown.py
[2024-12-23T06:34:57.839+0700] {processor.py:925} INFO - DAG(s) 'example_setup_teardown' retrieved from /mnt/d/Project/airflow-news/venv/lib/python3.12/site-packages/airflow/example_dags/example_setup_teardown.py
[2024-12-23T06:34:57.882+0700] {logging_mixin.py:190} INFO - [2024-12-23T06:34:57.881+0700] {dag.py:3239} INFO - Sync 1 DAGs
[2024-12-23T06:34:57.907+0700] {logging_mixin.py:190} INFO - [2024-12-23T06:34:57.905+0700] {dag.py:4180} INFO - Setting next_dagrun for example_setup_teardown to None, run_after=None
[2024-12-23T06:34:58.000+0700] {processor.py:208} INFO - Processing /mnt/d/Project/airflow-news/venv/lib/python3.12/site-packages/airflow/example_dags/example_setup_teardown.py took 0.278 seconds
[2024-12-23T06:36:24.283+0700] {processor.py:186} INFO - Started process (PID=8805) to work on /mnt/d/Project/airflow-news/venv/lib/python3.12/site-packages/airflow/example_dags/example_setup_teardown.py
[2024-12-23T06:36:24.286+0700] {processor.py:914} INFO - Processing file /mnt/d/Project/airflow-news/venv/lib/python3.12/site-packages/airflow/example_dags/example_setup_teardown.py for tasks to queue
[2024-12-23T06:36:24.291+0700] {logging_mixin.py:190} INFO - [2024-12-23T06:36:24.289+0700] {dagbag.py:588} INFO - Filling up the DagBag from /mnt/d/Project/airflow-news/venv/lib/python3.12/site-packages/airflow/example_dags/example_setup_teardown.py
[2024-12-23T06:36:24.382+0700] {processor.py:925} INFO - DAG(s) 'example_setup_teardown' retrieved from /mnt/d/Project/airflow-news/venv/lib/python3.12/site-packages/airflow/example_dags/example_setup_teardown.py
[2024-12-23T06:36:24.418+0700] {logging_mixin.py:190} INFO - [2024-12-23T06:36:24.417+0700] {dag.py:3239} INFO - Sync 1 DAGs
[2024-12-23T06:36:24.439+0700] {logging_mixin.py:190} INFO - [2024-12-23T06:36:24.438+0700] {dag.py:4180} INFO - Setting next_dagrun for example_setup_teardown to None, run_after=None
[2024-12-23T06:36:24.515+0700] {processor.py:208} INFO - Processing /mnt/d/Project/airflow-news/venv/lib/python3.12/site-packages/airflow/example_dags/example_setup_teardown.py took 0.253 seconds
[2024-12-23T06:36:44.969+0700] {processor.py:186} INFO - Started process (PID=8862) to work on /mnt/d/Project/airflow-news/venv/lib/python3.12/site-packages/airflow/example_dags/example_setup_teardown.py
[2024-12-23T06:36:44.971+0700] {processor.py:914} INFO - Processing file /mnt/d/Project/airflow-news/venv/lib/python3.12/site-packages/airflow/example_dags/example_setup_teardown.py for tasks to queue
[2024-12-23T06:36:44.976+0700] {logging_mixin.py:190} INFO - [2024-12-23T06:36:44.974+0700] {dagbag.py:588} INFO - Filling up the DagBag from /mnt/d/Project/airflow-news/venv/lib/python3.12/site-packages/airflow/example_dags/example_setup_teardown.py
[2024-12-23T06:36:45.070+0700] {processor.py:925} INFO - DAG(s) 'example_setup_teardown' retrieved from /mnt/d/Project/airflow-news/venv/lib/python3.12/site-packages/airflow/example_dags/example_setup_teardown.py
[2024-12-23T06:36:45.111+0700] {logging_mixin.py:190} INFO - [2024-12-23T06:36:45.109+0700] {dag.py:3239} INFO - Sync 1 DAGs
[2024-12-23T06:36:45.132+0700] {logging_mixin.py:190} INFO - [2024-12-23T06:36:45.130+0700] {dag.py:4180} INFO - Setting next_dagrun for example_setup_teardown to None, run_after=None
[2024-12-23T06:36:45.213+0700] {processor.py:208} INFO - Processing /mnt/d/Project/airflow-news/venv/lib/python3.12/site-packages/airflow/example_dags/example_setup_teardown.py took 0.260 seconds
[2024-12-23T06:37:49.114+0700] {processor.py:186} INFO - Started process (PID=9085) to work on /mnt/d/Project/airflow-news/venv/lib/python3.12/site-packages/airflow/example_dags/example_setup_teardown.py
[2024-12-23T06:37:49.118+0700] {processor.py:914} INFO - Processing file /mnt/d/Project/airflow-news/venv/lib/python3.12/site-packages/airflow/example_dags/example_setup_teardown.py for tasks to queue
[2024-12-23T06:37:49.128+0700] {logging_mixin.py:190} INFO - [2024-12-23T06:37:49.125+0700] {dagbag.py:588} INFO - Filling up the DagBag from /mnt/d/Project/airflow-news/venv/lib/python3.12/site-packages/airflow/example_dags/example_setup_teardown.py
[2024-12-23T06:37:49.270+0700] {processor.py:925} INFO - DAG(s) 'example_setup_teardown' retrieved from /mnt/d/Project/airflow-news/venv/lib/python3.12/site-packages/airflow/example_dags/example_setup_teardown.py
[2024-12-23T06:37:49.328+0700] {logging_mixin.py:190} INFO - [2024-12-23T06:37:49.326+0700] {dag.py:3239} INFO - Sync 1 DAGs
[2024-12-23T06:37:49.368+0700] {logging_mixin.py:190} INFO - [2024-12-23T06:37:49.366+0700] {dag.py:4180} INFO - Setting next_dagrun for example_setup_teardown to None, run_after=None
[2024-12-23T06:37:49.479+0700] {processor.py:208} INFO - Processing /mnt/d/Project/airflow-news/venv/lib/python3.12/site-packages/airflow/example_dags/example_setup_teardown.py took 0.398 seconds
[2024-12-23T06:38:00.378+0700] {processor.py:186} INFO - Started process (PID=9131) to work on /mnt/d/Project/airflow-news/venv/lib/python3.12/site-packages/airflow/example_dags/example_setup_teardown.py
[2024-12-23T06:38:00.380+0700] {processor.py:914} INFO - Processing file /mnt/d/Project/airflow-news/venv/lib/python3.12/site-packages/airflow/example_dags/example_setup_teardown.py for tasks to queue
[2024-12-23T06:38:00.388+0700] {logging_mixin.py:190} INFO - [2024-12-23T06:38:00.386+0700] {dagbag.py:588} INFO - Filling up the DagBag from /mnt/d/Project/airflow-news/venv/lib/python3.12/site-packages/airflow/example_dags/example_setup_teardown.py
[2024-12-23T06:38:00.469+0700] {processor.py:925} INFO - DAG(s) 'example_setup_teardown' retrieved from /mnt/d/Project/airflow-news/venv/lib/python3.12/site-packages/airflow/example_dags/example_setup_teardown.py
[2024-12-23T06:38:00.516+0700] {logging_mixin.py:190} INFO - [2024-12-23T06:38:00.515+0700] {dag.py:3239} INFO - Sync 1 DAGs
[2024-12-23T06:38:00.537+0700] {logging_mixin.py:190} INFO - [2024-12-23T06:38:00.536+0700] {dag.py:4180} INFO - Setting next_dagrun for example_setup_teardown to None, run_after=None
[2024-12-23T06:38:00.617+0700] {processor.py:208} INFO - Processing /mnt/d/Project/airflow-news/venv/lib/python3.12/site-packages/airflow/example_dags/example_setup_teardown.py took 0.253 seconds
[2024-12-23T06:39:49.638+0700] {processor.py:186} INFO - Started process (PID=9459) to work on /mnt/d/Project/airflow-news/venv/lib/python3.12/site-packages/airflow/example_dags/example_setup_teardown.py
[2024-12-23T06:39:49.641+0700] {processor.py:914} INFO - Processing file /mnt/d/Project/airflow-news/venv/lib/python3.12/site-packages/airflow/example_dags/example_setup_teardown.py for tasks to queue
[2024-12-23T06:39:49.646+0700] {logging_mixin.py:190} INFO - [2024-12-23T06:39:49.644+0700] {dagbag.py:588} INFO - Filling up the DagBag from /mnt/d/Project/airflow-news/venv/lib/python3.12/site-packages/airflow/example_dags/example_setup_teardown.py
[2024-12-23T06:39:49.733+0700] {processor.py:925} INFO - DAG(s) 'example_setup_teardown' retrieved from /mnt/d/Project/airflow-news/venv/lib/python3.12/site-packages/airflow/example_dags/example_setup_teardown.py
[2024-12-23T06:39:49.771+0700] {logging_mixin.py:190} INFO - [2024-12-23T06:39:49.769+0700] {dag.py:3239} INFO - Sync 1 DAGs
[2024-12-23T06:39:49.792+0700] {logging_mixin.py:190} INFO - [2024-12-23T06:39:49.789+0700] {dag.py:4180} INFO - Setting next_dagrun for example_setup_teardown to None, run_after=None
[2024-12-23T06:39:49.867+0700] {processor.py:208} INFO - Processing /mnt/d/Project/airflow-news/venv/lib/python3.12/site-packages/airflow/example_dags/example_setup_teardown.py took 0.247 seconds
[2024-12-23T06:41:50.541+0700] {processor.py:186} INFO - Started process (PID=9739) to work on /mnt/d/Project/airflow-news/venv/lib/python3.12/site-packages/airflow/example_dags/example_setup_teardown.py
[2024-12-23T06:41:50.543+0700] {processor.py:914} INFO - Processing file /mnt/d/Project/airflow-news/venv/lib/python3.12/site-packages/airflow/example_dags/example_setup_teardown.py for tasks to queue
[2024-12-23T06:41:50.548+0700] {logging_mixin.py:190} INFO - [2024-12-23T06:41:50.546+0700] {dagbag.py:588} INFO - Filling up the DagBag from /mnt/d/Project/airflow-news/venv/lib/python3.12/site-packages/airflow/example_dags/example_setup_teardown.py
[2024-12-23T06:41:50.636+0700] {processor.py:925} INFO - DAG(s) 'example_setup_teardown' retrieved from /mnt/d/Project/airflow-news/venv/lib/python3.12/site-packages/airflow/example_dags/example_setup_teardown.py
[2024-12-23T06:41:50.671+0700] {logging_mixin.py:190} INFO - [2024-12-23T06:41:50.670+0700] {dag.py:3239} INFO - Sync 1 DAGs
[2024-12-23T06:41:50.691+0700] {logging_mixin.py:190} INFO - [2024-12-23T06:41:50.689+0700] {dag.py:4180} INFO - Setting next_dagrun for example_setup_teardown to None, run_after=None
[2024-12-23T06:41:50.766+0700] {processor.py:208} INFO - Processing /mnt/d/Project/airflow-news/venv/lib/python3.12/site-packages/airflow/example_dags/example_setup_teardown.py took 0.246 seconds
[2024-12-23T06:43:50.390+0700] {processor.py:186} INFO - Started process (PID=10119) to work on /mnt/d/Project/airflow-news/venv/lib/python3.12/site-packages/airflow/example_dags/example_setup_teardown.py
[2024-12-23T06:43:50.392+0700] {processor.py:914} INFO - Processing file /mnt/d/Project/airflow-news/venv/lib/python3.12/site-packages/airflow/example_dags/example_setup_teardown.py for tasks to queue
[2024-12-23T06:43:50.398+0700] {logging_mixin.py:190} INFO - [2024-12-23T06:43:50.395+0700] {dagbag.py:588} INFO - Filling up the DagBag from /mnt/d/Project/airflow-news/venv/lib/python3.12/site-packages/airflow/example_dags/example_setup_teardown.py
[2024-12-23T06:43:50.490+0700] {processor.py:925} INFO - DAG(s) 'example_setup_teardown' retrieved from /mnt/d/Project/airflow-news/venv/lib/python3.12/site-packages/airflow/example_dags/example_setup_teardown.py
[2024-12-23T06:43:50.528+0700] {logging_mixin.py:190} INFO - [2024-12-23T06:43:50.526+0700] {dag.py:3239} INFO - Sync 1 DAGs
[2024-12-23T06:43:50.547+0700] {logging_mixin.py:190} INFO - [2024-12-23T06:43:50.545+0700] {dag.py:4180} INFO - Setting next_dagrun for example_setup_teardown to None, run_after=None
[2024-12-23T06:43:50.618+0700] {processor.py:208} INFO - Processing /mnt/d/Project/airflow-news/venv/lib/python3.12/site-packages/airflow/example_dags/example_setup_teardown.py took 0.251 seconds
[2024-12-23T06:45:47.859+0700] {processor.py:186} INFO - Started process (PID=10442) to work on /mnt/d/Project/airflow-news/venv/lib/python3.12/site-packages/airflow/example_dags/example_setup_teardown.py
[2024-12-23T06:45:47.861+0700] {processor.py:914} INFO - Processing file /mnt/d/Project/airflow-news/venv/lib/python3.12/site-packages/airflow/example_dags/example_setup_teardown.py for tasks to queue
[2024-12-23T06:45:47.867+0700] {logging_mixin.py:190} INFO - [2024-12-23T06:45:47.866+0700] {dagbag.py:588} INFO - Filling up the DagBag from /mnt/d/Project/airflow-news/venv/lib/python3.12/site-packages/airflow/example_dags/example_setup_teardown.py
[2024-12-23T06:45:47.959+0700] {processor.py:925} INFO - DAG(s) 'example_setup_teardown' retrieved from /mnt/d/Project/airflow-news/venv/lib/python3.12/site-packages/airflow/example_dags/example_setup_teardown.py
[2024-12-23T06:45:48.002+0700] {logging_mixin.py:190} INFO - [2024-12-23T06:45:48.001+0700] {dag.py:3239} INFO - Sync 1 DAGs
[2024-12-23T06:45:48.025+0700] {logging_mixin.py:190} INFO - [2024-12-23T06:45:48.022+0700] {dag.py:4180} INFO - Setting next_dagrun for example_setup_teardown to None, run_after=None
[2024-12-23T06:45:48.112+0700] {processor.py:208} INFO - Processing /mnt/d/Project/airflow-news/venv/lib/python3.12/site-packages/airflow/example_dags/example_setup_teardown.py took 0.275 seconds
