[2024-12-23T05:45:10.557+0700] {processor.py:186} INFO - Started process (PID=1381) to work on /mnt/d/Project/airflow-news/venv/lib/python3.12/site-packages/airflow/example_dags/example_setup_teardown_taskflow.py
[2024-12-23T05:45:10.561+0700] {processor.py:914} INFO - Processing file /mnt/d/Project/airflow-news/venv/lib/python3.12/site-packages/airflow/example_dags/example_setup_teardown_taskflow.py for tasks to queue
[2024-12-23T05:45:10.567+0700] {logging_mixin.py:190} INFO - [2024-12-23T05:45:10.565+0700] {dagbag.py:588} INFO - Filling up the DagBag from /mnt/d/Project/airflow-news/venv/lib/python3.12/site-packages/airflow/example_dags/example_setup_teardown_taskflow.py
[2024-12-23T05:45:10.695+0700] {processor.py:925} INFO - DAG(s) 'example_setup_teardown_taskflow' retrieved from /mnt/d/Project/airflow-news/venv/lib/python3.12/site-packages/airflow/example_dags/example_setup_teardown_taskflow.py
[2024-12-23T05:45:12.434+0700] {logging_mixin.py:190} INFO - [2024-12-23T05:45:12.432+0700] {override.py:1911} INFO - Created Permission View: can edit on DAG:example_setup_teardown_taskflow
[2024-12-23T05:45:12.482+0700] {logging_mixin.py:190} INFO - [2024-12-23T05:45:12.480+0700] {override.py:1911} INFO - Created Permission View: can read on DAG:example_setup_teardown_taskflow
[2024-12-23T05:45:12.525+0700] {logging_mixin.py:190} INFO - [2024-12-23T05:45:12.523+0700] {override.py:1911} INFO - Created Permission View: can delete on DAG:example_setup_teardown_taskflow
[2024-12-23T05:45:12.590+0700] {logging_mixin.py:190} INFO - [2024-12-23T05:45:12.588+0700] {override.py:1911} INFO - Created Permission View: can read on DAG Run:example_setup_teardown_taskflow
[2024-12-23T05:45:12.633+0700] {logging_mixin.py:190} INFO - [2024-12-23T05:45:12.631+0700] {override.py:1911} INFO - Created Permission View: can delete on DAG Run:example_setup_teardown_taskflow
[2024-12-23T05:45:12.679+0700] {logging_mixin.py:190} INFO - [2024-12-23T05:45:12.677+0700] {override.py:1911} INFO - Created Permission View: menu access on DAG Run:example_setup_teardown_taskflow
[2024-12-23T05:45:12.728+0700] {logging_mixin.py:190} INFO - [2024-12-23T05:45:12.726+0700] {override.py:1911} INFO - Created Permission View: can create on DAG Run:example_setup_teardown_taskflow
[2024-12-23T05:45:12.730+0700] {logging_mixin.py:190} INFO - [2024-12-23T05:45:12.729+0700] {dag.py:3239} INFO - Sync 1 DAGs
[2024-12-23T05:45:12.757+0700] {logging_mixin.py:190} INFO - [2024-12-23T05:45:12.756+0700] {dag.py:3262} INFO - Creating ORM DAG for example_setup_teardown_taskflow
[2024-12-23T05:45:12.760+0700] {logging_mixin.py:190} INFO - [2024-12-23T05:45:12.759+0700] {dag.py:4180} INFO - Setting next_dagrun for example_setup_teardown_taskflow to None, run_after=None
[2024-12-23T05:45:12.841+0700] {processor.py:208} INFO - Processing /mnt/d/Project/airflow-news/venv/lib/python3.12/site-packages/airflow/example_dags/example_setup_teardown_taskflow.py took 2.303 seconds
[2024-12-23T05:52:50.059+0700] {processor.py:186} INFO - Started process (PID=1713) to work on /mnt/d/Project/airflow-news/venv/lib/python3.12/site-packages/airflow/example_dags/example_setup_teardown_taskflow.py
[2024-12-23T05:52:50.062+0700] {processor.py:914} INFO - Processing file /mnt/d/Project/airflow-news/venv/lib/python3.12/site-packages/airflow/example_dags/example_setup_teardown_taskflow.py for tasks to queue
[2024-12-23T05:52:50.068+0700] {logging_mixin.py:190} INFO - [2024-12-23T05:52:50.066+0700] {dagbag.py:588} INFO - Filling up the DagBag from /mnt/d/Project/airflow-news/venv/lib/python3.12/site-packages/airflow/example_dags/example_setup_teardown_taskflow.py
[2024-12-23T05:52:50.149+0700] {processor.py:925} INFO - DAG(s) 'example_setup_teardown_taskflow' retrieved from /mnt/d/Project/airflow-news/venv/lib/python3.12/site-packages/airflow/example_dags/example_setup_teardown_taskflow.py
[2024-12-23T05:52:51.916+0700] {logging_mixin.py:190} INFO - [2024-12-23T05:52:51.915+0700] {dag.py:3239} INFO - Sync 1 DAGs
[2024-12-23T05:52:51.935+0700] {logging_mixin.py:190} INFO - [2024-12-23T05:52:51.933+0700] {dag.py:4180} INFO - Setting next_dagrun for example_setup_teardown_taskflow to None, run_after=None
[2024-12-23T05:52:52.023+0700] {processor.py:208} INFO - Processing /mnt/d/Project/airflow-news/venv/lib/python3.12/site-packages/airflow/example_dags/example_setup_teardown_taskflow.py took 1.979 seconds
[2024-12-23T05:53:30.142+0700] {processor.py:186} INFO - Started process (PID=1803) to work on /mnt/d/Project/airflow-news/venv/lib/python3.12/site-packages/airflow/example_dags/example_setup_teardown_taskflow.py
[2024-12-23T05:53:30.144+0700] {processor.py:914} INFO - Processing file /mnt/d/Project/airflow-news/venv/lib/python3.12/site-packages/airflow/example_dags/example_setup_teardown_taskflow.py for tasks to queue
[2024-12-23T05:53:30.149+0700] {logging_mixin.py:190} INFO - [2024-12-23T05:53:30.148+0700] {dagbag.py:588} INFO - Filling up the DagBag from /mnt/d/Project/airflow-news/venv/lib/python3.12/site-packages/airflow/example_dags/example_setup_teardown_taskflow.py
[2024-12-23T05:53:30.245+0700] {processor.py:925} INFO - DAG(s) 'example_setup_teardown_taskflow' retrieved from /mnt/d/Project/airflow-news/venv/lib/python3.12/site-packages/airflow/example_dags/example_setup_teardown_taskflow.py
[2024-12-23T05:53:30.309+0700] {logging_mixin.py:190} INFO - [2024-12-23T05:53:30.307+0700] {dag.py:3239} INFO - Sync 1 DAGs
[2024-12-23T05:53:30.331+0700] {logging_mixin.py:190} INFO - [2024-12-23T05:53:30.330+0700] {dag.py:4180} INFO - Setting next_dagrun for example_setup_teardown_taskflow to None, run_after=None
[2024-12-23T05:53:30.410+0700] {processor.py:208} INFO - Processing /mnt/d/Project/airflow-news/venv/lib/python3.12/site-packages/airflow/example_dags/example_setup_teardown_taskflow.py took 0.285 seconds
[2024-12-23T05:55:14.942+0700] {processor.py:186} INFO - Started process (PID=2088) to work on /mnt/d/Project/airflow-news/venv/lib/python3.12/site-packages/airflow/example_dags/example_setup_teardown_taskflow.py
[2024-12-23T05:55:14.945+0700] {processor.py:914} INFO - Processing file /mnt/d/Project/airflow-news/venv/lib/python3.12/site-packages/airflow/example_dags/example_setup_teardown_taskflow.py for tasks to queue
[2024-12-23T05:55:14.952+0700] {logging_mixin.py:190} INFO - [2024-12-23T05:55:14.950+0700] {dagbag.py:588} INFO - Filling up the DagBag from /mnt/d/Project/airflow-news/venv/lib/python3.12/site-packages/airflow/example_dags/example_setup_teardown_taskflow.py
[2024-12-23T05:55:15.046+0700] {processor.py:925} INFO - DAG(s) 'example_setup_teardown_taskflow' retrieved from /mnt/d/Project/airflow-news/venv/lib/python3.12/site-packages/airflow/example_dags/example_setup_teardown_taskflow.py
[2024-12-23T05:55:15.089+0700] {logging_mixin.py:190} INFO - [2024-12-23T05:55:15.087+0700] {dag.py:3239} INFO - Sync 1 DAGs
[2024-12-23T05:55:15.109+0700] {logging_mixin.py:190} INFO - [2024-12-23T05:55:15.108+0700] {dag.py:4180} INFO - Setting next_dagrun for example_setup_teardown_taskflow to None, run_after=None
[2024-12-23T05:55:15.183+0700] {processor.py:208} INFO - Processing /mnt/d/Project/airflow-news/venv/lib/python3.12/site-packages/airflow/example_dags/example_setup_teardown_taskflow.py took 0.255 seconds
[2024-12-23T05:56:41.655+0700] {processor.py:186} INFO - Started process (PID=2273) to work on /mnt/d/Project/airflow-news/venv/lib/python3.12/site-packages/airflow/example_dags/example_setup_teardown_taskflow.py
[2024-12-23T05:56:41.657+0700] {processor.py:914} INFO - Processing file /mnt/d/Project/airflow-news/venv/lib/python3.12/site-packages/airflow/example_dags/example_setup_teardown_taskflow.py for tasks to queue
[2024-12-23T05:56:41.662+0700] {logging_mixin.py:190} INFO - [2024-12-23T05:56:41.660+0700] {dagbag.py:588} INFO - Filling up the DagBag from /mnt/d/Project/airflow-news/venv/lib/python3.12/site-packages/airflow/example_dags/example_setup_teardown_taskflow.py
[2024-12-23T05:56:41.751+0700] {processor.py:925} INFO - DAG(s) 'example_setup_teardown_taskflow' retrieved from /mnt/d/Project/airflow-news/venv/lib/python3.12/site-packages/airflow/example_dags/example_setup_teardown_taskflow.py
[2024-12-23T05:56:41.788+0700] {logging_mixin.py:190} INFO - [2024-12-23T05:56:41.786+0700] {dag.py:3239} INFO - Sync 1 DAGs
[2024-12-23T05:56:41.806+0700] {logging_mixin.py:190} INFO - [2024-12-23T05:56:41.804+0700] {dag.py:4180} INFO - Setting next_dagrun for example_setup_teardown_taskflow to None, run_after=None
[2024-12-23T05:56:41.878+0700] {processor.py:208} INFO - Processing /mnt/d/Project/airflow-news/venv/lib/python3.12/site-packages/airflow/example_dags/example_setup_teardown_taskflow.py took 0.237 seconds
[2024-12-23T05:57:49.953+0700] {processor.py:186} INFO - Started process (PID=2428) to work on /mnt/d/Project/airflow-news/venv/lib/python3.12/site-packages/airflow/example_dags/example_setup_teardown_taskflow.py
[2024-12-23T05:57:49.956+0700] {processor.py:914} INFO - Processing file /mnt/d/Project/airflow-news/venv/lib/python3.12/site-packages/airflow/example_dags/example_setup_teardown_taskflow.py for tasks to queue
[2024-12-23T05:57:49.961+0700] {logging_mixin.py:190} INFO - [2024-12-23T05:57:49.959+0700] {dagbag.py:588} INFO - Filling up the DagBag from /mnt/d/Project/airflow-news/venv/lib/python3.12/site-packages/airflow/example_dags/example_setup_teardown_taskflow.py
[2024-12-23T05:57:50.043+0700] {processor.py:925} INFO - DAG(s) 'example_setup_teardown_taskflow' retrieved from /mnt/d/Project/airflow-news/venv/lib/python3.12/site-packages/airflow/example_dags/example_setup_teardown_taskflow.py
[2024-12-23T05:57:50.081+0700] {logging_mixin.py:190} INFO - [2024-12-23T05:57:50.080+0700] {dag.py:3239} INFO - Sync 1 DAGs
[2024-12-23T05:57:50.099+0700] {logging_mixin.py:190} INFO - [2024-12-23T05:57:50.098+0700] {dag.py:4180} INFO - Setting next_dagrun for example_setup_teardown_taskflow to None, run_after=None
[2024-12-23T05:57:50.165+0700] {processor.py:208} INFO - Processing /mnt/d/Project/airflow-news/venv/lib/python3.12/site-packages/airflow/example_dags/example_setup_teardown_taskflow.py took 0.227 seconds
[2024-12-23T05:59:08.594+0700] {processor.py:186} INFO - Started process (PID=2611) to work on /mnt/d/Project/airflow-news/venv/lib/python3.12/site-packages/airflow/example_dags/example_setup_teardown_taskflow.py
[2024-12-23T05:59:08.596+0700] {processor.py:914} INFO - Processing file /mnt/d/Project/airflow-news/venv/lib/python3.12/site-packages/airflow/example_dags/example_setup_teardown_taskflow.py for tasks to queue
[2024-12-23T05:59:08.601+0700] {logging_mixin.py:190} INFO - [2024-12-23T05:59:08.599+0700] {dagbag.py:588} INFO - Filling up the DagBag from /mnt/d/Project/airflow-news/venv/lib/python3.12/site-packages/airflow/example_dags/example_setup_teardown_taskflow.py
[2024-12-23T05:59:08.686+0700] {processor.py:925} INFO - DAG(s) 'example_setup_teardown_taskflow' retrieved from /mnt/d/Project/airflow-news/venv/lib/python3.12/site-packages/airflow/example_dags/example_setup_teardown_taskflow.py
[2024-12-23T05:59:08.743+0700] {logging_mixin.py:190} INFO - [2024-12-23T05:59:08.741+0700] {dag.py:3239} INFO - Sync 1 DAGs
[2024-12-23T05:59:08.778+0700] {logging_mixin.py:190} INFO - [2024-12-23T05:59:08.775+0700] {dag.py:4180} INFO - Setting next_dagrun for example_setup_teardown_taskflow to None, run_after=None
[2024-12-23T05:59:08.873+0700] {processor.py:208} INFO - Processing /mnt/d/Project/airflow-news/venv/lib/python3.12/site-packages/airflow/example_dags/example_setup_teardown_taskflow.py took 0.295 seconds
[2024-12-23T05:59:27.846+0700] {processor.py:186} INFO - Started process (PID=2668) to work on /mnt/d/Project/airflow-news/venv/lib/python3.12/site-packages/airflow/example_dags/example_setup_teardown_taskflow.py
[2024-12-23T05:59:27.848+0700] {processor.py:914} INFO - Processing file /mnt/d/Project/airflow-news/venv/lib/python3.12/site-packages/airflow/example_dags/example_setup_teardown_taskflow.py for tasks to queue
[2024-12-23T05:59:27.853+0700] {logging_mixin.py:190} INFO - [2024-12-23T05:59:27.852+0700] {dagbag.py:588} INFO - Filling up the DagBag from /mnt/d/Project/airflow-news/venv/lib/python3.12/site-packages/airflow/example_dags/example_setup_teardown_taskflow.py
[2024-12-23T05:59:27.969+0700] {processor.py:925} INFO - DAG(s) 'example_setup_teardown_taskflow' retrieved from /mnt/d/Project/airflow-news/venv/lib/python3.12/site-packages/airflow/example_dags/example_setup_teardown_taskflow.py
[2024-12-23T05:59:28.012+0700] {logging_mixin.py:190} INFO - [2024-12-23T05:59:28.010+0700] {dag.py:3239} INFO - Sync 1 DAGs
[2024-12-23T05:59:28.035+0700] {logging_mixin.py:190} INFO - [2024-12-23T05:59:28.033+0700] {dag.py:4180} INFO - Setting next_dagrun for example_setup_teardown_taskflow to None, run_after=None
[2024-12-23T05:59:28.116+0700] {processor.py:208} INFO - Processing /mnt/d/Project/airflow-news/venv/lib/python3.12/site-packages/airflow/example_dags/example_setup_teardown_taskflow.py took 0.289 seconds
[2024-12-23T06:00:32.814+0700] {processor.py:186} INFO - Started process (PID=2838) to work on /mnt/d/Project/airflow-news/venv/lib/python3.12/site-packages/airflow/example_dags/example_setup_teardown_taskflow.py
[2024-12-23T06:00:32.816+0700] {processor.py:914} INFO - Processing file /mnt/d/Project/airflow-news/venv/lib/python3.12/site-packages/airflow/example_dags/example_setup_teardown_taskflow.py for tasks to queue
[2024-12-23T06:00:32.821+0700] {logging_mixin.py:190} INFO - [2024-12-23T06:00:32.820+0700] {dagbag.py:588} INFO - Filling up the DagBag from /mnt/d/Project/airflow-news/venv/lib/python3.12/site-packages/airflow/example_dags/example_setup_teardown_taskflow.py
[2024-12-23T06:00:32.897+0700] {processor.py:925} INFO - DAG(s) 'example_setup_teardown_taskflow' retrieved from /mnt/d/Project/airflow-news/venv/lib/python3.12/site-packages/airflow/example_dags/example_setup_teardown_taskflow.py
[2024-12-23T06:00:32.938+0700] {logging_mixin.py:190} INFO - [2024-12-23T06:00:32.936+0700] {dag.py:3239} INFO - Sync 1 DAGs
[2024-12-23T06:00:32.960+0700] {logging_mixin.py:190} INFO - [2024-12-23T06:00:32.959+0700] {dag.py:4180} INFO - Setting next_dagrun for example_setup_teardown_taskflow to None, run_after=None
[2024-12-23T06:00:33.040+0700] {processor.py:208} INFO - Processing /mnt/d/Project/airflow-news/venv/lib/python3.12/site-packages/airflow/example_dags/example_setup_teardown_taskflow.py took 0.245 seconds
[2024-12-23T06:01:13.966+0700] {processor.py:186} INFO - Started process (PID=2953) to work on /mnt/d/Project/airflow-news/venv/lib/python3.12/site-packages/airflow/example_dags/example_setup_teardown_taskflow.py
[2024-12-23T06:01:13.970+0700] {processor.py:914} INFO - Processing file /mnt/d/Project/airflow-news/venv/lib/python3.12/site-packages/airflow/example_dags/example_setup_teardown_taskflow.py for tasks to queue
[2024-12-23T06:01:13.979+0700] {logging_mixin.py:190} INFO - [2024-12-23T06:01:13.976+0700] {dagbag.py:588} INFO - Filling up the DagBag from /mnt/d/Project/airflow-news/venv/lib/python3.12/site-packages/airflow/example_dags/example_setup_teardown_taskflow.py
[2024-12-23T06:01:14.140+0700] {processor.py:925} INFO - DAG(s) 'example_setup_teardown_taskflow' retrieved from /mnt/d/Project/airflow-news/venv/lib/python3.12/site-packages/airflow/example_dags/example_setup_teardown_taskflow.py
[2024-12-23T06:01:14.382+0700] {logging_mixin.py:190} INFO - [2024-12-23T06:01:14.380+0700] {dag.py:3239} INFO - Sync 1 DAGs
[2024-12-23T06:01:14.405+0700] {logging_mixin.py:190} INFO - [2024-12-23T06:01:14.403+0700] {dag.py:4180} INFO - Setting next_dagrun for example_setup_teardown_taskflow to None, run_after=None
[2024-12-23T06:01:14.491+0700] {processor.py:208} INFO - Processing /mnt/d/Project/airflow-news/venv/lib/python3.12/site-packages/airflow/example_dags/example_setup_teardown_taskflow.py took 0.553 seconds
[2024-12-23T06:03:12.012+0700] {processor.py:186} INFO - Started process (PID=3161) to work on /mnt/d/Project/airflow-news/venv/lib/python3.12/site-packages/airflow/example_dags/example_setup_teardown_taskflow.py
[2024-12-23T06:03:12.015+0700] {processor.py:914} INFO - Processing file /mnt/d/Project/airflow-news/venv/lib/python3.12/site-packages/airflow/example_dags/example_setup_teardown_taskflow.py for tasks to queue
[2024-12-23T06:03:12.023+0700] {logging_mixin.py:190} INFO - [2024-12-23T06:03:12.020+0700] {dagbag.py:588} INFO - Filling up the DagBag from /mnt/d/Project/airflow-news/venv/lib/python3.12/site-packages/airflow/example_dags/example_setup_teardown_taskflow.py
[2024-12-23T06:03:12.176+0700] {processor.py:925} INFO - DAG(s) 'example_setup_teardown_taskflow' retrieved from /mnt/d/Project/airflow-news/venv/lib/python3.12/site-packages/airflow/example_dags/example_setup_teardown_taskflow.py
[2024-12-23T06:03:12.241+0700] {logging_mixin.py:190} INFO - [2024-12-23T06:03:12.239+0700] {dag.py:3239} INFO - Sync 1 DAGs
[2024-12-23T06:03:12.281+0700] {logging_mixin.py:190} INFO - [2024-12-23T06:03:12.279+0700] {dag.py:4180} INFO - Setting next_dagrun for example_setup_teardown_taskflow to None, run_after=None
[2024-12-23T06:03:12.420+0700] {processor.py:208} INFO - Processing /mnt/d/Project/airflow-news/venv/lib/python3.12/site-packages/airflow/example_dags/example_setup_teardown_taskflow.py took 0.445 seconds
[2024-12-23T06:05:23.693+0700] {processor.py:186} INFO - Started process (PID=3515) to work on /mnt/d/Project/airflow-news/venv/lib/python3.12/site-packages/airflow/example_dags/example_setup_teardown_taskflow.py
[2024-12-23T06:05:23.695+0700] {processor.py:914} INFO - Processing file /mnt/d/Project/airflow-news/venv/lib/python3.12/site-packages/airflow/example_dags/example_setup_teardown_taskflow.py for tasks to queue
[2024-12-23T06:05:23.700+0700] {logging_mixin.py:190} INFO - [2024-12-23T06:05:23.699+0700] {dagbag.py:588} INFO - Filling up the DagBag from /mnt/d/Project/airflow-news/venv/lib/python3.12/site-packages/airflow/example_dags/example_setup_teardown_taskflow.py
[2024-12-23T06:05:23.777+0700] {processor.py:925} INFO - DAG(s) 'example_setup_teardown_taskflow' retrieved from /mnt/d/Project/airflow-news/venv/lib/python3.12/site-packages/airflow/example_dags/example_setup_teardown_taskflow.py
[2024-12-23T06:05:23.824+0700] {logging_mixin.py:190} INFO - [2024-12-23T06:05:23.823+0700] {dag.py:3239} INFO - Sync 1 DAGs
[2024-12-23T06:05:23.847+0700] {logging_mixin.py:190} INFO - [2024-12-23T06:05:23.845+0700] {dag.py:4180} INFO - Setting next_dagrun for example_setup_teardown_taskflow to None, run_after=None
[2024-12-23T06:05:23.928+0700] {processor.py:208} INFO - Processing /mnt/d/Project/airflow-news/venv/lib/python3.12/site-packages/airflow/example_dags/example_setup_teardown_taskflow.py took 0.259 seconds
[2024-12-23T06:07:19.045+0700] {processor.py:186} INFO - Started process (PID=3825) to work on /mnt/d/Project/airflow-news/venv/lib/python3.12/site-packages/airflow/example_dags/example_setup_teardown_taskflow.py
[2024-12-23T06:07:19.048+0700] {processor.py:914} INFO - Processing file /mnt/d/Project/airflow-news/venv/lib/python3.12/site-packages/airflow/example_dags/example_setup_teardown_taskflow.py for tasks to queue
[2024-12-23T06:07:19.053+0700] {logging_mixin.py:190} INFO - [2024-12-23T06:07:19.051+0700] {dagbag.py:588} INFO - Filling up the DagBag from /mnt/d/Project/airflow-news/venv/lib/python3.12/site-packages/airflow/example_dags/example_setup_teardown_taskflow.py
[2024-12-23T06:07:19.156+0700] {processor.py:925} INFO - DAG(s) 'example_setup_teardown_taskflow' retrieved from /mnt/d/Project/airflow-news/venv/lib/python3.12/site-packages/airflow/example_dags/example_setup_teardown_taskflow.py
[2024-12-23T06:07:19.203+0700] {logging_mixin.py:190} INFO - [2024-12-23T06:07:19.202+0700] {dag.py:3239} INFO - Sync 1 DAGs
[2024-12-23T06:07:19.223+0700] {logging_mixin.py:190} INFO - [2024-12-23T06:07:19.222+0700] {dag.py:4180} INFO - Setting next_dagrun for example_setup_teardown_taskflow to None, run_after=None
[2024-12-23T06:07:19.299+0700] {processor.py:208} INFO - Processing /mnt/d/Project/airflow-news/venv/lib/python3.12/site-packages/airflow/example_dags/example_setup_teardown_taskflow.py took 0.270 seconds
[2024-12-23T06:07:24.175+0700] {processor.py:186} INFO - Started process (PID=3836) to work on /mnt/d/Project/airflow-news/venv/lib/python3.12/site-packages/airflow/example_dags/example_setup_teardown_taskflow.py
[2024-12-23T06:07:24.177+0700] {processor.py:914} INFO - Processing file /mnt/d/Project/airflow-news/venv/lib/python3.12/site-packages/airflow/example_dags/example_setup_teardown_taskflow.py for tasks to queue
[2024-12-23T06:07:24.183+0700] {logging_mixin.py:190} INFO - [2024-12-23T06:07:24.181+0700] {dagbag.py:588} INFO - Filling up the DagBag from /mnt/d/Project/airflow-news/venv/lib/python3.12/site-packages/airflow/example_dags/example_setup_teardown_taskflow.py
[2024-12-23T06:07:24.278+0700] {processor.py:925} INFO - DAG(s) 'example_setup_teardown_taskflow' retrieved from /mnt/d/Project/airflow-news/venv/lib/python3.12/site-packages/airflow/example_dags/example_setup_teardown_taskflow.py
[2024-12-23T06:07:24.320+0700] {logging_mixin.py:190} INFO - [2024-12-23T06:07:24.318+0700] {dag.py:3239} INFO - Sync 1 DAGs
[2024-12-23T06:07:24.339+0700] {logging_mixin.py:190} INFO - [2024-12-23T06:07:24.337+0700] {dag.py:4180} INFO - Setting next_dagrun for example_setup_teardown_taskflow to None, run_after=None
[2024-12-23T06:07:24.414+0700] {processor.py:208} INFO - Processing /mnt/d/Project/airflow-news/venv/lib/python3.12/site-packages/airflow/example_dags/example_setup_teardown_taskflow.py took 0.261 seconds
[2024-12-23T06:08:41.803+0700] {processor.py:186} INFO - Started process (PID=4078) to work on /mnt/d/Project/airflow-news/venv/lib/python3.12/site-packages/airflow/example_dags/example_setup_teardown_taskflow.py
[2024-12-23T06:08:41.806+0700] {processor.py:914} INFO - Processing file /mnt/d/Project/airflow-news/venv/lib/python3.12/site-packages/airflow/example_dags/example_setup_teardown_taskflow.py for tasks to queue
[2024-12-23T06:08:41.810+0700] {logging_mixin.py:190} INFO - [2024-12-23T06:08:41.809+0700] {dagbag.py:588} INFO - Filling up the DagBag from /mnt/d/Project/airflow-news/venv/lib/python3.12/site-packages/airflow/example_dags/example_setup_teardown_taskflow.py
[2024-12-23T06:08:41.929+0700] {processor.py:925} INFO - DAG(s) 'example_setup_teardown_taskflow' retrieved from /mnt/d/Project/airflow-news/venv/lib/python3.12/site-packages/airflow/example_dags/example_setup_teardown_taskflow.py
[2024-12-23T06:08:41.972+0700] {logging_mixin.py:190} INFO - [2024-12-23T06:08:41.970+0700] {dag.py:3239} INFO - Sync 1 DAGs
[2024-12-23T06:08:41.995+0700] {logging_mixin.py:190} INFO - [2024-12-23T06:08:41.994+0700] {dag.py:4180} INFO - Setting next_dagrun for example_setup_teardown_taskflow to None, run_after=None
[2024-12-23T06:08:42.076+0700] {processor.py:208} INFO - Processing /mnt/d/Project/airflow-news/venv/lib/python3.12/site-packages/airflow/example_dags/example_setup_teardown_taskflow.py took 0.290 seconds
[2024-12-23T06:09:26.046+0700] {processor.py:186} INFO - Started process (PID=4206) to work on /mnt/d/Project/airflow-news/venv/lib/python3.12/site-packages/airflow/example_dags/example_setup_teardown_taskflow.py
[2024-12-23T06:09:26.049+0700] {processor.py:914} INFO - Processing file /mnt/d/Project/airflow-news/venv/lib/python3.12/site-packages/airflow/example_dags/example_setup_teardown_taskflow.py for tasks to queue
[2024-12-23T06:09:26.054+0700] {logging_mixin.py:190} INFO - [2024-12-23T06:09:26.053+0700] {dagbag.py:588} INFO - Filling up the DagBag from /mnt/d/Project/airflow-news/venv/lib/python3.12/site-packages/airflow/example_dags/example_setup_teardown_taskflow.py
[2024-12-23T06:09:26.175+0700] {processor.py:925} INFO - DAG(s) 'example_setup_teardown_taskflow' retrieved from /mnt/d/Project/airflow-news/venv/lib/python3.12/site-packages/airflow/example_dags/example_setup_teardown_taskflow.py
[2024-12-23T06:09:26.230+0700] {logging_mixin.py:190} INFO - [2024-12-23T06:09:26.228+0700] {dag.py:3239} INFO - Sync 1 DAGs
[2024-12-23T06:09:26.253+0700] {logging_mixin.py:190} INFO - [2024-12-23T06:09:26.252+0700] {dag.py:4180} INFO - Setting next_dagrun for example_setup_teardown_taskflow to None, run_after=None
[2024-12-23T06:09:26.342+0700] {processor.py:208} INFO - Processing /mnt/d/Project/airflow-news/venv/lib/python3.12/site-packages/airflow/example_dags/example_setup_teardown_taskflow.py took 0.321 seconds
[2024-12-23T06:11:31.821+0700] {processor.py:186} INFO - Started process (PID=4463) to work on /mnt/d/Project/airflow-news/venv/lib/python3.12/site-packages/airflow/example_dags/example_setup_teardown_taskflow.py
[2024-12-23T06:11:31.823+0700] {processor.py:914} INFO - Processing file /mnt/d/Project/airflow-news/venv/lib/python3.12/site-packages/airflow/example_dags/example_setup_teardown_taskflow.py for tasks to queue
[2024-12-23T06:11:31.829+0700] {logging_mixin.py:190} INFO - [2024-12-23T06:11:31.826+0700] {dagbag.py:588} INFO - Filling up the DagBag from /mnt/d/Project/airflow-news/venv/lib/python3.12/site-packages/airflow/example_dags/example_setup_teardown_taskflow.py
[2024-12-23T06:11:31.867+0700] {processor.py:925} INFO - DAG(s) 'example_setup_teardown_taskflow' retrieved from /mnt/d/Project/airflow-news/venv/lib/python3.12/site-packages/airflow/example_dags/example_setup_teardown_taskflow.py
[2024-12-23T06:11:31.926+0700] {logging_mixin.py:190} INFO - [2024-12-23T06:11:31.925+0700] {dag.py:3239} INFO - Sync 1 DAGs
[2024-12-23T06:11:31.950+0700] {logging_mixin.py:190} INFO - [2024-12-23T06:11:31.949+0700] {dag.py:4180} INFO - Setting next_dagrun for example_setup_teardown_taskflow to None, run_after=None
[2024-12-23T06:11:32.049+0700] {processor.py:208} INFO - Processing /mnt/d/Project/airflow-news/venv/lib/python3.12/site-packages/airflow/example_dags/example_setup_teardown_taskflow.py took 0.247 seconds
[2024-12-23T06:12:51.233+0700] {processor.py:186} INFO - Started process (PID=4676) to work on /mnt/d/Project/airflow-news/venv/lib/python3.12/site-packages/airflow/example_dags/example_setup_teardown_taskflow.py
[2024-12-23T06:12:51.235+0700] {processor.py:914} INFO - Processing file /mnt/d/Project/airflow-news/venv/lib/python3.12/site-packages/airflow/example_dags/example_setup_teardown_taskflow.py for tasks to queue
[2024-12-23T06:12:51.239+0700] {logging_mixin.py:190} INFO - [2024-12-23T06:12:51.238+0700] {dagbag.py:588} INFO - Filling up the DagBag from /mnt/d/Project/airflow-news/venv/lib/python3.12/site-packages/airflow/example_dags/example_setup_teardown_taskflow.py
[2024-12-23T06:12:51.272+0700] {processor.py:925} INFO - DAG(s) 'example_setup_teardown_taskflow' retrieved from /mnt/d/Project/airflow-news/venv/lib/python3.12/site-packages/airflow/example_dags/example_setup_teardown_taskflow.py
[2024-12-23T06:12:51.307+0700] {logging_mixin.py:190} INFO - [2024-12-23T06:12:51.306+0700] {dag.py:3239} INFO - Sync 1 DAGs
[2024-12-23T06:12:51.326+0700] {logging_mixin.py:190} INFO - [2024-12-23T06:12:51.324+0700] {dag.py:4180} INFO - Setting next_dagrun for example_setup_teardown_taskflow to None, run_after=None
[2024-12-23T06:12:51.409+0700] {processor.py:208} INFO - Processing /mnt/d/Project/airflow-news/venv/lib/python3.12/site-packages/airflow/example_dags/example_setup_teardown_taskflow.py took 0.190 seconds
[2024-12-23T06:12:51.884+0700] {processor.py:186} INFO - Started process (PID=4678) to work on /mnt/d/Project/airflow-news/venv/lib/python3.12/site-packages/airflow/example_dags/example_setup_teardown_taskflow.py
[2024-12-23T06:12:51.886+0700] {processor.py:914} INFO - Processing file /mnt/d/Project/airflow-news/venv/lib/python3.12/site-packages/airflow/example_dags/example_setup_teardown_taskflow.py for tasks to queue
[2024-12-23T06:12:51.892+0700] {logging_mixin.py:190} INFO - [2024-12-23T06:12:51.890+0700] {dagbag.py:588} INFO - Filling up the DagBag from /mnt/d/Project/airflow-news/venv/lib/python3.12/site-packages/airflow/example_dags/example_setup_teardown_taskflow.py
[2024-12-23T06:12:51.987+0700] {processor.py:925} INFO - DAG(s) 'example_setup_teardown_taskflow' retrieved from /mnt/d/Project/airflow-news/venv/lib/python3.12/site-packages/airflow/example_dags/example_setup_teardown_taskflow.py
[2024-12-23T06:12:52.028+0700] {logging_mixin.py:190} INFO - [2024-12-23T06:12:52.027+0700] {dag.py:3239} INFO - Sync 1 DAGs
[2024-12-23T06:12:52.047+0700] {logging_mixin.py:190} INFO - [2024-12-23T06:12:52.046+0700] {dag.py:4180} INFO - Setting next_dagrun for example_setup_teardown_taskflow to None, run_after=None
[2024-12-23T06:12:52.129+0700] {processor.py:208} INFO - Processing /mnt/d/Project/airflow-news/venv/lib/python3.12/site-packages/airflow/example_dags/example_setup_teardown_taskflow.py took 0.268 seconds
[2024-12-23T06:14:26.666+0700] {processor.py:186} INFO - Started process (PID=4969) to work on /mnt/d/Project/airflow-news/venv/lib/python3.12/site-packages/airflow/example_dags/example_setup_teardown_taskflow.py
[2024-12-23T06:14:26.668+0700] {processor.py:914} INFO - Processing file /mnt/d/Project/airflow-news/venv/lib/python3.12/site-packages/airflow/example_dags/example_setup_teardown_taskflow.py for tasks to queue
[2024-12-23T06:14:26.672+0700] {logging_mixin.py:190} INFO - [2024-12-23T06:14:26.670+0700] {dagbag.py:588} INFO - Filling up the DagBag from /mnt/d/Project/airflow-news/venv/lib/python3.12/site-packages/airflow/example_dags/example_setup_teardown_taskflow.py
[2024-12-23T06:14:26.704+0700] {processor.py:925} INFO - DAG(s) 'example_setup_teardown_taskflow' retrieved from /mnt/d/Project/airflow-news/venv/lib/python3.12/site-packages/airflow/example_dags/example_setup_teardown_taskflow.py
[2024-12-23T06:14:26.744+0700] {logging_mixin.py:190} INFO - [2024-12-23T06:14:26.743+0700] {dag.py:3239} INFO - Sync 1 DAGs
[2024-12-23T06:14:26.763+0700] {logging_mixin.py:190} INFO - [2024-12-23T06:14:26.761+0700] {dag.py:4180} INFO - Setting next_dagrun for example_setup_teardown_taskflow to None, run_after=None
[2024-12-23T06:14:26.839+0700] {processor.py:208} INFO - Processing /mnt/d/Project/airflow-news/venv/lib/python3.12/site-packages/airflow/example_dags/example_setup_teardown_taskflow.py took 0.188 seconds
[2024-12-23T06:14:45.272+0700] {processor.py:186} INFO - Started process (PID=5013) to work on /mnt/d/Project/airflow-news/venv/lib/python3.12/site-packages/airflow/example_dags/example_setup_teardown_taskflow.py
[2024-12-23T06:14:45.274+0700] {processor.py:914} INFO - Processing file /mnt/d/Project/airflow-news/venv/lib/python3.12/site-packages/airflow/example_dags/example_setup_teardown_taskflow.py for tasks to queue
[2024-12-23T06:14:45.279+0700] {logging_mixin.py:190} INFO - [2024-12-23T06:14:45.278+0700] {dagbag.py:588} INFO - Filling up the DagBag from /mnt/d/Project/airflow-news/venv/lib/python3.12/site-packages/airflow/example_dags/example_setup_teardown_taskflow.py
[2024-12-23T06:14:45.371+0700] {processor.py:925} INFO - DAG(s) 'example_setup_teardown_taskflow' retrieved from /mnt/d/Project/airflow-news/venv/lib/python3.12/site-packages/airflow/example_dags/example_setup_teardown_taskflow.py
[2024-12-23T06:14:45.412+0700] {logging_mixin.py:190} INFO - [2024-12-23T06:14:45.410+0700] {dag.py:3239} INFO - Sync 1 DAGs
[2024-12-23T06:14:45.432+0700] {logging_mixin.py:190} INFO - [2024-12-23T06:14:45.430+0700] {dag.py:4180} INFO - Setting next_dagrun for example_setup_teardown_taskflow to None, run_after=None
[2024-12-23T06:14:45.504+0700] {processor.py:208} INFO - Processing /mnt/d/Project/airflow-news/venv/lib/python3.12/site-packages/airflow/example_dags/example_setup_teardown_taskflow.py took 0.252 seconds
[2024-12-23T06:17:10.308+0700] {processor.py:186} INFO - Started process (PID=5401) to work on /mnt/d/Project/airflow-news/venv/lib/python3.12/site-packages/airflow/example_dags/example_setup_teardown_taskflow.py
[2024-12-23T06:17:10.311+0700] {processor.py:914} INFO - Processing file /mnt/d/Project/airflow-news/venv/lib/python3.12/site-packages/airflow/example_dags/example_setup_teardown_taskflow.py for tasks to queue
[2024-12-23T06:17:10.315+0700] {logging_mixin.py:190} INFO - [2024-12-23T06:17:10.313+0700] {dagbag.py:588} INFO - Filling up the DagBag from /mnt/d/Project/airflow-news/venv/lib/python3.12/site-packages/airflow/example_dags/example_setup_teardown_taskflow.py
[2024-12-23T06:17:10.347+0700] {processor.py:925} INFO - DAG(s) 'example_setup_teardown_taskflow' retrieved from /mnt/d/Project/airflow-news/venv/lib/python3.12/site-packages/airflow/example_dags/example_setup_teardown_taskflow.py
[2024-12-23T06:17:10.398+0700] {logging_mixin.py:190} INFO - [2024-12-23T06:17:10.396+0700] {dag.py:3239} INFO - Sync 1 DAGs
[2024-12-23T06:17:10.423+0700] {logging_mixin.py:190} INFO - [2024-12-23T06:17:10.421+0700] {dag.py:4180} INFO - Setting next_dagrun for example_setup_teardown_taskflow to None, run_after=None
[2024-12-23T06:17:10.514+0700] {processor.py:208} INFO - Processing /mnt/d/Project/airflow-news/venv/lib/python3.12/site-packages/airflow/example_dags/example_setup_teardown_taskflow.py took 0.221 seconds
[2024-12-23T06:17:23.898+0700] {processor.py:186} INFO - Started process (PID=5439) to work on /mnt/d/Project/airflow-news/venv/lib/python3.12/site-packages/airflow/example_dags/example_setup_teardown_taskflow.py
[2024-12-23T06:17:23.900+0700] {processor.py:914} INFO - Processing file /mnt/d/Project/airflow-news/venv/lib/python3.12/site-packages/airflow/example_dags/example_setup_teardown_taskflow.py for tasks to queue
[2024-12-23T06:17:23.907+0700] {logging_mixin.py:190} INFO - [2024-12-23T06:17:23.904+0700] {dagbag.py:588} INFO - Filling up the DagBag from /mnt/d/Project/airflow-news/venv/lib/python3.12/site-packages/airflow/example_dags/example_setup_teardown_taskflow.py
[2024-12-23T06:17:24.006+0700] {processor.py:925} INFO - DAG(s) 'example_setup_teardown_taskflow' retrieved from /mnt/d/Project/airflow-news/venv/lib/python3.12/site-packages/airflow/example_dags/example_setup_teardown_taskflow.py
[2024-12-23T06:17:24.049+0700] {logging_mixin.py:190} INFO - [2024-12-23T06:17:24.047+0700] {dag.py:3239} INFO - Sync 1 DAGs
[2024-12-23T06:17:24.069+0700] {logging_mixin.py:190} INFO - [2024-12-23T06:17:24.067+0700] {dag.py:4180} INFO - Setting next_dagrun for example_setup_teardown_taskflow to None, run_after=None
[2024-12-23T06:17:24.150+0700] {processor.py:208} INFO - Processing /mnt/d/Project/airflow-news/venv/lib/python3.12/site-packages/airflow/example_dags/example_setup_teardown_taskflow.py took 0.274 seconds
[2024-12-23T06:18:39.409+0700] {processor.py:186} INFO - Started process (PID=5654) to work on /mnt/d/Project/airflow-news/venv/lib/python3.12/site-packages/airflow/example_dags/example_setup_teardown_taskflow.py
[2024-12-23T06:18:39.414+0700] {processor.py:914} INFO - Processing file /mnt/d/Project/airflow-news/venv/lib/python3.12/site-packages/airflow/example_dags/example_setup_teardown_taskflow.py for tasks to queue
[2024-12-23T06:18:39.427+0700] {logging_mixin.py:190} INFO - [2024-12-23T06:18:39.421+0700] {dagbag.py:588} INFO - Filling up the DagBag from /mnt/d/Project/airflow-news/venv/lib/python3.12/site-packages/airflow/example_dags/example_setup_teardown_taskflow.py
[2024-12-23T06:18:39.529+0700] {processor.py:925} INFO - DAG(s) 'example_setup_teardown_taskflow' retrieved from /mnt/d/Project/airflow-news/venv/lib/python3.12/site-packages/airflow/example_dags/example_setup_teardown_taskflow.py
[2024-12-23T06:18:39.676+0700] {logging_mixin.py:190} INFO - [2024-12-23T06:18:39.672+0700] {dag.py:3239} INFO - Sync 1 DAGs
[2024-12-23T06:18:39.744+0700] {logging_mixin.py:190} INFO - [2024-12-23T06:18:39.741+0700] {dag.py:4180} INFO - Setting next_dagrun for example_setup_teardown_taskflow to None, run_after=None
[2024-12-23T06:18:39.899+0700] {processor.py:208} INFO - Processing /mnt/d/Project/airflow-news/venv/lib/python3.12/site-packages/airflow/example_dags/example_setup_teardown_taskflow.py took 0.525 seconds
[2024-12-23T06:18:51.572+0700] {processor.py:186} INFO - Started process (PID=5685) to work on /mnt/d/Project/airflow-news/venv/lib/python3.12/site-packages/airflow/example_dags/example_setup_teardown_taskflow.py
[2024-12-23T06:18:51.574+0700] {processor.py:914} INFO - Processing file /mnt/d/Project/airflow-news/venv/lib/python3.12/site-packages/airflow/example_dags/example_setup_teardown_taskflow.py for tasks to queue
[2024-12-23T06:18:51.580+0700] {logging_mixin.py:190} INFO - [2024-12-23T06:18:51.579+0700] {dagbag.py:588} INFO - Filling up the DagBag from /mnt/d/Project/airflow-news/venv/lib/python3.12/site-packages/airflow/example_dags/example_setup_teardown_taskflow.py
[2024-12-23T06:18:51.668+0700] {processor.py:925} INFO - DAG(s) 'example_setup_teardown_taskflow' retrieved from /mnt/d/Project/airflow-news/venv/lib/python3.12/site-packages/airflow/example_dags/example_setup_teardown_taskflow.py
[2024-12-23T06:18:51.712+0700] {logging_mixin.py:190} INFO - [2024-12-23T06:18:51.711+0700] {dag.py:3239} INFO - Sync 1 DAGs
[2024-12-23T06:18:51.732+0700] {logging_mixin.py:190} INFO - [2024-12-23T06:18:51.730+0700] {dag.py:4180} INFO - Setting next_dagrun for example_setup_teardown_taskflow to None, run_after=None
[2024-12-23T06:18:51.807+0700] {processor.py:208} INFO - Processing /mnt/d/Project/airflow-news/venv/lib/python3.12/site-packages/airflow/example_dags/example_setup_teardown_taskflow.py took 0.258 seconds
[2024-12-23T06:20:07.070+0700] {processor.py:186} INFO - Started process (PID=5911) to work on /mnt/d/Project/airflow-news/venv/lib/python3.12/site-packages/airflow/example_dags/example_setup_teardown_taskflow.py
[2024-12-23T06:20:07.073+0700] {processor.py:914} INFO - Processing file /mnt/d/Project/airflow-news/venv/lib/python3.12/site-packages/airflow/example_dags/example_setup_teardown_taskflow.py for tasks to queue
[2024-12-23T06:20:07.077+0700] {logging_mixin.py:190} INFO - [2024-12-23T06:20:07.075+0700] {dagbag.py:588} INFO - Filling up the DagBag from /mnt/d/Project/airflow-news/venv/lib/python3.12/site-packages/airflow/example_dags/example_setup_teardown_taskflow.py
[2024-12-23T06:20:07.114+0700] {processor.py:925} INFO - DAG(s) 'example_setup_teardown_taskflow' retrieved from /mnt/d/Project/airflow-news/venv/lib/python3.12/site-packages/airflow/example_dags/example_setup_teardown_taskflow.py
[2024-12-23T06:20:07.160+0700] {logging_mixin.py:190} INFO - [2024-12-23T06:20:07.159+0700] {dag.py:3239} INFO - Sync 1 DAGs
[2024-12-23T06:20:07.181+0700] {logging_mixin.py:190} INFO - [2024-12-23T06:20:07.179+0700] {dag.py:4180} INFO - Setting next_dagrun for example_setup_teardown_taskflow to None, run_after=None
[2024-12-23T06:20:07.253+0700] {processor.py:208} INFO - Processing /mnt/d/Project/airflow-news/venv/lib/python3.12/site-packages/airflow/example_dags/example_setup_teardown_taskflow.py took 0.200 seconds
[2024-12-23T06:20:42.843+0700] {processor.py:186} INFO - Started process (PID=6014) to work on /mnt/d/Project/airflow-news/venv/lib/python3.12/site-packages/airflow/example_dags/example_setup_teardown_taskflow.py
[2024-12-23T06:20:42.846+0700] {processor.py:914} INFO - Processing file /mnt/d/Project/airflow-news/venv/lib/python3.12/site-packages/airflow/example_dags/example_setup_teardown_taskflow.py for tasks to queue
[2024-12-23T06:20:42.852+0700] {logging_mixin.py:190} INFO - [2024-12-23T06:20:42.851+0700] {dagbag.py:588} INFO - Filling up the DagBag from /mnt/d/Project/airflow-news/venv/lib/python3.12/site-packages/airflow/example_dags/example_setup_teardown_taskflow.py
[2024-12-23T06:20:42.945+0700] {processor.py:925} INFO - DAG(s) 'example_setup_teardown_taskflow' retrieved from /mnt/d/Project/airflow-news/venv/lib/python3.12/site-packages/airflow/example_dags/example_setup_teardown_taskflow.py
[2024-12-23T06:20:42.991+0700] {logging_mixin.py:190} INFO - [2024-12-23T06:20:42.989+0700] {dag.py:3239} INFO - Sync 1 DAGs
[2024-12-23T06:20:43.012+0700] {logging_mixin.py:190} INFO - [2024-12-23T06:20:43.010+0700] {dag.py:4180} INFO - Setting next_dagrun for example_setup_teardown_taskflow to None, run_after=None
[2024-12-23T06:20:43.088+0700] {processor.py:208} INFO - Processing /mnt/d/Project/airflow-news/venv/lib/python3.12/site-packages/airflow/example_dags/example_setup_teardown_taskflow.py took 0.268 seconds
[2024-12-23T06:22:42.532+0700] {processor.py:186} INFO - Started process (PID=6335) to work on /mnt/d/Project/airflow-news/venv/lib/python3.12/site-packages/airflow/example_dags/example_setup_teardown_taskflow.py
[2024-12-23T06:22:42.535+0700] {processor.py:914} INFO - Processing file /mnt/d/Project/airflow-news/venv/lib/python3.12/site-packages/airflow/example_dags/example_setup_teardown_taskflow.py for tasks to queue
[2024-12-23T06:22:42.541+0700] {logging_mixin.py:190} INFO - [2024-12-23T06:22:42.539+0700] {dagbag.py:588} INFO - Filling up the DagBag from /mnt/d/Project/airflow-news/venv/lib/python3.12/site-packages/airflow/example_dags/example_setup_teardown_taskflow.py
[2024-12-23T06:22:42.624+0700] {processor.py:925} INFO - DAG(s) 'example_setup_teardown_taskflow' retrieved from /mnt/d/Project/airflow-news/venv/lib/python3.12/site-packages/airflow/example_dags/example_setup_teardown_taskflow.py
[2024-12-23T06:22:42.670+0700] {logging_mixin.py:190} INFO - [2024-12-23T06:22:42.668+0700] {dag.py:3239} INFO - Sync 1 DAGs
[2024-12-23T06:22:42.694+0700] {logging_mixin.py:190} INFO - [2024-12-23T06:22:42.692+0700] {dag.py:4180} INFO - Setting next_dagrun for example_setup_teardown_taskflow to None, run_after=None
[2024-12-23T06:22:42.788+0700] {processor.py:208} INFO - Processing /mnt/d/Project/airflow-news/venv/lib/python3.12/site-packages/airflow/example_dags/example_setup_teardown_taskflow.py took 0.278 seconds
[2024-12-23T06:22:45.620+0700] {processor.py:186} INFO - Started process (PID=6343) to work on /mnt/d/Project/airflow-news/venv/lib/python3.12/site-packages/airflow/example_dags/example_setup_teardown_taskflow.py
[2024-12-23T06:22:45.623+0700] {processor.py:914} INFO - Processing file /mnt/d/Project/airflow-news/venv/lib/python3.12/site-packages/airflow/example_dags/example_setup_teardown_taskflow.py for tasks to queue
[2024-12-23T06:22:45.627+0700] {logging_mixin.py:190} INFO - [2024-12-23T06:22:45.626+0700] {dagbag.py:588} INFO - Filling up the DagBag from /mnt/d/Project/airflow-news/venv/lib/python3.12/site-packages/airflow/example_dags/example_setup_teardown_taskflow.py
[2024-12-23T06:22:45.690+0700] {processor.py:925} INFO - DAG(s) 'example_setup_teardown_taskflow' retrieved from /mnt/d/Project/airflow-news/venv/lib/python3.12/site-packages/airflow/example_dags/example_setup_teardown_taskflow.py
[2024-12-23T06:22:45.738+0700] {logging_mixin.py:190} INFO - [2024-12-23T06:22:45.736+0700] {dag.py:3239} INFO - Sync 1 DAGs
[2024-12-23T06:22:45.760+0700] {logging_mixin.py:190} INFO - [2024-12-23T06:22:45.758+0700] {dag.py:4180} INFO - Setting next_dagrun for example_setup_teardown_taskflow to None, run_after=None
[2024-12-23T06:22:45.862+0700] {processor.py:208} INFO - Processing /mnt/d/Project/airflow-news/venv/lib/python3.12/site-packages/airflow/example_dags/example_setup_teardown_taskflow.py took 0.256 seconds
[2024-12-23T06:24:04.968+0700] {processor.py:186} INFO - Started process (PID=6610) to work on /mnt/d/Project/airflow-news/venv/lib/python3.12/site-packages/airflow/example_dags/example_setup_teardown_taskflow.py
[2024-12-23T06:24:04.970+0700] {processor.py:914} INFO - Processing file /mnt/d/Project/airflow-news/venv/lib/python3.12/site-packages/airflow/example_dags/example_setup_teardown_taskflow.py for tasks to queue
[2024-12-23T06:24:04.975+0700] {logging_mixin.py:190} INFO - [2024-12-23T06:24:04.974+0700] {dagbag.py:588} INFO - Filling up the DagBag from /mnt/d/Project/airflow-news/venv/lib/python3.12/site-packages/airflow/example_dags/example_setup_teardown_taskflow.py
[2024-12-23T06:24:05.075+0700] {processor.py:925} INFO - DAG(s) 'example_setup_teardown_taskflow' retrieved from /mnt/d/Project/airflow-news/venv/lib/python3.12/site-packages/airflow/example_dags/example_setup_teardown_taskflow.py
[2024-12-23T06:24:05.112+0700] {logging_mixin.py:190} INFO - [2024-12-23T06:24:05.111+0700] {dag.py:3239} INFO - Sync 1 DAGs
[2024-12-23T06:24:05.130+0700] {logging_mixin.py:190} INFO - [2024-12-23T06:24:05.128+0700] {dag.py:4180} INFO - Setting next_dagrun for example_setup_teardown_taskflow to None, run_after=None
[2024-12-23T06:24:05.210+0700] {processor.py:208} INFO - Processing /mnt/d/Project/airflow-news/venv/lib/python3.12/site-packages/airflow/example_dags/example_setup_teardown_taskflow.py took 0.270 seconds
[2024-12-23T06:24:35.294+0700] {processor.py:186} INFO - Started process (PID=6684) to work on /mnt/d/Project/airflow-news/venv/lib/python3.12/site-packages/airflow/example_dags/example_setup_teardown_taskflow.py
[2024-12-23T06:24:35.296+0700] {processor.py:914} INFO - Processing file /mnt/d/Project/airflow-news/venv/lib/python3.12/site-packages/airflow/example_dags/example_setup_teardown_taskflow.py for tasks to queue
[2024-12-23T06:24:35.301+0700] {logging_mixin.py:190} INFO - [2024-12-23T06:24:35.299+0700] {dagbag.py:588} INFO - Filling up the DagBag from /mnt/d/Project/airflow-news/venv/lib/python3.12/site-packages/airflow/example_dags/example_setup_teardown_taskflow.py
[2024-12-23T06:24:35.388+0700] {processor.py:925} INFO - DAG(s) 'example_setup_teardown_taskflow' retrieved from /mnt/d/Project/airflow-news/venv/lib/python3.12/site-packages/airflow/example_dags/example_setup_teardown_taskflow.py
[2024-12-23T06:24:33.690+0700] {logging_mixin.py:190} INFO - [2024-12-23T06:24:33.689+0700] {dag.py:3239} INFO - Sync 1 DAGs
[2024-12-23T06:24:33.709+0700] {logging_mixin.py:190} INFO - [2024-12-23T06:24:33.707+0700] {dag.py:4180} INFO - Setting next_dagrun for example_setup_teardown_taskflow to None, run_after=None
[2024-12-23T06:24:33.780+0700] {processor.py:208} INFO - Processing /mnt/d/Project/airflow-news/venv/lib/python3.12/site-packages/airflow/example_dags/example_setup_teardown_taskflow.py took 0.243 seconds
[2024-12-23T06:25:33.178+0700] {processor.py:186} INFO - Started process (PID=6868) to work on /mnt/d/Project/airflow-news/venv/lib/python3.12/site-packages/airflow/example_dags/example_setup_teardown_taskflow.py
[2024-12-23T06:25:33.181+0700] {processor.py:914} INFO - Processing file /mnt/d/Project/airflow-news/venv/lib/python3.12/site-packages/airflow/example_dags/example_setup_teardown_taskflow.py for tasks to queue
[2024-12-23T06:25:33.185+0700] {logging_mixin.py:190} INFO - [2024-12-23T06:25:33.184+0700] {dagbag.py:588} INFO - Filling up the DagBag from /mnt/d/Project/airflow-news/venv/lib/python3.12/site-packages/airflow/example_dags/example_setup_teardown_taskflow.py
[2024-12-23T06:25:33.281+0700] {processor.py:925} INFO - DAG(s) 'example_setup_teardown_taskflow' retrieved from /mnt/d/Project/airflow-news/venv/lib/python3.12/site-packages/airflow/example_dags/example_setup_teardown_taskflow.py
[2024-12-23T06:25:33.325+0700] {logging_mixin.py:190} INFO - [2024-12-23T06:25:33.324+0700] {dag.py:3239} INFO - Sync 1 DAGs
[2024-12-23T06:25:33.345+0700] {logging_mixin.py:190} INFO - [2024-12-23T06:25:33.344+0700] {dag.py:4180} INFO - Setting next_dagrun for example_setup_teardown_taskflow to None, run_after=None
[2024-12-23T06:25:33.423+0700] {processor.py:208} INFO - Processing /mnt/d/Project/airflow-news/venv/lib/python3.12/site-packages/airflow/example_dags/example_setup_teardown_taskflow.py took 0.258 seconds
[2024-12-23T06:26:21.469+0700] {processor.py:186} INFO - Started process (PID=7015) to work on /mnt/d/Project/airflow-news/venv/lib/python3.12/site-packages/airflow/example_dags/example_setup_teardown_taskflow.py
[2024-12-23T06:26:21.471+0700] {processor.py:914} INFO - Processing file /mnt/d/Project/airflow-news/venv/lib/python3.12/site-packages/airflow/example_dags/example_setup_teardown_taskflow.py for tasks to queue
[2024-12-23T06:26:21.476+0700] {logging_mixin.py:190} INFO - [2024-12-23T06:26:21.475+0700] {dagbag.py:588} INFO - Filling up the DagBag from /mnt/d/Project/airflow-news/venv/lib/python3.12/site-packages/airflow/example_dags/example_setup_teardown_taskflow.py
[2024-12-23T06:26:21.566+0700] {processor.py:925} INFO - DAG(s) 'example_setup_teardown_taskflow' retrieved from /mnt/d/Project/airflow-news/venv/lib/python3.12/site-packages/airflow/example_dags/example_setup_teardown_taskflow.py
[2024-12-23T06:26:21.604+0700] {logging_mixin.py:190} INFO - [2024-12-23T06:26:21.603+0700] {dag.py:3239} INFO - Sync 1 DAGs
[2024-12-23T06:26:21.626+0700] {logging_mixin.py:190} INFO - [2024-12-23T06:26:21.625+0700] {dag.py:4180} INFO - Setting next_dagrun for example_setup_teardown_taskflow to None, run_after=None
[2024-12-23T06:26:21.717+0700] {processor.py:208} INFO - Processing /mnt/d/Project/airflow-news/venv/lib/python3.12/site-packages/airflow/example_dags/example_setup_teardown_taskflow.py took 0.271 seconds
[2024-12-23T06:27:06.253+0700] {processor.py:186} INFO - Started process (PID=7149) to work on /mnt/d/Project/airflow-news/venv/lib/python3.12/site-packages/airflow/example_dags/example_setup_teardown_taskflow.py
[2024-12-23T06:27:06.255+0700] {processor.py:914} INFO - Processing file /mnt/d/Project/airflow-news/venv/lib/python3.12/site-packages/airflow/example_dags/example_setup_teardown_taskflow.py for tasks to queue
[2024-12-23T06:27:06.259+0700] {logging_mixin.py:190} INFO - [2024-12-23T06:27:06.258+0700] {dagbag.py:588} INFO - Filling up the DagBag from /mnt/d/Project/airflow-news/venv/lib/python3.12/site-packages/airflow/example_dags/example_setup_teardown_taskflow.py
[2024-12-23T06:27:06.342+0700] {processor.py:925} INFO - DAG(s) 'example_setup_teardown_taskflow' retrieved from /mnt/d/Project/airflow-news/venv/lib/python3.12/site-packages/airflow/example_dags/example_setup_teardown_taskflow.py
[2024-12-23T06:27:06.378+0700] {logging_mixin.py:190} INFO - [2024-12-23T06:27:06.377+0700] {dag.py:3239} INFO - Sync 1 DAGs
[2024-12-23T06:27:06.398+0700] {logging_mixin.py:190} INFO - [2024-12-23T06:27:06.397+0700] {dag.py:4180} INFO - Setting next_dagrun for example_setup_teardown_taskflow to None, run_after=None
[2024-12-23T06:27:06.464+0700] {processor.py:208} INFO - Processing /mnt/d/Project/airflow-news/venv/lib/python3.12/site-packages/airflow/example_dags/example_setup_teardown_taskflow.py took 0.225 seconds
[2024-12-23T06:28:08.563+0700] {processor.py:186} INFO - Started process (PID=7322) to work on /mnt/d/Project/airflow-news/venv/lib/python3.12/site-packages/airflow/example_dags/example_setup_teardown_taskflow.py
[2024-12-23T06:28:08.565+0700] {processor.py:914} INFO - Processing file /mnt/d/Project/airflow-news/venv/lib/python3.12/site-packages/airflow/example_dags/example_setup_teardown_taskflow.py for tasks to queue
[2024-12-23T06:28:08.570+0700] {logging_mixin.py:190} INFO - [2024-12-23T06:28:08.568+0700] {dagbag.py:588} INFO - Filling up the DagBag from /mnt/d/Project/airflow-news/venv/lib/python3.12/site-packages/airflow/example_dags/example_setup_teardown_taskflow.py
[2024-12-23T06:28:08.650+0700] {processor.py:925} INFO - DAG(s) 'example_setup_teardown_taskflow' retrieved from /mnt/d/Project/airflow-news/venv/lib/python3.12/site-packages/airflow/example_dags/example_setup_teardown_taskflow.py
[2024-12-23T06:28:08.691+0700] {logging_mixin.py:190} INFO - [2024-12-23T06:28:08.690+0700] {dag.py:3239} INFO - Sync 1 DAGs
[2024-12-23T06:28:08.721+0700] {logging_mixin.py:190} INFO - [2024-12-23T06:28:08.720+0700] {dag.py:4180} INFO - Setting next_dagrun for example_setup_teardown_taskflow to None, run_after=None
[2024-12-23T06:28:08.795+0700] {processor.py:208} INFO - Processing /mnt/d/Project/airflow-news/venv/lib/python3.12/site-packages/airflow/example_dags/example_setup_teardown_taskflow.py took 0.254 seconds
[2024-12-23T06:28:43.072+0700] {processor.py:186} INFO - Started process (PID=7431) to work on /mnt/d/Project/airflow-news/venv/lib/python3.12/site-packages/airflow/example_dags/example_setup_teardown_taskflow.py
[2024-12-23T06:28:43.074+0700] {processor.py:914} INFO - Processing file /mnt/d/Project/airflow-news/venv/lib/python3.12/site-packages/airflow/example_dags/example_setup_teardown_taskflow.py for tasks to queue
[2024-12-23T06:28:43.079+0700] {logging_mixin.py:190} INFO - [2024-12-23T06:28:43.077+0700] {dagbag.py:588} INFO - Filling up the DagBag from /mnt/d/Project/airflow-news/venv/lib/python3.12/site-packages/airflow/example_dags/example_setup_teardown_taskflow.py
[2024-12-23T06:28:43.167+0700] {processor.py:925} INFO - DAG(s) 'example_setup_teardown_taskflow' retrieved from /mnt/d/Project/airflow-news/venv/lib/python3.12/site-packages/airflow/example_dags/example_setup_teardown_taskflow.py
[2024-12-23T06:28:43.204+0700] {logging_mixin.py:190} INFO - [2024-12-23T06:28:43.203+0700] {dag.py:3239} INFO - Sync 1 DAGs
[2024-12-23T06:28:43.223+0700] {logging_mixin.py:190} INFO - [2024-12-23T06:28:43.222+0700] {dag.py:4180} INFO - Setting next_dagrun for example_setup_teardown_taskflow to None, run_after=None
[2024-12-23T06:28:43.295+0700] {processor.py:208} INFO - Processing /mnt/d/Project/airflow-news/venv/lib/python3.12/site-packages/airflow/example_dags/example_setup_teardown_taskflow.py took 0.239 seconds
[2024-12-23T06:29:55.225+0700] {processor.py:186} INFO - Started process (PID=7644) to work on /mnt/d/Project/airflow-news/venv/lib/python3.12/site-packages/airflow/example_dags/example_setup_teardown_taskflow.py
[2024-12-23T06:29:55.228+0700] {processor.py:914} INFO - Processing file /mnt/d/Project/airflow-news/venv/lib/python3.12/site-packages/airflow/example_dags/example_setup_teardown_taskflow.py for tasks to queue
[2024-12-23T06:29:55.233+0700] {logging_mixin.py:190} INFO - [2024-12-23T06:29:55.231+0700] {dagbag.py:588} INFO - Filling up the DagBag from /mnt/d/Project/airflow-news/venv/lib/python3.12/site-packages/airflow/example_dags/example_setup_teardown_taskflow.py
[2024-12-23T06:29:55.323+0700] {processor.py:925} INFO - DAG(s) 'example_setup_teardown_taskflow' retrieved from /mnt/d/Project/airflow-news/venv/lib/python3.12/site-packages/airflow/example_dags/example_setup_teardown_taskflow.py
[2024-12-23T06:29:55.363+0700] {logging_mixin.py:190} INFO - [2024-12-23T06:29:55.361+0700] {dag.py:3239} INFO - Sync 1 DAGs
[2024-12-23T06:29:55.383+0700] {logging_mixin.py:190} INFO - [2024-12-23T06:29:55.382+0700] {dag.py:4180} INFO - Setting next_dagrun for example_setup_teardown_taskflow to None, run_after=None
[2024-12-23T06:29:55.456+0700] {processor.py:208} INFO - Processing /mnt/d/Project/airflow-news/venv/lib/python3.12/site-packages/airflow/example_dags/example_setup_teardown_taskflow.py took 0.253 seconds
[2024-12-23T06:30:11.241+0700] {processor.py:186} INFO - Started process (PID=7689) to work on /mnt/d/Project/airflow-news/venv/lib/python3.12/site-packages/airflow/example_dags/example_setup_teardown_taskflow.py
[2024-12-23T06:30:11.243+0700] {processor.py:914} INFO - Processing file /mnt/d/Project/airflow-news/venv/lib/python3.12/site-packages/airflow/example_dags/example_setup_teardown_taskflow.py for tasks to queue
[2024-12-23T06:30:11.248+0700] {logging_mixin.py:190} INFO - [2024-12-23T06:30:11.246+0700] {dagbag.py:588} INFO - Filling up the DagBag from /mnt/d/Project/airflow-news/venv/lib/python3.12/site-packages/airflow/example_dags/example_setup_teardown_taskflow.py
[2024-12-23T06:30:11.332+0700] {processor.py:925} INFO - DAG(s) 'example_setup_teardown_taskflow' retrieved from /mnt/d/Project/airflow-news/venv/lib/python3.12/site-packages/airflow/example_dags/example_setup_teardown_taskflow.py
[2024-12-23T06:30:09.554+0700] {logging_mixin.py:190} INFO - [2024-12-23T06:30:09.552+0700] {dag.py:3239} INFO - Sync 1 DAGs
[2024-12-23T06:30:09.573+0700] {logging_mixin.py:190} INFO - [2024-12-23T06:30:09.572+0700] {dag.py:4180} INFO - Setting next_dagrun for example_setup_teardown_taskflow to None, run_after=None
[2024-12-23T06:30:09.642+0700] {processor.py:208} INFO - Processing /mnt/d/Project/airflow-news/venv/lib/python3.12/site-packages/airflow/example_dags/example_setup_teardown_taskflow.py took 0.229 seconds
[2024-12-23T06:31:39.403+0700] {processor.py:186} INFO - Started process (PID=7948) to work on /mnt/d/Project/airflow-news/venv/lib/python3.12/site-packages/airflow/example_dags/example_setup_teardown_taskflow.py
[2024-12-23T06:31:39.406+0700] {processor.py:914} INFO - Processing file /mnt/d/Project/airflow-news/venv/lib/python3.12/site-packages/airflow/example_dags/example_setup_teardown_taskflow.py for tasks to queue
[2024-12-23T06:31:39.410+0700] {logging_mixin.py:190} INFO - [2024-12-23T06:31:39.408+0700] {dagbag.py:588} INFO - Filling up the DagBag from /mnt/d/Project/airflow-news/venv/lib/python3.12/site-packages/airflow/example_dags/example_setup_teardown_taskflow.py
[2024-12-23T06:31:39.496+0700] {processor.py:925} INFO - DAG(s) 'example_setup_teardown_taskflow' retrieved from /mnt/d/Project/airflow-news/venv/lib/python3.12/site-packages/airflow/example_dags/example_setup_teardown_taskflow.py
[2024-12-23T06:31:39.530+0700] {logging_mixin.py:190} INFO - [2024-12-23T06:31:39.529+0700] {dag.py:3239} INFO - Sync 1 DAGs
[2024-12-23T06:31:39.549+0700] {logging_mixin.py:190} INFO - [2024-12-23T06:31:39.548+0700] {dag.py:4180} INFO - Setting next_dagrun for example_setup_teardown_taskflow to None, run_after=None
[2024-12-23T06:31:39.623+0700] {processor.py:208} INFO - Processing /mnt/d/Project/airflow-news/venv/lib/python3.12/site-packages/airflow/example_dags/example_setup_teardown_taskflow.py took 0.241 seconds
[2024-12-23T06:31:42.542+0700] {processor.py:186} INFO - Started process (PID=7956) to work on /mnt/d/Project/airflow-news/venv/lib/python3.12/site-packages/airflow/example_dags/example_setup_teardown_taskflow.py
[2024-12-23T06:31:42.545+0700] {processor.py:914} INFO - Processing file /mnt/d/Project/airflow-news/venv/lib/python3.12/site-packages/airflow/example_dags/example_setup_teardown_taskflow.py for tasks to queue
[2024-12-23T06:31:42.551+0700] {logging_mixin.py:190} INFO - [2024-12-23T06:31:42.548+0700] {dagbag.py:588} INFO - Filling up the DagBag from /mnt/d/Project/airflow-news/venv/lib/python3.12/site-packages/airflow/example_dags/example_setup_teardown_taskflow.py
[2024-12-23T06:31:42.637+0700] {processor.py:925} INFO - DAG(s) 'example_setup_teardown_taskflow' retrieved from /mnt/d/Project/airflow-news/venv/lib/python3.12/site-packages/airflow/example_dags/example_setup_teardown_taskflow.py
[2024-12-23T06:31:42.676+0700] {logging_mixin.py:190} INFO - [2024-12-23T06:31:42.675+0700] {dag.py:3239} INFO - Sync 1 DAGs
[2024-12-23T06:31:42.694+0700] {logging_mixin.py:190} INFO - [2024-12-23T06:31:42.693+0700] {dag.py:4180} INFO - Setting next_dagrun for example_setup_teardown_taskflow to None, run_after=None
[2024-12-23T06:31:42.769+0700] {processor.py:208} INFO - Processing /mnt/d/Project/airflow-news/venv/lib/python3.12/site-packages/airflow/example_dags/example_setup_teardown_taskflow.py took 0.239 seconds
[2024-12-23T06:33:18.040+0700] {processor.py:186} INFO - Started process (PID=8253) to work on /mnt/d/Project/airflow-news/venv/lib/python3.12/site-packages/airflow/example_dags/example_setup_teardown_taskflow.py
[2024-12-23T06:33:18.042+0700] {processor.py:914} INFO - Processing file /mnt/d/Project/airflow-news/venv/lib/python3.12/site-packages/airflow/example_dags/example_setup_teardown_taskflow.py for tasks to queue
[2024-12-23T06:33:18.047+0700] {logging_mixin.py:190} INFO - [2024-12-23T06:33:18.046+0700] {dagbag.py:588} INFO - Filling up the DagBag from /mnt/d/Project/airflow-news/venv/lib/python3.12/site-packages/airflow/example_dags/example_setup_teardown_taskflow.py
[2024-12-23T06:33:18.151+0700] {processor.py:925} INFO - DAG(s) 'example_setup_teardown_taskflow' retrieved from /mnt/d/Project/airflow-news/venv/lib/python3.12/site-packages/airflow/example_dags/example_setup_teardown_taskflow.py
[2024-12-23T06:33:18.197+0700] {logging_mixin.py:190} INFO - [2024-12-23T06:33:18.196+0700] {dag.py:3239} INFO - Sync 1 DAGs
[2024-12-23T06:33:18.221+0700] {logging_mixin.py:190} INFO - [2024-12-23T06:33:18.220+0700] {dag.py:4180} INFO - Setting next_dagrun for example_setup_teardown_taskflow to None, run_after=None
[2024-12-23T06:33:18.299+0700] {processor.py:208} INFO - Processing /mnt/d/Project/airflow-news/venv/lib/python3.12/site-packages/airflow/example_dags/example_setup_teardown_taskflow.py took 0.278 seconds
[2024-12-23T06:33:33.693+0700] {processor.py:186} INFO - Started process (PID=8299) to work on /mnt/d/Project/airflow-news/venv/lib/python3.12/site-packages/airflow/example_dags/example_setup_teardown_taskflow.py
[2024-12-23T06:33:33.696+0700] {processor.py:914} INFO - Processing file /mnt/d/Project/airflow-news/venv/lib/python3.12/site-packages/airflow/example_dags/example_setup_teardown_taskflow.py for tasks to queue
[2024-12-23T06:33:33.701+0700] {logging_mixin.py:190} INFO - [2024-12-23T06:33:33.700+0700] {dagbag.py:588} INFO - Filling up the DagBag from /mnt/d/Project/airflow-news/venv/lib/python3.12/site-packages/airflow/example_dags/example_setup_teardown_taskflow.py
[2024-12-23T06:33:33.790+0700] {processor.py:925} INFO - DAG(s) 'example_setup_teardown_taskflow' retrieved from /mnt/d/Project/airflow-news/venv/lib/python3.12/site-packages/airflow/example_dags/example_setup_teardown_taskflow.py
[2024-12-23T06:33:33.834+0700] {logging_mixin.py:190} INFO - [2024-12-23T06:33:33.833+0700] {dag.py:3239} INFO - Sync 1 DAGs
[2024-12-23T06:33:33.856+0700] {logging_mixin.py:190} INFO - [2024-12-23T06:33:33.854+0700] {dag.py:4180} INFO - Setting next_dagrun for example_setup_teardown_taskflow to None, run_after=None
[2024-12-23T06:33:33.926+0700] {processor.py:208} INFO - Processing /mnt/d/Project/airflow-news/venv/lib/python3.12/site-packages/airflow/example_dags/example_setup_teardown_taskflow.py took 0.254 seconds
[2024-12-23T06:34:56.102+0700] {processor.py:186} INFO - Started process (PID=8527) to work on /mnt/d/Project/airflow-news/venv/lib/python3.12/site-packages/airflow/example_dags/example_setup_teardown_taskflow.py
[2024-12-23T06:34:56.104+0700] {processor.py:914} INFO - Processing file /mnt/d/Project/airflow-news/venv/lib/python3.12/site-packages/airflow/example_dags/example_setup_teardown_taskflow.py for tasks to queue
[2024-12-23T06:34:56.109+0700] {logging_mixin.py:190} INFO - [2024-12-23T06:34:56.107+0700] {dagbag.py:588} INFO - Filling up the DagBag from /mnt/d/Project/airflow-news/venv/lib/python3.12/site-packages/airflow/example_dags/example_setup_teardown_taskflow.py
[2024-12-23T06:34:56.212+0700] {processor.py:925} INFO - DAG(s) 'example_setup_teardown_taskflow' retrieved from /mnt/d/Project/airflow-news/venv/lib/python3.12/site-packages/airflow/example_dags/example_setup_teardown_taskflow.py
[2024-12-23T06:34:56.254+0700] {logging_mixin.py:190} INFO - [2024-12-23T06:34:56.253+0700] {dag.py:3239} INFO - Sync 1 DAGs
[2024-12-23T06:34:56.275+0700] {logging_mixin.py:190} INFO - [2024-12-23T06:34:56.274+0700] {dag.py:4180} INFO - Setting next_dagrun for example_setup_teardown_taskflow to None, run_after=None
[2024-12-23T06:34:56.357+0700] {processor.py:208} INFO - Processing /mnt/d/Project/airflow-news/venv/lib/python3.12/site-packages/airflow/example_dags/example_setup_teardown_taskflow.py took 0.272 seconds
[2024-12-23T06:36:22.966+0700] {processor.py:186} INFO - Started process (PID=8801) to work on /mnt/d/Project/airflow-news/venv/lib/python3.12/site-packages/airflow/example_dags/example_setup_teardown_taskflow.py
[2024-12-23T06:36:22.968+0700] {processor.py:914} INFO - Processing file /mnt/d/Project/airflow-news/venv/lib/python3.12/site-packages/airflow/example_dags/example_setup_teardown_taskflow.py for tasks to queue
[2024-12-23T06:36:22.974+0700] {logging_mixin.py:190} INFO - [2024-12-23T06:36:22.972+0700] {dagbag.py:588} INFO - Filling up the DagBag from /mnt/d/Project/airflow-news/venv/lib/python3.12/site-packages/airflow/example_dags/example_setup_teardown_taskflow.py
[2024-12-23T06:36:23.065+0700] {processor.py:925} INFO - DAG(s) 'example_setup_teardown_taskflow' retrieved from /mnt/d/Project/airflow-news/venv/lib/python3.12/site-packages/airflow/example_dags/example_setup_teardown_taskflow.py
[2024-12-23T06:36:23.104+0700] {logging_mixin.py:190} INFO - [2024-12-23T06:36:23.102+0700] {dag.py:3239} INFO - Sync 1 DAGs
[2024-12-23T06:36:23.124+0700] {logging_mixin.py:190} INFO - [2024-12-23T06:36:23.123+0700] {dag.py:4180} INFO - Setting next_dagrun for example_setup_teardown_taskflow to None, run_after=None
[2024-12-23T06:36:23.195+0700] {processor.py:208} INFO - Processing /mnt/d/Project/airflow-news/venv/lib/python3.12/site-packages/airflow/example_dags/example_setup_teardown_taskflow.py took 0.251 seconds
[2024-12-23T06:36:43.449+0700] {processor.py:186} INFO - Started process (PID=8858) to work on /mnt/d/Project/airflow-news/venv/lib/python3.12/site-packages/airflow/example_dags/example_setup_teardown_taskflow.py
[2024-12-23T06:36:43.452+0700] {processor.py:914} INFO - Processing file /mnt/d/Project/airflow-news/venv/lib/python3.12/site-packages/airflow/example_dags/example_setup_teardown_taskflow.py for tasks to queue
[2024-12-23T06:36:43.456+0700] {logging_mixin.py:190} INFO - [2024-12-23T06:36:43.455+0700] {dagbag.py:588} INFO - Filling up the DagBag from /mnt/d/Project/airflow-news/venv/lib/python3.12/site-packages/airflow/example_dags/example_setup_teardown_taskflow.py
[2024-12-23T06:36:43.517+0700] {processor.py:925} INFO - DAG(s) 'example_setup_teardown_taskflow' retrieved from /mnt/d/Project/airflow-news/venv/lib/python3.12/site-packages/airflow/example_dags/example_setup_teardown_taskflow.py
[2024-12-23T06:36:43.559+0700] {logging_mixin.py:190} INFO - [2024-12-23T06:36:43.557+0700] {dag.py:3239} INFO - Sync 1 DAGs
[2024-12-23T06:36:43.578+0700] {logging_mixin.py:190} INFO - [2024-12-23T06:36:43.577+0700] {dag.py:4180} INFO - Setting next_dagrun for example_setup_teardown_taskflow to None, run_after=None
[2024-12-23T06:36:43.662+0700] {processor.py:208} INFO - Processing /mnt/d/Project/airflow-news/venv/lib/python3.12/site-packages/airflow/example_dags/example_setup_teardown_taskflow.py took 0.231 seconds
[2024-12-23T06:37:47.684+0700] {processor.py:186} INFO - Started process (PID=9082) to work on /mnt/d/Project/airflow-news/venv/lib/python3.12/site-packages/airflow/example_dags/example_setup_teardown_taskflow.py
[2024-12-23T06:37:47.687+0700] {processor.py:914} INFO - Processing file /mnt/d/Project/airflow-news/venv/lib/python3.12/site-packages/airflow/example_dags/example_setup_teardown_taskflow.py for tasks to queue
[2024-12-23T06:37:47.693+0700] {logging_mixin.py:190} INFO - [2024-12-23T06:37:47.691+0700] {dagbag.py:588} INFO - Filling up the DagBag from /mnt/d/Project/airflow-news/venv/lib/python3.12/site-packages/airflow/example_dags/example_setup_teardown_taskflow.py
[2024-12-23T06:37:47.796+0700] {processor.py:925} INFO - DAG(s) 'example_setup_teardown_taskflow' retrieved from /mnt/d/Project/airflow-news/venv/lib/python3.12/site-packages/airflow/example_dags/example_setup_teardown_taskflow.py
[2024-12-23T06:37:47.838+0700] {logging_mixin.py:190} INFO - [2024-12-23T06:37:47.837+0700] {dag.py:3239} INFO - Sync 1 DAGs
[2024-12-23T06:37:47.858+0700] {logging_mixin.py:190} INFO - [2024-12-23T06:37:47.856+0700] {dag.py:4180} INFO - Setting next_dagrun for example_setup_teardown_taskflow to None, run_after=None
[2024-12-23T06:37:47.933+0700] {processor.py:208} INFO - Processing /mnt/d/Project/airflow-news/venv/lib/python3.12/site-packages/airflow/example_dags/example_setup_teardown_taskflow.py took 0.270 seconds
[2024-12-23T06:37:58.847+0700] {processor.py:186} INFO - Started process (PID=9128) to work on /mnt/d/Project/airflow-news/venv/lib/python3.12/site-packages/airflow/example_dags/example_setup_teardown_taskflow.py
[2024-12-23T06:37:58.850+0700] {processor.py:914} INFO - Processing file /mnt/d/Project/airflow-news/venv/lib/python3.12/site-packages/airflow/example_dags/example_setup_teardown_taskflow.py for tasks to queue
[2024-12-23T06:37:58.855+0700] {logging_mixin.py:190} INFO - [2024-12-23T06:37:58.853+0700] {dagbag.py:588} INFO - Filling up the DagBag from /mnt/d/Project/airflow-news/venv/lib/python3.12/site-packages/airflow/example_dags/example_setup_teardown_taskflow.py
[2024-12-23T06:37:58.945+0700] {processor.py:925} INFO - DAG(s) 'example_setup_teardown_taskflow' retrieved from /mnt/d/Project/airflow-news/venv/lib/python3.12/site-packages/airflow/example_dags/example_setup_teardown_taskflow.py
[2024-12-23T06:37:58.982+0700] {logging_mixin.py:190} INFO - [2024-12-23T06:37:58.981+0700] {dag.py:3239} INFO - Sync 1 DAGs
[2024-12-23T06:37:59.003+0700] {logging_mixin.py:190} INFO - [2024-12-23T06:37:59.001+0700] {dag.py:4180} INFO - Setting next_dagrun for example_setup_teardown_taskflow to None, run_after=None
[2024-12-23T06:37:59.076+0700] {processor.py:208} INFO - Processing /mnt/d/Project/airflow-news/venv/lib/python3.12/site-packages/airflow/example_dags/example_setup_teardown_taskflow.py took 0.244 seconds
[2024-12-23T06:39:49.923+0700] {processor.py:186} INFO - Started process (PID=9457) to work on /mnt/d/Project/airflow-news/venv/lib/python3.12/site-packages/airflow/example_dags/example_setup_teardown_taskflow.py
[2024-12-23T06:39:49.926+0700] {processor.py:914} INFO - Processing file /mnt/d/Project/airflow-news/venv/lib/python3.12/site-packages/airflow/example_dags/example_setup_teardown_taskflow.py for tasks to queue
[2024-12-23T06:39:49.931+0700] {logging_mixin.py:190} INFO - [2024-12-23T06:39:49.929+0700] {dagbag.py:588} INFO - Filling up the DagBag from /mnt/d/Project/airflow-news/venv/lib/python3.12/site-packages/airflow/example_dags/example_setup_teardown_taskflow.py
[2024-12-23T06:39:50.037+0700] {processor.py:925} INFO - DAG(s) 'example_setup_teardown_taskflow' retrieved from /mnt/d/Project/airflow-news/venv/lib/python3.12/site-packages/airflow/example_dags/example_setup_teardown_taskflow.py
[2024-12-23T06:39:50.081+0700] {logging_mixin.py:190} INFO - [2024-12-23T06:39:50.080+0700] {dag.py:3239} INFO - Sync 1 DAGs
[2024-12-23T06:39:50.104+0700] {logging_mixin.py:190} INFO - [2024-12-23T06:39:50.102+0700] {dag.py:4180} INFO - Setting next_dagrun for example_setup_teardown_taskflow to None, run_after=None
[2024-12-23T06:39:50.186+0700] {processor.py:208} INFO - Processing /mnt/d/Project/airflow-news/venv/lib/python3.12/site-packages/airflow/example_dags/example_setup_teardown_taskflow.py took 0.288 seconds
[2024-12-23T06:41:49.058+0700] {processor.py:186} INFO - Started process (PID=9737) to work on /mnt/d/Project/airflow-news/venv/lib/python3.12/site-packages/airflow/example_dags/example_setup_teardown_taskflow.py
[2024-12-23T06:41:49.061+0700] {processor.py:914} INFO - Processing file /mnt/d/Project/airflow-news/venv/lib/python3.12/site-packages/airflow/example_dags/example_setup_teardown_taskflow.py for tasks to queue
[2024-12-23T06:41:49.066+0700] {logging_mixin.py:190} INFO - [2024-12-23T06:41:49.064+0700] {dagbag.py:588} INFO - Filling up the DagBag from /mnt/d/Project/airflow-news/venv/lib/python3.12/site-packages/airflow/example_dags/example_setup_teardown_taskflow.py
[2024-12-23T06:41:49.154+0700] {processor.py:925} INFO - DAG(s) 'example_setup_teardown_taskflow' retrieved from /mnt/d/Project/airflow-news/venv/lib/python3.12/site-packages/airflow/example_dags/example_setup_teardown_taskflow.py
[2024-12-23T06:41:49.188+0700] {logging_mixin.py:190} INFO - [2024-12-23T06:41:49.187+0700] {dag.py:3239} INFO - Sync 1 DAGs
[2024-12-23T06:41:49.206+0700] {logging_mixin.py:190} INFO - [2024-12-23T06:41:49.205+0700] {dag.py:4180} INFO - Setting next_dagrun for example_setup_teardown_taskflow to None, run_after=None
[2024-12-23T06:41:49.281+0700] {processor.py:208} INFO - Processing /mnt/d/Project/airflow-news/venv/lib/python3.12/site-packages/airflow/example_dags/example_setup_teardown_taskflow.py took 0.240 seconds
[2024-12-23T06:43:48.895+0700] {processor.py:186} INFO - Started process (PID=10117) to work on /mnt/d/Project/airflow-news/venv/lib/python3.12/site-packages/airflow/example_dags/example_setup_teardown_taskflow.py
[2024-12-23T06:43:48.897+0700] {processor.py:914} INFO - Processing file /mnt/d/Project/airflow-news/venv/lib/python3.12/site-packages/airflow/example_dags/example_setup_teardown_taskflow.py for tasks to queue
[2024-12-23T06:43:48.902+0700] {logging_mixin.py:190} INFO - [2024-12-23T06:43:48.900+0700] {dagbag.py:588} INFO - Filling up the DagBag from /mnt/d/Project/airflow-news/venv/lib/python3.12/site-packages/airflow/example_dags/example_setup_teardown_taskflow.py
[2024-12-23T06:43:48.987+0700] {processor.py:925} INFO - DAG(s) 'example_setup_teardown_taskflow' retrieved from /mnt/d/Project/airflow-news/venv/lib/python3.12/site-packages/airflow/example_dags/example_setup_teardown_taskflow.py
[2024-12-23T06:43:49.022+0700] {logging_mixin.py:190} INFO - [2024-12-23T06:43:49.021+0700] {dag.py:3239} INFO - Sync 1 DAGs
[2024-12-23T06:43:49.041+0700] {logging_mixin.py:190} INFO - [2024-12-23T06:43:49.039+0700] {dag.py:4180} INFO - Setting next_dagrun for example_setup_teardown_taskflow to None, run_after=None
[2024-12-23T06:43:49.114+0700] {processor.py:208} INFO - Processing /mnt/d/Project/airflow-news/venv/lib/python3.12/site-packages/airflow/example_dags/example_setup_teardown_taskflow.py took 0.242 seconds
[2024-12-23T06:45:46.290+0700] {processor.py:186} INFO - Started process (PID=10435) to work on /mnt/d/Project/airflow-news/venv/lib/python3.12/site-packages/airflow/example_dags/example_setup_teardown_taskflow.py
[2024-12-23T06:45:46.293+0700] {processor.py:914} INFO - Processing file /mnt/d/Project/airflow-news/venv/lib/python3.12/site-packages/airflow/example_dags/example_setup_teardown_taskflow.py for tasks to queue
[2024-12-23T06:45:46.297+0700] {logging_mixin.py:190} INFO - [2024-12-23T06:45:46.296+0700] {dagbag.py:588} INFO - Filling up the DagBag from /mnt/d/Project/airflow-news/venv/lib/python3.12/site-packages/airflow/example_dags/example_setup_teardown_taskflow.py
[2024-12-23T06:45:46.429+0700] {processor.py:925} INFO - DAG(s) 'example_setup_teardown_taskflow' retrieved from /mnt/d/Project/airflow-news/venv/lib/python3.12/site-packages/airflow/example_dags/example_setup_teardown_taskflow.py
[2024-12-23T06:45:46.487+0700] {logging_mixin.py:190} INFO - [2024-12-23T06:45:46.485+0700] {dag.py:3239} INFO - Sync 1 DAGs
[2024-12-23T06:45:46.511+0700] {logging_mixin.py:190} INFO - [2024-12-23T06:45:46.510+0700] {dag.py:4180} INFO - Setting next_dagrun for example_setup_teardown_taskflow to None, run_after=None
[2024-12-23T06:45:46.602+0700] {processor.py:208} INFO - Processing /mnt/d/Project/airflow-news/venv/lib/python3.12/site-packages/airflow/example_dags/example_setup_teardown_taskflow.py took 0.334 seconds
