[2024-12-23T05:44:43.139+0700] {processor.py:186} INFO - Started process (PID=1359) to work on /mnt/d/Project/airflow-news/venv/lib/python3.12/site-packages/airflow/example_dags/example_time_delta_sensor_async.py
[2024-12-23T05:44:43.141+0700] {processor.py:914} INFO - Processing file /mnt/d/Project/airflow-news/venv/lib/python3.12/site-packages/airflow/example_dags/example_time_delta_sensor_async.py for tasks to queue
[2024-12-23T05:44:43.147+0700] {logging_mixin.py:190} INFO - [2024-12-23T05:44:43.145+0700] {dagbag.py:588} INFO - Filling up the DagBag from /mnt/d/Project/airflow-news/venv/lib/python3.12/site-packages/airflow/example_dags/example_time_delta_sensor_async.py
[2024-12-23T05:44:43.248+0700] {processor.py:925} INFO - DAG(s) 'example_time_delta_sensor_async' retrieved from /mnt/d/Project/airflow-news/venv/lib/python3.12/site-packages/airflow/example_dags/example_time_delta_sensor_async.py
[2024-12-23T05:44:43.438+0700] {logging_mixin.py:190} INFO - [2024-12-23T05:44:43.436+0700] {override.py:1911} INFO - Created Permission View: can edit on DAG:example_time_delta_sensor_async
[2024-12-23T05:44:43.487+0700] {logging_mixin.py:190} INFO - [2024-12-23T05:44:43.485+0700] {override.py:1911} INFO - Created Permission View: can read on DAG:example_time_delta_sensor_async
[2024-12-23T05:44:43.531+0700] {logging_mixin.py:190} INFO - [2024-12-23T05:44:43.530+0700] {override.py:1911} INFO - Created Permission View: can delete on DAG:example_time_delta_sensor_async
[2024-12-23T05:44:43.602+0700] {logging_mixin.py:190} INFO - [2024-12-23T05:44:43.601+0700] {override.py:1911} INFO - Created Permission View: can read on DAG Run:example_time_delta_sensor_async
[2024-12-23T05:44:43.650+0700] {logging_mixin.py:190} INFO - [2024-12-23T05:44:43.648+0700] {override.py:1911} INFO - Created Permission View: can delete on DAG Run:example_time_delta_sensor_async
[2024-12-23T05:44:43.696+0700] {logging_mixin.py:190} INFO - [2024-12-23T05:44:43.695+0700] {override.py:1911} INFO - Created Permission View: menu access on DAG Run:example_time_delta_sensor_async
[2024-12-23T05:44:43.744+0700] {logging_mixin.py:190} INFO - [2024-12-23T05:44:43.742+0700] {override.py:1911} INFO - Created Permission View: can create on DAG Run:example_time_delta_sensor_async
[2024-12-23T05:44:43.747+0700] {logging_mixin.py:190} INFO - [2024-12-23T05:44:43.745+0700] {dag.py:3239} INFO - Sync 1 DAGs
[2024-12-23T05:44:43.774+0700] {logging_mixin.py:190} INFO - [2024-12-23T05:44:43.773+0700] {dag.py:3262} INFO - Creating ORM DAG for example_time_delta_sensor_async
[2024-12-23T05:44:43.778+0700] {logging_mixin.py:190} INFO - [2024-12-23T05:44:43.777+0700] {dag.py:4180} INFO - Setting next_dagrun for example_time_delta_sensor_async to None, run_after=None
[2024-12-23T05:44:43.860+0700] {processor.py:208} INFO - Processing /mnt/d/Project/airflow-news/venv/lib/python3.12/site-packages/airflow/example_dags/example_time_delta_sensor_async.py took 2.255 seconds
[2024-12-23T05:52:25.907+0700] {processor.py:186} INFO - Started process (PID=1684) to work on /mnt/d/Project/airflow-news/venv/lib/python3.12/site-packages/airflow/example_dags/example_time_delta_sensor_async.py
[2024-12-23T05:52:25.909+0700] {processor.py:914} INFO - Processing file /mnt/d/Project/airflow-news/venv/lib/python3.12/site-packages/airflow/example_dags/example_time_delta_sensor_async.py for tasks to queue
[2024-12-23T05:52:25.914+0700] {logging_mixin.py:190} INFO - [2024-12-23T05:52:25.913+0700] {dagbag.py:588} INFO - Filling up the DagBag from /mnt/d/Project/airflow-news/venv/lib/python3.12/site-packages/airflow/example_dags/example_time_delta_sensor_async.py
[2024-12-23T05:52:26.003+0700] {processor.py:925} INFO - DAG(s) 'example_time_delta_sensor_async' retrieved from /mnt/d/Project/airflow-news/venv/lib/python3.12/site-packages/airflow/example_dags/example_time_delta_sensor_async.py
[2024-12-23T05:52:27.739+0700] {logging_mixin.py:190} INFO - [2024-12-23T05:52:27.738+0700] {dag.py:3239} INFO - Sync 1 DAGs
[2024-12-23T05:52:27.757+0700] {logging_mixin.py:190} INFO - [2024-12-23T05:52:27.755+0700] {dag.py:4180} INFO - Setting next_dagrun for example_time_delta_sensor_async to None, run_after=None
[2024-12-23T05:52:27.834+0700] {processor.py:208} INFO - Processing /mnt/d/Project/airflow-news/venv/lib/python3.12/site-packages/airflow/example_dags/example_time_delta_sensor_async.py took 1.942 seconds
[2024-12-23T05:53:20.757+0700] {processor.py:186} INFO - Started process (PID=1773) to work on /mnt/d/Project/airflow-news/venv/lib/python3.12/site-packages/airflow/example_dags/example_time_delta_sensor_async.py
[2024-12-23T05:53:20.760+0700] {processor.py:914} INFO - Processing file /mnt/d/Project/airflow-news/venv/lib/python3.12/site-packages/airflow/example_dags/example_time_delta_sensor_async.py for tasks to queue
[2024-12-23T05:53:20.767+0700] {logging_mixin.py:190} INFO - [2024-12-23T05:53:20.765+0700] {dagbag.py:588} INFO - Filling up the DagBag from /mnt/d/Project/airflow-news/venv/lib/python3.12/site-packages/airflow/example_dags/example_time_delta_sensor_async.py
[2024-12-23T05:53:20.896+0700] {processor.py:925} INFO - DAG(s) 'example_time_delta_sensor_async' retrieved from /mnt/d/Project/airflow-news/venv/lib/python3.12/site-packages/airflow/example_dags/example_time_delta_sensor_async.py
[2024-12-23T05:53:20.957+0700] {logging_mixin.py:190} INFO - [2024-12-23T05:53:20.956+0700] {dag.py:3239} INFO - Sync 1 DAGs
[2024-12-23T05:53:20.985+0700] {logging_mixin.py:190} INFO - [2024-12-23T05:53:20.982+0700] {dag.py:4180} INFO - Setting next_dagrun for example_time_delta_sensor_async to None, run_after=None
[2024-12-23T05:53:21.078+0700] {processor.py:208} INFO - Processing /mnt/d/Project/airflow-news/venv/lib/python3.12/site-packages/airflow/example_dags/example_time_delta_sensor_async.py took 0.341 seconds
[2024-12-23T05:55:04.012+0700] {processor.py:186} INFO - Started process (PID=2067) to work on /mnt/d/Project/airflow-news/venv/lib/python3.12/site-packages/airflow/example_dags/example_time_delta_sensor_async.py
[2024-12-23T05:55:04.015+0700] {processor.py:914} INFO - Processing file /mnt/d/Project/airflow-news/venv/lib/python3.12/site-packages/airflow/example_dags/example_time_delta_sensor_async.py for tasks to queue
[2024-12-23T05:55:04.020+0700] {logging_mixin.py:190} INFO - [2024-12-23T05:55:04.019+0700] {dagbag.py:588} INFO - Filling up the DagBag from /mnt/d/Project/airflow-news/venv/lib/python3.12/site-packages/airflow/example_dags/example_time_delta_sensor_async.py
[2024-12-23T05:55:04.108+0700] {processor.py:925} INFO - DAG(s) 'example_time_delta_sensor_async' retrieved from /mnt/d/Project/airflow-news/venv/lib/python3.12/site-packages/airflow/example_dags/example_time_delta_sensor_async.py
[2024-12-23T05:55:04.147+0700] {logging_mixin.py:190} INFO - [2024-12-23T05:55:04.146+0700] {dag.py:3239} INFO - Sync 1 DAGs
[2024-12-23T05:55:04.164+0700] {logging_mixin.py:190} INFO - [2024-12-23T05:55:04.162+0700] {dag.py:4180} INFO - Setting next_dagrun for example_time_delta_sensor_async to None, run_after=None
[2024-12-23T05:55:04.237+0700] {processor.py:208} INFO - Processing /mnt/d/Project/airflow-news/venv/lib/python3.12/site-packages/airflow/example_dags/example_time_delta_sensor_async.py took 0.240 seconds
[2024-12-23T05:56:04.390+0700] {processor.py:186} INFO - Started process (PID=2210) to work on /mnt/d/Project/airflow-news/venv/lib/python3.12/site-packages/airflow/example_dags/example_time_delta_sensor_async.py
[2024-12-23T05:56:04.392+0700] {processor.py:914} INFO - Processing file /mnt/d/Project/airflow-news/venv/lib/python3.12/site-packages/airflow/example_dags/example_time_delta_sensor_async.py for tasks to queue
[2024-12-23T05:56:04.397+0700] {logging_mixin.py:190} INFO - [2024-12-23T05:56:04.395+0700] {dagbag.py:588} INFO - Filling up the DagBag from /mnt/d/Project/airflow-news/venv/lib/python3.12/site-packages/airflow/example_dags/example_time_delta_sensor_async.py
[2024-12-23T05:56:04.487+0700] {processor.py:925} INFO - DAG(s) 'example_time_delta_sensor_async' retrieved from /mnt/d/Project/airflow-news/venv/lib/python3.12/site-packages/airflow/example_dags/example_time_delta_sensor_async.py
[2024-12-23T05:56:04.523+0700] {logging_mixin.py:190} INFO - [2024-12-23T05:56:04.522+0700] {dag.py:3239} INFO - Sync 1 DAGs
[2024-12-23T05:56:04.539+0700] {logging_mixin.py:190} INFO - [2024-12-23T05:56:04.538+0700] {dag.py:4180} INFO - Setting next_dagrun for example_time_delta_sensor_async to None, run_after=None
[2024-12-23T05:56:04.614+0700] {processor.py:208} INFO - Processing /mnt/d/Project/airflow-news/venv/lib/python3.12/site-packages/airflow/example_dags/example_time_delta_sensor_async.py took 0.237 seconds
[2024-12-23T05:57:38.936+0700] {processor.py:186} INFO - Started process (PID=2405) to work on /mnt/d/Project/airflow-news/venv/lib/python3.12/site-packages/airflow/example_dags/example_time_delta_sensor_async.py
[2024-12-23T05:57:38.938+0700] {processor.py:914} INFO - Processing file /mnt/d/Project/airflow-news/venv/lib/python3.12/site-packages/airflow/example_dags/example_time_delta_sensor_async.py for tasks to queue
[2024-12-23T05:57:38.944+0700] {logging_mixin.py:190} INFO - [2024-12-23T05:57:38.942+0700] {dagbag.py:588} INFO - Filling up the DagBag from /mnt/d/Project/airflow-news/venv/lib/python3.12/site-packages/airflow/example_dags/example_time_delta_sensor_async.py
[2024-12-23T05:57:39.002+0700] {processor.py:925} INFO - DAG(s) 'example_time_delta_sensor_async' retrieved from /mnt/d/Project/airflow-news/venv/lib/python3.12/site-packages/airflow/example_dags/example_time_delta_sensor_async.py
[2024-12-23T05:57:39.049+0700] {logging_mixin.py:190} INFO - [2024-12-23T05:57:39.047+0700] {dag.py:3239} INFO - Sync 1 DAGs
[2024-12-23T05:57:39.071+0700] {logging_mixin.py:190} INFO - [2024-12-23T05:57:39.070+0700] {dag.py:4180} INFO - Setting next_dagrun for example_time_delta_sensor_async to None, run_after=None
[2024-12-23T05:57:39.151+0700] {processor.py:208} INFO - Processing /mnt/d/Project/airflow-news/venv/lib/python3.12/site-packages/airflow/example_dags/example_time_delta_sensor_async.py took 0.230 seconds
[2024-12-23T05:58:59.084+0700] {processor.py:186} INFO - Started process (PID=2587) to work on /mnt/d/Project/airflow-news/venv/lib/python3.12/site-packages/airflow/example_dags/example_time_delta_sensor_async.py
[2024-12-23T05:58:59.086+0700] {processor.py:914} INFO - Processing file /mnt/d/Project/airflow-news/venv/lib/python3.12/site-packages/airflow/example_dags/example_time_delta_sensor_async.py for tasks to queue
[2024-12-23T05:58:59.092+0700] {logging_mixin.py:190} INFO - [2024-12-23T05:58:59.090+0700] {dagbag.py:588} INFO - Filling up the DagBag from /mnt/d/Project/airflow-news/venv/lib/python3.12/site-packages/airflow/example_dags/example_time_delta_sensor_async.py
[2024-12-23T05:58:59.217+0700] {processor.py:925} INFO - DAG(s) 'example_time_delta_sensor_async' retrieved from /mnt/d/Project/airflow-news/venv/lib/python3.12/site-packages/airflow/example_dags/example_time_delta_sensor_async.py
[2024-12-23T05:58:59.288+0700] {logging_mixin.py:190} INFO - [2024-12-23T05:58:59.286+0700] {dag.py:3239} INFO - Sync 1 DAGs
[2024-12-23T05:58:59.326+0700] {logging_mixin.py:190} INFO - [2024-12-23T05:58:59.324+0700] {dag.py:4180} INFO - Setting next_dagrun for example_time_delta_sensor_async to None, run_after=None
[2024-12-23T05:58:59.441+0700] {processor.py:208} INFO - Processing /mnt/d/Project/airflow-news/venv/lib/python3.12/site-packages/airflow/example_dags/example_time_delta_sensor_async.py took 0.374 seconds
[2024-12-23T05:59:16.636+0700] {processor.py:186} INFO - Started process (PID=2628) to work on /mnt/d/Project/airflow-news/venv/lib/python3.12/site-packages/airflow/example_dags/example_time_delta_sensor_async.py
[2024-12-23T05:59:16.639+0700] {processor.py:914} INFO - Processing file /mnt/d/Project/airflow-news/venv/lib/python3.12/site-packages/airflow/example_dags/example_time_delta_sensor_async.py for tasks to queue
[2024-12-23T05:59:16.645+0700] {logging_mixin.py:190} INFO - [2024-12-23T05:59:16.644+0700] {dagbag.py:588} INFO - Filling up the DagBag from /mnt/d/Project/airflow-news/venv/lib/python3.12/site-packages/airflow/example_dags/example_time_delta_sensor_async.py
[2024-12-23T05:59:16.731+0700] {processor.py:925} INFO - DAG(s) 'example_time_delta_sensor_async' retrieved from /mnt/d/Project/airflow-news/venv/lib/python3.12/site-packages/airflow/example_dags/example_time_delta_sensor_async.py
[2024-12-23T05:59:16.765+0700] {logging_mixin.py:190} INFO - [2024-12-23T05:59:16.764+0700] {dag.py:3239} INFO - Sync 1 DAGs
[2024-12-23T05:59:16.782+0700] {logging_mixin.py:190} INFO - [2024-12-23T05:59:16.780+0700] {dag.py:4180} INFO - Setting next_dagrun for example_time_delta_sensor_async to None, run_after=None
[2024-12-23T05:59:16.850+0700] {processor.py:208} INFO - Processing /mnt/d/Project/airflow-news/venv/lib/python3.12/site-packages/airflow/example_dags/example_time_delta_sensor_async.py took 0.229 seconds
[2024-12-23T06:00:21.237+0700] {processor.py:186} INFO - Started process (PID=2814) to work on /mnt/d/Project/airflow-news/venv/lib/python3.12/site-packages/airflow/example_dags/example_time_delta_sensor_async.py
[2024-12-23T06:00:21.242+0700] {processor.py:914} INFO - Processing file /mnt/d/Project/airflow-news/venv/lib/python3.12/site-packages/airflow/example_dags/example_time_delta_sensor_async.py for tasks to queue
[2024-12-23T06:00:21.250+0700] {logging_mixin.py:190} INFO - [2024-12-23T06:00:21.247+0700] {dagbag.py:588} INFO - Filling up the DagBag from /mnt/d/Project/airflow-news/venv/lib/python3.12/site-packages/airflow/example_dags/example_time_delta_sensor_async.py
[2024-12-23T06:00:21.407+0700] {processor.py:925} INFO - DAG(s) 'example_time_delta_sensor_async' retrieved from /mnt/d/Project/airflow-news/venv/lib/python3.12/site-packages/airflow/example_dags/example_time_delta_sensor_async.py
[2024-12-23T06:00:21.469+0700] {logging_mixin.py:190} INFO - [2024-12-23T06:00:21.466+0700] {dag.py:3239} INFO - Sync 1 DAGs
[2024-12-23T06:00:21.519+0700] {logging_mixin.py:190} INFO - [2024-12-23T06:00:21.517+0700] {dag.py:4180} INFO - Setting next_dagrun for example_time_delta_sensor_async to None, run_after=None
[2024-12-23T06:00:21.659+0700] {processor.py:208} INFO - Processing /mnt/d/Project/airflow-news/venv/lib/python3.12/site-packages/airflow/example_dags/example_time_delta_sensor_async.py took 0.453 seconds
[2024-12-23T06:01:01.232+0700] {processor.py:186} INFO - Started process (PID=2917) to work on /mnt/d/Project/airflow-news/venv/lib/python3.12/site-packages/airflow/example_dags/example_time_delta_sensor_async.py
[2024-12-23T06:01:01.235+0700] {processor.py:914} INFO - Processing file /mnt/d/Project/airflow-news/venv/lib/python3.12/site-packages/airflow/example_dags/example_time_delta_sensor_async.py for tasks to queue
[2024-12-23T06:01:01.240+0700] {logging_mixin.py:190} INFO - [2024-12-23T06:01:01.238+0700] {dagbag.py:588} INFO - Filling up the DagBag from /mnt/d/Project/airflow-news/venv/lib/python3.12/site-packages/airflow/example_dags/example_time_delta_sensor_async.py
[2024-12-23T06:01:01.341+0700] {processor.py:925} INFO - DAG(s) 'example_time_delta_sensor_async' retrieved from /mnt/d/Project/airflow-news/venv/lib/python3.12/site-packages/airflow/example_dags/example_time_delta_sensor_async.py
[2024-12-23T06:01:01.383+0700] {logging_mixin.py:190} INFO - [2024-12-23T06:01:01.381+0700] {dag.py:3239} INFO - Sync 1 DAGs
[2024-12-23T06:01:01.545+0700] {logging_mixin.py:190} INFO - [2024-12-23T06:01:01.543+0700] {dag.py:4180} INFO - Setting next_dagrun for example_time_delta_sensor_async to None, run_after=None
[2024-12-23T06:01:01.620+0700] {processor.py:208} INFO - Processing /mnt/d/Project/airflow-news/venv/lib/python3.12/site-packages/airflow/example_dags/example_time_delta_sensor_async.py took 0.402 seconds
[2024-12-23T06:02:05.979+0700] {processor.py:186} INFO - Started process (PID=3062) to work on /mnt/d/Project/airflow-news/venv/lib/python3.12/site-packages/airflow/example_dags/example_time_delta_sensor_async.py
[2024-12-23T06:02:05.982+0700] {processor.py:914} INFO - Processing file /mnt/d/Project/airflow-news/venv/lib/python3.12/site-packages/airflow/example_dags/example_time_delta_sensor_async.py for tasks to queue
[2024-12-23T06:02:05.987+0700] {logging_mixin.py:190} INFO - [2024-12-23T06:02:05.985+0700] {dagbag.py:588} INFO - Filling up the DagBag from /mnt/d/Project/airflow-news/venv/lib/python3.12/site-packages/airflow/example_dags/example_time_delta_sensor_async.py
[2024-12-23T06:02:06.098+0700] {processor.py:925} INFO - DAG(s) 'example_time_delta_sensor_async' retrieved from /mnt/d/Project/airflow-news/venv/lib/python3.12/site-packages/airflow/example_dags/example_time_delta_sensor_async.py
[2024-12-23T06:02:06.138+0700] {logging_mixin.py:190} INFO - [2024-12-23T06:02:06.137+0700] {dag.py:3239} INFO - Sync 1 DAGs
[2024-12-23T06:02:06.179+0700] {logging_mixin.py:190} INFO - [2024-12-23T06:02:06.177+0700] {dag.py:4180} INFO - Setting next_dagrun for example_time_delta_sensor_async to None, run_after=None
[2024-12-23T06:02:06.317+0700] {processor.py:208} INFO - Processing /mnt/d/Project/airflow-news/venv/lib/python3.12/site-packages/airflow/example_dags/example_time_delta_sensor_async.py took 0.357 seconds
[2024-12-23T06:03:04.410+0700] {processor.py:186} INFO - Started process (PID=3147) to work on /mnt/d/Project/airflow-news/venv/lib/python3.12/site-packages/airflow/example_dags/example_time_delta_sensor_async.py
[2024-12-23T06:03:04.413+0700] {processor.py:914} INFO - Processing file /mnt/d/Project/airflow-news/venv/lib/python3.12/site-packages/airflow/example_dags/example_time_delta_sensor_async.py for tasks to queue
[2024-12-23T06:03:04.420+0700] {logging_mixin.py:190} INFO - [2024-12-23T06:03:04.417+0700] {dagbag.py:588} INFO - Filling up the DagBag from /mnt/d/Project/airflow-news/venv/lib/python3.12/site-packages/airflow/example_dags/example_time_delta_sensor_async.py
[2024-12-23T06:03:04.533+0700] {processor.py:925} INFO - DAG(s) 'example_time_delta_sensor_async' retrieved from /mnt/d/Project/airflow-news/venv/lib/python3.12/site-packages/airflow/example_dags/example_time_delta_sensor_async.py
[2024-12-23T06:03:04.591+0700] {logging_mixin.py:190} INFO - [2024-12-23T06:03:04.589+0700] {dag.py:3239} INFO - Sync 1 DAGs
[2024-12-23T06:03:04.622+0700] {logging_mixin.py:190} INFO - [2024-12-23T06:03:04.621+0700] {dag.py:4180} INFO - Setting next_dagrun for example_time_delta_sensor_async to None, run_after=None
[2024-12-23T06:03:04.726+0700] {processor.py:208} INFO - Processing /mnt/d/Project/airflow-news/venv/lib/python3.12/site-packages/airflow/example_dags/example_time_delta_sensor_async.py took 0.349 seconds
[2024-12-23T06:04:18.020+0700] {processor.py:186} INFO - Started process (PID=3386) to work on /mnt/d/Project/airflow-news/venv/lib/python3.12/site-packages/airflow/example_dags/example_time_delta_sensor_async.py
[2024-12-23T06:04:18.024+0700] {processor.py:914} INFO - Processing file /mnt/d/Project/airflow-news/venv/lib/python3.12/site-packages/airflow/example_dags/example_time_delta_sensor_async.py for tasks to queue
[2024-12-23T06:04:18.030+0700] {logging_mixin.py:190} INFO - [2024-12-23T06:04:18.029+0700] {dagbag.py:588} INFO - Filling up the DagBag from /mnt/d/Project/airflow-news/venv/lib/python3.12/site-packages/airflow/example_dags/example_time_delta_sensor_async.py
[2024-12-23T06:04:18.166+0700] {processor.py:925} INFO - DAG(s) 'example_time_delta_sensor_async' retrieved from /mnt/d/Project/airflow-news/venv/lib/python3.12/site-packages/airflow/example_dags/example_time_delta_sensor_async.py
[2024-12-23T06:04:18.214+0700] {logging_mixin.py:190} INFO - [2024-12-23T06:04:18.212+0700] {dag.py:3239} INFO - Sync 1 DAGs
[2024-12-23T06:04:18.246+0700] {logging_mixin.py:190} INFO - [2024-12-23T06:04:18.244+0700] {dag.py:4180} INFO - Setting next_dagrun for example_time_delta_sensor_async to None, run_after=None
[2024-12-23T06:04:18.340+0700] {processor.py:208} INFO - Processing /mnt/d/Project/airflow-news/venv/lib/python3.12/site-packages/airflow/example_dags/example_time_delta_sensor_async.py took 0.357 seconds
[2024-12-23T06:06:20.961+0700] {processor.py:186} INFO - Started process (PID=3662) to work on /mnt/d/Project/airflow-news/venv/lib/python3.12/site-packages/airflow/example_dags/example_time_delta_sensor_async.py
[2024-12-23T06:06:20.963+0700] {processor.py:914} INFO - Processing file /mnt/d/Project/airflow-news/venv/lib/python3.12/site-packages/airflow/example_dags/example_time_delta_sensor_async.py for tasks to queue
[2024-12-23T06:06:20.970+0700] {logging_mixin.py:190} INFO - [2024-12-23T06:06:20.968+0700] {dagbag.py:588} INFO - Filling up the DagBag from /mnt/d/Project/airflow-news/venv/lib/python3.12/site-packages/airflow/example_dags/example_time_delta_sensor_async.py
[2024-12-23T06:06:21.072+0700] {processor.py:925} INFO - DAG(s) 'example_time_delta_sensor_async' retrieved from /mnt/d/Project/airflow-news/venv/lib/python3.12/site-packages/airflow/example_dags/example_time_delta_sensor_async.py
[2024-12-23T06:06:21.117+0700] {logging_mixin.py:190} INFO - [2024-12-23T06:06:21.115+0700] {dag.py:3239} INFO - Sync 1 DAGs
[2024-12-23T06:06:21.143+0700] {logging_mixin.py:190} INFO - [2024-12-23T06:06:21.141+0700] {dag.py:4180} INFO - Setting next_dagrun for example_time_delta_sensor_async to None, run_after=None
[2024-12-23T06:06:21.233+0700] {processor.py:208} INFO - Processing /mnt/d/Project/airflow-news/venv/lib/python3.12/site-packages/airflow/example_dags/example_time_delta_sensor_async.py took 0.299 seconds
[2024-12-23T06:07:09.850+0700] {processor.py:186} INFO - Started process (PID=3792) to work on /mnt/d/Project/airflow-news/venv/lib/python3.12/site-packages/airflow/example_dags/example_time_delta_sensor_async.py
[2024-12-23T06:07:09.853+0700] {processor.py:914} INFO - Processing file /mnt/d/Project/airflow-news/venv/lib/python3.12/site-packages/airflow/example_dags/example_time_delta_sensor_async.py for tasks to queue
[2024-12-23T06:07:09.859+0700] {logging_mixin.py:190} INFO - [2024-12-23T06:07:09.857+0700] {dagbag.py:588} INFO - Filling up the DagBag from /mnt/d/Project/airflow-news/venv/lib/python3.12/site-packages/airflow/example_dags/example_time_delta_sensor_async.py
[2024-12-23T06:07:09.949+0700] {processor.py:925} INFO - DAG(s) 'example_time_delta_sensor_async' retrieved from /mnt/d/Project/airflow-news/venv/lib/python3.12/site-packages/airflow/example_dags/example_time_delta_sensor_async.py
[2024-12-23T06:07:10.004+0700] {logging_mixin.py:190} INFO - [2024-12-23T06:07:10.002+0700] {dag.py:3239} INFO - Sync 1 DAGs
[2024-12-23T06:07:10.028+0700] {logging_mixin.py:190} INFO - [2024-12-23T06:07:10.027+0700] {dag.py:4180} INFO - Setting next_dagrun for example_time_delta_sensor_async to None, run_after=None
[2024-12-23T06:07:10.107+0700] {processor.py:208} INFO - Processing /mnt/d/Project/airflow-news/venv/lib/python3.12/site-packages/airflow/example_dags/example_time_delta_sensor_async.py took 0.273 seconds
[2024-12-23T06:08:20.808+0700] {processor.py:186} INFO - Started process (PID=4005) to work on /mnt/d/Project/airflow-news/venv/lib/python3.12/site-packages/airflow/example_dags/example_time_delta_sensor_async.py
[2024-12-23T06:08:20.811+0700] {processor.py:914} INFO - Processing file /mnt/d/Project/airflow-news/venv/lib/python3.12/site-packages/airflow/example_dags/example_time_delta_sensor_async.py for tasks to queue
[2024-12-23T06:08:20.817+0700] {logging_mixin.py:190} INFO - [2024-12-23T06:08:20.815+0700] {dagbag.py:588} INFO - Filling up the DagBag from /mnt/d/Project/airflow-news/venv/lib/python3.12/site-packages/airflow/example_dags/example_time_delta_sensor_async.py
[2024-12-23T06:08:20.885+0700] {processor.py:925} INFO - DAG(s) 'example_time_delta_sensor_async' retrieved from /mnt/d/Project/airflow-news/venv/lib/python3.12/site-packages/airflow/example_dags/example_time_delta_sensor_async.py
[2024-12-23T06:08:20.926+0700] {logging_mixin.py:190} INFO - [2024-12-23T06:08:20.925+0700] {dag.py:3239} INFO - Sync 1 DAGs
[2024-12-23T06:08:20.951+0700] {logging_mixin.py:190} INFO - [2024-12-23T06:08:20.950+0700] {dag.py:4180} INFO - Setting next_dagrun for example_time_delta_sensor_async to None, run_after=None
[2024-12-23T06:08:21.051+0700] {processor.py:208} INFO - Processing /mnt/d/Project/airflow-news/venv/lib/python3.12/site-packages/airflow/example_dags/example_time_delta_sensor_async.py took 0.273 seconds
[2024-12-23T06:08:31.219+0700] {processor.py:186} INFO - Started process (PID=4028) to work on /mnt/d/Project/airflow-news/venv/lib/python3.12/site-packages/airflow/example_dags/example_time_delta_sensor_async.py
[2024-12-23T06:08:31.221+0700] {processor.py:914} INFO - Processing file /mnt/d/Project/airflow-news/venv/lib/python3.12/site-packages/airflow/example_dags/example_time_delta_sensor_async.py for tasks to queue
[2024-12-23T06:08:31.228+0700] {logging_mixin.py:190} INFO - [2024-12-23T06:08:31.226+0700] {dagbag.py:588} INFO - Filling up the DagBag from /mnt/d/Project/airflow-news/venv/lib/python3.12/site-packages/airflow/example_dags/example_time_delta_sensor_async.py
[2024-12-23T06:08:31.332+0700] {processor.py:925} INFO - DAG(s) 'example_time_delta_sensor_async' retrieved from /mnt/d/Project/airflow-news/venv/lib/python3.12/site-packages/airflow/example_dags/example_time_delta_sensor_async.py
[2024-12-23T06:08:31.370+0700] {logging_mixin.py:190} INFO - [2024-12-23T06:08:31.368+0700] {dag.py:3239} INFO - Sync 1 DAGs
[2024-12-23T06:08:31.392+0700] {logging_mixin.py:190} INFO - [2024-12-23T06:08:31.391+0700] {dag.py:4180} INFO - Setting next_dagrun for example_time_delta_sensor_async to None, run_after=None
[2024-12-23T06:08:31.473+0700] {processor.py:208} INFO - Processing /mnt/d/Project/airflow-news/venv/lib/python3.12/site-packages/airflow/example_dags/example_time_delta_sensor_async.py took 0.272 seconds
[2024-12-23T06:11:20.520+0700] {processor.py:186} INFO - Started process (PID=4437) to work on /mnt/d/Project/airflow-news/venv/lib/python3.12/site-packages/airflow/example_dags/example_time_delta_sensor_async.py
[2024-12-23T06:11:20.523+0700] {processor.py:914} INFO - Processing file /mnt/d/Project/airflow-news/venv/lib/python3.12/site-packages/airflow/example_dags/example_time_delta_sensor_async.py for tasks to queue
[2024-12-23T06:11:20.527+0700] {logging_mixin.py:190} INFO - [2024-12-23T06:11:20.525+0700] {dagbag.py:588} INFO - Filling up the DagBag from /mnt/d/Project/airflow-news/venv/lib/python3.12/site-packages/airflow/example_dags/example_time_delta_sensor_async.py
[2024-12-23T06:11:20.567+0700] {processor.py:925} INFO - DAG(s) 'example_time_delta_sensor_async' retrieved from /mnt/d/Project/airflow-news/venv/lib/python3.12/site-packages/airflow/example_dags/example_time_delta_sensor_async.py
[2024-12-23T06:11:20.645+0700] {logging_mixin.py:190} INFO - [2024-12-23T06:11:20.643+0700] {dag.py:3239} INFO - Sync 1 DAGs
[2024-12-23T06:11:20.672+0700] {logging_mixin.py:190} INFO - [2024-12-23T06:11:20.670+0700] {dag.py:4180} INFO - Setting next_dagrun for example_time_delta_sensor_async to None, run_after=None
[2024-12-23T06:11:20.771+0700] {processor.py:208} INFO - Processing /mnt/d/Project/airflow-news/venv/lib/python3.12/site-packages/airflow/example_dags/example_time_delta_sensor_async.py took 0.273 seconds
[2024-12-23T06:11:38.973+0700] {processor.py:186} INFO - Started process (PID=4477) to work on /mnt/d/Project/airflow-news/venv/lib/python3.12/site-packages/airflow/example_dags/example_time_delta_sensor_async.py
[2024-12-23T06:11:38.975+0700] {processor.py:914} INFO - Processing file /mnt/d/Project/airflow-news/venv/lib/python3.12/site-packages/airflow/example_dags/example_time_delta_sensor_async.py for tasks to queue
[2024-12-23T06:11:38.981+0700] {logging_mixin.py:190} INFO - [2024-12-23T06:11:38.979+0700] {dagbag.py:588} INFO - Filling up the DagBag from /mnt/d/Project/airflow-news/venv/lib/python3.12/site-packages/airflow/example_dags/example_time_delta_sensor_async.py
[2024-12-23T06:11:39.074+0700] {processor.py:925} INFO - DAG(s) 'example_time_delta_sensor_async' retrieved from /mnt/d/Project/airflow-news/venv/lib/python3.12/site-packages/airflow/example_dags/example_time_delta_sensor_async.py
[2024-12-23T06:11:39.124+0700] {logging_mixin.py:190} INFO - [2024-12-23T06:11:39.122+0700] {dag.py:3239} INFO - Sync 1 DAGs
[2024-12-23T06:11:39.154+0700] {logging_mixin.py:190} INFO - [2024-12-23T06:11:39.152+0700] {dag.py:4180} INFO - Setting next_dagrun for example_time_delta_sensor_async to None, run_after=None
[2024-12-23T06:11:39.234+0700] {processor.py:208} INFO - Processing /mnt/d/Project/airflow-news/venv/lib/python3.12/site-packages/airflow/example_dags/example_time_delta_sensor_async.py took 0.284 seconds
[2024-12-23T06:12:40.286+0700] {processor.py:186} INFO - Started process (PID=4651) to work on /mnt/d/Project/airflow-news/venv/lib/python3.12/site-packages/airflow/example_dags/example_time_delta_sensor_async.py
[2024-12-23T06:12:40.288+0700] {processor.py:914} INFO - Processing file /mnt/d/Project/airflow-news/venv/lib/python3.12/site-packages/airflow/example_dags/example_time_delta_sensor_async.py for tasks to queue
[2024-12-23T06:12:40.291+0700] {logging_mixin.py:190} INFO - [2024-12-23T06:12:40.290+0700] {dagbag.py:588} INFO - Filling up the DagBag from /mnt/d/Project/airflow-news/venv/lib/python3.12/site-packages/airflow/example_dags/example_time_delta_sensor_async.py
[2024-12-23T06:12:40.321+0700] {processor.py:925} INFO - DAG(s) 'example_time_delta_sensor_async' retrieved from /mnt/d/Project/airflow-news/venv/lib/python3.12/site-packages/airflow/example_dags/example_time_delta_sensor_async.py
[2024-12-23T06:12:40.358+0700] {logging_mixin.py:190} INFO - [2024-12-23T06:12:40.357+0700] {dag.py:3239} INFO - Sync 1 DAGs
[2024-12-23T06:12:40.376+0700] {logging_mixin.py:190} INFO - [2024-12-23T06:12:40.375+0700] {dag.py:4180} INFO - Setting next_dagrun for example_time_delta_sensor_async to None, run_after=None
[2024-12-23T06:12:40.448+0700] {processor.py:208} INFO - Processing /mnt/d/Project/airflow-news/venv/lib/python3.12/site-packages/airflow/example_dags/example_time_delta_sensor_async.py took 0.177 seconds
[2024-12-23T06:12:45.338+0700] {processor.py:186} INFO - Started process (PID=4662) to work on /mnt/d/Project/airflow-news/venv/lib/python3.12/site-packages/airflow/example_dags/example_time_delta_sensor_async.py
[2024-12-23T06:12:45.340+0700] {processor.py:914} INFO - Processing file /mnt/d/Project/airflow-news/venv/lib/python3.12/site-packages/airflow/example_dags/example_time_delta_sensor_async.py for tasks to queue
[2024-12-23T06:12:45.345+0700] {logging_mixin.py:190} INFO - [2024-12-23T06:12:45.344+0700] {dagbag.py:588} INFO - Filling up the DagBag from /mnt/d/Project/airflow-news/venv/lib/python3.12/site-packages/airflow/example_dags/example_time_delta_sensor_async.py
[2024-12-23T06:12:45.432+0700] {processor.py:925} INFO - DAG(s) 'example_time_delta_sensor_async' retrieved from /mnt/d/Project/airflow-news/venv/lib/python3.12/site-packages/airflow/example_dags/example_time_delta_sensor_async.py
[2024-12-23T06:12:45.464+0700] {logging_mixin.py:190} INFO - [2024-12-23T06:12:45.463+0700] {dag.py:3239} INFO - Sync 1 DAGs
[2024-12-23T06:12:45.482+0700] {logging_mixin.py:190} INFO - [2024-12-23T06:12:45.481+0700] {dag.py:4180} INFO - Setting next_dagrun for example_time_delta_sensor_async to None, run_after=None
[2024-12-23T06:12:45.555+0700] {processor.py:208} INFO - Processing /mnt/d/Project/airflow-news/venv/lib/python3.12/site-packages/airflow/example_dags/example_time_delta_sensor_async.py took 0.241 seconds
[2024-12-23T06:14:17.170+0700] {processor.py:186} INFO - Started process (PID=4934) to work on /mnt/d/Project/airflow-news/venv/lib/python3.12/site-packages/airflow/example_dags/example_time_delta_sensor_async.py
[2024-12-23T06:14:17.172+0700] {processor.py:914} INFO - Processing file /mnt/d/Project/airflow-news/venv/lib/python3.12/site-packages/airflow/example_dags/example_time_delta_sensor_async.py for tasks to queue
[2024-12-23T06:14:17.177+0700] {logging_mixin.py:190} INFO - [2024-12-23T06:14:17.176+0700] {dagbag.py:588} INFO - Filling up the DagBag from /mnt/d/Project/airflow-news/venv/lib/python3.12/site-packages/airflow/example_dags/example_time_delta_sensor_async.py
[2024-12-23T06:14:17.214+0700] {processor.py:925} INFO - DAG(s) 'example_time_delta_sensor_async' retrieved from /mnt/d/Project/airflow-news/venv/lib/python3.12/site-packages/airflow/example_dags/example_time_delta_sensor_async.py
[2024-12-23T06:14:17.262+0700] {logging_mixin.py:190} INFO - [2024-12-23T06:14:17.260+0700] {dag.py:3239} INFO - Sync 1 DAGs
[2024-12-23T06:14:17.286+0700] {logging_mixin.py:190} INFO - [2024-12-23T06:14:17.285+0700] {dag.py:4180} INFO - Setting next_dagrun for example_time_delta_sensor_async to None, run_after=None
[2024-12-23T06:14:17.376+0700] {processor.py:208} INFO - Processing /mnt/d/Project/airflow-news/venv/lib/python3.12/site-packages/airflow/example_dags/example_time_delta_sensor_async.py took 0.224 seconds
[2024-12-23T06:14:38.188+0700] {processor.py:186} INFO - Started process (PID=4997) to work on /mnt/d/Project/airflow-news/venv/lib/python3.12/site-packages/airflow/example_dags/example_time_delta_sensor_async.py
[2024-12-23T06:14:38.190+0700] {processor.py:914} INFO - Processing file /mnt/d/Project/airflow-news/venv/lib/python3.12/site-packages/airflow/example_dags/example_time_delta_sensor_async.py for tasks to queue
[2024-12-23T06:14:38.195+0700] {logging_mixin.py:190} INFO - [2024-12-23T06:14:38.194+0700] {dagbag.py:588} INFO - Filling up the DagBag from /mnt/d/Project/airflow-news/venv/lib/python3.12/site-packages/airflow/example_dags/example_time_delta_sensor_async.py
[2024-12-23T06:14:38.273+0700] {processor.py:925} INFO - DAG(s) 'example_time_delta_sensor_async' retrieved from /mnt/d/Project/airflow-news/venv/lib/python3.12/site-packages/airflow/example_dags/example_time_delta_sensor_async.py
[2024-12-23T06:14:38.307+0700] {logging_mixin.py:190} INFO - [2024-12-23T06:14:38.306+0700] {dag.py:3239} INFO - Sync 1 DAGs
[2024-12-23T06:14:38.327+0700] {logging_mixin.py:190} INFO - [2024-12-23T06:14:38.325+0700] {dag.py:4180} INFO - Setting next_dagrun for example_time_delta_sensor_async to None, run_after=None
[2024-12-23T06:14:38.397+0700] {processor.py:208} INFO - Processing /mnt/d/Project/airflow-news/venv/lib/python3.12/site-packages/airflow/example_dags/example_time_delta_sensor_async.py took 0.230 seconds
[2024-12-23T06:16:59.803+0700] {processor.py:186} INFO - Started process (PID=5373) to work on /mnt/d/Project/airflow-news/venv/lib/python3.12/site-packages/airflow/example_dags/example_time_delta_sensor_async.py
[2024-12-23T06:16:59.805+0700] {processor.py:914} INFO - Processing file /mnt/d/Project/airflow-news/venv/lib/python3.12/site-packages/airflow/example_dags/example_time_delta_sensor_async.py for tasks to queue
[2024-12-23T06:16:59.809+0700] {logging_mixin.py:190} INFO - [2024-12-23T06:16:59.807+0700] {dagbag.py:588} INFO - Filling up the DagBag from /mnt/d/Project/airflow-news/venv/lib/python3.12/site-packages/airflow/example_dags/example_time_delta_sensor_async.py
[2024-12-23T06:16:59.837+0700] {processor.py:925} INFO - DAG(s) 'example_time_delta_sensor_async' retrieved from /mnt/d/Project/airflow-news/venv/lib/python3.12/site-packages/airflow/example_dags/example_time_delta_sensor_async.py
[2024-12-23T06:16:59.874+0700] {logging_mixin.py:190} INFO - [2024-12-23T06:16:59.873+0700] {dag.py:3239} INFO - Sync 1 DAGs
[2024-12-23T06:16:59.892+0700] {logging_mixin.py:190} INFO - [2024-12-23T06:16:59.890+0700] {dag.py:4180} INFO - Setting next_dagrun for example_time_delta_sensor_async to None, run_after=None
[2024-12-23T06:16:59.978+0700] {processor.py:208} INFO - Processing /mnt/d/Project/airflow-news/venv/lib/python3.12/site-packages/airflow/example_dags/example_time_delta_sensor_async.py took 0.190 seconds
[2024-12-23T06:17:12.782+0700] {processor.py:186} INFO - Started process (PID=5408) to work on /mnt/d/Project/airflow-news/venv/lib/python3.12/site-packages/airflow/example_dags/example_time_delta_sensor_async.py
[2024-12-23T06:17:12.784+0700] {processor.py:914} INFO - Processing file /mnt/d/Project/airflow-news/venv/lib/python3.12/site-packages/airflow/example_dags/example_time_delta_sensor_async.py for tasks to queue
[2024-12-23T06:17:12.790+0700] {logging_mixin.py:190} INFO - [2024-12-23T06:17:12.788+0700] {dagbag.py:588} INFO - Filling up the DagBag from /mnt/d/Project/airflow-news/venv/lib/python3.12/site-packages/airflow/example_dags/example_time_delta_sensor_async.py
[2024-12-23T06:17:12.890+0700] {processor.py:925} INFO - DAG(s) 'example_time_delta_sensor_async' retrieved from /mnt/d/Project/airflow-news/venv/lib/python3.12/site-packages/airflow/example_dags/example_time_delta_sensor_async.py
[2024-12-23T06:17:12.943+0700] {logging_mixin.py:190} INFO - [2024-12-23T06:17:12.942+0700] {dag.py:3239} INFO - Sync 1 DAGs
[2024-12-23T06:17:12.967+0700] {logging_mixin.py:190} INFO - [2024-12-23T06:17:12.965+0700] {dag.py:4180} INFO - Setting next_dagrun for example_time_delta_sensor_async to None, run_after=None
[2024-12-23T06:17:13.057+0700] {processor.py:208} INFO - Processing /mnt/d/Project/airflow-news/venv/lib/python3.12/site-packages/airflow/example_dags/example_time_delta_sensor_async.py took 0.302 seconds
[2024-12-23T06:18:28.774+0700] {processor.py:186} INFO - Started process (PID=5630) to work on /mnt/d/Project/airflow-news/venv/lib/python3.12/site-packages/airflow/example_dags/example_time_delta_sensor_async.py
[2024-12-23T06:18:28.779+0700] {processor.py:914} INFO - Processing file /mnt/d/Project/airflow-news/venv/lib/python3.12/site-packages/airflow/example_dags/example_time_delta_sensor_async.py for tasks to queue
[2024-12-23T06:18:28.784+0700] {logging_mixin.py:190} INFO - [2024-12-23T06:18:28.782+0700] {dagbag.py:588} INFO - Filling up the DagBag from /mnt/d/Project/airflow-news/venv/lib/python3.12/site-packages/airflow/example_dags/example_time_delta_sensor_async.py
[2024-12-23T06:18:28.817+0700] {processor.py:925} INFO - DAG(s) 'example_time_delta_sensor_async' retrieved from /mnt/d/Project/airflow-news/venv/lib/python3.12/site-packages/airflow/example_dags/example_time_delta_sensor_async.py
[2024-12-23T06:18:28.855+0700] {logging_mixin.py:190} INFO - [2024-12-23T06:18:28.854+0700] {dag.py:3239} INFO - Sync 1 DAGs
[2024-12-23T06:18:28.874+0700] {logging_mixin.py:190} INFO - [2024-12-23T06:18:28.873+0700] {dag.py:4180} INFO - Setting next_dagrun for example_time_delta_sensor_async to None, run_after=None
[2024-12-23T06:18:28.944+0700] {processor.py:208} INFO - Processing /mnt/d/Project/airflow-news/venv/lib/python3.12/site-packages/airflow/example_dags/example_time_delta_sensor_async.py took 0.189 seconds
[2024-12-23T06:18:41.473+0700] {processor.py:186} INFO - Started process (PID=5661) to work on /mnt/d/Project/airflow-news/venv/lib/python3.12/site-packages/airflow/example_dags/example_time_delta_sensor_async.py
[2024-12-23T06:18:41.475+0700] {processor.py:914} INFO - Processing file /mnt/d/Project/airflow-news/venv/lib/python3.12/site-packages/airflow/example_dags/example_time_delta_sensor_async.py for tasks to queue
[2024-12-23T06:18:41.481+0700] {logging_mixin.py:190} INFO - [2024-12-23T06:18:41.479+0700] {dagbag.py:588} INFO - Filling up the DagBag from /mnt/d/Project/airflow-news/venv/lib/python3.12/site-packages/airflow/example_dags/example_time_delta_sensor_async.py
[2024-12-23T06:18:41.583+0700] {processor.py:925} INFO - DAG(s) 'example_time_delta_sensor_async' retrieved from /mnt/d/Project/airflow-news/venv/lib/python3.12/site-packages/airflow/example_dags/example_time_delta_sensor_async.py
[2024-12-23T06:18:41.621+0700] {logging_mixin.py:190} INFO - [2024-12-23T06:18:41.620+0700] {dag.py:3239} INFO - Sync 1 DAGs
[2024-12-23T06:18:41.642+0700] {logging_mixin.py:190} INFO - [2024-12-23T06:18:41.640+0700] {dag.py:4180} INFO - Setting next_dagrun for example_time_delta_sensor_async to None, run_after=None
[2024-12-23T06:18:41.740+0700] {processor.py:208} INFO - Processing /mnt/d/Project/airflow-news/venv/lib/python3.12/site-packages/airflow/example_dags/example_time_delta_sensor_async.py took 0.292 seconds
[2024-12-23T06:19:58.795+0700] {processor.py:186} INFO - Started process (PID=5882) to work on /mnt/d/Project/airflow-news/venv/lib/python3.12/site-packages/airflow/example_dags/example_time_delta_sensor_async.py
[2024-12-23T06:19:58.797+0700] {processor.py:914} INFO - Processing file /mnt/d/Project/airflow-news/venv/lib/python3.12/site-packages/airflow/example_dags/example_time_delta_sensor_async.py for tasks to queue
[2024-12-23T06:19:58.800+0700] {logging_mixin.py:190} INFO - [2024-12-23T06:19:58.799+0700] {dagbag.py:588} INFO - Filling up the DagBag from /mnt/d/Project/airflow-news/venv/lib/python3.12/site-packages/airflow/example_dags/example_time_delta_sensor_async.py
[2024-12-23T06:19:58.827+0700] {processor.py:925} INFO - DAG(s) 'example_time_delta_sensor_async' retrieved from /mnt/d/Project/airflow-news/venv/lib/python3.12/site-packages/airflow/example_dags/example_time_delta_sensor_async.py
[2024-12-23T06:19:58.864+0700] {logging_mixin.py:190} INFO - [2024-12-23T06:19:58.862+0700] {dag.py:3239} INFO - Sync 1 DAGs
[2024-12-23T06:19:58.881+0700] {logging_mixin.py:190} INFO - [2024-12-23T06:19:58.880+0700] {dag.py:4180} INFO - Setting next_dagrun for example_time_delta_sensor_async to None, run_after=None
[2024-12-23T06:19:58.954+0700] {processor.py:208} INFO - Processing /mnt/d/Project/airflow-news/venv/lib/python3.12/site-packages/airflow/example_dags/example_time_delta_sensor_async.py took 0.173 seconds
[2024-12-23T06:20:31.919+0700] {processor.py:186} INFO - Started process (PID=5989) to work on /mnt/d/Project/airflow-news/venv/lib/python3.12/site-packages/airflow/example_dags/example_time_delta_sensor_async.py
[2024-12-23T06:20:31.922+0700] {processor.py:914} INFO - Processing file /mnt/d/Project/airflow-news/venv/lib/python3.12/site-packages/airflow/example_dags/example_time_delta_sensor_async.py for tasks to queue
[2024-12-23T06:20:31.926+0700] {logging_mixin.py:190} INFO - [2024-12-23T06:20:31.925+0700] {dagbag.py:588} INFO - Filling up the DagBag from /mnt/d/Project/airflow-news/venv/lib/python3.12/site-packages/airflow/example_dags/example_time_delta_sensor_async.py
[2024-12-23T06:20:32.017+0700] {processor.py:925} INFO - DAG(s) 'example_time_delta_sensor_async' retrieved from /mnt/d/Project/airflow-news/venv/lib/python3.12/site-packages/airflow/example_dags/example_time_delta_sensor_async.py
[2024-12-23T06:20:32.056+0700] {logging_mixin.py:190} INFO - [2024-12-23T06:20:32.055+0700] {dag.py:3239} INFO - Sync 1 DAGs
[2024-12-23T06:20:32.076+0700] {logging_mixin.py:190} INFO - [2024-12-23T06:20:32.075+0700] {dag.py:4180} INFO - Setting next_dagrun for example_time_delta_sensor_async to None, run_after=None
[2024-12-23T06:20:32.163+0700] {processor.py:208} INFO - Processing /mnt/d/Project/airflow-news/venv/lib/python3.12/site-packages/airflow/example_dags/example_time_delta_sensor_async.py took 0.270 seconds
[2024-12-23T06:22:32.921+0700] {processor.py:186} INFO - Started process (PID=6301) to work on /mnt/d/Project/airflow-news/venv/lib/python3.12/site-packages/airflow/example_dags/example_time_delta_sensor_async.py
[2024-12-23T06:22:32.923+0700] {processor.py:914} INFO - Processing file /mnt/d/Project/airflow-news/venv/lib/python3.12/site-packages/airflow/example_dags/example_time_delta_sensor_async.py for tasks to queue
[2024-12-23T06:22:32.927+0700] {logging_mixin.py:190} INFO - [2024-12-23T06:22:32.926+0700] {dagbag.py:588} INFO - Filling up the DagBag from /mnt/d/Project/airflow-news/venv/lib/python3.12/site-packages/airflow/example_dags/example_time_delta_sensor_async.py
[2024-12-23T06:22:33.007+0700] {processor.py:925} INFO - DAG(s) 'example_time_delta_sensor_async' retrieved from /mnt/d/Project/airflow-news/venv/lib/python3.12/site-packages/airflow/example_dags/example_time_delta_sensor_async.py
[2024-12-23T06:22:33.043+0700] {logging_mixin.py:190} INFO - [2024-12-23T06:22:33.041+0700] {dag.py:3239} INFO - Sync 1 DAGs
[2024-12-23T06:22:33.065+0700] {logging_mixin.py:190} INFO - [2024-12-23T06:22:33.064+0700] {dag.py:4180} INFO - Setting next_dagrun for example_time_delta_sensor_async to None, run_after=None
[2024-12-23T06:22:33.143+0700] {processor.py:208} INFO - Processing /mnt/d/Project/airflow-news/venv/lib/python3.12/site-packages/airflow/example_dags/example_time_delta_sensor_async.py took 0.243 seconds
[2024-12-23T06:22:34.596+0700] {processor.py:186} INFO - Started process (PID=6306) to work on /mnt/d/Project/airflow-news/venv/lib/python3.12/site-packages/airflow/example_dags/example_time_delta_sensor_async.py
[2024-12-23T06:22:34.598+0700] {processor.py:914} INFO - Processing file /mnt/d/Project/airflow-news/venv/lib/python3.12/site-packages/airflow/example_dags/example_time_delta_sensor_async.py for tasks to queue
[2024-12-23T06:22:34.603+0700] {logging_mixin.py:190} INFO - [2024-12-23T06:22:34.602+0700] {dagbag.py:588} INFO - Filling up the DagBag from /mnt/d/Project/airflow-news/venv/lib/python3.12/site-packages/airflow/example_dags/example_time_delta_sensor_async.py
[2024-12-23T06:22:34.700+0700] {processor.py:925} INFO - DAG(s) 'example_time_delta_sensor_async' retrieved from /mnt/d/Project/airflow-news/venv/lib/python3.12/site-packages/airflow/example_dags/example_time_delta_sensor_async.py
[2024-12-23T06:22:34.754+0700] {logging_mixin.py:190} INFO - [2024-12-23T06:22:34.753+0700] {dag.py:3239} INFO - Sync 1 DAGs
[2024-12-23T06:22:34.777+0700] {logging_mixin.py:190} INFO - [2024-12-23T06:22:34.775+0700] {dag.py:4180} INFO - Setting next_dagrun for example_time_delta_sensor_async to None, run_after=None
[2024-12-23T06:22:34.849+0700] {processor.py:208} INFO - Processing /mnt/d/Project/airflow-news/venv/lib/python3.12/site-packages/airflow/example_dags/example_time_delta_sensor_async.py took 0.267 seconds
[2024-12-23T06:23:56.027+0700] {processor.py:186} INFO - Started process (PID=6563) to work on /mnt/d/Project/airflow-news/venv/lib/python3.12/site-packages/airflow/example_dags/example_time_delta_sensor_async.py
[2024-12-23T06:23:56.029+0700] {processor.py:914} INFO - Processing file /mnt/d/Project/airflow-news/venv/lib/python3.12/site-packages/airflow/example_dags/example_time_delta_sensor_async.py for tasks to queue
[2024-12-23T06:23:56.034+0700] {logging_mixin.py:190} INFO - [2024-12-23T06:23:56.032+0700] {dagbag.py:588} INFO - Filling up the DagBag from /mnt/d/Project/airflow-news/venv/lib/python3.12/site-packages/airflow/example_dags/example_time_delta_sensor_async.py
[2024-12-23T06:23:56.124+0700] {processor.py:925} INFO - DAG(s) 'example_time_delta_sensor_async' retrieved from /mnt/d/Project/airflow-news/venv/lib/python3.12/site-packages/airflow/example_dags/example_time_delta_sensor_async.py
[2024-12-23T06:23:56.161+0700] {logging_mixin.py:190} INFO - [2024-12-23T06:23:56.160+0700] {dag.py:3239} INFO - Sync 1 DAGs
[2024-12-23T06:23:56.180+0700] {logging_mixin.py:190} INFO - [2024-12-23T06:23:56.178+0700] {dag.py:4180} INFO - Setting next_dagrun for example_time_delta_sensor_async to None, run_after=None
[2024-12-23T06:23:56.254+0700] {processor.py:208} INFO - Processing /mnt/d/Project/airflow-news/venv/lib/python3.12/site-packages/airflow/example_dags/example_time_delta_sensor_async.py took 0.244 seconds
[2024-12-23T06:24:24.111+0700] {processor.py:186} INFO - Started process (PID=6649) to work on /mnt/d/Project/airflow-news/venv/lib/python3.12/site-packages/airflow/example_dags/example_time_delta_sensor_async.py
[2024-12-23T06:24:24.113+0700] {processor.py:914} INFO - Processing file /mnt/d/Project/airflow-news/venv/lib/python3.12/site-packages/airflow/example_dags/example_time_delta_sensor_async.py for tasks to queue
[2024-12-23T06:24:24.118+0700] {logging_mixin.py:190} INFO - [2024-12-23T06:24:24.116+0700] {dagbag.py:588} INFO - Filling up the DagBag from /mnt/d/Project/airflow-news/venv/lib/python3.12/site-packages/airflow/example_dags/example_time_delta_sensor_async.py
[2024-12-23T06:24:24.200+0700] {processor.py:925} INFO - DAG(s) 'example_time_delta_sensor_async' retrieved from /mnt/d/Project/airflow-news/venv/lib/python3.12/site-packages/airflow/example_dags/example_time_delta_sensor_async.py
[2024-12-23T06:24:24.234+0700] {logging_mixin.py:190} INFO - [2024-12-23T06:24:24.233+0700] {dag.py:3239} INFO - Sync 1 DAGs
[2024-12-23T06:24:24.255+0700] {logging_mixin.py:190} INFO - [2024-12-23T06:24:24.253+0700] {dag.py:4180} INFO - Setting next_dagrun for example_time_delta_sensor_async to None, run_after=None
[2024-12-23T06:24:24.327+0700] {processor.py:208} INFO - Processing /mnt/d/Project/airflow-news/venv/lib/python3.12/site-packages/airflow/example_dags/example_time_delta_sensor_async.py took 0.236 seconds
[2024-12-23T06:25:22.107+0700] {processor.py:186} INFO - Started process (PID=6842) to work on /mnt/d/Project/airflow-news/venv/lib/python3.12/site-packages/airflow/example_dags/example_time_delta_sensor_async.py
[2024-12-23T06:25:22.110+0700] {processor.py:914} INFO - Processing file /mnt/d/Project/airflow-news/venv/lib/python3.12/site-packages/airflow/example_dags/example_time_delta_sensor_async.py for tasks to queue
[2024-12-23T06:25:22.116+0700] {logging_mixin.py:190} INFO - [2024-12-23T06:25:22.114+0700] {dagbag.py:588} INFO - Filling up the DagBag from /mnt/d/Project/airflow-news/venv/lib/python3.12/site-packages/airflow/example_dags/example_time_delta_sensor_async.py
[2024-12-23T06:25:22.206+0700] {processor.py:925} INFO - DAG(s) 'example_time_delta_sensor_async' retrieved from /mnt/d/Project/airflow-news/venv/lib/python3.12/site-packages/airflow/example_dags/example_time_delta_sensor_async.py
[2024-12-23T06:25:22.240+0700] {logging_mixin.py:190} INFO - [2024-12-23T06:25:22.239+0700] {dag.py:3239} INFO - Sync 1 DAGs
[2024-12-23T06:25:22.258+0700] {logging_mixin.py:190} INFO - [2024-12-23T06:25:22.256+0700] {dag.py:4180} INFO - Setting next_dagrun for example_time_delta_sensor_async to None, run_after=None
[2024-12-23T06:25:22.343+0700] {processor.py:208} INFO - Processing /mnt/d/Project/airflow-news/venv/lib/python3.12/site-packages/airflow/example_dags/example_time_delta_sensor_async.py took 0.250 seconds
[2024-12-23T06:26:11.021+0700] {processor.py:186} INFO - Started process (PID=6982) to work on /mnt/d/Project/airflow-news/venv/lib/python3.12/site-packages/airflow/example_dags/example_time_delta_sensor_async.py
[2024-12-23T06:26:11.023+0700] {processor.py:914} INFO - Processing file /mnt/d/Project/airflow-news/venv/lib/python3.12/site-packages/airflow/example_dags/example_time_delta_sensor_async.py for tasks to queue
[2024-12-23T06:26:11.029+0700] {logging_mixin.py:190} INFO - [2024-12-23T06:26:11.027+0700] {dagbag.py:588} INFO - Filling up the DagBag from /mnt/d/Project/airflow-news/venv/lib/python3.12/site-packages/airflow/example_dags/example_time_delta_sensor_async.py
[2024-12-23T06:26:11.088+0700] {processor.py:925} INFO - DAG(s) 'example_time_delta_sensor_async' retrieved from /mnt/d/Project/airflow-news/venv/lib/python3.12/site-packages/airflow/example_dags/example_time_delta_sensor_async.py
[2024-12-23T06:26:11.121+0700] {logging_mixin.py:190} INFO - [2024-12-23T06:26:11.120+0700] {dag.py:3239} INFO - Sync 1 DAGs
[2024-12-23T06:26:11.141+0700] {logging_mixin.py:190} INFO - [2024-12-23T06:26:11.139+0700] {dag.py:4180} INFO - Setting next_dagrun for example_time_delta_sensor_async to None, run_after=None
[2024-12-23T06:26:11.212+0700] {processor.py:208} INFO - Processing /mnt/d/Project/airflow-news/venv/lib/python3.12/site-packages/airflow/example_dags/example_time_delta_sensor_async.py took 0.217 seconds
[2024-12-23T06:26:55.528+0700] {processor.py:186} INFO - Started process (PID=7126) to work on /mnt/d/Project/airflow-news/venv/lib/python3.12/site-packages/airflow/example_dags/example_time_delta_sensor_async.py
[2024-12-23T06:26:55.530+0700] {processor.py:914} INFO - Processing file /mnt/d/Project/airflow-news/venv/lib/python3.12/site-packages/airflow/example_dags/example_time_delta_sensor_async.py for tasks to queue
[2024-12-23T06:26:55.535+0700] {logging_mixin.py:190} INFO - [2024-12-23T06:26:55.534+0700] {dagbag.py:588} INFO - Filling up the DagBag from /mnt/d/Project/airflow-news/venv/lib/python3.12/site-packages/airflow/example_dags/example_time_delta_sensor_async.py
[2024-12-23T06:26:55.626+0700] {processor.py:925} INFO - DAG(s) 'example_time_delta_sensor_async' retrieved from /mnt/d/Project/airflow-news/venv/lib/python3.12/site-packages/airflow/example_dags/example_time_delta_sensor_async.py
[2024-12-23T06:26:55.664+0700] {logging_mixin.py:190} INFO - [2024-12-23T06:26:55.663+0700] {dag.py:3239} INFO - Sync 1 DAGs
[2024-12-23T06:26:55.689+0700] {logging_mixin.py:190} INFO - [2024-12-23T06:26:55.687+0700] {dag.py:4180} INFO - Setting next_dagrun for example_time_delta_sensor_async to None, run_after=None
[2024-12-23T06:26:55.761+0700] {processor.py:208} INFO - Processing /mnt/d/Project/airflow-news/venv/lib/python3.12/site-packages/airflow/example_dags/example_time_delta_sensor_async.py took 0.249 seconds
[2024-12-23T06:27:58.705+0700] {processor.py:186} INFO - Started process (PID=7300) to work on /mnt/d/Project/airflow-news/venv/lib/python3.12/site-packages/airflow/example_dags/example_time_delta_sensor_async.py
[2024-12-23T06:27:58.707+0700] {processor.py:914} INFO - Processing file /mnt/d/Project/airflow-news/venv/lib/python3.12/site-packages/airflow/example_dags/example_time_delta_sensor_async.py for tasks to queue
[2024-12-23T06:27:58.712+0700] {logging_mixin.py:190} INFO - [2024-12-23T06:27:58.710+0700] {dagbag.py:588} INFO - Filling up the DagBag from /mnt/d/Project/airflow-news/venv/lib/python3.12/site-packages/airflow/example_dags/example_time_delta_sensor_async.py
[2024-12-23T06:27:58.789+0700] {processor.py:925} INFO - DAG(s) 'example_time_delta_sensor_async' retrieved from /mnt/d/Project/airflow-news/venv/lib/python3.12/site-packages/airflow/example_dags/example_time_delta_sensor_async.py
[2024-12-23T06:27:58.821+0700] {logging_mixin.py:190} INFO - [2024-12-23T06:27:58.820+0700] {dag.py:3239} INFO - Sync 1 DAGs
[2024-12-23T06:27:58.841+0700] {logging_mixin.py:190} INFO - [2024-12-23T06:27:58.839+0700] {dag.py:4180} INFO - Setting next_dagrun for example_time_delta_sensor_async to None, run_after=None
[2024-12-23T06:27:58.909+0700] {processor.py:208} INFO - Processing /mnt/d/Project/airflow-news/venv/lib/python3.12/site-packages/airflow/example_dags/example_time_delta_sensor_async.py took 0.226 seconds
[2024-12-23T06:28:33.972+0700] {processor.py:186} INFO - Started process (PID=7399) to work on /mnt/d/Project/airflow-news/venv/lib/python3.12/site-packages/airflow/example_dags/example_time_delta_sensor_async.py
[2024-12-23T06:28:33.974+0700] {processor.py:914} INFO - Processing file /mnt/d/Project/airflow-news/venv/lib/python3.12/site-packages/airflow/example_dags/example_time_delta_sensor_async.py for tasks to queue
[2024-12-23T06:28:33.979+0700] {logging_mixin.py:190} INFO - [2024-12-23T06:28:33.978+0700] {dagbag.py:588} INFO - Filling up the DagBag from /mnt/d/Project/airflow-news/venv/lib/python3.12/site-packages/airflow/example_dags/example_time_delta_sensor_async.py
[2024-12-23T06:28:34.052+0700] {processor.py:925} INFO - DAG(s) 'example_time_delta_sensor_async' retrieved from /mnt/d/Project/airflow-news/venv/lib/python3.12/site-packages/airflow/example_dags/example_time_delta_sensor_async.py
[2024-12-23T06:28:34.085+0700] {logging_mixin.py:190} INFO - [2024-12-23T06:28:34.084+0700] {dag.py:3239} INFO - Sync 1 DAGs
[2024-12-23T06:28:34.106+0700] {logging_mixin.py:190} INFO - [2024-12-23T06:28:34.104+0700] {dag.py:4180} INFO - Setting next_dagrun for example_time_delta_sensor_async to None, run_after=None
[2024-12-23T06:28:34.183+0700] {processor.py:208} INFO - Processing /mnt/d/Project/airflow-news/venv/lib/python3.12/site-packages/airflow/example_dags/example_time_delta_sensor_async.py took 0.223 seconds
[2024-12-23T06:29:44.753+0700] {processor.py:186} INFO - Started process (PID=7621) to work on /mnt/d/Project/airflow-news/venv/lib/python3.12/site-packages/airflow/example_dags/example_time_delta_sensor_async.py
[2024-12-23T06:29:44.755+0700] {processor.py:914} INFO - Processing file /mnt/d/Project/airflow-news/venv/lib/python3.12/site-packages/airflow/example_dags/example_time_delta_sensor_async.py for tasks to queue
[2024-12-23T06:29:44.759+0700] {logging_mixin.py:190} INFO - [2024-12-23T06:29:44.758+0700] {dagbag.py:588} INFO - Filling up the DagBag from /mnt/d/Project/airflow-news/venv/lib/python3.12/site-packages/airflow/example_dags/example_time_delta_sensor_async.py
[2024-12-23T06:29:44.840+0700] {processor.py:925} INFO - DAG(s) 'example_time_delta_sensor_async' retrieved from /mnt/d/Project/airflow-news/venv/lib/python3.12/site-packages/airflow/example_dags/example_time_delta_sensor_async.py
[2024-12-23T06:29:44.876+0700] {logging_mixin.py:190} INFO - [2024-12-23T06:29:44.875+0700] {dag.py:3239} INFO - Sync 1 DAGs
[2024-12-23T06:29:44.896+0700] {logging_mixin.py:190} INFO - [2024-12-23T06:29:44.894+0700] {dag.py:4180} INFO - Setting next_dagrun for example_time_delta_sensor_async to None, run_after=None
[2024-12-23T06:29:44.958+0700] {processor.py:208} INFO - Processing /mnt/d/Project/airflow-news/venv/lib/python3.12/site-packages/airflow/example_dags/example_time_delta_sensor_async.py took 0.227 seconds
[2024-12-23T06:30:00.496+0700] {processor.py:186} INFO - Started process (PID=7657) to work on /mnt/d/Project/airflow-news/venv/lib/python3.12/site-packages/airflow/example_dags/example_time_delta_sensor_async.py
[2024-12-23T06:30:00.498+0700] {processor.py:914} INFO - Processing file /mnt/d/Project/airflow-news/venv/lib/python3.12/site-packages/airflow/example_dags/example_time_delta_sensor_async.py for tasks to queue
[2024-12-23T06:30:00.503+0700] {logging_mixin.py:190} INFO - [2024-12-23T06:30:00.501+0700] {dagbag.py:588} INFO - Filling up the DagBag from /mnt/d/Project/airflow-news/venv/lib/python3.12/site-packages/airflow/example_dags/example_time_delta_sensor_async.py
[2024-12-23T06:30:00.561+0700] {processor.py:925} INFO - DAG(s) 'example_time_delta_sensor_async' retrieved from /mnt/d/Project/airflow-news/venv/lib/python3.12/site-packages/airflow/example_dags/example_time_delta_sensor_async.py
[2024-12-23T06:30:00.616+0700] {logging_mixin.py:190} INFO - [2024-12-23T06:30:00.614+0700] {dag.py:3239} INFO - Sync 1 DAGs
[2024-12-23T06:30:00.638+0700] {logging_mixin.py:190} INFO - [2024-12-23T06:30:00.636+0700] {dag.py:4180} INFO - Setting next_dagrun for example_time_delta_sensor_async to None, run_after=None
[2024-12-23T06:30:00.713+0700] {processor.py:208} INFO - Processing /mnt/d/Project/airflow-news/venv/lib/python3.12/site-packages/airflow/example_dags/example_time_delta_sensor_async.py took 0.233 seconds
[2024-12-23T06:31:28.575+0700] {processor.py:186} INFO - Started process (PID=7923) to work on /mnt/d/Project/airflow-news/venv/lib/python3.12/site-packages/airflow/example_dags/example_time_delta_sensor_async.py
[2024-12-23T06:31:28.577+0700] {processor.py:914} INFO - Processing file /mnt/d/Project/airflow-news/venv/lib/python3.12/site-packages/airflow/example_dags/example_time_delta_sensor_async.py for tasks to queue
[2024-12-23T06:31:28.581+0700] {logging_mixin.py:190} INFO - [2024-12-23T06:31:28.580+0700] {dagbag.py:588} INFO - Filling up the DagBag from /mnt/d/Project/airflow-news/venv/lib/python3.12/site-packages/airflow/example_dags/example_time_delta_sensor_async.py
[2024-12-23T06:31:28.663+0700] {processor.py:925} INFO - DAG(s) 'example_time_delta_sensor_async' retrieved from /mnt/d/Project/airflow-news/venv/lib/python3.12/site-packages/airflow/example_dags/example_time_delta_sensor_async.py
[2024-12-23T06:31:28.698+0700] {logging_mixin.py:190} INFO - [2024-12-23T06:31:28.697+0700] {dag.py:3239} INFO - Sync 1 DAGs
[2024-12-23T06:31:28.716+0700] {logging_mixin.py:190} INFO - [2024-12-23T06:31:28.715+0700] {dag.py:4180} INFO - Setting next_dagrun for example_time_delta_sensor_async to None, run_after=None
[2024-12-23T06:31:28.786+0700] {processor.py:208} INFO - Processing /mnt/d/Project/airflow-news/venv/lib/python3.12/site-packages/airflow/example_dags/example_time_delta_sensor_async.py took 0.233 seconds
[2024-12-23T06:31:31.656+0700] {processor.py:186} INFO - Started process (PID=7931) to work on /mnt/d/Project/airflow-news/venv/lib/python3.12/site-packages/airflow/example_dags/example_time_delta_sensor_async.py
[2024-12-23T06:31:31.658+0700] {processor.py:914} INFO - Processing file /mnt/d/Project/airflow-news/venv/lib/python3.12/site-packages/airflow/example_dags/example_time_delta_sensor_async.py for tasks to queue
[2024-12-23T06:31:31.664+0700] {logging_mixin.py:190} INFO - [2024-12-23T06:31:31.662+0700] {dagbag.py:588} INFO - Filling up the DagBag from /mnt/d/Project/airflow-news/venv/lib/python3.12/site-packages/airflow/example_dags/example_time_delta_sensor_async.py
[2024-12-23T06:31:31.747+0700] {processor.py:925} INFO - DAG(s) 'example_time_delta_sensor_async' retrieved from /mnt/d/Project/airflow-news/venv/lib/python3.12/site-packages/airflow/example_dags/example_time_delta_sensor_async.py
[2024-12-23T06:31:31.787+0700] {logging_mixin.py:190} INFO - [2024-12-23T06:31:31.786+0700] {dag.py:3239} INFO - Sync 1 DAGs
[2024-12-23T06:31:31.809+0700] {logging_mixin.py:190} INFO - [2024-12-23T06:31:31.808+0700] {dag.py:4180} INFO - Setting next_dagrun for example_time_delta_sensor_async to None, run_after=None
[2024-12-23T06:31:31.884+0700] {processor.py:208} INFO - Processing /mnt/d/Project/airflow-news/venv/lib/python3.12/site-packages/airflow/example_dags/example_time_delta_sensor_async.py took 0.244 seconds
[2024-12-23T06:32:29.413+0700] {processor.py:186} INFO - Started process (PID=8103) to work on /mnt/d/Project/airflow-news/venv/lib/python3.12/site-packages/airflow/example_dags/example_time_delta_sensor_async.py
[2024-12-23T06:32:29.415+0700] {processor.py:914} INFO - Processing file /mnt/d/Project/airflow-news/venv/lib/python3.12/site-packages/airflow/example_dags/example_time_delta_sensor_async.py for tasks to queue
[2024-12-23T06:32:29.421+0700] {logging_mixin.py:190} INFO - [2024-12-23T06:32:29.419+0700] {dagbag.py:588} INFO - Filling up the DagBag from /mnt/d/Project/airflow-news/venv/lib/python3.12/site-packages/airflow/example_dags/example_time_delta_sensor_async.py
[2024-12-23T06:32:29.514+0700] {processor.py:925} INFO - DAG(s) 'example_time_delta_sensor_async' retrieved from /mnt/d/Project/airflow-news/venv/lib/python3.12/site-packages/airflow/example_dags/example_time_delta_sensor_async.py
[2024-12-23T06:32:29.547+0700] {logging_mixin.py:190} INFO - [2024-12-23T06:32:29.546+0700] {dag.py:3239} INFO - Sync 1 DAGs
[2024-12-23T06:32:29.568+0700] {logging_mixin.py:190} INFO - [2024-12-23T06:32:29.566+0700] {dag.py:4180} INFO - Setting next_dagrun for example_time_delta_sensor_async to None, run_after=None
[2024-12-23T06:32:29.643+0700] {processor.py:208} INFO - Processing /mnt/d/Project/airflow-news/venv/lib/python3.12/site-packages/airflow/example_dags/example_time_delta_sensor_async.py took 0.254 seconds
[2024-12-23T06:33:05.749+0700] {processor.py:186} INFO - Started process (PID=8214) to work on /mnt/d/Project/airflow-news/venv/lib/python3.12/site-packages/airflow/example_dags/example_time_delta_sensor_async.py
[2024-12-23T06:33:05.752+0700] {processor.py:914} INFO - Processing file /mnt/d/Project/airflow-news/venv/lib/python3.12/site-packages/airflow/example_dags/example_time_delta_sensor_async.py for tasks to queue
[2024-12-23T06:33:05.757+0700] {logging_mixin.py:190} INFO - [2024-12-23T06:33:05.755+0700] {dagbag.py:588} INFO - Filling up the DagBag from /mnt/d/Project/airflow-news/venv/lib/python3.12/site-packages/airflow/example_dags/example_time_delta_sensor_async.py
[2024-12-23T06:33:05.865+0700] {processor.py:925} INFO - DAG(s) 'example_time_delta_sensor_async' retrieved from /mnt/d/Project/airflow-news/venv/lib/python3.12/site-packages/airflow/example_dags/example_time_delta_sensor_async.py
[2024-12-23T06:33:05.910+0700] {logging_mixin.py:190} INFO - [2024-12-23T06:33:05.908+0700] {dag.py:3239} INFO - Sync 1 DAGs
[2024-12-23T06:33:05.932+0700] {logging_mixin.py:190} INFO - [2024-12-23T06:33:05.931+0700] {dag.py:4180} INFO - Setting next_dagrun for example_time_delta_sensor_async to None, run_after=None
[2024-12-23T06:33:06.027+0700] {processor.py:208} INFO - Processing /mnt/d/Project/airflow-news/venv/lib/python3.12/site-packages/airflow/example_dags/example_time_delta_sensor_async.py took 0.294 seconds
[2024-12-23T06:33:56.405+0700] {processor.py:186} INFO - Started process (PID=8374) to work on /mnt/d/Project/airflow-news/venv/lib/python3.12/site-packages/airflow/example_dags/example_time_delta_sensor_async.py
[2024-12-23T06:33:56.407+0700] {processor.py:914} INFO - Processing file /mnt/d/Project/airflow-news/venv/lib/python3.12/site-packages/airflow/example_dags/example_time_delta_sensor_async.py for tasks to queue
[2024-12-23T06:33:56.412+0700] {logging_mixin.py:190} INFO - [2024-12-23T06:33:56.410+0700] {dagbag.py:588} INFO - Filling up the DagBag from /mnt/d/Project/airflow-news/venv/lib/python3.12/site-packages/airflow/example_dags/example_time_delta_sensor_async.py
[2024-12-23T06:33:56.509+0700] {processor.py:925} INFO - DAG(s) 'example_time_delta_sensor_async' retrieved from /mnt/d/Project/airflow-news/venv/lib/python3.12/site-packages/airflow/example_dags/example_time_delta_sensor_async.py
[2024-12-23T06:33:56.547+0700] {logging_mixin.py:190} INFO - [2024-12-23T06:33:56.546+0700] {dag.py:3239} INFO - Sync 1 DAGs
[2024-12-23T06:33:56.567+0700] {logging_mixin.py:190} INFO - [2024-12-23T06:33:56.565+0700] {dag.py:4180} INFO - Setting next_dagrun for example_time_delta_sensor_async to None, run_after=None
[2024-12-23T06:33:56.642+0700] {processor.py:208} INFO - Processing /mnt/d/Project/airflow-news/venv/lib/python3.12/site-packages/airflow/example_dags/example_time_delta_sensor_async.py took 0.252 seconds
[2024-12-23T06:34:15.123+0700] {processor.py:186} INFO - Started process (PID=8427) to work on /mnt/d/Project/airflow-news/venv/lib/python3.12/site-packages/airflow/example_dags/example_time_delta_sensor_async.py
[2024-12-23T06:34:15.126+0700] {processor.py:914} INFO - Processing file /mnt/d/Project/airflow-news/venv/lib/python3.12/site-packages/airflow/example_dags/example_time_delta_sensor_async.py for tasks to queue
[2024-12-23T06:34:15.131+0700] {logging_mixin.py:190} INFO - [2024-12-23T06:34:15.129+0700] {dagbag.py:588} INFO - Filling up the DagBag from /mnt/d/Project/airflow-news/venv/lib/python3.12/site-packages/airflow/example_dags/example_time_delta_sensor_async.py
[2024-12-23T06:34:15.217+0700] {processor.py:925} INFO - DAG(s) 'example_time_delta_sensor_async' retrieved from /mnt/d/Project/airflow-news/venv/lib/python3.12/site-packages/airflow/example_dags/example_time_delta_sensor_async.py
[2024-12-23T06:34:15.253+0700] {logging_mixin.py:190} INFO - [2024-12-23T06:34:15.252+0700] {dag.py:3239} INFO - Sync 1 DAGs
[2024-12-23T06:34:15.272+0700] {logging_mixin.py:190} INFO - [2024-12-23T06:34:15.271+0700] {dag.py:4180} INFO - Setting next_dagrun for example_time_delta_sensor_async to None, run_after=None
[2024-12-23T06:34:15.351+0700] {processor.py:208} INFO - Processing /mnt/d/Project/airflow-news/venv/lib/python3.12/site-packages/airflow/example_dags/example_time_delta_sensor_async.py took 0.249 seconds
[2024-12-23T06:36:13.062+0700] {processor.py:186} INFO - Started process (PID=8772) to work on /mnt/d/Project/airflow-news/venv/lib/python3.12/site-packages/airflow/example_dags/example_time_delta_sensor_async.py
[2024-12-23T06:36:13.065+0700] {processor.py:914} INFO - Processing file /mnt/d/Project/airflow-news/venv/lib/python3.12/site-packages/airflow/example_dags/example_time_delta_sensor_async.py for tasks to queue
[2024-12-23T06:36:13.070+0700] {logging_mixin.py:190} INFO - [2024-12-23T06:36:13.069+0700] {dagbag.py:588} INFO - Filling up the DagBag from /mnt/d/Project/airflow-news/venv/lib/python3.12/site-packages/airflow/example_dags/example_time_delta_sensor_async.py
[2024-12-23T06:36:13.162+0700] {processor.py:925} INFO - DAG(s) 'example_time_delta_sensor_async' retrieved from /mnt/d/Project/airflow-news/venv/lib/python3.12/site-packages/airflow/example_dags/example_time_delta_sensor_async.py
[2024-12-23T06:36:13.202+0700] {logging_mixin.py:190} INFO - [2024-12-23T06:36:13.201+0700] {dag.py:3239} INFO - Sync 1 DAGs
[2024-12-23T06:36:13.223+0700] {logging_mixin.py:190} INFO - [2024-12-23T06:36:13.222+0700] {dag.py:4180} INFO - Setting next_dagrun for example_time_delta_sensor_async to None, run_after=None
[2024-12-23T06:36:13.299+0700] {processor.py:208} INFO - Processing /mnt/d/Project/airflow-news/venv/lib/python3.12/site-packages/airflow/example_dags/example_time_delta_sensor_async.py took 0.266 seconds
[2024-12-23T06:36:32.433+0700] {processor.py:186} INFO - Started process (PID=8825) to work on /mnt/d/Project/airflow-news/venv/lib/python3.12/site-packages/airflow/example_dags/example_time_delta_sensor_async.py
[2024-12-23T06:36:32.436+0700] {processor.py:914} INFO - Processing file /mnt/d/Project/airflow-news/venv/lib/python3.12/site-packages/airflow/example_dags/example_time_delta_sensor_async.py for tasks to queue
[2024-12-23T06:36:32.441+0700] {logging_mixin.py:190} INFO - [2024-12-23T06:36:32.439+0700] {dagbag.py:588} INFO - Filling up the DagBag from /mnt/d/Project/airflow-news/venv/lib/python3.12/site-packages/airflow/example_dags/example_time_delta_sensor_async.py
[2024-12-23T06:36:32.507+0700] {processor.py:925} INFO - DAG(s) 'example_time_delta_sensor_async' retrieved from /mnt/d/Project/airflow-news/venv/lib/python3.12/site-packages/airflow/example_dags/example_time_delta_sensor_async.py
[2024-12-23T06:36:32.547+0700] {logging_mixin.py:190} INFO - [2024-12-23T06:36:32.545+0700] {dag.py:3239} INFO - Sync 1 DAGs
[2024-12-23T06:36:32.569+0700] {logging_mixin.py:190} INFO - [2024-12-23T06:36:32.568+0700] {dag.py:4180} INFO - Setting next_dagrun for example_time_delta_sensor_async to None, run_after=None
[2024-12-23T06:36:32.671+0700] {processor.py:208} INFO - Processing /mnt/d/Project/airflow-news/venv/lib/python3.12/site-packages/airflow/example_dags/example_time_delta_sensor_async.py took 0.253 seconds
[2024-12-23T06:37:37.579+0700] {processor.py:186} INFO - Started process (PID=9033) to work on /mnt/d/Project/airflow-news/venv/lib/python3.12/site-packages/airflow/example_dags/example_time_delta_sensor_async.py
[2024-12-23T06:37:37.582+0700] {processor.py:914} INFO - Processing file /mnt/d/Project/airflow-news/venv/lib/python3.12/site-packages/airflow/example_dags/example_time_delta_sensor_async.py for tasks to queue
[2024-12-23T06:37:37.587+0700] {logging_mixin.py:190} INFO - [2024-12-23T06:37:37.586+0700] {dagbag.py:588} INFO - Filling up the DagBag from /mnt/d/Project/airflow-news/venv/lib/python3.12/site-packages/airflow/example_dags/example_time_delta_sensor_async.py
[2024-12-23T06:37:37.696+0700] {processor.py:925} INFO - DAG(s) 'example_time_delta_sensor_async' retrieved from /mnt/d/Project/airflow-news/venv/lib/python3.12/site-packages/airflow/example_dags/example_time_delta_sensor_async.py
[2024-12-23T06:37:37.739+0700] {logging_mixin.py:190} INFO - [2024-12-23T06:37:37.738+0700] {dag.py:3239} INFO - Sync 1 DAGs
[2024-12-23T06:37:37.768+0700] {logging_mixin.py:190} INFO - [2024-12-23T06:37:37.767+0700] {dag.py:4180} INFO - Setting next_dagrun for example_time_delta_sensor_async to None, run_after=None
[2024-12-23T06:37:37.882+0700] {processor.py:208} INFO - Processing /mnt/d/Project/airflow-news/venv/lib/python3.12/site-packages/airflow/example_dags/example_time_delta_sensor_async.py took 0.325 seconds
[2024-12-23T06:37:47.771+0700] {processor.py:186} INFO - Started process (PID=9083) to work on /mnt/d/Project/airflow-news/venv/lib/python3.12/site-packages/airflow/example_dags/example_time_delta_sensor_async.py
[2024-12-23T06:37:47.774+0700] {processor.py:914} INFO - Processing file /mnt/d/Project/airflow-news/venv/lib/python3.12/site-packages/airflow/example_dags/example_time_delta_sensor_async.py for tasks to queue
[2024-12-23T06:37:47.778+0700] {logging_mixin.py:190} INFO - [2024-12-23T06:37:47.777+0700] {dagbag.py:588} INFO - Filling up the DagBag from /mnt/d/Project/airflow-news/venv/lib/python3.12/site-packages/airflow/example_dags/example_time_delta_sensor_async.py
[2024-12-23T06:37:47.873+0700] {processor.py:925} INFO - DAG(s) 'example_time_delta_sensor_async' retrieved from /mnt/d/Project/airflow-news/venv/lib/python3.12/site-packages/airflow/example_dags/example_time_delta_sensor_async.py
[2024-12-23T06:37:47.919+0700] {logging_mixin.py:190} INFO - [2024-12-23T06:37:47.917+0700] {dag.py:3239} INFO - Sync 1 DAGs
[2024-12-23T06:37:47.940+0700] {logging_mixin.py:190} INFO - [2024-12-23T06:37:47.938+0700] {dag.py:4180} INFO - Setting next_dagrun for example_time_delta_sensor_async to None, run_after=None
[2024-12-23T06:37:48.020+0700] {processor.py:208} INFO - Processing /mnt/d/Project/airflow-news/venv/lib/python3.12/site-packages/airflow/example_dags/example_time_delta_sensor_async.py took 0.265 seconds
[2024-12-23T06:39:26.749+0700] {processor.py:186} INFO - Started process (PID=9415) to work on /mnt/d/Project/airflow-news/venv/lib/python3.12/site-packages/airflow/example_dags/example_time_delta_sensor_async.py
[2024-12-23T06:39:26.751+0700] {processor.py:914} INFO - Processing file /mnt/d/Project/airflow-news/venv/lib/python3.12/site-packages/airflow/example_dags/example_time_delta_sensor_async.py for tasks to queue
[2024-12-23T06:39:26.757+0700] {logging_mixin.py:190} INFO - [2024-12-23T06:39:26.756+0700] {dagbag.py:588} INFO - Filling up the DagBag from /mnt/d/Project/airflow-news/venv/lib/python3.12/site-packages/airflow/example_dags/example_time_delta_sensor_async.py
[2024-12-23T06:39:26.864+0700] {processor.py:925} INFO - DAG(s) 'example_time_delta_sensor_async' retrieved from /mnt/d/Project/airflow-news/venv/lib/python3.12/site-packages/airflow/example_dags/example_time_delta_sensor_async.py
[2024-12-23T06:39:26.909+0700] {logging_mixin.py:190} INFO - [2024-12-23T06:39:26.907+0700] {dag.py:3239} INFO - Sync 1 DAGs
[2024-12-23T06:39:26.930+0700] {logging_mixin.py:190} INFO - [2024-12-23T06:39:26.929+0700] {dag.py:4180} INFO - Setting next_dagrun for example_time_delta_sensor_async to None, run_after=None
[2024-12-23T06:39:27.015+0700] {processor.py:208} INFO - Processing /mnt/d/Project/airflow-news/venv/lib/python3.12/site-packages/airflow/example_dags/example_time_delta_sensor_async.py took 0.286 seconds
[2024-12-23T06:39:38.710+0700] {processor.py:186} INFO - Started process (PID=9439) to work on /mnt/d/Project/airflow-news/venv/lib/python3.12/site-packages/airflow/example_dags/example_time_delta_sensor_async.py
[2024-12-23T06:39:38.713+0700] {processor.py:914} INFO - Processing file /mnt/d/Project/airflow-news/venv/lib/python3.12/site-packages/airflow/example_dags/example_time_delta_sensor_async.py for tasks to queue
[2024-12-23T06:39:38.718+0700] {logging_mixin.py:190} INFO - [2024-12-23T06:39:38.717+0700] {dagbag.py:588} INFO - Filling up the DagBag from /mnt/d/Project/airflow-news/venv/lib/python3.12/site-packages/airflow/example_dags/example_time_delta_sensor_async.py
[2024-12-23T06:39:38.816+0700] {processor.py:925} INFO - DAG(s) 'example_time_delta_sensor_async' retrieved from /mnt/d/Project/airflow-news/venv/lib/python3.12/site-packages/airflow/example_dags/example_time_delta_sensor_async.py
[2024-12-23T06:39:38.858+0700] {logging_mixin.py:190} INFO - [2024-12-23T06:39:38.856+0700] {dag.py:3239} INFO - Sync 1 DAGs
[2024-12-23T06:39:38.884+0700] {logging_mixin.py:190} INFO - [2024-12-23T06:39:38.883+0700] {dag.py:4180} INFO - Setting next_dagrun for example_time_delta_sensor_async to None, run_after=None
[2024-12-23T06:39:38.967+0700] {processor.py:208} INFO - Processing /mnt/d/Project/airflow-news/venv/lib/python3.12/site-packages/airflow/example_dags/example_time_delta_sensor_async.py took 0.284 seconds
[2024-12-23T06:41:37.994+0700] {processor.py:186} INFO - Started process (PID=9721) to work on /mnt/d/Project/airflow-news/venv/lib/python3.12/site-packages/airflow/example_dags/example_time_delta_sensor_async.py
[2024-12-23T06:41:37.996+0700] {processor.py:914} INFO - Processing file /mnt/d/Project/airflow-news/venv/lib/python3.12/site-packages/airflow/example_dags/example_time_delta_sensor_async.py for tasks to queue
[2024-12-23T06:41:38.000+0700] {logging_mixin.py:190} INFO - [2024-12-23T06:41:37.998+0700] {dagbag.py:588} INFO - Filling up the DagBag from /mnt/d/Project/airflow-news/venv/lib/python3.12/site-packages/airflow/example_dags/example_time_delta_sensor_async.py
[2024-12-23T06:41:38.046+0700] {processor.py:925} INFO - DAG(s) 'example_time_delta_sensor_async' retrieved from /mnt/d/Project/airflow-news/venv/lib/python3.12/site-packages/airflow/example_dags/example_time_delta_sensor_async.py
[2024-12-23T06:41:38.081+0700] {logging_mixin.py:190} INFO - [2024-12-23T06:41:38.080+0700] {dag.py:3239} INFO - Sync 1 DAGs
[2024-12-23T06:41:38.102+0700] {logging_mixin.py:190} INFO - [2024-12-23T06:41:38.101+0700] {dag.py:4180} INFO - Setting next_dagrun for example_time_delta_sensor_async to None, run_after=None
[2024-12-23T06:41:38.174+0700] {processor.py:208} INFO - Processing /mnt/d/Project/airflow-news/venv/lib/python3.12/site-packages/airflow/example_dags/example_time_delta_sensor_async.py took 0.203 seconds
[2024-12-23T06:43:38.411+0700] {processor.py:186} INFO - Started process (PID=10100) to work on /mnt/d/Project/airflow-news/venv/lib/python3.12/site-packages/airflow/example_dags/example_time_delta_sensor_async.py
[2024-12-23T06:43:38.414+0700] {processor.py:914} INFO - Processing file /mnt/d/Project/airflow-news/venv/lib/python3.12/site-packages/airflow/example_dags/example_time_delta_sensor_async.py for tasks to queue
[2024-12-23T06:43:38.419+0700] {logging_mixin.py:190} INFO - [2024-12-23T06:43:38.417+0700] {dagbag.py:588} INFO - Filling up the DagBag from /mnt/d/Project/airflow-news/venv/lib/python3.12/site-packages/airflow/example_dags/example_time_delta_sensor_async.py
[2024-12-23T06:43:38.500+0700] {processor.py:925} INFO - DAG(s) 'example_time_delta_sensor_async' retrieved from /mnt/d/Project/airflow-news/venv/lib/python3.12/site-packages/airflow/example_dags/example_time_delta_sensor_async.py
[2024-12-23T06:43:38.536+0700] {logging_mixin.py:190} INFO - [2024-12-23T06:43:38.534+0700] {dag.py:3239} INFO - Sync 1 DAGs
[2024-12-23T06:43:38.556+0700] {logging_mixin.py:190} INFO - [2024-12-23T06:43:38.553+0700] {dag.py:4180} INFO - Setting next_dagrun for example_time_delta_sensor_async to None, run_after=None
[2024-12-23T06:43:38.632+0700] {processor.py:208} INFO - Processing /mnt/d/Project/airflow-news/venv/lib/python3.12/site-packages/airflow/example_dags/example_time_delta_sensor_async.py took 0.241 seconds
[2024-12-23T06:45:36.878+0700] {processor.py:186} INFO - Started process (PID=10394) to work on /mnt/d/Project/airflow-news/venv/lib/python3.12/site-packages/airflow/example_dags/example_time_delta_sensor_async.py
[2024-12-23T06:45:36.881+0700] {processor.py:914} INFO - Processing file /mnt/d/Project/airflow-news/venv/lib/python3.12/site-packages/airflow/example_dags/example_time_delta_sensor_async.py for tasks to queue
[2024-12-23T06:45:36.886+0700] {logging_mixin.py:190} INFO - [2024-12-23T06:45:36.884+0700] {dagbag.py:588} INFO - Filling up the DagBag from /mnt/d/Project/airflow-news/venv/lib/python3.12/site-packages/airflow/example_dags/example_time_delta_sensor_async.py
[2024-12-23T06:45:36.975+0700] {processor.py:925} INFO - DAG(s) 'example_time_delta_sensor_async' retrieved from /mnt/d/Project/airflow-news/venv/lib/python3.12/site-packages/airflow/example_dags/example_time_delta_sensor_async.py
[2024-12-23T06:45:37.010+0700] {logging_mixin.py:190} INFO - [2024-12-23T06:45:37.008+0700] {dag.py:3239} INFO - Sync 1 DAGs
[2024-12-23T06:45:37.030+0700] {logging_mixin.py:190} INFO - [2024-12-23T06:45:37.029+0700] {dag.py:4180} INFO - Setting next_dagrun for example_time_delta_sensor_async to None, run_after=None
[2024-12-23T06:45:37.105+0700] {processor.py:208} INFO - Processing /mnt/d/Project/airflow-news/venv/lib/python3.12/site-packages/airflow/example_dags/example_time_delta_sensor_async.py took 0.249 seconds
