[2024-12-23T05:54:09.197+0700] {processor.py:186} INFO - Started process (PID=1873) to work on /mnt/d/Project/airflow-news/venv/lib/python3.12/site-packages/airflow/example_dags/example_dag_decorator.py
[2024-12-23T05:54:09.200+0700] {processor.py:914} INFO - Processing file /mnt/d/Project/airflow-news/venv/lib/python3.12/site-packages/airflow/example_dags/example_dag_decorator.py for tasks to queue
[2024-12-23T05:54:09.205+0700] {logging_mixin.py:190} INFO - [2024-12-23T05:54:09.204+0700] {dagbag.py:588} INFO - Filling up the DagBag from /mnt/d/Project/airflow-news/venv/lib/python3.12/site-packages/airflow/example_dags/example_dag_decorator.py
[2024-12-23T05:54:09.310+0700] {processor.py:925} INFO - DAG(s) 'example_dag_decorator' retrieved from /mnt/d/Project/airflow-news/venv/lib/python3.12/site-packages/airflow/example_dags/example_dag_decorator.py
[2024-12-23T05:54:09.847+0700] {processor.py:186} INFO - Started process (PID=1875) to work on /mnt/d/Project/airflow-news/venv/lib/python3.12/site-packages/airflow/example_dags/example_dag_decorator.py
[2024-12-23T05:54:09.849+0700] {processor.py:914} INFO - Processing file /mnt/d/Project/airflow-news/venv/lib/python3.12/site-packages/airflow/example_dags/example_dag_decorator.py for tasks to queue
[2024-12-23T05:54:09.854+0700] {logging_mixin.py:190} INFO - [2024-12-23T05:54:09.853+0700] {dagbag.py:588} INFO - Filling up the DagBag from /mnt/d/Project/airflow-news/venv/lib/python3.12/site-packages/airflow/example_dags/example_dag_decorator.py
[2024-12-23T05:54:09.981+0700] {processor.py:925} INFO - DAG(s) 'example_dag_decorator' retrieved from /mnt/d/Project/airflow-news/venv/lib/python3.12/site-packages/airflow/example_dags/example_dag_decorator.py
[2024-12-23T05:54:11.273+0700] {logging_mixin.py:190} INFO - [2024-12-23T05:54:11.270+0700] {override.py:1911} INFO - Created Permission View: can edit on DAG:example_dag_decorator
[2024-12-23T05:54:11.331+0700] {logging_mixin.py:190} INFO - [2024-12-23T05:54:11.329+0700] {override.py:1911} INFO - Created Permission View: can delete on DAG:example_dag_decorator
[2024-12-23T05:54:11.384+0700] {logging_mixin.py:190} INFO - [2024-12-23T05:54:11.383+0700] {override.py:1911} INFO - Created Permission View: can read on DAG:example_dag_decorator
[2024-12-23T05:54:11.472+0700] {logging_mixin.py:190} INFO - [2024-12-23T05:54:11.471+0700] {override.py:1911} INFO - Created Permission View: menu access on DAG Run:example_dag_decorator
[2024-12-23T05:54:11.530+0700] {logging_mixin.py:190} INFO - [2024-12-23T05:54:11.527+0700] {override.py:1911} INFO - Created Permission View: can create on DAG Run:example_dag_decorator
[2024-12-23T05:54:11.594+0700] {logging_mixin.py:190} INFO - [2024-12-23T05:54:11.592+0700] {override.py:1911} INFO - Created Permission View: can delete on DAG Run:example_dag_decorator
[2024-12-23T05:54:11.657+0700] {logging_mixin.py:190} INFO - [2024-12-23T05:54:11.655+0700] {override.py:1911} INFO - Created Permission View: can read on DAG Run:example_dag_decorator
[2024-12-23T05:54:11.660+0700] {logging_mixin.py:190} INFO - [2024-12-23T05:54:11.659+0700] {dag.py:3239} INFO - Sync 1 DAGs
[2024-12-23T05:54:11.694+0700] {logging_mixin.py:190} INFO - [2024-12-23T05:54:11.692+0700] {dag.py:3262} INFO - Creating ORM DAG for example_dag_decorator
[2024-12-23T05:54:11.698+0700] {logging_mixin.py:190} INFO - [2024-12-23T05:54:11.696+0700] {dag.py:4180} INFO - Setting next_dagrun for example_dag_decorator to None, run_after=None
[2024-12-23T05:54:11.793+0700] {processor.py:208} INFO - Processing /mnt/d/Project/airflow-news/venv/lib/python3.12/site-packages/airflow/example_dags/example_dag_decorator.py took 2.613 seconds
[2024-12-23T05:54:12.018+0700] {logging_mixin.py:190} INFO - [2024-12-23T05:54:12.016+0700] {dag.py:3239} INFO - Sync 1 DAGs
[2024-12-23T05:54:12.041+0700] {logging_mixin.py:190} INFO - [2024-12-23T05:54:12.040+0700] {dag.py:4180} INFO - Setting next_dagrun for example_dag_decorator to None, run_after=None
[2024-12-23T05:54:12.622+0700] {logging_mixin.py:190} INFO - [2024-12-23T05:54:12.588+0700] {dagbag.py:698} ERROR - Failed to write serialized DAG: /mnt/d/Project/airflow-news/venv/lib/python3.12/site-packages/airflow/example_dags/example_dag_decorator.py
Traceback (most recent call last):
  File "/mnt/d/Project/airflow-news/venv/lib/python3.12/site-packages/airflow/models/dagbag.py", line 686, in _serialize_dag_capturing_errors
    dag_was_updated = SerializedDagModel.write_dag(
                      ^^^^^^^^^^^^^^^^^^^^^^^^^^^^^
  File "/mnt/d/Project/airflow-news/venv/lib/python3.12/site-packages/airflow/utils/session.py", line 94, in wrapper
    return func(*args, **kwargs)
           ^^^^^^^^^^^^^^^^^^^^^
  File "/mnt/d/Project/airflow-news/venv/lib/python3.12/site-packages/airflow/models/serialized_dag.py", line 160, in write_dag
    if session.scalar(
       ^^^^^^^^^^^^^^^
  File "/mnt/d/Project/airflow-news/venv/lib/python3.12/site-packages/sqlalchemy/orm/session.py", line 1747, in scalar
    return self.execute(
           ^^^^^^^^^^^^^
  File "/mnt/d/Project/airflow-news/venv/lib/python3.12/site-packages/sqlalchemy/orm/session.py", line 1716, in execute
    conn = self._connection_for_bind(bind)
           ^^^^^^^^^^^^^^^^^^^^^^^^^^^^^^^
  File "/mnt/d/Project/airflow-news/venv/lib/python3.12/site-packages/sqlalchemy/orm/session.py", line 1555, in _connection_for_bind
    return self._transaction._connection_for_bind(
           ^^^^^^^^^^^^^^^^^^^^^^^^^^^^^^^^^^^^^^^
  File "/mnt/d/Project/airflow-news/venv/lib/python3.12/site-packages/sqlalchemy/orm/session.py", line 724, in _connection_for_bind
    self._assert_active()
  File "/mnt/d/Project/airflow-news/venv/lib/python3.12/site-packages/sqlalchemy/orm/session.py", line 604, in _assert_active
    raise sa_exc.PendingRollbackError(
sqlalchemy.exc.PendingRollbackError: This Session's transaction has been rolled back due to a previous exception during flush. To begin a new transaction with this Session, first issue Session.rollback(). Original exception was: (sqlite3.IntegrityError) UNIQUE constraint failed: serialized_dag.dag_id
[SQL: INSERT INTO serialized_dag (dag_id, fileloc, fileloc_hash, data, data_compressed, last_updated, dag_hash, processor_subdir) VALUES (?, ?, ?, ?, ?, ?, ?, ?)]
[parameters: ('example_dag_decorator', '/mnt/d/Project/airflow-news/venv/lib/python3.12/site-packages/airflow/example_dags/example_dag_decorator.py', 1836734066519172, '{"__version": 1, "dag": {"_dag_id": "example_dag_decorator", "start_date": 1609459200.0, "_default_view": "grid", "tags": ["example"], "catchup": fal ... (3721 characters truncated) ... ail", {"__class": "airflow.models.param.Param", "default": "example@example.com", "description": null, "schema": {"__var": {}, "__type": "dict"}}]]}}', None, '2024-12-22 22:54:10.009413', '95c4ef303870382382ef998396257156', '/mnt/d/Project/airflow-news/dags')]
(Background on this error at: https://sqlalche.me/e/14/gkpj) (Background on this error at: https://sqlalche.me/e/14/7s2a)
[2024-12-23T05:54:12.627+0700] {logging_mixin.py:190} INFO - [2024-12-23T05:54:12.626+0700] {dag.py:3239} INFO - Sync 1 DAGs
[2024-12-23T05:54:12.631+0700] {processor.py:211} ERROR - Got an exception! Propagating...
Traceback (most recent call last):
  File "/mnt/d/Project/airflow-news/venv/lib/python3.12/site-packages/airflow/dag_processing/processor.py", line 207, in _run_file_processor
    _handle_dag_file_processing()
  File "/mnt/d/Project/airflow-news/venv/lib/python3.12/site-packages/airflow/dag_processing/processor.py", line 188, in _handle_dag_file_processing
    result: tuple[int, int, int] = dag_file_processor.process_file(
                                   ^^^^^^^^^^^^^^^^^^^^^^^^^^^^^^^^
  File "/mnt/d/Project/airflow-news/venv/lib/python3.12/site-packages/airflow/utils/session.py", line 97, in wrapper
    return func(*args, session=session, **kwargs)
           ^^^^^^^^^^^^^^^^^^^^^^^^^^^^^^^^^^^^^^
  File "/mnt/d/Project/airflow-news/venv/lib/python3.12/site-packages/airflow/dag_processing/processor.py", line 942, in process_file
    serialize_errors = DagFileProcessor.save_dag_to_db(
                       ^^^^^^^^^^^^^^^^^^^^^^^^^^^^^^^^
  File "/mnt/d/Project/airflow-news/venv/lib/python3.12/site-packages/airflow/api_internal/internal_api_call.py", line 166, in wrapper
    return func(*args, **kwargs)
           ^^^^^^^^^^^^^^^^^^^^^
  File "/mnt/d/Project/airflow-news/venv/lib/python3.12/site-packages/airflow/utils/session.py", line 97, in wrapper
    return func(*args, session=session, **kwargs)
           ^^^^^^^^^^^^^^^^^^^^^^^^^^^^^^^^^^^^^^
  File "/mnt/d/Project/airflow-news/venv/lib/python3.12/site-packages/airflow/dag_processing/processor.py", line 982, in save_dag_to_db
    import_errors = DagBag._sync_to_db(dags=dags, processor_subdir=dag_directory, session=session)
                    ^^^^^^^^^^^^^^^^^^^^^^^^^^^^^^^^^^^^^^^^^^^^^^^^^^^^^^^^^^^^^^^^^^^^^^^^^^^^^^
  File "/mnt/d/Project/airflow-news/venv/lib/python3.12/site-packages/airflow/utils/session.py", line 94, in wrapper
    return func(*args, **kwargs)
           ^^^^^^^^^^^^^^^^^^^^^
  File "/mnt/d/Project/airflow-news/venv/lib/python3.12/site-packages/airflow/models/dagbag.py", line 708, in _sync_to_db
    for attempt in run_with_db_retries(logger=log):
  File "/mnt/d/Project/airflow-news/venv/lib/python3.12/site-packages/tenacity/__init__.py", line 443, in __iter__
    do = self.iter(retry_state=retry_state)
         ^^^^^^^^^^^^^^^^^^^^^^^^^^^^^^^^^^
  File "/mnt/d/Project/airflow-news/venv/lib/python3.12/site-packages/tenacity/__init__.py", line 376, in iter
    result = action(retry_state)
             ^^^^^^^^^^^^^^^^^^^
  File "/mnt/d/Project/airflow-news/venv/lib/python3.12/site-packages/tenacity/__init__.py", line 398, in <lambda>
    self._add_action_func(lambda rs: rs.outcome.result())
                                     ^^^^^^^^^^^^^^^^^^^
  File "/usr/lib/python3.12/concurrent/futures/_base.py", line 449, in result
    return self.__get_result()
           ^^^^^^^^^^^^^^^^^^^
  File "/usr/lib/python3.12/concurrent/futures/_base.py", line 401, in __get_result
    raise self._exception
  File "/mnt/d/Project/airflow-news/venv/lib/python3.12/site-packages/airflow/models/dagbag.py", line 724, in _sync_to_db
    DAG.bulk_write_to_db(dags.values(), processor_subdir=processor_subdir, session=session)
  File "/mnt/d/Project/airflow-news/venv/lib/python3.12/site-packages/airflow/utils/session.py", line 94, in wrapper
    return func(*args, **kwargs)
           ^^^^^^^^^^^^^^^^^^^^^
  File "/mnt/d/Project/airflow-news/venv/lib/python3.12/site-packages/airflow/models/dag.py", line 3252, in bulk_write_to_db
    orm_dags: list[DagModel] = session.scalars(query).unique().all()
                               ^^^^^^^^^^^^^^^^^^^^^^
  File "/mnt/d/Project/airflow-news/venv/lib/python3.12/site-packages/sqlalchemy/orm/session.py", line 1778, in scalars
    return self.execute(
           ^^^^^^^^^^^^^
  File "/mnt/d/Project/airflow-news/venv/lib/python3.12/site-packages/sqlalchemy/orm/session.py", line 1716, in execute
    conn = self._connection_for_bind(bind)
           ^^^^^^^^^^^^^^^^^^^^^^^^^^^^^^^
  File "/mnt/d/Project/airflow-news/venv/lib/python3.12/site-packages/sqlalchemy/orm/session.py", line 1555, in _connection_for_bind
    return self._transaction._connection_for_bind(
           ^^^^^^^^^^^^^^^^^^^^^^^^^^^^^^^^^^^^^^^
  File "/mnt/d/Project/airflow-news/venv/lib/python3.12/site-packages/sqlalchemy/orm/session.py", line 724, in _connection_for_bind
    self._assert_active()
  File "/mnt/d/Project/airflow-news/venv/lib/python3.12/site-packages/sqlalchemy/orm/session.py", line 604, in _assert_active
    raise sa_exc.PendingRollbackError(
sqlalchemy.exc.PendingRollbackError: This Session's transaction has been rolled back due to a previous exception during flush. To begin a new transaction with this Session, first issue Session.rollback(). Original exception was: (sqlite3.IntegrityError) UNIQUE constraint failed: serialized_dag.dag_id
[SQL: INSERT INTO serialized_dag (dag_id, fileloc, fileloc_hash, data, data_compressed, last_updated, dag_hash, processor_subdir) VALUES (?, ?, ?, ?, ?, ?, ?, ?)]
[parameters: ('example_dag_decorator', '/mnt/d/Project/airflow-news/venv/lib/python3.12/site-packages/airflow/example_dags/example_dag_decorator.py', 1836734066519172, '{"__version": 1, "dag": {"_dag_id": "example_dag_decorator", "start_date": 1609459200.0, "_default_view": "grid", "tags": ["example"], "catchup": fal ... (3721 characters truncated) ... ail", {"__class": "airflow.models.param.Param", "default": "example@example.com", "description": null, "schema": {"__var": {}, "__type": "dict"}}]]}}', None, '2024-12-22 22:54:10.009413', '95c4ef303870382382ef998396257156', '/mnt/d/Project/airflow-news/dags')]
(Background on this error at: https://sqlalche.me/e/14/gkpj) (Background on this error at: https://sqlalche.me/e/14/7s2a)
[2024-12-23T05:55:42.403+0700] {processor.py:186} INFO - Started process (PID=2168) to work on /mnt/d/Project/airflow-news/venv/lib/python3.12/site-packages/airflow/example_dags/example_dag_decorator.py
[2024-12-23T05:55:42.406+0700] {processor.py:914} INFO - Processing file /mnt/d/Project/airflow-news/venv/lib/python3.12/site-packages/airflow/example_dags/example_dag_decorator.py for tasks to queue
[2024-12-23T05:55:42.410+0700] {logging_mixin.py:190} INFO - [2024-12-23T05:55:42.408+0700] {dagbag.py:588} INFO - Filling up the DagBag from /mnt/d/Project/airflow-news/venv/lib/python3.12/site-packages/airflow/example_dags/example_dag_decorator.py
[2024-12-23T05:55:42.477+0700] {processor.py:925} INFO - DAG(s) 'example_dag_decorator' retrieved from /mnt/d/Project/airflow-news/venv/lib/python3.12/site-packages/airflow/example_dags/example_dag_decorator.py
[2024-12-23T05:55:42.518+0700] {logging_mixin.py:190} INFO - [2024-12-23T05:55:42.517+0700] {dag.py:3239} INFO - Sync 1 DAGs
[2024-12-23T05:55:42.535+0700] {logging_mixin.py:190} INFO - [2024-12-23T05:55:42.534+0700] {dag.py:4180} INFO - Setting next_dagrun for example_dag_decorator to None, run_after=None
[2024-12-23T05:55:42.607+0700] {processor.py:208} INFO - Processing /mnt/d/Project/airflow-news/venv/lib/python3.12/site-packages/airflow/example_dags/example_dag_decorator.py took 0.218 seconds
[2024-12-23T05:57:14.510+0700] {processor.py:186} INFO - Started process (PID=2335) to work on /mnt/d/Project/airflow-news/venv/lib/python3.12/site-packages/airflow/example_dags/example_dag_decorator.py
[2024-12-23T05:57:14.512+0700] {processor.py:914} INFO - Processing file /mnt/d/Project/airflow-news/venv/lib/python3.12/site-packages/airflow/example_dags/example_dag_decorator.py for tasks to queue
[2024-12-23T05:57:14.517+0700] {logging_mixin.py:190} INFO - [2024-12-23T05:57:14.515+0700] {dagbag.py:588} INFO - Filling up the DagBag from /mnt/d/Project/airflow-news/venv/lib/python3.12/site-packages/airflow/example_dags/example_dag_decorator.py
[2024-12-23T05:57:14.627+0700] {processor.py:925} INFO - DAG(s) 'example_dag_decorator' retrieved from /mnt/d/Project/airflow-news/venv/lib/python3.12/site-packages/airflow/example_dags/example_dag_decorator.py
[2024-12-23T05:57:16.514+0700] {logging_mixin.py:190} INFO - [2024-12-23T05:57:16.512+0700] {dag.py:3239} INFO - Sync 1 DAGs
[2024-12-23T05:57:16.533+0700] {logging_mixin.py:190} INFO - [2024-12-23T05:57:16.532+0700] {dag.py:4180} INFO - Setting next_dagrun for example_dag_decorator to None, run_after=None
[2024-12-23T05:57:16.619+0700] {processor.py:208} INFO - Processing /mnt/d/Project/airflow-news/venv/lib/python3.12/site-packages/airflow/example_dags/example_dag_decorator.py took 2.127 seconds
[2024-12-23T05:58:51.533+0700] {processor.py:186} INFO - Started process (PID=2572) to work on /mnt/d/Project/airflow-news/venv/lib/python3.12/site-packages/airflow/example_dags/example_dag_decorator.py
[2024-12-23T05:58:51.537+0700] {processor.py:914} INFO - Processing file /mnt/d/Project/airflow-news/venv/lib/python3.12/site-packages/airflow/example_dags/example_dag_decorator.py for tasks to queue
[2024-12-23T05:58:51.541+0700] {logging_mixin.py:190} INFO - [2024-12-23T05:58:51.540+0700] {dagbag.py:588} INFO - Filling up the DagBag from /mnt/d/Project/airflow-news/venv/lib/python3.12/site-packages/airflow/example_dags/example_dag_decorator.py
[2024-12-23T05:58:51.646+0700] {processor.py:925} INFO - DAG(s) 'example_dag_decorator' retrieved from /mnt/d/Project/airflow-news/venv/lib/python3.12/site-packages/airflow/example_dags/example_dag_decorator.py
[2024-12-23T05:58:53.766+0700] {logging_mixin.py:190} INFO - [2024-12-23T05:58:53.764+0700] {dag.py:3239} INFO - Sync 1 DAGs
[2024-12-23T05:58:53.973+0700] {logging_mixin.py:190} INFO - [2024-12-23T05:58:53.972+0700] {dag.py:4180} INFO - Setting next_dagrun for example_dag_decorator to None, run_after=None
[2024-12-23T05:58:54.071+0700] {processor.py:208} INFO - Processing /mnt/d/Project/airflow-news/venv/lib/python3.12/site-packages/airflow/example_dags/example_dag_decorator.py took 2.554 seconds
[2024-12-23T05:59:39.862+0700] {processor.py:186} INFO - Started process (PID=2704) to work on /mnt/d/Project/airflow-news/venv/lib/python3.12/site-packages/airflow/example_dags/example_dag_decorator.py
[2024-12-23T05:59:39.864+0700] {processor.py:914} INFO - Processing file /mnt/d/Project/airflow-news/venv/lib/python3.12/site-packages/airflow/example_dags/example_dag_decorator.py for tasks to queue
[2024-12-23T05:59:39.869+0700] {logging_mixin.py:190} INFO - [2024-12-23T05:59:39.867+0700] {dagbag.py:588} INFO - Filling up the DagBag from /mnt/d/Project/airflow-news/venv/lib/python3.12/site-packages/airflow/example_dags/example_dag_decorator.py
[2024-12-23T05:59:39.984+0700] {processor.py:925} INFO - DAG(s) 'example_dag_decorator' retrieved from /mnt/d/Project/airflow-news/venv/lib/python3.12/site-packages/airflow/example_dags/example_dag_decorator.py
[2024-12-23T05:59:41.907+0700] {logging_mixin.py:190} INFO - [2024-12-23T05:59:41.906+0700] {dag.py:3239} INFO - Sync 1 DAGs
[2024-12-23T05:59:41.927+0700] {logging_mixin.py:190} INFO - [2024-12-23T05:59:41.926+0700] {dag.py:4180} INFO - Setting next_dagrun for example_dag_decorator to None, run_after=None
[2024-12-23T05:59:42.013+0700] {processor.py:208} INFO - Processing /mnt/d/Project/airflow-news/venv/lib/python3.12/site-packages/airflow/example_dags/example_dag_decorator.py took 2.168 seconds
[2024-12-23T06:00:36.558+0700] {processor.py:186} INFO - Started process (PID=2847) to work on /mnt/d/Project/airflow-news/venv/lib/python3.12/site-packages/airflow/example_dags/example_dag_decorator.py
[2024-12-23T06:00:36.560+0700] {processor.py:914} INFO - Processing file /mnt/d/Project/airflow-news/venv/lib/python3.12/site-packages/airflow/example_dags/example_dag_decorator.py for tasks to queue
[2024-12-23T06:00:36.566+0700] {logging_mixin.py:190} INFO - [2024-12-23T06:00:36.564+0700] {dagbag.py:588} INFO - Filling up the DagBag from /mnt/d/Project/airflow-news/venv/lib/python3.12/site-packages/airflow/example_dags/example_dag_decorator.py
[2024-12-23T06:00:36.702+0700] {processor.py:925} INFO - DAG(s) 'example_dag_decorator' retrieved from /mnt/d/Project/airflow-news/venv/lib/python3.12/site-packages/airflow/example_dags/example_dag_decorator.py
[2024-12-23T06:00:37.519+0700] {logging_mixin.py:190} INFO - [2024-12-23T06:00:37.518+0700] {dag.py:3239} INFO - Sync 1 DAGs
[2024-12-23T06:00:37.544+0700] {logging_mixin.py:190} INFO - [2024-12-23T06:00:37.542+0700] {dag.py:4180} INFO - Setting next_dagrun for example_dag_decorator to None, run_after=None
[2024-12-23T06:00:37.656+0700] {processor.py:208} INFO - Processing /mnt/d/Project/airflow-news/venv/lib/python3.12/site-packages/airflow/example_dags/example_dag_decorator.py took 2.706 seconds
[2024-12-23T06:02:35.917+0700] {processor.py:186} INFO - Started process (PID=3105) to work on /mnt/d/Project/airflow-news/venv/lib/python3.12/site-packages/airflow/example_dags/example_dag_decorator.py
[2024-12-23T06:02:35.919+0700] {processor.py:914} INFO - Processing file /mnt/d/Project/airflow-news/venv/lib/python3.12/site-packages/airflow/example_dags/example_dag_decorator.py for tasks to queue
[2024-12-23T06:02:35.925+0700] {logging_mixin.py:190} INFO - [2024-12-23T06:02:35.924+0700] {dagbag.py:588} INFO - Filling up the DagBag from /mnt/d/Project/airflow-news/venv/lib/python3.12/site-packages/airflow/example_dags/example_dag_decorator.py
[2024-12-23T06:02:36.049+0700] {processor.py:925} INFO - DAG(s) 'example_dag_decorator' retrieved from /mnt/d/Project/airflow-news/venv/lib/python3.12/site-packages/airflow/example_dags/example_dag_decorator.py
[2024-12-23T06:02:37.865+0700] {logging_mixin.py:190} INFO - [2024-12-23T06:02:37.864+0700] {dag.py:3239} INFO - Sync 1 DAGs
[2024-12-23T06:02:37.887+0700] {logging_mixin.py:190} INFO - [2024-12-23T06:02:37.885+0700] {dag.py:4180} INFO - Setting next_dagrun for example_dag_decorator to None, run_after=None
[2024-12-23T06:02:37.976+0700] {processor.py:208} INFO - Processing /mnt/d/Project/airflow-news/venv/lib/python3.12/site-packages/airflow/example_dags/example_dag_decorator.py took 2.080 seconds
[2024-12-23T06:04:43.836+0700] {processor.py:186} INFO - Started process (PID=3424) to work on /mnt/d/Project/airflow-news/venv/lib/python3.12/site-packages/airflow/example_dags/example_dag_decorator.py
[2024-12-23T06:04:43.838+0700] {processor.py:914} INFO - Processing file /mnt/d/Project/airflow-news/venv/lib/python3.12/site-packages/airflow/example_dags/example_dag_decorator.py for tasks to queue
[2024-12-23T06:04:43.843+0700] {logging_mixin.py:190} INFO - [2024-12-23T06:04:43.842+0700] {dagbag.py:588} INFO - Filling up the DagBag from /mnt/d/Project/airflow-news/venv/lib/python3.12/site-packages/airflow/example_dags/example_dag_decorator.py
[2024-12-23T06:04:43.943+0700] {processor.py:925} INFO - DAG(s) 'example_dag_decorator' retrieved from /mnt/d/Project/airflow-news/venv/lib/python3.12/site-packages/airflow/example_dags/example_dag_decorator.py
[2024-12-23T06:04:45.659+0700] {logging_mixin.py:190} INFO - [2024-12-23T06:04:45.658+0700] {dag.py:3239} INFO - Sync 1 DAGs
[2024-12-23T06:04:45.678+0700] {logging_mixin.py:190} INFO - [2024-12-23T06:04:45.676+0700] {dag.py:4180} INFO - Setting next_dagrun for example_dag_decorator to None, run_after=None
[2024-12-23T06:04:45.765+0700] {processor.py:208} INFO - Processing /mnt/d/Project/airflow-news/venv/lib/python3.12/site-packages/airflow/example_dags/example_dag_decorator.py took 1.952 seconds
[2024-12-23T06:06:44.989+0700] {processor.py:186} INFO - Started process (PID=3724) to work on /mnt/d/Project/airflow-news/venv/lib/python3.12/site-packages/airflow/example_dags/example_dag_decorator.py
[2024-12-23T06:06:44.992+0700] {processor.py:914} INFO - Processing file /mnt/d/Project/airflow-news/venv/lib/python3.12/site-packages/airflow/example_dags/example_dag_decorator.py for tasks to queue
[2024-12-23T06:06:44.997+0700] {logging_mixin.py:190} INFO - [2024-12-23T06:06:44.995+0700] {dagbag.py:588} INFO - Filling up the DagBag from /mnt/d/Project/airflow-news/venv/lib/python3.12/site-packages/airflow/example_dags/example_dag_decorator.py
[2024-12-23T06:06:45.088+0700] {processor.py:925} INFO - DAG(s) 'example_dag_decorator' retrieved from /mnt/d/Project/airflow-news/venv/lib/python3.12/site-packages/airflow/example_dags/example_dag_decorator.py
[2024-12-23T06:06:46.768+0700] {logging_mixin.py:190} INFO - [2024-12-23T06:06:46.767+0700] {dag.py:3239} INFO - Sync 1 DAGs
[2024-12-23T06:06:46.787+0700] {logging_mixin.py:190} INFO - [2024-12-23T06:06:46.786+0700] {dag.py:4180} INFO - Setting next_dagrun for example_dag_decorator to None, run_after=None
[2024-12-23T06:06:46.865+0700] {processor.py:208} INFO - Processing /mnt/d/Project/airflow-news/venv/lib/python3.12/site-packages/airflow/example_dags/example_dag_decorator.py took 1.896 seconds
[2024-12-23T06:07:50.768+0700] {processor.py:186} INFO - Started process (PID=3919) to work on /mnt/d/Project/airflow-news/venv/lib/python3.12/site-packages/airflow/example_dags/example_dag_decorator.py
[2024-12-23T06:07:50.772+0700] {processor.py:914} INFO - Processing file /mnt/d/Project/airflow-news/venv/lib/python3.12/site-packages/airflow/example_dags/example_dag_decorator.py for tasks to queue
[2024-12-23T06:07:50.777+0700] {logging_mixin.py:190} INFO - [2024-12-23T06:07:50.776+0700] {dagbag.py:588} INFO - Filling up the DagBag from /mnt/d/Project/airflow-news/venv/lib/python3.12/site-packages/airflow/example_dags/example_dag_decorator.py
[2024-12-23T06:07:50.905+0700] {processor.py:925} INFO - DAG(s) 'example_dag_decorator' retrieved from /mnt/d/Project/airflow-news/venv/lib/python3.12/site-packages/airflow/example_dags/example_dag_decorator.py
[2024-12-23T06:07:53.469+0700] {logging_mixin.py:190} INFO - [2024-12-23T06:07:53.468+0700] {dag.py:3239} INFO - Sync 1 DAGs
[2024-12-23T06:07:53.493+0700] {logging_mixin.py:190} INFO - [2024-12-23T06:07:53.492+0700] {dag.py:4180} INFO - Setting next_dagrun for example_dag_decorator to None, run_after=None
[2024-12-23T06:07:53.591+0700] {processor.py:208} INFO - Processing /mnt/d/Project/airflow-news/venv/lib/python3.12/site-packages/airflow/example_dags/example_dag_decorator.py took 2.844 seconds
[2024-12-23T06:08:45.792+0700] {processor.py:186} INFO - Started process (PID=4087) to work on /mnt/d/Project/airflow-news/venv/lib/python3.12/site-packages/airflow/example_dags/example_dag_decorator.py
[2024-12-23T06:08:45.797+0700] {processor.py:914} INFO - Processing file /mnt/d/Project/airflow-news/venv/lib/python3.12/site-packages/airflow/example_dags/example_dag_decorator.py for tasks to queue
[2024-12-23T06:08:45.809+0700] {logging_mixin.py:190} INFO - [2024-12-23T06:08:45.805+0700] {dagbag.py:588} INFO - Filling up the DagBag from /mnt/d/Project/airflow-news/venv/lib/python3.12/site-packages/airflow/example_dags/example_dag_decorator.py
[2024-12-23T06:08:45.935+0700] {processor.py:925} INFO - DAG(s) 'example_dag_decorator' retrieved from /mnt/d/Project/airflow-news/venv/lib/python3.12/site-packages/airflow/example_dags/example_dag_decorator.py
[2024-12-23T06:08:46.668+0700] {logging_mixin.py:190} INFO - [2024-12-23T06:08:46.665+0700] {dag.py:3239} INFO - Sync 1 DAGs
[2024-12-23T06:08:46.710+0700] {logging_mixin.py:190} INFO - [2024-12-23T06:08:46.707+0700] {dag.py:4180} INFO - Setting next_dagrun for example_dag_decorator to None, run_after=None
[2024-12-23T06:08:46.853+0700] {processor.py:208} INFO - Processing /mnt/d/Project/airflow-news/venv/lib/python3.12/site-packages/airflow/example_dags/example_dag_decorator.py took 2.772 seconds
[2024-12-23T06:12:02.655+0700] {processor.py:186} INFO - Started process (PID=4540) to work on /mnt/d/Project/airflow-news/venv/lib/python3.12/site-packages/airflow/example_dags/example_dag_decorator.py
[2024-12-23T06:12:02.658+0700] {processor.py:914} INFO - Processing file /mnt/d/Project/airflow-news/venv/lib/python3.12/site-packages/airflow/example_dags/example_dag_decorator.py for tasks to queue
[2024-12-23T06:12:02.662+0700] {logging_mixin.py:190} INFO - [2024-12-23T06:12:02.661+0700] {dagbag.py:588} INFO - Filling up the DagBag from /mnt/d/Project/airflow-news/venv/lib/python3.12/site-packages/airflow/example_dags/example_dag_decorator.py
[2024-12-23T06:12:02.706+0700] {processor.py:925} INFO - DAG(s) 'example_dag_decorator' retrieved from /mnt/d/Project/airflow-news/venv/lib/python3.12/site-packages/airflow/example_dags/example_dag_decorator.py
[2024-12-23T06:12:04.418+0700] {logging_mixin.py:190} INFO - [2024-12-23T06:12:04.417+0700] {dag.py:3239} INFO - Sync 1 DAGs
[2024-12-23T06:12:04.442+0700] {logging_mixin.py:190} INFO - [2024-12-23T06:12:04.441+0700] {dag.py:4180} INFO - Setting next_dagrun for example_dag_decorator to None, run_after=None
[2024-12-23T06:12:04.535+0700] {processor.py:208} INFO - Processing /mnt/d/Project/airflow-news/venv/lib/python3.12/site-packages/airflow/example_dags/example_dag_decorator.py took 1.898 seconds
[2024-12-23T06:12:12.339+0700] {processor.py:186} INFO - Started process (PID=4560) to work on /mnt/d/Project/airflow-news/venv/lib/python3.12/site-packages/airflow/example_dags/example_dag_decorator.py
[2024-12-23T06:12:12.340+0700] {processor.py:914} INFO - Processing file /mnt/d/Project/airflow-news/venv/lib/python3.12/site-packages/airflow/example_dags/example_dag_decorator.py for tasks to queue
[2024-12-23T06:12:12.346+0700] {logging_mixin.py:190} INFO - [2024-12-23T06:12:12.344+0700] {dagbag.py:588} INFO - Filling up the DagBag from /mnt/d/Project/airflow-news/venv/lib/python3.12/site-packages/airflow/example_dags/example_dag_decorator.py
[2024-12-23T06:12:12.443+0700] {processor.py:925} INFO - DAG(s) 'example_dag_decorator' retrieved from /mnt/d/Project/airflow-news/venv/lib/python3.12/site-packages/airflow/example_dags/example_dag_decorator.py
[2024-12-23T06:12:12.470+0700] {logging_mixin.py:190} INFO - [2024-12-23T06:12:12.468+0700] {dag.py:3239} INFO - Sync 1 DAGs
[2024-12-23T06:12:12.495+0700] {logging_mixin.py:190} INFO - [2024-12-23T06:12:12.493+0700] {dag.py:4180} INFO - Setting next_dagrun for example_dag_decorator to None, run_after=None
[2024-12-23T06:12:12.571+0700] {processor.py:208} INFO - Processing /mnt/d/Project/airflow-news/venv/lib/python3.12/site-packages/airflow/example_dags/example_dag_decorator.py took 0.252 seconds
[2024-12-23T06:13:39.221+0700] {processor.py:186} INFO - Started process (PID=4831) to work on /mnt/d/Project/airflow-news/venv/lib/python3.12/site-packages/airflow/example_dags/example_dag_decorator.py
[2024-12-23T06:13:39.224+0700] {processor.py:914} INFO - Processing file /mnt/d/Project/airflow-news/venv/lib/python3.12/site-packages/airflow/example_dags/example_dag_decorator.py for tasks to queue
[2024-12-23T06:13:39.228+0700] {logging_mixin.py:190} INFO - [2024-12-23T06:13:39.226+0700] {dagbag.py:588} INFO - Filling up the DagBag from /mnt/d/Project/airflow-news/venv/lib/python3.12/site-packages/airflow/example_dags/example_dag_decorator.py
[2024-12-23T06:13:39.281+0700] {processor.py:925} INFO - DAG(s) 'example_dag_decorator' retrieved from /mnt/d/Project/airflow-news/venv/lib/python3.12/site-packages/airflow/example_dags/example_dag_decorator.py
[2024-12-23T06:13:40.979+0700] {logging_mixin.py:190} INFO - [2024-12-23T06:13:40.978+0700] {dag.py:3239} INFO - Sync 1 DAGs
[2024-12-23T06:13:40.996+0700] {logging_mixin.py:190} INFO - [2024-12-23T06:13:40.994+0700] {dag.py:4180} INFO - Setting next_dagrun for example_dag_decorator to None, run_after=None
[2024-12-23T06:13:41.075+0700] {processor.py:208} INFO - Processing /mnt/d/Project/airflow-news/venv/lib/python3.12/site-packages/airflow/example_dags/example_dag_decorator.py took 1.870 seconds
[2024-12-23T06:14:10.430+0700] {processor.py:186} INFO - Started process (PID=4903) to work on /mnt/d/Project/airflow-news/venv/lib/python3.12/site-packages/airflow/example_dags/example_dag_decorator.py
[2024-12-23T06:14:10.433+0700] {processor.py:914} INFO - Processing file /mnt/d/Project/airflow-news/venv/lib/python3.12/site-packages/airflow/example_dags/example_dag_decorator.py for tasks to queue
[2024-12-23T06:14:10.439+0700] {logging_mixin.py:190} INFO - [2024-12-23T06:14:10.438+0700] {dagbag.py:588} INFO - Filling up the DagBag from /mnt/d/Project/airflow-news/venv/lib/python3.12/site-packages/airflow/example_dags/example_dag_decorator.py
[2024-12-23T06:14:10.541+0700] {processor.py:925} INFO - DAG(s) 'example_dag_decorator' retrieved from /mnt/d/Project/airflow-news/venv/lib/python3.12/site-packages/airflow/example_dags/example_dag_decorator.py
[2024-12-23T06:14:12.232+0700] {logging_mixin.py:190} INFO - [2024-12-23T06:14:12.230+0700] {dag.py:3239} INFO - Sync 1 DAGs
[2024-12-23T06:14:12.248+0700] {logging_mixin.py:190} INFO - [2024-12-23T06:14:12.247+0700] {dag.py:4180} INFO - Setting next_dagrun for example_dag_decorator to None, run_after=None
[2024-12-23T06:14:12.329+0700] {processor.py:208} INFO - Processing /mnt/d/Project/airflow-news/venv/lib/python3.12/site-packages/airflow/example_dags/example_dag_decorator.py took 1.924 seconds
[2024-12-23T06:15:14.883+0700] {processor.py:186} INFO - Started process (PID=5115) to work on /mnt/d/Project/airflow-news/venv/lib/python3.12/site-packages/airflow/example_dags/example_dag_decorator.py
[2024-12-23T06:15:14.885+0700] {processor.py:914} INFO - Processing file /mnt/d/Project/airflow-news/venv/lib/python3.12/site-packages/airflow/example_dags/example_dag_decorator.py for tasks to queue
[2024-12-23T06:15:14.889+0700] {logging_mixin.py:190} INFO - [2024-12-23T06:15:14.887+0700] {dagbag.py:588} INFO - Filling up the DagBag from /mnt/d/Project/airflow-news/venv/lib/python3.12/site-packages/airflow/example_dags/example_dag_decorator.py
[2024-12-23T06:15:14.937+0700] {processor.py:925} INFO - DAG(s) 'example_dag_decorator' retrieved from /mnt/d/Project/airflow-news/venv/lib/python3.12/site-packages/airflow/example_dags/example_dag_decorator.py
[2024-12-23T06:15:16.673+0700] {logging_mixin.py:190} INFO - [2024-12-23T06:15:16.672+0700] {dag.py:3239} INFO - Sync 1 DAGs
[2024-12-23T06:15:16.690+0700] {logging_mixin.py:190} INFO - [2024-12-23T06:15:16.688+0700] {dag.py:4180} INFO - Setting next_dagrun for example_dag_decorator to None, run_after=None
[2024-12-23T06:15:16.770+0700] {processor.py:208} INFO - Processing /mnt/d/Project/airflow-news/venv/lib/python3.12/site-packages/airflow/example_dags/example_dag_decorator.py took 1.904 seconds
[2024-12-23T06:16:00.854+0700] {processor.py:186} INFO - Started process (PID=5226) to work on /mnt/d/Project/airflow-news/venv/lib/python3.12/site-packages/airflow/example_dags/example_dag_decorator.py
[2024-12-23T06:16:00.857+0700] {processor.py:914} INFO - Processing file /mnt/d/Project/airflow-news/venv/lib/python3.12/site-packages/airflow/example_dags/example_dag_decorator.py for tasks to queue
[2024-12-23T06:16:00.864+0700] {logging_mixin.py:190} INFO - [2024-12-23T06:16:00.861+0700] {dagbag.py:588} INFO - Filling up the DagBag from /mnt/d/Project/airflow-news/venv/lib/python3.12/site-packages/airflow/example_dags/example_dag_decorator.py
[2024-12-23T06:16:00.985+0700] {processor.py:925} INFO - DAG(s) 'example_dag_decorator' retrieved from /mnt/d/Project/airflow-news/venv/lib/python3.12/site-packages/airflow/example_dags/example_dag_decorator.py
[2024-12-23T06:16:03.037+0700] {logging_mixin.py:190} INFO - [2024-12-23T06:16:03.036+0700] {dag.py:3239} INFO - Sync 1 DAGs
[2024-12-23T06:16:03.063+0700] {logging_mixin.py:190} INFO - [2024-12-23T06:16:03.062+0700] {dag.py:4180} INFO - Setting next_dagrun for example_dag_decorator to None, run_after=None
[2024-12-23T06:16:03.174+0700] {processor.py:208} INFO - Processing /mnt/d/Project/airflow-news/venv/lib/python3.12/site-packages/airflow/example_dags/example_dag_decorator.py took 2.345 seconds
[2024-12-23T06:17:55.326+0700] {processor.py:186} INFO - Started process (PID=5527) to work on /mnt/d/Project/airflow-news/venv/lib/python3.12/site-packages/airflow/example_dags/example_dag_decorator.py
[2024-12-23T06:17:55.328+0700] {processor.py:914} INFO - Processing file /mnt/d/Project/airflow-news/venv/lib/python3.12/site-packages/airflow/example_dags/example_dag_decorator.py for tasks to queue
[2024-12-23T06:17:55.333+0700] {logging_mixin.py:190} INFO - [2024-12-23T06:17:55.331+0700] {dagbag.py:588} INFO - Filling up the DagBag from /mnt/d/Project/airflow-news/venv/lib/python3.12/site-packages/airflow/example_dags/example_dag_decorator.py
[2024-12-23T06:17:55.443+0700] {processor.py:925} INFO - DAG(s) 'example_dag_decorator' retrieved from /mnt/d/Project/airflow-news/venv/lib/python3.12/site-packages/airflow/example_dags/example_dag_decorator.py
[2024-12-23T06:17:55.515+0700] {processor.py:186} INFO - Started process (PID=5529) to work on /mnt/d/Project/airflow-news/venv/lib/python3.12/site-packages/airflow/example_dags/example_dag_decorator.py
[2024-12-23T06:17:55.517+0700] {processor.py:914} INFO - Processing file /mnt/d/Project/airflow-news/venv/lib/python3.12/site-packages/airflow/example_dags/example_dag_decorator.py for tasks to queue
[2024-12-23T06:17:55.522+0700] {logging_mixin.py:190} INFO - [2024-12-23T06:17:55.520+0700] {dagbag.py:588} INFO - Filling up the DagBag from /mnt/d/Project/airflow-news/venv/lib/python3.12/site-packages/airflow/example_dags/example_dag_decorator.py
[2024-12-23T06:17:55.567+0700] {processor.py:925} INFO - DAG(s) 'example_dag_decorator' retrieved from /mnt/d/Project/airflow-news/venv/lib/python3.12/site-packages/airflow/example_dags/example_dag_decorator.py
[2024-12-23T06:17:56.830+0700] {logging_mixin.py:190} INFO - [2024-12-23T06:17:56.829+0700] {dag.py:3239} INFO - Sync 1 DAGs
[2024-12-23T06:17:56.853+0700] {logging_mixin.py:190} INFO - [2024-12-23T06:17:56.852+0700] {dag.py:4180} INFO - Setting next_dagrun for example_dag_decorator to None, run_after=None
[2024-12-23T06:17:56.868+0700] {logging_mixin.py:190} INFO - [2024-12-23T06:17:56.867+0700] {dag.py:3239} INFO - Sync 1 DAGs
[2024-12-23T06:17:56.886+0700] {logging_mixin.py:190} INFO - [2024-12-23T06:17:56.885+0700] {dag.py:4180} INFO - Setting next_dagrun for example_dag_decorator to None, run_after=None
[2024-12-23T06:17:56.969+0700] {processor.py:208} INFO - Processing /mnt/d/Project/airflow-news/venv/lib/python3.12/site-packages/airflow/example_dags/example_dag_decorator.py took 1.665 seconds
[2024-12-23T06:17:56.976+0700] {processor.py:208} INFO - Processing /mnt/d/Project/airflow-news/venv/lib/python3.12/site-packages/airflow/example_dags/example_dag_decorator.py took 1.479 seconds
[2024-12-23T06:19:27.528+0700] {processor.py:186} INFO - Started process (PID=5797) to work on /mnt/d/Project/airflow-news/venv/lib/python3.12/site-packages/airflow/example_dags/example_dag_decorator.py
[2024-12-23T06:19:27.530+0700] {processor.py:914} INFO - Processing file /mnt/d/Project/airflow-news/venv/lib/python3.12/site-packages/airflow/example_dags/example_dag_decorator.py for tasks to queue
[2024-12-23T06:19:27.534+0700] {logging_mixin.py:190} INFO - [2024-12-23T06:19:27.533+0700] {dagbag.py:588} INFO - Filling up the DagBag from /mnt/d/Project/airflow-news/venv/lib/python3.12/site-packages/airflow/example_dags/example_dag_decorator.py
[2024-12-23T06:19:27.589+0700] {processor.py:925} INFO - DAG(s) 'example_dag_decorator' retrieved from /mnt/d/Project/airflow-news/venv/lib/python3.12/site-packages/airflow/example_dags/example_dag_decorator.py
[2024-12-23T06:19:29.305+0700] {logging_mixin.py:190} INFO - [2024-12-23T06:19:29.304+0700] {dag.py:3239} INFO - Sync 1 DAGs
[2024-12-23T06:19:29.323+0700] {logging_mixin.py:190} INFO - [2024-12-23T06:19:29.322+0700] {dag.py:4180} INFO - Setting next_dagrun for example_dag_decorator to None, run_after=None
[2024-12-23T06:19:29.424+0700] {processor.py:208} INFO - Processing /mnt/d/Project/airflow-news/venv/lib/python3.12/site-packages/airflow/example_dags/example_dag_decorator.py took 1.913 seconds
[2024-12-23T06:19:46.808+0700] {processor.py:186} INFO - Started process (PID=5853) to work on /mnt/d/Project/airflow-news/venv/lib/python3.12/site-packages/airflow/example_dags/example_dag_decorator.py
[2024-12-23T06:19:46.810+0700] {processor.py:914} INFO - Processing file /mnt/d/Project/airflow-news/venv/lib/python3.12/site-packages/airflow/example_dags/example_dag_decorator.py for tasks to queue
[2024-12-23T06:19:46.815+0700] {logging_mixin.py:190} INFO - [2024-12-23T06:19:46.814+0700] {dagbag.py:588} INFO - Filling up the DagBag from /mnt/d/Project/airflow-news/venv/lib/python3.12/site-packages/airflow/example_dags/example_dag_decorator.py
[2024-12-23T06:19:46.906+0700] {processor.py:925} INFO - DAG(s) 'example_dag_decorator' retrieved from /mnt/d/Project/airflow-news/venv/lib/python3.12/site-packages/airflow/example_dags/example_dag_decorator.py
[2024-12-23T06:19:46.926+0700] {logging_mixin.py:190} INFO - [2024-12-23T06:19:46.925+0700] {dag.py:3239} INFO - Sync 1 DAGs
[2024-12-23T06:19:46.947+0700] {logging_mixin.py:190} INFO - [2024-12-23T06:19:46.945+0700] {dag.py:4180} INFO - Setting next_dagrun for example_dag_decorator to None, run_after=None
[2024-12-23T06:19:47.021+0700] {processor.py:208} INFO - Processing /mnt/d/Project/airflow-news/venv/lib/python3.12/site-packages/airflow/example_dags/example_dag_decorator.py took 0.232 seconds
[2024-12-23T06:20:53.432+0700] {processor.py:186} INFO - Started process (PID=6037) to work on /mnt/d/Project/airflow-news/venv/lib/python3.12/site-packages/airflow/example_dags/example_dag_decorator.py
[2024-12-23T06:20:53.434+0700] {processor.py:914} INFO - Processing file /mnt/d/Project/airflow-news/venv/lib/python3.12/site-packages/airflow/example_dags/example_dag_decorator.py for tasks to queue
[2024-12-23T06:20:53.437+0700] {logging_mixin.py:190} INFO - [2024-12-23T06:20:53.436+0700] {dagbag.py:588} INFO - Filling up the DagBag from /mnt/d/Project/airflow-news/venv/lib/python3.12/site-packages/airflow/example_dags/example_dag_decorator.py
[2024-12-23T06:20:53.471+0700] {processor.py:925} INFO - DAG(s) 'example_dag_decorator' retrieved from /mnt/d/Project/airflow-news/venv/lib/python3.12/site-packages/airflow/example_dags/example_dag_decorator.py
[2024-12-23T06:20:55.743+0700] {logging_mixin.py:190} INFO - [2024-12-23T06:20:55.742+0700] {dag.py:3239} INFO - Sync 1 DAGs
[2024-12-23T06:20:55.762+0700] {logging_mixin.py:190} INFO - [2024-12-23T06:20:55.760+0700] {dag.py:4180} INFO - Setting next_dagrun for example_dag_decorator to None, run_after=None
[2024-12-23T06:20:55.855+0700] {processor.py:208} INFO - Processing /mnt/d/Project/airflow-news/venv/lib/python3.12/site-packages/airflow/example_dags/example_dag_decorator.py took 2.438 seconds
[2024-12-23T06:21:44.181+0700] {processor.py:186} INFO - Started process (PID=6161) to work on /mnt/d/Project/airflow-news/venv/lib/python3.12/site-packages/airflow/example_dags/example_dag_decorator.py
[2024-12-23T06:21:44.184+0700] {processor.py:914} INFO - Processing file /mnt/d/Project/airflow-news/venv/lib/python3.12/site-packages/airflow/example_dags/example_dag_decorator.py for tasks to queue
[2024-12-23T06:21:44.200+0700] {logging_mixin.py:190} INFO - [2024-12-23T06:21:44.196+0700] {dagbag.py:588} INFO - Filling up the DagBag from /mnt/d/Project/airflow-news/venv/lib/python3.12/site-packages/airflow/example_dags/example_dag_decorator.py
[2024-12-23T06:21:44.361+0700] {processor.py:925} INFO - DAG(s) 'example_dag_decorator' retrieved from /mnt/d/Project/airflow-news/venv/lib/python3.12/site-packages/airflow/example_dags/example_dag_decorator.py
[2024-12-23T06:21:46.730+0700] {logging_mixin.py:190} INFO - [2024-12-23T06:21:46.728+0700] {dag.py:3239} INFO - Sync 1 DAGs
[2024-12-23T06:21:46.755+0700] {logging_mixin.py:190} INFO - [2024-12-23T06:21:46.754+0700] {dag.py:4180} INFO - Setting next_dagrun for example_dag_decorator to None, run_after=None
[2024-12-23T06:21:46.923+0700] {processor.py:208} INFO - Processing /mnt/d/Project/airflow-news/venv/lib/python3.12/site-packages/airflow/example_dags/example_dag_decorator.py took 2.783 seconds
[2024-12-23T06:23:17.878+0700] {processor.py:186} INFO - Started process (PID=6448) to work on /mnt/d/Project/airflow-news/venv/lib/python3.12/site-packages/airflow/example_dags/example_dag_decorator.py
[2024-12-23T06:23:17.880+0700] {processor.py:914} INFO - Processing file /mnt/d/Project/airflow-news/venv/lib/python3.12/site-packages/airflow/example_dags/example_dag_decorator.py for tasks to queue
[2024-12-23T06:23:17.885+0700] {logging_mixin.py:190} INFO - [2024-12-23T06:23:17.884+0700] {dagbag.py:588} INFO - Filling up the DagBag from /mnt/d/Project/airflow-news/venv/lib/python3.12/site-packages/airflow/example_dags/example_dag_decorator.py
[2024-12-23T06:23:18.014+0700] {processor.py:925} INFO - DAG(s) 'example_dag_decorator' retrieved from /mnt/d/Project/airflow-news/venv/lib/python3.12/site-packages/airflow/example_dags/example_dag_decorator.py
[2024-12-23T06:23:20.023+0700] {logging_mixin.py:190} INFO - [2024-12-23T06:23:20.022+0700] {dag.py:3239} INFO - Sync 1 DAGs
[2024-12-23T06:23:20.044+0700] {logging_mixin.py:190} INFO - [2024-12-23T06:23:20.042+0700] {dag.py:4180} INFO - Setting next_dagrun for example_dag_decorator to None, run_after=None
[2024-12-23T06:23:20.137+0700] {processor.py:208} INFO - Processing /mnt/d/Project/airflow-news/venv/lib/python3.12/site-packages/airflow/example_dags/example_dag_decorator.py took 2.275 seconds
[2024-12-23T06:23:46.532+0700] {processor.py:186} INFO - Started process (PID=6539) to work on /mnt/d/Project/airflow-news/venv/lib/python3.12/site-packages/airflow/example_dags/example_dag_decorator.py
[2024-12-23T06:23:46.535+0700] {processor.py:914} INFO - Processing file /mnt/d/Project/airflow-news/venv/lib/python3.12/site-packages/airflow/example_dags/example_dag_decorator.py for tasks to queue
[2024-12-23T06:23:46.540+0700] {logging_mixin.py:190} INFO - [2024-12-23T06:23:46.539+0700] {dagbag.py:588} INFO - Filling up the DagBag from /mnt/d/Project/airflow-news/venv/lib/python3.12/site-packages/airflow/example_dags/example_dag_decorator.py
[2024-12-23T06:23:46.633+0700] {processor.py:925} INFO - DAG(s) 'example_dag_decorator' retrieved from /mnt/d/Project/airflow-news/venv/lib/python3.12/site-packages/airflow/example_dags/example_dag_decorator.py
[2024-12-23T06:23:46.658+0700] {logging_mixin.py:190} INFO - [2024-12-23T06:23:46.657+0700] {dag.py:3239} INFO - Sync 1 DAGs
[2024-12-23T06:23:46.683+0700] {logging_mixin.py:190} INFO - [2024-12-23T06:23:46.681+0700] {dag.py:4180} INFO - Setting next_dagrun for example_dag_decorator to None, run_after=None
[2024-12-23T06:23:46.796+0700] {processor.py:208} INFO - Processing /mnt/d/Project/airflow-news/venv/lib/python3.12/site-packages/airflow/example_dags/example_dag_decorator.py took 0.290 seconds
[2024-12-23T06:24:51.399+0700] {processor.py:186} INFO - Started process (PID=6726) to work on /mnt/d/Project/airflow-news/venv/lib/python3.12/site-packages/airflow/example_dags/example_dag_decorator.py
[2024-12-23T06:24:51.401+0700] {processor.py:914} INFO - Processing file /mnt/d/Project/airflow-news/venv/lib/python3.12/site-packages/airflow/example_dags/example_dag_decorator.py for tasks to queue
[2024-12-23T06:24:51.406+0700] {logging_mixin.py:190} INFO - [2024-12-23T06:24:51.405+0700] {dagbag.py:588} INFO - Filling up the DagBag from /mnt/d/Project/airflow-news/venv/lib/python3.12/site-packages/airflow/example_dags/example_dag_decorator.py
[2024-12-23T06:24:51.507+0700] {processor.py:925} INFO - DAG(s) 'example_dag_decorator' retrieved from /mnt/d/Project/airflow-news/venv/lib/python3.12/site-packages/airflow/example_dags/example_dag_decorator.py
[2024-12-23T06:24:51.553+0700] {logging_mixin.py:190} INFO - [2024-12-23T06:24:51.551+0700] {dag.py:3239} INFO - Sync 1 DAGs
[2024-12-23T06:24:51.574+0700] {logging_mixin.py:190} INFO - [2024-12-23T06:24:51.572+0700] {dag.py:4180} INFO - Setting next_dagrun for example_dag_decorator to None, run_after=None
[2024-12-23T06:24:51.653+0700] {processor.py:208} INFO - Processing /mnt/d/Project/airflow-news/venv/lib/python3.12/site-packages/airflow/example_dags/example_dag_decorator.py took 0.267 seconds
[2024-12-23T06:25:31.529+0700] {processor.py:186} INFO - Started process (PID=6865) to work on /mnt/d/Project/airflow-news/venv/lib/python3.12/site-packages/airflow/example_dags/example_dag_decorator.py
[2024-12-23T06:25:31.532+0700] {processor.py:914} INFO - Processing file /mnt/d/Project/airflow-news/venv/lib/python3.12/site-packages/airflow/example_dags/example_dag_decorator.py for tasks to queue
[2024-12-23T06:25:31.537+0700] {logging_mixin.py:190} INFO - [2024-12-23T06:25:31.535+0700] {dagbag.py:588} INFO - Filling up the DagBag from /mnt/d/Project/airflow-news/venv/lib/python3.12/site-packages/airflow/example_dags/example_dag_decorator.py
[2024-12-23T06:25:31.630+0700] {processor.py:925} INFO - DAG(s) 'example_dag_decorator' retrieved from /mnt/d/Project/airflow-news/venv/lib/python3.12/site-packages/airflow/example_dags/example_dag_decorator.py
[2024-12-23T06:25:33.139+0700] {logging_mixin.py:190} INFO - [2024-12-23T06:25:33.138+0700] {dag.py:3239} INFO - Sync 1 DAGs
[2024-12-23T06:25:33.156+0700] {logging_mixin.py:190} INFO - [2024-12-23T06:25:33.154+0700] {dag.py:4180} INFO - Setting next_dagrun for example_dag_decorator to None, run_after=None
[2024-12-23T06:25:33.230+0700] {processor.py:208} INFO - Processing /mnt/d/Project/airflow-news/venv/lib/python3.12/site-packages/airflow/example_dags/example_dag_decorator.py took 1.721 seconds
[2024-12-23T06:26:22.992+0700] {processor.py:186} INFO - Started process (PID=7018) to work on /mnt/d/Project/airflow-news/venv/lib/python3.12/site-packages/airflow/example_dags/example_dag_decorator.py
[2024-12-23T06:26:22.994+0700] {processor.py:914} INFO - Processing file /mnt/d/Project/airflow-news/venv/lib/python3.12/site-packages/airflow/example_dags/example_dag_decorator.py for tasks to queue
[2024-12-23T06:26:23.000+0700] {logging_mixin.py:190} INFO - [2024-12-23T06:26:22.998+0700] {dagbag.py:588} INFO - Filling up the DagBag from /mnt/d/Project/airflow-news/venv/lib/python3.12/site-packages/airflow/example_dags/example_dag_decorator.py
[2024-12-23T06:26:23.103+0700] {processor.py:925} INFO - DAG(s) 'example_dag_decorator' retrieved from /mnt/d/Project/airflow-news/venv/lib/python3.12/site-packages/airflow/example_dags/example_dag_decorator.py
[2024-12-23T06:26:24.644+0700] {logging_mixin.py:190} INFO - [2024-12-23T06:26:24.643+0700] {dag.py:3239} INFO - Sync 1 DAGs
[2024-12-23T06:26:24.664+0700] {logging_mixin.py:190} INFO - [2024-12-23T06:26:24.662+0700] {dag.py:4180} INFO - Setting next_dagrun for example_dag_decorator to None, run_after=None
[2024-12-23T06:26:24.738+0700] {processor.py:208} INFO - Processing /mnt/d/Project/airflow-news/venv/lib/python3.12/site-packages/airflow/example_dags/example_dag_decorator.py took 1.761 seconds
[2024-12-23T06:27:17.783+0700] {processor.py:186} INFO - Started process (PID=7178) to work on /mnt/d/Project/airflow-news/venv/lib/python3.12/site-packages/airflow/example_dags/example_dag_decorator.py
[2024-12-23T06:27:17.786+0700] {processor.py:914} INFO - Processing file /mnt/d/Project/airflow-news/venv/lib/python3.12/site-packages/airflow/example_dags/example_dag_decorator.py for tasks to queue
[2024-12-23T06:27:17.790+0700] {logging_mixin.py:190} INFO - [2024-12-23T06:27:17.789+0700] {dagbag.py:588} INFO - Filling up the DagBag from /mnt/d/Project/airflow-news/venv/lib/python3.12/site-packages/airflow/example_dags/example_dag_decorator.py
[2024-12-23T06:27:17.881+0700] {processor.py:925} INFO - DAG(s) 'example_dag_decorator' retrieved from /mnt/d/Project/airflow-news/venv/lib/python3.12/site-packages/airflow/example_dags/example_dag_decorator.py
[2024-12-23T06:27:19.406+0700] {logging_mixin.py:190} INFO - [2024-12-23T06:27:19.405+0700] {dag.py:3239} INFO - Sync 1 DAGs
[2024-12-23T06:27:19.423+0700] {logging_mixin.py:190} INFO - [2024-12-23T06:27:19.421+0700] {dag.py:4180} INFO - Setting next_dagrun for example_dag_decorator to None, run_after=None
[2024-12-23T06:27:19.498+0700] {processor.py:208} INFO - Processing /mnt/d/Project/airflow-news/venv/lib/python3.12/site-packages/airflow/example_dags/example_dag_decorator.py took 1.735 seconds
[2024-12-23T06:27:58.409+0700] {processor.py:186} INFO - Started process (PID=7299) to work on /mnt/d/Project/airflow-news/venv/lib/python3.12/site-packages/airflow/example_dags/example_dag_decorator.py
[2024-12-23T06:27:58.411+0700] {processor.py:914} INFO - Processing file /mnt/d/Project/airflow-news/venv/lib/python3.12/site-packages/airflow/example_dags/example_dag_decorator.py for tasks to queue
[2024-12-23T06:27:58.415+0700] {logging_mixin.py:190} INFO - [2024-12-23T06:27:58.414+0700] {dagbag.py:588} INFO - Filling up the DagBag from /mnt/d/Project/airflow-news/venv/lib/python3.12/site-packages/airflow/example_dags/example_dag_decorator.py
[2024-12-23T06:27:58.517+0700] {processor.py:925} INFO - DAG(s) 'example_dag_decorator' retrieved from /mnt/d/Project/airflow-news/venv/lib/python3.12/site-packages/airflow/example_dags/example_dag_decorator.py
[2024-12-23T06:28:00.082+0700] {logging_mixin.py:190} INFO - [2024-12-23T06:28:00.080+0700] {dag.py:3239} INFO - Sync 1 DAGs
[2024-12-23T06:28:00.102+0700] {logging_mixin.py:190} INFO - [2024-12-23T06:28:00.101+0700] {dag.py:4180} INFO - Setting next_dagrun for example_dag_decorator to None, run_after=None
[2024-12-23T06:28:00.179+0700] {processor.py:208} INFO - Processing /mnt/d/Project/airflow-news/venv/lib/python3.12/site-packages/airflow/example_dags/example_dag_decorator.py took 1.784 seconds
[2024-12-23T06:29:05.293+0700] {processor.py:186} INFO - Started process (PID=7496) to work on /mnt/d/Project/airflow-news/venv/lib/python3.12/site-packages/airflow/example_dags/example_dag_decorator.py
[2024-12-23T06:29:05.295+0700] {processor.py:914} INFO - Processing file /mnt/d/Project/airflow-news/venv/lib/python3.12/site-packages/airflow/example_dags/example_dag_decorator.py for tasks to queue
[2024-12-23T06:29:05.301+0700] {logging_mixin.py:190} INFO - [2024-12-23T06:29:05.299+0700] {dagbag.py:588} INFO - Filling up the DagBag from /mnt/d/Project/airflow-news/venv/lib/python3.12/site-packages/airflow/example_dags/example_dag_decorator.py
[2024-12-23T06:29:05.395+0700] {processor.py:925} INFO - DAG(s) 'example_dag_decorator' retrieved from /mnt/d/Project/airflow-news/venv/lib/python3.12/site-packages/airflow/example_dags/example_dag_decorator.py
[2024-12-23T06:29:06.972+0700] {logging_mixin.py:190} INFO - [2024-12-23T06:29:06.971+0700] {dag.py:3239} INFO - Sync 1 DAGs
[2024-12-23T06:29:06.990+0700] {logging_mixin.py:190} INFO - [2024-12-23T06:29:06.988+0700] {dag.py:4180} INFO - Setting next_dagrun for example_dag_decorator to None, run_after=None
[2024-12-23T06:29:07.066+0700] {processor.py:208} INFO - Processing /mnt/d/Project/airflow-news/venv/lib/python3.12/site-packages/airflow/example_dags/example_dag_decorator.py took 1.793 seconds
[2024-12-23T06:29:33.336+0700] {processor.py:186} INFO - Started process (PID=7588) to work on /mnt/d/Project/airflow-news/venv/lib/python3.12/site-packages/airflow/example_dags/example_dag_decorator.py
[2024-12-23T06:29:33.339+0700] {processor.py:914} INFO - Processing file /mnt/d/Project/airflow-news/venv/lib/python3.12/site-packages/airflow/example_dags/example_dag_decorator.py for tasks to queue
[2024-12-23T06:29:33.343+0700] {logging_mixin.py:190} INFO - [2024-12-23T06:29:33.342+0700] {dagbag.py:588} INFO - Filling up the DagBag from /mnt/d/Project/airflow-news/venv/lib/python3.12/site-packages/airflow/example_dags/example_dag_decorator.py
[2024-12-23T06:29:33.451+0700] {processor.py:925} INFO - DAG(s) 'example_dag_decorator' retrieved from /mnt/d/Project/airflow-news/venv/lib/python3.12/site-packages/airflow/example_dags/example_dag_decorator.py
[2024-12-23T06:29:33.474+0700] {logging_mixin.py:190} INFO - [2024-12-23T06:29:33.473+0700] {dag.py:3239} INFO - Sync 1 DAGs
[2024-12-23T06:29:33.496+0700] {logging_mixin.py:190} INFO - [2024-12-23T06:29:33.495+0700] {dag.py:4180} INFO - Setting next_dagrun for example_dag_decorator to None, run_after=None
[2024-12-23T06:29:33.569+0700] {processor.py:208} INFO - Processing /mnt/d/Project/airflow-news/venv/lib/python3.12/site-packages/airflow/example_dags/example_dag_decorator.py took 0.248 seconds
[2024-12-23T06:30:52.123+0700] {processor.py:186} INFO - Started process (PID=7812) to work on /mnt/d/Project/airflow-news/venv/lib/python3.12/site-packages/airflow/example_dags/example_dag_decorator.py
[2024-12-23T06:30:52.125+0700] {processor.py:914} INFO - Processing file /mnt/d/Project/airflow-news/venv/lib/python3.12/site-packages/airflow/example_dags/example_dag_decorator.py for tasks to queue
[2024-12-23T06:30:52.130+0700] {logging_mixin.py:190} INFO - [2024-12-23T06:30:52.129+0700] {dagbag.py:588} INFO - Filling up the DagBag from /mnt/d/Project/airflow-news/venv/lib/python3.12/site-packages/airflow/example_dags/example_dag_decorator.py
[2024-12-23T06:30:52.223+0700] {processor.py:925} INFO - DAG(s) 'example_dag_decorator' retrieved from /mnt/d/Project/airflow-news/venv/lib/python3.12/site-packages/airflow/example_dags/example_dag_decorator.py
[2024-12-23T06:30:53.724+0700] {logging_mixin.py:190} INFO - [2024-12-23T06:30:53.722+0700] {dag.py:3239} INFO - Sync 1 DAGs
[2024-12-23T06:30:53.741+0700] {logging_mixin.py:190} INFO - [2024-12-23T06:30:53.739+0700] {dag.py:4180} INFO - Setting next_dagrun for example_dag_decorator to None, run_after=None
[2024-12-23T06:30:53.819+0700] {processor.py:208} INFO - Processing /mnt/d/Project/airflow-news/venv/lib/python3.12/site-packages/airflow/example_dags/example_dag_decorator.py took 1.715 seconds
[2024-12-23T06:30:59.334+0700] {processor.py:186} INFO - Started process (PID=7828) to work on /mnt/d/Project/airflow-news/venv/lib/python3.12/site-packages/airflow/example_dags/example_dag_decorator.py
[2024-12-23T06:30:59.336+0700] {processor.py:914} INFO - Processing file /mnt/d/Project/airflow-news/venv/lib/python3.12/site-packages/airflow/example_dags/example_dag_decorator.py for tasks to queue
[2024-12-23T06:30:59.341+0700] {logging_mixin.py:190} INFO - [2024-12-23T06:30:59.339+0700] {dagbag.py:588} INFO - Filling up the DagBag from /mnt/d/Project/airflow-news/venv/lib/python3.12/site-packages/airflow/example_dags/example_dag_decorator.py
[2024-12-23T06:30:59.440+0700] {processor.py:925} INFO - DAG(s) 'example_dag_decorator' retrieved from /mnt/d/Project/airflow-news/venv/lib/python3.12/site-packages/airflow/example_dags/example_dag_decorator.py
[2024-12-23T06:30:59.467+0700] {logging_mixin.py:190} INFO - [2024-12-23T06:30:59.466+0700] {dag.py:3239} INFO - Sync 1 DAGs
[2024-12-23T06:30:59.489+0700] {logging_mixin.py:190} INFO - [2024-12-23T06:30:59.488+0700] {dag.py:4180} INFO - Setting next_dagrun for example_dag_decorator to None, run_after=None
[2024-12-23T06:30:59.592+0700] {processor.py:208} INFO - Processing /mnt/d/Project/airflow-news/venv/lib/python3.12/site-packages/airflow/example_dags/example_dag_decorator.py took 0.271 seconds
[2024-12-23T06:32:34.511+0700] {processor.py:186} INFO - Started process (PID=8126) to work on /mnt/d/Project/airflow-news/venv/lib/python3.12/site-packages/airflow/example_dags/example_dag_decorator.py
[2024-12-23T06:32:34.513+0700] {processor.py:914} INFO - Processing file /mnt/d/Project/airflow-news/venv/lib/python3.12/site-packages/airflow/example_dags/example_dag_decorator.py for tasks to queue
[2024-12-23T06:32:34.518+0700] {logging_mixin.py:190} INFO - [2024-12-23T06:32:34.516+0700] {dagbag.py:588} INFO - Filling up the DagBag from /mnt/d/Project/airflow-news/venv/lib/python3.12/site-packages/airflow/example_dags/example_dag_decorator.py
[2024-12-23T06:32:34.639+0700] {processor.py:925} INFO - DAG(s) 'example_dag_decorator' retrieved from /mnt/d/Project/airflow-news/venv/lib/python3.12/site-packages/airflow/example_dags/example_dag_decorator.py
[2024-12-23T06:32:36.568+0700] {logging_mixin.py:190} INFO - [2024-12-23T06:32:36.566+0700] {dag.py:3239} INFO - Sync 1 DAGs
[2024-12-23T06:32:36.591+0700] {logging_mixin.py:190} INFO - [2024-12-23T06:32:36.589+0700] {dag.py:4180} INFO - Setting next_dagrun for example_dag_decorator to None, run_after=None
[2024-12-23T06:32:36.689+0700] {processor.py:208} INFO - Processing /mnt/d/Project/airflow-news/venv/lib/python3.12/site-packages/airflow/example_dags/example_dag_decorator.py took 2.198 seconds
[2024-12-23T06:32:43.154+0700] {processor.py:186} INFO - Started process (PID=8142) to work on /mnt/d/Project/airflow-news/venv/lib/python3.12/site-packages/airflow/example_dags/example_dag_decorator.py
[2024-12-23T06:32:43.157+0700] {processor.py:914} INFO - Processing file /mnt/d/Project/airflow-news/venv/lib/python3.12/site-packages/airflow/example_dags/example_dag_decorator.py for tasks to queue
[2024-12-23T06:32:43.164+0700] {logging_mixin.py:190} INFO - [2024-12-23T06:32:43.162+0700] {dagbag.py:588} INFO - Filling up the DagBag from /mnt/d/Project/airflow-news/venv/lib/python3.12/site-packages/airflow/example_dags/example_dag_decorator.py
[2024-12-23T06:32:43.311+0700] {processor.py:925} INFO - DAG(s) 'example_dag_decorator' retrieved from /mnt/d/Project/airflow-news/venv/lib/python3.12/site-packages/airflow/example_dags/example_dag_decorator.py
[2024-12-23T06:32:43.350+0700] {logging_mixin.py:190} INFO - [2024-12-23T06:32:43.348+0700] {dag.py:3239} INFO - Sync 1 DAGs
[2024-12-23T06:32:43.384+0700] {logging_mixin.py:190} INFO - [2024-12-23T06:32:43.382+0700] {dag.py:4180} INFO - Setting next_dagrun for example_dag_decorator to None, run_after=None
[2024-12-23T06:32:43.501+0700] {processor.py:208} INFO - Processing /mnt/d/Project/airflow-news/venv/lib/python3.12/site-packages/airflow/example_dags/example_dag_decorator.py took 0.375 seconds
[2024-12-23T06:34:09.067+0700] {processor.py:186} INFO - Started process (PID=8411) to work on /mnt/d/Project/airflow-news/venv/lib/python3.12/site-packages/airflow/example_dags/example_dag_decorator.py
[2024-12-23T06:34:09.069+0700] {processor.py:914} INFO - Processing file /mnt/d/Project/airflow-news/venv/lib/python3.12/site-packages/airflow/example_dags/example_dag_decorator.py for tasks to queue
[2024-12-23T06:34:09.073+0700] {logging_mixin.py:190} INFO - [2024-12-23T06:34:09.071+0700] {dagbag.py:588} INFO - Filling up the DagBag from /mnt/d/Project/airflow-news/venv/lib/python3.12/site-packages/airflow/example_dags/example_dag_decorator.py
[2024-12-23T06:34:09.166+0700] {processor.py:925} INFO - DAG(s) 'example_dag_decorator' retrieved from /mnt/d/Project/airflow-news/venv/lib/python3.12/site-packages/airflow/example_dags/example_dag_decorator.py
[2024-12-23T06:34:10.713+0700] {logging_mixin.py:190} INFO - [2024-12-23T06:34:10.712+0700] {dag.py:3239} INFO - Sync 1 DAGs
[2024-12-23T06:34:10.730+0700] {logging_mixin.py:190} INFO - [2024-12-23T06:34:10.728+0700] {dag.py:4180} INFO - Setting next_dagrun for example_dag_decorator to None, run_after=None
[2024-12-23T06:34:10.803+0700] {processor.py:208} INFO - Processing /mnt/d/Project/airflow-news/venv/lib/python3.12/site-packages/airflow/example_dags/example_dag_decorator.py took 1.750 seconds
[2024-12-23T06:34:27.976+0700] {processor.py:186} INFO - Started process (PID=8458) to work on /mnt/d/Project/airflow-news/venv/lib/python3.12/site-packages/airflow/example_dags/example_dag_decorator.py
[2024-12-23T06:34:27.979+0700] {processor.py:914} INFO - Processing file /mnt/d/Project/airflow-news/venv/lib/python3.12/site-packages/airflow/example_dags/example_dag_decorator.py for tasks to queue
[2024-12-23T06:34:27.986+0700] {logging_mixin.py:190} INFO - [2024-12-23T06:34:27.984+0700] {dagbag.py:588} INFO - Filling up the DagBag from /mnt/d/Project/airflow-news/venv/lib/python3.12/site-packages/airflow/example_dags/example_dag_decorator.py
[2024-12-23T06:34:28.106+0700] {processor.py:925} INFO - DAG(s) 'example_dag_decorator' retrieved from /mnt/d/Project/airflow-news/venv/lib/python3.12/site-packages/airflow/example_dags/example_dag_decorator.py
[2024-12-23T06:34:28.135+0700] {logging_mixin.py:190} INFO - [2024-12-23T06:34:28.133+0700] {dag.py:3239} INFO - Sync 1 DAGs
[2024-12-23T06:34:28.170+0700] {logging_mixin.py:190} INFO - [2024-12-23T06:34:28.168+0700] {dag.py:4180} INFO - Setting next_dagrun for example_dag_decorator to None, run_after=None
[2024-12-23T06:34:28.251+0700] {processor.py:208} INFO - Processing /mnt/d/Project/airflow-news/venv/lib/python3.12/site-packages/airflow/example_dags/example_dag_decorator.py took 0.303 seconds
[2024-12-23T06:36:52.601+0700] {processor.py:186} INFO - Started process (PID=8885) to work on /mnt/d/Project/airflow-news/venv/lib/python3.12/site-packages/airflow/example_dags/example_dag_decorator.py
[2024-12-23T06:36:52.603+0700] {processor.py:914} INFO - Processing file /mnt/d/Project/airflow-news/venv/lib/python3.12/site-packages/airflow/example_dags/example_dag_decorator.py for tasks to queue
[2024-12-23T06:36:52.607+0700] {logging_mixin.py:190} INFO - [2024-12-23T06:36:52.606+0700] {dagbag.py:588} INFO - Filling up the DagBag from /mnt/d/Project/airflow-news/venv/lib/python3.12/site-packages/airflow/example_dags/example_dag_decorator.py
[2024-12-23T06:36:52.710+0700] {processor.py:925} INFO - DAG(s) 'example_dag_decorator' retrieved from /mnt/d/Project/airflow-news/venv/lib/python3.12/site-packages/airflow/example_dags/example_dag_decorator.py
[2024-12-23T06:36:54.291+0700] {logging_mixin.py:190} INFO - [2024-12-23T06:36:54.289+0700] {dag.py:3239} INFO - Sync 1 DAGs
[2024-12-23T06:36:54.309+0700] {logging_mixin.py:190} INFO - [2024-12-23T06:36:54.308+0700] {dag.py:4180} INFO - Setting next_dagrun for example_dag_decorator to None, run_after=None
[2024-12-23T06:36:54.383+0700] {processor.py:208} INFO - Processing /mnt/d/Project/airflow-news/venv/lib/python3.12/site-packages/airflow/example_dags/example_dag_decorator.py took 1.804 seconds
[2024-12-23T06:37:13.255+0700] {processor.py:186} INFO - Started process (PID=8941) to work on /mnt/d/Project/airflow-news/venv/lib/python3.12/site-packages/airflow/example_dags/example_dag_decorator.py
[2024-12-23T06:37:13.258+0700] {processor.py:914} INFO - Processing file /mnt/d/Project/airflow-news/venv/lib/python3.12/site-packages/airflow/example_dags/example_dag_decorator.py for tasks to queue
[2024-12-23T06:37:13.263+0700] {logging_mixin.py:190} INFO - [2024-12-23T06:37:13.261+0700] {dagbag.py:588} INFO - Filling up the DagBag from /mnt/d/Project/airflow-news/venv/lib/python3.12/site-packages/airflow/example_dags/example_dag_decorator.py
[2024-12-23T06:37:13.369+0700] {processor.py:925} INFO - DAG(s) 'example_dag_decorator' retrieved from /mnt/d/Project/airflow-news/venv/lib/python3.12/site-packages/airflow/example_dags/example_dag_decorator.py
[2024-12-23T06:37:13.393+0700] {logging_mixin.py:190} INFO - [2024-12-23T06:37:13.391+0700] {dag.py:3239} INFO - Sync 1 DAGs
[2024-12-23T06:37:13.414+0700] {logging_mixin.py:190} INFO - [2024-12-23T06:37:13.412+0700] {dag.py:4180} INFO - Setting next_dagrun for example_dag_decorator to None, run_after=None
[2024-12-23T06:37:13.489+0700] {processor.py:208} INFO - Processing /mnt/d/Project/airflow-news/venv/lib/python3.12/site-packages/airflow/example_dags/example_dag_decorator.py took 0.251 seconds
[2024-12-23T06:38:48.682+0700] {processor.py:186} INFO - Started process (PID=9275) to work on /mnt/d/Project/airflow-news/venv/lib/python3.12/site-packages/airflow/example_dags/example_dag_decorator.py
[2024-12-23T06:38:48.686+0700] {processor.py:914} INFO - Processing file /mnt/d/Project/airflow-news/venv/lib/python3.12/site-packages/airflow/example_dags/example_dag_decorator.py for tasks to queue
[2024-12-23T06:38:48.693+0700] {logging_mixin.py:190} INFO - [2024-12-23T06:38:48.692+0700] {dagbag.py:588} INFO - Filling up the DagBag from /mnt/d/Project/airflow-news/venv/lib/python3.12/site-packages/airflow/example_dags/example_dag_decorator.py
[2024-12-23T06:38:48.838+0700] {processor.py:925} INFO - DAG(s) 'example_dag_decorator' retrieved from /mnt/d/Project/airflow-news/venv/lib/python3.12/site-packages/airflow/example_dags/example_dag_decorator.py
[2024-12-23T06:38:50.853+0700] {logging_mixin.py:190} INFO - [2024-12-23T06:38:50.851+0700] {dag.py:3239} INFO - Sync 1 DAGs
[2024-12-23T06:38:50.890+0700] {logging_mixin.py:190} INFO - [2024-12-23T06:38:50.888+0700] {dag.py:4180} INFO - Setting next_dagrun for example_dag_decorator to None, run_after=None
[2024-12-23T06:38:51.027+0700] {processor.py:208} INFO - Processing /mnt/d/Project/airflow-news/venv/lib/python3.12/site-packages/airflow/example_dags/example_dag_decorator.py took 2.365 seconds
[2024-12-23T06:38:57.301+0700] {processor.py:186} INFO - Started process (PID=9303) to work on /mnt/d/Project/airflow-news/venv/lib/python3.12/site-packages/airflow/example_dags/example_dag_decorator.py
[2024-12-23T06:38:57.304+0700] {processor.py:914} INFO - Processing file /mnt/d/Project/airflow-news/venv/lib/python3.12/site-packages/airflow/example_dags/example_dag_decorator.py for tasks to queue
[2024-12-23T06:38:57.309+0700] {logging_mixin.py:190} INFO - [2024-12-23T06:38:57.307+0700] {dagbag.py:588} INFO - Filling up the DagBag from /mnt/d/Project/airflow-news/venv/lib/python3.12/site-packages/airflow/example_dags/example_dag_decorator.py
[2024-12-23T06:38:57.415+0700] {processor.py:925} INFO - DAG(s) 'example_dag_decorator' retrieved from /mnt/d/Project/airflow-news/venv/lib/python3.12/site-packages/airflow/example_dags/example_dag_decorator.py
[2024-12-23T06:38:57.439+0700] {logging_mixin.py:190} INFO - [2024-12-23T06:38:57.438+0700] {dag.py:3239} INFO - Sync 1 DAGs
[2024-12-23T06:38:57.459+0700] {logging_mixin.py:190} INFO - [2024-12-23T06:38:57.457+0700] {dag.py:4180} INFO - Setting next_dagrun for example_dag_decorator to None, run_after=None
[2024-12-23T06:38:57.537+0700] {processor.py:208} INFO - Processing /mnt/d/Project/airflow-news/venv/lib/python3.12/site-packages/airflow/example_dags/example_dag_decorator.py took 0.256 seconds
