[2024-12-23T05:45:46.555+0700] {processor.py:186} INFO - Started process (PID=1412) to work on /mnt/d/Project/airflow-news/venv/lib/python3.12/site-packages/airflow/example_dags/example_latest_only_with_trigger.py
[2024-12-23T05:45:46.557+0700] {processor.py:914} INFO - Processing file /mnt/d/Project/airflow-news/venv/lib/python3.12/site-packages/airflow/example_dags/example_latest_only_with_trigger.py for tasks to queue
[2024-12-23T05:45:46.563+0700] {logging_mixin.py:190} INFO - [2024-12-23T05:45:46.561+0700] {dagbag.py:588} INFO - Filling up the DagBag from /mnt/d/Project/airflow-news/venv/lib/python3.12/site-packages/airflow/example_dags/example_latest_only_with_trigger.py
[2024-12-23T05:45:46.647+0700] {processor.py:925} INFO - DAG(s) 'latest_only_with_trigger' retrieved from /mnt/d/Project/airflow-news/venv/lib/python3.12/site-packages/airflow/example_dags/example_latest_only_with_trigger.py
[2024-12-23T05:45:48.238+0700] {logging_mixin.py:190} INFO - [2024-12-23T05:45:48.236+0700] {override.py:1911} INFO - Created Permission View: can edit on DAG:latest_only_with_trigger
[2024-12-23T05:45:48.288+0700] {logging_mixin.py:190} INFO - [2024-12-23T05:45:48.287+0700] {override.py:1911} INFO - Created Permission View: can read on DAG:latest_only_with_trigger
[2024-12-23T05:45:48.329+0700] {logging_mixin.py:190} INFO - [2024-12-23T05:45:48.327+0700] {override.py:1911} INFO - Created Permission View: can delete on DAG:latest_only_with_trigger
[2024-12-23T05:45:48.395+0700] {logging_mixin.py:190} INFO - [2024-12-23T05:45:48.393+0700] {override.py:1911} INFO - Created Permission View: can read on DAG Run:latest_only_with_trigger
[2024-12-23T05:45:48.435+0700] {logging_mixin.py:190} INFO - [2024-12-23T05:45:48.433+0700] {override.py:1911} INFO - Created Permission View: can delete on DAG Run:latest_only_with_trigger
[2024-12-23T05:45:48.482+0700] {logging_mixin.py:190} INFO - [2024-12-23T05:45:48.480+0700] {override.py:1911} INFO - Created Permission View: menu access on DAG Run:latest_only_with_trigger
[2024-12-23T05:45:48.533+0700] {logging_mixin.py:190} INFO - [2024-12-23T05:45:48.531+0700] {override.py:1911} INFO - Created Permission View: can create on DAG Run:latest_only_with_trigger
[2024-12-23T05:45:48.536+0700] {logging_mixin.py:190} INFO - [2024-12-23T05:45:48.535+0700] {dag.py:3239} INFO - Sync 1 DAGs
[2024-12-23T05:45:48.562+0700] {logging_mixin.py:190} INFO - [2024-12-23T05:45:48.561+0700] {dag.py:3262} INFO - Creating ORM DAG for latest_only_with_trigger
[2024-12-23T05:45:48.585+0700] {logging_mixin.py:190} INFO - [2024-12-23T05:45:48.584+0700] {dag.py:4180} INFO - Setting next_dagrun for latest_only_with_trigger to 2024-12-22 16:00:00+00:00, run_after=2024-12-22 20:00:00+00:00
[2024-12-23T05:45:48.660+0700] {processor.py:208} INFO - Processing /mnt/d/Project/airflow-news/venv/lib/python3.12/site-packages/airflow/example_dags/example_latest_only_with_trigger.py took 2.119 seconds
[2024-12-23T05:53:23.589+0700] {processor.py:186} INFO - Started process (PID=1780) to work on /mnt/d/Project/airflow-news/venv/lib/python3.12/site-packages/airflow/example_dags/example_latest_only_with_trigger.py
[2024-12-23T05:53:23.591+0700] {processor.py:914} INFO - Processing file /mnt/d/Project/airflow-news/venv/lib/python3.12/site-packages/airflow/example_dags/example_latest_only_with_trigger.py for tasks to queue
[2024-12-23T05:53:23.597+0700] {logging_mixin.py:190} INFO - [2024-12-23T05:53:23.596+0700] {dagbag.py:588} INFO - Filling up the DagBag from /mnt/d/Project/airflow-news/venv/lib/python3.12/site-packages/airflow/example_dags/example_latest_only_with_trigger.py
[2024-12-23T05:53:23.705+0700] {processor.py:925} INFO - DAG(s) 'latest_only_with_trigger' retrieved from /mnt/d/Project/airflow-news/venv/lib/python3.12/site-packages/airflow/example_dags/example_latest_only_with_trigger.py
[2024-12-23T05:53:25.546+0700] {logging_mixin.py:190} INFO - [2024-12-23T05:53:25.545+0700] {dag.py:3239} INFO - Sync 1 DAGs
[2024-12-23T05:53:25.588+0700] {logging_mixin.py:190} INFO - [2024-12-23T05:53:25.586+0700] {dag.py:4180} INFO - Setting next_dagrun for latest_only_with_trigger to 2024-12-22 16:00:00+00:00, run_after=2024-12-22 20:00:00+00:00
[2024-12-23T05:53:25.667+0700] {processor.py:208} INFO - Processing /mnt/d/Project/airflow-news/venv/lib/python3.12/site-packages/airflow/example_dags/example_latest_only_with_trigger.py took 2.094 seconds
[2024-12-23T05:53:46.867+0700] {processor.py:186} INFO - Started process (PID=1838) to work on /mnt/d/Project/airflow-news/venv/lib/python3.12/site-packages/airflow/example_dags/example_latest_only_with_trigger.py
[2024-12-23T05:53:46.870+0700] {processor.py:914} INFO - Processing file /mnt/d/Project/airflow-news/venv/lib/python3.12/site-packages/airflow/example_dags/example_latest_only_with_trigger.py for tasks to queue
[2024-12-23T05:53:46.875+0700] {logging_mixin.py:190} INFO - [2024-12-23T05:53:46.873+0700] {dagbag.py:588} INFO - Filling up the DagBag from /mnt/d/Project/airflow-news/venv/lib/python3.12/site-packages/airflow/example_dags/example_latest_only_with_trigger.py
[2024-12-23T05:53:46.980+0700] {processor.py:925} INFO - DAG(s) 'latest_only_with_trigger' retrieved from /mnt/d/Project/airflow-news/venv/lib/python3.12/site-packages/airflow/example_dags/example_latest_only_with_trigger.py
[2024-12-23T05:53:47.009+0700] {logging_mixin.py:190} INFO - [2024-12-23T05:53:47.008+0700] {dag.py:3239} INFO - Sync 1 DAGs
[2024-12-23T05:53:47.052+0700] {logging_mixin.py:190} INFO - [2024-12-23T05:53:47.051+0700] {dag.py:4180} INFO - Setting next_dagrun for latest_only_with_trigger to 2024-12-22 16:00:00+00:00, run_after=2024-12-22 20:00:00+00:00
[2024-12-23T05:53:47.159+0700] {processor.py:208} INFO - Processing /mnt/d/Project/airflow-news/venv/lib/python3.12/site-packages/airflow/example_dags/example_latest_only_with_trigger.py took 0.308 seconds
[2024-12-23T05:55:28.414+0700] {processor.py:186} INFO - Started process (PID=2124) to work on /mnt/d/Project/airflow-news/venv/lib/python3.12/site-packages/airflow/example_dags/example_latest_only_with_trigger.py
[2024-12-23T05:55:28.416+0700] {processor.py:914} INFO - Processing file /mnt/d/Project/airflow-news/venv/lib/python3.12/site-packages/airflow/example_dags/example_latest_only_with_trigger.py for tasks to queue
[2024-12-23T05:55:28.420+0700] {logging_mixin.py:190} INFO - [2024-12-23T05:55:28.419+0700] {dagbag.py:588} INFO - Filling up the DagBag from /mnt/d/Project/airflow-news/venv/lib/python3.12/site-packages/airflow/example_dags/example_latest_only_with_trigger.py
[2024-12-23T05:55:28.510+0700] {processor.py:925} INFO - DAG(s) 'latest_only_with_trigger' retrieved from /mnt/d/Project/airflow-news/venv/lib/python3.12/site-packages/airflow/example_dags/example_latest_only_with_trigger.py
[2024-12-23T05:55:28.550+0700] {logging_mixin.py:190} INFO - [2024-12-23T05:55:28.549+0700] {dag.py:3239} INFO - Sync 1 DAGs
[2024-12-23T05:55:28.590+0700] {logging_mixin.py:190} INFO - [2024-12-23T05:55:28.589+0700] {dag.py:4180} INFO - Setting next_dagrun for latest_only_with_trigger to 2024-12-22 16:00:00+00:00, run_after=2024-12-22 20:00:00+00:00
[2024-12-23T05:55:28.660+0700] {processor.py:208} INFO - Processing /mnt/d/Project/airflow-news/venv/lib/python3.12/site-packages/airflow/example_dags/example_latest_only_with_trigger.py took 0.260 seconds
[2024-12-23T05:56:59.576+0700] {processor.py:186} INFO - Started process (PID=2301) to work on /mnt/d/Project/airflow-news/venv/lib/python3.12/site-packages/airflow/example_dags/example_latest_only_with_trigger.py
[2024-12-23T05:56:59.578+0700] {processor.py:914} INFO - Processing file /mnt/d/Project/airflow-news/venv/lib/python3.12/site-packages/airflow/example_dags/example_latest_only_with_trigger.py for tasks to queue
[2024-12-23T05:56:59.583+0700] {logging_mixin.py:190} INFO - [2024-12-23T05:56:59.582+0700] {dagbag.py:588} INFO - Filling up the DagBag from /mnt/d/Project/airflow-news/venv/lib/python3.12/site-packages/airflow/example_dags/example_latest_only_with_trigger.py
[2024-12-23T05:56:59.673+0700] {processor.py:925} INFO - DAG(s) 'latest_only_with_trigger' retrieved from /mnt/d/Project/airflow-news/venv/lib/python3.12/site-packages/airflow/example_dags/example_latest_only_with_trigger.py
[2024-12-23T05:56:59.707+0700] {logging_mixin.py:190} INFO - [2024-12-23T05:56:59.706+0700] {dag.py:3239} INFO - Sync 1 DAGs
[2024-12-23T05:56:59.745+0700] {logging_mixin.py:190} INFO - [2024-12-23T05:56:59.744+0700] {dag.py:4180} INFO - Setting next_dagrun for latest_only_with_trigger to 2024-12-22 16:00:00+00:00, run_after=2024-12-22 20:00:00+00:00
[2024-12-23T05:56:59.815+0700] {processor.py:208} INFO - Processing /mnt/d/Project/airflow-news/venv/lib/python3.12/site-packages/airflow/example_dags/example_latest_only_with_trigger.py took 0.253 seconds
[2024-12-23T05:58:36.511+0700] {processor.py:186} INFO - Started process (PID=2538) to work on /mnt/d/Project/airflow-news/venv/lib/python3.12/site-packages/airflow/example_dags/example_latest_only_with_trigger.py
[2024-12-23T05:58:36.513+0700] {processor.py:914} INFO - Processing file /mnt/d/Project/airflow-news/venv/lib/python3.12/site-packages/airflow/example_dags/example_latest_only_with_trigger.py for tasks to queue
[2024-12-23T05:58:36.519+0700] {logging_mixin.py:190} INFO - [2024-12-23T05:58:36.517+0700] {dagbag.py:588} INFO - Filling up the DagBag from /mnt/d/Project/airflow-news/venv/lib/python3.12/site-packages/airflow/example_dags/example_latest_only_with_trigger.py
[2024-12-23T05:58:36.626+0700] {processor.py:925} INFO - DAG(s) 'latest_only_with_trigger' retrieved from /mnt/d/Project/airflow-news/venv/lib/python3.12/site-packages/airflow/example_dags/example_latest_only_with_trigger.py
[2024-12-23T05:58:36.669+0700] {logging_mixin.py:190} INFO - [2024-12-23T05:58:36.668+0700] {dag.py:3239} INFO - Sync 1 DAGs
[2024-12-23T05:58:36.712+0700] {logging_mixin.py:190} INFO - [2024-12-23T05:58:36.711+0700] {dag.py:4180} INFO - Setting next_dagrun for latest_only_with_trigger to 2024-12-22 16:00:00+00:00, run_after=2024-12-22 20:00:00+00:00
[2024-12-23T05:58:36.845+0700] {processor.py:208} INFO - Processing /mnt/d/Project/airflow-news/venv/lib/python3.12/site-packages/airflow/example_dags/example_latest_only_with_trigger.py took 0.353 seconds
[2024-12-23T05:59:25.276+0700] {processor.py:186} INFO - Started process (PID=2649) to work on /mnt/d/Project/airflow-news/venv/lib/python3.12/site-packages/airflow/example_dags/example_latest_only_with_trigger.py
[2024-12-23T05:59:25.278+0700] {processor.py:914} INFO - Processing file /mnt/d/Project/airflow-news/venv/lib/python3.12/site-packages/airflow/example_dags/example_latest_only_with_trigger.py for tasks to queue
[2024-12-23T05:59:25.285+0700] {logging_mixin.py:190} INFO - [2024-12-23T05:59:25.283+0700] {dagbag.py:588} INFO - Filling up the DagBag from /mnt/d/Project/airflow-news/venv/lib/python3.12/site-packages/airflow/example_dags/example_latest_only_with_trigger.py
[2024-12-23T05:59:25.348+0700] {processor.py:925} INFO - DAG(s) 'latest_only_with_trigger' retrieved from /mnt/d/Project/airflow-news/venv/lib/python3.12/site-packages/airflow/example_dags/example_latest_only_with_trigger.py
[2024-12-23T05:59:25.400+0700] {logging_mixin.py:190} INFO - [2024-12-23T05:59:25.398+0700] {dag.py:3239} INFO - Sync 1 DAGs
[2024-12-23T05:59:25.450+0700] {logging_mixin.py:190} INFO - [2024-12-23T05:59:25.448+0700] {dag.py:4180} INFO - Setting next_dagrun for latest_only_with_trigger to 2024-12-22 16:00:00+00:00, run_after=2024-12-22 20:00:00+00:00
[2024-12-23T05:59:25.530+0700] {processor.py:208} INFO - Processing /mnt/d/Project/airflow-news/venv/lib/python3.12/site-packages/airflow/example_dags/example_latest_only_with_trigger.py took 0.269 seconds
[2024-12-23T06:00:16.296+0700] {processor.py:186} INFO - Started process (PID=2801) to work on /mnt/d/Project/airflow-news/venv/lib/python3.12/site-packages/airflow/example_dags/example_latest_only_with_trigger.py
[2024-12-23T06:00:16.299+0700] {processor.py:914} INFO - Processing file /mnt/d/Project/airflow-news/venv/lib/python3.12/site-packages/airflow/example_dags/example_latest_only_with_trigger.py for tasks to queue
[2024-12-23T06:00:16.305+0700] {logging_mixin.py:190} INFO - [2024-12-23T06:00:16.303+0700] {dagbag.py:588} INFO - Filling up the DagBag from /mnt/d/Project/airflow-news/venv/lib/python3.12/site-packages/airflow/example_dags/example_latest_only_with_trigger.py
[2024-12-23T06:00:16.402+0700] {processor.py:925} INFO - DAG(s) 'latest_only_with_trigger' retrieved from /mnt/d/Project/airflow-news/venv/lib/python3.12/site-packages/airflow/example_dags/example_latest_only_with_trigger.py
[2024-12-23T06:00:16.445+0700] {logging_mixin.py:190} INFO - [2024-12-23T06:00:16.444+0700] {dag.py:3239} INFO - Sync 1 DAGs
[2024-12-23T06:00:16.496+0700] {logging_mixin.py:190} INFO - [2024-12-23T06:00:16.494+0700] {dag.py:4180} INFO - Setting next_dagrun for latest_only_with_trigger to 2024-12-22 16:00:00+00:00, run_after=2024-12-22 20:00:00+00:00
[2024-12-23T06:00:16.727+0700] {processor.py:208} INFO - Processing /mnt/d/Project/airflow-news/venv/lib/python3.12/site-packages/airflow/example_dags/example_latest_only_with_trigger.py took 0.450 seconds
[2024-12-23T06:00:49.498+0700] {processor.py:186} INFO - Started process (PID=2885) to work on /mnt/d/Project/airflow-news/venv/lib/python3.12/site-packages/airflow/example_dags/example_latest_only_with_trigger.py
[2024-12-23T06:00:49.500+0700] {processor.py:914} INFO - Processing file /mnt/d/Project/airflow-news/venv/lib/python3.12/site-packages/airflow/example_dags/example_latest_only_with_trigger.py for tasks to queue
[2024-12-23T06:00:49.505+0700] {logging_mixin.py:190} INFO - [2024-12-23T06:00:49.503+0700] {dagbag.py:588} INFO - Filling up the DagBag from /mnt/d/Project/airflow-news/venv/lib/python3.12/site-packages/airflow/example_dags/example_latest_only_with_trigger.py
[2024-12-23T06:00:49.604+0700] {processor.py:925} INFO - DAG(s) 'latest_only_with_trigger' retrieved from /mnt/d/Project/airflow-news/venv/lib/python3.12/site-packages/airflow/example_dags/example_latest_only_with_trigger.py
[2024-12-23T06:00:49.643+0700] {logging_mixin.py:190} INFO - [2024-12-23T06:00:49.642+0700] {dag.py:3239} INFO - Sync 1 DAGs
[2024-12-23T06:00:49.695+0700] {logging_mixin.py:190} INFO - [2024-12-23T06:00:49.694+0700] {dag.py:4180} INFO - Setting next_dagrun for latest_only_with_trigger to 2024-12-22 16:00:00+00:00, run_after=2024-12-22 20:00:00+00:00
[2024-12-23T06:00:49.789+0700] {processor.py:208} INFO - Processing /mnt/d/Project/airflow-news/venv/lib/python3.12/site-packages/airflow/example_dags/example_latest_only_with_trigger.py took 0.307 seconds
[2024-12-23T06:02:18.114+0700] {processor.py:186} INFO - Started process (PID=3081) to work on /mnt/d/Project/airflow-news/venv/lib/python3.12/site-packages/airflow/example_dags/example_latest_only_with_trigger.py
[2024-12-23T06:02:18.117+0700] {processor.py:914} INFO - Processing file /mnt/d/Project/airflow-news/venv/lib/python3.12/site-packages/airflow/example_dags/example_latest_only_with_trigger.py for tasks to queue
[2024-12-23T06:02:18.127+0700] {logging_mixin.py:190} INFO - [2024-12-23T06:02:18.124+0700] {dagbag.py:588} INFO - Filling up the DagBag from /mnt/d/Project/airflow-news/venv/lib/python3.12/site-packages/airflow/example_dags/example_latest_only_with_trigger.py
[2024-12-23T06:02:18.290+0700] {processor.py:925} INFO - DAG(s) 'latest_only_with_trigger' retrieved from /mnt/d/Project/airflow-news/venv/lib/python3.12/site-packages/airflow/example_dags/example_latest_only_with_trigger.py
[2024-12-23T06:02:18.361+0700] {logging_mixin.py:190} INFO - [2024-12-23T06:02:18.359+0700] {dag.py:3239} INFO - Sync 1 DAGs
[2024-12-23T06:02:18.429+0700] {logging_mixin.py:190} INFO - [2024-12-23T06:02:18.427+0700] {dag.py:4180} INFO - Setting next_dagrun for latest_only_with_trigger to 2024-12-22 16:00:00+00:00, run_after=2024-12-22 20:00:00+00:00
[2024-12-23T06:02:18.544+0700] {processor.py:208} INFO - Processing /mnt/d/Project/airflow-news/venv/lib/python3.12/site-packages/airflow/example_dags/example_latest_only_with_trigger.py took 0.460 seconds
[2024-12-23T06:04:29.075+0700] {processor.py:186} INFO - Started process (PID=3401) to work on /mnt/d/Project/airflow-news/venv/lib/python3.12/site-packages/airflow/example_dags/example_latest_only_with_trigger.py
[2024-12-23T06:04:29.077+0700] {processor.py:914} INFO - Processing file /mnt/d/Project/airflow-news/venv/lib/python3.12/site-packages/airflow/example_dags/example_latest_only_with_trigger.py for tasks to queue
[2024-12-23T06:04:29.084+0700] {logging_mixin.py:190} INFO - [2024-12-23T06:04:29.082+0700] {dagbag.py:588} INFO - Filling up the DagBag from /mnt/d/Project/airflow-news/venv/lib/python3.12/site-packages/airflow/example_dags/example_latest_only_with_trigger.py
[2024-12-23T06:04:29.170+0700] {processor.py:925} INFO - DAG(s) 'latest_only_with_trigger' retrieved from /mnt/d/Project/airflow-news/venv/lib/python3.12/site-packages/airflow/example_dags/example_latest_only_with_trigger.py
[2024-12-23T06:04:29.218+0700] {logging_mixin.py:190} INFO - [2024-12-23T06:04:29.217+0700] {dag.py:3239} INFO - Sync 1 DAGs
[2024-12-23T06:04:29.275+0700] {logging_mixin.py:190} INFO - [2024-12-23T06:04:29.274+0700] {dag.py:4180} INFO - Setting next_dagrun for latest_only_with_trigger to 2024-12-22 16:00:00+00:00, run_after=2024-12-22 20:00:00+00:00
[2024-12-23T06:04:29.361+0700] {processor.py:208} INFO - Processing /mnt/d/Project/airflow-news/venv/lib/python3.12/site-packages/airflow/example_dags/example_latest_only_with_trigger.py took 0.312 seconds
[2024-12-23T06:06:30.422+0700] {processor.py:186} INFO - Started process (PID=3685) to work on /mnt/d/Project/airflow-news/venv/lib/python3.12/site-packages/airflow/example_dags/example_latest_only_with_trigger.py
[2024-12-23T06:06:30.425+0700] {processor.py:914} INFO - Processing file /mnt/d/Project/airflow-news/venv/lib/python3.12/site-packages/airflow/example_dags/example_latest_only_with_trigger.py for tasks to queue
[2024-12-23T06:06:30.432+0700] {logging_mixin.py:190} INFO - [2024-12-23T06:06:30.430+0700] {dagbag.py:588} INFO - Filling up the DagBag from /mnt/d/Project/airflow-news/venv/lib/python3.12/site-packages/airflow/example_dags/example_latest_only_with_trigger.py
[2024-12-23T06:06:30.532+0700] {processor.py:925} INFO - DAG(s) 'latest_only_with_trigger' retrieved from /mnt/d/Project/airflow-news/venv/lib/python3.12/site-packages/airflow/example_dags/example_latest_only_with_trigger.py
[2024-12-23T06:06:30.580+0700] {logging_mixin.py:190} INFO - [2024-12-23T06:06:30.579+0700] {dag.py:3239} INFO - Sync 1 DAGs
[2024-12-23T06:06:30.632+0700] {logging_mixin.py:190} INFO - [2024-12-23T06:06:30.630+0700] {dag.py:4180} INFO - Setting next_dagrun for latest_only_with_trigger to 2024-12-22 16:00:00+00:00, run_after=2024-12-22 20:00:00+00:00
[2024-12-23T06:06:30.717+0700] {processor.py:208} INFO - Processing /mnt/d/Project/airflow-news/venv/lib/python3.12/site-packages/airflow/example_dags/example_latest_only_with_trigger.py took 0.324 seconds
[2024-12-23T06:07:35.598+0700] {processor.py:186} INFO - Started process (PID=3864) to work on /mnt/d/Project/airflow-news/venv/lib/python3.12/site-packages/airflow/example_dags/example_latest_only_with_trigger.py
[2024-12-23T06:07:35.601+0700] {processor.py:914} INFO - Processing file /mnt/d/Project/airflow-news/venv/lib/python3.12/site-packages/airflow/example_dags/example_latest_only_with_trigger.py for tasks to queue
[2024-12-23T06:07:35.608+0700] {logging_mixin.py:190} INFO - [2024-12-23T06:07:35.606+0700] {dagbag.py:588} INFO - Filling up the DagBag from /mnt/d/Project/airflow-news/venv/lib/python3.12/site-packages/airflow/example_dags/example_latest_only_with_trigger.py
[2024-12-23T06:07:35.719+0700] {processor.py:925} INFO - DAG(s) 'latest_only_with_trigger' retrieved from /mnt/d/Project/airflow-news/venv/lib/python3.12/site-packages/airflow/example_dags/example_latest_only_with_trigger.py
[2024-12-23T06:07:35.783+0700] {logging_mixin.py:190} INFO - [2024-12-23T06:07:35.781+0700] {dag.py:3239} INFO - Sync 1 DAGs
[2024-12-23T06:07:35.825+0700] {logging_mixin.py:190} INFO - [2024-12-23T06:07:35.823+0700] {dag.py:4180} INFO - Setting next_dagrun for latest_only_with_trigger to 2024-12-22 16:00:00+00:00, run_after=2024-12-22 20:00:00+00:00
[2024-12-23T06:07:35.910+0700] {processor.py:208} INFO - Processing /mnt/d/Project/airflow-news/venv/lib/python3.12/site-packages/airflow/example_dags/example_latest_only_with_trigger.py took 0.329 seconds
[2024-12-23T06:08:30.130+0700] {processor.py:186} INFO - Started process (PID=4026) to work on /mnt/d/Project/airflow-news/venv/lib/python3.12/site-packages/airflow/example_dags/example_latest_only_with_trigger.py
[2024-12-23T06:08:30.132+0700] {processor.py:914} INFO - Processing file /mnt/d/Project/airflow-news/venv/lib/python3.12/site-packages/airflow/example_dags/example_latest_only_with_trigger.py for tasks to queue
[2024-12-23T06:08:30.137+0700] {logging_mixin.py:190} INFO - [2024-12-23T06:08:30.136+0700] {dagbag.py:588} INFO - Filling up the DagBag from /mnt/d/Project/airflow-news/venv/lib/python3.12/site-packages/airflow/example_dags/example_latest_only_with_trigger.py
[2024-12-23T06:08:30.235+0700] {processor.py:925} INFO - DAG(s) 'latest_only_with_trigger' retrieved from /mnt/d/Project/airflow-news/venv/lib/python3.12/site-packages/airflow/example_dags/example_latest_only_with_trigger.py
[2024-12-23T06:08:30.283+0700] {logging_mixin.py:190} INFO - [2024-12-23T06:08:30.282+0700] {dag.py:3239} INFO - Sync 1 DAGs
[2024-12-23T06:08:30.336+0700] {logging_mixin.py:190} INFO - [2024-12-23T06:08:30.335+0700] {dag.py:4180} INFO - Setting next_dagrun for latest_only_with_trigger to 2024-12-22 16:00:00+00:00, run_after=2024-12-22 20:00:00+00:00
[2024-12-23T06:08:30.422+0700] {processor.py:208} INFO - Processing /mnt/d/Project/airflow-news/venv/lib/python3.12/site-packages/airflow/example_dags/example_latest_only_with_trigger.py took 0.315 seconds
[2024-12-23T06:08:57.177+0700] {processor.py:186} INFO - Started process (PID=4137) to work on /mnt/d/Project/airflow-news/venv/lib/python3.12/site-packages/airflow/example_dags/example_latest_only_with_trigger.py
[2024-12-23T06:08:57.180+0700] {processor.py:914} INFO - Processing file /mnt/d/Project/airflow-news/venv/lib/python3.12/site-packages/airflow/example_dags/example_latest_only_with_trigger.py for tasks to queue
[2024-12-23T06:08:57.186+0700] {logging_mixin.py:190} INFO - [2024-12-23T06:08:57.185+0700] {dagbag.py:588} INFO - Filling up the DagBag from /mnt/d/Project/airflow-news/venv/lib/python3.12/site-packages/airflow/example_dags/example_latest_only_with_trigger.py
[2024-12-23T06:08:57.292+0700] {processor.py:925} INFO - DAG(s) 'latest_only_with_trigger' retrieved from /mnt/d/Project/airflow-news/venv/lib/python3.12/site-packages/airflow/example_dags/example_latest_only_with_trigger.py
[2024-12-23T06:08:57.343+0700] {logging_mixin.py:190} INFO - [2024-12-23T06:08:57.341+0700] {dag.py:3239} INFO - Sync 1 DAGs
[2024-12-23T06:08:57.393+0700] {logging_mixin.py:190} INFO - [2024-12-23T06:08:57.391+0700] {dag.py:4180} INFO - Setting next_dagrun for latest_only_with_trigger to 2024-12-22 16:00:00+00:00, run_after=2024-12-22 20:00:00+00:00
[2024-12-23T06:08:57.481+0700] {processor.py:208} INFO - Processing /mnt/d/Project/airflow-news/venv/lib/python3.12/site-packages/airflow/example_dags/example_latest_only_with_trigger.py took 0.322 seconds
[2024-12-23T06:11:49.935+0700] {processor.py:186} INFO - Started process (PID=4507) to work on /mnt/d/Project/airflow-news/venv/lib/python3.12/site-packages/airflow/example_dags/example_latest_only_with_trigger.py
[2024-12-23T06:11:49.938+0700] {processor.py:914} INFO - Processing file /mnt/d/Project/airflow-news/venv/lib/python3.12/site-packages/airflow/example_dags/example_latest_only_with_trigger.py for tasks to queue
[2024-12-23T06:11:49.942+0700] {logging_mixin.py:190} INFO - [2024-12-23T06:11:49.941+0700] {dagbag.py:588} INFO - Filling up the DagBag from /mnt/d/Project/airflow-news/venv/lib/python3.12/site-packages/airflow/example_dags/example_latest_only_with_trigger.py
[2024-12-23T06:11:49.985+0700] {processor.py:925} INFO - DAG(s) 'latest_only_with_trigger' retrieved from /mnt/d/Project/airflow-news/venv/lib/python3.12/site-packages/airflow/example_dags/example_latest_only_with_trigger.py
[2024-12-23T06:11:50.048+0700] {logging_mixin.py:190} INFO - [2024-12-23T06:11:50.047+0700] {dag.py:3239} INFO - Sync 1 DAGs
[2024-12-23T06:11:50.084+0700] {logging_mixin.py:190} INFO - [2024-12-23T06:11:50.083+0700] {dag.py:4180} INFO - Setting next_dagrun for latest_only_with_trigger to 2024-12-22 16:00:00+00:00, run_after=2024-12-22 20:00:00+00:00
[2024-12-23T06:11:50.161+0700] {processor.py:208} INFO - Processing /mnt/d/Project/airflow-news/venv/lib/python3.12/site-packages/airflow/example_dags/example_latest_only_with_trigger.py took 0.242 seconds
[2024-12-23T06:11:55.737+0700] {processor.py:186} INFO - Started process (PID=4523) to work on /mnt/d/Project/airflow-news/venv/lib/python3.12/site-packages/airflow/example_dags/example_latest_only_with_trigger.py
[2024-12-23T06:11:55.740+0700] {processor.py:914} INFO - Processing file /mnt/d/Project/airflow-news/venv/lib/python3.12/site-packages/airflow/example_dags/example_latest_only_with_trigger.py for tasks to queue
[2024-12-23T06:11:55.745+0700] {logging_mixin.py:190} INFO - [2024-12-23T06:11:55.743+0700] {dagbag.py:588} INFO - Filling up the DagBag from /mnt/d/Project/airflow-news/venv/lib/python3.12/site-packages/airflow/example_dags/example_latest_only_with_trigger.py
[2024-12-23T06:11:55.814+0700] {processor.py:925} INFO - DAG(s) 'latest_only_with_trigger' retrieved from /mnt/d/Project/airflow-news/venv/lib/python3.12/site-packages/airflow/example_dags/example_latest_only_with_trigger.py
[2024-12-23T06:11:55.853+0700] {logging_mixin.py:190} INFO - [2024-12-23T06:11:55.851+0700] {dag.py:3239} INFO - Sync 1 DAGs
[2024-12-23T06:11:55.909+0700] {logging_mixin.py:190} INFO - [2024-12-23T06:11:55.907+0700] {dag.py:4180} INFO - Setting next_dagrun for latest_only_with_trigger to 2024-12-22 16:00:00+00:00, run_after=2024-12-22 20:00:00+00:00
[2024-12-23T06:11:55.992+0700] {processor.py:208} INFO - Processing /mnt/d/Project/airflow-news/venv/lib/python3.12/site-packages/airflow/example_dags/example_latest_only_with_trigger.py took 0.279 seconds
[2024-12-23T06:13:26.257+0700] {processor.py:186} INFO - Started process (PID=4791) to work on /mnt/d/Project/airflow-news/venv/lib/python3.12/site-packages/airflow/example_dags/example_latest_only_with_trigger.py
[2024-12-23T06:13:26.260+0700] {processor.py:914} INFO - Processing file /mnt/d/Project/airflow-news/venv/lib/python3.12/site-packages/airflow/example_dags/example_latest_only_with_trigger.py for tasks to queue
[2024-12-23T06:13:26.264+0700] {logging_mixin.py:190} INFO - [2024-12-23T06:13:26.262+0700] {dagbag.py:588} INFO - Filling up the DagBag from /mnt/d/Project/airflow-news/venv/lib/python3.12/site-packages/airflow/example_dags/example_latest_only_with_trigger.py
[2024-12-23T06:13:26.296+0700] {processor.py:925} INFO - DAG(s) 'latest_only_with_trigger' retrieved from /mnt/d/Project/airflow-news/venv/lib/python3.12/site-packages/airflow/example_dags/example_latest_only_with_trigger.py
[2024-12-23T06:13:26.337+0700] {logging_mixin.py:190} INFO - [2024-12-23T06:13:26.336+0700] {dag.py:3239} INFO - Sync 1 DAGs
[2024-12-23T06:13:26.371+0700] {logging_mixin.py:190} INFO - [2024-12-23T06:13:26.369+0700] {dag.py:4180} INFO - Setting next_dagrun for latest_only_with_trigger to 2024-12-22 16:00:00+00:00, run_after=2024-12-22 20:00:00+00:00
[2024-12-23T06:13:26.447+0700] {processor.py:208} INFO - Processing /mnt/d/Project/airflow-news/venv/lib/python3.12/site-packages/airflow/example_dags/example_latest_only_with_trigger.py took 0.206 seconds
[2024-12-23T06:13:54.532+0700] {processor.py:186} INFO - Started process (PID=4865) to work on /mnt/d/Project/airflow-news/venv/lib/python3.12/site-packages/airflow/example_dags/example_latest_only_with_trigger.py
[2024-12-23T06:13:54.534+0700] {processor.py:914} INFO - Processing file /mnt/d/Project/airflow-news/venv/lib/python3.12/site-packages/airflow/example_dags/example_latest_only_with_trigger.py for tasks to queue
[2024-12-23T06:13:54.539+0700] {logging_mixin.py:190} INFO - [2024-12-23T06:13:54.537+0700] {dagbag.py:588} INFO - Filling up the DagBag from /mnt/d/Project/airflow-news/venv/lib/python3.12/site-packages/airflow/example_dags/example_latest_only_with_trigger.py
[2024-12-23T06:13:54.618+0700] {processor.py:925} INFO - DAG(s) 'latest_only_with_trigger' retrieved from /mnt/d/Project/airflow-news/venv/lib/python3.12/site-packages/airflow/example_dags/example_latest_only_with_trigger.py
[2024-12-23T06:13:54.658+0700] {logging_mixin.py:190} INFO - [2024-12-23T06:13:54.656+0700] {dag.py:3239} INFO - Sync 1 DAGs
[2024-12-23T06:13:54.696+0700] {logging_mixin.py:190} INFO - [2024-12-23T06:13:54.695+0700] {dag.py:4180} INFO - Setting next_dagrun for latest_only_with_trigger to 2024-12-22 16:00:00+00:00, run_after=2024-12-22 20:00:00+00:00
[2024-12-23T06:13:54.773+0700] {processor.py:208} INFO - Processing /mnt/d/Project/airflow-news/venv/lib/python3.12/site-packages/airflow/example_dags/example_latest_only_with_trigger.py took 0.260 seconds
[2024-12-23T06:15:01.363+0700] {processor.py:186} INFO - Started process (PID=5067) to work on /mnt/d/Project/airflow-news/venv/lib/python3.12/site-packages/airflow/example_dags/example_latest_only_with_trigger.py
[2024-12-23T06:15:01.365+0700] {processor.py:914} INFO - Processing file /mnt/d/Project/airflow-news/venv/lib/python3.12/site-packages/airflow/example_dags/example_latest_only_with_trigger.py for tasks to queue
[2024-12-23T06:15:01.369+0700] {logging_mixin.py:190} INFO - [2024-12-23T06:15:01.367+0700] {dagbag.py:588} INFO - Filling up the DagBag from /mnt/d/Project/airflow-news/venv/lib/python3.12/site-packages/airflow/example_dags/example_latest_only_with_trigger.py
[2024-12-23T06:15:01.399+0700] {processor.py:925} INFO - DAG(s) 'latest_only_with_trigger' retrieved from /mnt/d/Project/airflow-news/venv/lib/python3.12/site-packages/airflow/example_dags/example_latest_only_with_trigger.py
[2024-12-23T06:15:01.434+0700] {logging_mixin.py:190} INFO - [2024-12-23T06:15:01.433+0700] {dag.py:3239} INFO - Sync 1 DAGs
[2024-12-23T06:15:01.468+0700] {logging_mixin.py:190} INFO - [2024-12-23T06:15:01.466+0700] {dag.py:4180} INFO - Setting next_dagrun for latest_only_with_trigger to 2024-12-22 16:00:00+00:00, run_after=2024-12-22 20:00:00+00:00
[2024-12-23T06:15:01.540+0700] {processor.py:208} INFO - Processing /mnt/d/Project/airflow-news/venv/lib/python3.12/site-packages/airflow/example_dags/example_latest_only_with_trigger.py took 0.192 seconds
[2024-12-23T06:15:43.906+0700] {processor.py:186} INFO - Started process (PID=5187) to work on /mnt/d/Project/airflow-news/venv/lib/python3.12/site-packages/airflow/example_dags/example_latest_only_with_trigger.py
[2024-12-23T06:15:43.909+0700] {processor.py:914} INFO - Processing file /mnt/d/Project/airflow-news/venv/lib/python3.12/site-packages/airflow/example_dags/example_latest_only_with_trigger.py for tasks to queue
[2024-12-23T06:15:43.916+0700] {logging_mixin.py:190} INFO - [2024-12-23T06:15:43.914+0700] {dagbag.py:588} INFO - Filling up the DagBag from /mnt/d/Project/airflow-news/venv/lib/python3.12/site-packages/airflow/example_dags/example_latest_only_with_trigger.py
[2024-12-23T06:15:44.037+0700] {processor.py:925} INFO - DAG(s) 'latest_only_with_trigger' retrieved from /mnt/d/Project/airflow-news/venv/lib/python3.12/site-packages/airflow/example_dags/example_latest_only_with_trigger.py
[2024-12-23T06:15:44.082+0700] {logging_mixin.py:190} INFO - [2024-12-23T06:15:44.080+0700] {dag.py:3239} INFO - Sync 1 DAGs
[2024-12-23T06:15:44.134+0700] {logging_mixin.py:190} INFO - [2024-12-23T06:15:44.132+0700] {dag.py:4180} INFO - Setting next_dagrun for latest_only_with_trigger to 2024-12-22 16:00:00+00:00, run_after=2024-12-22 20:00:00+00:00
[2024-12-23T06:15:44.222+0700] {processor.py:208} INFO - Processing /mnt/d/Project/airflow-news/venv/lib/python3.12/site-packages/airflow/example_dags/example_latest_only_with_trigger.py took 0.346 seconds
[2024-12-23T06:17:38.974+0700] {processor.py:186} INFO - Started process (PID=5488) to work on /mnt/d/Project/airflow-news/venv/lib/python3.12/site-packages/airflow/example_dags/example_latest_only_with_trigger.py
[2024-12-23T06:17:38.977+0700] {processor.py:914} INFO - Processing file /mnt/d/Project/airflow-news/venv/lib/python3.12/site-packages/airflow/example_dags/example_latest_only_with_trigger.py for tasks to queue
[2024-12-23T06:17:38.982+0700] {logging_mixin.py:190} INFO - [2024-12-23T06:17:38.981+0700] {dagbag.py:588} INFO - Filling up the DagBag from /mnt/d/Project/airflow-news/venv/lib/python3.12/site-packages/airflow/example_dags/example_latest_only_with_trigger.py
[2024-12-23T06:17:39.078+0700] {processor.py:925} INFO - DAG(s) 'latest_only_with_trigger' retrieved from /mnt/d/Project/airflow-news/venv/lib/python3.12/site-packages/airflow/example_dags/example_latest_only_with_trigger.py
[2024-12-23T06:17:39.121+0700] {logging_mixin.py:190} INFO - [2024-12-23T06:17:39.119+0700] {dag.py:3239} INFO - Sync 1 DAGs
[2024-12-23T06:17:39.167+0700] {logging_mixin.py:190} INFO - [2024-12-23T06:17:39.166+0700] {dag.py:4180} INFO - Setting next_dagrun for latest_only_with_trigger to 2024-12-22 16:00:00+00:00, run_after=2024-12-22 20:00:00+00:00
[2024-12-23T06:17:39.251+0700] {processor.py:208} INFO - Processing /mnt/d/Project/airflow-news/venv/lib/python3.12/site-packages/airflow/example_dags/example_latest_only_with_trigger.py took 0.302 seconds
[2024-12-23T06:17:41.544+0700] {processor.py:186} INFO - Started process (PID=5497) to work on /mnt/d/Project/airflow-news/venv/lib/python3.12/site-packages/airflow/example_dags/example_latest_only_with_trigger.py
[2024-12-23T06:17:41.546+0700] {processor.py:914} INFO - Processing file /mnt/d/Project/airflow-news/venv/lib/python3.12/site-packages/airflow/example_dags/example_latest_only_with_trigger.py for tasks to queue
[2024-12-23T06:17:41.551+0700] {logging_mixin.py:190} INFO - [2024-12-23T06:17:41.549+0700] {dagbag.py:588} INFO - Filling up the DagBag from /mnt/d/Project/airflow-news/venv/lib/python3.12/site-packages/airflow/example_dags/example_latest_only_with_trigger.py
[2024-12-23T06:17:41.583+0700] {processor.py:925} INFO - DAG(s) 'latest_only_with_trigger' retrieved from /mnt/d/Project/airflow-news/venv/lib/python3.12/site-packages/airflow/example_dags/example_latest_only_with_trigger.py
[2024-12-23T06:17:41.622+0700] {logging_mixin.py:190} INFO - [2024-12-23T06:17:41.620+0700] {dag.py:3239} INFO - Sync 1 DAGs
[2024-12-23T06:17:41.656+0700] {logging_mixin.py:190} INFO - [2024-12-23T06:17:41.655+0700] {dag.py:4180} INFO - Setting next_dagrun for latest_only_with_trigger to 2024-12-22 16:00:00+00:00, run_after=2024-12-22 20:00:00+00:00
[2024-12-23T06:17:41.733+0700] {processor.py:208} INFO - Processing /mnt/d/Project/airflow-news/venv/lib/python3.12/site-packages/airflow/example_dags/example_latest_only_with_trigger.py took 0.206 seconds
[2024-12-23T06:19:13.900+0700] {processor.py:186} INFO - Started process (PID=5767) to work on /mnt/d/Project/airflow-news/venv/lib/python3.12/site-packages/airflow/example_dags/example_latest_only_with_trigger.py
[2024-12-23T06:19:13.903+0700] {processor.py:914} INFO - Processing file /mnt/d/Project/airflow-news/venv/lib/python3.12/site-packages/airflow/example_dags/example_latest_only_with_trigger.py for tasks to queue
[2024-12-23T06:19:13.908+0700] {logging_mixin.py:190} INFO - [2024-12-23T06:19:13.906+0700] {dagbag.py:588} INFO - Filling up the DagBag from /mnt/d/Project/airflow-news/venv/lib/python3.12/site-packages/airflow/example_dags/example_latest_only_with_trigger.py
[2024-12-23T06:19:13.948+0700] {processor.py:925} INFO - DAG(s) 'latest_only_with_trigger' retrieved from /mnt/d/Project/airflow-news/venv/lib/python3.12/site-packages/airflow/example_dags/example_latest_only_with_trigger.py
[2024-12-23T06:19:13.993+0700] {logging_mixin.py:190} INFO - [2024-12-23T06:19:13.991+0700] {dag.py:3239} INFO - Sync 1 DAGs
[2024-12-23T06:19:14.038+0700] {logging_mixin.py:190} INFO - [2024-12-23T06:19:14.036+0700] {dag.py:4180} INFO - Setting next_dagrun for latest_only_with_trigger to 2024-12-22 16:00:00+00:00, run_after=2024-12-22 20:00:00+00:00
[2024-12-23T06:19:14.142+0700] {processor.py:208} INFO - Processing /mnt/d/Project/airflow-news/venv/lib/python3.12/site-packages/airflow/example_dags/example_latest_only_with_trigger.py took 0.263 seconds
[2024-12-23T06:19:31.043+0700] {processor.py:186} INFO - Started process (PID=5807) to work on /mnt/d/Project/airflow-news/venv/lib/python3.12/site-packages/airflow/example_dags/example_latest_only_with_trigger.py
[2024-12-23T06:19:31.045+0700] {processor.py:914} INFO - Processing file /mnt/d/Project/airflow-news/venv/lib/python3.12/site-packages/airflow/example_dags/example_latest_only_with_trigger.py for tasks to queue
[2024-12-23T06:19:31.049+0700] {logging_mixin.py:190} INFO - [2024-12-23T06:19:31.048+0700] {dagbag.py:588} INFO - Filling up the DagBag from /mnt/d/Project/airflow-news/venv/lib/python3.12/site-packages/airflow/example_dags/example_latest_only_with_trigger.py
[2024-12-23T06:19:31.126+0700] {processor.py:925} INFO - DAG(s) 'latest_only_with_trigger' retrieved from /mnt/d/Project/airflow-news/venv/lib/python3.12/site-packages/airflow/example_dags/example_latest_only_with_trigger.py
[2024-12-23T06:19:31.161+0700] {logging_mixin.py:190} INFO - [2024-12-23T06:19:31.159+0700] {dag.py:3239} INFO - Sync 1 DAGs
[2024-12-23T06:19:31.198+0700] {logging_mixin.py:190} INFO - [2024-12-23T06:19:31.197+0700] {dag.py:4180} INFO - Setting next_dagrun for latest_only_with_trigger to 2024-12-22 16:00:00+00:00, run_after=2024-12-22 20:00:00+00:00
[2024-12-23T06:19:31.278+0700] {processor.py:208} INFO - Processing /mnt/d/Project/airflow-news/venv/lib/python3.12/site-packages/airflow/example_dags/example_latest_only_with_trigger.py took 0.257 seconds
[2024-12-23T06:20:40.671+0700] {processor.py:186} INFO - Started process (PID=6009) to work on /mnt/d/Project/airflow-news/venv/lib/python3.12/site-packages/airflow/example_dags/example_latest_only_with_trigger.py
[2024-12-23T06:20:40.673+0700] {processor.py:914} INFO - Processing file /mnt/d/Project/airflow-news/venv/lib/python3.12/site-packages/airflow/example_dags/example_latest_only_with_trigger.py for tasks to queue
[2024-12-23T06:20:40.678+0700] {logging_mixin.py:190} INFO - [2024-12-23T06:20:40.676+0700] {dagbag.py:588} INFO - Filling up the DagBag from /mnt/d/Project/airflow-news/venv/lib/python3.12/site-packages/airflow/example_dags/example_latest_only_with_trigger.py
[2024-12-23T06:20:40.708+0700] {processor.py:925} INFO - DAG(s) 'latest_only_with_trigger' retrieved from /mnt/d/Project/airflow-news/venv/lib/python3.12/site-packages/airflow/example_dags/example_latest_only_with_trigger.py
[2024-12-23T06:20:40.744+0700] {logging_mixin.py:190} INFO - [2024-12-23T06:20:40.743+0700] {dag.py:3239} INFO - Sync 1 DAGs
[2024-12-23T06:20:40.774+0700] {logging_mixin.py:190} INFO - [2024-12-23T06:20:40.773+0700] {dag.py:4180} INFO - Setting next_dagrun for latest_only_with_trigger to 2024-12-22 16:00:00+00:00, run_after=2024-12-22 20:00:00+00:00
[2024-12-23T06:20:40.850+0700] {processor.py:208} INFO - Processing /mnt/d/Project/airflow-news/venv/lib/python3.12/site-packages/airflow/example_dags/example_latest_only_with_trigger.py took 0.194 seconds
[2024-12-23T06:21:29.278+0700] {processor.py:186} INFO - Started process (PID=6129) to work on /mnt/d/Project/airflow-news/venv/lib/python3.12/site-packages/airflow/example_dags/example_latest_only_with_trigger.py
[2024-12-23T06:21:29.282+0700] {processor.py:914} INFO - Processing file /mnt/d/Project/airflow-news/venv/lib/python3.12/site-packages/airflow/example_dags/example_latest_only_with_trigger.py for tasks to queue
[2024-12-23T06:21:29.289+0700] {logging_mixin.py:190} INFO - [2024-12-23T06:21:29.286+0700] {dagbag.py:588} INFO - Filling up the DagBag from /mnt/d/Project/airflow-news/venv/lib/python3.12/site-packages/airflow/example_dags/example_latest_only_with_trigger.py
[2024-12-23T06:21:29.383+0700] {processor.py:925} INFO - DAG(s) 'latest_only_with_trigger' retrieved from /mnt/d/Project/airflow-news/venv/lib/python3.12/site-packages/airflow/example_dags/example_latest_only_with_trigger.py
[2024-12-23T06:21:29.426+0700] {logging_mixin.py:190} INFO - [2024-12-23T06:21:29.424+0700] {dag.py:3239} INFO - Sync 1 DAGs
[2024-12-23T06:21:29.469+0700] {logging_mixin.py:190} INFO - [2024-12-23T06:21:29.467+0700] {dag.py:4180} INFO - Setting next_dagrun for latest_only_with_trigger to 2024-12-22 16:00:00+00:00, run_after=2024-12-22 20:00:00+00:00
[2024-12-23T06:21:29.543+0700] {processor.py:208} INFO - Processing /mnt/d/Project/airflow-news/venv/lib/python3.12/site-packages/airflow/example_dags/example_latest_only_with_trigger.py took 0.293 seconds
[2024-12-23T06:23:00.008+0700] {processor.py:186} INFO - Started process (PID=6382) to work on /mnt/d/Project/airflow-news/venv/lib/python3.12/site-packages/airflow/example_dags/example_latest_only_with_trigger.py
[2024-12-23T06:23:00.011+0700] {processor.py:914} INFO - Processing file /mnt/d/Project/airflow-news/venv/lib/python3.12/site-packages/airflow/example_dags/example_latest_only_with_trigger.py for tasks to queue
[2024-12-23T06:23:00.016+0700] {logging_mixin.py:190} INFO - [2024-12-23T06:23:00.014+0700] {dagbag.py:588} INFO - Filling up the DagBag from /mnt/d/Project/airflow-news/venv/lib/python3.12/site-packages/airflow/example_dags/example_latest_only_with_trigger.py
[2024-12-23T06:23:00.115+0700] {processor.py:925} INFO - DAG(s) 'latest_only_with_trigger' retrieved from /mnt/d/Project/airflow-news/venv/lib/python3.12/site-packages/airflow/example_dags/example_latest_only_with_trigger.py
[2024-12-23T06:23:00.152+0700] {logging_mixin.py:190} INFO - [2024-12-23T06:23:00.151+0700] {dag.py:3239} INFO - Sync 1 DAGs
[2024-12-23T06:23:00.195+0700] {logging_mixin.py:190} INFO - [2024-12-23T06:23:00.193+0700] {dag.py:4180} INFO - Setting next_dagrun for latest_only_with_trigger to 2024-12-22 16:00:00+00:00, run_after=2024-12-22 20:00:00+00:00
[2024-12-23T06:23:00.276+0700] {processor.py:208} INFO - Processing /mnt/d/Project/airflow-news/venv/lib/python3.12/site-packages/airflow/example_dags/example_latest_only_with_trigger.py took 0.291 seconds
[2024-12-23T06:23:01.763+0700] {processor.py:186} INFO - Started process (PID=6386) to work on /mnt/d/Project/airflow-news/venv/lib/python3.12/site-packages/airflow/example_dags/example_latest_only_with_trigger.py
[2024-12-23T06:23:01.765+0700] {processor.py:914} INFO - Processing file /mnt/d/Project/airflow-news/venv/lib/python3.12/site-packages/airflow/example_dags/example_latest_only_with_trigger.py for tasks to queue
[2024-12-23T06:23:01.772+0700] {logging_mixin.py:190} INFO - [2024-12-23T06:23:01.770+0700] {dagbag.py:588} INFO - Filling up the DagBag from /mnt/d/Project/airflow-news/venv/lib/python3.12/site-packages/airflow/example_dags/example_latest_only_with_trigger.py
[2024-12-23T06:23:01.876+0700] {processor.py:925} INFO - DAG(s) 'latest_only_with_trigger' retrieved from /mnt/d/Project/airflow-news/venv/lib/python3.12/site-packages/airflow/example_dags/example_latest_only_with_trigger.py
[2024-12-23T06:23:01.934+0700] {logging_mixin.py:190} INFO - [2024-12-23T06:23:01.932+0700] {dag.py:3239} INFO - Sync 1 DAGs
[2024-12-23T06:23:01.984+0700] {logging_mixin.py:190} INFO - [2024-12-23T06:23:01.982+0700] {dag.py:4180} INFO - Setting next_dagrun for latest_only_with_trigger to 2024-12-22 16:00:00+00:00, run_after=2024-12-22 20:00:00+00:00
[2024-12-23T06:23:02.077+0700] {processor.py:208} INFO - Processing /mnt/d/Project/airflow-news/venv/lib/python3.12/site-packages/airflow/example_dags/example_latest_only_with_trigger.py took 0.330 seconds
[2024-12-23T06:24:20.461+0700] {processor.py:186} INFO - Started process (PID=6640) to work on /mnt/d/Project/airflow-news/venv/lib/python3.12/site-packages/airflow/example_dags/example_latest_only_with_trigger.py
[2024-12-23T06:24:20.463+0700] {processor.py:914} INFO - Processing file /mnt/d/Project/airflow-news/venv/lib/python3.12/site-packages/airflow/example_dags/example_latest_only_with_trigger.py for tasks to queue
[2024-12-23T06:24:20.468+0700] {logging_mixin.py:190} INFO - [2024-12-23T06:24:20.466+0700] {dagbag.py:588} INFO - Filling up the DagBag from /mnt/d/Project/airflow-news/venv/lib/python3.12/site-packages/airflow/example_dags/example_latest_only_with_trigger.py
[2024-12-23T06:24:20.552+0700] {processor.py:925} INFO - DAG(s) 'latest_only_with_trigger' retrieved from /mnt/d/Project/airflow-news/venv/lib/python3.12/site-packages/airflow/example_dags/example_latest_only_with_trigger.py
[2024-12-23T06:24:20.595+0700] {logging_mixin.py:190} INFO - [2024-12-23T06:24:20.593+0700] {dag.py:3239} INFO - Sync 1 DAGs
[2024-12-23T06:24:20.637+0700] {logging_mixin.py:190} INFO - [2024-12-23T06:24:20.636+0700] {dag.py:4180} INFO - Setting next_dagrun for latest_only_with_trigger to 2024-12-22 16:00:00+00:00, run_after=2024-12-22 20:00:00+00:00
[2024-12-23T06:24:20.714+0700] {processor.py:208} INFO - Processing /mnt/d/Project/airflow-news/venv/lib/python3.12/site-packages/airflow/example_dags/example_latest_only_with_trigger.py took 0.267 seconds
[2024-12-23T06:24:49.888+0700] {processor.py:186} INFO - Started process (PID=6723) to work on /mnt/d/Project/airflow-news/venv/lib/python3.12/site-packages/airflow/example_dags/example_latest_only_with_trigger.py
[2024-12-23T06:24:49.891+0700] {processor.py:914} INFO - Processing file /mnt/d/Project/airflow-news/venv/lib/python3.12/site-packages/airflow/example_dags/example_latest_only_with_trigger.py for tasks to queue
[2024-12-23T06:24:49.895+0700] {logging_mixin.py:190} INFO - [2024-12-23T06:24:49.894+0700] {dagbag.py:588} INFO - Filling up the DagBag from /mnt/d/Project/airflow-news/venv/lib/python3.12/site-packages/airflow/example_dags/example_latest_only_with_trigger.py
[2024-12-23T06:24:49.968+0700] {processor.py:925} INFO - DAG(s) 'latest_only_with_trigger' retrieved from /mnt/d/Project/airflow-news/venv/lib/python3.12/site-packages/airflow/example_dags/example_latest_only_with_trigger.py
[2024-12-23T06:24:50.004+0700] {logging_mixin.py:190} INFO - [2024-12-23T06:24:50.002+0700] {dag.py:3239} INFO - Sync 1 DAGs
[2024-12-23T06:24:50.046+0700] {logging_mixin.py:190} INFO - [2024-12-23T06:24:50.045+0700] {dag.py:4180} INFO - Setting next_dagrun for latest_only_with_trigger to 2024-12-22 16:00:00+00:00, run_after=2024-12-22 20:00:00+00:00
[2024-12-23T06:24:50.121+0700] {processor.py:208} INFO - Processing /mnt/d/Project/airflow-news/venv/lib/python3.12/site-packages/airflow/example_dags/example_latest_only_with_trigger.py took 0.253 seconds
[2024-12-23T06:25:47.978+0700] {processor.py:186} INFO - Started process (PID=6917) to work on /mnt/d/Project/airflow-news/venv/lib/python3.12/site-packages/airflow/example_dags/example_latest_only_with_trigger.py
[2024-12-23T06:25:47.981+0700] {processor.py:914} INFO - Processing file /mnt/d/Project/airflow-news/venv/lib/python3.12/site-packages/airflow/example_dags/example_latest_only_with_trigger.py for tasks to queue
[2024-12-23T06:25:47.986+0700] {logging_mixin.py:190} INFO - [2024-12-23T06:25:47.984+0700] {dagbag.py:588} INFO - Filling up the DagBag from /mnt/d/Project/airflow-news/venv/lib/python3.12/site-packages/airflow/example_dags/example_latest_only_with_trigger.py
[2024-12-23T06:25:48.134+0700] {processor.py:925} INFO - DAG(s) 'latest_only_with_trigger' retrieved from /mnt/d/Project/airflow-news/venv/lib/python3.12/site-packages/airflow/example_dags/example_latest_only_with_trigger.py
[2024-12-23T06:25:48.196+0700] {logging_mixin.py:190} INFO - [2024-12-23T06:25:48.194+0700] {dag.py:3239} INFO - Sync 1 DAGs
[2024-12-23T06:25:48.255+0700] {logging_mixin.py:190} INFO - [2024-12-23T06:25:48.253+0700] {dag.py:4180} INFO - Setting next_dagrun for latest_only_with_trigger to 2024-12-22 16:00:00+00:00, run_after=2024-12-22 20:00:00+00:00
[2024-12-23T06:25:48.337+0700] {processor.py:208} INFO - Processing /mnt/d/Project/airflow-news/venv/lib/python3.12/site-packages/airflow/example_dags/example_latest_only_with_trigger.py took 0.376 seconds
[2024-12-23T06:26:36.448+0700] {processor.py:186} INFO - Started process (PID=7052) to work on /mnt/d/Project/airflow-news/venv/lib/python3.12/site-packages/airflow/example_dags/example_latest_only_with_trigger.py
[2024-12-23T06:26:36.451+0700] {processor.py:914} INFO - Processing file /mnt/d/Project/airflow-news/venv/lib/python3.12/site-packages/airflow/example_dags/example_latest_only_with_trigger.py for tasks to queue
[2024-12-23T06:26:36.455+0700] {logging_mixin.py:190} INFO - [2024-12-23T06:26:36.454+0700] {dagbag.py:588} INFO - Filling up the DagBag from /mnt/d/Project/airflow-news/venv/lib/python3.12/site-packages/airflow/example_dags/example_latest_only_with_trigger.py
[2024-12-23T06:26:36.545+0700] {processor.py:925} INFO - DAG(s) 'latest_only_with_trigger' retrieved from /mnt/d/Project/airflow-news/venv/lib/python3.12/site-packages/airflow/example_dags/example_latest_only_with_trigger.py
[2024-12-23T06:26:36.591+0700] {logging_mixin.py:190} INFO - [2024-12-23T06:26:36.589+0700] {dag.py:3239} INFO - Sync 1 DAGs
[2024-12-23T06:26:36.636+0700] {logging_mixin.py:190} INFO - [2024-12-23T06:26:36.635+0700] {dag.py:4180} INFO - Setting next_dagrun for latest_only_with_trigger to 2024-12-22 16:00:00+00:00, run_after=2024-12-22 20:00:00+00:00
[2024-12-23T06:26:36.717+0700] {processor.py:208} INFO - Processing /mnt/d/Project/airflow-news/venv/lib/python3.12/site-packages/airflow/example_dags/example_latest_only_with_trigger.py took 0.290 seconds
[2024-12-23T06:27:21.665+0700] {processor.py:186} INFO - Started process (PID=7186) to work on /mnt/d/Project/airflow-news/venv/lib/python3.12/site-packages/airflow/example_dags/example_latest_only_with_trigger.py
[2024-12-23T06:27:21.667+0700] {processor.py:914} INFO - Processing file /mnt/d/Project/airflow-news/venv/lib/python3.12/site-packages/airflow/example_dags/example_latest_only_with_trigger.py for tasks to queue
[2024-12-23T06:27:21.672+0700] {logging_mixin.py:190} INFO - [2024-12-23T06:27:21.671+0700] {dagbag.py:588} INFO - Filling up the DagBag from /mnt/d/Project/airflow-news/venv/lib/python3.12/site-packages/airflow/example_dags/example_latest_only_with_trigger.py
[2024-12-23T06:27:21.752+0700] {processor.py:925} INFO - DAG(s) 'latest_only_with_trigger' retrieved from /mnt/d/Project/airflow-news/venv/lib/python3.12/site-packages/airflow/example_dags/example_latest_only_with_trigger.py
[2024-12-23T06:27:21.788+0700] {logging_mixin.py:190} INFO - [2024-12-23T06:27:21.786+0700] {dag.py:3239} INFO - Sync 1 DAGs
[2024-12-23T06:27:21.835+0700] {logging_mixin.py:190} INFO - [2024-12-23T06:27:21.834+0700] {dag.py:4180} INFO - Setting next_dagrun for latest_only_with_trigger to 2024-12-22 16:00:00+00:00, run_after=2024-12-22 20:00:00+00:00
[2024-12-23T06:27:21.914+0700] {processor.py:208} INFO - Processing /mnt/d/Project/airflow-news/venv/lib/python3.12/site-packages/airflow/example_dags/example_latest_only_with_trigger.py took 0.263 seconds
[2024-12-23T06:28:23.087+0700] {processor.py:186} INFO - Started process (PID=7366) to work on /mnt/d/Project/airflow-news/venv/lib/python3.12/site-packages/airflow/example_dags/example_latest_only_with_trigger.py
[2024-12-23T06:28:23.090+0700] {processor.py:914} INFO - Processing file /mnt/d/Project/airflow-news/venv/lib/python3.12/site-packages/airflow/example_dags/example_latest_only_with_trigger.py for tasks to queue
[2024-12-23T06:28:23.095+0700] {logging_mixin.py:190} INFO - [2024-12-23T06:28:23.093+0700] {dagbag.py:588} INFO - Filling up the DagBag from /mnt/d/Project/airflow-news/venv/lib/python3.12/site-packages/airflow/example_dags/example_latest_only_with_trigger.py
[2024-12-23T06:28:23.196+0700] {processor.py:925} INFO - DAG(s) 'latest_only_with_trigger' retrieved from /mnt/d/Project/airflow-news/venv/lib/python3.12/site-packages/airflow/example_dags/example_latest_only_with_trigger.py
[2024-12-23T06:28:23.230+0700] {logging_mixin.py:190} INFO - [2024-12-23T06:28:23.229+0700] {dag.py:3239} INFO - Sync 1 DAGs
[2024-12-23T06:28:23.271+0700] {logging_mixin.py:190} INFO - [2024-12-23T06:28:23.270+0700] {dag.py:4180} INFO - Setting next_dagrun for latest_only_with_trigger to 2024-12-22 16:00:00+00:00, run_after=2024-12-22 20:00:00+00:00
[2024-12-23T06:28:23.354+0700] {processor.py:208} INFO - Processing /mnt/d/Project/airflow-news/venv/lib/python3.12/site-packages/airflow/example_dags/example_latest_only_with_trigger.py took 0.289 seconds
[2024-12-23T06:28:58.123+0700] {processor.py:186} INFO - Started process (PID=7478) to work on /mnt/d/Project/airflow-news/venv/lib/python3.12/site-packages/airflow/example_dags/example_latest_only_with_trigger.py
[2024-12-23T06:28:58.125+0700] {processor.py:914} INFO - Processing file /mnt/d/Project/airflow-news/venv/lib/python3.12/site-packages/airflow/example_dags/example_latest_only_with_trigger.py for tasks to queue
[2024-12-23T06:28:58.132+0700] {logging_mixin.py:190} INFO - [2024-12-23T06:28:58.129+0700] {dagbag.py:588} INFO - Filling up the DagBag from /mnt/d/Project/airflow-news/venv/lib/python3.12/site-packages/airflow/example_dags/example_latest_only_with_trigger.py
[2024-12-23T06:28:58.197+0700] {processor.py:925} INFO - DAG(s) 'latest_only_with_trigger' retrieved from /mnt/d/Project/airflow-news/venv/lib/python3.12/site-packages/airflow/example_dags/example_latest_only_with_trigger.py
[2024-12-23T06:28:58.233+0700] {logging_mixin.py:190} INFO - [2024-12-23T06:28:58.231+0700] {dag.py:3239} INFO - Sync 1 DAGs
[2024-12-23T06:28:58.276+0700] {logging_mixin.py:190} INFO - [2024-12-23T06:28:58.275+0700] {dag.py:4180} INFO - Setting next_dagrun for latest_only_with_trigger to 2024-12-22 16:00:00+00:00, run_after=2024-12-22 20:00:00+00:00
[2024-12-23T06:28:58.363+0700] {processor.py:208} INFO - Processing /mnt/d/Project/airflow-news/venv/lib/python3.12/site-packages/airflow/example_dags/example_latest_only_with_trigger.py took 0.256 seconds
[2024-12-23T06:30:10.632+0700] {processor.py:186} INFO - Started process (PID=7692) to work on /mnt/d/Project/airflow-news/venv/lib/python3.12/site-packages/airflow/example_dags/example_latest_only_with_trigger.py
[2024-12-23T06:30:10.634+0700] {processor.py:914} INFO - Processing file /mnt/d/Project/airflow-news/venv/lib/python3.12/site-packages/airflow/example_dags/example_latest_only_with_trigger.py for tasks to queue
[2024-12-23T06:30:10.639+0700] {logging_mixin.py:190} INFO - [2024-12-23T06:30:10.637+0700] {dagbag.py:588} INFO - Filling up the DagBag from /mnt/d/Project/airflow-news/venv/lib/python3.12/site-packages/airflow/example_dags/example_latest_only_with_trigger.py
[2024-12-23T06:30:10.721+0700] {processor.py:925} INFO - DAG(s) 'latest_only_with_trigger' retrieved from /mnt/d/Project/airflow-news/venv/lib/python3.12/site-packages/airflow/example_dags/example_latest_only_with_trigger.py
[2024-12-23T06:30:10.772+0700] {logging_mixin.py:190} INFO - [2024-12-23T06:30:10.770+0700] {dag.py:3239} INFO - Sync 1 DAGs
[2024-12-23T06:30:10.816+0700] {logging_mixin.py:190} INFO - [2024-12-23T06:30:10.815+0700] {dag.py:4180} INFO - Setting next_dagrun for latest_only_with_trigger to 2024-12-22 16:00:00+00:00, run_after=2024-12-22 20:00:00+00:00
[2024-12-23T06:30:10.892+0700] {processor.py:208} INFO - Processing /mnt/d/Project/airflow-news/venv/lib/python3.12/site-packages/airflow/example_dags/example_latest_only_with_trigger.py took 0.279 seconds
[2024-12-23T06:30:24.898+0700] {processor.py:186} INFO - Started process (PID=7744) to work on /mnt/d/Project/airflow-news/venv/lib/python3.12/site-packages/airflow/example_dags/example_latest_only_with_trigger.py
[2024-12-23T06:30:24.900+0700] {processor.py:914} INFO - Processing file /mnt/d/Project/airflow-news/venv/lib/python3.12/site-packages/airflow/example_dags/example_latest_only_with_trigger.py for tasks to queue
[2024-12-23T06:30:24.904+0700] {logging_mixin.py:190} INFO - [2024-12-23T06:30:24.903+0700] {dagbag.py:588} INFO - Filling up the DagBag from /mnt/d/Project/airflow-news/venv/lib/python3.12/site-packages/airflow/example_dags/example_latest_only_with_trigger.py
[2024-12-23T06:30:24.961+0700] {processor.py:925} INFO - DAG(s) 'latest_only_with_trigger' retrieved from /mnt/d/Project/airflow-news/venv/lib/python3.12/site-packages/airflow/example_dags/example_latest_only_with_trigger.py
[2024-12-23T06:30:25.004+0700] {logging_mixin.py:190} INFO - [2024-12-23T06:30:25.003+0700] {dag.py:3239} INFO - Sync 1 DAGs
[2024-12-23T06:30:25.053+0700] {logging_mixin.py:190} INFO - [2024-12-23T06:30:25.051+0700] {dag.py:4180} INFO - Setting next_dagrun for latest_only_with_trigger to 2024-12-22 16:00:00+00:00, run_after=2024-12-22 20:00:00+00:00
[2024-12-23T06:30:25.131+0700] {processor.py:208} INFO - Processing /mnt/d/Project/airflow-news/venv/lib/python3.12/site-packages/airflow/example_dags/example_latest_only_with_trigger.py took 0.247 seconds
[2024-12-23T06:31:53.618+0700] {processor.py:186} INFO - Started process (PID=7987) to work on /mnt/d/Project/airflow-news/venv/lib/python3.12/site-packages/airflow/example_dags/example_latest_only_with_trigger.py
[2024-12-23T06:31:53.621+0700] {processor.py:914} INFO - Processing file /mnt/d/Project/airflow-news/venv/lib/python3.12/site-packages/airflow/example_dags/example_latest_only_with_trigger.py for tasks to queue
[2024-12-23T06:31:53.627+0700] {logging_mixin.py:190} INFO - [2024-12-23T06:31:53.625+0700] {dagbag.py:588} INFO - Filling up the DagBag from /mnt/d/Project/airflow-news/venv/lib/python3.12/site-packages/airflow/example_dags/example_latest_only_with_trigger.py
[2024-12-23T06:31:53.710+0700] {processor.py:925} INFO - DAG(s) 'latest_only_with_trigger' retrieved from /mnt/d/Project/airflow-news/venv/lib/python3.12/site-packages/airflow/example_dags/example_latest_only_with_trigger.py
[2024-12-23T06:31:53.748+0700] {logging_mixin.py:190} INFO - [2024-12-23T06:31:53.747+0700] {dag.py:3239} INFO - Sync 1 DAGs
[2024-12-23T06:31:53.790+0700] {logging_mixin.py:190} INFO - [2024-12-23T06:31:53.788+0700] {dag.py:4180} INFO - Setting next_dagrun for latest_only_with_trigger to 2024-12-22 16:00:00+00:00, run_after=2024-12-22 20:00:00+00:00
[2024-12-23T06:31:53.862+0700] {processor.py:208} INFO - Processing /mnt/d/Project/airflow-news/venv/lib/python3.12/site-packages/airflow/example_dags/example_latest_only_with_trigger.py took 0.265 seconds
[2024-12-23T06:31:56.871+0700] {processor.py:186} INFO - Started process (PID=8006) to work on /mnt/d/Project/airflow-news/venv/lib/python3.12/site-packages/airflow/example_dags/example_latest_only_with_trigger.py
[2024-12-23T06:31:56.873+0700] {processor.py:914} INFO - Processing file /mnt/d/Project/airflow-news/venv/lib/python3.12/site-packages/airflow/example_dags/example_latest_only_with_trigger.py for tasks to queue
[2024-12-23T06:31:56.878+0700] {logging_mixin.py:190} INFO - [2024-12-23T06:31:56.876+0700] {dagbag.py:588} INFO - Filling up the DagBag from /mnt/d/Project/airflow-news/venv/lib/python3.12/site-packages/airflow/example_dags/example_latest_only_with_trigger.py
[2024-12-23T06:31:56.981+0700] {processor.py:925} INFO - DAG(s) 'latest_only_with_trigger' retrieved from /mnt/d/Project/airflow-news/venv/lib/python3.12/site-packages/airflow/example_dags/example_latest_only_with_trigger.py
[2024-12-23T06:31:57.024+0700] {logging_mixin.py:190} INFO - [2024-12-23T06:31:57.023+0700] {dag.py:3239} INFO - Sync 1 DAGs
[2024-12-23T06:31:57.065+0700] {logging_mixin.py:190} INFO - [2024-12-23T06:31:57.064+0700] {dag.py:4180} INFO - Setting next_dagrun for latest_only_with_trigger to 2024-12-22 16:00:00+00:00, run_after=2024-12-22 20:00:00+00:00
[2024-12-23T06:31:57.140+0700] {processor.py:208} INFO - Processing /mnt/d/Project/airflow-news/venv/lib/python3.12/site-packages/airflow/example_dags/example_latest_only_with_trigger.py took 0.283 seconds
[2024-12-23T06:33:33.087+0700] {processor.py:186} INFO - Started process (PID=8297) to work on /mnt/d/Project/airflow-news/venv/lib/python3.12/site-packages/airflow/example_dags/example_latest_only_with_trigger.py
[2024-12-23T06:33:33.090+0700] {processor.py:914} INFO - Processing file /mnt/d/Project/airflow-news/venv/lib/python3.12/site-packages/airflow/example_dags/example_latest_only_with_trigger.py for tasks to queue
[2024-12-23T06:33:33.095+0700] {logging_mixin.py:190} INFO - [2024-12-23T06:33:33.093+0700] {dagbag.py:588} INFO - Filling up the DagBag from /mnt/d/Project/airflow-news/venv/lib/python3.12/site-packages/airflow/example_dags/example_latest_only_with_trigger.py
[2024-12-23T06:33:33.201+0700] {processor.py:925} INFO - DAG(s) 'latest_only_with_trigger' retrieved from /mnt/d/Project/airflow-news/venv/lib/python3.12/site-packages/airflow/example_dags/example_latest_only_with_trigger.py
[2024-12-23T06:33:33.244+0700] {logging_mixin.py:190} INFO - [2024-12-23T06:33:33.243+0700] {dag.py:3239} INFO - Sync 1 DAGs
[2024-12-23T06:33:33.287+0700] {logging_mixin.py:190} INFO - [2024-12-23T06:33:33.286+0700] {dag.py:4180} INFO - Setting next_dagrun for latest_only_with_trigger to 2024-12-22 16:00:00+00:00, run_after=2024-12-22 20:00:00+00:00
[2024-12-23T06:33:33.364+0700] {processor.py:208} INFO - Processing /mnt/d/Project/airflow-news/venv/lib/python3.12/site-packages/airflow/example_dags/example_latest_only_with_trigger.py took 0.293 seconds
[2024-12-23T06:33:47.698+0700] {processor.py:186} INFO - Started process (PID=8334) to work on /mnt/d/Project/airflow-news/venv/lib/python3.12/site-packages/airflow/example_dags/example_latest_only_with_trigger.py
[2024-12-23T06:33:47.701+0700] {processor.py:914} INFO - Processing file /mnt/d/Project/airflow-news/venv/lib/python3.12/site-packages/airflow/example_dags/example_latest_only_with_trigger.py for tasks to queue
[2024-12-23T06:33:47.705+0700] {logging_mixin.py:190} INFO - [2024-12-23T06:33:47.704+0700] {dagbag.py:588} INFO - Filling up the DagBag from /mnt/d/Project/airflow-news/venv/lib/python3.12/site-packages/airflow/example_dags/example_latest_only_with_trigger.py
[2024-12-23T06:33:47.787+0700] {processor.py:925} INFO - DAG(s) 'latest_only_with_trigger' retrieved from /mnt/d/Project/airflow-news/venv/lib/python3.12/site-packages/airflow/example_dags/example_latest_only_with_trigger.py
[2024-12-23T06:33:47.823+0700] {logging_mixin.py:190} INFO - [2024-12-23T06:33:47.822+0700] {dag.py:3239} INFO - Sync 1 DAGs
[2024-12-23T06:33:47.862+0700] {logging_mixin.py:190} INFO - [2024-12-23T06:33:47.861+0700] {dag.py:4180} INFO - Setting next_dagrun for latest_only_with_trigger to 2024-12-22 16:00:00+00:00, run_after=2024-12-22 20:00:00+00:00
[2024-12-23T06:33:47.934+0700] {processor.py:208} INFO - Processing /mnt/d/Project/airflow-news/venv/lib/python3.12/site-packages/airflow/example_dags/example_latest_only_with_trigger.py took 0.255 seconds
[2024-12-23T06:35:12.682+0700] {processor.py:186} INFO - Started process (PID=8579) to work on /mnt/d/Project/airflow-news/venv/lib/python3.12/site-packages/airflow/example_dags/example_latest_only_with_trigger.py
[2024-12-23T06:35:12.684+0700] {processor.py:914} INFO - Processing file /mnt/d/Project/airflow-news/venv/lib/python3.12/site-packages/airflow/example_dags/example_latest_only_with_trigger.py for tasks to queue
[2024-12-23T06:35:12.689+0700] {logging_mixin.py:190} INFO - [2024-12-23T06:35:12.687+0700] {dagbag.py:588} INFO - Filling up the DagBag from /mnt/d/Project/airflow-news/venv/lib/python3.12/site-packages/airflow/example_dags/example_latest_only_with_trigger.py
[2024-12-23T06:35:12.766+0700] {processor.py:925} INFO - DAG(s) 'latest_only_with_trigger' retrieved from /mnt/d/Project/airflow-news/venv/lib/python3.12/site-packages/airflow/example_dags/example_latest_only_with_trigger.py
[2024-12-23T06:35:12.801+0700] {logging_mixin.py:190} INFO - [2024-12-23T06:35:12.800+0700] {dag.py:3239} INFO - Sync 1 DAGs
[2024-12-23T06:35:12.843+0700] {logging_mixin.py:190} INFO - [2024-12-23T06:35:12.842+0700] {dag.py:4180} INFO - Setting next_dagrun for latest_only_with_trigger to 2024-12-22 16:00:00+00:00, run_after=2024-12-22 20:00:00+00:00
[2024-12-23T06:35:12.913+0700] {processor.py:208} INFO - Processing /mnt/d/Project/airflow-news/venv/lib/python3.12/site-packages/airflow/example_dags/example_latest_only_with_trigger.py took 0.245 seconds
[2024-12-23T06:36:39.437+0700] {processor.py:186} INFO - Started process (PID=8847) to work on /mnt/d/Project/airflow-news/venv/lib/python3.12/site-packages/airflow/example_dags/example_latest_only_with_trigger.py
[2024-12-23T06:36:39.440+0700] {processor.py:914} INFO - Processing file /mnt/d/Project/airflow-news/venv/lib/python3.12/site-packages/airflow/example_dags/example_latest_only_with_trigger.py for tasks to queue
[2024-12-23T06:36:39.445+0700] {logging_mixin.py:190} INFO - [2024-12-23T06:36:39.443+0700] {dagbag.py:588} INFO - Filling up the DagBag from /mnt/d/Project/airflow-news/venv/lib/python3.12/site-packages/airflow/example_dags/example_latest_only_with_trigger.py
[2024-12-23T06:36:39.532+0700] {processor.py:925} INFO - DAG(s) 'latest_only_with_trigger' retrieved from /mnt/d/Project/airflow-news/venv/lib/python3.12/site-packages/airflow/example_dags/example_latest_only_with_trigger.py
[2024-12-23T06:36:39.573+0700] {logging_mixin.py:190} INFO - [2024-12-23T06:36:39.572+0700] {dag.py:3239} INFO - Sync 1 DAGs
[2024-12-23T06:36:39.615+0700] {logging_mixin.py:190} INFO - [2024-12-23T06:36:39.613+0700] {dag.py:4180} INFO - Setting next_dagrun for latest_only_with_trigger to 2024-12-22 16:00:00+00:00, run_after=2024-12-22 20:00:00+00:00
[2024-12-23T06:36:39.696+0700] {processor.py:208} INFO - Processing /mnt/d/Project/airflow-news/venv/lib/python3.12/site-packages/airflow/example_dags/example_latest_only_with_trigger.py took 0.278 seconds
[2024-12-23T06:36:57.930+0700] {processor.py:186} INFO - Started process (PID=8897) to work on /mnt/d/Project/airflow-news/venv/lib/python3.12/site-packages/airflow/example_dags/example_latest_only_with_trigger.py
[2024-12-23T06:36:57.934+0700] {processor.py:914} INFO - Processing file /mnt/d/Project/airflow-news/venv/lib/python3.12/site-packages/airflow/example_dags/example_latest_only_with_trigger.py for tasks to queue
[2024-12-23T06:36:57.939+0700] {logging_mixin.py:190} INFO - [2024-12-23T06:36:57.938+0700] {dagbag.py:588} INFO - Filling up the DagBag from /mnt/d/Project/airflow-news/venv/lib/python3.12/site-packages/airflow/example_dags/example_latest_only_with_trigger.py
[2024-12-23T06:36:58.034+0700] {processor.py:925} INFO - DAG(s) 'latest_only_with_trigger' retrieved from /mnt/d/Project/airflow-news/venv/lib/python3.12/site-packages/airflow/example_dags/example_latest_only_with_trigger.py
[2024-12-23T06:36:58.071+0700] {logging_mixin.py:190} INFO - [2024-12-23T06:36:58.070+0700] {dag.py:3239} INFO - Sync 1 DAGs
[2024-12-23T06:36:58.110+0700] {logging_mixin.py:190} INFO - [2024-12-23T06:36:58.108+0700] {dag.py:4180} INFO - Setting next_dagrun for latest_only_with_trigger to 2024-12-22 16:00:00+00:00, run_after=2024-12-22 20:00:00+00:00
[2024-12-23T06:36:58.186+0700] {processor.py:208} INFO - Processing /mnt/d/Project/airflow-news/venv/lib/python3.12/site-packages/airflow/example_dags/example_latest_only_with_trigger.py took 0.274 seconds
[2024-12-23T06:38:34.539+0700] {processor.py:186} INFO - Started process (PID=9243) to work on /mnt/d/Project/airflow-news/venv/lib/python3.12/site-packages/airflow/example_dags/example_latest_only_with_trigger.py
[2024-12-23T06:38:34.542+0700] {processor.py:914} INFO - Processing file /mnt/d/Project/airflow-news/venv/lib/python3.12/site-packages/airflow/example_dags/example_latest_only_with_trigger.py for tasks to queue
[2024-12-23T06:38:34.547+0700] {logging_mixin.py:190} INFO - [2024-12-23T06:38:34.546+0700] {dagbag.py:588} INFO - Filling up the DagBag from /mnt/d/Project/airflow-news/venv/lib/python3.12/site-packages/airflow/example_dags/example_latest_only_with_trigger.py
[2024-12-23T06:38:34.637+0700] {processor.py:925} INFO - DAG(s) 'latest_only_with_trigger' retrieved from /mnt/d/Project/airflow-news/venv/lib/python3.12/site-packages/airflow/example_dags/example_latest_only_with_trigger.py
[2024-12-23T06:38:34.673+0700] {logging_mixin.py:190} INFO - [2024-12-23T06:38:34.672+0700] {dag.py:3239} INFO - Sync 1 DAGs
[2024-12-23T06:38:34.710+0700] {logging_mixin.py:190} INFO - [2024-12-23T06:38:34.709+0700] {dag.py:4180} INFO - Setting next_dagrun for latest_only_with_trigger to 2024-12-22 16:00:00+00:00, run_after=2024-12-22 20:00:00+00:00
[2024-12-23T06:38:34.784+0700] {processor.py:208} INFO - Processing /mnt/d/Project/airflow-news/venv/lib/python3.12/site-packages/airflow/example_dags/example_latest_only_with_trigger.py took 0.262 seconds
[2024-12-23T06:38:41.393+0700] {processor.py:186} INFO - Started process (PID=9258) to work on /mnt/d/Project/airflow-news/venv/lib/python3.12/site-packages/airflow/example_dags/example_latest_only_with_trigger.py
[2024-12-23T06:38:41.398+0700] {processor.py:914} INFO - Processing file /mnt/d/Project/airflow-news/venv/lib/python3.12/site-packages/airflow/example_dags/example_latest_only_with_trigger.py for tasks to queue
[2024-12-23T06:38:41.409+0700] {logging_mixin.py:190} INFO - [2024-12-23T06:38:41.406+0700] {dagbag.py:588} INFO - Filling up the DagBag from /mnt/d/Project/airflow-news/venv/lib/python3.12/site-packages/airflow/example_dags/example_latest_only_with_trigger.py
[2024-12-23T06:38:41.582+0700] {processor.py:925} INFO - DAG(s) 'latest_only_with_trigger' retrieved from /mnt/d/Project/airflow-news/venv/lib/python3.12/site-packages/airflow/example_dags/example_latest_only_with_trigger.py
[2024-12-23T06:38:41.663+0700] {logging_mixin.py:190} INFO - [2024-12-23T06:38:41.660+0700] {dag.py:3239} INFO - Sync 1 DAGs
[2024-12-23T06:38:41.765+0700] {logging_mixin.py:190} INFO - [2024-12-23T06:38:41.763+0700] {dag.py:4180} INFO - Setting next_dagrun for latest_only_with_trigger to 2024-12-22 16:00:00+00:00, run_after=2024-12-22 20:00:00+00:00
[2024-12-23T06:38:41.909+0700] {processor.py:208} INFO - Processing /mnt/d/Project/airflow-news/venv/lib/python3.12/site-packages/airflow/example_dags/example_latest_only_with_trigger.py took 0.557 seconds
[2024-12-23T06:40:42.273+0700] {processor.py:186} INFO - Started process (PID=9582) to work on /mnt/d/Project/airflow-news/venv/lib/python3.12/site-packages/airflow/example_dags/example_latest_only_with_trigger.py
[2024-12-23T06:40:42.277+0700] {processor.py:914} INFO - Processing file /mnt/d/Project/airflow-news/venv/lib/python3.12/site-packages/airflow/example_dags/example_latest_only_with_trigger.py for tasks to queue
[2024-12-23T06:40:42.282+0700] {logging_mixin.py:190} INFO - [2024-12-23T06:40:42.280+0700] {dagbag.py:588} INFO - Filling up the DagBag from /mnt/d/Project/airflow-news/venv/lib/python3.12/site-packages/airflow/example_dags/example_latest_only_with_trigger.py
[2024-12-23T06:40:42.365+0700] {processor.py:925} INFO - DAG(s) 'latest_only_with_trigger' retrieved from /mnt/d/Project/airflow-news/venv/lib/python3.12/site-packages/airflow/example_dags/example_latest_only_with_trigger.py
[2024-12-23T06:40:42.404+0700] {logging_mixin.py:190} INFO - [2024-12-23T06:40:42.402+0700] {dag.py:3239} INFO - Sync 1 DAGs
[2024-12-23T06:40:42.453+0700] {logging_mixin.py:190} INFO - [2024-12-23T06:40:42.452+0700] {dag.py:4180} INFO - Setting next_dagrun for latest_only_with_trigger to 2024-12-22 16:00:00+00:00, run_after=2024-12-22 20:00:00+00:00
[2024-12-23T06:40:42.550+0700] {processor.py:208} INFO - Processing /mnt/d/Project/airflow-news/venv/lib/python3.12/site-packages/airflow/example_dags/example_latest_only_with_trigger.py took 0.299 seconds
[2024-12-23T06:42:37.146+0700] {processor.py:186} INFO - Started process (PID=9860) to work on /mnt/d/Project/airflow-news/venv/lib/python3.12/site-packages/airflow/example_dags/example_latest_only_with_trigger.py
[2024-12-23T06:42:37.148+0700] {processor.py:914} INFO - Processing file /mnt/d/Project/airflow-news/venv/lib/python3.12/site-packages/airflow/example_dags/example_latest_only_with_trigger.py for tasks to queue
[2024-12-23T06:42:37.153+0700] {logging_mixin.py:190} INFO - [2024-12-23T06:42:37.151+0700] {dagbag.py:588} INFO - Filling up the DagBag from /mnt/d/Project/airflow-news/venv/lib/python3.12/site-packages/airflow/example_dags/example_latest_only_with_trigger.py
[2024-12-23T06:42:37.248+0700] {processor.py:925} INFO - DAG(s) 'latest_only_with_trigger' retrieved from /mnt/d/Project/airflow-news/venv/lib/python3.12/site-packages/airflow/example_dags/example_latest_only_with_trigger.py
[2024-12-23T06:42:37.292+0700] {logging_mixin.py:190} INFO - [2024-12-23T06:42:37.291+0700] {dag.py:3239} INFO - Sync 1 DAGs
[2024-12-23T06:42:37.334+0700] {logging_mixin.py:190} INFO - [2024-12-23T06:42:37.333+0700] {dag.py:4180} INFO - Setting next_dagrun for latest_only_with_trigger to 2024-12-22 16:00:00+00:00, run_after=2024-12-22 20:00:00+00:00
[2024-12-23T06:42:37.413+0700] {processor.py:208} INFO - Processing /mnt/d/Project/airflow-news/venv/lib/python3.12/site-packages/airflow/example_dags/example_latest_only_with_trigger.py took 0.289 seconds
[2024-12-23T06:44:36.450+0700] {processor.py:186} INFO - Started process (PID=10236) to work on /mnt/d/Project/airflow-news/venv/lib/python3.12/site-packages/airflow/example_dags/example_latest_only_with_trigger.py
[2024-12-23T06:44:36.453+0700] {processor.py:914} INFO - Processing file /mnt/d/Project/airflow-news/venv/lib/python3.12/site-packages/airflow/example_dags/example_latest_only_with_trigger.py for tasks to queue
[2024-12-23T06:44:36.457+0700] {logging_mixin.py:190} INFO - [2024-12-23T06:44:36.456+0700] {dagbag.py:588} INFO - Filling up the DagBag from /mnt/d/Project/airflow-news/venv/lib/python3.12/site-packages/airflow/example_dags/example_latest_only_with_trigger.py
[2024-12-23T06:44:36.536+0700] {processor.py:925} INFO - DAG(s) 'latest_only_with_trigger' retrieved from /mnt/d/Project/airflow-news/venv/lib/python3.12/site-packages/airflow/example_dags/example_latest_only_with_trigger.py
[2024-12-23T06:44:36.570+0700] {logging_mixin.py:190} INFO - [2024-12-23T06:44:36.569+0700] {dag.py:3239} INFO - Sync 1 DAGs
[2024-12-23T06:44:36.607+0700] {logging_mixin.py:190} INFO - [2024-12-23T06:44:36.606+0700] {dag.py:4180} INFO - Setting next_dagrun for latest_only_with_trigger to 2024-12-22 16:00:00+00:00, run_after=2024-12-22 20:00:00+00:00
[2024-12-23T06:44:36.671+0700] {processor.py:208} INFO - Processing /mnt/d/Project/airflow-news/venv/lib/python3.12/site-packages/airflow/example_dags/example_latest_only_with_trigger.py took 0.241 seconds
