[2024-12-23T05:54:21.519+0700] {processor.py:186} INFO - Started process (PID=1898) to work on /mnt/d/Project/airflow-news/venv/lib/python3.12/site-packages/airflow/example_dags/example_branch_operator_decorator.py
[2024-12-23T05:54:21.522+0700] {processor.py:914} INFO - Processing file /mnt/d/Project/airflow-news/venv/lib/python3.12/site-packages/airflow/example_dags/example_branch_operator_decorator.py for tasks to queue
[2024-12-23T05:54:21.529+0700] {logging_mixin.py:190} INFO - [2024-12-23T05:54:21.527+0700] {dagbag.py:588} INFO - Filling up the DagBag from /mnt/d/Project/airflow-news/venv/lib/python3.12/site-packages/airflow/example_dags/example_branch_operator_decorator.py
[2024-12-23T05:54:21.642+0700] {processor.py:186} INFO - Started process (PID=1899) to work on /mnt/d/Project/airflow-news/venv/lib/python3.12/site-packages/airflow/example_dags/example_branch_operator_decorator.py
[2024-12-23T05:54:21.645+0700] {processor.py:914} INFO - Processing file /mnt/d/Project/airflow-news/venv/lib/python3.12/site-packages/airflow/example_dags/example_branch_operator_decorator.py for tasks to queue
[2024-12-23T05:54:21.650+0700] {processor.py:927} WARNING - No viable dags retrieved from /mnt/d/Project/airflow-news/venv/lib/python3.12/site-packages/airflow/example_dags/example_branch_operator_decorator.py
[2024-12-23T05:54:21.652+0700] {logging_mixin.py:190} INFO - [2024-12-23T05:54:21.650+0700] {dagbag.py:588} INFO - Filling up the DagBag from /mnt/d/Project/airflow-news/venv/lib/python3.12/site-packages/airflow/example_dags/example_branch_operator_decorator.py
[2024-12-23T05:54:21.685+0700] {processor.py:208} INFO - Processing /mnt/d/Project/airflow-news/venv/lib/python3.12/site-packages/airflow/example_dags/example_branch_operator_decorator.py took 0.188 seconds
[2024-12-23T05:54:21.783+0700] {processor.py:927} WARNING - No viable dags retrieved from /mnt/d/Project/airflow-news/venv/lib/python3.12/site-packages/airflow/example_dags/example_branch_operator_decorator.py
[2024-12-23T05:54:21.827+0700] {processor.py:208} INFO - Processing /mnt/d/Project/airflow-news/venv/lib/python3.12/site-packages/airflow/example_dags/example_branch_operator_decorator.py took 0.209 seconds
[2024-12-23T05:56:16.514+0700] {processor.py:186} INFO - Started process (PID=2228) to work on /mnt/d/Project/airflow-news/venv/lib/python3.12/site-packages/airflow/example_dags/example_branch_operator_decorator.py
[2024-12-23T05:56:16.516+0700] {processor.py:914} INFO - Processing file /mnt/d/Project/airflow-news/venv/lib/python3.12/site-packages/airflow/example_dags/example_branch_operator_decorator.py for tasks to queue
[2024-12-23T05:56:16.522+0700] {logging_mixin.py:190} INFO - [2024-12-23T05:56:16.520+0700] {dagbag.py:588} INFO - Filling up the DagBag from /mnt/d/Project/airflow-news/venv/lib/python3.12/site-packages/airflow/example_dags/example_branch_operator_decorator.py
[2024-12-23T05:56:16.608+0700] {processor.py:927} WARNING - No viable dags retrieved from /mnt/d/Project/airflow-news/venv/lib/python3.12/site-packages/airflow/example_dags/example_branch_operator_decorator.py
[2024-12-23T05:56:16.649+0700] {processor.py:208} INFO - Processing /mnt/d/Project/airflow-news/venv/lib/python3.12/site-packages/airflow/example_dags/example_branch_operator_decorator.py took 0.153 seconds
[2024-12-23T05:57:57.893+0700] {processor.py:186} INFO - Started process (PID=2452) to work on /mnt/d/Project/airflow-news/venv/lib/python3.12/site-packages/airflow/example_dags/example_branch_operator_decorator.py
[2024-12-23T05:57:57.895+0700] {processor.py:914} INFO - Processing file /mnt/d/Project/airflow-news/venv/lib/python3.12/site-packages/airflow/example_dags/example_branch_operator_decorator.py for tasks to queue
[2024-12-23T05:57:57.899+0700] {logging_mixin.py:190} INFO - [2024-12-23T05:57:57.898+0700] {dagbag.py:588} INFO - Filling up the DagBag from /mnt/d/Project/airflow-news/venv/lib/python3.12/site-packages/airflow/example_dags/example_branch_operator_decorator.py
[2024-12-23T05:57:57.978+0700] {processor.py:927} WARNING - No viable dags retrieved from /mnt/d/Project/airflow-news/venv/lib/python3.12/site-packages/airflow/example_dags/example_branch_operator_decorator.py
[2024-12-23T05:57:58.007+0700] {processor.py:208} INFO - Processing /mnt/d/Project/airflow-news/venv/lib/python3.12/site-packages/airflow/example_dags/example_branch_operator_decorator.py took 0.129 seconds
[2024-12-23T05:59:35.734+0700] {processor.py:186} INFO - Started process (PID=2691) to work on /mnt/d/Project/airflow-news/venv/lib/python3.12/site-packages/airflow/example_dags/example_branch_operator_decorator.py
[2024-12-23T05:59:35.736+0700] {processor.py:914} INFO - Processing file /mnt/d/Project/airflow-news/venv/lib/python3.12/site-packages/airflow/example_dags/example_branch_operator_decorator.py for tasks to queue
[2024-12-23T05:59:35.742+0700] {logging_mixin.py:190} INFO - [2024-12-23T05:59:35.740+0700] {dagbag.py:588} INFO - Filling up the DagBag from /mnt/d/Project/airflow-news/venv/lib/python3.12/site-packages/airflow/example_dags/example_branch_operator_decorator.py
[2024-12-23T05:59:35.836+0700] {processor.py:927} WARNING - No viable dags retrieved from /mnt/d/Project/airflow-news/venv/lib/python3.12/site-packages/airflow/example_dags/example_branch_operator_decorator.py
[2024-12-23T05:59:35.868+0700] {processor.py:208} INFO - Processing /mnt/d/Project/airflow-news/venv/lib/python3.12/site-packages/airflow/example_dags/example_branch_operator_decorator.py took 0.152 seconds
[2024-12-23T05:59:46.333+0700] {processor.py:186} INFO - Started process (PID=2727) to work on /mnt/d/Project/airflow-news/venv/lib/python3.12/site-packages/airflow/example_dags/example_branch_operator_decorator.py
[2024-12-23T05:59:46.335+0700] {processor.py:914} INFO - Processing file /mnt/d/Project/airflow-news/venv/lib/python3.12/site-packages/airflow/example_dags/example_branch_operator_decorator.py for tasks to queue
[2024-12-23T05:59:46.340+0700] {logging_mixin.py:190} INFO - [2024-12-23T05:59:46.338+0700] {dagbag.py:588} INFO - Filling up the DagBag from /mnt/d/Project/airflow-news/venv/lib/python3.12/site-packages/airflow/example_dags/example_branch_operator_decorator.py
[2024-12-23T05:59:46.431+0700] {processor.py:927} WARNING - No viable dags retrieved from /mnt/d/Project/airflow-news/venv/lib/python3.12/site-packages/airflow/example_dags/example_branch_operator_decorator.py
[2024-12-23T05:59:46.471+0700] {processor.py:208} INFO - Processing /mnt/d/Project/airflow-news/venv/lib/python3.12/site-packages/airflow/example_dags/example_branch_operator_decorator.py took 0.156 seconds
[2024-12-23T06:01:29.383+0700] {processor.py:186} INFO - Started process (PID=2978) to work on /mnt/d/Project/airflow-news/venv/lib/python3.12/site-packages/airflow/example_dags/example_branch_operator_decorator.py
[2024-12-23T06:01:29.386+0700] {processor.py:914} INFO - Processing file /mnt/d/Project/airflow-news/venv/lib/python3.12/site-packages/airflow/example_dags/example_branch_operator_decorator.py for tasks to queue
[2024-12-23T06:01:29.391+0700] {logging_mixin.py:190} INFO - [2024-12-23T06:01:29.389+0700] {dagbag.py:588} INFO - Filling up the DagBag from /mnt/d/Project/airflow-news/venv/lib/python3.12/site-packages/airflow/example_dags/example_branch_operator_decorator.py
[2024-12-23T06:01:29.476+0700] {processor.py:927} WARNING - No viable dags retrieved from /mnt/d/Project/airflow-news/venv/lib/python3.12/site-packages/airflow/example_dags/example_branch_operator_decorator.py
[2024-12-23T06:01:29.506+0700] {processor.py:208} INFO - Processing /mnt/d/Project/airflow-news/venv/lib/python3.12/site-packages/airflow/example_dags/example_branch_operator_decorator.py took 0.137 seconds
[2024-12-23T06:03:26.708+0700] {processor.py:186} INFO - Started process (PID=3188) to work on /mnt/d/Project/airflow-news/venv/lib/python3.12/site-packages/airflow/example_dags/example_branch_operator_decorator.py
[2024-12-23T06:03:26.711+0700] {processor.py:914} INFO - Processing file /mnt/d/Project/airflow-news/venv/lib/python3.12/site-packages/airflow/example_dags/example_branch_operator_decorator.py for tasks to queue
[2024-12-23T06:03:26.718+0700] {logging_mixin.py:190} INFO - [2024-12-23T06:03:26.716+0700] {dagbag.py:588} INFO - Filling up the DagBag from /mnt/d/Project/airflow-news/venv/lib/python3.12/site-packages/airflow/example_dags/example_branch_operator_decorator.py
[2024-12-23T06:03:26.902+0700] {processor.py:927} WARNING - No viable dags retrieved from /mnt/d/Project/airflow-news/venv/lib/python3.12/site-packages/airflow/example_dags/example_branch_operator_decorator.py
[2024-12-23T06:03:26.946+0700] {processor.py:208} INFO - Processing /mnt/d/Project/airflow-news/venv/lib/python3.12/site-packages/airflow/example_dags/example_branch_operator_decorator.py took 0.283 seconds
[2024-12-23T06:05:37.944+0700] {processor.py:186} INFO - Started process (PID=3545) to work on /mnt/d/Project/airflow-news/venv/lib/python3.12/site-packages/airflow/example_dags/example_branch_operator_decorator.py
[2024-12-23T06:05:37.947+0700] {processor.py:914} INFO - Processing file /mnt/d/Project/airflow-news/venv/lib/python3.12/site-packages/airflow/example_dags/example_branch_operator_decorator.py for tasks to queue
[2024-12-23T06:05:37.954+0700] {logging_mixin.py:190} INFO - [2024-12-23T06:05:37.951+0700] {dagbag.py:588} INFO - Filling up the DagBag from /mnt/d/Project/airflow-news/venv/lib/python3.12/site-packages/airflow/example_dags/example_branch_operator_decorator.py
[2024-12-23T06:05:38.065+0700] {processor.py:927} WARNING - No viable dags retrieved from /mnt/d/Project/airflow-news/venv/lib/python3.12/site-packages/airflow/example_dags/example_branch_operator_decorator.py
[2024-12-23T06:05:38.095+0700] {processor.py:208} INFO - Processing /mnt/d/Project/airflow-news/venv/lib/python3.12/site-packages/airflow/example_dags/example_branch_operator_decorator.py took 0.182 seconds
[2024-12-23T06:07:37.864+0700] {processor.py:186} INFO - Started process (PID=3869) to work on /mnt/d/Project/airflow-news/venv/lib/python3.12/site-packages/airflow/example_dags/example_branch_operator_decorator.py
[2024-12-23T06:07:37.866+0700] {processor.py:914} INFO - Processing file /mnt/d/Project/airflow-news/venv/lib/python3.12/site-packages/airflow/example_dags/example_branch_operator_decorator.py for tasks to queue
[2024-12-23T06:07:37.871+0700] {logging_mixin.py:190} INFO - [2024-12-23T06:07:37.870+0700] {dagbag.py:588} INFO - Filling up the DagBag from /mnt/d/Project/airflow-news/venv/lib/python3.12/site-packages/airflow/example_dags/example_branch_operator_decorator.py
[2024-12-23T06:07:37.983+0700] {processor.py:927} WARNING - No viable dags retrieved from /mnt/d/Project/airflow-news/venv/lib/python3.12/site-packages/airflow/example_dags/example_branch_operator_decorator.py
[2024-12-23T06:07:38.020+0700] {processor.py:208} INFO - Processing /mnt/d/Project/airflow-news/venv/lib/python3.12/site-packages/airflow/example_dags/example_branch_operator_decorator.py took 0.181 seconds
[2024-12-23T06:07:57.973+0700] {processor.py:186} INFO - Started process (PID=3951) to work on /mnt/d/Project/airflow-news/venv/lib/python3.12/site-packages/airflow/example_dags/example_branch_operator_decorator.py
[2024-12-23T06:07:57.977+0700] {processor.py:914} INFO - Processing file /mnt/d/Project/airflow-news/venv/lib/python3.12/site-packages/airflow/example_dags/example_branch_operator_decorator.py for tasks to queue
[2024-12-23T06:07:57.985+0700] {logging_mixin.py:190} INFO - [2024-12-23T06:07:57.982+0700] {dagbag.py:588} INFO - Filling up the DagBag from /mnt/d/Project/airflow-news/venv/lib/python3.12/site-packages/airflow/example_dags/example_branch_operator_decorator.py
[2024-12-23T06:07:58.113+0700] {processor.py:927} WARNING - No viable dags retrieved from /mnt/d/Project/airflow-news/venv/lib/python3.12/site-packages/airflow/example_dags/example_branch_operator_decorator.py
[2024-12-23T06:07:58.149+0700] {processor.py:208} INFO - Processing /mnt/d/Project/airflow-news/venv/lib/python3.12/site-packages/airflow/example_dags/example_branch_operator_decorator.py took 0.202 seconds
[2024-12-23T06:09:41.907+0700] {processor.py:186} INFO - Started process (PID=4239) to work on /mnt/d/Project/airflow-news/venv/lib/python3.12/site-packages/airflow/example_dags/example_branch_operator_decorator.py
[2024-12-23T06:09:41.911+0700] {processor.py:914} INFO - Processing file /mnt/d/Project/airflow-news/venv/lib/python3.12/site-packages/airflow/example_dags/example_branch_operator_decorator.py for tasks to queue
[2024-12-23T06:09:41.920+0700] {logging_mixin.py:190} INFO - [2024-12-23T06:09:41.917+0700] {dagbag.py:588} INFO - Filling up the DagBag from /mnt/d/Project/airflow-news/venv/lib/python3.12/site-packages/airflow/example_dags/example_branch_operator_decorator.py
[2024-12-23T06:09:42.071+0700] {processor.py:927} WARNING - No viable dags retrieved from /mnt/d/Project/airflow-news/venv/lib/python3.12/site-packages/airflow/example_dags/example_branch_operator_decorator.py
[2024-12-23T06:09:42.124+0700] {processor.py:208} INFO - Processing /mnt/d/Project/airflow-news/venv/lib/python3.12/site-packages/airflow/example_dags/example_branch_operator_decorator.py took 0.270 seconds
[2024-12-23T06:12:08.525+0700] {processor.py:186} INFO - Started process (PID=4552) to work on /mnt/d/Project/airflow-news/venv/lib/python3.12/site-packages/airflow/example_dags/example_branch_operator_decorator.py
[2024-12-23T06:12:08.528+0700] {processor.py:914} INFO - Processing file /mnt/d/Project/airflow-news/venv/lib/python3.12/site-packages/airflow/example_dags/example_branch_operator_decorator.py for tasks to queue
[2024-12-23T06:12:08.532+0700] {logging_mixin.py:190} INFO - [2024-12-23T06:12:08.530+0700] {dagbag.py:588} INFO - Filling up the DagBag from /mnt/d/Project/airflow-news/venv/lib/python3.12/site-packages/airflow/example_dags/example_branch_operator_decorator.py
[2024-12-23T06:12:08.608+0700] {processor.py:927} WARNING - No viable dags retrieved from /mnt/d/Project/airflow-news/venv/lib/python3.12/site-packages/airflow/example_dags/example_branch_operator_decorator.py
[2024-12-23T06:12:08.642+0700] {processor.py:208} INFO - Processing /mnt/d/Project/airflow-news/venv/lib/python3.12/site-packages/airflow/example_dags/example_branch_operator_decorator.py took 0.131 seconds
[2024-12-23T06:13:04.880+0700] {processor.py:186} INFO - Started process (PID=4720) to work on /mnt/d/Project/airflow-news/venv/lib/python3.12/site-packages/airflow/example_dags/example_branch_operator_decorator.py
[2024-12-23T06:13:04.883+0700] {processor.py:914} INFO - Processing file /mnt/d/Project/airflow-news/venv/lib/python3.12/site-packages/airflow/example_dags/example_branch_operator_decorator.py for tasks to queue
[2024-12-23T06:13:04.888+0700] {logging_mixin.py:190} INFO - [2024-12-23T06:13:04.886+0700] {dagbag.py:588} INFO - Filling up the DagBag from /mnt/d/Project/airflow-news/venv/lib/python3.12/site-packages/airflow/example_dags/example_branch_operator_decorator.py
[2024-12-23T06:13:04.979+0700] {processor.py:927} WARNING - No viable dags retrieved from /mnt/d/Project/airflow-news/venv/lib/python3.12/site-packages/airflow/example_dags/example_branch_operator_decorator.py
[2024-12-23T06:13:05.005+0700] {processor.py:208} INFO - Processing /mnt/d/Project/airflow-news/venv/lib/python3.12/site-packages/airflow/example_dags/example_branch_operator_decorator.py took 0.149 seconds
[2024-12-23T06:13:45.570+0700] {processor.py:186} INFO - Started process (PID=4842) to work on /mnt/d/Project/airflow-news/venv/lib/python3.12/site-packages/airflow/example_dags/example_branch_operator_decorator.py
[2024-12-23T06:13:45.573+0700] {processor.py:914} INFO - Processing file /mnt/d/Project/airflow-news/venv/lib/python3.12/site-packages/airflow/example_dags/example_branch_operator_decorator.py for tasks to queue
[2024-12-23T06:13:45.578+0700] {logging_mixin.py:190} INFO - [2024-12-23T06:13:45.576+0700] {dagbag.py:588} INFO - Filling up the DagBag from /mnt/d/Project/airflow-news/venv/lib/python3.12/site-packages/airflow/example_dags/example_branch_operator_decorator.py
[2024-12-23T06:13:45.659+0700] {processor.py:927} WARNING - No viable dags retrieved from /mnt/d/Project/airflow-news/venv/lib/python3.12/site-packages/airflow/example_dags/example_branch_operator_decorator.py
[2024-12-23T06:13:45.688+0700] {processor.py:208} INFO - Processing /mnt/d/Project/airflow-news/venv/lib/python3.12/site-packages/airflow/example_dags/example_branch_operator_decorator.py took 0.132 seconds
[2024-12-23T06:14:57.892+0700] {processor.py:186} INFO - Started process (PID=5054) to work on /mnt/d/Project/airflow-news/venv/lib/python3.12/site-packages/airflow/example_dags/example_branch_operator_decorator.py
[2024-12-23T06:14:57.894+0700] {processor.py:914} INFO - Processing file /mnt/d/Project/airflow-news/venv/lib/python3.12/site-packages/airflow/example_dags/example_branch_operator_decorator.py for tasks to queue
[2024-12-23T06:14:57.898+0700] {logging_mixin.py:190} INFO - [2024-12-23T06:14:57.897+0700] {dagbag.py:588} INFO - Filling up the DagBag from /mnt/d/Project/airflow-news/venv/lib/python3.12/site-packages/airflow/example_dags/example_branch_operator_decorator.py
[2024-12-23T06:14:57.982+0700] {processor.py:927} WARNING - No viable dags retrieved from /mnt/d/Project/airflow-news/venv/lib/python3.12/site-packages/airflow/example_dags/example_branch_operator_decorator.py
[2024-12-23T06:14:58.012+0700] {processor.py:208} INFO - Processing /mnt/d/Project/airflow-news/venv/lib/python3.12/site-packages/airflow/example_dags/example_branch_operator_decorator.py took 0.140 seconds
[2024-12-23T06:15:20.473+0700] {processor.py:186} INFO - Started process (PID=5124) to work on /mnt/d/Project/airflow-news/venv/lib/python3.12/site-packages/airflow/example_dags/example_branch_operator_decorator.py
[2024-12-23T06:15:20.475+0700] {processor.py:914} INFO - Processing file /mnt/d/Project/airflow-news/venv/lib/python3.12/site-packages/airflow/example_dags/example_branch_operator_decorator.py for tasks to queue
[2024-12-23T06:15:20.480+0700] {logging_mixin.py:190} INFO - [2024-12-23T06:15:20.478+0700] {dagbag.py:588} INFO - Filling up the DagBag from /mnt/d/Project/airflow-news/venv/lib/python3.12/site-packages/airflow/example_dags/example_branch_operator_decorator.py
[2024-12-23T06:15:20.568+0700] {processor.py:927} WARNING - No viable dags retrieved from /mnt/d/Project/airflow-news/venv/lib/python3.12/site-packages/airflow/example_dags/example_branch_operator_decorator.py
[2024-12-23T06:15:20.598+0700] {processor.py:208} INFO - Processing /mnt/d/Project/airflow-news/venv/lib/python3.12/site-packages/airflow/example_dags/example_branch_operator_decorator.py took 0.142 seconds
[2024-12-23T06:17:59.152+0700] {processor.py:186} INFO - Started process (PID=5537) to work on /mnt/d/Project/airflow-news/venv/lib/python3.12/site-packages/airflow/example_dags/example_branch_operator_decorator.py
[2024-12-23T06:17:59.154+0700] {processor.py:914} INFO - Processing file /mnt/d/Project/airflow-news/venv/lib/python3.12/site-packages/airflow/example_dags/example_branch_operator_decorator.py for tasks to queue
[2024-12-23T06:17:59.158+0700] {logging_mixin.py:190} INFO - [2024-12-23T06:17:59.156+0700] {dagbag.py:588} INFO - Filling up the DagBag from /mnt/d/Project/airflow-news/venv/lib/python3.12/site-packages/airflow/example_dags/example_branch_operator_decorator.py
[2024-12-23T06:17:59.237+0700] {processor.py:927} WARNING - No viable dags retrieved from /mnt/d/Project/airflow-news/venv/lib/python3.12/site-packages/airflow/example_dags/example_branch_operator_decorator.py
[2024-12-23T06:17:59.264+0700] {processor.py:208} INFO - Processing /mnt/d/Project/airflow-news/venv/lib/python3.12/site-packages/airflow/example_dags/example_branch_operator_decorator.py took 0.126 seconds
[2024-12-23T06:17:59.500+0700] {processor.py:186} INFO - Started process (PID=5539) to work on /mnt/d/Project/airflow-news/venv/lib/python3.12/site-packages/airflow/example_dags/example_branch_operator_decorator.py
[2024-12-23T06:17:59.503+0700] {processor.py:914} INFO - Processing file /mnt/d/Project/airflow-news/venv/lib/python3.12/site-packages/airflow/example_dags/example_branch_operator_decorator.py for tasks to queue
[2024-12-23T06:17:59.508+0700] {logging_mixin.py:190} INFO - [2024-12-23T06:17:59.506+0700] {dagbag.py:588} INFO - Filling up the DagBag from /mnt/d/Project/airflow-news/venv/lib/python3.12/site-packages/airflow/example_dags/example_branch_operator_decorator.py
[2024-12-23T06:17:59.611+0700] {processor.py:927} WARNING - No viable dags retrieved from /mnt/d/Project/airflow-news/venv/lib/python3.12/site-packages/airflow/example_dags/example_branch_operator_decorator.py
[2024-12-23T06:17:59.642+0700] {processor.py:208} INFO - Processing /mnt/d/Project/airflow-news/venv/lib/python3.12/site-packages/airflow/example_dags/example_branch_operator_decorator.py took 0.165 seconds
[2024-12-23T06:19:30.309+0700] {processor.py:186} INFO - Started process (PID=5806) to work on /mnt/d/Project/airflow-news/venv/lib/python3.12/site-packages/airflow/example_dags/example_branch_operator_decorator.py
[2024-12-23T06:19:30.311+0700] {processor.py:914} INFO - Processing file /mnt/d/Project/airflow-news/venv/lib/python3.12/site-packages/airflow/example_dags/example_branch_operator_decorator.py for tasks to queue
[2024-12-23T06:19:30.314+0700] {logging_mixin.py:190} INFO - [2024-12-23T06:19:30.313+0700] {dagbag.py:588} INFO - Filling up the DagBag from /mnt/d/Project/airflow-news/venv/lib/python3.12/site-packages/airflow/example_dags/example_branch_operator_decorator.py
[2024-12-23T06:19:30.387+0700] {processor.py:927} WARNING - No viable dags retrieved from /mnt/d/Project/airflow-news/venv/lib/python3.12/site-packages/airflow/example_dags/example_branch_operator_decorator.py
[2024-12-23T06:19:30.413+0700] {processor.py:208} INFO - Processing /mnt/d/Project/airflow-news/venv/lib/python3.12/site-packages/airflow/example_dags/example_branch_operator_decorator.py took 0.122 seconds
[2024-12-23T06:19:50.700+0700] {processor.py:186} INFO - Started process (PID=5863) to work on /mnt/d/Project/airflow-news/venv/lib/python3.12/site-packages/airflow/example_dags/example_branch_operator_decorator.py
[2024-12-23T06:19:50.703+0700] {processor.py:914} INFO - Processing file /mnt/d/Project/airflow-news/venv/lib/python3.12/site-packages/airflow/example_dags/example_branch_operator_decorator.py for tasks to queue
[2024-12-23T06:19:50.708+0700] {logging_mixin.py:190} INFO - [2024-12-23T06:19:50.707+0700] {dagbag.py:588} INFO - Filling up the DagBag from /mnt/d/Project/airflow-news/venv/lib/python3.12/site-packages/airflow/example_dags/example_branch_operator_decorator.py
[2024-12-23T06:19:50.807+0700] {processor.py:927} WARNING - No viable dags retrieved from /mnt/d/Project/airflow-news/venv/lib/python3.12/site-packages/airflow/example_dags/example_branch_operator_decorator.py
[2024-12-23T06:19:50.839+0700] {processor.py:208} INFO - Processing /mnt/d/Project/airflow-news/venv/lib/python3.12/site-packages/airflow/example_dags/example_branch_operator_decorator.py took 0.163 seconds
[2024-12-23T06:21:51.535+0700] {processor.py:186} INFO - Started process (PID=6177) to work on /mnt/d/Project/airflow-news/venv/lib/python3.12/site-packages/airflow/example_dags/example_branch_operator_decorator.py
[2024-12-23T06:21:51.537+0700] {processor.py:914} INFO - Processing file /mnt/d/Project/airflow-news/venv/lib/python3.12/site-packages/airflow/example_dags/example_branch_operator_decorator.py for tasks to queue
[2024-12-23T06:21:51.542+0700] {logging_mixin.py:190} INFO - [2024-12-23T06:21:51.540+0700] {dagbag.py:588} INFO - Filling up the DagBag from /mnt/d/Project/airflow-news/venv/lib/python3.12/site-packages/airflow/example_dags/example_branch_operator_decorator.py
[2024-12-23T06:21:51.663+0700] {processor.py:927} WARNING - No viable dags retrieved from /mnt/d/Project/airflow-news/venv/lib/python3.12/site-packages/airflow/example_dags/example_branch_operator_decorator.py
[2024-12-23T06:21:51.700+0700] {processor.py:208} INFO - Processing /mnt/d/Project/airflow-news/venv/lib/python3.12/site-packages/airflow/example_dags/example_branch_operator_decorator.py took 0.189 seconds
[2024-12-23T06:23:24.486+0700] {processor.py:186} INFO - Started process (PID=6462) to work on /mnt/d/Project/airflow-news/venv/lib/python3.12/site-packages/airflow/example_dags/example_branch_operator_decorator.py
[2024-12-23T06:23:24.489+0700] {processor.py:914} INFO - Processing file /mnt/d/Project/airflow-news/venv/lib/python3.12/site-packages/airflow/example_dags/example_branch_operator_decorator.py for tasks to queue
[2024-12-23T06:23:24.494+0700] {logging_mixin.py:190} INFO - [2024-12-23T06:23:24.493+0700] {dagbag.py:588} INFO - Filling up the DagBag from /mnt/d/Project/airflow-news/venv/lib/python3.12/site-packages/airflow/example_dags/example_branch_operator_decorator.py
[2024-12-23T06:23:24.577+0700] {processor.py:927} WARNING - No viable dags retrieved from /mnt/d/Project/airflow-news/venv/lib/python3.12/site-packages/airflow/example_dags/example_branch_operator_decorator.py
[2024-12-23T06:23:24.605+0700] {processor.py:208} INFO - Processing /mnt/d/Project/airflow-news/venv/lib/python3.12/site-packages/airflow/example_dags/example_branch_operator_decorator.py took 0.135 seconds
[2024-12-23T06:23:50.367+0700] {processor.py:186} INFO - Started process (PID=6544) to work on /mnt/d/Project/airflow-news/venv/lib/python3.12/site-packages/airflow/example_dags/example_branch_operator_decorator.py
[2024-12-23T06:23:50.369+0700] {processor.py:914} INFO - Processing file /mnt/d/Project/airflow-news/venv/lib/python3.12/site-packages/airflow/example_dags/example_branch_operator_decorator.py for tasks to queue
[2024-12-23T06:23:50.375+0700] {logging_mixin.py:190} INFO - [2024-12-23T06:23:50.373+0700] {dagbag.py:588} INFO - Filling up the DagBag from /mnt/d/Project/airflow-news/venv/lib/python3.12/site-packages/airflow/example_dags/example_branch_operator_decorator.py
[2024-12-23T06:23:50.497+0700] {processor.py:927} WARNING - No viable dags retrieved from /mnt/d/Project/airflow-news/venv/lib/python3.12/site-packages/airflow/example_dags/example_branch_operator_decorator.py
[2024-12-23T06:23:50.534+0700] {processor.py:208} INFO - Processing /mnt/d/Project/airflow-news/venv/lib/python3.12/site-packages/airflow/example_dags/example_branch_operator_decorator.py took 0.193 seconds
[2024-12-23T06:24:55.941+0700] {processor.py:186} INFO - Started process (PID=6747) to work on /mnt/d/Project/airflow-news/venv/lib/python3.12/site-packages/airflow/example_dags/example_branch_operator_decorator.py
[2024-12-23T06:24:55.944+0700] {processor.py:914} INFO - Processing file /mnt/d/Project/airflow-news/venv/lib/python3.12/site-packages/airflow/example_dags/example_branch_operator_decorator.py for tasks to queue
[2024-12-23T06:24:55.947+0700] {logging_mixin.py:190} INFO - [2024-12-23T06:24:55.946+0700] {dagbag.py:588} INFO - Filling up the DagBag from /mnt/d/Project/airflow-news/venv/lib/python3.12/site-packages/airflow/example_dags/example_branch_operator_decorator.py
[2024-12-23T06:24:56.030+0700] {processor.py:927} WARNING - No viable dags retrieved from /mnt/d/Project/airflow-news/venv/lib/python3.12/site-packages/airflow/example_dags/example_branch_operator_decorator.py
[2024-12-23T06:24:56.059+0700] {processor.py:208} INFO - Processing /mnt/d/Project/airflow-news/venv/lib/python3.12/site-packages/airflow/example_dags/example_branch_operator_decorator.py took 0.132 seconds
[2024-12-23T06:25:35.078+0700] {processor.py:186} INFO - Started process (PID=6877) to work on /mnt/d/Project/airflow-news/venv/lib/python3.12/site-packages/airflow/example_dags/example_branch_operator_decorator.py
[2024-12-23T06:25:35.081+0700] {processor.py:914} INFO - Processing file /mnt/d/Project/airflow-news/venv/lib/python3.12/site-packages/airflow/example_dags/example_branch_operator_decorator.py for tasks to queue
[2024-12-23T06:25:35.085+0700] {logging_mixin.py:190} INFO - [2024-12-23T06:25:35.084+0700] {dagbag.py:588} INFO - Filling up the DagBag from /mnt/d/Project/airflow-news/venv/lib/python3.12/site-packages/airflow/example_dags/example_branch_operator_decorator.py
[2024-12-23T06:25:35.159+0700] {processor.py:927} WARNING - No viable dags retrieved from /mnt/d/Project/airflow-news/venv/lib/python3.12/site-packages/airflow/example_dags/example_branch_operator_decorator.py
[2024-12-23T06:25:35.185+0700] {processor.py:208} INFO - Processing /mnt/d/Project/airflow-news/venv/lib/python3.12/site-packages/airflow/example_dags/example_branch_operator_decorator.py took 0.127 seconds
[2024-12-23T06:26:27.685+0700] {processor.py:186} INFO - Started process (PID=7031) to work on /mnt/d/Project/airflow-news/venv/lib/python3.12/site-packages/airflow/example_dags/example_branch_operator_decorator.py
[2024-12-23T06:26:27.688+0700] {processor.py:914} INFO - Processing file /mnt/d/Project/airflow-news/venv/lib/python3.12/site-packages/airflow/example_dags/example_branch_operator_decorator.py for tasks to queue
[2024-12-23T06:26:27.692+0700] {logging_mixin.py:190} INFO - [2024-12-23T06:26:27.691+0700] {dagbag.py:588} INFO - Filling up the DagBag from /mnt/d/Project/airflow-news/venv/lib/python3.12/site-packages/airflow/example_dags/example_branch_operator_decorator.py
[2024-12-23T06:26:27.774+0700] {processor.py:927} WARNING - No viable dags retrieved from /mnt/d/Project/airflow-news/venv/lib/python3.12/site-packages/airflow/example_dags/example_branch_operator_decorator.py
[2024-12-23T06:26:27.803+0700] {processor.py:208} INFO - Processing /mnt/d/Project/airflow-news/venv/lib/python3.12/site-packages/airflow/example_dags/example_branch_operator_decorator.py took 0.132 seconds
[2024-12-23T06:27:22.430+0700] {processor.py:186} INFO - Started process (PID=7187) to work on /mnt/d/Project/airflow-news/venv/lib/python3.12/site-packages/airflow/example_dags/example_branch_operator_decorator.py
[2024-12-23T06:27:22.433+0700] {processor.py:914} INFO - Processing file /mnt/d/Project/airflow-news/venv/lib/python3.12/site-packages/airflow/example_dags/example_branch_operator_decorator.py for tasks to queue
[2024-12-23T06:27:22.440+0700] {logging_mixin.py:190} INFO - [2024-12-23T06:27:22.438+0700] {dagbag.py:588} INFO - Filling up the DagBag from /mnt/d/Project/airflow-news/venv/lib/python3.12/site-packages/airflow/example_dags/example_branch_operator_decorator.py
[2024-12-23T06:27:22.548+0700] {processor.py:927} WARNING - No viable dags retrieved from /mnt/d/Project/airflow-news/venv/lib/python3.12/site-packages/airflow/example_dags/example_branch_operator_decorator.py
[2024-12-23T06:27:22.581+0700] {processor.py:208} INFO - Processing /mnt/d/Project/airflow-news/venv/lib/python3.12/site-packages/airflow/example_dags/example_branch_operator_decorator.py took 0.179 seconds
[2024-12-23T06:28:04.492+0700] {processor.py:186} INFO - Started process (PID=7312) to work on /mnt/d/Project/airflow-news/venv/lib/python3.12/site-packages/airflow/example_dags/example_branch_operator_decorator.py
[2024-12-23T06:28:04.494+0700] {processor.py:914} INFO - Processing file /mnt/d/Project/airflow-news/venv/lib/python3.12/site-packages/airflow/example_dags/example_branch_operator_decorator.py for tasks to queue
[2024-12-23T06:28:04.500+0700] {logging_mixin.py:190} INFO - [2024-12-23T06:28:04.498+0700] {dagbag.py:588} INFO - Filling up the DagBag from /mnt/d/Project/airflow-news/venv/lib/python3.12/site-packages/airflow/example_dags/example_branch_operator_decorator.py
[2024-12-23T06:28:04.579+0700] {processor.py:927} WARNING - No viable dags retrieved from /mnt/d/Project/airflow-news/venv/lib/python3.12/site-packages/airflow/example_dags/example_branch_operator_decorator.py
[2024-12-23T06:28:04.607+0700] {processor.py:208} INFO - Processing /mnt/d/Project/airflow-news/venv/lib/python3.12/site-packages/airflow/example_dags/example_branch_operator_decorator.py took 0.131 seconds
[2024-12-23T06:29:09.131+0700] {processor.py:186} INFO - Started process (PID=7509) to work on /mnt/d/Project/airflow-news/venv/lib/python3.12/site-packages/airflow/example_dags/example_branch_operator_decorator.py
[2024-12-23T06:29:09.133+0700] {processor.py:914} INFO - Processing file /mnt/d/Project/airflow-news/venv/lib/python3.12/site-packages/airflow/example_dags/example_branch_operator_decorator.py for tasks to queue
[2024-12-23T06:29:09.138+0700] {logging_mixin.py:190} INFO - [2024-12-23T06:29:09.137+0700] {dagbag.py:588} INFO - Filling up the DagBag from /mnt/d/Project/airflow-news/venv/lib/python3.12/site-packages/airflow/example_dags/example_branch_operator_decorator.py
[2024-12-23T06:29:09.224+0700] {processor.py:927} WARNING - No viable dags retrieved from /mnt/d/Project/airflow-news/venv/lib/python3.12/site-packages/airflow/example_dags/example_branch_operator_decorator.py
[2024-12-23T06:29:09.253+0700] {processor.py:208} INFO - Processing /mnt/d/Project/airflow-news/venv/lib/python3.12/site-packages/airflow/example_dags/example_branch_operator_decorator.py took 0.144 seconds
[2024-12-23T06:29:37.106+0700] {processor.py:186} INFO - Started process (PID=7598) to work on /mnt/d/Project/airflow-news/venv/lib/python3.12/site-packages/airflow/example_dags/example_branch_operator_decorator.py
[2024-12-23T06:29:37.108+0700] {processor.py:914} INFO - Processing file /mnt/d/Project/airflow-news/venv/lib/python3.12/site-packages/airflow/example_dags/example_branch_operator_decorator.py for tasks to queue
[2024-12-23T06:29:37.112+0700] {logging_mixin.py:190} INFO - [2024-12-23T06:29:37.111+0700] {dagbag.py:588} INFO - Filling up the DagBag from /mnt/d/Project/airflow-news/venv/lib/python3.12/site-packages/airflow/example_dags/example_branch_operator_decorator.py
[2024-12-23T06:29:37.184+0700] {processor.py:927} WARNING - No viable dags retrieved from /mnt/d/Project/airflow-news/venv/lib/python3.12/site-packages/airflow/example_dags/example_branch_operator_decorator.py
[2024-12-23T06:29:37.211+0700] {processor.py:208} INFO - Processing /mnt/d/Project/airflow-news/venv/lib/python3.12/site-packages/airflow/example_dags/example_branch_operator_decorator.py took 0.120 seconds
[2024-12-23T06:30:56.653+0700] {processor.py:186} INFO - Started process (PID=7822) to work on /mnt/d/Project/airflow-news/venv/lib/python3.12/site-packages/airflow/example_dags/example_branch_operator_decorator.py
[2024-12-23T06:30:56.656+0700] {processor.py:914} INFO - Processing file /mnt/d/Project/airflow-news/venv/lib/python3.12/site-packages/airflow/example_dags/example_branch_operator_decorator.py for tasks to queue
[2024-12-23T06:30:56.662+0700] {logging_mixin.py:190} INFO - [2024-12-23T06:30:56.660+0700] {dagbag.py:588} INFO - Filling up the DagBag from /mnt/d/Project/airflow-news/venv/lib/python3.12/site-packages/airflow/example_dags/example_branch_operator_decorator.py
[2024-12-23T06:30:56.753+0700] {processor.py:927} WARNING - No viable dags retrieved from /mnt/d/Project/airflow-news/venv/lib/python3.12/site-packages/airflow/example_dags/example_branch_operator_decorator.py
[2024-12-23T06:30:56.780+0700] {processor.py:208} INFO - Processing /mnt/d/Project/airflow-news/venv/lib/python3.12/site-packages/airflow/example_dags/example_branch_operator_decorator.py took 0.146 seconds
[2024-12-23T06:31:03.434+0700] {processor.py:186} INFO - Started process (PID=7837) to work on /mnt/d/Project/airflow-news/venv/lib/python3.12/site-packages/airflow/example_dags/example_branch_operator_decorator.py
[2024-12-23T06:31:03.436+0700] {processor.py:914} INFO - Processing file /mnt/d/Project/airflow-news/venv/lib/python3.12/site-packages/airflow/example_dags/example_branch_operator_decorator.py for tasks to queue
[2024-12-23T06:31:03.441+0700] {logging_mixin.py:190} INFO - [2024-12-23T06:31:03.440+0700] {dagbag.py:588} INFO - Filling up the DagBag from /mnt/d/Project/airflow-news/venv/lib/python3.12/site-packages/airflow/example_dags/example_branch_operator_decorator.py
[2024-12-23T06:31:03.522+0700] {processor.py:927} WARNING - No viable dags retrieved from /mnt/d/Project/airflow-news/venv/lib/python3.12/site-packages/airflow/example_dags/example_branch_operator_decorator.py
[2024-12-23T06:31:03.550+0700] {processor.py:208} INFO - Processing /mnt/d/Project/airflow-news/venv/lib/python3.12/site-packages/airflow/example_dags/example_branch_operator_decorator.py took 0.131 seconds
[2024-12-23T06:32:39.511+0700] {processor.py:186} INFO - Started process (PID=8135) to work on /mnt/d/Project/airflow-news/venv/lib/python3.12/site-packages/airflow/example_dags/example_branch_operator_decorator.py
[2024-12-23T06:32:39.514+0700] {processor.py:914} INFO - Processing file /mnt/d/Project/airflow-news/venv/lib/python3.12/site-packages/airflow/example_dags/example_branch_operator_decorator.py for tasks to queue
[2024-12-23T06:32:39.519+0700] {logging_mixin.py:190} INFO - [2024-12-23T06:32:39.517+0700] {dagbag.py:588} INFO - Filling up the DagBag from /mnt/d/Project/airflow-news/venv/lib/python3.12/site-packages/airflow/example_dags/example_branch_operator_decorator.py
[2024-12-23T06:32:39.624+0700] {processor.py:927} WARNING - No viable dags retrieved from /mnt/d/Project/airflow-news/venv/lib/python3.12/site-packages/airflow/example_dags/example_branch_operator_decorator.py
[2024-12-23T06:32:39.658+0700] {processor.py:208} INFO - Processing /mnt/d/Project/airflow-news/venv/lib/python3.12/site-packages/airflow/example_dags/example_branch_operator_decorator.py took 0.164 seconds
[2024-12-23T06:32:45.253+0700] {processor.py:186} INFO - Started process (PID=8150) to work on /mnt/d/Project/airflow-news/venv/lib/python3.12/site-packages/airflow/example_dags/example_branch_operator_decorator.py
[2024-12-23T06:32:45.255+0700] {processor.py:914} INFO - Processing file /mnt/d/Project/airflow-news/venv/lib/python3.12/site-packages/airflow/example_dags/example_branch_operator_decorator.py for tasks to queue
[2024-12-23T06:32:45.260+0700] {logging_mixin.py:190} INFO - [2024-12-23T06:32:45.259+0700] {dagbag.py:588} INFO - Filling up the DagBag from /mnt/d/Project/airflow-news/venv/lib/python3.12/site-packages/airflow/example_dags/example_branch_operator_decorator.py
[2024-12-23T06:32:45.355+0700] {processor.py:927} WARNING - No viable dags retrieved from /mnt/d/Project/airflow-news/venv/lib/python3.12/site-packages/airflow/example_dags/example_branch_operator_decorator.py
[2024-12-23T06:32:45.405+0700] {processor.py:208} INFO - Processing /mnt/d/Project/airflow-news/venv/lib/python3.12/site-packages/airflow/example_dags/example_branch_operator_decorator.py took 0.176 seconds
[2024-12-23T06:34:14.494+0700] {processor.py:186} INFO - Started process (PID=8422) to work on /mnt/d/Project/airflow-news/venv/lib/python3.12/site-packages/airflow/example_dags/example_branch_operator_decorator.py
[2024-12-23T06:34:14.497+0700] {processor.py:914} INFO - Processing file /mnt/d/Project/airflow-news/venv/lib/python3.12/site-packages/airflow/example_dags/example_branch_operator_decorator.py for tasks to queue
[2024-12-23T06:34:14.501+0700] {logging_mixin.py:190} INFO - [2024-12-23T06:34:14.500+0700] {dagbag.py:588} INFO - Filling up the DagBag from /mnt/d/Project/airflow-news/venv/lib/python3.12/site-packages/airflow/example_dags/example_branch_operator_decorator.py
[2024-12-23T06:34:14.575+0700] {processor.py:927} WARNING - No viable dags retrieved from /mnt/d/Project/airflow-news/venv/lib/python3.12/site-packages/airflow/example_dags/example_branch_operator_decorator.py
[2024-12-23T06:34:14.605+0700] {processor.py:208} INFO - Processing /mnt/d/Project/airflow-news/venv/lib/python3.12/site-packages/airflow/example_dags/example_branch_operator_decorator.py took 0.125 seconds
[2024-12-23T06:34:33.128+0700] {processor.py:186} INFO - Started process (PID=8469) to work on /mnt/d/Project/airflow-news/venv/lib/python3.12/site-packages/airflow/example_dags/example_branch_operator_decorator.py
[2024-12-23T06:34:33.136+0700] {processor.py:914} INFO - Processing file /mnt/d/Project/airflow-news/venv/lib/python3.12/site-packages/airflow/example_dags/example_branch_operator_decorator.py for tasks to queue
[2024-12-23T06:34:33.147+0700] {logging_mixin.py:190} INFO - [2024-12-23T06:34:33.143+0700] {dagbag.py:588} INFO - Filling up the DagBag from /mnt/d/Project/airflow-news/venv/lib/python3.12/site-packages/airflow/example_dags/example_branch_operator_decorator.py
[2024-12-23T06:34:33.381+0700] {processor.py:927} WARNING - No viable dags retrieved from /mnt/d/Project/airflow-news/venv/lib/python3.12/site-packages/airflow/example_dags/example_branch_operator_decorator.py
[2024-12-23T06:34:33.431+0700] {processor.py:208} INFO - Processing /mnt/d/Project/airflow-news/venv/lib/python3.12/site-packages/airflow/example_dags/example_branch_operator_decorator.py took 0.348 seconds
[2024-12-23T06:36:58.091+0700] {processor.py:186} INFO - Started process (PID=8898) to work on /mnt/d/Project/airflow-news/venv/lib/python3.12/site-packages/airflow/example_dags/example_branch_operator_decorator.py
[2024-12-23T06:36:58.094+0700] {processor.py:914} INFO - Processing file /mnt/d/Project/airflow-news/venv/lib/python3.12/site-packages/airflow/example_dags/example_branch_operator_decorator.py for tasks to queue
[2024-12-23T06:36:58.099+0700] {logging_mixin.py:190} INFO - [2024-12-23T06:36:58.097+0700] {dagbag.py:588} INFO - Filling up the DagBag from /mnt/d/Project/airflow-news/venv/lib/python3.12/site-packages/airflow/example_dags/example_branch_operator_decorator.py
[2024-12-23T06:36:58.192+0700] {processor.py:927} WARNING - No viable dags retrieved from /mnt/d/Project/airflow-news/venv/lib/python3.12/site-packages/airflow/example_dags/example_branch_operator_decorator.py
[2024-12-23T06:36:58.220+0700] {processor.py:208} INFO - Processing /mnt/d/Project/airflow-news/venv/lib/python3.12/site-packages/airflow/example_dags/example_branch_operator_decorator.py took 0.150 seconds
[2024-12-23T06:37:18.058+0700] {processor.py:186} INFO - Started process (PID=8963) to work on /mnt/d/Project/airflow-news/venv/lib/python3.12/site-packages/airflow/example_dags/example_branch_operator_decorator.py
[2024-12-23T06:37:18.060+0700] {processor.py:914} INFO - Processing file /mnt/d/Project/airflow-news/venv/lib/python3.12/site-packages/airflow/example_dags/example_branch_operator_decorator.py for tasks to queue
[2024-12-23T06:37:18.065+0700] {logging_mixin.py:190} INFO - [2024-12-23T06:37:18.063+0700] {dagbag.py:588} INFO - Filling up the DagBag from /mnt/d/Project/airflow-news/venv/lib/python3.12/site-packages/airflow/example_dags/example_branch_operator_decorator.py
[2024-12-23T06:37:18.163+0700] {processor.py:927} WARNING - No viable dags retrieved from /mnt/d/Project/airflow-news/venv/lib/python3.12/site-packages/airflow/example_dags/example_branch_operator_decorator.py
[2024-12-23T06:37:18.194+0700] {processor.py:208} INFO - Processing /mnt/d/Project/airflow-news/venv/lib/python3.12/site-packages/airflow/example_dags/example_branch_operator_decorator.py took 0.153 seconds
[2024-12-23T06:38:55.870+0700] {processor.py:186} INFO - Started process (PID=9300) to work on /mnt/d/Project/airflow-news/venv/lib/python3.12/site-packages/airflow/example_dags/example_branch_operator_decorator.py
[2024-12-23T06:38:55.872+0700] {processor.py:914} INFO - Processing file /mnt/d/Project/airflow-news/venv/lib/python3.12/site-packages/airflow/example_dags/example_branch_operator_decorator.py for tasks to queue
[2024-12-23T06:38:55.877+0700] {logging_mixin.py:190} INFO - [2024-12-23T06:38:55.876+0700] {dagbag.py:588} INFO - Filling up the DagBag from /mnt/d/Project/airflow-news/venv/lib/python3.12/site-packages/airflow/example_dags/example_branch_operator_decorator.py
[2024-12-23T06:38:55.974+0700] {processor.py:927} WARNING - No viable dags retrieved from /mnt/d/Project/airflow-news/venv/lib/python3.12/site-packages/airflow/example_dags/example_branch_operator_decorator.py
[2024-12-23T06:38:56.006+0700] {processor.py:208} INFO - Processing /mnt/d/Project/airflow-news/venv/lib/python3.12/site-packages/airflow/example_dags/example_branch_operator_decorator.py took 0.154 seconds
[2024-12-23T06:39:01.119+0700] {processor.py:186} INFO - Started process (PID=9316) to work on /mnt/d/Project/airflow-news/venv/lib/python3.12/site-packages/airflow/example_dags/example_branch_operator_decorator.py
[2024-12-23T06:39:01.122+0700] {processor.py:914} INFO - Processing file /mnt/d/Project/airflow-news/venv/lib/python3.12/site-packages/airflow/example_dags/example_branch_operator_decorator.py for tasks to queue
[2024-12-23T06:39:01.128+0700] {logging_mixin.py:190} INFO - [2024-12-23T06:39:01.126+0700] {dagbag.py:588} INFO - Filling up the DagBag from /mnt/d/Project/airflow-news/venv/lib/python3.12/site-packages/airflow/example_dags/example_branch_operator_decorator.py
[2024-12-23T06:39:01.210+0700] {processor.py:927} WARNING - No viable dags retrieved from /mnt/d/Project/airflow-news/venv/lib/python3.12/site-packages/airflow/example_dags/example_branch_operator_decorator.py
[2024-12-23T06:39:01.239+0700] {processor.py:208} INFO - Processing /mnt/d/Project/airflow-news/venv/lib/python3.12/site-packages/airflow/example_dags/example_branch_operator_decorator.py took 0.146 seconds
