[2024-12-23T05:44:55.940+0700] {processor.py:186} INFO - Started process (PID=1370) to work on /mnt/d/Project/airflow-news/venv/lib/python3.12/site-packages/airflow/example_dags/example_sla_dag.py
[2024-12-23T05:44:55.942+0700] {processor.py:914} INFO - Processing file /mnt/d/Project/airflow-news/venv/lib/python3.12/site-packages/airflow/example_dags/example_sla_dag.py for tasks to queue
[2024-12-23T05:44:55.947+0700] {logging_mixin.py:190} INFO - [2024-12-23T05:44:55.946+0700] {dagbag.py:588} INFO - Filling up the DagBag from /mnt/d/Project/airflow-news/venv/lib/python3.12/site-packages/airflow/example_dags/example_sla_dag.py
[2024-12-23T05:44:56.036+0700] {processor.py:925} INFO - DAG(s) 'example_sla_dag' retrieved from /mnt/d/Project/airflow-news/venv/lib/python3.12/site-packages/airflow/example_dags/example_sla_dag.py
[2024-12-23T05:44:57.720+0700] {logging_mixin.py:190} INFO - [2024-12-23T05:44:57.718+0700] {override.py:1911} INFO - Created Permission View: can edit on DAG:example_sla_dag
[2024-12-23T05:44:57.776+0700] {logging_mixin.py:190} INFO - [2024-12-23T05:44:57.773+0700] {override.py:1911} INFO - Created Permission View: can read on DAG:example_sla_dag
[2024-12-23T05:44:57.824+0700] {logging_mixin.py:190} INFO - [2024-12-23T05:44:57.822+0700] {override.py:1911} INFO - Created Permission View: can delete on DAG:example_sla_dag
[2024-12-23T05:44:57.891+0700] {logging_mixin.py:190} INFO - [2024-12-23T05:44:57.890+0700] {override.py:1911} INFO - Created Permission View: can read on DAG Run:example_sla_dag
[2024-12-23T05:44:57.934+0700] {logging_mixin.py:190} INFO - [2024-12-23T05:44:57.932+0700] {override.py:1911} INFO - Created Permission View: can delete on DAG Run:example_sla_dag
[2024-12-23T05:44:57.979+0700] {logging_mixin.py:190} INFO - [2024-12-23T05:44:57.977+0700] {override.py:1911} INFO - Created Permission View: menu access on DAG Run:example_sla_dag
[2024-12-23T05:44:58.027+0700] {logging_mixin.py:190} INFO - [2024-12-23T05:44:58.025+0700] {override.py:1911} INFO - Created Permission View: can create on DAG Run:example_sla_dag
[2024-12-23T05:44:58.030+0700] {logging_mixin.py:190} INFO - [2024-12-23T05:44:58.029+0700] {dag.py:3239} INFO - Sync 1 DAGs
[2024-12-23T05:44:58.056+0700] {logging_mixin.py:190} INFO - [2024-12-23T05:44:58.053+0700] {dag.py:3262} INFO - Creating ORM DAG for example_sla_dag
[2024-12-23T05:44:58.089+0700] {logging_mixin.py:190} INFO - [2024-12-23T05:44:58.088+0700] {dag.py:4180} INFO - Setting next_dagrun for example_sla_dag to 2024-12-22 22:42:00+00:00, run_after=2024-12-22 22:44:00+00:00
[2024-12-23T05:44:58.171+0700] {processor.py:208} INFO - Processing /mnt/d/Project/airflow-news/venv/lib/python3.12/site-packages/airflow/example_dags/example_sla_dag.py took 2.244 seconds
[2024-12-23T05:52:36.692+0700] {processor.py:186} INFO - Started process (PID=1697) to work on /mnt/d/Project/airflow-news/venv/lib/python3.12/site-packages/airflow/example_dags/example_sla_dag.py
[2024-12-23T05:52:36.694+0700] {processor.py:914} INFO - Processing file /mnt/d/Project/airflow-news/venv/lib/python3.12/site-packages/airflow/example_dags/example_sla_dag.py for tasks to queue
[2024-12-23T05:52:36.698+0700] {logging_mixin.py:190} INFO - [2024-12-23T05:52:36.697+0700] {dagbag.py:588} INFO - Filling up the DagBag from /mnt/d/Project/airflow-news/venv/lib/python3.12/site-packages/airflow/example_dags/example_sla_dag.py
[2024-12-23T05:52:36.808+0700] {processor.py:925} INFO - DAG(s) 'example_sla_dag' retrieved from /mnt/d/Project/airflow-news/venv/lib/python3.12/site-packages/airflow/example_dags/example_sla_dag.py
[2024-12-23T05:52:38.643+0700] {logging_mixin.py:190} INFO - [2024-12-23T05:52:38.641+0700] {dag.py:3239} INFO - Sync 1 DAGs
[2024-12-23T05:52:38.702+0700] {logging_mixin.py:190} INFO - [2024-12-23T05:52:38.701+0700] {dag.py:4180} INFO - Setting next_dagrun for example_sla_dag to 2024-12-22 22:50:00+00:00, run_after=2024-12-22 22:52:00+00:00
[2024-12-23T05:52:38.825+0700] {processor.py:208} INFO - Processing /mnt/d/Project/airflow-news/venv/lib/python3.12/site-packages/airflow/example_dags/example_sla_dag.py took 2.149 seconds
[2024-12-23T05:53:26.083+0700] {processor.py:186} INFO - Started process (PID=1785) to work on /mnt/d/Project/airflow-news/venv/lib/python3.12/site-packages/airflow/example_dags/example_sla_dag.py
[2024-12-23T05:53:26.085+0700] {processor.py:914} INFO - Processing file /mnt/d/Project/airflow-news/venv/lib/python3.12/site-packages/airflow/example_dags/example_sla_dag.py for tasks to queue
[2024-12-23T05:53:26.090+0700] {logging_mixin.py:190} INFO - [2024-12-23T05:53:26.089+0700] {dagbag.py:588} INFO - Filling up the DagBag from /mnt/d/Project/airflow-news/venv/lib/python3.12/site-packages/airflow/example_dags/example_sla_dag.py
[2024-12-23T05:53:26.206+0700] {processor.py:925} INFO - DAG(s) 'example_sla_dag' retrieved from /mnt/d/Project/airflow-news/venv/lib/python3.12/site-packages/airflow/example_dags/example_sla_dag.py
[2024-12-23T05:53:26.257+0700] {logging_mixin.py:190} INFO - [2024-12-23T05:53:26.256+0700] {dag.py:3239} INFO - Sync 1 DAGs
[2024-12-23T05:53:26.307+0700] {logging_mixin.py:190} INFO - [2024-12-23T05:53:26.305+0700] {dag.py:4180} INFO - Setting next_dagrun for example_sla_dag to 2024-12-22 22:50:00+00:00, run_after=2024-12-22 22:52:00+00:00
[2024-12-23T05:53:26.381+0700] {processor.py:208} INFO - Processing /mnt/d/Project/airflow-news/venv/lib/python3.12/site-packages/airflow/example_dags/example_sla_dag.py took 0.316 seconds
[2024-12-23T05:55:09.555+0700] {processor.py:186} INFO - Started process (PID=2079) to work on /mnt/d/Project/airflow-news/venv/lib/python3.12/site-packages/airflow/example_dags/example_sla_dag.py
[2024-12-23T05:55:09.557+0700] {processor.py:914} INFO - Processing file /mnt/d/Project/airflow-news/venv/lib/python3.12/site-packages/airflow/example_dags/example_sla_dag.py for tasks to queue
[2024-12-23T05:55:09.562+0700] {logging_mixin.py:190} INFO - [2024-12-23T05:55:09.560+0700] {dagbag.py:588} INFO - Filling up the DagBag from /mnt/d/Project/airflow-news/venv/lib/python3.12/site-packages/airflow/example_dags/example_sla_dag.py
[2024-12-23T05:55:09.655+0700] {processor.py:925} INFO - DAG(s) 'example_sla_dag' retrieved from /mnt/d/Project/airflow-news/venv/lib/python3.12/site-packages/airflow/example_dags/example_sla_dag.py
[2024-12-23T05:55:09.688+0700] {logging_mixin.py:190} INFO - [2024-12-23T05:55:09.687+0700] {dag.py:3239} INFO - Sync 1 DAGs
[2024-12-23T05:55:09.738+0700] {logging_mixin.py:190} INFO - [2024-12-23T05:55:09.737+0700] {dag.py:4180} INFO - Setting next_dagrun for example_sla_dag to 2024-12-22 22:52:00+00:00, run_after=2024-12-22 22:54:00+00:00
[2024-12-23T05:55:09.809+0700] {processor.py:208} INFO - Processing /mnt/d/Project/airflow-news/venv/lib/python3.12/site-packages/airflow/example_dags/example_sla_dag.py took 0.268 seconds
[2024-12-23T05:56:09.417+0700] {processor.py:186} INFO - Started process (PID=2218) to work on /mnt/d/Project/airflow-news/venv/lib/python3.12/site-packages/airflow/example_dags/example_sla_dag.py
[2024-12-23T05:56:09.419+0700] {processor.py:914} INFO - Processing file /mnt/d/Project/airflow-news/venv/lib/python3.12/site-packages/airflow/example_dags/example_sla_dag.py for tasks to queue
[2024-12-23T05:56:09.425+0700] {logging_mixin.py:190} INFO - [2024-12-23T05:56:09.422+0700] {dagbag.py:588} INFO - Filling up the DagBag from /mnt/d/Project/airflow-news/venv/lib/python3.12/site-packages/airflow/example_dags/example_sla_dag.py
[2024-12-23T05:56:09.516+0700] {processor.py:925} INFO - DAG(s) 'example_sla_dag' retrieved from /mnt/d/Project/airflow-news/venv/lib/python3.12/site-packages/airflow/example_dags/example_sla_dag.py
[2024-12-23T05:56:09.554+0700] {logging_mixin.py:190} INFO - [2024-12-23T05:56:09.553+0700] {dag.py:3239} INFO - Sync 1 DAGs
[2024-12-23T05:56:09.602+0700] {logging_mixin.py:190} INFO - [2024-12-23T05:56:09.601+0700] {dag.py:4180} INFO - Setting next_dagrun for example_sla_dag to 2024-12-22 22:54:00+00:00, run_after=2024-12-22 22:56:00+00:00
[2024-12-23T05:56:09.668+0700] {processor.py:208} INFO - Processing /mnt/d/Project/airflow-news/venv/lib/python3.12/site-packages/airflow/example_dags/example_sla_dag.py took 0.266 seconds
[2024-12-23T05:57:44.451+0700] {processor.py:186} INFO - Started process (PID=2419) to work on /mnt/d/Project/airflow-news/venv/lib/python3.12/site-packages/airflow/example_dags/example_sla_dag.py
[2024-12-23T05:57:44.453+0700] {processor.py:914} INFO - Processing file /mnt/d/Project/airflow-news/venv/lib/python3.12/site-packages/airflow/example_dags/example_sla_dag.py for tasks to queue
[2024-12-23T05:57:44.458+0700] {logging_mixin.py:190} INFO - [2024-12-23T05:57:44.456+0700] {dagbag.py:588} INFO - Filling up the DagBag from /mnt/d/Project/airflow-news/venv/lib/python3.12/site-packages/airflow/example_dags/example_sla_dag.py
[2024-12-23T05:57:44.558+0700] {processor.py:925} INFO - DAG(s) 'example_sla_dag' retrieved from /mnt/d/Project/airflow-news/venv/lib/python3.12/site-packages/airflow/example_dags/example_sla_dag.py
[2024-12-23T05:57:44.600+0700] {logging_mixin.py:190} INFO - [2024-12-23T05:57:44.598+0700] {dag.py:3239} INFO - Sync 1 DAGs
[2024-12-23T05:57:44.647+0700] {logging_mixin.py:190} INFO - [2024-12-23T05:57:44.646+0700] {dag.py:4180} INFO - Setting next_dagrun for example_sla_dag to 2024-12-22 22:54:00+00:00, run_after=2024-12-22 22:56:00+00:00
[2024-12-23T05:57:44.723+0700] {processor.py:208} INFO - Processing /mnt/d/Project/airflow-news/venv/lib/python3.12/site-packages/airflow/example_dags/example_sla_dag.py took 0.288 seconds
[2024-12-23T05:59:04.585+0700] {processor.py:186} INFO - Started process (PID=2600) to work on /mnt/d/Project/airflow-news/venv/lib/python3.12/site-packages/airflow/example_dags/example_sla_dag.py
[2024-12-23T05:59:04.587+0700] {processor.py:914} INFO - Processing file /mnt/d/Project/airflow-news/venv/lib/python3.12/site-packages/airflow/example_dags/example_sla_dag.py for tasks to queue
[2024-12-23T05:59:04.592+0700] {logging_mixin.py:190} INFO - [2024-12-23T05:59:04.590+0700] {dagbag.py:588} INFO - Filling up the DagBag from /mnt/d/Project/airflow-news/venv/lib/python3.12/site-packages/airflow/example_dags/example_sla_dag.py
[2024-12-23T05:59:04.680+0700] {processor.py:925} INFO - DAG(s) 'example_sla_dag' retrieved from /mnt/d/Project/airflow-news/venv/lib/python3.12/site-packages/airflow/example_dags/example_sla_dag.py
[2024-12-23T05:59:04.738+0700] {logging_mixin.py:190} INFO - [2024-12-23T05:59:04.736+0700] {dag.py:3239} INFO - Sync 1 DAGs
[2024-12-23T05:59:04.801+0700] {logging_mixin.py:190} INFO - [2024-12-23T05:59:04.800+0700] {dag.py:4180} INFO - Setting next_dagrun for example_sla_dag to 2024-12-22 22:56:00+00:00, run_after=2024-12-22 22:58:00+00:00
[2024-12-23T05:59:04.906+0700] {processor.py:208} INFO - Processing /mnt/d/Project/airflow-news/venv/lib/python3.12/site-packages/airflow/example_dags/example_sla_dag.py took 0.337 seconds
[2024-12-23T05:59:22.177+0700] {processor.py:186} INFO - Started process (PID=2640) to work on /mnt/d/Project/airflow-news/venv/lib/python3.12/site-packages/airflow/example_dags/example_sla_dag.py
[2024-12-23T05:59:22.179+0700] {processor.py:914} INFO - Processing file /mnt/d/Project/airflow-news/venv/lib/python3.12/site-packages/airflow/example_dags/example_sla_dag.py for tasks to queue
[2024-12-23T05:59:22.184+0700] {logging_mixin.py:190} INFO - [2024-12-23T05:59:22.182+0700] {dagbag.py:588} INFO - Filling up the DagBag from /mnt/d/Project/airflow-news/venv/lib/python3.12/site-packages/airflow/example_dags/example_sla_dag.py
[2024-12-23T05:59:22.271+0700] {processor.py:925} INFO - DAG(s) 'example_sla_dag' retrieved from /mnt/d/Project/airflow-news/venv/lib/python3.12/site-packages/airflow/example_dags/example_sla_dag.py
[2024-12-23T05:59:22.307+0700] {logging_mixin.py:190} INFO - [2024-12-23T05:59:22.306+0700] {dag.py:3239} INFO - Sync 1 DAGs
[2024-12-23T05:59:22.355+0700] {logging_mixin.py:190} INFO - [2024-12-23T05:59:22.354+0700] {dag.py:4180} INFO - Setting next_dagrun for example_sla_dag to 2024-12-22 22:56:00+00:00, run_after=2024-12-22 22:58:00+00:00
[2024-12-23T05:59:22.436+0700] {processor.py:208} INFO - Processing /mnt/d/Project/airflow-news/venv/lib/python3.12/site-packages/airflow/example_dags/example_sla_dag.py took 0.274 seconds
[2024-12-23T06:00:26.663+0700] {processor.py:186} INFO - Started process (PID=2826) to work on /mnt/d/Project/airflow-news/venv/lib/python3.12/site-packages/airflow/example_dags/example_sla_dag.py
[2024-12-23T06:00:26.666+0700] {processor.py:914} INFO - Processing file /mnt/d/Project/airflow-news/venv/lib/python3.12/site-packages/airflow/example_dags/example_sla_dag.py for tasks to queue
[2024-12-23T06:00:26.671+0700] {logging_mixin.py:190} INFO - [2024-12-23T06:00:26.669+0700] {dagbag.py:588} INFO - Filling up the DagBag from /mnt/d/Project/airflow-news/venv/lib/python3.12/site-packages/airflow/example_dags/example_sla_dag.py
[2024-12-23T06:00:26.805+0700] {processor.py:925} INFO - DAG(s) 'example_sla_dag' retrieved from /mnt/d/Project/airflow-news/venv/lib/python3.12/site-packages/airflow/example_dags/example_sla_dag.py
[2024-12-23T06:00:26.865+0700] {logging_mixin.py:190} INFO - [2024-12-23T06:00:26.864+0700] {dag.py:3239} INFO - Sync 1 DAGs
[2024-12-23T06:00:26.932+0700] {logging_mixin.py:190} INFO - [2024-12-23T06:00:26.930+0700] {dag.py:4180} INFO - Setting next_dagrun for example_sla_dag to 2024-12-22 22:58:00+00:00, run_after=2024-12-22 23:00:00+00:00
[2024-12-23T06:00:27.056+0700] {processor.py:208} INFO - Processing /mnt/d/Project/airflow-news/venv/lib/python3.12/site-packages/airflow/example_dags/example_sla_dag.py took 0.413 seconds
[2024-12-23T06:01:08.268+0700] {processor.py:186} INFO - Started process (PID=2939) to work on /mnt/d/Project/airflow-news/venv/lib/python3.12/site-packages/airflow/example_dags/example_sla_dag.py
[2024-12-23T06:01:08.272+0700] {processor.py:914} INFO - Processing file /mnt/d/Project/airflow-news/venv/lib/python3.12/site-packages/airflow/example_dags/example_sla_dag.py for tasks to queue
[2024-12-23T06:01:08.280+0700] {logging_mixin.py:190} INFO - [2024-12-23T06:01:08.277+0700] {dagbag.py:588} INFO - Filling up the DagBag from /mnt/d/Project/airflow-news/venv/lib/python3.12/site-packages/airflow/example_dags/example_sla_dag.py
[2024-12-23T06:01:08.431+0700] {processor.py:925} INFO - DAG(s) 'example_sla_dag' retrieved from /mnt/d/Project/airflow-news/venv/lib/python3.12/site-packages/airflow/example_dags/example_sla_dag.py
[2024-12-23T06:01:08.481+0700] {logging_mixin.py:190} INFO - [2024-12-23T06:01:08.479+0700] {dag.py:3239} INFO - Sync 1 DAGs
[2024-12-23T06:01:07.135+0700] {logging_mixin.py:190} INFO - [2024-12-23T06:01:07.134+0700] {dag.py:4180} INFO - Setting next_dagrun for example_sla_dag to 2024-12-22 22:58:00+00:00, run_after=2024-12-22 23:00:00+00:00
[2024-12-23T06:01:07.242+0700] {processor.py:208} INFO - Processing /mnt/d/Project/airflow-news/venv/lib/python3.12/site-packages/airflow/example_dags/example_sla_dag.py took 0.604 seconds
[2024-12-23T06:02:10.210+0700] {processor.py:186} INFO - Started process (PID=3070) to work on /mnt/d/Project/airflow-news/venv/lib/python3.12/site-packages/airflow/example_dags/example_sla_dag.py
[2024-12-23T06:02:10.214+0700] {processor.py:914} INFO - Processing file /mnt/d/Project/airflow-news/venv/lib/python3.12/site-packages/airflow/example_dags/example_sla_dag.py for tasks to queue
[2024-12-23T06:02:10.220+0700] {logging_mixin.py:190} INFO - [2024-12-23T06:02:10.218+0700] {dagbag.py:588} INFO - Filling up the DagBag from /mnt/d/Project/airflow-news/venv/lib/python3.12/site-packages/airflow/example_dags/example_sla_dag.py
[2024-12-23T06:02:10.336+0700] {processor.py:925} INFO - DAG(s) 'example_sla_dag' retrieved from /mnt/d/Project/airflow-news/venv/lib/python3.12/site-packages/airflow/example_dags/example_sla_dag.py
[2024-12-23T06:02:10.377+0700] {logging_mixin.py:190} INFO - [2024-12-23T06:02:10.375+0700] {dag.py:3239} INFO - Sync 1 DAGs
[2024-12-23T06:02:10.451+0700] {logging_mixin.py:190} INFO - [2024-12-23T06:02:10.449+0700] {dag.py:4180} INFO - Setting next_dagrun for example_sla_dag to 2024-12-22 23:00:00+00:00, run_after=2024-12-22 23:02:00+00:00
[2024-12-23T06:02:10.552+0700] {processor.py:208} INFO - Processing /mnt/d/Project/airflow-news/venv/lib/python3.12/site-packages/airflow/example_dags/example_sla_dag.py took 0.360 seconds
[2024-12-23T06:04:19.622+0700] {processor.py:186} INFO - Started process (PID=3387) to work on /mnt/d/Project/airflow-news/venv/lib/python3.12/site-packages/airflow/example_dags/example_sla_dag.py
[2024-12-23T06:04:19.625+0700] {processor.py:914} INFO - Processing file /mnt/d/Project/airflow-news/venv/lib/python3.12/site-packages/airflow/example_dags/example_sla_dag.py for tasks to queue
[2024-12-23T06:04:19.631+0700] {logging_mixin.py:190} INFO - [2024-12-23T06:04:19.629+0700] {dagbag.py:588} INFO - Filling up the DagBag from /mnt/d/Project/airflow-news/venv/lib/python3.12/site-packages/airflow/example_dags/example_sla_dag.py
[2024-12-23T06:04:19.778+0700] {processor.py:925} INFO - DAG(s) 'example_sla_dag' retrieved from /mnt/d/Project/airflow-news/venv/lib/python3.12/site-packages/airflow/example_dags/example_sla_dag.py
[2024-12-23T06:04:19.833+0700] {logging_mixin.py:190} INFO - [2024-12-23T06:04:19.831+0700] {dag.py:3239} INFO - Sync 1 DAGs
[2024-12-23T06:04:19.907+0700] {logging_mixin.py:190} INFO - [2024-12-23T06:04:19.905+0700] {dag.py:4180} INFO - Setting next_dagrun for example_sla_dag to 2024-12-22 23:02:00+00:00, run_after=2024-12-22 23:04:00+00:00
[2024-12-23T06:04:20.001+0700] {processor.py:208} INFO - Processing /mnt/d/Project/airflow-news/venv/lib/python3.12/site-packages/airflow/example_dags/example_sla_dag.py took 0.407 seconds
[2024-12-23T06:06:21.839+0700] {processor.py:186} INFO - Started process (PID=3664) to work on /mnt/d/Project/airflow-news/venv/lib/python3.12/site-packages/airflow/example_dags/example_sla_dag.py
[2024-12-23T06:06:21.841+0700] {processor.py:914} INFO - Processing file /mnt/d/Project/airflow-news/venv/lib/python3.12/site-packages/airflow/example_dags/example_sla_dag.py for tasks to queue
[2024-12-23T06:06:21.846+0700] {logging_mixin.py:190} INFO - [2024-12-23T06:06:21.845+0700] {dagbag.py:588} INFO - Filling up the DagBag from /mnt/d/Project/airflow-news/venv/lib/python3.12/site-packages/airflow/example_dags/example_sla_dag.py
[2024-12-23T06:06:21.955+0700] {processor.py:925} INFO - DAG(s) 'example_sla_dag' retrieved from /mnt/d/Project/airflow-news/venv/lib/python3.12/site-packages/airflow/example_dags/example_sla_dag.py
[2024-12-23T06:06:21.999+0700] {logging_mixin.py:190} INFO - [2024-12-23T06:06:21.998+0700] {dag.py:3239} INFO - Sync 1 DAGs
[2024-12-23T06:06:22.053+0700] {logging_mixin.py:190} INFO - [2024-12-23T06:06:22.051+0700] {dag.py:4180} INFO - Setting next_dagrun for example_sla_dag to 2024-12-22 23:04:00+00:00, run_after=2024-12-22 23:06:00+00:00
[2024-12-23T06:06:22.136+0700] {processor.py:208} INFO - Processing /mnt/d/Project/airflow-news/venv/lib/python3.12/site-packages/airflow/example_dags/example_sla_dag.py took 0.324 seconds
[2024-12-23T06:07:15.208+0700] {processor.py:186} INFO - Started process (PID=3813) to work on /mnt/d/Project/airflow-news/venv/lib/python3.12/site-packages/airflow/example_dags/example_sla_dag.py
[2024-12-23T06:07:15.211+0700] {processor.py:914} INFO - Processing file /mnt/d/Project/airflow-news/venv/lib/python3.12/site-packages/airflow/example_dags/example_sla_dag.py for tasks to queue
[2024-12-23T06:07:15.216+0700] {logging_mixin.py:190} INFO - [2024-12-23T06:07:15.214+0700] {dagbag.py:588} INFO - Filling up the DagBag from /mnt/d/Project/airflow-news/venv/lib/python3.12/site-packages/airflow/example_dags/example_sla_dag.py
[2024-12-23T06:07:15.326+0700] {processor.py:925} INFO - DAG(s) 'example_sla_dag' retrieved from /mnt/d/Project/airflow-news/venv/lib/python3.12/site-packages/airflow/example_dags/example_sla_dag.py
[2024-12-23T06:07:15.386+0700] {logging_mixin.py:190} INFO - [2024-12-23T06:07:15.385+0700] {dag.py:3239} INFO - Sync 1 DAGs
[2024-12-23T06:07:15.445+0700] {logging_mixin.py:190} INFO - [2024-12-23T06:07:15.443+0700] {dag.py:4180} INFO - Setting next_dagrun for example_sla_dag to 2024-12-22 23:04:00+00:00, run_after=2024-12-22 23:06:00+00:00
[2024-12-23T06:07:15.533+0700] {processor.py:208} INFO - Processing /mnt/d/Project/airflow-news/venv/lib/python3.12/site-packages/airflow/example_dags/example_sla_dag.py took 0.341 seconds
[2024-12-23T06:08:21.563+0700] {processor.py:186} INFO - Started process (PID=4006) to work on /mnt/d/Project/airflow-news/venv/lib/python3.12/site-packages/airflow/example_dags/example_sla_dag.py
[2024-12-23T06:08:21.566+0700] {processor.py:914} INFO - Processing file /mnt/d/Project/airflow-news/venv/lib/python3.12/site-packages/airflow/example_dags/example_sla_dag.py for tasks to queue
[2024-12-23T06:08:21.571+0700] {logging_mixin.py:190} INFO - [2024-12-23T06:08:21.569+0700] {dagbag.py:588} INFO - Filling up the DagBag from /mnt/d/Project/airflow-news/venv/lib/python3.12/site-packages/airflow/example_dags/example_sla_dag.py
[2024-12-23T06:08:21.688+0700] {processor.py:925} INFO - DAG(s) 'example_sla_dag' retrieved from /mnt/d/Project/airflow-news/venv/lib/python3.12/site-packages/airflow/example_dags/example_sla_dag.py
[2024-12-23T06:08:21.734+0700] {logging_mixin.py:190} INFO - [2024-12-23T06:08:21.732+0700] {dag.py:3239} INFO - Sync 1 DAGs
[2024-12-23T06:08:21.809+0700] {logging_mixin.py:190} INFO - [2024-12-23T06:08:21.807+0700] {dag.py:4180} INFO - Setting next_dagrun for example_sla_dag to 2024-12-22 23:06:00+00:00, run_after=2024-12-22 23:08:00+00:00
[2024-12-23T06:08:21.896+0700] {processor.py:208} INFO - Processing /mnt/d/Project/airflow-news/venv/lib/python3.12/site-packages/airflow/example_dags/example_sla_dag.py took 0.357 seconds
[2024-12-23T06:08:36.490+0700] {processor.py:186} INFO - Started process (PID=4052) to work on /mnt/d/Project/airflow-news/venv/lib/python3.12/site-packages/airflow/example_dags/example_sla_dag.py
[2024-12-23T06:08:36.493+0700] {processor.py:914} INFO - Processing file /mnt/d/Project/airflow-news/venv/lib/python3.12/site-packages/airflow/example_dags/example_sla_dag.py for tasks to queue
[2024-12-23T06:08:36.500+0700] {logging_mixin.py:190} INFO - [2024-12-23T06:08:36.498+0700] {dagbag.py:588} INFO - Filling up the DagBag from /mnt/d/Project/airflow-news/venv/lib/python3.12/site-packages/airflow/example_dags/example_sla_dag.py
[2024-12-23T06:08:36.631+0700] {processor.py:925} INFO - DAG(s) 'example_sla_dag' retrieved from /mnt/d/Project/airflow-news/venv/lib/python3.12/site-packages/airflow/example_dags/example_sla_dag.py
[2024-12-23T06:08:36.684+0700] {logging_mixin.py:190} INFO - [2024-12-23T06:08:36.682+0700] {dag.py:3239} INFO - Sync 1 DAGs
[2024-12-23T06:08:36.754+0700] {logging_mixin.py:190} INFO - [2024-12-23T06:08:36.752+0700] {dag.py:4180} INFO - Setting next_dagrun for example_sla_dag to 2024-12-22 23:06:00+00:00, run_after=2024-12-22 23:08:00+00:00
[2024-12-23T06:08:36.836+0700] {processor.py:208} INFO - Processing /mnt/d/Project/airflow-news/venv/lib/python3.12/site-packages/airflow/example_dags/example_sla_dag.py took 0.365 seconds
[2024-12-23T06:11:26.166+0700] {processor.py:186} INFO - Started process (PID=4451) to work on /mnt/d/Project/airflow-news/venv/lib/python3.12/site-packages/airflow/example_dags/example_sla_dag.py
[2024-12-23T06:11:26.169+0700] {processor.py:914} INFO - Processing file /mnt/d/Project/airflow-news/venv/lib/python3.12/site-packages/airflow/example_dags/example_sla_dag.py for tasks to queue
[2024-12-23T06:11:26.176+0700] {logging_mixin.py:190} INFO - [2024-12-23T06:11:26.174+0700] {dagbag.py:588} INFO - Filling up the DagBag from /mnt/d/Project/airflow-news/venv/lib/python3.12/site-packages/airflow/example_dags/example_sla_dag.py
[2024-12-23T06:11:26.219+0700] {processor.py:925} INFO - DAG(s) 'example_sla_dag' retrieved from /mnt/d/Project/airflow-news/venv/lib/python3.12/site-packages/airflow/example_dags/example_sla_dag.py
[2024-12-23T06:11:26.277+0700] {logging_mixin.py:190} INFO - [2024-12-23T06:11:26.276+0700] {dag.py:3239} INFO - Sync 1 DAGs
[2024-12-23T06:11:26.332+0700] {logging_mixin.py:190} INFO - [2024-12-23T06:11:26.330+0700] {dag.py:4180} INFO - Setting next_dagrun for example_sla_dag to 2024-12-22 23:08:00+00:00, run_after=2024-12-22 23:10:00+00:00
[2024-12-23T06:11:26.428+0700] {processor.py:208} INFO - Processing /mnt/d/Project/airflow-news/venv/lib/python3.12/site-packages/airflow/example_dags/example_sla_dag.py took 0.279 seconds
[2024-12-23T06:11:46.469+0700] {processor.py:186} INFO - Started process (PID=4499) to work on /mnt/d/Project/airflow-news/venv/lib/python3.12/site-packages/airflow/example_dags/example_sla_dag.py
[2024-12-23T06:11:46.472+0700] {processor.py:914} INFO - Processing file /mnt/d/Project/airflow-news/venv/lib/python3.12/site-packages/airflow/example_dags/example_sla_dag.py for tasks to queue
[2024-12-23T06:11:46.477+0700] {logging_mixin.py:190} INFO - [2024-12-23T06:11:46.476+0700] {dagbag.py:588} INFO - Filling up the DagBag from /mnt/d/Project/airflow-news/venv/lib/python3.12/site-packages/airflow/example_dags/example_sla_dag.py
[2024-12-23T06:11:46.584+0700] {processor.py:925} INFO - DAG(s) 'example_sla_dag' retrieved from /mnt/d/Project/airflow-news/venv/lib/python3.12/site-packages/airflow/example_dags/example_sla_dag.py
[2024-12-23T06:11:46.624+0700] {logging_mixin.py:190} INFO - [2024-12-23T06:11:46.623+0700] {dag.py:3239} INFO - Sync 1 DAGs
[2024-12-23T06:11:46.675+0700] {logging_mixin.py:190} INFO - [2024-12-23T06:11:46.673+0700] {dag.py:4180} INFO - Setting next_dagrun for example_sla_dag to 2024-12-22 23:08:00+00:00, run_after=2024-12-22 23:10:00+00:00
[2024-12-23T06:11:46.750+0700] {processor.py:208} INFO - Processing /mnt/d/Project/airflow-news/venv/lib/python3.12/site-packages/airflow/example_dags/example_sla_dag.py took 0.305 seconds
[2024-12-23T06:12:45.815+0700] {processor.py:186} INFO - Started process (PID=4664) to work on /mnt/d/Project/airflow-news/venv/lib/python3.12/site-packages/airflow/example_dags/example_sla_dag.py
[2024-12-23T06:12:45.818+0700] {processor.py:914} INFO - Processing file /mnt/d/Project/airflow-news/venv/lib/python3.12/site-packages/airflow/example_dags/example_sla_dag.py for tasks to queue
[2024-12-23T06:12:45.823+0700] {logging_mixin.py:190} INFO - [2024-12-23T06:12:45.821+0700] {dagbag.py:588} INFO - Filling up the DagBag from /mnt/d/Project/airflow-news/venv/lib/python3.12/site-packages/airflow/example_dags/example_sla_dag.py
[2024-12-23T06:12:45.865+0700] {processor.py:925} INFO - DAG(s) 'example_sla_dag' retrieved from /mnt/d/Project/airflow-news/venv/lib/python3.12/site-packages/airflow/example_dags/example_sla_dag.py
[2024-12-23T06:12:45.904+0700] {logging_mixin.py:190} INFO - [2024-12-23T06:12:45.903+0700] {dag.py:3239} INFO - Sync 1 DAGs
[2024-12-23T06:12:45.948+0700] {logging_mixin.py:190} INFO - [2024-12-23T06:12:45.947+0700] {dag.py:4180} INFO - Setting next_dagrun for example_sla_dag to 2024-12-22 23:10:00+00:00, run_after=2024-12-22 23:12:00+00:00
[2024-12-23T06:12:46.027+0700] {processor.py:208} INFO - Processing /mnt/d/Project/airflow-news/venv/lib/python3.12/site-packages/airflow/example_dags/example_sla_dag.py took 0.228 seconds
[2024-12-23T06:13:47.687+0700] {processor.py:186} INFO - Started process (PID=4847) to work on /mnt/d/Project/airflow-news/venv/lib/python3.12/site-packages/airflow/example_dags/example_sla_dag.py
[2024-12-23T06:13:47.689+0700] {processor.py:914} INFO - Processing file /mnt/d/Project/airflow-news/venv/lib/python3.12/site-packages/airflow/example_dags/example_sla_dag.py for tasks to queue
[2024-12-23T06:13:47.694+0700] {logging_mixin.py:190} INFO - [2024-12-23T06:13:47.693+0700] {dagbag.py:588} INFO - Filling up the DagBag from /mnt/d/Project/airflow-news/venv/lib/python3.12/site-packages/airflow/example_dags/example_sla_dag.py
[2024-12-23T06:13:47.779+0700] {processor.py:925} INFO - DAG(s) 'example_sla_dag' retrieved from /mnt/d/Project/airflow-news/venv/lib/python3.12/site-packages/airflow/example_dags/example_sla_dag.py
[2024-12-23T06:13:47.812+0700] {logging_mixin.py:190} INFO - [2024-12-23T06:13:47.811+0700] {dag.py:3239} INFO - Sync 1 DAGs
[2024-12-23T06:13:47.858+0700] {logging_mixin.py:190} INFO - [2024-12-23T06:13:47.857+0700] {dag.py:4180} INFO - Setting next_dagrun for example_sla_dag to 2024-12-22 23:10:00+00:00, run_after=2024-12-22 23:12:00+00:00
[2024-12-23T06:13:47.930+0700] {processor.py:208} INFO - Processing /mnt/d/Project/airflow-news/venv/lib/python3.12/site-packages/airflow/example_dags/example_sla_dag.py took 0.263 seconds
[2024-12-23T06:14:22.812+0700] {processor.py:186} INFO - Started process (PID=4954) to work on /mnt/d/Project/airflow-news/venv/lib/python3.12/site-packages/airflow/example_dags/example_sla_dag.py
[2024-12-23T06:14:22.814+0700] {processor.py:914} INFO - Processing file /mnt/d/Project/airflow-news/venv/lib/python3.12/site-packages/airflow/example_dags/example_sla_dag.py for tasks to queue
[2024-12-23T06:14:22.818+0700] {logging_mixin.py:190} INFO - [2024-12-23T06:14:22.817+0700] {dagbag.py:588} INFO - Filling up the DagBag from /mnt/d/Project/airflow-news/venv/lib/python3.12/site-packages/airflow/example_dags/example_sla_dag.py
[2024-12-23T06:14:22.860+0700] {processor.py:925} INFO - DAG(s) 'example_sla_dag' retrieved from /mnt/d/Project/airflow-news/venv/lib/python3.12/site-packages/airflow/example_dags/example_sla_dag.py
[2024-12-23T06:14:22.898+0700] {logging_mixin.py:190} INFO - [2024-12-23T06:14:22.897+0700] {dag.py:3239} INFO - Sync 1 DAGs
[2024-12-23T06:14:22.947+0700] {logging_mixin.py:190} INFO - [2024-12-23T06:14:22.945+0700] {dag.py:4180} INFO - Setting next_dagrun for example_sla_dag to 2024-12-22 23:12:00+00:00, run_after=2024-12-22 23:14:00+00:00
[2024-12-23T06:14:23.028+0700] {processor.py:208} INFO - Processing /mnt/d/Project/airflow-news/venv/lib/python3.12/site-packages/airflow/example_dags/example_sla_dag.py took 0.232 seconds
[2024-12-23T06:15:35.958+0700] {processor.py:186} INFO - Started process (PID=5174) to work on /mnt/d/Project/airflow-news/venv/lib/python3.12/site-packages/airflow/example_dags/example_sla_dag.py
[2024-12-23T06:15:35.961+0700] {processor.py:914} INFO - Processing file /mnt/d/Project/airflow-news/venv/lib/python3.12/site-packages/airflow/example_dags/example_sla_dag.py for tasks to queue
[2024-12-23T06:15:35.966+0700] {logging_mixin.py:190} INFO - [2024-12-23T06:15:35.964+0700] {dagbag.py:588} INFO - Filling up the DagBag from /mnt/d/Project/airflow-news/venv/lib/python3.12/site-packages/airflow/example_dags/example_sla_dag.py
[2024-12-23T06:15:36.073+0700] {processor.py:925} INFO - DAG(s) 'example_sla_dag' retrieved from /mnt/d/Project/airflow-news/venv/lib/python3.12/site-packages/airflow/example_dags/example_sla_dag.py
[2024-12-23T06:15:36.110+0700] {logging_mixin.py:190} INFO - [2024-12-23T06:15:36.109+0700] {dag.py:3239} INFO - Sync 1 DAGs
[2024-12-23T06:15:36.167+0700] {logging_mixin.py:190} INFO - [2024-12-23T06:15:36.166+0700] {dag.py:4180} INFO - Setting next_dagrun for example_sla_dag to 2024-12-22 23:12:00+00:00, run_after=2024-12-22 23:14:00+00:00
[2024-12-23T06:15:36.243+0700] {processor.py:208} INFO - Processing /mnt/d/Project/airflow-news/venv/lib/python3.12/site-packages/airflow/example_dags/example_sla_dag.py took 0.306 seconds
[2024-12-23T06:17:05.359+0700] {processor.py:186} INFO - Started process (PID=5388) to work on /mnt/d/Project/airflow-news/venv/lib/python3.12/site-packages/airflow/example_dags/example_sla_dag.py
[2024-12-23T06:17:05.362+0700] {processor.py:914} INFO - Processing file /mnt/d/Project/airflow-news/venv/lib/python3.12/site-packages/airflow/example_dags/example_sla_dag.py for tasks to queue
[2024-12-23T06:17:05.366+0700] {logging_mixin.py:190} INFO - [2024-12-23T06:17:05.365+0700] {dagbag.py:588} INFO - Filling up the DagBag from /mnt/d/Project/airflow-news/venv/lib/python3.12/site-packages/airflow/example_dags/example_sla_dag.py
[2024-12-23T06:17:05.409+0700] {processor.py:925} INFO - DAG(s) 'example_sla_dag' retrieved from /mnt/d/Project/airflow-news/venv/lib/python3.12/site-packages/airflow/example_dags/example_sla_dag.py
[2024-12-23T06:17:05.451+0700] {logging_mixin.py:190} INFO - [2024-12-23T06:17:05.449+0700] {dag.py:3239} INFO - Sync 1 DAGs
[2024-12-23T06:17:05.498+0700] {logging_mixin.py:190} INFO - [2024-12-23T06:17:05.497+0700] {dag.py:4180} INFO - Setting next_dagrun for example_sla_dag to 2024-12-22 23:14:00+00:00, run_after=2024-12-22 23:16:00+00:00
[2024-12-23T06:17:05.575+0700] {processor.py:208} INFO - Processing /mnt/d/Project/airflow-news/venv/lib/python3.12/site-packages/airflow/example_dags/example_sla_dag.py took 0.233 seconds
[2024-12-23T06:17:18.389+0700] {processor.py:186} INFO - Started process (PID=5423) to work on /mnt/d/Project/airflow-news/venv/lib/python3.12/site-packages/airflow/example_dags/example_sla_dag.py
[2024-12-23T06:17:18.392+0700] {processor.py:914} INFO - Processing file /mnt/d/Project/airflow-news/venv/lib/python3.12/site-packages/airflow/example_dags/example_sla_dag.py for tasks to queue
[2024-12-23T06:17:18.398+0700] {logging_mixin.py:190} INFO - [2024-12-23T06:17:18.396+0700] {dagbag.py:588} INFO - Filling up the DagBag from /mnt/d/Project/airflow-news/venv/lib/python3.12/site-packages/airflow/example_dags/example_sla_dag.py
[2024-12-23T06:17:18.493+0700] {processor.py:925} INFO - DAG(s) 'example_sla_dag' retrieved from /mnt/d/Project/airflow-news/venv/lib/python3.12/site-packages/airflow/example_dags/example_sla_dag.py
[2024-12-23T06:17:18.528+0700] {logging_mixin.py:190} INFO - [2024-12-23T06:17:18.526+0700] {dag.py:3239} INFO - Sync 1 DAGs
[2024-12-23T06:17:18.586+0700] {logging_mixin.py:190} INFO - [2024-12-23T06:17:18.584+0700] {dag.py:4180} INFO - Setting next_dagrun for example_sla_dag to 2024-12-22 23:14:00+00:00, run_after=2024-12-22 23:16:00+00:00
[2024-12-23T06:17:18.661+0700] {processor.py:208} INFO - Processing /mnt/d/Project/airflow-news/venv/lib/python3.12/site-packages/airflow/example_dags/example_sla_dag.py took 0.296 seconds
[2024-12-23T06:18:34.299+0700] {processor.py:186} INFO - Started process (PID=5642) to work on /mnt/d/Project/airflow-news/venv/lib/python3.12/site-packages/airflow/example_dags/example_sla_dag.py
[2024-12-23T06:18:34.302+0700] {processor.py:914} INFO - Processing file /mnt/d/Project/airflow-news/venv/lib/python3.12/site-packages/airflow/example_dags/example_sla_dag.py for tasks to queue
[2024-12-23T06:18:34.307+0700] {logging_mixin.py:190} INFO - [2024-12-23T06:18:34.305+0700] {dagbag.py:588} INFO - Filling up the DagBag from /mnt/d/Project/airflow-news/venv/lib/python3.12/site-packages/airflow/example_dags/example_sla_dag.py
[2024-12-23T06:18:34.351+0700] {processor.py:925} INFO - DAG(s) 'example_sla_dag' retrieved from /mnt/d/Project/airflow-news/venv/lib/python3.12/site-packages/airflow/example_dags/example_sla_dag.py
[2024-12-23T06:18:34.389+0700] {logging_mixin.py:190} INFO - [2024-12-23T06:18:34.387+0700] {dag.py:3239} INFO - Sync 1 DAGs
[2024-12-23T06:18:34.434+0700] {logging_mixin.py:190} INFO - [2024-12-23T06:18:34.433+0700] {dag.py:4180} INFO - Setting next_dagrun for example_sla_dag to 2024-12-22 23:16:00+00:00, run_after=2024-12-22 23:18:00+00:00
[2024-12-23T06:18:34.521+0700] {processor.py:208} INFO - Processing /mnt/d/Project/airflow-news/venv/lib/python3.12/site-packages/airflow/example_dags/example_sla_dag.py took 0.242 seconds
[2024-12-23T06:18:47.069+0700] {processor.py:186} INFO - Started process (PID=5673) to work on /mnt/d/Project/airflow-news/venv/lib/python3.12/site-packages/airflow/example_dags/example_sla_dag.py
[2024-12-23T06:18:47.072+0700] {processor.py:914} INFO - Processing file /mnt/d/Project/airflow-news/venv/lib/python3.12/site-packages/airflow/example_dags/example_sla_dag.py for tasks to queue
[2024-12-23T06:18:47.077+0700] {logging_mixin.py:190} INFO - [2024-12-23T06:18:47.075+0700] {dagbag.py:588} INFO - Filling up the DagBag from /mnt/d/Project/airflow-news/venv/lib/python3.12/site-packages/airflow/example_dags/example_sla_dag.py
[2024-12-23T06:18:47.182+0700] {processor.py:925} INFO - DAG(s) 'example_sla_dag' retrieved from /mnt/d/Project/airflow-news/venv/lib/python3.12/site-packages/airflow/example_dags/example_sla_dag.py
[2024-12-23T06:18:47.221+0700] {logging_mixin.py:190} INFO - [2024-12-23T06:18:47.220+0700] {dag.py:3239} INFO - Sync 1 DAGs
[2024-12-23T06:18:47.283+0700] {logging_mixin.py:190} INFO - [2024-12-23T06:18:47.282+0700] {dag.py:4180} INFO - Setting next_dagrun for example_sla_dag to 2024-12-22 23:16:00+00:00, run_after=2024-12-22 23:18:00+00:00
[2024-12-23T06:18:47.368+0700] {processor.py:208} INFO - Processing /mnt/d/Project/airflow-news/venv/lib/python3.12/site-packages/airflow/example_dags/example_sla_dag.py took 0.322 seconds
[2024-12-23T06:20:01.097+0700] {processor.py:186} INFO - Started process (PID=5902) to work on /mnt/d/Project/airflow-news/venv/lib/python3.12/site-packages/airflow/example_dags/example_sla_dag.py
[2024-12-23T06:20:01.100+0700] {processor.py:914} INFO - Processing file /mnt/d/Project/airflow-news/venv/lib/python3.12/site-packages/airflow/example_dags/example_sla_dag.py for tasks to queue
[2024-12-23T06:20:01.105+0700] {logging_mixin.py:190} INFO - [2024-12-23T06:20:01.103+0700] {dagbag.py:588} INFO - Filling up the DagBag from /mnt/d/Project/airflow-news/venv/lib/python3.12/site-packages/airflow/example_dags/example_sla_dag.py
[2024-12-23T06:20:01.146+0700] {processor.py:925} INFO - DAG(s) 'example_sla_dag' retrieved from /mnt/d/Project/airflow-news/venv/lib/python3.12/site-packages/airflow/example_dags/example_sla_dag.py
[2024-12-23T06:20:01.182+0700] {logging_mixin.py:190} INFO - [2024-12-23T06:20:01.181+0700] {dag.py:3239} INFO - Sync 1 DAGs
[2024-12-23T06:20:01.237+0700] {logging_mixin.py:190} INFO - [2024-12-23T06:20:01.236+0700] {dag.py:4180} INFO - Setting next_dagrun for example_sla_dag to 2024-12-22 23:18:00+00:00, run_after=2024-12-22 23:20:00+00:00
[2024-12-23T06:20:01.316+0700] {processor.py:208} INFO - Processing /mnt/d/Project/airflow-news/venv/lib/python3.12/site-packages/airflow/example_dags/example_sla_dag.py took 0.237 seconds
[2024-12-23T06:20:37.101+0700] {processor.py:186} INFO - Started process (PID=6001) to work on /mnt/d/Project/airflow-news/venv/lib/python3.12/site-packages/airflow/example_dags/example_sla_dag.py
[2024-12-23T06:20:37.104+0700] {processor.py:914} INFO - Processing file /mnt/d/Project/airflow-news/venv/lib/python3.12/site-packages/airflow/example_dags/example_sla_dag.py for tasks to queue
[2024-12-23T06:20:37.108+0700] {logging_mixin.py:190} INFO - [2024-12-23T06:20:37.107+0700] {dagbag.py:588} INFO - Filling up the DagBag from /mnt/d/Project/airflow-news/venv/lib/python3.12/site-packages/airflow/example_dags/example_sla_dag.py
[2024-12-23T06:20:37.193+0700] {processor.py:925} INFO - DAG(s) 'example_sla_dag' retrieved from /mnt/d/Project/airflow-news/venv/lib/python3.12/site-packages/airflow/example_dags/example_sla_dag.py
[2024-12-23T06:20:37.227+0700] {logging_mixin.py:190} INFO - [2024-12-23T06:20:37.226+0700] {dag.py:3239} INFO - Sync 1 DAGs
[2024-12-23T06:20:37.274+0700] {logging_mixin.py:190} INFO - [2024-12-23T06:20:37.273+0700] {dag.py:4180} INFO - Setting next_dagrun for example_sla_dag to 2024-12-22 23:18:00+00:00, run_after=2024-12-22 23:20:00+00:00
[2024-12-23T06:20:37.348+0700] {processor.py:208} INFO - Processing /mnt/d/Project/airflow-news/venv/lib/python3.12/site-packages/airflow/example_dags/example_sla_dag.py took 0.270 seconds
[2024-12-23T06:22:37.762+0700] {processor.py:186} INFO - Started process (PID=6313) to work on /mnt/d/Project/airflow-news/venv/lib/python3.12/site-packages/airflow/example_dags/example_sla_dag.py
[2024-12-23T06:22:37.764+0700] {processor.py:914} INFO - Processing file /mnt/d/Project/airflow-news/venv/lib/python3.12/site-packages/airflow/example_dags/example_sla_dag.py for tasks to queue
[2024-12-23T06:22:37.769+0700] {logging_mixin.py:190} INFO - [2024-12-23T06:22:37.767+0700] {dagbag.py:588} INFO - Filling up the DagBag from /mnt/d/Project/airflow-news/venv/lib/python3.12/site-packages/airflow/example_dags/example_sla_dag.py
[2024-12-23T06:22:37.881+0700] {processor.py:925} INFO - DAG(s) 'example_sla_dag' retrieved from /mnt/d/Project/airflow-news/venv/lib/python3.12/site-packages/airflow/example_dags/example_sla_dag.py
[2024-12-23T06:22:37.918+0700] {logging_mixin.py:190} INFO - [2024-12-23T06:22:37.917+0700] {dag.py:3239} INFO - Sync 1 DAGs
[2024-12-23T06:22:37.964+0700] {logging_mixin.py:190} INFO - [2024-12-23T06:22:37.963+0700] {dag.py:4180} INFO - Setting next_dagrun for example_sla_dag to 2024-12-22 23:20:00+00:00, run_after=2024-12-22 23:22:00+00:00
[2024-12-23T06:22:38.033+0700] {processor.py:208} INFO - Processing /mnt/d/Project/airflow-news/venv/lib/python3.12/site-packages/airflow/example_dags/example_sla_dag.py took 0.292 seconds
[2024-12-23T06:22:39.522+0700] {processor.py:186} INFO - Started process (PID=6317) to work on /mnt/d/Project/airflow-news/venv/lib/python3.12/site-packages/airflow/example_dags/example_sla_dag.py
[2024-12-23T06:22:39.524+0700] {processor.py:914} INFO - Processing file /mnt/d/Project/airflow-news/venv/lib/python3.12/site-packages/airflow/example_dags/example_sla_dag.py for tasks to queue
[2024-12-23T06:22:39.529+0700] {logging_mixin.py:190} INFO - [2024-12-23T06:22:39.528+0700] {dagbag.py:588} INFO - Filling up the DagBag from /mnt/d/Project/airflow-news/venv/lib/python3.12/site-packages/airflow/example_dags/example_sla_dag.py
[2024-12-23T06:22:39.605+0700] {processor.py:925} INFO - DAG(s) 'example_sla_dag' retrieved from /mnt/d/Project/airflow-news/venv/lib/python3.12/site-packages/airflow/example_dags/example_sla_dag.py
[2024-12-23T06:22:39.656+0700] {logging_mixin.py:190} INFO - [2024-12-23T06:22:39.656+0700] {dag.py:3239} INFO - Sync 1 DAGs
[2024-12-23T06:22:39.710+0700] {logging_mixin.py:190} INFO - [2024-12-23T06:22:39.709+0700] {dag.py:4180} INFO - Setting next_dagrun for example_sla_dag to 2024-12-22 23:20:00+00:00, run_after=2024-12-22 23:22:00+00:00
[2024-12-23T06:22:39.783+0700] {processor.py:208} INFO - Processing /mnt/d/Project/airflow-news/venv/lib/python3.12/site-packages/airflow/example_dags/example_sla_dag.py took 0.278 seconds
[2024-12-23T06:24:01.523+0700] {processor.py:186} INFO - Started process (PID=6585) to work on /mnt/d/Project/airflow-news/venv/lib/python3.12/site-packages/airflow/example_dags/example_sla_dag.py
[2024-12-23T06:24:01.525+0700] {processor.py:914} INFO - Processing file /mnt/d/Project/airflow-news/venv/lib/python3.12/site-packages/airflow/example_dags/example_sla_dag.py for tasks to queue
[2024-12-23T06:24:01.530+0700] {logging_mixin.py:190} INFO - [2024-12-23T06:24:01.529+0700] {dagbag.py:588} INFO - Filling up the DagBag from /mnt/d/Project/airflow-news/venv/lib/python3.12/site-packages/airflow/example_dags/example_sla_dag.py
[2024-12-23T06:24:01.647+0700] {processor.py:925} INFO - DAG(s) 'example_sla_dag' retrieved from /mnt/d/Project/airflow-news/venv/lib/python3.12/site-packages/airflow/example_dags/example_sla_dag.py
[2024-12-23T06:24:01.683+0700] {logging_mixin.py:190} INFO - [2024-12-23T06:24:01.681+0700] {dag.py:3239} INFO - Sync 1 DAGs
[2024-12-23T06:24:01.738+0700] {logging_mixin.py:190} INFO - [2024-12-23T06:24:01.736+0700] {dag.py:4180} INFO - Setting next_dagrun for example_sla_dag to 2024-12-22 23:22:00+00:00, run_after=2024-12-22 23:24:00+00:00
[2024-12-23T06:24:01.817+0700] {processor.py:208} INFO - Processing /mnt/d/Project/airflow-news/venv/lib/python3.12/site-packages/airflow/example_dags/example_sla_dag.py took 0.311 seconds
[2024-12-23T06:24:29.368+0700] {processor.py:186} INFO - Started process (PID=6662) to work on /mnt/d/Project/airflow-news/venv/lib/python3.12/site-packages/airflow/example_dags/example_sla_dag.py
[2024-12-23T06:24:29.371+0700] {processor.py:914} INFO - Processing file /mnt/d/Project/airflow-news/venv/lib/python3.12/site-packages/airflow/example_dags/example_sla_dag.py for tasks to queue
[2024-12-23T06:24:29.375+0700] {logging_mixin.py:190} INFO - [2024-12-23T06:24:29.374+0700] {dagbag.py:588} INFO - Filling up the DagBag from /mnt/d/Project/airflow-news/venv/lib/python3.12/site-packages/airflow/example_dags/example_sla_dag.py
[2024-12-23T06:24:29.474+0700] {processor.py:925} INFO - DAG(s) 'example_sla_dag' retrieved from /mnt/d/Project/airflow-news/venv/lib/python3.12/site-packages/airflow/example_dags/example_sla_dag.py
[2024-12-23T06:24:29.513+0700] {logging_mixin.py:190} INFO - [2024-12-23T06:24:29.511+0700] {dag.py:3239} INFO - Sync 1 DAGs
[2024-12-23T06:24:29.563+0700] {logging_mixin.py:190} INFO - [2024-12-23T06:24:29.562+0700] {dag.py:4180} INFO - Setting next_dagrun for example_sla_dag to 2024-12-22 23:22:00+00:00, run_after=2024-12-22 23:24:00+00:00
[2024-12-23T06:24:29.695+0700] {processor.py:208} INFO - Processing /mnt/d/Project/airflow-news/venv/lib/python3.12/site-packages/airflow/example_dags/example_sla_dag.py took 0.347 seconds
[2024-12-23T06:25:27.691+0700] {processor.py:186} INFO - Started process (PID=6856) to work on /mnt/d/Project/airflow-news/venv/lib/python3.12/site-packages/airflow/example_dags/example_sla_dag.py
[2024-12-23T06:25:27.693+0700] {processor.py:914} INFO - Processing file /mnt/d/Project/airflow-news/venv/lib/python3.12/site-packages/airflow/example_dags/example_sla_dag.py for tasks to queue
[2024-12-23T06:25:27.698+0700] {logging_mixin.py:190} INFO - [2024-12-23T06:25:27.697+0700] {dagbag.py:588} INFO - Filling up the DagBag from /mnt/d/Project/airflow-news/venv/lib/python3.12/site-packages/airflow/example_dags/example_sla_dag.py
[2024-12-23T06:25:27.782+0700] {processor.py:925} INFO - DAG(s) 'example_sla_dag' retrieved from /mnt/d/Project/airflow-news/venv/lib/python3.12/site-packages/airflow/example_dags/example_sla_dag.py
[2024-12-23T06:25:27.815+0700] {logging_mixin.py:190} INFO - [2024-12-23T06:25:27.814+0700] {dag.py:3239} INFO - Sync 1 DAGs
[2024-12-23T06:25:27.861+0700] {logging_mixin.py:190} INFO - [2024-12-23T06:25:27.859+0700] {dag.py:4180} INFO - Setting next_dagrun for example_sla_dag to 2024-12-22 23:22:00+00:00, run_after=2024-12-22 23:24:00+00:00
[2024-12-23T06:25:27.933+0700] {processor.py:208} INFO - Processing /mnt/d/Project/airflow-news/venv/lib/python3.12/site-packages/airflow/example_dags/example_sla_dag.py took 0.256 seconds
[2024-12-23T06:26:16.203+0700] {processor.py:186} INFO - Started process (PID=7005) to work on /mnt/d/Project/airflow-news/venv/lib/python3.12/site-packages/airflow/example_dags/example_sla_dag.py
[2024-12-23T06:26:16.205+0700] {processor.py:914} INFO - Processing file /mnt/d/Project/airflow-news/venv/lib/python3.12/site-packages/airflow/example_dags/example_sla_dag.py for tasks to queue
[2024-12-23T06:26:16.211+0700] {logging_mixin.py:190} INFO - [2024-12-23T06:26:16.209+0700] {dagbag.py:588} INFO - Filling up the DagBag from /mnt/d/Project/airflow-news/venv/lib/python3.12/site-packages/airflow/example_dags/example_sla_dag.py
[2024-12-23T06:26:16.318+0700] {processor.py:925} INFO - DAG(s) 'example_sla_dag' retrieved from /mnt/d/Project/airflow-news/venv/lib/python3.12/site-packages/airflow/example_dags/example_sla_dag.py
[2024-12-23T06:26:16.354+0700] {logging_mixin.py:190} INFO - [2024-12-23T06:26:16.353+0700] {dag.py:3239} INFO - Sync 1 DAGs
[2024-12-23T06:26:16.404+0700] {logging_mixin.py:190} INFO - [2024-12-23T06:26:16.403+0700] {dag.py:4180} INFO - Setting next_dagrun for example_sla_dag to 2024-12-22 23:24:00+00:00, run_after=2024-12-22 23:26:00+00:00
[2024-12-23T06:26:16.477+0700] {processor.py:208} INFO - Processing /mnt/d/Project/airflow-news/venv/lib/python3.12/site-packages/airflow/example_dags/example_sla_dag.py took 0.296 seconds
[2024-12-23T06:27:00.891+0700] {processor.py:186} INFO - Started process (PID=7136) to work on /mnt/d/Project/airflow-news/venv/lib/python3.12/site-packages/airflow/example_dags/example_sla_dag.py
[2024-12-23T06:27:00.893+0700] {processor.py:914} INFO - Processing file /mnt/d/Project/airflow-news/venv/lib/python3.12/site-packages/airflow/example_dags/example_sla_dag.py for tasks to queue
[2024-12-23T06:27:00.899+0700] {logging_mixin.py:190} INFO - [2024-12-23T06:27:00.898+0700] {dagbag.py:588} INFO - Filling up the DagBag from /mnt/d/Project/airflow-news/venv/lib/python3.12/site-packages/airflow/example_dags/example_sla_dag.py
[2024-12-23T06:27:00.995+0700] {processor.py:925} INFO - DAG(s) 'example_sla_dag' retrieved from /mnt/d/Project/airflow-news/venv/lib/python3.12/site-packages/airflow/example_dags/example_sla_dag.py
[2024-12-23T06:27:01.035+0700] {logging_mixin.py:190} INFO - [2024-12-23T06:27:01.034+0700] {dag.py:3239} INFO - Sync 1 DAGs
[2024-12-23T06:27:01.083+0700] {logging_mixin.py:190} INFO - [2024-12-23T06:27:01.082+0700] {dag.py:4180} INFO - Setting next_dagrun for example_sla_dag to 2024-12-22 23:24:00+00:00, run_after=2024-12-22 23:26:00+00:00
[2024-12-23T06:27:01.157+0700] {processor.py:208} INFO - Processing /mnt/d/Project/airflow-news/venv/lib/python3.12/site-packages/airflow/example_dags/example_sla_dag.py took 0.281 seconds
[2024-12-23T06:28:03.814+0700] {processor.py:186} INFO - Started process (PID=7310) to work on /mnt/d/Project/airflow-news/venv/lib/python3.12/site-packages/airflow/example_dags/example_sla_dag.py
[2024-12-23T06:28:03.817+0700] {processor.py:914} INFO - Processing file /mnt/d/Project/airflow-news/venv/lib/python3.12/site-packages/airflow/example_dags/example_sla_dag.py for tasks to queue
[2024-12-23T06:28:03.822+0700] {logging_mixin.py:190} INFO - [2024-12-23T06:28:03.821+0700] {dagbag.py:588} INFO - Filling up the DagBag from /mnt/d/Project/airflow-news/venv/lib/python3.12/site-packages/airflow/example_dags/example_sla_dag.py
[2024-12-23T06:28:03.919+0700] {processor.py:925} INFO - DAG(s) 'example_sla_dag' retrieved from /mnt/d/Project/airflow-news/venv/lib/python3.12/site-packages/airflow/example_dags/example_sla_dag.py
[2024-12-23T06:28:03.952+0700] {logging_mixin.py:190} INFO - [2024-12-23T06:28:03.951+0700] {dag.py:3239} INFO - Sync 1 DAGs
[2024-12-23T06:28:03.999+0700] {logging_mixin.py:190} INFO - [2024-12-23T06:28:03.998+0700] {dag.py:4180} INFO - Setting next_dagrun for example_sla_dag to 2024-12-22 23:26:00+00:00, run_after=2024-12-22 23:28:00+00:00
[2024-12-23T06:28:04.072+0700] {processor.py:208} INFO - Processing /mnt/d/Project/airflow-news/venv/lib/python3.12/site-packages/airflow/example_dags/example_sla_dag.py took 0.278 seconds
[2024-12-23T06:28:39.357+0700] {processor.py:186} INFO - Started process (PID=7419) to work on /mnt/d/Project/airflow-news/venv/lib/python3.12/site-packages/airflow/example_dags/example_sla_dag.py
[2024-12-23T06:28:39.359+0700] {processor.py:914} INFO - Processing file /mnt/d/Project/airflow-news/venv/lib/python3.12/site-packages/airflow/example_dags/example_sla_dag.py for tasks to queue
[2024-12-23T06:28:39.366+0700] {logging_mixin.py:190} INFO - [2024-12-23T06:28:39.364+0700] {dagbag.py:588} INFO - Filling up the DagBag from /mnt/d/Project/airflow-news/venv/lib/python3.12/site-packages/airflow/example_dags/example_sla_dag.py
[2024-12-23T06:28:39.472+0700] {processor.py:925} INFO - DAG(s) 'example_sla_dag' retrieved from /mnt/d/Project/airflow-news/venv/lib/python3.12/site-packages/airflow/example_dags/example_sla_dag.py
[2024-12-23T06:28:39.509+0700] {logging_mixin.py:190} INFO - [2024-12-23T06:28:39.508+0700] {dag.py:3239} INFO - Sync 1 DAGs
[2024-12-23T06:28:39.555+0700] {logging_mixin.py:190} INFO - [2024-12-23T06:28:39.554+0700] {dag.py:4180} INFO - Setting next_dagrun for example_sla_dag to 2024-12-22 23:26:00+00:00, run_after=2024-12-22 23:28:00+00:00
[2024-12-23T06:28:39.631+0700] {processor.py:208} INFO - Processing /mnt/d/Project/airflow-news/venv/lib/python3.12/site-packages/airflow/example_dags/example_sla_dag.py took 0.291 seconds
[2024-12-23T06:29:50.256+0700] {processor.py:186} INFO - Started process (PID=7633) to work on /mnt/d/Project/airflow-news/venv/lib/python3.12/site-packages/airflow/example_dags/example_sla_dag.py
[2024-12-23T06:29:50.258+0700] {processor.py:914} INFO - Processing file /mnt/d/Project/airflow-news/venv/lib/python3.12/site-packages/airflow/example_dags/example_sla_dag.py for tasks to queue
[2024-12-23T06:29:50.264+0700] {logging_mixin.py:190} INFO - [2024-12-23T06:29:50.262+0700] {dagbag.py:588} INFO - Filling up the DagBag from /mnt/d/Project/airflow-news/venv/lib/python3.12/site-packages/airflow/example_dags/example_sla_dag.py
[2024-12-23T06:29:50.365+0700] {processor.py:925} INFO - DAG(s) 'example_sla_dag' retrieved from /mnt/d/Project/airflow-news/venv/lib/python3.12/site-packages/airflow/example_dags/example_sla_dag.py
[2024-12-23T06:29:50.404+0700] {logging_mixin.py:190} INFO - [2024-12-23T06:29:50.402+0700] {dag.py:3239} INFO - Sync 1 DAGs
[2024-12-23T06:29:50.453+0700] {logging_mixin.py:190} INFO - [2024-12-23T06:29:50.451+0700] {dag.py:4180} INFO - Setting next_dagrun for example_sla_dag to 2024-12-22 23:26:00+00:00, run_after=2024-12-22 23:28:00+00:00
[2024-12-23T06:29:50.526+0700] {processor.py:208} INFO - Processing /mnt/d/Project/airflow-news/venv/lib/python3.12/site-packages/airflow/example_dags/example_sla_dag.py took 0.292 seconds
[2024-12-23T06:30:05.243+0700] {processor.py:186} INFO - Started process (PID=7667) to work on /mnt/d/Project/airflow-news/venv/lib/python3.12/site-packages/airflow/example_dags/example_sla_dag.py
[2024-12-23T06:30:05.246+0700] {processor.py:914} INFO - Processing file /mnt/d/Project/airflow-news/venv/lib/python3.12/site-packages/airflow/example_dags/example_sla_dag.py for tasks to queue
[2024-12-23T06:30:05.251+0700] {logging_mixin.py:190} INFO - [2024-12-23T06:30:05.249+0700] {dagbag.py:588} INFO - Filling up the DagBag from /mnt/d/Project/airflow-news/venv/lib/python3.12/site-packages/airflow/example_dags/example_sla_dag.py
[2024-12-23T06:30:05.346+0700] {processor.py:925} INFO - DAG(s) 'example_sla_dag' retrieved from /mnt/d/Project/airflow-news/venv/lib/python3.12/site-packages/airflow/example_dags/example_sla_dag.py
[2024-12-23T06:30:05.379+0700] {logging_mixin.py:190} INFO - [2024-12-23T06:30:05.379+0700] {dag.py:3239} INFO - Sync 1 DAGs
[2024-12-23T06:30:05.423+0700] {logging_mixin.py:190} INFO - [2024-12-23T06:30:05.421+0700] {dag.py:4180} INFO - Setting next_dagrun for example_sla_dag to 2024-12-22 23:28:00+00:00, run_after=2024-12-22 23:30:00+00:00
[2024-12-23T06:30:05.496+0700] {processor.py:208} INFO - Processing /mnt/d/Project/airflow-news/venv/lib/python3.12/site-packages/airflow/example_dags/example_sla_dag.py took 0.268 seconds
[2024-12-23T06:31:34.138+0700] {processor.py:186} INFO - Started process (PID=7937) to work on /mnt/d/Project/airflow-news/venv/lib/python3.12/site-packages/airflow/example_dags/example_sla_dag.py
[2024-12-23T06:31:34.140+0700] {processor.py:914} INFO - Processing file /mnt/d/Project/airflow-news/venv/lib/python3.12/site-packages/airflow/example_dags/example_sla_dag.py for tasks to queue
[2024-12-23T06:31:34.146+0700] {logging_mixin.py:190} INFO - [2024-12-23T06:31:34.144+0700] {dagbag.py:588} INFO - Filling up the DagBag from /mnt/d/Project/airflow-news/venv/lib/python3.12/site-packages/airflow/example_dags/example_sla_dag.py
[2024-12-23T06:31:34.242+0700] {processor.py:925} INFO - DAG(s) 'example_sla_dag' retrieved from /mnt/d/Project/airflow-news/venv/lib/python3.12/site-packages/airflow/example_dags/example_sla_dag.py
[2024-12-23T06:31:34.273+0700] {logging_mixin.py:190} INFO - [2024-12-23T06:31:34.272+0700] {dag.py:3239} INFO - Sync 1 DAGs
[2024-12-23T06:31:34.325+0700] {logging_mixin.py:190} INFO - [2024-12-23T06:31:34.324+0700] {dag.py:4180} INFO - Setting next_dagrun for example_sla_dag to 2024-12-22 23:28:00+00:00, run_after=2024-12-22 23:30:00+00:00
[2024-12-23T06:31:34.393+0700] {processor.py:208} INFO - Processing /mnt/d/Project/airflow-news/venv/lib/python3.12/site-packages/airflow/example_dags/example_sla_dag.py took 0.277 seconds
[2024-12-23T06:31:37.165+0700] {processor.py:186} INFO - Started process (PID=7943) to work on /mnt/d/Project/airflow-news/venv/lib/python3.12/site-packages/airflow/example_dags/example_sla_dag.py
[2024-12-23T06:31:37.167+0700] {processor.py:914} INFO - Processing file /mnt/d/Project/airflow-news/venv/lib/python3.12/site-packages/airflow/example_dags/example_sla_dag.py for tasks to queue
[2024-12-23T06:31:37.172+0700] {logging_mixin.py:190} INFO - [2024-12-23T06:31:37.171+0700] {dagbag.py:588} INFO - Filling up the DagBag from /mnt/d/Project/airflow-news/venv/lib/python3.12/site-packages/airflow/example_dags/example_sla_dag.py
[2024-12-23T06:31:37.272+0700] {processor.py:925} INFO - DAG(s) 'example_sla_dag' retrieved from /mnt/d/Project/airflow-news/venv/lib/python3.12/site-packages/airflow/example_dags/example_sla_dag.py
[2024-12-23T06:31:37.308+0700] {logging_mixin.py:190} INFO - [2024-12-23T06:31:37.307+0700] {dag.py:3239} INFO - Sync 1 DAGs
[2024-12-23T06:31:37.359+0700] {logging_mixin.py:190} INFO - [2024-12-23T06:31:37.358+0700] {dag.py:4180} INFO - Setting next_dagrun for example_sla_dag to 2024-12-22 23:28:00+00:00, run_after=2024-12-22 23:30:00+00:00
[2024-12-23T06:31:37.434+0700] {processor.py:208} INFO - Processing /mnt/d/Project/airflow-news/venv/lib/python3.12/site-packages/airflow/example_dags/example_sla_dag.py took 0.284 seconds
[2024-12-23T06:33:11.555+0700] {processor.py:186} INFO - Started process (PID=8225) to work on /mnt/d/Project/airflow-news/venv/lib/python3.12/site-packages/airflow/example_dags/example_sla_dag.py
[2024-12-23T06:33:11.558+0700] {processor.py:914} INFO - Processing file /mnt/d/Project/airflow-news/venv/lib/python3.12/site-packages/airflow/example_dags/example_sla_dag.py for tasks to queue
[2024-12-23T06:33:11.567+0700] {logging_mixin.py:190} INFO - [2024-12-23T06:33:11.565+0700] {dagbag.py:588} INFO - Filling up the DagBag from /mnt/d/Project/airflow-news/venv/lib/python3.12/site-packages/airflow/example_dags/example_sla_dag.py
[2024-12-23T06:33:11.706+0700] {processor.py:925} INFO - DAG(s) 'example_sla_dag' retrieved from /mnt/d/Project/airflow-news/venv/lib/python3.12/site-packages/airflow/example_dags/example_sla_dag.py
[2024-12-23T06:33:11.763+0700] {logging_mixin.py:190} INFO - [2024-12-23T06:33:11.762+0700] {dag.py:3239} INFO - Sync 1 DAGs
[2024-12-23T06:33:11.834+0700] {logging_mixin.py:190} INFO - [2024-12-23T06:33:11.833+0700] {dag.py:4180} INFO - Setting next_dagrun for example_sla_dag to 2024-12-22 23:30:00+00:00, run_after=2024-12-22 23:32:00+00:00
[2024-12-23T06:33:11.966+0700] {processor.py:208} INFO - Processing /mnt/d/Project/airflow-news/venv/lib/python3.12/site-packages/airflow/example_dags/example_sla_dag.py took 0.430 seconds
[2024-12-23T06:33:28.080+0700] {processor.py:186} INFO - Started process (PID=8279) to work on /mnt/d/Project/airflow-news/venv/lib/python3.12/site-packages/airflow/example_dags/example_sla_dag.py
[2024-12-23T06:33:28.082+0700] {processor.py:914} INFO - Processing file /mnt/d/Project/airflow-news/venv/lib/python3.12/site-packages/airflow/example_dags/example_sla_dag.py for tasks to queue
[2024-12-23T06:33:28.088+0700] {logging_mixin.py:190} INFO - [2024-12-23T06:33:28.086+0700] {dagbag.py:588} INFO - Filling up the DagBag from /mnt/d/Project/airflow-news/venv/lib/python3.12/site-packages/airflow/example_dags/example_sla_dag.py
[2024-12-23T06:33:28.187+0700] {processor.py:925} INFO - DAG(s) 'example_sla_dag' retrieved from /mnt/d/Project/airflow-news/venv/lib/python3.12/site-packages/airflow/example_dags/example_sla_dag.py
[2024-12-23T06:33:28.223+0700] {logging_mixin.py:190} INFO - [2024-12-23T06:33:28.222+0700] {dag.py:3239} INFO - Sync 1 DAGs
[2024-12-23T06:33:28.277+0700] {logging_mixin.py:190} INFO - [2024-12-23T06:33:28.276+0700] {dag.py:4180} INFO - Setting next_dagrun for example_sla_dag to 2024-12-22 23:30:00+00:00, run_after=2024-12-22 23:32:00+00:00
[2024-12-23T06:33:28.363+0700] {processor.py:208} INFO - Processing /mnt/d/Project/airflow-news/venv/lib/python3.12/site-packages/airflow/example_dags/example_sla_dag.py took 0.306 seconds
[2024-12-23T06:34:50.389+0700] {processor.py:186} INFO - Started process (PID=8515) to work on /mnt/d/Project/airflow-news/venv/lib/python3.12/site-packages/airflow/example_dags/example_sla_dag.py
[2024-12-23T06:34:50.391+0700] {processor.py:914} INFO - Processing file /mnt/d/Project/airflow-news/venv/lib/python3.12/site-packages/airflow/example_dags/example_sla_dag.py for tasks to queue
[2024-12-23T06:34:50.398+0700] {logging_mixin.py:190} INFO - [2024-12-23T06:34:50.396+0700] {dagbag.py:588} INFO - Filling up the DagBag from /mnt/d/Project/airflow-news/venv/lib/python3.12/site-packages/airflow/example_dags/example_sla_dag.py
[2024-12-23T06:34:50.521+0700] {processor.py:925} INFO - DAG(s) 'example_sla_dag' retrieved from /mnt/d/Project/airflow-news/venv/lib/python3.12/site-packages/airflow/example_dags/example_sla_dag.py
[2024-12-23T06:34:50.560+0700] {logging_mixin.py:190} INFO - [2024-12-23T06:34:50.558+0700] {dag.py:3239} INFO - Sync 1 DAGs
[2024-12-23T06:34:50.609+0700] {logging_mixin.py:190} INFO - [2024-12-23T06:34:50.608+0700] {dag.py:4180} INFO - Setting next_dagrun for example_sla_dag to 2024-12-22 23:32:00+00:00, run_after=2024-12-22 23:34:00+00:00
[2024-12-23T06:34:50.692+0700] {processor.py:208} INFO - Processing /mnt/d/Project/airflow-news/venv/lib/python3.12/site-packages/airflow/example_dags/example_sla_dag.py took 0.322 seconds
[2024-12-23T06:36:17.494+0700] {processor.py:186} INFO - Started process (PID=8790) to work on /mnt/d/Project/airflow-news/venv/lib/python3.12/site-packages/airflow/example_dags/example_sla_dag.py
[2024-12-23T06:36:17.496+0700] {processor.py:914} INFO - Processing file /mnt/d/Project/airflow-news/venv/lib/python3.12/site-packages/airflow/example_dags/example_sla_dag.py for tasks to queue
[2024-12-23T06:36:17.499+0700] {logging_mixin.py:190} INFO - [2024-12-23T06:36:17.498+0700] {dagbag.py:588} INFO - Filling up the DagBag from /mnt/d/Project/airflow-news/venv/lib/python3.12/site-packages/airflow/example_dags/example_sla_dag.py
[2024-12-23T06:36:17.600+0700] {processor.py:925} INFO - DAG(s) 'example_sla_dag' retrieved from /mnt/d/Project/airflow-news/venv/lib/python3.12/site-packages/airflow/example_dags/example_sla_dag.py
[2024-12-23T06:36:17.644+0700] {logging_mixin.py:190} INFO - [2024-12-23T06:36:17.643+0700] {dag.py:3239} INFO - Sync 1 DAGs
[2024-12-23T06:36:17.699+0700] {logging_mixin.py:190} INFO - [2024-12-23T06:36:17.698+0700] {dag.py:4180} INFO - Setting next_dagrun for example_sla_dag to 2024-12-22 23:34:00+00:00, run_after=2024-12-22 23:36:00+00:00
[2024-12-23T06:36:17.780+0700] {processor.py:208} INFO - Processing /mnt/d/Project/airflow-news/venv/lib/python3.12/site-packages/airflow/example_dags/example_sla_dag.py took 0.307 seconds
[2024-12-23T06:36:38.197+0700] {processor.py:186} INFO - Started process (PID=8845) to work on /mnt/d/Project/airflow-news/venv/lib/python3.12/site-packages/airflow/example_dags/example_sla_dag.py
[2024-12-23T06:36:38.200+0700] {processor.py:914} INFO - Processing file /mnt/d/Project/airflow-news/venv/lib/python3.12/site-packages/airflow/example_dags/example_sla_dag.py for tasks to queue
[2024-12-23T06:36:38.206+0700] {logging_mixin.py:190} INFO - [2024-12-23T06:36:38.204+0700] {dagbag.py:588} INFO - Filling up the DagBag from /mnt/d/Project/airflow-news/venv/lib/python3.12/site-packages/airflow/example_dags/example_sla_dag.py
[2024-12-23T06:36:38.306+0700] {processor.py:925} INFO - DAG(s) 'example_sla_dag' retrieved from /mnt/d/Project/airflow-news/venv/lib/python3.12/site-packages/airflow/example_dags/example_sla_dag.py
[2024-12-23T06:36:38.343+0700] {logging_mixin.py:190} INFO - [2024-12-23T06:36:38.342+0700] {dag.py:3239} INFO - Sync 1 DAGs
[2024-12-23T06:36:38.392+0700] {logging_mixin.py:190} INFO - [2024-12-23T06:36:38.391+0700] {dag.py:4180} INFO - Setting next_dagrun for example_sla_dag to 2024-12-22 23:34:00+00:00, run_after=2024-12-22 23:36:00+00:00
[2024-12-23T06:36:38.458+0700] {processor.py:208} INFO - Processing /mnt/d/Project/airflow-news/venv/lib/python3.12/site-packages/airflow/example_dags/example_sla_dag.py took 0.277 seconds
[2024-12-23T06:37:43.530+0700] {processor.py:186} INFO - Started process (PID=9056) to work on /mnt/d/Project/airflow-news/venv/lib/python3.12/site-packages/airflow/example_dags/example_sla_dag.py
[2024-12-23T06:37:43.533+0700] {processor.py:914} INFO - Processing file /mnt/d/Project/airflow-news/venv/lib/python3.12/site-packages/airflow/example_dags/example_sla_dag.py for tasks to queue
[2024-12-23T06:37:43.538+0700] {logging_mixin.py:190} INFO - [2024-12-23T06:37:43.536+0700] {dagbag.py:588} INFO - Filling up the DagBag from /mnt/d/Project/airflow-news/venv/lib/python3.12/site-packages/airflow/example_dags/example_sla_dag.py
[2024-12-23T06:37:43.673+0700] {processor.py:925} INFO - DAG(s) 'example_sla_dag' retrieved from /mnt/d/Project/airflow-news/venv/lib/python3.12/site-packages/airflow/example_dags/example_sla_dag.py
[2024-12-23T06:37:43.734+0700] {logging_mixin.py:190} INFO - [2024-12-23T06:37:43.732+0700] {dag.py:3239} INFO - Sync 1 DAGs
[2024-12-23T06:37:43.846+0700] {logging_mixin.py:190} INFO - [2024-12-23T06:37:43.844+0700] {dag.py:4180} INFO - Setting next_dagrun for example_sla_dag to 2024-12-22 23:34:00+00:00, run_after=2024-12-22 23:36:00+00:00
[2024-12-23T06:37:44.003+0700] {processor.py:208} INFO - Processing /mnt/d/Project/airflow-news/venv/lib/python3.12/site-packages/airflow/example_dags/example_sla_dag.py took 0.498 seconds
[2024-12-23T06:37:53.268+0700] {processor.py:186} INFO - Started process (PID=9099) to work on /mnt/d/Project/airflow-news/venv/lib/python3.12/site-packages/airflow/example_dags/example_sla_dag.py
[2024-12-23T06:37:53.270+0700] {processor.py:914} INFO - Processing file /mnt/d/Project/airflow-news/venv/lib/python3.12/site-packages/airflow/example_dags/example_sla_dag.py for tasks to queue
[2024-12-23T06:37:53.276+0700] {logging_mixin.py:190} INFO - [2024-12-23T06:37:53.274+0700] {dagbag.py:588} INFO - Filling up the DagBag from /mnt/d/Project/airflow-news/venv/lib/python3.12/site-packages/airflow/example_dags/example_sla_dag.py
[2024-12-23T06:37:53.383+0700] {processor.py:925} INFO - DAG(s) 'example_sla_dag' retrieved from /mnt/d/Project/airflow-news/venv/lib/python3.12/site-packages/airflow/example_dags/example_sla_dag.py
[2024-12-23T06:37:53.421+0700] {logging_mixin.py:190} INFO - [2024-12-23T06:37:53.420+0700] {dag.py:3239} INFO - Sync 1 DAGs
[2024-12-23T06:37:53.473+0700] {logging_mixin.py:190} INFO - [2024-12-23T06:37:53.472+0700] {dag.py:4180} INFO - Setting next_dagrun for example_sla_dag to 2024-12-22 23:34:00+00:00, run_after=2024-12-22 23:36:00+00:00
[2024-12-23T06:37:53.552+0700] {processor.py:208} INFO - Processing /mnt/d/Project/airflow-news/venv/lib/python3.12/site-packages/airflow/example_dags/example_sla_dag.py took 0.303 seconds
[2024-12-23T06:39:44.346+0700] {processor.py:186} INFO - Started process (PID=9447) to work on /mnt/d/Project/airflow-news/venv/lib/python3.12/site-packages/airflow/example_dags/example_sla_dag.py
[2024-12-23T06:39:44.349+0700] {processor.py:914} INFO - Processing file /mnt/d/Project/airflow-news/venv/lib/python3.12/site-packages/airflow/example_dags/example_sla_dag.py for tasks to queue
[2024-12-23T06:39:44.354+0700] {logging_mixin.py:190} INFO - [2024-12-23T06:39:44.352+0700] {dagbag.py:588} INFO - Filling up the DagBag from /mnt/d/Project/airflow-news/venv/lib/python3.12/site-packages/airflow/example_dags/example_sla_dag.py
[2024-12-23T06:39:44.466+0700] {processor.py:925} INFO - DAG(s) 'example_sla_dag' retrieved from /mnt/d/Project/airflow-news/venv/lib/python3.12/site-packages/airflow/example_dags/example_sla_dag.py
[2024-12-23T06:39:44.508+0700] {logging_mixin.py:190} INFO - [2024-12-23T06:39:44.507+0700] {dag.py:3239} INFO - Sync 1 DAGs
[2024-12-23T06:39:44.568+0700] {logging_mixin.py:190} INFO - [2024-12-23T06:39:44.566+0700] {dag.py:4180} INFO - Setting next_dagrun for example_sla_dag to 2024-12-22 23:36:00+00:00, run_after=2024-12-22 23:38:00+00:00
[2024-12-23T06:39:44.655+0700] {processor.py:208} INFO - Processing /mnt/d/Project/airflow-news/venv/lib/python3.12/site-packages/airflow/example_dags/example_sla_dag.py took 0.335 seconds
[2024-12-23T06:41:43.581+0700] {processor.py:186} INFO - Started process (PID=9730) to work on /mnt/d/Project/airflow-news/venv/lib/python3.12/site-packages/airflow/example_dags/example_sla_dag.py
[2024-12-23T06:41:43.583+0700] {processor.py:914} INFO - Processing file /mnt/d/Project/airflow-news/venv/lib/python3.12/site-packages/airflow/example_dags/example_sla_dag.py for tasks to queue
[2024-12-23T06:41:43.588+0700] {logging_mixin.py:190} INFO - [2024-12-23T06:41:43.586+0700] {dagbag.py:588} INFO - Filling up the DagBag from /mnt/d/Project/airflow-news/venv/lib/python3.12/site-packages/airflow/example_dags/example_sla_dag.py
[2024-12-23T06:41:43.683+0700] {processor.py:925} INFO - DAG(s) 'example_sla_dag' retrieved from /mnt/d/Project/airflow-news/venv/lib/python3.12/site-packages/airflow/example_dags/example_sla_dag.py
[2024-12-23T06:41:43.728+0700] {logging_mixin.py:190} INFO - [2024-12-23T06:41:43.727+0700] {dag.py:3239} INFO - Sync 1 DAGs
[2024-12-23T06:41:43.785+0700] {logging_mixin.py:190} INFO - [2024-12-23T06:41:43.784+0700] {dag.py:4180} INFO - Setting next_dagrun for example_sla_dag to 2024-12-22 23:38:00+00:00, run_after=2024-12-22 23:40:00+00:00
[2024-12-23T06:41:43.861+0700] {processor.py:208} INFO - Processing /mnt/d/Project/airflow-news/venv/lib/python3.12/site-packages/airflow/example_dags/example_sla_dag.py took 0.300 seconds
[2024-12-23T06:43:43.577+0700] {processor.py:186} INFO - Started process (PID=10109) to work on /mnt/d/Project/airflow-news/venv/lib/python3.12/site-packages/airflow/example_dags/example_sla_dag.py
[2024-12-23T06:43:43.579+0700] {processor.py:914} INFO - Processing file /mnt/d/Project/airflow-news/venv/lib/python3.12/site-packages/airflow/example_dags/example_sla_dag.py for tasks to queue
[2024-12-23T06:43:43.583+0700] {logging_mixin.py:190} INFO - [2024-12-23T06:43:43.581+0700] {dagbag.py:588} INFO - Filling up the DagBag from /mnt/d/Project/airflow-news/venv/lib/python3.12/site-packages/airflow/example_dags/example_sla_dag.py
[2024-12-23T06:43:43.669+0700] {processor.py:925} INFO - DAG(s) 'example_sla_dag' retrieved from /mnt/d/Project/airflow-news/venv/lib/python3.12/site-packages/airflow/example_dags/example_sla_dag.py
[2024-12-23T06:43:43.700+0700] {logging_mixin.py:190} INFO - [2024-12-23T06:43:43.699+0700] {dag.py:3239} INFO - Sync 1 DAGs
[2024-12-23T06:43:43.749+0700] {logging_mixin.py:190} INFO - [2024-12-23T06:43:43.748+0700] {dag.py:4180} INFO - Setting next_dagrun for example_sla_dag to 2024-12-22 23:40:00+00:00, run_after=2024-12-22 23:42:00+00:00
[2024-12-23T06:43:43.820+0700] {processor.py:208} INFO - Processing /mnt/d/Project/airflow-news/venv/lib/python3.12/site-packages/airflow/example_dags/example_sla_dag.py took 0.264 seconds
[2024-12-23T06:45:40.848+0700] {processor.py:186} INFO - Started process (PID=10419) to work on /mnt/d/Project/airflow-news/venv/lib/python3.12/site-packages/airflow/example_dags/example_sla_dag.py
[2024-12-23T06:45:40.851+0700] {processor.py:914} INFO - Processing file /mnt/d/Project/airflow-news/venv/lib/python3.12/site-packages/airflow/example_dags/example_sla_dag.py for tasks to queue
[2024-12-23T06:45:40.859+0700] {logging_mixin.py:190} INFO - [2024-12-23T06:45:40.856+0700] {dagbag.py:588} INFO - Filling up the DagBag from /mnt/d/Project/airflow-news/venv/lib/python3.12/site-packages/airflow/example_dags/example_sla_dag.py
[2024-12-23T06:45:41.000+0700] {processor.py:925} INFO - DAG(s) 'example_sla_dag' retrieved from /mnt/d/Project/airflow-news/venv/lib/python3.12/site-packages/airflow/example_dags/example_sla_dag.py
[2024-12-23T06:45:41.045+0700] {logging_mixin.py:190} INFO - [2024-12-23T06:45:41.044+0700] {dag.py:3239} INFO - Sync 1 DAGs
[2024-12-23T06:45:41.101+0700] {logging_mixin.py:190} INFO - [2024-12-23T06:45:41.100+0700] {dag.py:4180} INFO - Setting next_dagrun for example_sla_dag to 2024-12-22 23:42:00+00:00, run_after=2024-12-22 23:44:00+00:00
[2024-12-23T06:45:41.187+0700] {processor.py:208} INFO - Processing /mnt/d/Project/airflow-news/venv/lib/python3.12/site-packages/airflow/example_dags/example_sla_dag.py took 0.373 seconds
[2024-12-23T06:47:42.609+0700] {processor.py:186} INFO - Started process (PID=10680) to work on /mnt/d/Project/airflow-news/venv/lib/python3.12/site-packages/airflow/example_dags/example_sla_dag.py
[2024-12-23T06:47:42.612+0700] {processor.py:914} INFO - Processing file /mnt/d/Project/airflow-news/venv/lib/python3.12/site-packages/airflow/example_dags/example_sla_dag.py for tasks to queue
[2024-12-23T06:47:42.616+0700] {logging_mixin.py:190} INFO - [2024-12-23T06:47:42.615+0700] {dagbag.py:588} INFO - Filling up the DagBag from /mnt/d/Project/airflow-news/venv/lib/python3.12/site-packages/airflow/example_dags/example_sla_dag.py
[2024-12-23T06:47:42.732+0700] {processor.py:925} INFO - DAG(s) 'example_sla_dag' retrieved from /mnt/d/Project/airflow-news/venv/lib/python3.12/site-packages/airflow/example_dags/example_sla_dag.py
[2024-12-23T06:47:42.773+0700] {logging_mixin.py:190} INFO - [2024-12-23T06:47:42.771+0700] {dag.py:3239} INFO - Sync 1 DAGs
[2024-12-23T06:47:42.830+0700] {logging_mixin.py:190} INFO - [2024-12-23T06:47:42.828+0700] {dag.py:4180} INFO - Setting next_dagrun for example_sla_dag to 2024-12-22 23:44:00+00:00, run_after=2024-12-22 23:46:00+00:00
[2024-12-23T06:47:42.922+0700] {processor.py:208} INFO - Processing /mnt/d/Project/airflow-news/venv/lib/python3.12/site-packages/airflow/example_dags/example_sla_dag.py took 0.337 seconds
[2024-12-23T06:49:35.730+0700] {processor.py:186} INFO - Started process (PID=10911) to work on /mnt/d/Project/airflow-news/venv/lib/python3.12/site-packages/airflow/example_dags/example_sla_dag.py
[2024-12-23T06:49:35.732+0700] {processor.py:914} INFO - Processing file /mnt/d/Project/airflow-news/venv/lib/python3.12/site-packages/airflow/example_dags/example_sla_dag.py for tasks to queue
[2024-12-23T06:49:35.736+0700] {logging_mixin.py:190} INFO - [2024-12-23T06:49:35.735+0700] {dagbag.py:588} INFO - Filling up the DagBag from /mnt/d/Project/airflow-news/venv/lib/python3.12/site-packages/airflow/example_dags/example_sla_dag.py
[2024-12-23T06:49:35.823+0700] {processor.py:925} INFO - DAG(s) 'example_sla_dag' retrieved from /mnt/d/Project/airflow-news/venv/lib/python3.12/site-packages/airflow/example_dags/example_sla_dag.py
[2024-12-23T06:49:35.861+0700] {logging_mixin.py:190} INFO - [2024-12-23T06:49:35.860+0700] {dag.py:3239} INFO - Sync 1 DAGs
[2024-12-23T06:49:35.910+0700] {logging_mixin.py:190} INFO - [2024-12-23T06:49:35.910+0700] {dag.py:4180} INFO - Setting next_dagrun for example_sla_dag to 2024-12-22 23:46:00+00:00, run_after=2024-12-22 23:48:00+00:00
[2024-12-23T06:49:35.980+0700] {processor.py:208} INFO - Processing /mnt/d/Project/airflow-news/venv/lib/python3.12/site-packages/airflow/example_dags/example_sla_dag.py took 0.273 seconds
[2024-12-23T06:51:46.842+0700] {processor.py:186} INFO - Started process (PID=11162) to work on /mnt/d/Project/airflow-news/venv/lib/python3.12/site-packages/airflow/example_dags/example_sla_dag.py
[2024-12-23T06:51:46.845+0700] {processor.py:914} INFO - Processing file /mnt/d/Project/airflow-news/venv/lib/python3.12/site-packages/airflow/example_dags/example_sla_dag.py for tasks to queue
[2024-12-23T06:51:46.849+0700] {logging_mixin.py:190} INFO - [2024-12-23T06:51:46.848+0700] {dagbag.py:588} INFO - Filling up the DagBag from /mnt/d/Project/airflow-news/venv/lib/python3.12/site-packages/airflow/example_dags/example_sla_dag.py
[2024-12-23T06:51:46.966+0700] {processor.py:925} INFO - DAG(s) 'example_sla_dag' retrieved from /mnt/d/Project/airflow-news/venv/lib/python3.12/site-packages/airflow/example_dags/example_sla_dag.py
[2024-12-23T06:51:47.013+0700] {logging_mixin.py:190} INFO - [2024-12-23T06:51:47.009+0700] {dag.py:3239} INFO - Sync 1 DAGs
[2024-12-23T06:51:47.074+0700] {logging_mixin.py:190} INFO - [2024-12-23T06:51:47.073+0700] {dag.py:4180} INFO - Setting next_dagrun for example_sla_dag to 2024-12-22 23:48:00+00:00, run_after=2024-12-22 23:50:00+00:00
[2024-12-23T06:51:47.162+0700] {processor.py:208} INFO - Processing /mnt/d/Project/airflow-news/venv/lib/python3.12/site-packages/airflow/example_dags/example_sla_dag.py took 0.343 seconds
[2024-12-23T06:53:54.028+0700] {processor.py:186} INFO - Started process (PID=11413) to work on /mnt/d/Project/airflow-news/venv/lib/python3.12/site-packages/airflow/example_dags/example_sla_dag.py
[2024-12-23T06:53:54.031+0700] {processor.py:914} INFO - Processing file /mnt/d/Project/airflow-news/venv/lib/python3.12/site-packages/airflow/example_dags/example_sla_dag.py for tasks to queue
[2024-12-23T06:53:54.036+0700] {logging_mixin.py:190} INFO - [2024-12-23T06:53:54.035+0700] {dagbag.py:588} INFO - Filling up the DagBag from /mnt/d/Project/airflow-news/venv/lib/python3.12/site-packages/airflow/example_dags/example_sla_dag.py
[2024-12-23T06:53:54.149+0700] {processor.py:925} INFO - DAG(s) 'example_sla_dag' retrieved from /mnt/d/Project/airflow-news/venv/lib/python3.12/site-packages/airflow/example_dags/example_sla_dag.py
[2024-12-23T06:53:54.193+0700] {logging_mixin.py:190} INFO - [2024-12-23T06:53:54.192+0700] {dag.py:3239} INFO - Sync 1 DAGs
[2024-12-23T06:53:54.246+0700] {logging_mixin.py:190} INFO - [2024-12-23T06:53:54.245+0700] {dag.py:4180} INFO - Setting next_dagrun for example_sla_dag to 2024-12-22 23:50:00+00:00, run_after=2024-12-22 23:52:00+00:00
[2024-12-23T06:53:54.337+0700] {processor.py:208} INFO - Processing /mnt/d/Project/airflow-news/venv/lib/python3.12/site-packages/airflow/example_dags/example_sla_dag.py took 0.332 seconds
[2024-12-23T06:55:51.654+0700] {processor.py:186} INFO - Started process (PID=11653) to work on /mnt/d/Project/airflow-news/venv/lib/python3.12/site-packages/airflow/example_dags/example_sla_dag.py
[2024-12-23T06:55:51.656+0700] {processor.py:914} INFO - Processing file /mnt/d/Project/airflow-news/venv/lib/python3.12/site-packages/airflow/example_dags/example_sla_dag.py for tasks to queue
[2024-12-23T06:55:51.663+0700] {logging_mixin.py:190} INFO - [2024-12-23T06:55:51.661+0700] {dagbag.py:588} INFO - Filling up the DagBag from /mnt/d/Project/airflow-news/venv/lib/python3.12/site-packages/airflow/example_dags/example_sla_dag.py
[2024-12-23T06:55:51.767+0700] {processor.py:925} INFO - DAG(s) 'example_sla_dag' retrieved from /mnt/d/Project/airflow-news/venv/lib/python3.12/site-packages/airflow/example_dags/example_sla_dag.py
[2024-12-23T06:55:51.806+0700] {logging_mixin.py:190} INFO - [2024-12-23T06:55:51.805+0700] {dag.py:3239} INFO - Sync 1 DAGs
[2024-12-23T06:55:51.857+0700] {logging_mixin.py:190} INFO - [2024-12-23T06:55:51.856+0700] {dag.py:4180} INFO - Setting next_dagrun for example_sla_dag to 2024-12-22 23:52:00+00:00, run_after=2024-12-22 23:54:00+00:00
[2024-12-23T06:55:51.938+0700] {processor.py:208} INFO - Processing /mnt/d/Project/airflow-news/venv/lib/python3.12/site-packages/airflow/example_dags/example_sla_dag.py took 0.307 seconds
