[2024-12-23T05:44:35.472+0700] {processor.py:186} INFO - Started process (PID=1357) to work on /mnt/d/Project/airflow-news/venv/lib/python3.12/site-packages/airflow/example_dags/example_trigger_target_dag.py
[2024-12-23T05:44:35.475+0700] {processor.py:914} INFO - Processing file /mnt/d/Project/airflow-news/venv/lib/python3.12/site-packages/airflow/example_dags/example_trigger_target_dag.py for tasks to queue
[2024-12-23T05:44:35.481+0700] {logging_mixin.py:190} INFO - [2024-12-23T05:44:35.479+0700] {dagbag.py:588} INFO - Filling up the DagBag from /mnt/d/Project/airflow-news/venv/lib/python3.12/site-packages/airflow/example_dags/example_trigger_target_dag.py
[2024-12-23T05:44:35.648+0700] {processor.py:925} INFO - DAG(s) 'example_trigger_target_dag' retrieved from /mnt/d/Project/airflow-news/venv/lib/python3.12/site-packages/airflow/example_dags/example_trigger_target_dag.py
[2024-12-23T05:44:38.012+0700] {logging_mixin.py:190} INFO - [2024-12-23T05:44:38.009+0700] {override.py:1911} INFO - Created Permission View: can edit on DAG:example_trigger_target_dag
[2024-12-23T05:44:38.073+0700] {logging_mixin.py:190} INFO - [2024-12-23T05:44:38.071+0700] {override.py:1911} INFO - Created Permission View: can read on DAG:example_trigger_target_dag
[2024-12-23T05:44:38.127+0700] {logging_mixin.py:190} INFO - [2024-12-23T05:44:38.126+0700] {override.py:1911} INFO - Created Permission View: can delete on DAG:example_trigger_target_dag
[2024-12-23T05:44:38.219+0700] {logging_mixin.py:190} INFO - [2024-12-23T05:44:38.216+0700] {override.py:1911} INFO - Created Permission View: can read on DAG Run:example_trigger_target_dag
[2024-12-23T05:44:38.278+0700] {logging_mixin.py:190} INFO - [2024-12-23T05:44:38.276+0700] {override.py:1911} INFO - Created Permission View: can delete on DAG Run:example_trigger_target_dag
[2024-12-23T05:44:38.331+0700] {logging_mixin.py:190} INFO - [2024-12-23T05:44:38.329+0700] {override.py:1911} INFO - Created Permission View: menu access on DAG Run:example_trigger_target_dag
[2024-12-23T05:44:38.381+0700] {logging_mixin.py:190} INFO - [2024-12-23T05:44:38.379+0700] {override.py:1911} INFO - Created Permission View: can create on DAG Run:example_trigger_target_dag
[2024-12-23T05:44:38.384+0700] {logging_mixin.py:190} INFO - [2024-12-23T05:44:38.383+0700] {dag.py:3239} INFO - Sync 1 DAGs
[2024-12-23T05:44:38.415+0700] {logging_mixin.py:190} INFO - [2024-12-23T05:44:38.414+0700] {dag.py:3262} INFO - Creating ORM DAG for example_trigger_target_dag
[2024-12-23T05:44:38.419+0700] {logging_mixin.py:190} INFO - [2024-12-23T05:44:38.417+0700] {dag.py:4180} INFO - Setting next_dagrun for example_trigger_target_dag to None, run_after=None
[2024-12-23T05:44:38.507+0700] {processor.py:208} INFO - Processing /mnt/d/Project/airflow-news/venv/lib/python3.12/site-packages/airflow/example_dags/example_trigger_target_dag.py took 3.054 seconds
[2024-12-23T05:52:20.887+0700] {processor.py:186} INFO - Started process (PID=1674) to work on /mnt/d/Project/airflow-news/venv/lib/python3.12/site-packages/airflow/example_dags/example_trigger_target_dag.py
[2024-12-23T05:52:20.889+0700] {processor.py:914} INFO - Processing file /mnt/d/Project/airflow-news/venv/lib/python3.12/site-packages/airflow/example_dags/example_trigger_target_dag.py for tasks to queue
[2024-12-23T05:52:20.895+0700] {logging_mixin.py:190} INFO - [2024-12-23T05:52:20.893+0700] {dagbag.py:588} INFO - Filling up the DagBag from /mnt/d/Project/airflow-news/venv/lib/python3.12/site-packages/airflow/example_dags/example_trigger_target_dag.py
[2024-12-23T05:52:21.025+0700] {processor.py:925} INFO - DAG(s) 'example_trigger_target_dag' retrieved from /mnt/d/Project/airflow-news/venv/lib/python3.12/site-packages/airflow/example_dags/example_trigger_target_dag.py
[2024-12-23T05:52:22.654+0700] {logging_mixin.py:190} INFO - [2024-12-23T05:52:22.653+0700] {dag.py:3239} INFO - Sync 1 DAGs
[2024-12-23T05:52:22.674+0700] {logging_mixin.py:190} INFO - [2024-12-23T05:52:22.672+0700] {dag.py:4180} INFO - Setting next_dagrun for example_trigger_target_dag to None, run_after=None
[2024-12-23T05:52:22.752+0700] {processor.py:208} INFO - Processing /mnt/d/Project/airflow-news/venv/lib/python3.12/site-packages/airflow/example_dags/example_trigger_target_dag.py took 1.880 seconds
[2024-12-23T05:53:17.204+0700] {processor.py:186} INFO - Started process (PID=1767) to work on /mnt/d/Project/airflow-news/venv/lib/python3.12/site-packages/airflow/example_dags/example_trigger_target_dag.py
[2024-12-23T05:53:17.207+0700] {processor.py:914} INFO - Processing file /mnt/d/Project/airflow-news/venv/lib/python3.12/site-packages/airflow/example_dags/example_trigger_target_dag.py for tasks to queue
[2024-12-23T05:53:17.212+0700] {logging_mixin.py:190} INFO - [2024-12-23T05:53:17.211+0700] {dagbag.py:588} INFO - Filling up the DagBag from /mnt/d/Project/airflow-news/venv/lib/python3.12/site-packages/airflow/example_dags/example_trigger_target_dag.py
[2024-12-23T05:53:17.365+0700] {processor.py:925} INFO - DAG(s) 'example_trigger_target_dag' retrieved from /mnt/d/Project/airflow-news/venv/lib/python3.12/site-packages/airflow/example_dags/example_trigger_target_dag.py
[2024-12-23T05:53:17.538+0700] {logging_mixin.py:190} INFO - [2024-12-23T05:53:17.537+0700] {dag.py:3239} INFO - Sync 1 DAGs
[2024-12-23T05:53:17.565+0700] {logging_mixin.py:190} INFO - [2024-12-23T05:53:17.563+0700] {dag.py:4180} INFO - Setting next_dagrun for example_trigger_target_dag to None, run_after=None
[2024-12-23T05:53:17.644+0700] {processor.py:208} INFO - Processing /mnt/d/Project/airflow-news/venv/lib/python3.12/site-packages/airflow/example_dags/example_trigger_target_dag.py took 0.456 seconds
[2024-12-23T05:55:00.945+0700] {processor.py:186} INFO - Started process (PID=2062) to work on /mnt/d/Project/airflow-news/venv/lib/python3.12/site-packages/airflow/example_dags/example_trigger_target_dag.py
[2024-12-23T05:55:00.947+0700] {processor.py:914} INFO - Processing file /mnt/d/Project/airflow-news/venv/lib/python3.12/site-packages/airflow/example_dags/example_trigger_target_dag.py for tasks to queue
[2024-12-23T05:55:00.951+0700] {logging_mixin.py:190} INFO - [2024-12-23T05:55:00.949+0700] {dagbag.py:588} INFO - Filling up the DagBag from /mnt/d/Project/airflow-news/venv/lib/python3.12/site-packages/airflow/example_dags/example_trigger_target_dag.py
[2024-12-23T05:55:01.035+0700] {processor.py:925} INFO - DAG(s) 'example_trigger_target_dag' retrieved from /mnt/d/Project/airflow-news/venv/lib/python3.12/site-packages/airflow/example_dags/example_trigger_target_dag.py
[2024-12-23T05:55:01.067+0700] {logging_mixin.py:190} INFO - [2024-12-23T05:55:01.066+0700] {dag.py:3239} INFO - Sync 1 DAGs
[2024-12-23T05:55:01.085+0700] {logging_mixin.py:190} INFO - [2024-12-23T05:55:01.083+0700] {dag.py:4180} INFO - Setting next_dagrun for example_trigger_target_dag to None, run_after=None
[2024-12-23T05:55:01.157+0700] {processor.py:208} INFO - Processing /mnt/d/Project/airflow-news/venv/lib/python3.12/site-packages/airflow/example_dags/example_trigger_target_dag.py took 0.226 seconds
[2024-12-23T05:56:02.905+0700] {processor.py:186} INFO - Started process (PID=2207) to work on /mnt/d/Project/airflow-news/venv/lib/python3.12/site-packages/airflow/example_dags/example_trigger_target_dag.py
[2024-12-23T05:56:02.907+0700] {processor.py:914} INFO - Processing file /mnt/d/Project/airflow-news/venv/lib/python3.12/site-packages/airflow/example_dags/example_trigger_target_dag.py for tasks to queue
[2024-12-23T05:56:02.912+0700] {logging_mixin.py:190} INFO - [2024-12-23T05:56:02.911+0700] {dagbag.py:588} INFO - Filling up the DagBag from /mnt/d/Project/airflow-news/venv/lib/python3.12/site-packages/airflow/example_dags/example_trigger_target_dag.py
[2024-12-23T05:56:03.001+0700] {processor.py:925} INFO - DAG(s) 'example_trigger_target_dag' retrieved from /mnt/d/Project/airflow-news/venv/lib/python3.12/site-packages/airflow/example_dags/example_trigger_target_dag.py
[2024-12-23T05:56:03.040+0700] {logging_mixin.py:190} INFO - [2024-12-23T05:56:03.038+0700] {dag.py:3239} INFO - Sync 1 DAGs
[2024-12-23T05:56:03.059+0700] {logging_mixin.py:190} INFO - [2024-12-23T05:56:03.058+0700] {dag.py:4180} INFO - Setting next_dagrun for example_trigger_target_dag to None, run_after=None
[2024-12-23T05:56:03.130+0700] {processor.py:208} INFO - Processing /mnt/d/Project/airflow-news/venv/lib/python3.12/site-packages/airflow/example_dags/example_trigger_target_dag.py took 0.240 seconds
[2024-12-23T05:57:35.843+0700] {processor.py:186} INFO - Started process (PID=2398) to work on /mnt/d/Project/airflow-news/venv/lib/python3.12/site-packages/airflow/example_dags/example_trigger_target_dag.py
[2024-12-23T05:57:35.846+0700] {processor.py:914} INFO - Processing file /mnt/d/Project/airflow-news/venv/lib/python3.12/site-packages/airflow/example_dags/example_trigger_target_dag.py for tasks to queue
[2024-12-23T05:57:35.853+0700] {logging_mixin.py:190} INFO - [2024-12-23T05:57:35.851+0700] {dagbag.py:588} INFO - Filling up the DagBag from /mnt/d/Project/airflow-news/venv/lib/python3.12/site-packages/airflow/example_dags/example_trigger_target_dag.py
[2024-12-23T05:57:35.948+0700] {processor.py:925} INFO - DAG(s) 'example_trigger_target_dag' retrieved from /mnt/d/Project/airflow-news/venv/lib/python3.12/site-packages/airflow/example_dags/example_trigger_target_dag.py
[2024-12-23T05:57:35.986+0700] {logging_mixin.py:190} INFO - [2024-12-23T05:57:35.984+0700] {dag.py:3239} INFO - Sync 1 DAGs
[2024-12-23T05:57:36.006+0700] {logging_mixin.py:190} INFO - [2024-12-23T05:57:36.004+0700] {dag.py:4180} INFO - Setting next_dagrun for example_trigger_target_dag to None, run_after=None
[2024-12-23T05:57:36.094+0700] {processor.py:208} INFO - Processing /mnt/d/Project/airflow-news/venv/lib/python3.12/site-packages/airflow/example_dags/example_trigger_target_dag.py took 0.268 seconds
[2024-12-23T05:58:55.127+0700] {processor.py:186} INFO - Started process (PID=2578) to work on /mnt/d/Project/airflow-news/venv/lib/python3.12/site-packages/airflow/example_dags/example_trigger_target_dag.py
[2024-12-23T05:58:55.131+0700] {processor.py:914} INFO - Processing file /mnt/d/Project/airflow-news/venv/lib/python3.12/site-packages/airflow/example_dags/example_trigger_target_dag.py for tasks to queue
[2024-12-23T05:58:55.139+0700] {logging_mixin.py:190} INFO - [2024-12-23T05:58:55.137+0700] {dagbag.py:588} INFO - Filling up the DagBag from /mnt/d/Project/airflow-news/venv/lib/python3.12/site-packages/airflow/example_dags/example_trigger_target_dag.py
[2024-12-23T05:58:55.377+0700] {processor.py:925} INFO - DAG(s) 'example_trigger_target_dag' retrieved from /mnt/d/Project/airflow-news/venv/lib/python3.12/site-packages/airflow/example_dags/example_trigger_target_dag.py
[2024-12-23T05:58:55.559+0700] {logging_mixin.py:190} INFO - [2024-12-23T05:58:55.558+0700] {dag.py:3239} INFO - Sync 1 DAGs
[2024-12-23T05:58:55.588+0700] {logging_mixin.py:190} INFO - [2024-12-23T05:58:55.586+0700] {dag.py:4180} INFO - Setting next_dagrun for example_trigger_target_dag to None, run_after=None
[2024-12-23T05:58:55.706+0700] {processor.py:208} INFO - Processing /mnt/d/Project/airflow-news/venv/lib/python3.12/site-packages/airflow/example_dags/example_trigger_target_dag.py took 0.607 seconds
[2024-12-23T05:59:14.313+0700] {processor.py:186} INFO - Started process (PID=2623) to work on /mnt/d/Project/airflow-news/venv/lib/python3.12/site-packages/airflow/example_dags/example_trigger_target_dag.py
[2024-12-23T05:59:14.315+0700] {processor.py:914} INFO - Processing file /mnt/d/Project/airflow-news/venv/lib/python3.12/site-packages/airflow/example_dags/example_trigger_target_dag.py for tasks to queue
[2024-12-23T05:59:14.320+0700] {logging_mixin.py:190} INFO - [2024-12-23T05:59:14.319+0700] {dagbag.py:588} INFO - Filling up the DagBag from /mnt/d/Project/airflow-news/venv/lib/python3.12/site-packages/airflow/example_dags/example_trigger_target_dag.py
[2024-12-23T05:59:14.391+0700] {processor.py:925} INFO - DAG(s) 'example_trigger_target_dag' retrieved from /mnt/d/Project/airflow-news/venv/lib/python3.12/site-packages/airflow/example_dags/example_trigger_target_dag.py
[2024-12-23T05:59:14.429+0700] {logging_mixin.py:190} INFO - [2024-12-23T05:59:14.427+0700] {dag.py:3239} INFO - Sync 1 DAGs
[2024-12-23T05:59:14.450+0700] {logging_mixin.py:190} INFO - [2024-12-23T05:59:14.448+0700] {dag.py:4180} INFO - Setting next_dagrun for example_trigger_target_dag to None, run_after=None
[2024-12-23T05:59:14.544+0700] {processor.py:208} INFO - Processing /mnt/d/Project/airflow-news/venv/lib/python3.12/site-packages/airflow/example_dags/example_trigger_target_dag.py took 0.245 seconds
[2024-12-23T06:00:17.901+0700] {processor.py:186} INFO - Started process (PID=2806) to work on /mnt/d/Project/airflow-news/venv/lib/python3.12/site-packages/airflow/example_dags/example_trigger_target_dag.py
[2024-12-23T06:00:17.907+0700] {processor.py:914} INFO - Processing file /mnt/d/Project/airflow-news/venv/lib/python3.12/site-packages/airflow/example_dags/example_trigger_target_dag.py for tasks to queue
[2024-12-23T06:00:17.915+0700] {logging_mixin.py:190} INFO - [2024-12-23T06:00:17.913+0700] {dagbag.py:588} INFO - Filling up the DagBag from /mnt/d/Project/airflow-news/venv/lib/python3.12/site-packages/airflow/example_dags/example_trigger_target_dag.py
[2024-12-23T06:00:18.031+0700] {processor.py:925} INFO - DAG(s) 'example_trigger_target_dag' retrieved from /mnt/d/Project/airflow-news/venv/lib/python3.12/site-packages/airflow/example_dags/example_trigger_target_dag.py
[2024-12-23T06:00:18.074+0700] {logging_mixin.py:190} INFO - [2024-12-23T06:00:18.073+0700] {dag.py:3239} INFO - Sync 1 DAGs
[2024-12-23T06:00:18.099+0700] {logging_mixin.py:190} INFO - [2024-12-23T06:00:18.098+0700] {dag.py:4180} INFO - Setting next_dagrun for example_trigger_target_dag to None, run_after=None
[2024-12-23T06:00:18.234+0700] {processor.py:208} INFO - Processing /mnt/d/Project/airflow-news/venv/lib/python3.12/site-packages/airflow/example_dags/example_trigger_target_dag.py took 0.352 seconds
[2024-12-23T06:00:58.863+0700] {processor.py:186} INFO - Started process (PID=2912) to work on /mnt/d/Project/airflow-news/venv/lib/python3.12/site-packages/airflow/example_dags/example_trigger_target_dag.py
[2024-12-23T06:00:58.865+0700] {processor.py:914} INFO - Processing file /mnt/d/Project/airflow-news/venv/lib/python3.12/site-packages/airflow/example_dags/example_trigger_target_dag.py for tasks to queue
[2024-12-23T06:00:58.871+0700] {logging_mixin.py:190} INFO - [2024-12-23T06:00:58.869+0700] {dagbag.py:588} INFO - Filling up the DagBag from /mnt/d/Project/airflow-news/venv/lib/python3.12/site-packages/airflow/example_dags/example_trigger_target_dag.py
[2024-12-23T06:00:58.979+0700] {processor.py:925} INFO - DAG(s) 'example_trigger_target_dag' retrieved from /mnt/d/Project/airflow-news/venv/lib/python3.12/site-packages/airflow/example_dags/example_trigger_target_dag.py
[2024-12-23T06:00:59.022+0700] {logging_mixin.py:190} INFO - [2024-12-23T06:00:59.021+0700] {dag.py:3239} INFO - Sync 1 DAGs
[2024-12-23T06:00:59.185+0700] {logging_mixin.py:190} INFO - [2024-12-23T06:00:59.183+0700] {dag.py:4180} INFO - Setting next_dagrun for example_trigger_target_dag to None, run_after=None
[2024-12-23T06:00:59.281+0700] {processor.py:208} INFO - Processing /mnt/d/Project/airflow-news/venv/lib/python3.12/site-packages/airflow/example_dags/example_trigger_target_dag.py took 0.434 seconds
[2024-12-23T06:02:02.837+0700] {processor.py:186} INFO - Started process (PID=3041) to work on /mnt/d/Project/airflow-news/venv/lib/python3.12/site-packages/airflow/example_dags/example_trigger_target_dag.py
[2024-12-23T06:02:02.839+0700] {processor.py:914} INFO - Processing file /mnt/d/Project/airflow-news/venv/lib/python3.12/site-packages/airflow/example_dags/example_trigger_target_dag.py for tasks to queue
[2024-12-23T06:02:02.844+0700] {logging_mixin.py:190} INFO - [2024-12-23T06:02:02.842+0700] {dagbag.py:588} INFO - Filling up the DagBag from /mnt/d/Project/airflow-news/venv/lib/python3.12/site-packages/airflow/example_dags/example_trigger_target_dag.py
[2024-12-23T06:02:02.943+0700] {processor.py:925} INFO - DAG(s) 'example_trigger_target_dag' retrieved from /mnt/d/Project/airflow-news/venv/lib/python3.12/site-packages/airflow/example_dags/example_trigger_target_dag.py
[2024-12-23T06:02:02.980+0700] {logging_mixin.py:190} INFO - [2024-12-23T06:02:02.979+0700] {dag.py:3239} INFO - Sync 1 DAGs
[2024-12-23T06:02:03.005+0700] {logging_mixin.py:190} INFO - [2024-12-23T06:02:03.003+0700] {dag.py:4180} INFO - Setting next_dagrun for example_trigger_target_dag to None, run_after=None
[2024-12-23T06:02:03.094+0700] {processor.py:208} INFO - Processing /mnt/d/Project/airflow-news/venv/lib/python3.12/site-packages/airflow/example_dags/example_trigger_target_dag.py took 0.272 seconds
[2024-12-23T06:03:01.455+0700] {processor.py:186} INFO - Started process (PID=3143) to work on /mnt/d/Project/airflow-news/venv/lib/python3.12/site-packages/airflow/example_dags/example_trigger_target_dag.py
[2024-12-23T06:03:01.458+0700] {processor.py:914} INFO - Processing file /mnt/d/Project/airflow-news/venv/lib/python3.12/site-packages/airflow/example_dags/example_trigger_target_dag.py for tasks to queue
[2024-12-23T06:03:01.465+0700] {logging_mixin.py:190} INFO - [2024-12-23T06:03:01.462+0700] {dagbag.py:588} INFO - Filling up the DagBag from /mnt/d/Project/airflow-news/venv/lib/python3.12/site-packages/airflow/example_dags/example_trigger_target_dag.py
[2024-12-23T06:03:01.584+0700] {processor.py:925} INFO - DAG(s) 'example_trigger_target_dag' retrieved from /mnt/d/Project/airflow-news/venv/lib/python3.12/site-packages/airflow/example_dags/example_trigger_target_dag.py
[2024-12-23T06:03:01.648+0700] {logging_mixin.py:190} INFO - [2024-12-23T06:03:01.646+0700] {dag.py:3239} INFO - Sync 1 DAGs
[2024-12-23T06:03:01.687+0700] {logging_mixin.py:190} INFO - [2024-12-23T06:03:01.685+0700] {dag.py:4180} INFO - Setting next_dagrun for example_trigger_target_dag to None, run_after=None
[2024-12-23T06:03:01.803+0700] {processor.py:208} INFO - Processing /mnt/d/Project/airflow-news/venv/lib/python3.12/site-packages/airflow/example_dags/example_trigger_target_dag.py took 0.380 seconds
[2024-12-23T06:04:13.986+0700] {processor.py:186} INFO - Started process (PID=3384) to work on /mnt/d/Project/airflow-news/venv/lib/python3.12/site-packages/airflow/example_dags/example_trigger_target_dag.py
[2024-12-23T06:04:13.989+0700] {processor.py:914} INFO - Processing file /mnt/d/Project/airflow-news/venv/lib/python3.12/site-packages/airflow/example_dags/example_trigger_target_dag.py for tasks to queue
[2024-12-23T06:04:13.996+0700] {logging_mixin.py:190} INFO - [2024-12-23T06:04:13.994+0700] {dagbag.py:588} INFO - Filling up the DagBag from /mnt/d/Project/airflow-news/venv/lib/python3.12/site-packages/airflow/example_dags/example_trigger_target_dag.py
[2024-12-23T06:04:14.183+0700] {processor.py:925} INFO - DAG(s) 'example_trigger_target_dag' retrieved from /mnt/d/Project/airflow-news/venv/lib/python3.12/site-packages/airflow/example_dags/example_trigger_target_dag.py
[2024-12-23T06:04:14.293+0700] {logging_mixin.py:190} INFO - [2024-12-23T06:04:14.290+0700] {dag.py:3239} INFO - Sync 1 DAGs
[2024-12-23T06:04:14.338+0700] {logging_mixin.py:190} INFO - [2024-12-23T06:04:14.336+0700] {dag.py:4180} INFO - Setting next_dagrun for example_trigger_target_dag to None, run_after=None
[2024-12-23T06:04:14.474+0700] {processor.py:208} INFO - Processing /mnt/d/Project/airflow-news/venv/lib/python3.12/site-packages/airflow/example_dags/example_trigger_target_dag.py took 0.516 seconds
[2024-12-23T06:05:15.685+0700] {processor.py:186} INFO - Started process (PID=3502) to work on /mnt/d/Project/airflow-news/venv/lib/python3.12/site-packages/airflow/example_dags/example_trigger_target_dag.py
[2024-12-23T06:05:15.688+0700] {processor.py:914} INFO - Processing file /mnt/d/Project/airflow-news/venv/lib/python3.12/site-packages/airflow/example_dags/example_trigger_target_dag.py for tasks to queue
[2024-12-23T06:05:15.694+0700] {logging_mixin.py:190} INFO - [2024-12-23T06:05:15.691+0700] {dagbag.py:588} INFO - Filling up the DagBag from /mnt/d/Project/airflow-news/venv/lib/python3.12/site-packages/airflow/example_dags/example_trigger_target_dag.py
[2024-12-23T06:05:15.790+0700] {processor.py:925} INFO - DAG(s) 'example_trigger_target_dag' retrieved from /mnt/d/Project/airflow-news/venv/lib/python3.12/site-packages/airflow/example_dags/example_trigger_target_dag.py
[2024-12-23T06:05:15.827+0700] {logging_mixin.py:190} INFO - [2024-12-23T06:05:15.826+0700] {dag.py:3239} INFO - Sync 1 DAGs
[2024-12-23T06:05:15.845+0700] {logging_mixin.py:190} INFO - [2024-12-23T06:05:15.843+0700] {dag.py:4180} INFO - Setting next_dagrun for example_trigger_target_dag to None, run_after=None
[2024-12-23T06:05:15.922+0700] {processor.py:208} INFO - Processing /mnt/d/Project/airflow-news/venv/lib/python3.12/site-packages/airflow/example_dags/example_trigger_target_dag.py took 0.261 seconds
[2024-12-23T06:06:17.877+0700] {processor.py:186} INFO - Started process (PID=3656) to work on /mnt/d/Project/airflow-news/venv/lib/python3.12/site-packages/airflow/example_dags/example_trigger_target_dag.py
[2024-12-23T06:06:17.879+0700] {processor.py:914} INFO - Processing file /mnt/d/Project/airflow-news/venv/lib/python3.12/site-packages/airflow/example_dags/example_trigger_target_dag.py for tasks to queue
[2024-12-23T06:06:17.884+0700] {logging_mixin.py:190} INFO - [2024-12-23T06:06:17.883+0700] {dagbag.py:588} INFO - Filling up the DagBag from /mnt/d/Project/airflow-news/venv/lib/python3.12/site-packages/airflow/example_dags/example_trigger_target_dag.py
[2024-12-23T06:06:17.976+0700] {processor.py:925} INFO - DAG(s) 'example_trigger_target_dag' retrieved from /mnt/d/Project/airflow-news/venv/lib/python3.12/site-packages/airflow/example_dags/example_trigger_target_dag.py
[2024-12-23T06:06:18.015+0700] {logging_mixin.py:190} INFO - [2024-12-23T06:06:18.014+0700] {dag.py:3239} INFO - Sync 1 DAGs
[2024-12-23T06:06:18.037+0700] {logging_mixin.py:190} INFO - [2024-12-23T06:06:18.035+0700] {dag.py:4180} INFO - Setting next_dagrun for example_trigger_target_dag to None, run_after=None
[2024-12-23T06:06:18.127+0700] {processor.py:208} INFO - Processing /mnt/d/Project/airflow-news/venv/lib/python3.12/site-packages/airflow/example_dags/example_trigger_target_dag.py took 0.275 seconds
[2024-12-23T06:07:06.419+0700] {processor.py:186} INFO - Started process (PID=3784) to work on /mnt/d/Project/airflow-news/venv/lib/python3.12/site-packages/airflow/example_dags/example_trigger_target_dag.py
[2024-12-23T06:07:06.422+0700] {processor.py:914} INFO - Processing file /mnt/d/Project/airflow-news/venv/lib/python3.12/site-packages/airflow/example_dags/example_trigger_target_dag.py for tasks to queue
[2024-12-23T06:07:06.428+0700] {logging_mixin.py:190} INFO - [2024-12-23T06:07:06.426+0700] {dagbag.py:588} INFO - Filling up the DagBag from /mnt/d/Project/airflow-news/venv/lib/python3.12/site-packages/airflow/example_dags/example_trigger_target_dag.py
[2024-12-23T06:07:06.585+0700] {processor.py:925} INFO - DAG(s) 'example_trigger_target_dag' retrieved from /mnt/d/Project/airflow-news/venv/lib/python3.12/site-packages/airflow/example_dags/example_trigger_target_dag.py
[2024-12-23T06:07:06.738+0700] {logging_mixin.py:190} INFO - [2024-12-23T06:07:06.736+0700] {dag.py:3239} INFO - Sync 1 DAGs
[2024-12-23T06:07:06.760+0700] {logging_mixin.py:190} INFO - [2024-12-23T06:07:06.758+0700] {dag.py:4180} INFO - Setting next_dagrun for example_trigger_target_dag to None, run_after=None
[2024-12-23T06:07:06.837+0700] {processor.py:208} INFO - Processing /mnt/d/Project/airflow-news/venv/lib/python3.12/site-packages/airflow/example_dags/example_trigger_target_dag.py took 0.438 seconds
[2024-12-23T06:08:17.580+0700] {processor.py:186} INFO - Started process (PID=3997) to work on /mnt/d/Project/airflow-news/venv/lib/python3.12/site-packages/airflow/example_dags/example_trigger_target_dag.py
[2024-12-23T06:08:17.583+0700] {processor.py:914} INFO - Processing file /mnt/d/Project/airflow-news/venv/lib/python3.12/site-packages/airflow/example_dags/example_trigger_target_dag.py for tasks to queue
[2024-12-23T06:08:17.588+0700] {logging_mixin.py:190} INFO - [2024-12-23T06:08:17.587+0700] {dagbag.py:588} INFO - Filling up the DagBag from /mnt/d/Project/airflow-news/venv/lib/python3.12/site-packages/airflow/example_dags/example_trigger_target_dag.py
[2024-12-23T06:08:17.685+0700] {processor.py:925} INFO - DAG(s) 'example_trigger_target_dag' retrieved from /mnt/d/Project/airflow-news/venv/lib/python3.12/site-packages/airflow/example_dags/example_trigger_target_dag.py
[2024-12-23T06:08:17.731+0700] {logging_mixin.py:190} INFO - [2024-12-23T06:08:17.729+0700] {dag.py:3239} INFO - Sync 1 DAGs
[2024-12-23T06:08:17.766+0700] {logging_mixin.py:190} INFO - [2024-12-23T06:08:17.764+0700] {dag.py:4180} INFO - Setting next_dagrun for example_trigger_target_dag to None, run_after=None
[2024-12-23T06:08:17.862+0700] {processor.py:208} INFO - Processing /mnt/d/Project/airflow-news/venv/lib/python3.12/site-packages/airflow/example_dags/example_trigger_target_dag.py took 0.308 seconds
[2024-12-23T06:08:27.970+0700] {processor.py:186} INFO - Started process (PID=4020) to work on /mnt/d/Project/airflow-news/venv/lib/python3.12/site-packages/airflow/example_dags/example_trigger_target_dag.py
[2024-12-23T06:08:27.973+0700] {processor.py:914} INFO - Processing file /mnt/d/Project/airflow-news/venv/lib/python3.12/site-packages/airflow/example_dags/example_trigger_target_dag.py for tasks to queue
[2024-12-23T06:08:27.978+0700] {logging_mixin.py:190} INFO - [2024-12-23T06:08:27.977+0700] {dagbag.py:588} INFO - Filling up the DagBag from /mnt/d/Project/airflow-news/venv/lib/python3.12/site-packages/airflow/example_dags/example_trigger_target_dag.py
[2024-12-23T06:08:28.086+0700] {processor.py:925} INFO - DAG(s) 'example_trigger_target_dag' retrieved from /mnt/d/Project/airflow-news/venv/lib/python3.12/site-packages/airflow/example_dags/example_trigger_target_dag.py
[2024-12-23T06:08:28.131+0700] {logging_mixin.py:190} INFO - [2024-12-23T06:08:28.130+0700] {dag.py:3239} INFO - Sync 1 DAGs
[2024-12-23T06:08:28.157+0700] {logging_mixin.py:190} INFO - [2024-12-23T06:08:28.155+0700] {dag.py:4180} INFO - Setting next_dagrun for example_trigger_target_dag to None, run_after=None
[2024-12-23T06:08:28.246+0700] {processor.py:208} INFO - Processing /mnt/d/Project/airflow-news/venv/lib/python3.12/site-packages/airflow/example_dags/example_trigger_target_dag.py took 0.293 seconds
[2024-12-23T06:09:17.142+0700] {processor.py:186} INFO - Started process (PID=4181) to work on /mnt/d/Project/airflow-news/venv/lib/python3.12/site-packages/airflow/example_dags/example_trigger_target_dag.py
[2024-12-23T06:09:17.145+0700] {processor.py:914} INFO - Processing file /mnt/d/Project/airflow-news/venv/lib/python3.12/site-packages/airflow/example_dags/example_trigger_target_dag.py for tasks to queue
[2024-12-23T06:09:17.151+0700] {logging_mixin.py:190} INFO - [2024-12-23T06:09:17.149+0700] {dagbag.py:588} INFO - Filling up the DagBag from /mnt/d/Project/airflow-news/venv/lib/python3.12/site-packages/airflow/example_dags/example_trigger_target_dag.py
[2024-12-23T06:09:17.259+0700] {processor.py:925} INFO - DAG(s) 'example_trigger_target_dag' retrieved from /mnt/d/Project/airflow-news/venv/lib/python3.12/site-packages/airflow/example_dags/example_trigger_target_dag.py
[2024-12-23T06:09:17.306+0700] {logging_mixin.py:190} INFO - [2024-12-23T06:09:17.305+0700] {dag.py:3239} INFO - Sync 1 DAGs
[2024-12-23T06:09:17.331+0700] {logging_mixin.py:190} INFO - [2024-12-23T06:09:17.330+0700] {dag.py:4180} INFO - Setting next_dagrun for example_trigger_target_dag to None, run_after=None
[2024-12-23T06:09:17.421+0700] {processor.py:208} INFO - Processing /mnt/d/Project/airflow-news/venv/lib/python3.12/site-packages/airflow/example_dags/example_trigger_target_dag.py took 0.304 seconds
[2024-12-23T06:11:18.830+0700] {processor.py:186} INFO - Started process (PID=4432) to work on /mnt/d/Project/airflow-news/venv/lib/python3.12/site-packages/airflow/example_dags/example_trigger_target_dag.py
[2024-12-23T06:11:18.833+0700] {processor.py:914} INFO - Processing file /mnt/d/Project/airflow-news/venv/lib/python3.12/site-packages/airflow/example_dags/example_trigger_target_dag.py for tasks to queue
[2024-12-23T06:11:18.838+0700] {logging_mixin.py:190} INFO - [2024-12-23T06:11:18.836+0700] {dagbag.py:588} INFO - Filling up the DagBag from /mnt/d/Project/airflow-news/venv/lib/python3.12/site-packages/airflow/example_dags/example_trigger_target_dag.py
[2024-12-23T06:11:18.874+0700] {processor.py:925} INFO - DAG(s) 'example_trigger_target_dag' retrieved from /mnt/d/Project/airflow-news/venv/lib/python3.12/site-packages/airflow/example_dags/example_trigger_target_dag.py
[2024-12-23T06:11:19.040+0700] {logging_mixin.py:190} INFO - [2024-12-23T06:11:19.038+0700] {dag.py:3239} INFO - Sync 1 DAGs
[2024-12-23T06:11:19.064+0700] {logging_mixin.py:190} INFO - [2024-12-23T06:11:19.063+0700] {dag.py:4180} INFO - Setting next_dagrun for example_trigger_target_dag to None, run_after=None
[2024-12-23T06:11:19.150+0700] {processor.py:208} INFO - Processing /mnt/d/Project/airflow-news/venv/lib/python3.12/site-packages/airflow/example_dags/example_trigger_target_dag.py took 0.340 seconds
[2024-12-23T06:11:35.731+0700] {processor.py:186} INFO - Started process (PID=4471) to work on /mnt/d/Project/airflow-news/venv/lib/python3.12/site-packages/airflow/example_dags/example_trigger_target_dag.py
[2024-12-23T06:11:35.734+0700] {processor.py:914} INFO - Processing file /mnt/d/Project/airflow-news/venv/lib/python3.12/site-packages/airflow/example_dags/example_trigger_target_dag.py for tasks to queue
[2024-12-23T06:11:35.738+0700] {logging_mixin.py:190} INFO - [2024-12-23T06:11:35.737+0700] {dagbag.py:588} INFO - Filling up the DagBag from /mnt/d/Project/airflow-news/venv/lib/python3.12/site-packages/airflow/example_dags/example_trigger_target_dag.py
[2024-12-23T06:11:35.836+0700] {processor.py:925} INFO - DAG(s) 'example_trigger_target_dag' retrieved from /mnt/d/Project/airflow-news/venv/lib/python3.12/site-packages/airflow/example_dags/example_trigger_target_dag.py
[2024-12-23T06:11:35.875+0700] {logging_mixin.py:190} INFO - [2024-12-23T06:11:35.873+0700] {dag.py:3239} INFO - Sync 1 DAGs
[2024-12-23T06:11:35.897+0700] {logging_mixin.py:190} INFO - [2024-12-23T06:11:35.896+0700] {dag.py:4180} INFO - Setting next_dagrun for example_trigger_target_dag to None, run_after=None
[2024-12-23T06:11:35.976+0700] {processor.py:208} INFO - Processing /mnt/d/Project/airflow-news/venv/lib/python3.12/site-packages/airflow/example_dags/example_trigger_target_dag.py took 0.270 seconds
[2024-12-23T06:12:37.163+0700] {processor.py:186} INFO - Started process (PID=4644) to work on /mnt/d/Project/airflow-news/venv/lib/python3.12/site-packages/airflow/example_dags/example_trigger_target_dag.py
[2024-12-23T06:12:37.165+0700] {processor.py:914} INFO - Processing file /mnt/d/Project/airflow-news/venv/lib/python3.12/site-packages/airflow/example_dags/example_trigger_target_dag.py for tasks to queue
[2024-12-23T06:12:37.170+0700] {logging_mixin.py:190} INFO - [2024-12-23T06:12:37.168+0700] {dagbag.py:588} INFO - Filling up the DagBag from /mnt/d/Project/airflow-news/venv/lib/python3.12/site-packages/airflow/example_dags/example_trigger_target_dag.py
[2024-12-23T06:12:37.209+0700] {processor.py:925} INFO - DAG(s) 'example_trigger_target_dag' retrieved from /mnt/d/Project/airflow-news/venv/lib/python3.12/site-packages/airflow/example_dags/example_trigger_target_dag.py
[2024-12-23T06:12:37.259+0700] {logging_mixin.py:190} INFO - [2024-12-23T06:12:37.257+0700] {dag.py:3239} INFO - Sync 1 DAGs
[2024-12-23T06:12:37.281+0700] {logging_mixin.py:190} INFO - [2024-12-23T06:12:37.280+0700] {dag.py:4180} INFO - Setting next_dagrun for example_trigger_target_dag to None, run_after=None
[2024-12-23T06:12:37.364+0700] {processor.py:208} INFO - Processing /mnt/d/Project/airflow-news/venv/lib/python3.12/site-packages/airflow/example_dags/example_trigger_target_dag.py took 0.218 seconds
[2024-12-23T06:12:42.290+0700] {processor.py:186} INFO - Started process (PID=4655) to work on /mnt/d/Project/airflow-news/venv/lib/python3.12/site-packages/airflow/example_dags/example_trigger_target_dag.py
[2024-12-23T06:12:42.293+0700] {processor.py:914} INFO - Processing file /mnt/d/Project/airflow-news/venv/lib/python3.12/site-packages/airflow/example_dags/example_trigger_target_dag.py for tasks to queue
[2024-12-23T06:12:42.298+0700] {logging_mixin.py:190} INFO - [2024-12-23T06:12:42.296+0700] {dagbag.py:588} INFO - Filling up the DagBag from /mnt/d/Project/airflow-news/venv/lib/python3.12/site-packages/airflow/example_dags/example_trigger_target_dag.py
[2024-12-23T06:12:42.383+0700] {processor.py:925} INFO - DAG(s) 'example_trigger_target_dag' retrieved from /mnt/d/Project/airflow-news/venv/lib/python3.12/site-packages/airflow/example_dags/example_trigger_target_dag.py
[2024-12-23T06:12:42.423+0700] {logging_mixin.py:190} INFO - [2024-12-23T06:12:42.422+0700] {dag.py:3239} INFO - Sync 1 DAGs
[2024-12-23T06:12:42.442+0700] {logging_mixin.py:190} INFO - [2024-12-23T06:12:42.441+0700] {dag.py:4180} INFO - Setting next_dagrun for example_trigger_target_dag to None, run_after=None
[2024-12-23T06:12:42.520+0700] {processor.py:208} INFO - Processing /mnt/d/Project/airflow-news/venv/lib/python3.12/site-packages/airflow/example_dags/example_trigger_target_dag.py took 0.251 seconds
[2024-12-23T06:13:43.740+0700] {processor.py:186} INFO - Started process (PID=4837) to work on /mnt/d/Project/airflow-news/venv/lib/python3.12/site-packages/airflow/example_dags/example_trigger_target_dag.py
[2024-12-23T06:13:43.742+0700] {processor.py:914} INFO - Processing file /mnt/d/Project/airflow-news/venv/lib/python3.12/site-packages/airflow/example_dags/example_trigger_target_dag.py for tasks to queue
[2024-12-23T06:13:43.747+0700] {logging_mixin.py:190} INFO - [2024-12-23T06:13:43.745+0700] {dagbag.py:588} INFO - Filling up the DagBag from /mnt/d/Project/airflow-news/venv/lib/python3.12/site-packages/airflow/example_dags/example_trigger_target_dag.py
[2024-12-23T06:13:43.825+0700] {processor.py:925} INFO - DAG(s) 'example_trigger_target_dag' retrieved from /mnt/d/Project/airflow-news/venv/lib/python3.12/site-packages/airflow/example_dags/example_trigger_target_dag.py
[2024-12-23T06:13:43.863+0700] {logging_mixin.py:190} INFO - [2024-12-23T06:13:43.862+0700] {dag.py:3239} INFO - Sync 1 DAGs
[2024-12-23T06:13:43.891+0700] {logging_mixin.py:190} INFO - [2024-12-23T06:13:43.890+0700] {dag.py:4180} INFO - Setting next_dagrun for example_trigger_target_dag to None, run_after=None
[2024-12-23T06:13:43.966+0700] {processor.py:208} INFO - Processing /mnt/d/Project/airflow-news/venv/lib/python3.12/site-packages/airflow/example_dags/example_trigger_target_dag.py took 0.250 seconds
[2024-12-23T06:14:14.867+0700] {processor.py:186} INFO - Started process (PID=4932) to work on /mnt/d/Project/airflow-news/venv/lib/python3.12/site-packages/airflow/example_dags/example_trigger_target_dag.py
[2024-12-23T06:14:14.869+0700] {processor.py:914} INFO - Processing file /mnt/d/Project/airflow-news/venv/lib/python3.12/site-packages/airflow/example_dags/example_trigger_target_dag.py for tasks to queue
[2024-12-23T06:14:14.873+0700] {logging_mixin.py:190} INFO - [2024-12-23T06:14:14.871+0700] {dagbag.py:588} INFO - Filling up the DagBag from /mnt/d/Project/airflow-news/venv/lib/python3.12/site-packages/airflow/example_dags/example_trigger_target_dag.py
[2024-12-23T06:14:14.908+0700] {processor.py:925} INFO - DAG(s) 'example_trigger_target_dag' retrieved from /mnt/d/Project/airflow-news/venv/lib/python3.12/site-packages/airflow/example_dags/example_trigger_target_dag.py
[2024-12-23T06:14:14.958+0700] {logging_mixin.py:190} INFO - [2024-12-23T06:14:14.956+0700] {dag.py:3239} INFO - Sync 1 DAGs
[2024-12-23T06:14:14.993+0700] {logging_mixin.py:190} INFO - [2024-12-23T06:14:14.991+0700] {dag.py:4180} INFO - Setting next_dagrun for example_trigger_target_dag to None, run_after=None
[2024-12-23T06:14:15.087+0700] {processor.py:208} INFO - Processing /mnt/d/Project/airflow-news/venv/lib/python3.12/site-packages/airflow/example_dags/example_trigger_target_dag.py took 0.235 seconds
[2024-12-23T06:15:31.502+0700] {processor.py:186} INFO - Started process (PID=5166) to work on /mnt/d/Project/airflow-news/venv/lib/python3.12/site-packages/airflow/example_dags/example_trigger_target_dag.py
[2024-12-23T06:15:31.504+0700] {processor.py:914} INFO - Processing file /mnt/d/Project/airflow-news/venv/lib/python3.12/site-packages/airflow/example_dags/example_trigger_target_dag.py for tasks to queue
[2024-12-23T06:15:31.509+0700] {logging_mixin.py:190} INFO - [2024-12-23T06:15:31.508+0700] {dagbag.py:588} INFO - Filling up the DagBag from /mnt/d/Project/airflow-news/venv/lib/python3.12/site-packages/airflow/example_dags/example_trigger_target_dag.py
[2024-12-23T06:15:31.603+0700] {processor.py:925} INFO - DAG(s) 'example_trigger_target_dag' retrieved from /mnt/d/Project/airflow-news/venv/lib/python3.12/site-packages/airflow/example_dags/example_trigger_target_dag.py
[2024-12-23T06:15:31.647+0700] {logging_mixin.py:190} INFO - [2024-12-23T06:15:31.646+0700] {dag.py:3239} INFO - Sync 1 DAGs
[2024-12-23T06:15:31.672+0700] {logging_mixin.py:190} INFO - [2024-12-23T06:15:31.671+0700] {dag.py:4180} INFO - Setting next_dagrun for example_trigger_target_dag to None, run_after=None
[2024-12-23T06:15:31.746+0700] {processor.py:208} INFO - Processing /mnt/d/Project/airflow-news/venv/lib/python3.12/site-packages/airflow/example_dags/example_trigger_target_dag.py took 0.267 seconds
[2024-12-23T06:16:57.470+0700] {processor.py:186} INFO - Started process (PID=5364) to work on /mnt/d/Project/airflow-news/venv/lib/python3.12/site-packages/airflow/example_dags/example_trigger_target_dag.py
[2024-12-23T06:16:57.474+0700] {processor.py:914} INFO - Processing file /mnt/d/Project/airflow-news/venv/lib/python3.12/site-packages/airflow/example_dags/example_trigger_target_dag.py for tasks to queue
[2024-12-23T06:16:57.480+0700] {logging_mixin.py:190} INFO - [2024-12-23T06:16:57.478+0700] {dagbag.py:588} INFO - Filling up the DagBag from /mnt/d/Project/airflow-news/venv/lib/python3.12/site-packages/airflow/example_dags/example_trigger_target_dag.py
[2024-12-23T06:16:57.512+0700] {processor.py:925} INFO - DAG(s) 'example_trigger_target_dag' retrieved from /mnt/d/Project/airflow-news/venv/lib/python3.12/site-packages/airflow/example_dags/example_trigger_target_dag.py
[2024-12-23T06:16:57.555+0700] {logging_mixin.py:190} INFO - [2024-12-23T06:16:57.553+0700] {dag.py:3239} INFO - Sync 1 DAGs
[2024-12-23T06:16:57.579+0700] {logging_mixin.py:190} INFO - [2024-12-23T06:16:57.577+0700] {dag.py:4180} INFO - Setting next_dagrun for example_trigger_target_dag to None, run_after=None
[2024-12-23T06:16:57.674+0700] {processor.py:208} INFO - Processing /mnt/d/Project/airflow-news/venv/lib/python3.12/site-packages/airflow/example_dags/example_trigger_target_dag.py took 0.225 seconds
[2024-12-23T06:17:10.319+0700] {processor.py:186} INFO - Started process (PID=5402) to work on /mnt/d/Project/airflow-news/venv/lib/python3.12/site-packages/airflow/example_dags/example_trigger_target_dag.py
[2024-12-23T06:17:10.322+0700] {processor.py:914} INFO - Processing file /mnt/d/Project/airflow-news/venv/lib/python3.12/site-packages/airflow/example_dags/example_trigger_target_dag.py for tasks to queue
[2024-12-23T06:17:10.327+0700] {logging_mixin.py:190} INFO - [2024-12-23T06:17:10.325+0700] {dagbag.py:588} INFO - Filling up the DagBag from /mnt/d/Project/airflow-news/venv/lib/python3.12/site-packages/airflow/example_dags/example_trigger_target_dag.py
[2024-12-23T06:17:10.426+0700] {processor.py:925} INFO - DAG(s) 'example_trigger_target_dag' retrieved from /mnt/d/Project/airflow-news/venv/lib/python3.12/site-packages/airflow/example_dags/example_trigger_target_dag.py
[2024-12-23T06:17:10.468+0700] {logging_mixin.py:190} INFO - [2024-12-23T06:17:10.467+0700] {dag.py:3239} INFO - Sync 1 DAGs
[2024-12-23T06:17:10.494+0700] {logging_mixin.py:190} INFO - [2024-12-23T06:17:10.493+0700] {dag.py:4180} INFO - Setting next_dagrun for example_trigger_target_dag to None, run_after=None
[2024-12-23T06:17:10.605+0700] {processor.py:208} INFO - Processing /mnt/d/Project/airflow-news/venv/lib/python3.12/site-packages/airflow/example_dags/example_trigger_target_dag.py took 0.311 seconds
[2024-12-23T06:18:28.146+0700] {processor.py:186} INFO - Started process (PID=5624) to work on /mnt/d/Project/airflow-news/venv/lib/python3.12/site-packages/airflow/example_dags/example_trigger_target_dag.py
[2024-12-23T06:18:28.149+0700] {processor.py:914} INFO - Processing file /mnt/d/Project/airflow-news/venv/lib/python3.12/site-packages/airflow/example_dags/example_trigger_target_dag.py for tasks to queue
[2024-12-23T06:18:28.154+0700] {logging_mixin.py:190} INFO - [2024-12-23T06:18:28.152+0700] {dagbag.py:588} INFO - Filling up the DagBag from /mnt/d/Project/airflow-news/venv/lib/python3.12/site-packages/airflow/example_dags/example_trigger_target_dag.py
[2024-12-23T06:18:28.196+0700] {processor.py:925} INFO - DAG(s) 'example_trigger_target_dag' retrieved from /mnt/d/Project/airflow-news/venv/lib/python3.12/site-packages/airflow/example_dags/example_trigger_target_dag.py
[2024-12-23T06:18:28.250+0700] {logging_mixin.py:190} INFO - [2024-12-23T06:18:28.249+0700] {dag.py:3239} INFO - Sync 1 DAGs
[2024-12-23T06:18:28.276+0700] {logging_mixin.py:190} INFO - [2024-12-23T06:18:28.274+0700] {dag.py:4180} INFO - Setting next_dagrun for example_trigger_target_dag to None, run_after=None
[2024-12-23T06:18:28.389+0700] {processor.py:208} INFO - Processing /mnt/d/Project/airflow-news/venv/lib/python3.12/site-packages/airflow/example_dags/example_trigger_target_dag.py took 0.262 seconds
[2024-12-23T06:18:37.942+0700] {processor.py:186} INFO - Started process (PID=5651) to work on /mnt/d/Project/airflow-news/venv/lib/python3.12/site-packages/airflow/example_dags/example_trigger_target_dag.py
[2024-12-23T06:18:37.944+0700] {processor.py:914} INFO - Processing file /mnt/d/Project/airflow-news/venv/lib/python3.12/site-packages/airflow/example_dags/example_trigger_target_dag.py for tasks to queue
[2024-12-23T06:18:37.950+0700] {logging_mixin.py:190} INFO - [2024-12-23T06:18:37.948+0700] {dagbag.py:588} INFO - Filling up the DagBag from /mnt/d/Project/airflow-news/venv/lib/python3.12/site-packages/airflow/example_dags/example_trigger_target_dag.py
[2024-12-23T06:18:38.030+0700] {processor.py:925} INFO - DAG(s) 'example_trigger_target_dag' retrieved from /mnt/d/Project/airflow-news/venv/lib/python3.12/site-packages/airflow/example_dags/example_trigger_target_dag.py
[2024-12-23T06:18:38.064+0700] {logging_mixin.py:190} INFO - [2024-12-23T06:18:38.063+0700] {dag.py:3239} INFO - Sync 1 DAGs
[2024-12-23T06:18:38.084+0700] {logging_mixin.py:190} INFO - [2024-12-23T06:18:38.083+0700] {dag.py:4180} INFO - Setting next_dagrun for example_trigger_target_dag to None, run_after=None
[2024-12-23T06:18:38.157+0700] {processor.py:208} INFO - Processing /mnt/d/Project/airflow-news/venv/lib/python3.12/site-packages/airflow/example_dags/example_trigger_target_dag.py took 0.238 seconds
[2024-12-23T06:19:56.262+0700] {processor.py:186} INFO - Started process (PID=5876) to work on /mnt/d/Project/airflow-news/venv/lib/python3.12/site-packages/airflow/example_dags/example_trigger_target_dag.py
[2024-12-23T06:19:56.265+0700] {processor.py:914} INFO - Processing file /mnt/d/Project/airflow-news/venv/lib/python3.12/site-packages/airflow/example_dags/example_trigger_target_dag.py for tasks to queue
[2024-12-23T06:19:56.270+0700] {logging_mixin.py:190} INFO - [2024-12-23T06:19:56.268+0700] {dagbag.py:588} INFO - Filling up the DagBag from /mnt/d/Project/airflow-news/venv/lib/python3.12/site-packages/airflow/example_dags/example_trigger_target_dag.py
[2024-12-23T06:19:56.307+0700] {processor.py:925} INFO - DAG(s) 'example_trigger_target_dag' retrieved from /mnt/d/Project/airflow-news/venv/lib/python3.12/site-packages/airflow/example_dags/example_trigger_target_dag.py
[2024-12-23T06:19:56.354+0700] {logging_mixin.py:190} INFO - [2024-12-23T06:19:56.352+0700] {dag.py:3239} INFO - Sync 1 DAGs
[2024-12-23T06:19:56.378+0700] {logging_mixin.py:190} INFO - [2024-12-23T06:19:56.377+0700] {dag.py:4180} INFO - Setting next_dagrun for example_trigger_target_dag to None, run_after=None
[2024-12-23T06:19:56.471+0700] {processor.py:208} INFO - Processing /mnt/d/Project/airflow-news/venv/lib/python3.12/site-packages/airflow/example_dags/example_trigger_target_dag.py took 0.229 seconds
[2024-12-23T06:20:30.473+0700] {processor.py:186} INFO - Started process (PID=5981) to work on /mnt/d/Project/airflow-news/venv/lib/python3.12/site-packages/airflow/example_dags/example_trigger_target_dag.py
[2024-12-23T06:20:30.475+0700] {processor.py:914} INFO - Processing file /mnt/d/Project/airflow-news/venv/lib/python3.12/site-packages/airflow/example_dags/example_trigger_target_dag.py for tasks to queue
[2024-12-23T06:20:30.481+0700] {logging_mixin.py:190} INFO - [2024-12-23T06:20:30.479+0700] {dagbag.py:588} INFO - Filling up the DagBag from /mnt/d/Project/airflow-news/venv/lib/python3.12/site-packages/airflow/example_dags/example_trigger_target_dag.py
[2024-12-23T06:20:30.613+0700] {processor.py:925} INFO - DAG(s) 'example_trigger_target_dag' retrieved from /mnt/d/Project/airflow-news/venv/lib/python3.12/site-packages/airflow/example_dags/example_trigger_target_dag.py
[2024-12-23T06:20:30.659+0700] {logging_mixin.py:190} INFO - [2024-12-23T06:20:30.657+0700] {dag.py:3239} INFO - Sync 1 DAGs
[2024-12-23T06:20:30.681+0700] {logging_mixin.py:190} INFO - [2024-12-23T06:20:30.679+0700] {dag.py:4180} INFO - Setting next_dagrun for example_trigger_target_dag to None, run_after=None
[2024-12-23T06:20:30.795+0700] {processor.py:208} INFO - Processing /mnt/d/Project/airflow-news/venv/lib/python3.12/site-packages/airflow/example_dags/example_trigger_target_dag.py took 0.348 seconds
[2024-12-23T06:22:31.509+0700] {processor.py:186} INFO - Started process (PID=6298) to work on /mnt/d/Project/airflow-news/venv/lib/python3.12/site-packages/airflow/example_dags/example_trigger_target_dag.py
[2024-12-23T06:22:31.511+0700] {processor.py:914} INFO - Processing file /mnt/d/Project/airflow-news/venv/lib/python3.12/site-packages/airflow/example_dags/example_trigger_target_dag.py for tasks to queue
[2024-12-23T06:22:31.516+0700] {logging_mixin.py:190} INFO - [2024-12-23T06:22:31.515+0700] {dagbag.py:588} INFO - Filling up the DagBag from /mnt/d/Project/airflow-news/venv/lib/python3.12/site-packages/airflow/example_dags/example_trigger_target_dag.py
[2024-12-23T06:22:31.630+0700] {processor.py:925} INFO - DAG(s) 'example_trigger_target_dag' retrieved from /mnt/d/Project/airflow-news/venv/lib/python3.12/site-packages/airflow/example_dags/example_trigger_target_dag.py
[2024-12-23T06:22:31.676+0700] {logging_mixin.py:190} INFO - [2024-12-23T06:22:31.674+0700] {dag.py:3239} INFO - Sync 1 DAGs
[2024-12-23T06:22:31.701+0700] {logging_mixin.py:190} INFO - [2024-12-23T06:22:31.699+0700] {dag.py:4180} INFO - Setting next_dagrun for example_trigger_target_dag to None, run_after=None
[2024-12-23T06:22:31.822+0700] {processor.py:208} INFO - Processing /mnt/d/Project/airflow-news/venv/lib/python3.12/site-packages/airflow/example_dags/example_trigger_target_dag.py took 0.337 seconds
[2024-12-23T06:22:33.141+0700] {processor.py:186} INFO - Started process (PID=6299) to work on /mnt/d/Project/airflow-news/venv/lib/python3.12/site-packages/airflow/example_dags/example_trigger_target_dag.py
[2024-12-23T06:22:33.143+0700] {processor.py:914} INFO - Processing file /mnt/d/Project/airflow-news/venv/lib/python3.12/site-packages/airflow/example_dags/example_trigger_target_dag.py for tasks to queue
[2024-12-23T06:22:33.149+0700] {logging_mixin.py:190} INFO - [2024-12-23T06:22:33.148+0700] {dagbag.py:588} INFO - Filling up the DagBag from /mnt/d/Project/airflow-news/venv/lib/python3.12/site-packages/airflow/example_dags/example_trigger_target_dag.py
[2024-12-23T06:22:31.547+0700] {processor.py:925} INFO - DAG(s) 'example_trigger_target_dag' retrieved from /mnt/d/Project/airflow-news/venv/lib/python3.12/site-packages/airflow/example_dags/example_trigger_target_dag.py
[2024-12-23T06:22:31.713+0700] {logging_mixin.py:190} INFO - [2024-12-23T06:22:31.711+0700] {dag.py:3239} INFO - Sync 1 DAGs
[2024-12-23T06:22:31.735+0700] {logging_mixin.py:190} INFO - [2024-12-23T06:22:31.734+0700] {dag.py:4180} INFO - Setting next_dagrun for example_trigger_target_dag to None, run_after=None
[2024-12-23T06:22:31.817+0700] {processor.py:208} INFO - Processing /mnt/d/Project/airflow-news/venv/lib/python3.12/site-packages/airflow/example_dags/example_trigger_target_dag.py took 0.385 seconds
[2024-12-23T06:23:33.488+0700] {processor.py:186} INFO - Started process (PID=6483) to work on /mnt/d/Project/airflow-news/venv/lib/python3.12/site-packages/airflow/example_dags/example_trigger_target_dag.py
[2024-12-23T06:23:33.491+0700] {processor.py:914} INFO - Processing file /mnt/d/Project/airflow-news/venv/lib/python3.12/site-packages/airflow/example_dags/example_trigger_target_dag.py for tasks to queue
[2024-12-23T06:23:33.497+0700] {logging_mixin.py:190} INFO - [2024-12-23T06:23:33.495+0700] {dagbag.py:588} INFO - Filling up the DagBag from /mnt/d/Project/airflow-news/venv/lib/python3.12/site-packages/airflow/example_dags/example_trigger_target_dag.py
[2024-12-23T06:23:33.632+0700] {processor.py:925} INFO - DAG(s) 'example_trigger_target_dag' retrieved from /mnt/d/Project/airflow-news/venv/lib/python3.12/site-packages/airflow/example_dags/example_trigger_target_dag.py
[2024-12-23T06:23:33.678+0700] {logging_mixin.py:190} INFO - [2024-12-23T06:23:33.676+0700] {dag.py:3239} INFO - Sync 1 DAGs
[2024-12-23T06:23:33.705+0700] {logging_mixin.py:190} INFO - [2024-12-23T06:23:33.703+0700] {dag.py:4180} INFO - Setting next_dagrun for example_trigger_target_dag to None, run_after=None
[2024-12-23T06:23:33.801+0700] {processor.py:208} INFO - Processing /mnt/d/Project/airflow-news/venv/lib/python3.12/site-packages/airflow/example_dags/example_trigger_target_dag.py took 0.347 seconds
[2024-12-23T06:23:53.634+0700] {processor.py:186} INFO - Started process (PID=6556) to work on /mnt/d/Project/airflow-news/venv/lib/python3.12/site-packages/airflow/example_dags/example_trigger_target_dag.py
[2024-12-23T06:23:53.637+0700] {processor.py:914} INFO - Processing file /mnt/d/Project/airflow-news/venv/lib/python3.12/site-packages/airflow/example_dags/example_trigger_target_dag.py for tasks to queue
[2024-12-23T06:23:53.642+0700] {logging_mixin.py:190} INFO - [2024-12-23T06:23:53.640+0700] {dagbag.py:588} INFO - Filling up the DagBag from /mnt/d/Project/airflow-news/venv/lib/python3.12/site-packages/airflow/example_dags/example_trigger_target_dag.py
[2024-12-23T06:23:53.725+0700] {processor.py:925} INFO - DAG(s) 'example_trigger_target_dag' retrieved from /mnt/d/Project/airflow-news/venv/lib/python3.12/site-packages/airflow/example_dags/example_trigger_target_dag.py
[2024-12-23T06:23:53.760+0700] {logging_mixin.py:190} INFO - [2024-12-23T06:23:53.758+0700] {dag.py:3239} INFO - Sync 1 DAGs
[2024-12-23T06:23:53.777+0700] {logging_mixin.py:190} INFO - [2024-12-23T06:23:53.776+0700] {dag.py:4180} INFO - Setting next_dagrun for example_trigger_target_dag to None, run_after=None
[2024-12-23T06:23:53.847+0700] {processor.py:208} INFO - Processing /mnt/d/Project/airflow-news/venv/lib/python3.12/site-packages/airflow/example_dags/example_trigger_target_dag.py took 0.227 seconds
[2024-12-23T06:25:17.309+0700] {processor.py:186} INFO - Started process (PID=6831) to work on /mnt/d/Project/airflow-news/venv/lib/python3.12/site-packages/airflow/example_dags/example_trigger_target_dag.py
[2024-12-23T06:25:17.312+0700] {processor.py:914} INFO - Processing file /mnt/d/Project/airflow-news/venv/lib/python3.12/site-packages/airflow/example_dags/example_trigger_target_dag.py for tasks to queue
[2024-12-23T06:25:17.317+0700] {logging_mixin.py:190} INFO - [2024-12-23T06:25:17.316+0700] {dagbag.py:588} INFO - Filling up the DagBag from /mnt/d/Project/airflow-news/venv/lib/python3.12/site-packages/airflow/example_dags/example_trigger_target_dag.py
[2024-12-23T06:25:17.410+0700] {processor.py:925} INFO - DAG(s) 'example_trigger_target_dag' retrieved from /mnt/d/Project/airflow-news/venv/lib/python3.12/site-packages/airflow/example_dags/example_trigger_target_dag.py
[2024-12-23T06:25:17.443+0700] {logging_mixin.py:190} INFO - [2024-12-23T06:25:17.442+0700] {dag.py:3239} INFO - Sync 1 DAGs
[2024-12-23T06:25:17.462+0700] {logging_mixin.py:190} INFO - [2024-12-23T06:25:17.461+0700] {dag.py:4180} INFO - Setting next_dagrun for example_trigger_target_dag to None, run_after=None
[2024-12-23T06:25:17.536+0700] {processor.py:208} INFO - Processing /mnt/d/Project/airflow-news/venv/lib/python3.12/site-packages/airflow/example_dags/example_trigger_target_dag.py took 0.248 seconds
[2024-12-23T06:25:19.088+0700] {processor.py:186} INFO - Started process (PID=6835) to work on /mnt/d/Project/airflow-news/venv/lib/python3.12/site-packages/airflow/example_dags/example_trigger_target_dag.py
[2024-12-23T06:25:19.091+0700] {processor.py:914} INFO - Processing file /mnt/d/Project/airflow-news/venv/lib/python3.12/site-packages/airflow/example_dags/example_trigger_target_dag.py for tasks to queue
[2024-12-23T06:25:19.095+0700] {logging_mixin.py:190} INFO - [2024-12-23T06:25:19.094+0700] {dagbag.py:588} INFO - Filling up the DagBag from /mnt/d/Project/airflow-news/venv/lib/python3.12/site-packages/airflow/example_dags/example_trigger_target_dag.py
[2024-12-23T06:25:19.187+0700] {processor.py:925} INFO - DAG(s) 'example_trigger_target_dag' retrieved from /mnt/d/Project/airflow-news/venv/lib/python3.12/site-packages/airflow/example_dags/example_trigger_target_dag.py
[2024-12-23T06:25:19.227+0700] {logging_mixin.py:190} INFO - [2024-12-23T06:25:19.225+0700] {dag.py:3239} INFO - Sync 1 DAGs
[2024-12-23T06:25:19.247+0700] {logging_mixin.py:190} INFO - [2024-12-23T06:25:19.246+0700] {dag.py:4180} INFO - Setting next_dagrun for example_trigger_target_dag to None, run_after=None
[2024-12-23T06:25:19.322+0700] {processor.py:208} INFO - Processing /mnt/d/Project/airflow-news/venv/lib/python3.12/site-packages/airflow/example_dags/example_trigger_target_dag.py took 0.249 seconds
[2024-12-23T06:26:08.709+0700] {processor.py:186} INFO - Started process (PID=6976) to work on /mnt/d/Project/airflow-news/venv/lib/python3.12/site-packages/airflow/example_dags/example_trigger_target_dag.py
[2024-12-23T06:26:08.712+0700] {processor.py:914} INFO - Processing file /mnt/d/Project/airflow-news/venv/lib/python3.12/site-packages/airflow/example_dags/example_trigger_target_dag.py for tasks to queue
[2024-12-23T06:26:08.718+0700] {logging_mixin.py:190} INFO - [2024-12-23T06:26:08.716+0700] {dagbag.py:588} INFO - Filling up the DagBag from /mnt/d/Project/airflow-news/venv/lib/python3.12/site-packages/airflow/example_dags/example_trigger_target_dag.py
[2024-12-23T06:26:08.802+0700] {processor.py:925} INFO - DAG(s) 'example_trigger_target_dag' retrieved from /mnt/d/Project/airflow-news/venv/lib/python3.12/site-packages/airflow/example_dags/example_trigger_target_dag.py
[2024-12-23T06:26:08.836+0700] {logging_mixin.py:190} INFO - [2024-12-23T06:26:08.834+0700] {dag.py:3239} INFO - Sync 1 DAGs
[2024-12-23T06:26:08.856+0700] {logging_mixin.py:190} INFO - [2024-12-23T06:26:08.854+0700] {dag.py:4180} INFO - Setting next_dagrun for example_trigger_target_dag to None, run_after=None
[2024-12-23T06:26:08.930+0700] {processor.py:208} INFO - Processing /mnt/d/Project/airflow-news/venv/lib/python3.12/site-packages/airflow/example_dags/example_trigger_target_dag.py took 0.235 seconds
[2024-12-23T06:27:05.695+0700] {processor.py:186} INFO - Started process (PID=7147) to work on /mnt/d/Project/airflow-news/venv/lib/python3.12/site-packages/airflow/example_dags/example_trigger_target_dag.py
[2024-12-23T06:27:05.697+0700] {processor.py:914} INFO - Processing file /mnt/d/Project/airflow-news/venv/lib/python3.12/site-packages/airflow/example_dags/example_trigger_target_dag.py for tasks to queue
[2024-12-23T06:27:05.702+0700] {logging_mixin.py:190} INFO - [2024-12-23T06:27:05.700+0700] {dagbag.py:588} INFO - Filling up the DagBag from /mnt/d/Project/airflow-news/venv/lib/python3.12/site-packages/airflow/example_dags/example_trigger_target_dag.py
[2024-12-23T06:27:05.785+0700] {processor.py:925} INFO - DAG(s) 'example_trigger_target_dag' retrieved from /mnt/d/Project/airflow-news/venv/lib/python3.12/site-packages/airflow/example_dags/example_trigger_target_dag.py
[2024-12-23T06:27:05.818+0700] {logging_mixin.py:190} INFO - [2024-12-23T06:27:05.816+0700] {dag.py:3239} INFO - Sync 1 DAGs
[2024-12-23T06:27:05.837+0700] {logging_mixin.py:190} INFO - [2024-12-23T06:27:05.835+0700] {dag.py:4180} INFO - Setting next_dagrun for example_trigger_target_dag to None, run_after=None
[2024-12-23T06:27:05.910+0700] {processor.py:208} INFO - Processing /mnt/d/Project/airflow-news/venv/lib/python3.12/site-packages/airflow/example_dags/example_trigger_target_dag.py took 0.237 seconds
[2024-12-23T06:27:44.259+0700] {processor.py:186} INFO - Started process (PID=7265) to work on /mnt/d/Project/airflow-news/venv/lib/python3.12/site-packages/airflow/example_dags/example_trigger_target_dag.py
[2024-12-23T06:27:44.261+0700] {processor.py:914} INFO - Processing file /mnt/d/Project/airflow-news/venv/lib/python3.12/site-packages/airflow/example_dags/example_trigger_target_dag.py for tasks to queue
[2024-12-23T06:27:44.266+0700] {logging_mixin.py:190} INFO - [2024-12-23T06:27:44.264+0700] {dagbag.py:588} INFO - Filling up the DagBag from /mnt/d/Project/airflow-news/venv/lib/python3.12/site-packages/airflow/example_dags/example_trigger_target_dag.py
[2024-12-23T06:27:44.350+0700] {processor.py:925} INFO - DAG(s) 'example_trigger_target_dag' retrieved from /mnt/d/Project/airflow-news/venv/lib/python3.12/site-packages/airflow/example_dags/example_trigger_target_dag.py
[2024-12-23T06:27:44.383+0700] {logging_mixin.py:190} INFO - [2024-12-23T06:27:44.382+0700] {dag.py:3239} INFO - Sync 1 DAGs
[2024-12-23T06:27:44.402+0700] {logging_mixin.py:190} INFO - [2024-12-23T06:27:44.401+0700] {dag.py:4180} INFO - Setting next_dagrun for example_trigger_target_dag to None, run_after=None
[2024-12-23T06:27:44.483+0700] {processor.py:208} INFO - Processing /mnt/d/Project/airflow-news/venv/lib/python3.12/site-packages/airflow/example_dags/example_trigger_target_dag.py took 0.238 seconds
[2024-12-23T06:28:52.067+0700] {processor.py:186} INFO - Started process (PID=7466) to work on /mnt/d/Project/airflow-news/venv/lib/python3.12/site-packages/airflow/example_dags/example_trigger_target_dag.py
[2024-12-23T06:28:52.069+0700] {processor.py:914} INFO - Processing file /mnt/d/Project/airflow-news/venv/lib/python3.12/site-packages/airflow/example_dags/example_trigger_target_dag.py for tasks to queue
[2024-12-23T06:28:52.073+0700] {logging_mixin.py:190} INFO - [2024-12-23T06:28:52.072+0700] {dagbag.py:588} INFO - Filling up the DagBag from /mnt/d/Project/airflow-news/venv/lib/python3.12/site-packages/airflow/example_dags/example_trigger_target_dag.py
[2024-12-23T06:28:52.167+0700] {processor.py:925} INFO - DAG(s) 'example_trigger_target_dag' retrieved from /mnt/d/Project/airflow-news/venv/lib/python3.12/site-packages/airflow/example_dags/example_trigger_target_dag.py
[2024-12-23T06:28:52.201+0700] {logging_mixin.py:190} INFO - [2024-12-23T06:28:52.199+0700] {dag.py:3239} INFO - Sync 1 DAGs
[2024-12-23T06:28:52.223+0700] {logging_mixin.py:190} INFO - [2024-12-23T06:28:52.222+0700] {dag.py:4180} INFO - Setting next_dagrun for example_trigger_target_dag to None, run_after=None
[2024-12-23T06:28:52.298+0700] {processor.py:208} INFO - Processing /mnt/d/Project/airflow-news/venv/lib/python3.12/site-packages/airflow/example_dags/example_trigger_target_dag.py took 0.253 seconds
[2024-12-23T06:29:18.414+0700] {processor.py:186} INFO - Started process (PID=7529) to work on /mnt/d/Project/airflow-news/venv/lib/python3.12/site-packages/airflow/example_dags/example_trigger_target_dag.py
[2024-12-23T06:29:18.417+0700] {processor.py:914} INFO - Processing file /mnt/d/Project/airflow-news/venv/lib/python3.12/site-packages/airflow/example_dags/example_trigger_target_dag.py for tasks to queue
[2024-12-23T06:29:18.422+0700] {logging_mixin.py:190} INFO - [2024-12-23T06:29:18.420+0700] {dagbag.py:588} INFO - Filling up the DagBag from /mnt/d/Project/airflow-news/venv/lib/python3.12/site-packages/airflow/example_dags/example_trigger_target_dag.py
[2024-12-23T06:29:18.517+0700] {processor.py:925} INFO - DAG(s) 'example_trigger_target_dag' retrieved from /mnt/d/Project/airflow-news/venv/lib/python3.12/site-packages/airflow/example_dags/example_trigger_target_dag.py
[2024-12-23T06:29:18.559+0700] {logging_mixin.py:190} INFO - [2024-12-23T06:29:18.557+0700] {dag.py:3239} INFO - Sync 1 DAGs
[2024-12-23T06:29:18.581+0700] {logging_mixin.py:190} INFO - [2024-12-23T06:29:18.579+0700] {dag.py:4180} INFO - Setting next_dagrun for example_trigger_target_dag to None, run_after=None
[2024-12-23T06:29:18.660+0700] {processor.py:208} INFO - Processing /mnt/d/Project/airflow-news/venv/lib/python3.12/site-packages/airflow/example_dags/example_trigger_target_dag.py took 0.262 seconds
[2024-12-23T06:30:39.601+0700] {processor.py:186} INFO - Started process (PID=7780) to work on /mnt/d/Project/airflow-news/venv/lib/python3.12/site-packages/airflow/example_dags/example_trigger_target_dag.py
[2024-12-23T06:30:39.603+0700] {processor.py:914} INFO - Processing file /mnt/d/Project/airflow-news/venv/lib/python3.12/site-packages/airflow/example_dags/example_trigger_target_dag.py for tasks to queue
[2024-12-23T06:30:39.608+0700] {logging_mixin.py:190} INFO - [2024-12-23T06:30:39.606+0700] {dagbag.py:588} INFO - Filling up the DagBag from /mnt/d/Project/airflow-news/venv/lib/python3.12/site-packages/airflow/example_dags/example_trigger_target_dag.py
[2024-12-23T06:30:39.698+0700] {processor.py:925} INFO - DAG(s) 'example_trigger_target_dag' retrieved from /mnt/d/Project/airflow-news/venv/lib/python3.12/site-packages/airflow/example_dags/example_trigger_target_dag.py
[2024-12-23T06:30:39.735+0700] {logging_mixin.py:190} INFO - [2024-12-23T06:30:39.734+0700] {dag.py:3239} INFO - Sync 1 DAGs
[2024-12-23T06:30:39.757+0700] {logging_mixin.py:190} INFO - [2024-12-23T06:30:39.755+0700] {dag.py:4180} INFO - Setting next_dagrun for example_trigger_target_dag to None, run_after=None
[2024-12-23T06:30:39.825+0700] {processor.py:208} INFO - Processing /mnt/d/Project/airflow-news/venv/lib/python3.12/site-packages/airflow/example_dags/example_trigger_target_dag.py took 0.247 seconds
[2024-12-23T06:30:45.341+0700] {processor.py:186} INFO - Started process (PID=7798) to work on /mnt/d/Project/airflow-news/venv/lib/python3.12/site-packages/airflow/example_dags/example_trigger_target_dag.py
[2024-12-23T06:30:45.343+0700] {processor.py:914} INFO - Processing file /mnt/d/Project/airflow-news/venv/lib/python3.12/site-packages/airflow/example_dags/example_trigger_target_dag.py for tasks to queue
[2024-12-23T06:30:45.348+0700] {logging_mixin.py:190} INFO - [2024-12-23T06:30:45.346+0700] {dagbag.py:588} INFO - Filling up the DagBag from /mnt/d/Project/airflow-news/venv/lib/python3.12/site-packages/airflow/example_dags/example_trigger_target_dag.py
[2024-12-23T06:30:45.443+0700] {processor.py:925} INFO - DAG(s) 'example_trigger_target_dag' retrieved from /mnt/d/Project/airflow-news/venv/lib/python3.12/site-packages/airflow/example_dags/example_trigger_target_dag.py
[2024-12-23T06:30:45.487+0700] {logging_mixin.py:190} INFO - [2024-12-23T06:30:45.486+0700] {dag.py:3239} INFO - Sync 1 DAGs
[2024-12-23T06:30:45.508+0700] {logging_mixin.py:190} INFO - [2024-12-23T06:30:45.507+0700] {dag.py:4180} INFO - Setting next_dagrun for example_trigger_target_dag to None, run_after=None
[2024-12-23T06:30:45.582+0700] {processor.py:208} INFO - Processing /mnt/d/Project/airflow-news/venv/lib/python3.12/site-packages/airflow/example_dags/example_trigger_target_dag.py took 0.256 seconds
[2024-12-23T06:32:20.708+0700] {processor.py:186} INFO - Started process (PID=8075) to work on /mnt/d/Project/airflow-news/venv/lib/python3.12/site-packages/airflow/example_dags/example_trigger_target_dag.py
[2024-12-23T06:32:20.710+0700] {processor.py:914} INFO - Processing file /mnt/d/Project/airflow-news/venv/lib/python3.12/site-packages/airflow/example_dags/example_trigger_target_dag.py for tasks to queue
[2024-12-23T06:32:20.715+0700] {logging_mixin.py:190} INFO - [2024-12-23T06:32:20.713+0700] {dagbag.py:588} INFO - Filling up the DagBag from /mnt/d/Project/airflow-news/venv/lib/python3.12/site-packages/airflow/example_dags/example_trigger_target_dag.py
[2024-12-23T06:32:20.803+0700] {processor.py:925} INFO - DAG(s) 'example_trigger_target_dag' retrieved from /mnt/d/Project/airflow-news/venv/lib/python3.12/site-packages/airflow/example_dags/example_trigger_target_dag.py
[2024-12-23T06:32:20.837+0700] {logging_mixin.py:190} INFO - [2024-12-23T06:32:20.836+0700] {dag.py:3239} INFO - Sync 1 DAGs
[2024-12-23T06:32:20.858+0700] {logging_mixin.py:190} INFO - [2024-12-23T06:32:20.857+0700] {dag.py:4180} INFO - Setting next_dagrun for example_trigger_target_dag to None, run_after=None
[2024-12-23T06:32:20.933+0700] {processor.py:208} INFO - Processing /mnt/d/Project/airflow-news/venv/lib/python3.12/site-packages/airflow/example_dags/example_trigger_target_dag.py took 0.239 seconds
[2024-12-23T06:32:26.282+0700] {processor.py:186} INFO - Started process (PID=8090) to work on /mnt/d/Project/airflow-news/venv/lib/python3.12/site-packages/airflow/example_dags/example_trigger_target_dag.py
[2024-12-23T06:32:26.285+0700] {processor.py:914} INFO - Processing file /mnt/d/Project/airflow-news/venv/lib/python3.12/site-packages/airflow/example_dags/example_trigger_target_dag.py for tasks to queue
[2024-12-23T06:32:26.289+0700] {logging_mixin.py:190} INFO - [2024-12-23T06:32:26.288+0700] {dagbag.py:588} INFO - Filling up the DagBag from /mnt/d/Project/airflow-news/venv/lib/python3.12/site-packages/airflow/example_dags/example_trigger_target_dag.py
[2024-12-23T06:32:26.343+0700] {processor.py:925} INFO - DAG(s) 'example_trigger_target_dag' retrieved from /mnt/d/Project/airflow-news/venv/lib/python3.12/site-packages/airflow/example_dags/example_trigger_target_dag.py
[2024-12-23T06:32:26.385+0700] {logging_mixin.py:190} INFO - [2024-12-23T06:32:26.384+0700] {dag.py:3239} INFO - Sync 1 DAGs
[2024-12-23T06:32:26.417+0700] {logging_mixin.py:190} INFO - [2024-12-23T06:32:26.415+0700] {dag.py:4180} INFO - Setting next_dagrun for example_trigger_target_dag to None, run_after=None
[2024-12-23T06:32:26.539+0700] {processor.py:208} INFO - Processing /mnt/d/Project/airflow-news/venv/lib/python3.12/site-packages/airflow/example_dags/example_trigger_target_dag.py took 0.277 seconds
[2024-12-23T06:33:53.401+0700] {processor.py:186} INFO - Started process (PID=8370) to work on /mnt/d/Project/airflow-news/venv/lib/python3.12/site-packages/airflow/example_dags/example_trigger_target_dag.py
[2024-12-23T06:33:53.403+0700] {processor.py:914} INFO - Processing file /mnt/d/Project/airflow-news/venv/lib/python3.12/site-packages/airflow/example_dags/example_trigger_target_dag.py for tasks to queue
[2024-12-23T06:33:53.410+0700] {logging_mixin.py:190} INFO - [2024-12-23T06:33:53.408+0700] {dagbag.py:588} INFO - Filling up the DagBag from /mnt/d/Project/airflow-news/venv/lib/python3.12/site-packages/airflow/example_dags/example_trigger_target_dag.py
[2024-12-23T06:33:53.514+0700] {processor.py:925} INFO - DAG(s) 'example_trigger_target_dag' retrieved from /mnt/d/Project/airflow-news/venv/lib/python3.12/site-packages/airflow/example_dags/example_trigger_target_dag.py
[2024-12-23T06:33:53.556+0700] {logging_mixin.py:190} INFO - [2024-12-23T06:33:53.554+0700] {dag.py:3239} INFO - Sync 1 DAGs
[2024-12-23T06:33:53.578+0700] {logging_mixin.py:190} INFO - [2024-12-23T06:33:53.577+0700] {dag.py:4180} INFO - Setting next_dagrun for example_trigger_target_dag to None, run_after=None
[2024-12-23T06:33:53.664+0700] {processor.py:208} INFO - Processing /mnt/d/Project/airflow-news/venv/lib/python3.12/site-packages/airflow/example_dags/example_trigger_target_dag.py took 0.280 seconds
[2024-12-23T06:34:14.479+0700] {processor.py:186} INFO - Started process (PID=8421) to work on /mnt/d/Project/airflow-news/venv/lib/python3.12/site-packages/airflow/example_dags/example_trigger_target_dag.py
[2024-12-23T06:34:14.480+0700] {processor.py:914} INFO - Processing file /mnt/d/Project/airflow-news/venv/lib/python3.12/site-packages/airflow/example_dags/example_trigger_target_dag.py for tasks to queue
[2024-12-23T06:34:14.486+0700] {logging_mixin.py:190} INFO - [2024-12-23T06:34:14.484+0700] {dagbag.py:588} INFO - Filling up the DagBag from /mnt/d/Project/airflow-news/venv/lib/python3.12/site-packages/airflow/example_dags/example_trigger_target_dag.py
[2024-12-23T06:34:14.570+0700] {processor.py:925} INFO - DAG(s) 'example_trigger_target_dag' retrieved from /mnt/d/Project/airflow-news/venv/lib/python3.12/site-packages/airflow/example_dags/example_trigger_target_dag.py
[2024-12-23T06:34:14.603+0700] {logging_mixin.py:190} INFO - [2024-12-23T06:34:14.601+0700] {dag.py:3239} INFO - Sync 1 DAGs
[2024-12-23T06:34:14.621+0700] {logging_mixin.py:190} INFO - [2024-12-23T06:34:14.620+0700] {dag.py:4180} INFO - Setting next_dagrun for example_trigger_target_dag to None, run_after=None
[2024-12-23T06:34:14.692+0700] {processor.py:208} INFO - Processing /mnt/d/Project/airflow-news/venv/lib/python3.12/site-packages/airflow/example_dags/example_trigger_target_dag.py took 0.234 seconds
[2024-12-23T06:34:44.658+0700] {processor.py:186} INFO - Started process (PID=8507) to work on /mnt/d/Project/airflow-news/venv/lib/python3.12/site-packages/airflow/example_dags/example_trigger_target_dag.py
[2024-12-23T06:34:44.660+0700] {processor.py:914} INFO - Processing file /mnt/d/Project/airflow-news/venv/lib/python3.12/site-packages/airflow/example_dags/example_trigger_target_dag.py for tasks to queue
[2024-12-23T06:34:44.666+0700] {logging_mixin.py:190} INFO - [2024-12-23T06:34:44.664+0700] {dagbag.py:588} INFO - Filling up the DagBag from /mnt/d/Project/airflow-news/venv/lib/python3.12/site-packages/airflow/example_dags/example_trigger_target_dag.py
[2024-12-23T06:34:44.769+0700] {processor.py:925} INFO - DAG(s) 'example_trigger_target_dag' retrieved from /mnt/d/Project/airflow-news/venv/lib/python3.12/site-packages/airflow/example_dags/example_trigger_target_dag.py
[2024-12-23T06:34:44.808+0700] {logging_mixin.py:190} INFO - [2024-12-23T06:34:44.806+0700] {dag.py:3239} INFO - Sync 1 DAGs
[2024-12-23T06:34:44.829+0700] {logging_mixin.py:190} INFO - [2024-12-23T06:34:44.828+0700] {dag.py:4180} INFO - Setting next_dagrun for example_trigger_target_dag to None, run_after=None
[2024-12-23T06:34:44.913+0700] {processor.py:208} INFO - Processing /mnt/d/Project/airflow-news/venv/lib/python3.12/site-packages/airflow/example_dags/example_trigger_target_dag.py took 0.271 seconds
[2024-12-23T06:35:47.248+0700] {processor.py:186} INFO - Started process (PID=8694) to work on /mnt/d/Project/airflow-news/venv/lib/python3.12/site-packages/airflow/example_dags/example_trigger_target_dag.py
[2024-12-23T06:35:47.249+0700] {processor.py:914} INFO - Processing file /mnt/d/Project/airflow-news/venv/lib/python3.12/site-packages/airflow/example_dags/example_trigger_target_dag.py for tasks to queue
[2024-12-23T06:35:47.255+0700] {logging_mixin.py:190} INFO - [2024-12-23T06:35:47.253+0700] {dagbag.py:588} INFO - Filling up the DagBag from /mnt/d/Project/airflow-news/venv/lib/python3.12/site-packages/airflow/example_dags/example_trigger_target_dag.py
[2024-12-23T06:35:47.364+0700] {processor.py:925} INFO - DAG(s) 'example_trigger_target_dag' retrieved from /mnt/d/Project/airflow-news/venv/lib/python3.12/site-packages/airflow/example_dags/example_trigger_target_dag.py
[2024-12-23T06:35:47.412+0700] {logging_mixin.py:190} INFO - [2024-12-23T06:35:47.410+0700] {dag.py:3239} INFO - Sync 1 DAGs
[2024-12-23T06:35:47.432+0700] {logging_mixin.py:190} INFO - [2024-12-23T06:35:47.431+0700] {dag.py:4180} INFO - Setting next_dagrun for example_trigger_target_dag to None, run_after=None
[2024-12-23T06:35:47.514+0700] {processor.py:208} INFO - Processing /mnt/d/Project/airflow-news/venv/lib/python3.12/site-packages/airflow/example_dags/example_trigger_target_dag.py took 0.290 seconds
[2024-12-23T06:36:29.506+0700] {processor.py:186} INFO - Started process (PID=8818) to work on /mnt/d/Project/airflow-news/venv/lib/python3.12/site-packages/airflow/example_dags/example_trigger_target_dag.py
[2024-12-23T06:36:29.509+0700] {processor.py:914} INFO - Processing file /mnt/d/Project/airflow-news/venv/lib/python3.12/site-packages/airflow/example_dags/example_trigger_target_dag.py for tasks to queue
[2024-12-23T06:36:29.515+0700] {logging_mixin.py:190} INFO - [2024-12-23T06:36:29.513+0700] {dagbag.py:588} INFO - Filling up the DagBag from /mnt/d/Project/airflow-news/venv/lib/python3.12/site-packages/airflow/example_dags/example_trigger_target_dag.py
[2024-12-23T06:36:29.607+0700] {processor.py:925} INFO - DAG(s) 'example_trigger_target_dag' retrieved from /mnt/d/Project/airflow-news/venv/lib/python3.12/site-packages/airflow/example_dags/example_trigger_target_dag.py
[2024-12-23T06:36:29.643+0700] {logging_mixin.py:190} INFO - [2024-12-23T06:36:29.642+0700] {dag.py:3239} INFO - Sync 1 DAGs
[2024-12-23T06:36:29.663+0700] {logging_mixin.py:190} INFO - [2024-12-23T06:36:29.662+0700] {dag.py:4180} INFO - Setting next_dagrun for example_trigger_target_dag to None, run_after=None
[2024-12-23T06:36:29.738+0700] {processor.py:208} INFO - Processing /mnt/d/Project/airflow-news/venv/lib/python3.12/site-packages/airflow/example_dags/example_trigger_target_dag.py took 0.248 seconds
[2024-12-23T06:37:34.649+0700] {processor.py:186} INFO - Started process (PID=9021) to work on /mnt/d/Project/airflow-news/venv/lib/python3.12/site-packages/airflow/example_dags/example_trigger_target_dag.py
[2024-12-23T06:37:34.651+0700] {processor.py:914} INFO - Processing file /mnt/d/Project/airflow-news/venv/lib/python3.12/site-packages/airflow/example_dags/example_trigger_target_dag.py for tasks to queue
[2024-12-23T06:37:34.656+0700] {logging_mixin.py:190} INFO - [2024-12-23T06:37:34.654+0700] {dagbag.py:588} INFO - Filling up the DagBag from /mnt/d/Project/airflow-news/venv/lib/python3.12/site-packages/airflow/example_dags/example_trigger_target_dag.py
[2024-12-23T06:37:34.726+0700] {processor.py:925} INFO - DAG(s) 'example_trigger_target_dag' retrieved from /mnt/d/Project/airflow-news/venv/lib/python3.12/site-packages/airflow/example_dags/example_trigger_target_dag.py
[2024-12-23T06:37:34.762+0700] {logging_mixin.py:190} INFO - [2024-12-23T06:37:34.760+0700] {dag.py:3239} INFO - Sync 1 DAGs
[2024-12-23T06:37:34.783+0700] {logging_mixin.py:190} INFO - [2024-12-23T06:37:34.782+0700] {dag.py:4180} INFO - Setting next_dagrun for example_trigger_target_dag to None, run_after=None
[2024-12-23T06:37:34.871+0700] {processor.py:208} INFO - Processing /mnt/d/Project/airflow-news/venv/lib/python3.12/site-packages/airflow/example_dags/example_trigger_target_dag.py took 0.246 seconds
[2024-12-23T06:37:47.094+0700] {processor.py:186} INFO - Started process (PID=9076) to work on /mnt/d/Project/airflow-news/venv/lib/python3.12/site-packages/airflow/example_dags/example_trigger_target_dag.py
[2024-12-23T06:37:47.097+0700] {processor.py:914} INFO - Processing file /mnt/d/Project/airflow-news/venv/lib/python3.12/site-packages/airflow/example_dags/example_trigger_target_dag.py for tasks to queue
[2024-12-23T06:37:47.105+0700] {logging_mixin.py:190} INFO - [2024-12-23T06:37:47.103+0700] {dagbag.py:588} INFO - Filling up the DagBag from /mnt/d/Project/airflow-news/venv/lib/python3.12/site-packages/airflow/example_dags/example_trigger_target_dag.py
[2024-12-23T06:37:47.236+0700] {processor.py:925} INFO - DAG(s) 'example_trigger_target_dag' retrieved from /mnt/d/Project/airflow-news/venv/lib/python3.12/site-packages/airflow/example_dags/example_trigger_target_dag.py
[2024-12-23T06:37:47.298+0700] {logging_mixin.py:190} INFO - [2024-12-23T06:37:47.296+0700] {dag.py:3239} INFO - Sync 1 DAGs
[2024-12-23T06:37:47.319+0700] {logging_mixin.py:190} INFO - [2024-12-23T06:37:47.317+0700] {dag.py:4180} INFO - Setting next_dagrun for example_trigger_target_dag to None, run_after=None
[2024-12-23T06:37:47.396+0700] {processor.py:208} INFO - Processing /mnt/d/Project/airflow-news/venv/lib/python3.12/site-packages/airflow/example_dags/example_trigger_target_dag.py took 0.323 seconds
[2024-12-23T06:38:35.520+0700] {processor.py:186} INFO - Started process (PID=9246) to work on /mnt/d/Project/airflow-news/venv/lib/python3.12/site-packages/airflow/example_dags/example_trigger_target_dag.py
[2024-12-23T06:38:35.523+0700] {processor.py:914} INFO - Processing file /mnt/d/Project/airflow-news/venv/lib/python3.12/site-packages/airflow/example_dags/example_trigger_target_dag.py for tasks to queue
[2024-12-23T06:38:35.528+0700] {logging_mixin.py:190} INFO - [2024-12-23T06:38:35.526+0700] {dagbag.py:588} INFO - Filling up the DagBag from /mnt/d/Project/airflow-news/venv/lib/python3.12/site-packages/airflow/example_dags/example_trigger_target_dag.py
[2024-12-23T06:38:35.604+0700] {processor.py:925} INFO - DAG(s) 'example_trigger_target_dag' retrieved from /mnt/d/Project/airflow-news/venv/lib/python3.12/site-packages/airflow/example_dags/example_trigger_target_dag.py
[2024-12-23T06:38:35.650+0700] {logging_mixin.py:190} INFO - [2024-12-23T06:38:35.648+0700] {dag.py:3239} INFO - Sync 1 DAGs
[2024-12-23T06:38:35.675+0700] {logging_mixin.py:190} INFO - [2024-12-23T06:38:35.674+0700] {dag.py:4180} INFO - Setting next_dagrun for example_trigger_target_dag to None, run_after=None
[2024-12-23T06:38:35.775+0700] {processor.py:208} INFO - Processing /mnt/d/Project/airflow-news/venv/lib/python3.12/site-packages/airflow/example_dags/example_trigger_target_dag.py took 0.278 seconds
[2024-12-23T06:39:23.527+0700] {processor.py:186} INFO - Started process (PID=9395) to work on /mnt/d/Project/airflow-news/venv/lib/python3.12/site-packages/airflow/example_dags/example_trigger_target_dag.py
[2024-12-23T06:39:23.529+0700] {processor.py:914} INFO - Processing file /mnt/d/Project/airflow-news/venv/lib/python3.12/site-packages/airflow/example_dags/example_trigger_target_dag.py for tasks to queue
[2024-12-23T06:39:23.535+0700] {logging_mixin.py:190} INFO - [2024-12-23T06:39:23.533+0700] {dagbag.py:588} INFO - Filling up the DagBag from /mnt/d/Project/airflow-news/venv/lib/python3.12/site-packages/airflow/example_dags/example_trigger_target_dag.py
[2024-12-23T06:39:23.610+0700] {processor.py:925} INFO - DAG(s) 'example_trigger_target_dag' retrieved from /mnt/d/Project/airflow-news/venv/lib/python3.12/site-packages/airflow/example_dags/example_trigger_target_dag.py
[2024-12-23T06:39:23.650+0700] {logging_mixin.py:190} INFO - [2024-12-23T06:39:23.648+0700] {dag.py:3239} INFO - Sync 1 DAGs
[2024-12-23T06:39:23.675+0700] {logging_mixin.py:190} INFO - [2024-12-23T06:39:23.673+0700] {dag.py:4180} INFO - Setting next_dagrun for example_trigger_target_dag to None, run_after=None
[2024-12-23T06:39:23.779+0700] {processor.py:208} INFO - Processing /mnt/d/Project/airflow-news/venv/lib/python3.12/site-packages/airflow/example_dags/example_trigger_target_dag.py took 0.268 seconds
[2024-12-23T06:39:35.322+0700] {processor.py:186} INFO - Started process (PID=9434) to work on /mnt/d/Project/airflow-news/venv/lib/python3.12/site-packages/airflow/example_dags/example_trigger_target_dag.py
[2024-12-23T06:39:35.325+0700] {processor.py:914} INFO - Processing file /mnt/d/Project/airflow-news/venv/lib/python3.12/site-packages/airflow/example_dags/example_trigger_target_dag.py for tasks to queue
[2024-12-23T06:39:35.330+0700] {logging_mixin.py:190} INFO - [2024-12-23T06:39:35.328+0700] {dagbag.py:588} INFO - Filling up the DagBag from /mnt/d/Project/airflow-news/venv/lib/python3.12/site-packages/airflow/example_dags/example_trigger_target_dag.py
[2024-12-23T06:39:35.447+0700] {processor.py:925} INFO - DAG(s) 'example_trigger_target_dag' retrieved from /mnt/d/Project/airflow-news/venv/lib/python3.12/site-packages/airflow/example_dags/example_trigger_target_dag.py
[2024-12-23T06:39:35.500+0700] {logging_mixin.py:190} INFO - [2024-12-23T06:39:35.499+0700] {dag.py:3239} INFO - Sync 1 DAGs
[2024-12-23T06:39:35.532+0700] {logging_mixin.py:190} INFO - [2024-12-23T06:39:35.530+0700] {dag.py:4180} INFO - Setting next_dagrun for example_trigger_target_dag to None, run_after=None
[2024-12-23T06:39:35.633+0700] {processor.py:208} INFO - Processing /mnt/d/Project/airflow-news/venv/lib/python3.12/site-packages/airflow/example_dags/example_trigger_target_dag.py took 0.338 seconds
[2024-12-23T06:40:38.007+0700] {processor.py:186} INFO - Started process (PID=9576) to work on /mnt/d/Project/airflow-news/venv/lib/python3.12/site-packages/airflow/example_dags/example_trigger_target_dag.py
[2024-12-23T06:40:38.009+0700] {processor.py:914} INFO - Processing file /mnt/d/Project/airflow-news/venv/lib/python3.12/site-packages/airflow/example_dags/example_trigger_target_dag.py for tasks to queue
[2024-12-23T06:40:38.014+0700] {logging_mixin.py:190} INFO - [2024-12-23T06:40:38.012+0700] {dagbag.py:588} INFO - Filling up the DagBag from /mnt/d/Project/airflow-news/venv/lib/python3.12/site-packages/airflow/example_dags/example_trigger_target_dag.py
[2024-12-23T06:40:38.112+0700] {processor.py:925} INFO - DAG(s) 'example_trigger_target_dag' retrieved from /mnt/d/Project/airflow-news/venv/lib/python3.12/site-packages/airflow/example_dags/example_trigger_target_dag.py
[2024-12-23T06:40:38.148+0700] {logging_mixin.py:190} INFO - [2024-12-23T06:40:38.147+0700] {dag.py:3239} INFO - Sync 1 DAGs
[2024-12-23T06:40:38.168+0700] {logging_mixin.py:190} INFO - [2024-12-23T06:40:38.167+0700] {dag.py:4180} INFO - Setting next_dagrun for example_trigger_target_dag to None, run_after=None
[2024-12-23T06:40:38.252+0700] {processor.py:208} INFO - Processing /mnt/d/Project/airflow-news/venv/lib/python3.12/site-packages/airflow/example_dags/example_trigger_target_dag.py took 0.268 seconds
[2024-12-23T06:42:33.034+0700] {processor.py:186} INFO - Started process (PID=9843) to work on /mnt/d/Project/airflow-news/venv/lib/python3.12/site-packages/airflow/example_dags/example_trigger_target_dag.py
[2024-12-23T06:42:33.036+0700] {processor.py:914} INFO - Processing file /mnt/d/Project/airflow-news/venv/lib/python3.12/site-packages/airflow/example_dags/example_trigger_target_dag.py for tasks to queue
[2024-12-23T06:42:33.040+0700] {logging_mixin.py:190} INFO - [2024-12-23T06:42:33.039+0700] {dagbag.py:588} INFO - Filling up the DagBag from /mnt/d/Project/airflow-news/venv/lib/python3.12/site-packages/airflow/example_dags/example_trigger_target_dag.py
[2024-12-23T06:42:33.135+0700] {processor.py:925} INFO - DAG(s) 'example_trigger_target_dag' retrieved from /mnt/d/Project/airflow-news/venv/lib/python3.12/site-packages/airflow/example_dags/example_trigger_target_dag.py
[2024-12-23T06:42:33.172+0700] {logging_mixin.py:190} INFO - [2024-12-23T06:42:33.171+0700] {dag.py:3239} INFO - Sync 1 DAGs
[2024-12-23T06:42:33.191+0700] {logging_mixin.py:190} INFO - [2024-12-23T06:42:33.189+0700] {dag.py:4180} INFO - Setting next_dagrun for example_trigger_target_dag to None, run_after=None
[2024-12-23T06:42:33.266+0700] {processor.py:208} INFO - Processing /mnt/d/Project/airflow-news/venv/lib/python3.12/site-packages/airflow/example_dags/example_trigger_target_dag.py took 0.254 seconds
[2024-12-23T06:43:35.846+0700] {processor.py:186} INFO - Started process (PID=10092) to work on /mnt/d/Project/airflow-news/venv/lib/python3.12/site-packages/airflow/example_dags/example_trigger_target_dag.py
[2024-12-23T06:43:35.848+0700] {processor.py:914} INFO - Processing file /mnt/d/Project/airflow-news/venv/lib/python3.12/site-packages/airflow/example_dags/example_trigger_target_dag.py for tasks to queue
[2024-12-23T06:43:35.853+0700] {logging_mixin.py:190} INFO - [2024-12-23T06:43:35.852+0700] {dagbag.py:588} INFO - Filling up the DagBag from /mnt/d/Project/airflow-news/venv/lib/python3.12/site-packages/airflow/example_dags/example_trigger_target_dag.py
[2024-12-23T06:43:35.946+0700] {processor.py:925} INFO - DAG(s) 'example_trigger_target_dag' retrieved from /mnt/d/Project/airflow-news/venv/lib/python3.12/site-packages/airflow/example_dags/example_trigger_target_dag.py
[2024-12-23T06:43:35.976+0700] {logging_mixin.py:190} INFO - [2024-12-23T06:43:35.975+0700] {dag.py:3239} INFO - Sync 1 DAGs
[2024-12-23T06:43:35.997+0700] {logging_mixin.py:190} INFO - [2024-12-23T06:43:35.995+0700] {dag.py:4180} INFO - Setting next_dagrun for example_trigger_target_dag to None, run_after=None
[2024-12-23T06:43:36.075+0700] {processor.py:208} INFO - Processing /mnt/d/Project/airflow-news/venv/lib/python3.12/site-packages/airflow/example_dags/example_trigger_target_dag.py took 0.250 seconds
[2024-12-23T06:45:33.811+0700] {processor.py:186} INFO - Started process (PID=10390) to work on /mnt/d/Project/airflow-news/venv/lib/python3.12/site-packages/airflow/example_dags/example_trigger_target_dag.py
[2024-12-23T06:45:33.813+0700] {processor.py:914} INFO - Processing file /mnt/d/Project/airflow-news/venv/lib/python3.12/site-packages/airflow/example_dags/example_trigger_target_dag.py for tasks to queue
[2024-12-23T06:45:33.818+0700] {logging_mixin.py:190} INFO - [2024-12-23T06:45:33.817+0700] {dagbag.py:588} INFO - Filling up the DagBag from /mnt/d/Project/airflow-news/venv/lib/python3.12/site-packages/airflow/example_dags/example_trigger_target_dag.py
[2024-12-23T06:45:33.900+0700] {processor.py:925} INFO - DAG(s) 'example_trigger_target_dag' retrieved from /mnt/d/Project/airflow-news/venv/lib/python3.12/site-packages/airflow/example_dags/example_trigger_target_dag.py
[2024-12-23T06:45:33.934+0700] {logging_mixin.py:190} INFO - [2024-12-23T06:45:33.933+0700] {dag.py:3239} INFO - Sync 1 DAGs
[2024-12-23T06:45:33.953+0700] {logging_mixin.py:190} INFO - [2024-12-23T06:45:33.951+0700] {dag.py:4180} INFO - Setting next_dagrun for example_trigger_target_dag to None, run_after=None
[2024-12-23T06:45:34.023+0700] {processor.py:208} INFO - Processing /mnt/d/Project/airflow-news/venv/lib/python3.12/site-packages/airflow/example_dags/example_trigger_target_dag.py took 0.230 seconds
