[2024-12-23T05:45:03.040+0700] {processor.py:186} INFO - Started process (PID=1378) to work on /mnt/d/Project/airflow-news/venv/lib/python3.12/site-packages/airflow/example_dags/example_short_circuit_operator.py
[2024-12-23T05:45:03.043+0700] {processor.py:914} INFO - Processing file /mnt/d/Project/airflow-news/venv/lib/python3.12/site-packages/airflow/example_dags/example_short_circuit_operator.py for tasks to queue
[2024-12-23T05:45:03.048+0700] {logging_mixin.py:190} INFO - [2024-12-23T05:45:03.046+0700] {dagbag.py:588} INFO - Filling up the DagBag from /mnt/d/Project/airflow-news/venv/lib/python3.12/site-packages/airflow/example_dags/example_short_circuit_operator.py
[2024-12-23T05:45:03.152+0700] {processor.py:925} INFO - DAG(s) 'example_short_circuit_operator' retrieved from /mnt/d/Project/airflow-news/venv/lib/python3.12/site-packages/airflow/example_dags/example_short_circuit_operator.py
[2024-12-23T05:45:04.740+0700] {logging_mixin.py:190} INFO - [2024-12-23T05:45:04.738+0700] {override.py:1911} INFO - Created Permission View: can edit on DAG:example_short_circuit_operator
[2024-12-23T05:45:04.796+0700] {logging_mixin.py:190} INFO - [2024-12-23T05:45:04.795+0700] {override.py:1911} INFO - Created Permission View: can read on DAG:example_short_circuit_operator
[2024-12-23T05:45:04.842+0700] {logging_mixin.py:190} INFO - [2024-12-23T05:45:04.841+0700] {override.py:1911} INFO - Created Permission View: can delete on DAG:example_short_circuit_operator
[2024-12-23T05:45:04.912+0700] {logging_mixin.py:190} INFO - [2024-12-23T05:45:04.911+0700] {override.py:1911} INFO - Created Permission View: can read on DAG Run:example_short_circuit_operator
[2024-12-23T05:45:04.955+0700] {logging_mixin.py:190} INFO - [2024-12-23T05:45:04.953+0700] {override.py:1911} INFO - Created Permission View: can delete on DAG Run:example_short_circuit_operator
[2024-12-23T05:45:04.997+0700] {logging_mixin.py:190} INFO - [2024-12-23T05:45:04.996+0700] {override.py:1911} INFO - Created Permission View: menu access on DAG Run:example_short_circuit_operator
[2024-12-23T05:45:05.042+0700] {logging_mixin.py:190} INFO - [2024-12-23T05:45:05.041+0700] {override.py:1911} INFO - Created Permission View: can create on DAG Run:example_short_circuit_operator
[2024-12-23T05:45:05.045+0700] {logging_mixin.py:190} INFO - [2024-12-23T05:45:05.044+0700] {dag.py:3239} INFO - Sync 1 DAGs
[2024-12-23T05:45:05.072+0700] {logging_mixin.py:190} INFO - [2024-12-23T05:45:05.070+0700] {dag.py:3262} INFO - Creating ORM DAG for example_short_circuit_operator
[2024-12-23T05:45:05.075+0700] {logging_mixin.py:190} INFO - [2024-12-23T05:45:05.073+0700] {dag.py:4180} INFO - Setting next_dagrun for example_short_circuit_operator to None, run_after=None
[2024-12-23T05:45:05.153+0700] {processor.py:208} INFO - Processing /mnt/d/Project/airflow-news/venv/lib/python3.12/site-packages/airflow/example_dags/example_short_circuit_operator.py took 2.130 seconds
[2024-12-23T05:52:43.259+0700] {processor.py:186} INFO - Started process (PID=1706) to work on /mnt/d/Project/airflow-news/venv/lib/python3.12/site-packages/airflow/example_dags/example_short_circuit_operator.py
[2024-12-23T05:52:43.261+0700] {processor.py:914} INFO - Processing file /mnt/d/Project/airflow-news/venv/lib/python3.12/site-packages/airflow/example_dags/example_short_circuit_operator.py for tasks to queue
[2024-12-23T05:52:43.266+0700] {logging_mixin.py:190} INFO - [2024-12-23T05:52:43.264+0700] {dagbag.py:588} INFO - Filling up the DagBag from /mnt/d/Project/airflow-news/venv/lib/python3.12/site-packages/airflow/example_dags/example_short_circuit_operator.py
[2024-12-23T05:52:43.367+0700] {processor.py:925} INFO - DAG(s) 'example_short_circuit_operator' retrieved from /mnt/d/Project/airflow-news/venv/lib/python3.12/site-packages/airflow/example_dags/example_short_circuit_operator.py
[2024-12-23T05:52:45.325+0700] {logging_mixin.py:190} INFO - [2024-12-23T05:52:45.324+0700] {dag.py:3239} INFO - Sync 1 DAGs
[2024-12-23T05:52:45.345+0700] {logging_mixin.py:190} INFO - [2024-12-23T05:52:45.343+0700] {dag.py:4180} INFO - Setting next_dagrun for example_short_circuit_operator to None, run_after=None
[2024-12-23T05:52:45.432+0700] {processor.py:208} INFO - Processing /mnt/d/Project/airflow-news/venv/lib/python3.12/site-packages/airflow/example_dags/example_short_circuit_operator.py took 2.190 seconds
[2024-12-23T05:53:27.893+0700] {processor.py:186} INFO - Started process (PID=1798) to work on /mnt/d/Project/airflow-news/venv/lib/python3.12/site-packages/airflow/example_dags/example_short_circuit_operator.py
[2024-12-23T05:53:27.895+0700] {processor.py:914} INFO - Processing file /mnt/d/Project/airflow-news/venv/lib/python3.12/site-packages/airflow/example_dags/example_short_circuit_operator.py for tasks to queue
[2024-12-23T05:53:27.901+0700] {logging_mixin.py:190} INFO - [2024-12-23T05:53:27.899+0700] {dagbag.py:588} INFO - Filling up the DagBag from /mnt/d/Project/airflow-news/venv/lib/python3.12/site-packages/airflow/example_dags/example_short_circuit_operator.py
[2024-12-23T05:53:28.016+0700] {processor.py:925} INFO - DAG(s) 'example_short_circuit_operator' retrieved from /mnt/d/Project/airflow-news/venv/lib/python3.12/site-packages/airflow/example_dags/example_short_circuit_operator.py
[2024-12-23T05:53:28.077+0700] {logging_mixin.py:190} INFO - [2024-12-23T05:53:28.076+0700] {dag.py:3239} INFO - Sync 1 DAGs
[2024-12-23T05:53:28.099+0700] {logging_mixin.py:190} INFO - [2024-12-23T05:53:28.098+0700] {dag.py:4180} INFO - Setting next_dagrun for example_short_circuit_operator to None, run_after=None
[2024-12-23T05:53:28.185+0700] {processor.py:208} INFO - Processing /mnt/d/Project/airflow-news/venv/lib/python3.12/site-packages/airflow/example_dags/example_short_circuit_operator.py took 0.310 seconds
[2024-12-23T05:55:11.925+0700] {processor.py:186} INFO - Started process (PID=2083) to work on /mnt/d/Project/airflow-news/venv/lib/python3.12/site-packages/airflow/example_dags/example_short_circuit_operator.py
[2024-12-23T05:55:11.927+0700] {processor.py:914} INFO - Processing file /mnt/d/Project/airflow-news/venv/lib/python3.12/site-packages/airflow/example_dags/example_short_circuit_operator.py for tasks to queue
[2024-12-23T05:55:11.932+0700] {logging_mixin.py:190} INFO - [2024-12-23T05:55:11.930+0700] {dagbag.py:588} INFO - Filling up the DagBag from /mnt/d/Project/airflow-news/venv/lib/python3.12/site-packages/airflow/example_dags/example_short_circuit_operator.py
[2024-12-23T05:55:12.017+0700] {processor.py:925} INFO - DAG(s) 'example_short_circuit_operator' retrieved from /mnt/d/Project/airflow-news/venv/lib/python3.12/site-packages/airflow/example_dags/example_short_circuit_operator.py
[2024-12-23T05:55:12.058+0700] {logging_mixin.py:190} INFO - [2024-12-23T05:55:12.057+0700] {dag.py:3239} INFO - Sync 1 DAGs
[2024-12-23T05:55:12.077+0700] {logging_mixin.py:190} INFO - [2024-12-23T05:55:12.075+0700] {dag.py:4180} INFO - Setting next_dagrun for example_short_circuit_operator to None, run_after=None
[2024-12-23T05:55:12.150+0700] {processor.py:208} INFO - Processing /mnt/d/Project/airflow-news/venv/lib/python3.12/site-packages/airflow/example_dags/example_short_circuit_operator.py took 0.238 seconds
[2024-12-23T05:56:12.581+0700] {processor.py:186} INFO - Started process (PID=2222) to work on /mnt/d/Project/airflow-news/venv/lib/python3.12/site-packages/airflow/example_dags/example_short_circuit_operator.py
[2024-12-23T05:56:12.583+0700] {processor.py:914} INFO - Processing file /mnt/d/Project/airflow-news/venv/lib/python3.12/site-packages/airflow/example_dags/example_short_circuit_operator.py for tasks to queue
[2024-12-23T05:56:12.588+0700] {logging_mixin.py:190} INFO - [2024-12-23T05:56:12.586+0700] {dagbag.py:588} INFO - Filling up the DagBag from /mnt/d/Project/airflow-news/venv/lib/python3.12/site-packages/airflow/example_dags/example_short_circuit_operator.py
[2024-12-23T05:56:12.693+0700] {processor.py:925} INFO - DAG(s) 'example_short_circuit_operator' retrieved from /mnt/d/Project/airflow-news/venv/lib/python3.12/site-packages/airflow/example_dags/example_short_circuit_operator.py
[2024-12-23T05:56:12.731+0700] {logging_mixin.py:190} INFO - [2024-12-23T05:56:12.730+0700] {dag.py:3239} INFO - Sync 1 DAGs
[2024-12-23T05:56:12.752+0700] {logging_mixin.py:190} INFO - [2024-12-23T05:56:12.751+0700] {dag.py:4180} INFO - Setting next_dagrun for example_short_circuit_operator to None, run_after=None
[2024-12-23T05:56:12.835+0700] {processor.py:208} INFO - Processing /mnt/d/Project/airflow-news/venv/lib/python3.12/site-packages/airflow/example_dags/example_short_circuit_operator.py took 0.270 seconds
[2024-12-23T05:57:46.861+0700] {processor.py:186} INFO - Started process (PID=2424) to work on /mnt/d/Project/airflow-news/venv/lib/python3.12/site-packages/airflow/example_dags/example_short_circuit_operator.py
[2024-12-23T05:57:46.863+0700] {processor.py:914} INFO - Processing file /mnt/d/Project/airflow-news/venv/lib/python3.12/site-packages/airflow/example_dags/example_short_circuit_operator.py for tasks to queue
[2024-12-23T05:57:46.868+0700] {logging_mixin.py:190} INFO - [2024-12-23T05:57:46.866+0700] {dagbag.py:588} INFO - Filling up the DagBag from /mnt/d/Project/airflow-news/venv/lib/python3.12/site-packages/airflow/example_dags/example_short_circuit_operator.py
[2024-12-23T05:57:46.955+0700] {processor.py:925} INFO - DAG(s) 'example_short_circuit_operator' retrieved from /mnt/d/Project/airflow-news/venv/lib/python3.12/site-packages/airflow/example_dags/example_short_circuit_operator.py
[2024-12-23T05:57:46.993+0700] {logging_mixin.py:190} INFO - [2024-12-23T05:57:46.991+0700] {dag.py:3239} INFO - Sync 1 DAGs
[2024-12-23T05:57:47.011+0700] {logging_mixin.py:190} INFO - [2024-12-23T05:57:47.010+0700] {dag.py:4180} INFO - Setting next_dagrun for example_short_circuit_operator to None, run_after=None
[2024-12-23T05:57:47.085+0700] {processor.py:208} INFO - Processing /mnt/d/Project/airflow-news/venv/lib/python3.12/site-packages/airflow/example_dags/example_short_circuit_operator.py took 0.239 seconds
[2024-12-23T05:59:06.148+0700] {processor.py:186} INFO - Started process (PID=2607) to work on /mnt/d/Project/airflow-news/venv/lib/python3.12/site-packages/airflow/example_dags/example_short_circuit_operator.py
[2024-12-23T05:59:06.150+0700] {processor.py:914} INFO - Processing file /mnt/d/Project/airflow-news/venv/lib/python3.12/site-packages/airflow/example_dags/example_short_circuit_operator.py for tasks to queue
[2024-12-23T05:59:06.156+0700] {logging_mixin.py:190} INFO - [2024-12-23T05:59:06.154+0700] {dagbag.py:588} INFO - Filling up the DagBag from /mnt/d/Project/airflow-news/venv/lib/python3.12/site-packages/airflow/example_dags/example_short_circuit_operator.py
[2024-12-23T05:59:06.237+0700] {processor.py:925} INFO - DAG(s) 'example_short_circuit_operator' retrieved from /mnt/d/Project/airflow-news/venv/lib/python3.12/site-packages/airflow/example_dags/example_short_circuit_operator.py
[2024-12-23T05:59:06.293+0700] {logging_mixin.py:190} INFO - [2024-12-23T05:59:06.292+0700] {dag.py:3239} INFO - Sync 1 DAGs
[2024-12-23T05:59:06.316+0700] {logging_mixin.py:190} INFO - [2024-12-23T05:59:06.314+0700] {dag.py:4180} INFO - Setting next_dagrun for example_short_circuit_operator to None, run_after=None
[2024-12-23T05:59:06.394+0700] {processor.py:208} INFO - Processing /mnt/d/Project/airflow-news/venv/lib/python3.12/site-packages/airflow/example_dags/example_short_circuit_operator.py took 0.262 seconds
[2024-12-23T05:59:25.249+0700] {processor.py:186} INFO - Started process (PID=2648) to work on /mnt/d/Project/airflow-news/venv/lib/python3.12/site-packages/airflow/example_dags/example_short_circuit_operator.py
[2024-12-23T05:59:25.252+0700] {processor.py:914} INFO - Processing file /mnt/d/Project/airflow-news/venv/lib/python3.12/site-packages/airflow/example_dags/example_short_circuit_operator.py for tasks to queue
[2024-12-23T05:59:25.256+0700] {logging_mixin.py:190} INFO - [2024-12-23T05:59:25.254+0700] {dagbag.py:588} INFO - Filling up the DagBag from /mnt/d/Project/airflow-news/venv/lib/python3.12/site-packages/airflow/example_dags/example_short_circuit_operator.py
[2024-12-23T05:59:25.330+0700] {processor.py:925} INFO - DAG(s) 'example_short_circuit_operator' retrieved from /mnt/d/Project/airflow-news/venv/lib/python3.12/site-packages/airflow/example_dags/example_short_circuit_operator.py
[2024-12-23T05:59:25.373+0700] {logging_mixin.py:190} INFO - [2024-12-23T05:59:25.371+0700] {dag.py:3239} INFO - Sync 1 DAGs
[2024-12-23T05:59:25.392+0700] {logging_mixin.py:190} INFO - [2024-12-23T05:59:25.391+0700] {dag.py:4180} INFO - Setting next_dagrun for example_short_circuit_operator to None, run_after=None
[2024-12-23T05:59:25.468+0700] {processor.py:208} INFO - Processing /mnt/d/Project/airflow-news/venv/lib/python3.12/site-packages/airflow/example_dags/example_short_circuit_operator.py took 0.233 seconds
[2024-12-23T06:00:29.410+0700] {processor.py:186} INFO - Started process (PID=2832) to work on /mnt/d/Project/airflow-news/venv/lib/python3.12/site-packages/airflow/example_dags/example_short_circuit_operator.py
[2024-12-23T06:00:29.414+0700] {processor.py:914} INFO - Processing file /mnt/d/Project/airflow-news/venv/lib/python3.12/site-packages/airflow/example_dags/example_short_circuit_operator.py for tasks to queue
[2024-12-23T06:00:29.420+0700] {logging_mixin.py:190} INFO - [2024-12-23T06:00:29.418+0700] {dagbag.py:588} INFO - Filling up the DagBag from /mnt/d/Project/airflow-news/venv/lib/python3.12/site-packages/airflow/example_dags/example_short_circuit_operator.py
[2024-12-23T06:00:29.564+0700] {processor.py:925} INFO - DAG(s) 'example_short_circuit_operator' retrieved from /mnt/d/Project/airflow-news/venv/lib/python3.12/site-packages/airflow/example_dags/example_short_circuit_operator.py
[2024-12-23T06:00:29.643+0700] {logging_mixin.py:190} INFO - [2024-12-23T06:00:29.641+0700] {dag.py:3239} INFO - Sync 1 DAGs
[2024-12-23T06:00:29.670+0700] {logging_mixin.py:190} INFO - [2024-12-23T06:00:29.669+0700] {dag.py:4180} INFO - Setting next_dagrun for example_short_circuit_operator to None, run_after=None
[2024-12-23T06:00:29.802+0700] {processor.py:208} INFO - Processing /mnt/d/Project/airflow-news/venv/lib/python3.12/site-packages/airflow/example_dags/example_short_circuit_operator.py took 0.413 seconds
[2024-12-23T06:01:10.629+0700] {processor.py:186} INFO - Started process (PID=2948) to work on /mnt/d/Project/airflow-news/venv/lib/python3.12/site-packages/airflow/example_dags/example_short_circuit_operator.py
[2024-12-23T06:01:10.632+0700] {processor.py:914} INFO - Processing file /mnt/d/Project/airflow-news/venv/lib/python3.12/site-packages/airflow/example_dags/example_short_circuit_operator.py for tasks to queue
[2024-12-23T06:01:10.638+0700] {logging_mixin.py:190} INFO - [2024-12-23T06:01:10.636+0700] {dagbag.py:588} INFO - Filling up the DagBag from /mnt/d/Project/airflow-news/venv/lib/python3.12/site-packages/airflow/example_dags/example_short_circuit_operator.py
[2024-12-23T06:01:10.755+0700] {processor.py:925} INFO - DAG(s) 'example_short_circuit_operator' retrieved from /mnt/d/Project/airflow-news/venv/lib/python3.12/site-packages/airflow/example_dags/example_short_circuit_operator.py
[2024-12-23T06:01:10.830+0700] {logging_mixin.py:190} INFO - [2024-12-23T06:01:10.828+0700] {dag.py:3239} INFO - Sync 1 DAGs
[2024-12-23T06:01:11.018+0700] {logging_mixin.py:190} INFO - [2024-12-23T06:01:11.016+0700] {dag.py:4180} INFO - Setting next_dagrun for example_short_circuit_operator to None, run_after=None
[2024-12-23T06:01:11.102+0700] {processor.py:208} INFO - Processing /mnt/d/Project/airflow-news/venv/lib/python3.12/site-packages/airflow/example_dags/example_short_circuit_operator.py took 0.490 seconds
[2024-12-23T06:03:10.819+0700] {processor.py:186} INFO - Started process (PID=3157) to work on /mnt/d/Project/airflow-news/venv/lib/python3.12/site-packages/airflow/example_dags/example_short_circuit_operator.py
[2024-12-23T06:03:10.823+0700] {processor.py:914} INFO - Processing file /mnt/d/Project/airflow-news/venv/lib/python3.12/site-packages/airflow/example_dags/example_short_circuit_operator.py for tasks to queue
[2024-12-23T06:03:10.832+0700] {logging_mixin.py:190} INFO - [2024-12-23T06:03:10.830+0700] {dagbag.py:588} INFO - Filling up the DagBag from /mnt/d/Project/airflow-news/venv/lib/python3.12/site-packages/airflow/example_dags/example_short_circuit_operator.py
[2024-12-23T06:03:10.979+0700] {processor.py:925} INFO - DAG(s) 'example_short_circuit_operator' retrieved from /mnt/d/Project/airflow-news/venv/lib/python3.12/site-packages/airflow/example_dags/example_short_circuit_operator.py
[2024-12-23T06:03:11.080+0700] {logging_mixin.py:190} INFO - [2024-12-23T06:03:11.077+0700] {dag.py:3239} INFO - Sync 1 DAGs
[2024-12-23T06:03:11.112+0700] {logging_mixin.py:190} INFO - [2024-12-23T06:03:11.110+0700] {dag.py:4180} INFO - Setting next_dagrun for example_short_circuit_operator to None, run_after=None
[2024-12-23T06:03:09.576+0700] {processor.py:208} INFO - Processing /mnt/d/Project/airflow-news/venv/lib/python3.12/site-packages/airflow/example_dags/example_short_circuit_operator.py took 0.447 seconds
[2024-12-23T06:05:21.169+0700] {processor.py:186} INFO - Started process (PID=3511) to work on /mnt/d/Project/airflow-news/venv/lib/python3.12/site-packages/airflow/example_dags/example_short_circuit_operator.py
[2024-12-23T06:05:21.171+0700] {processor.py:914} INFO - Processing file /mnt/d/Project/airflow-news/venv/lib/python3.12/site-packages/airflow/example_dags/example_short_circuit_operator.py for tasks to queue
[2024-12-23T06:05:21.178+0700] {logging_mixin.py:190} INFO - [2024-12-23T06:05:21.176+0700] {dagbag.py:588} INFO - Filling up the DagBag from /mnt/d/Project/airflow-news/venv/lib/python3.12/site-packages/airflow/example_dags/example_short_circuit_operator.py
[2024-12-23T06:05:21.271+0700] {processor.py:925} INFO - DAG(s) 'example_short_circuit_operator' retrieved from /mnt/d/Project/airflow-news/venv/lib/python3.12/site-packages/airflow/example_dags/example_short_circuit_operator.py
[2024-12-23T06:05:21.315+0700] {logging_mixin.py:190} INFO - [2024-12-23T06:05:21.314+0700] {dag.py:3239} INFO - Sync 1 DAGs
[2024-12-23T06:05:21.335+0700] {logging_mixin.py:190} INFO - [2024-12-23T06:05:21.333+0700] {dag.py:4180} INFO - Setting next_dagrun for example_short_circuit_operator to None, run_after=None
[2024-12-23T06:05:21.407+0700] {processor.py:208} INFO - Processing /mnt/d/Project/airflow-news/venv/lib/python3.12/site-packages/airflow/example_dags/example_short_circuit_operator.py took 0.266 seconds
[2024-12-23T06:07:16.732+0700] {processor.py:186} INFO - Started process (PID=3819) to work on /mnt/d/Project/airflow-news/venv/lib/python3.12/site-packages/airflow/example_dags/example_short_circuit_operator.py
[2024-12-23T06:07:16.734+0700] {processor.py:914} INFO - Processing file /mnt/d/Project/airflow-news/venv/lib/python3.12/site-packages/airflow/example_dags/example_short_circuit_operator.py for tasks to queue
[2024-12-23T06:07:16.740+0700] {logging_mixin.py:190} INFO - [2024-12-23T06:07:16.738+0700] {dagbag.py:588} INFO - Filling up the DagBag from /mnt/d/Project/airflow-news/venv/lib/python3.12/site-packages/airflow/example_dags/example_short_circuit_operator.py
[2024-12-23T06:07:16.831+0700] {processor.py:925} INFO - DAG(s) 'example_short_circuit_operator' retrieved from /mnt/d/Project/airflow-news/venv/lib/python3.12/site-packages/airflow/example_dags/example_short_circuit_operator.py
[2024-12-23T06:07:16.882+0700] {logging_mixin.py:190} INFO - [2024-12-23T06:07:16.881+0700] {dag.py:3239} INFO - Sync 1 DAGs
[2024-12-23T06:07:16.902+0700] {logging_mixin.py:190} INFO - [2024-12-23T06:07:16.900+0700] {dag.py:4180} INFO - Setting next_dagrun for example_short_circuit_operator to None, run_after=None
[2024-12-23T06:07:16.981+0700] {processor.py:208} INFO - Processing /mnt/d/Project/airflow-news/venv/lib/python3.12/site-packages/airflow/example_dags/example_short_circuit_operator.py took 0.265 seconds
[2024-12-23T06:07:21.175+0700] {processor.py:186} INFO - Started process (PID=3830) to work on /mnt/d/Project/airflow-news/venv/lib/python3.12/site-packages/airflow/example_dags/example_short_circuit_operator.py
[2024-12-23T06:07:21.177+0700] {processor.py:914} INFO - Processing file /mnt/d/Project/airflow-news/venv/lib/python3.12/site-packages/airflow/example_dags/example_short_circuit_operator.py for tasks to queue
[2024-12-23T06:07:21.182+0700] {logging_mixin.py:190} INFO - [2024-12-23T06:07:21.180+0700] {dagbag.py:588} INFO - Filling up the DagBag from /mnt/d/Project/airflow-news/venv/lib/python3.12/site-packages/airflow/example_dags/example_short_circuit_operator.py
[2024-12-23T06:07:21.272+0700] {processor.py:925} INFO - DAG(s) 'example_short_circuit_operator' retrieved from /mnt/d/Project/airflow-news/venv/lib/python3.12/site-packages/airflow/example_dags/example_short_circuit_operator.py
[2024-12-23T06:07:21.320+0700] {logging_mixin.py:190} INFO - [2024-12-23T06:07:21.318+0700] {dag.py:3239} INFO - Sync 1 DAGs
[2024-12-23T06:07:21.343+0700] {logging_mixin.py:190} INFO - [2024-12-23T06:07:21.341+0700] {dag.py:4180} INFO - Setting next_dagrun for example_short_circuit_operator to None, run_after=None
[2024-12-23T06:07:21.417+0700] {processor.py:208} INFO - Processing /mnt/d/Project/airflow-news/venv/lib/python3.12/site-packages/airflow/example_dags/example_short_circuit_operator.py took 0.266 seconds
[2024-12-23T06:08:39.170+0700] {processor.py:186} INFO - Started process (PID=4059) to work on /mnt/d/Project/airflow-news/venv/lib/python3.12/site-packages/airflow/example_dags/example_short_circuit_operator.py
[2024-12-23T06:08:39.173+0700] {processor.py:914} INFO - Processing file /mnt/d/Project/airflow-news/venv/lib/python3.12/site-packages/airflow/example_dags/example_short_circuit_operator.py for tasks to queue
[2024-12-23T06:08:39.178+0700] {logging_mixin.py:190} INFO - [2024-12-23T06:08:39.177+0700] {dagbag.py:588} INFO - Filling up the DagBag from /mnt/d/Project/airflow-news/venv/lib/python3.12/site-packages/airflow/example_dags/example_short_circuit_operator.py
[2024-12-23T06:08:39.375+0700] {processor.py:925} INFO - DAG(s) 'example_short_circuit_operator' retrieved from /mnt/d/Project/airflow-news/venv/lib/python3.12/site-packages/airflow/example_dags/example_short_circuit_operator.py
[2024-12-23T06:08:39.425+0700] {logging_mixin.py:190} INFO - [2024-12-23T06:08:39.424+0700] {dag.py:3239} INFO - Sync 1 DAGs
[2024-12-23T06:08:39.448+0700] {logging_mixin.py:190} INFO - [2024-12-23T06:08:39.446+0700] {dag.py:4180} INFO - Setting next_dagrun for example_short_circuit_operator to None, run_after=None
[2024-12-23T06:08:39.540+0700] {processor.py:208} INFO - Processing /mnt/d/Project/airflow-news/venv/lib/python3.12/site-packages/airflow/example_dags/example_short_circuit_operator.py took 0.388 seconds
[2024-12-23T06:09:22.575+0700] {processor.py:186} INFO - Started process (PID=4191) to work on /mnt/d/Project/airflow-news/venv/lib/python3.12/site-packages/airflow/example_dags/example_short_circuit_operator.py
[2024-12-23T06:09:22.577+0700] {processor.py:914} INFO - Processing file /mnt/d/Project/airflow-news/venv/lib/python3.12/site-packages/airflow/example_dags/example_short_circuit_operator.py for tasks to queue
[2024-12-23T06:09:22.583+0700] {logging_mixin.py:190} INFO - [2024-12-23T06:09:22.581+0700] {dagbag.py:588} INFO - Filling up the DagBag from /mnt/d/Project/airflow-news/venv/lib/python3.12/site-packages/airflow/example_dags/example_short_circuit_operator.py
[2024-12-23T06:09:22.690+0700] {processor.py:925} INFO - DAG(s) 'example_short_circuit_operator' retrieved from /mnt/d/Project/airflow-news/venv/lib/python3.12/site-packages/airflow/example_dags/example_short_circuit_operator.py
[2024-12-23T06:09:22.731+0700] {logging_mixin.py:190} INFO - [2024-12-23T06:09:22.729+0700] {dag.py:3239} INFO - Sync 1 DAGs
[2024-12-23T06:09:22.753+0700] {logging_mixin.py:190} INFO - [2024-12-23T06:09:22.752+0700] {dag.py:4180} INFO - Setting next_dagrun for example_short_circuit_operator to None, run_after=None
[2024-12-23T06:09:22.853+0700] {processor.py:208} INFO - Processing /mnt/d/Project/airflow-news/venv/lib/python3.12/site-packages/airflow/example_dags/example_short_circuit_operator.py took 0.301 seconds
[2024-12-23T06:11:29.449+0700] {processor.py:186} INFO - Started process (PID=4457) to work on /mnt/d/Project/airflow-news/venv/lib/python3.12/site-packages/airflow/example_dags/example_short_circuit_operator.py
[2024-12-23T06:11:29.452+0700] {processor.py:914} INFO - Processing file /mnt/d/Project/airflow-news/venv/lib/python3.12/site-packages/airflow/example_dags/example_short_circuit_operator.py for tasks to queue
[2024-12-23T06:11:29.455+0700] {logging_mixin.py:190} INFO - [2024-12-23T06:11:29.454+0700] {dagbag.py:588} INFO - Filling up the DagBag from /mnt/d/Project/airflow-news/venv/lib/python3.12/site-packages/airflow/example_dags/example_short_circuit_operator.py
[2024-12-23T06:11:29.488+0700] {processor.py:925} INFO - DAG(s) 'example_short_circuit_operator' retrieved from /mnt/d/Project/airflow-news/venv/lib/python3.12/site-packages/airflow/example_dags/example_short_circuit_operator.py
[2024-12-23T06:11:29.543+0700] {logging_mixin.py:190} INFO - [2024-12-23T06:11:29.542+0700] {dag.py:3239} INFO - Sync 1 DAGs
[2024-12-23T06:11:29.567+0700] {logging_mixin.py:190} INFO - [2024-12-23T06:11:29.565+0700] {dag.py:4180} INFO - Setting next_dagrun for example_short_circuit_operator to None, run_after=None
[2024-12-23T06:11:29.647+0700] {processor.py:208} INFO - Processing /mnt/d/Project/airflow-news/venv/lib/python3.12/site-packages/airflow/example_dags/example_short_circuit_operator.py took 0.217 seconds
[2024-12-23T06:12:48.158+0700] {processor.py:186} INFO - Started process (PID=4670) to work on /mnt/d/Project/airflow-news/venv/lib/python3.12/site-packages/airflow/example_dags/example_short_circuit_operator.py
[2024-12-23T06:12:48.160+0700] {processor.py:914} INFO - Processing file /mnt/d/Project/airflow-news/venv/lib/python3.12/site-packages/airflow/example_dags/example_short_circuit_operator.py for tasks to queue
[2024-12-23T06:12:48.164+0700] {logging_mixin.py:190} INFO - [2024-12-23T06:12:48.162+0700] {dagbag.py:588} INFO - Filling up the DagBag from /mnt/d/Project/airflow-news/venv/lib/python3.12/site-packages/airflow/example_dags/example_short_circuit_operator.py
[2024-12-23T06:12:48.196+0700] {processor.py:925} INFO - DAG(s) 'example_short_circuit_operator' retrieved from /mnt/d/Project/airflow-news/venv/lib/python3.12/site-packages/airflow/example_dags/example_short_circuit_operator.py
[2024-12-23T06:12:48.244+0700] {logging_mixin.py:190} INFO - [2024-12-23T06:12:48.243+0700] {dag.py:3239} INFO - Sync 1 DAGs
[2024-12-23T06:12:48.262+0700] {logging_mixin.py:190} INFO - [2024-12-23T06:12:48.260+0700] {dag.py:4180} INFO - Setting next_dagrun for example_short_circuit_operator to None, run_after=None
[2024-12-23T06:12:48.342+0700] {processor.py:208} INFO - Processing /mnt/d/Project/airflow-news/venv/lib/python3.12/site-packages/airflow/example_dags/example_short_circuit_operator.py took 0.200 seconds
[2024-12-23T06:12:49.426+0700] {processor.py:186} INFO - Started process (PID=4672) to work on /mnt/d/Project/airflow-news/venv/lib/python3.12/site-packages/airflow/example_dags/example_short_circuit_operator.py
[2024-12-23T06:12:49.428+0700] {processor.py:914} INFO - Processing file /mnt/d/Project/airflow-news/venv/lib/python3.12/site-packages/airflow/example_dags/example_short_circuit_operator.py for tasks to queue
[2024-12-23T06:12:49.433+0700] {logging_mixin.py:190} INFO - [2024-12-23T06:12:49.432+0700] {dagbag.py:588} INFO - Filling up the DagBag from /mnt/d/Project/airflow-news/venv/lib/python3.12/site-packages/airflow/example_dags/example_short_circuit_operator.py
[2024-12-23T06:12:49.521+0700] {processor.py:925} INFO - DAG(s) 'example_short_circuit_operator' retrieved from /mnt/d/Project/airflow-news/venv/lib/python3.12/site-packages/airflow/example_dags/example_short_circuit_operator.py
[2024-12-23T06:12:49.561+0700] {logging_mixin.py:190} INFO - [2024-12-23T06:12:49.560+0700] {dag.py:3239} INFO - Sync 1 DAGs
[2024-12-23T06:12:49.580+0700] {logging_mixin.py:190} INFO - [2024-12-23T06:12:49.579+0700] {dag.py:4180} INFO - Setting next_dagrun for example_short_circuit_operator to None, run_after=None
[2024-12-23T06:12:49.654+0700] {processor.py:208} INFO - Processing /mnt/d/Project/airflow-news/venv/lib/python3.12/site-packages/airflow/example_dags/example_short_circuit_operator.py took 0.252 seconds
[2024-12-23T06:14:24.127+0700] {processor.py:186} INFO - Started process (PID=4961) to work on /mnt/d/Project/airflow-news/venv/lib/python3.12/site-packages/airflow/example_dags/example_short_circuit_operator.py
[2024-12-23T06:14:24.130+0700] {processor.py:914} INFO - Processing file /mnt/d/Project/airflow-news/venv/lib/python3.12/site-packages/airflow/example_dags/example_short_circuit_operator.py for tasks to queue
[2024-12-23T06:14:24.133+0700] {logging_mixin.py:190} INFO - [2024-12-23T06:14:24.132+0700] {dagbag.py:588} INFO - Filling up the DagBag from /mnt/d/Project/airflow-news/venv/lib/python3.12/site-packages/airflow/example_dags/example_short_circuit_operator.py
[2024-12-23T06:14:24.162+0700] {processor.py:925} INFO - DAG(s) 'example_short_circuit_operator' retrieved from /mnt/d/Project/airflow-news/venv/lib/python3.12/site-packages/airflow/example_dags/example_short_circuit_operator.py
[2024-12-23T06:14:24.203+0700] {logging_mixin.py:190} INFO - [2024-12-23T06:14:24.201+0700] {dag.py:3239} INFO - Sync 1 DAGs
[2024-12-23T06:14:24.220+0700] {logging_mixin.py:190} INFO - [2024-12-23T06:14:24.219+0700] {dag.py:4180} INFO - Setting next_dagrun for example_short_circuit_operator to None, run_after=None
[2024-12-23T06:14:24.291+0700] {processor.py:208} INFO - Processing /mnt/d/Project/airflow-news/venv/lib/python3.12/site-packages/airflow/example_dags/example_short_circuit_operator.py took 0.178 seconds
[2024-12-23T06:14:42.297+0700] {processor.py:186} INFO - Started process (PID=5007) to work on /mnt/d/Project/airflow-news/venv/lib/python3.12/site-packages/airflow/example_dags/example_short_circuit_operator.py
[2024-12-23T06:14:42.299+0700] {processor.py:914} INFO - Processing file /mnt/d/Project/airflow-news/venv/lib/python3.12/site-packages/airflow/example_dags/example_short_circuit_operator.py for tasks to queue
[2024-12-23T06:14:42.303+0700] {logging_mixin.py:190} INFO - [2024-12-23T06:14:42.302+0700] {dagbag.py:588} INFO - Filling up the DagBag from /mnt/d/Project/airflow-news/venv/lib/python3.12/site-packages/airflow/example_dags/example_short_circuit_operator.py
[2024-12-23T06:14:42.384+0700] {processor.py:925} INFO - DAG(s) 'example_short_circuit_operator' retrieved from /mnt/d/Project/airflow-news/venv/lib/python3.12/site-packages/airflow/example_dags/example_short_circuit_operator.py
[2024-12-23T06:14:42.420+0700] {logging_mixin.py:190} INFO - [2024-12-23T06:14:42.419+0700] {dag.py:3239} INFO - Sync 1 DAGs
[2024-12-23T06:14:42.441+0700] {logging_mixin.py:190} INFO - [2024-12-23T06:14:42.439+0700] {dag.py:4180} INFO - Setting next_dagrun for example_short_circuit_operator to None, run_after=None
[2024-12-23T06:14:42.515+0700] {processor.py:208} INFO - Processing /mnt/d/Project/airflow-news/venv/lib/python3.12/site-packages/airflow/example_dags/example_short_circuit_operator.py took 0.239 seconds
[2024-12-23T06:17:07.779+0700] {processor.py:186} INFO - Started process (PID=5396) to work on /mnt/d/Project/airflow-news/venv/lib/python3.12/site-packages/airflow/example_dags/example_short_circuit_operator.py
[2024-12-23T06:17:07.781+0700] {processor.py:914} INFO - Processing file /mnt/d/Project/airflow-news/venv/lib/python3.12/site-packages/airflow/example_dags/example_short_circuit_operator.py for tasks to queue
[2024-12-23T06:17:07.785+0700] {logging_mixin.py:190} INFO - [2024-12-23T06:17:07.783+0700] {dagbag.py:588} INFO - Filling up the DagBag from /mnt/d/Project/airflow-news/venv/lib/python3.12/site-packages/airflow/example_dags/example_short_circuit_operator.py
[2024-12-23T06:17:07.817+0700] {processor.py:925} INFO - DAG(s) 'example_short_circuit_operator' retrieved from /mnt/d/Project/airflow-news/venv/lib/python3.12/site-packages/airflow/example_dags/example_short_circuit_operator.py
[2024-12-23T06:17:07.860+0700] {logging_mixin.py:190} INFO - [2024-12-23T06:17:07.859+0700] {dag.py:3239} INFO - Sync 1 DAGs
[2024-12-23T06:17:07.881+0700] {logging_mixin.py:190} INFO - [2024-12-23T06:17:07.879+0700] {dag.py:4180} INFO - Setting next_dagrun for example_short_circuit_operator to None, run_after=None
[2024-12-23T06:17:07.968+0700] {processor.py:208} INFO - Processing /mnt/d/Project/airflow-news/venv/lib/python3.12/site-packages/airflow/example_dags/example_short_circuit_operator.py took 0.208 seconds
[2024-12-23T06:17:21.593+0700] {processor.py:186} INFO - Started process (PID=5431) to work on /mnt/d/Project/airflow-news/venv/lib/python3.12/site-packages/airflow/example_dags/example_short_circuit_operator.py
[2024-12-23T06:17:21.596+0700] {processor.py:914} INFO - Processing file /mnt/d/Project/airflow-news/venv/lib/python3.12/site-packages/airflow/example_dags/example_short_circuit_operator.py for tasks to queue
[2024-12-23T06:17:21.602+0700] {logging_mixin.py:190} INFO - [2024-12-23T06:17:21.600+0700] {dagbag.py:588} INFO - Filling up the DagBag from /mnt/d/Project/airflow-news/venv/lib/python3.12/site-packages/airflow/example_dags/example_short_circuit_operator.py
[2024-12-23T06:17:21.718+0700] {processor.py:925} INFO - DAG(s) 'example_short_circuit_operator' retrieved from /mnt/d/Project/airflow-news/venv/lib/python3.12/site-packages/airflow/example_dags/example_short_circuit_operator.py
[2024-12-23T06:17:21.761+0700] {logging_mixin.py:190} INFO - [2024-12-23T06:17:21.760+0700] {dag.py:3239} INFO - Sync 1 DAGs
[2024-12-23T06:17:21.785+0700] {logging_mixin.py:190} INFO - [2024-12-23T06:17:21.783+0700] {dag.py:4180} INFO - Setting next_dagrun for example_short_circuit_operator to None, run_after=None
[2024-12-23T06:17:21.876+0700] {processor.py:208} INFO - Processing /mnt/d/Project/airflow-news/venv/lib/python3.12/site-packages/airflow/example_dags/example_short_circuit_operator.py took 0.308 seconds
[2024-12-23T06:18:37.398+0700] {processor.py:186} INFO - Started process (PID=5649) to work on /mnt/d/Project/airflow-news/venv/lib/python3.12/site-packages/airflow/example_dags/example_short_circuit_operator.py
[2024-12-23T06:18:37.400+0700] {processor.py:914} INFO - Processing file /mnt/d/Project/airflow-news/venv/lib/python3.12/site-packages/airflow/example_dags/example_short_circuit_operator.py for tasks to queue
[2024-12-23T06:18:37.404+0700] {logging_mixin.py:190} INFO - [2024-12-23T06:18:37.403+0700] {dagbag.py:588} INFO - Filling up the DagBag from /mnt/d/Project/airflow-news/venv/lib/python3.12/site-packages/airflow/example_dags/example_short_circuit_operator.py
[2024-12-23T06:18:37.430+0700] {processor.py:925} INFO - DAG(s) 'example_short_circuit_operator' retrieved from /mnt/d/Project/airflow-news/venv/lib/python3.12/site-packages/airflow/example_dags/example_short_circuit_operator.py
[2024-12-23T06:18:37.469+0700] {logging_mixin.py:190} INFO - [2024-12-23T06:18:37.468+0700] {dag.py:3239} INFO - Sync 1 DAGs
[2024-12-23T06:18:37.486+0700] {logging_mixin.py:190} INFO - [2024-12-23T06:18:37.484+0700] {dag.py:4180} INFO - Setting next_dagrun for example_short_circuit_operator to None, run_after=None
[2024-12-23T06:18:37.564+0700] {processor.py:208} INFO - Processing /mnt/d/Project/airflow-news/venv/lib/python3.12/site-packages/airflow/example_dags/example_short_circuit_operator.py took 0.182 seconds
[2024-12-23T06:18:50.175+0700] {processor.py:186} INFO - Started process (PID=5680) to work on /mnt/d/Project/airflow-news/venv/lib/python3.12/site-packages/airflow/example_dags/example_short_circuit_operator.py
[2024-12-23T06:18:50.176+0700] {processor.py:914} INFO - Processing file /mnt/d/Project/airflow-news/venv/lib/python3.12/site-packages/airflow/example_dags/example_short_circuit_operator.py for tasks to queue
[2024-12-23T06:18:50.181+0700] {logging_mixin.py:190} INFO - [2024-12-23T06:18:50.180+0700] {dagbag.py:588} INFO - Filling up the DagBag from /mnt/d/Project/airflow-news/venv/lib/python3.12/site-packages/airflow/example_dags/example_short_circuit_operator.py
[2024-12-23T06:18:50.268+0700] {processor.py:925} INFO - DAG(s) 'example_short_circuit_operator' retrieved from /mnt/d/Project/airflow-news/venv/lib/python3.12/site-packages/airflow/example_dags/example_short_circuit_operator.py
[2024-12-23T06:18:50.312+0700] {logging_mixin.py:190} INFO - [2024-12-23T06:18:50.310+0700] {dag.py:3239} INFO - Sync 1 DAGs
[2024-12-23T06:18:50.337+0700] {logging_mixin.py:190} INFO - [2024-12-23T06:18:50.336+0700] {dag.py:4180} INFO - Setting next_dagrun for example_short_circuit_operator to None, run_after=None
[2024-12-23T06:18:50.422+0700] {processor.py:208} INFO - Processing /mnt/d/Project/airflow-news/venv/lib/python3.12/site-packages/airflow/example_dags/example_short_circuit_operator.py took 0.268 seconds
[2024-12-23T06:20:04.096+0700] {processor.py:186} INFO - Started process (PID=5906) to work on /mnt/d/Project/airflow-news/venv/lib/python3.12/site-packages/airflow/example_dags/example_short_circuit_operator.py
[2024-12-23T06:20:04.099+0700] {processor.py:914} INFO - Processing file /mnt/d/Project/airflow-news/venv/lib/python3.12/site-packages/airflow/example_dags/example_short_circuit_operator.py for tasks to queue
[2024-12-23T06:20:04.103+0700] {logging_mixin.py:190} INFO - [2024-12-23T06:20:04.102+0700] {dagbag.py:588} INFO - Filling up the DagBag from /mnt/d/Project/airflow-news/venv/lib/python3.12/site-packages/airflow/example_dags/example_short_circuit_operator.py
[2024-12-23T06:20:04.142+0700] {processor.py:925} INFO - DAG(s) 'example_short_circuit_operator' retrieved from /mnt/d/Project/airflow-news/venv/lib/python3.12/site-packages/airflow/example_dags/example_short_circuit_operator.py
[2024-12-23T06:20:04.194+0700] {logging_mixin.py:190} INFO - [2024-12-23T06:20:04.192+0700] {dag.py:3239} INFO - Sync 1 DAGs
[2024-12-23T06:20:04.218+0700] {logging_mixin.py:190} INFO - [2024-12-23T06:20:04.216+0700] {dag.py:4180} INFO - Setting next_dagrun for example_short_circuit_operator to None, run_after=None
[2024-12-23T06:20:04.300+0700] {processor.py:208} INFO - Processing /mnt/d/Project/airflow-news/venv/lib/python3.12/site-packages/airflow/example_dags/example_short_circuit_operator.py took 0.227 seconds
[2024-12-23T06:20:39.709+0700] {processor.py:186} INFO - Started process (PID=6007) to work on /mnt/d/Project/airflow-news/venv/lib/python3.12/site-packages/airflow/example_dags/example_short_circuit_operator.py
[2024-12-23T06:20:39.712+0700] {processor.py:914} INFO - Processing file /mnt/d/Project/airflow-news/venv/lib/python3.12/site-packages/airflow/example_dags/example_short_circuit_operator.py for tasks to queue
[2024-12-23T06:20:39.717+0700] {logging_mixin.py:190} INFO - [2024-12-23T06:20:39.716+0700] {dagbag.py:588} INFO - Filling up the DagBag from /mnt/d/Project/airflow-news/venv/lib/python3.12/site-packages/airflow/example_dags/example_short_circuit_operator.py
[2024-12-23T06:20:39.820+0700] {processor.py:925} INFO - DAG(s) 'example_short_circuit_operator' retrieved from /mnt/d/Project/airflow-news/venv/lib/python3.12/site-packages/airflow/example_dags/example_short_circuit_operator.py
[2024-12-23T06:20:39.868+0700] {logging_mixin.py:190} INFO - [2024-12-23T06:20:39.866+0700] {dag.py:3239} INFO - Sync 1 DAGs
[2024-12-23T06:20:39.892+0700] {logging_mixin.py:190} INFO - [2024-12-23T06:20:39.891+0700] {dag.py:4180} INFO - Setting next_dagrun for example_short_circuit_operator to None, run_after=None
[2024-12-23T06:20:39.982+0700] {processor.py:208} INFO - Processing /mnt/d/Project/airflow-news/venv/lib/python3.12/site-packages/airflow/example_dags/example_short_circuit_operator.py took 0.297 seconds
[2024-12-23T06:22:40.193+0700] {processor.py:186} INFO - Started process (PID=6319) to work on /mnt/d/Project/airflow-news/venv/lib/python3.12/site-packages/airflow/example_dags/example_short_circuit_operator.py
[2024-12-23T06:22:40.195+0700] {processor.py:914} INFO - Processing file /mnt/d/Project/airflow-news/venv/lib/python3.12/site-packages/airflow/example_dags/example_short_circuit_operator.py for tasks to queue
[2024-12-23T06:22:40.200+0700] {logging_mixin.py:190} INFO - [2024-12-23T06:22:40.199+0700] {dagbag.py:588} INFO - Filling up the DagBag from /mnt/d/Project/airflow-news/venv/lib/python3.12/site-packages/airflow/example_dags/example_short_circuit_operator.py
[2024-12-23T06:22:40.292+0700] {processor.py:925} INFO - DAG(s) 'example_short_circuit_operator' retrieved from /mnt/d/Project/airflow-news/venv/lib/python3.12/site-packages/airflow/example_dags/example_short_circuit_operator.py
[2024-12-23T06:22:40.340+0700] {logging_mixin.py:190} INFO - [2024-12-23T06:22:40.338+0700] {dag.py:3239} INFO - Sync 1 DAGs
[2024-12-23T06:22:40.362+0700] {logging_mixin.py:190} INFO - [2024-12-23T06:22:40.361+0700] {dag.py:4180} INFO - Setting next_dagrun for example_short_circuit_operator to None, run_after=None
[2024-12-23T06:22:40.446+0700] {processor.py:208} INFO - Processing /mnt/d/Project/airflow-news/venv/lib/python3.12/site-packages/airflow/example_dags/example_short_circuit_operator.py took 0.275 seconds
[2024-12-23T06:22:42.574+0700] {processor.py:186} INFO - Started process (PID=6336) to work on /mnt/d/Project/airflow-news/venv/lib/python3.12/site-packages/airflow/example_dags/example_short_circuit_operator.py
[2024-12-23T06:22:42.577+0700] {processor.py:914} INFO - Processing file /mnt/d/Project/airflow-news/venv/lib/python3.12/site-packages/airflow/example_dags/example_short_circuit_operator.py for tasks to queue
[2024-12-23T06:22:42.581+0700] {logging_mixin.py:190} INFO - [2024-12-23T06:22:42.579+0700] {dagbag.py:588} INFO - Filling up the DagBag from /mnt/d/Project/airflow-news/venv/lib/python3.12/site-packages/airflow/example_dags/example_short_circuit_operator.py
[2024-12-23T06:22:42.649+0700] {processor.py:925} INFO - DAG(s) 'example_short_circuit_operator' retrieved from /mnt/d/Project/airflow-news/venv/lib/python3.12/site-packages/airflow/example_dags/example_short_circuit_operator.py
[2024-12-23T06:22:42.705+0700] {logging_mixin.py:190} INFO - [2024-12-23T06:22:42.703+0700] {dag.py:3239} INFO - Sync 1 DAGs
[2024-12-23T06:22:42.728+0700] {logging_mixin.py:190} INFO - [2024-12-23T06:22:42.726+0700] {dag.py:4180} INFO - Setting next_dagrun for example_short_circuit_operator to None, run_after=None
[2024-12-23T06:22:42.817+0700] {processor.py:208} INFO - Processing /mnt/d/Project/airflow-news/venv/lib/python3.12/site-packages/airflow/example_dags/example_short_circuit_operator.py took 0.258 seconds
[2024-12-23T06:24:04.438+0700] {processor.py:186} INFO - Started process (PID=6590) to work on /mnt/d/Project/airflow-news/venv/lib/python3.12/site-packages/airflow/example_dags/example_short_circuit_operator.py
[2024-12-23T06:24:04.440+0700] {processor.py:914} INFO - Processing file /mnt/d/Project/airflow-news/venv/lib/python3.12/site-packages/airflow/example_dags/example_short_circuit_operator.py for tasks to queue
[2024-12-23T06:24:04.445+0700] {logging_mixin.py:190} INFO - [2024-12-23T06:24:04.443+0700] {dagbag.py:588} INFO - Filling up the DagBag from /mnt/d/Project/airflow-news/venv/lib/python3.12/site-packages/airflow/example_dags/example_short_circuit_operator.py
[2024-12-23T06:24:04.534+0700] {processor.py:925} INFO - DAG(s) 'example_short_circuit_operator' retrieved from /mnt/d/Project/airflow-news/venv/lib/python3.12/site-packages/airflow/example_dags/example_short_circuit_operator.py
[2024-12-23T06:24:04.577+0700] {logging_mixin.py:190} INFO - [2024-12-23T06:24:04.575+0700] {dag.py:3239} INFO - Sync 1 DAGs
[2024-12-23T06:24:04.595+0700] {logging_mixin.py:190} INFO - [2024-12-23T06:24:04.593+0700] {dag.py:4180} INFO - Setting next_dagrun for example_short_circuit_operator to None, run_after=None
[2024-12-23T06:24:04.668+0700] {processor.py:208} INFO - Processing /mnt/d/Project/airflow-news/venv/lib/python3.12/site-packages/airflow/example_dags/example_short_circuit_operator.py took 0.245 seconds
[2024-12-23T06:24:32.375+0700] {processor.py:186} INFO - Started process (PID=6678) to work on /mnt/d/Project/airflow-news/venv/lib/python3.12/site-packages/airflow/example_dags/example_short_circuit_operator.py
[2024-12-23T06:24:32.377+0700] {processor.py:914} INFO - Processing file /mnt/d/Project/airflow-news/venv/lib/python3.12/site-packages/airflow/example_dags/example_short_circuit_operator.py for tasks to queue
[2024-12-23T06:24:32.382+0700] {logging_mixin.py:190} INFO - [2024-12-23T06:24:32.380+0700] {dagbag.py:588} INFO - Filling up the DagBag from /mnt/d/Project/airflow-news/venv/lib/python3.12/site-packages/airflow/example_dags/example_short_circuit_operator.py
[2024-12-23T06:24:32.478+0700] {processor.py:925} INFO - DAG(s) 'example_short_circuit_operator' retrieved from /mnt/d/Project/airflow-news/venv/lib/python3.12/site-packages/airflow/example_dags/example_short_circuit_operator.py
[2024-12-23T06:24:32.517+0700] {logging_mixin.py:190} INFO - [2024-12-23T06:24:32.516+0700] {dag.py:3239} INFO - Sync 1 DAGs
[2024-12-23T06:24:32.538+0700] {logging_mixin.py:190} INFO - [2024-12-23T06:24:32.537+0700] {dag.py:4180} INFO - Setting next_dagrun for example_short_circuit_operator to None, run_after=None
[2024-12-23T06:24:32.619+0700] {processor.py:208} INFO - Processing /mnt/d/Project/airflow-news/venv/lib/python3.12/site-packages/airflow/example_dags/example_short_circuit_operator.py took 0.267 seconds
[2024-12-23T06:25:30.211+0700] {processor.py:186} INFO - Started process (PID=6863) to work on /mnt/d/Project/airflow-news/venv/lib/python3.12/site-packages/airflow/example_dags/example_short_circuit_operator.py
[2024-12-23T06:25:30.213+0700] {processor.py:914} INFO - Processing file /mnt/d/Project/airflow-news/venv/lib/python3.12/site-packages/airflow/example_dags/example_short_circuit_operator.py for tasks to queue
[2024-12-23T06:25:30.218+0700] {logging_mixin.py:190} INFO - [2024-12-23T06:25:30.217+0700] {dagbag.py:588} INFO - Filling up the DagBag from /mnt/d/Project/airflow-news/venv/lib/python3.12/site-packages/airflow/example_dags/example_short_circuit_operator.py
[2024-12-23T06:25:30.315+0700] {processor.py:925} INFO - DAG(s) 'example_short_circuit_operator' retrieved from /mnt/d/Project/airflow-news/venv/lib/python3.12/site-packages/airflow/example_dags/example_short_circuit_operator.py
[2024-12-23T06:25:30.360+0700] {logging_mixin.py:190} INFO - [2024-12-23T06:25:30.359+0700] {dag.py:3239} INFO - Sync 1 DAGs
[2024-12-23T06:25:30.381+0700] {logging_mixin.py:190} INFO - [2024-12-23T06:25:30.380+0700] {dag.py:4180} INFO - Setting next_dagrun for example_short_circuit_operator to None, run_after=None
[2024-12-23T06:25:30.457+0700] {processor.py:208} INFO - Processing /mnt/d/Project/airflow-news/venv/lib/python3.12/site-packages/airflow/example_dags/example_short_circuit_operator.py took 0.262 seconds
[2024-12-23T06:26:18.686+0700] {processor.py:186} INFO - Started process (PID=7008) to work on /mnt/d/Project/airflow-news/venv/lib/python3.12/site-packages/airflow/example_dags/example_short_circuit_operator.py
[2024-12-23T06:26:18.689+0700] {processor.py:914} INFO - Processing file /mnt/d/Project/airflow-news/venv/lib/python3.12/site-packages/airflow/example_dags/example_short_circuit_operator.py for tasks to queue
[2024-12-23T06:26:18.694+0700] {logging_mixin.py:190} INFO - [2024-12-23T06:26:18.692+0700] {dagbag.py:588} INFO - Filling up the DagBag from /mnt/d/Project/airflow-news/venv/lib/python3.12/site-packages/airflow/example_dags/example_short_circuit_operator.py
[2024-12-23T06:26:18.792+0700] {processor.py:925} INFO - DAG(s) 'example_short_circuit_operator' retrieved from /mnt/d/Project/airflow-news/venv/lib/python3.12/site-packages/airflow/example_dags/example_short_circuit_operator.py
[2024-12-23T06:26:18.833+0700] {logging_mixin.py:190} INFO - [2024-12-23T06:26:18.832+0700] {dag.py:3239} INFO - Sync 1 DAGs
[2024-12-23T06:26:18.854+0700] {logging_mixin.py:190} INFO - [2024-12-23T06:26:18.852+0700] {dag.py:4180} INFO - Setting next_dagrun for example_short_circuit_operator to None, run_after=None
[2024-12-23T06:26:18.952+0700] {processor.py:208} INFO - Processing /mnt/d/Project/airflow-news/venv/lib/python3.12/site-packages/airflow/example_dags/example_short_circuit_operator.py took 0.291 seconds
[2024-12-23T06:27:03.339+0700] {processor.py:186} INFO - Started process (PID=7142) to work on /mnt/d/Project/airflow-news/venv/lib/python3.12/site-packages/airflow/example_dags/example_short_circuit_operator.py
[2024-12-23T06:27:03.341+0700] {processor.py:914} INFO - Processing file /mnt/d/Project/airflow-news/venv/lib/python3.12/site-packages/airflow/example_dags/example_short_circuit_operator.py for tasks to queue
[2024-12-23T06:27:03.346+0700] {logging_mixin.py:190} INFO - [2024-12-23T06:27:03.344+0700] {dagbag.py:588} INFO - Filling up the DagBag from /mnt/d/Project/airflow-news/venv/lib/python3.12/site-packages/airflow/example_dags/example_short_circuit_operator.py
[2024-12-23T06:27:03.430+0700] {processor.py:925} INFO - DAG(s) 'example_short_circuit_operator' retrieved from /mnt/d/Project/airflow-news/venv/lib/python3.12/site-packages/airflow/example_dags/example_short_circuit_operator.py
[2024-12-23T06:27:03.470+0700] {logging_mixin.py:190} INFO - [2024-12-23T06:27:03.469+0700] {dag.py:3239} INFO - Sync 1 DAGs
[2024-12-23T06:27:03.490+0700] {logging_mixin.py:190} INFO - [2024-12-23T06:27:03.488+0700] {dag.py:4180} INFO - Setting next_dagrun for example_short_circuit_operator to None, run_after=None
[2024-12-23T06:27:03.572+0700] {processor.py:208} INFO - Processing /mnt/d/Project/airflow-news/venv/lib/python3.12/site-packages/airflow/example_dags/example_short_circuit_operator.py took 0.248 seconds
[2024-12-23T06:28:05.538+0700] {processor.py:186} INFO - Started process (PID=7316) to work on /mnt/d/Project/airflow-news/venv/lib/python3.12/site-packages/airflow/example_dags/example_short_circuit_operator.py
[2024-12-23T06:28:05.540+0700] {processor.py:914} INFO - Processing file /mnt/d/Project/airflow-news/venv/lib/python3.12/site-packages/airflow/example_dags/example_short_circuit_operator.py for tasks to queue
[2024-12-23T06:28:05.546+0700] {logging_mixin.py:190} INFO - [2024-12-23T06:28:05.544+0700] {dagbag.py:588} INFO - Filling up the DagBag from /mnt/d/Project/airflow-news/venv/lib/python3.12/site-packages/airflow/example_dags/example_short_circuit_operator.py
[2024-12-23T06:28:05.638+0700] {processor.py:925} INFO - DAG(s) 'example_short_circuit_operator' retrieved from /mnt/d/Project/airflow-news/venv/lib/python3.12/site-packages/airflow/example_dags/example_short_circuit_operator.py
[2024-12-23T06:28:05.682+0700] {logging_mixin.py:190} INFO - [2024-12-23T06:28:05.680+0700] {dag.py:3239} INFO - Sync 1 DAGs
[2024-12-23T06:28:05.703+0700] {logging_mixin.py:190} INFO - [2024-12-23T06:28:05.701+0700] {dag.py:4180} INFO - Setting next_dagrun for example_short_circuit_operator to None, run_after=None
[2024-12-23T06:28:05.782+0700] {processor.py:208} INFO - Processing /mnt/d/Project/airflow-news/venv/lib/python3.12/site-packages/airflow/example_dags/example_short_circuit_operator.py took 0.266 seconds
[2024-12-23T06:28:40.060+0700] {processor.py:186} INFO - Started process (PID=7424) to work on /mnt/d/Project/airflow-news/venv/lib/python3.12/site-packages/airflow/example_dags/example_short_circuit_operator.py
[2024-12-23T06:28:40.063+0700] {processor.py:914} INFO - Processing file /mnt/d/Project/airflow-news/venv/lib/python3.12/site-packages/airflow/example_dags/example_short_circuit_operator.py for tasks to queue
[2024-12-23T06:28:40.068+0700] {logging_mixin.py:190} INFO - [2024-12-23T06:28:40.066+0700] {dagbag.py:588} INFO - Filling up the DagBag from /mnt/d/Project/airflow-news/venv/lib/python3.12/site-packages/airflow/example_dags/example_short_circuit_operator.py
[2024-12-23T06:28:40.159+0700] {processor.py:925} INFO - DAG(s) 'example_short_circuit_operator' retrieved from /mnt/d/Project/airflow-news/venv/lib/python3.12/site-packages/airflow/example_dags/example_short_circuit_operator.py
[2024-12-23T06:28:40.201+0700] {logging_mixin.py:190} INFO - [2024-12-23T06:28:40.199+0700] {dag.py:3239} INFO - Sync 1 DAGs
[2024-12-23T06:28:40.219+0700] {logging_mixin.py:190} INFO - [2024-12-23T06:28:40.218+0700] {dag.py:4180} INFO - Setting next_dagrun for example_short_circuit_operator to None, run_after=None
[2024-12-23T06:28:40.292+0700] {processor.py:208} INFO - Processing /mnt/d/Project/airflow-news/venv/lib/python3.12/site-packages/airflow/example_dags/example_short_circuit_operator.py took 0.249 seconds
[2024-12-23T06:29:52.709+0700] {processor.py:186} INFO - Started process (PID=7639) to work on /mnt/d/Project/airflow-news/venv/lib/python3.12/site-packages/airflow/example_dags/example_short_circuit_operator.py
[2024-12-23T06:29:52.711+0700] {processor.py:914} INFO - Processing file /mnt/d/Project/airflow-news/venv/lib/python3.12/site-packages/airflow/example_dags/example_short_circuit_operator.py for tasks to queue
[2024-12-23T06:29:52.717+0700] {logging_mixin.py:190} INFO - [2024-12-23T06:29:52.715+0700] {dagbag.py:588} INFO - Filling up the DagBag from /mnt/d/Project/airflow-news/venv/lib/python3.12/site-packages/airflow/example_dags/example_short_circuit_operator.py
[2024-12-23T06:29:52.815+0700] {processor.py:925} INFO - DAG(s) 'example_short_circuit_operator' retrieved from /mnt/d/Project/airflow-news/venv/lib/python3.12/site-packages/airflow/example_dags/example_short_circuit_operator.py
[2024-12-23T06:29:52.853+0700] {logging_mixin.py:190} INFO - [2024-12-23T06:29:52.852+0700] {dag.py:3239} INFO - Sync 1 DAGs
[2024-12-23T06:29:52.873+0700] {logging_mixin.py:190} INFO - [2024-12-23T06:29:52.872+0700] {dag.py:4180} INFO - Setting next_dagrun for example_short_circuit_operator to None, run_after=None
[2024-12-23T06:29:52.945+0700] {processor.py:208} INFO - Processing /mnt/d/Project/airflow-news/venv/lib/python3.12/site-packages/airflow/example_dags/example_short_circuit_operator.py took 0.259 seconds
[2024-12-23T06:30:08.288+0700] {processor.py:186} INFO - Started process (PID=7685) to work on /mnt/d/Project/airflow-news/venv/lib/python3.12/site-packages/airflow/example_dags/example_short_circuit_operator.py
[2024-12-23T06:30:08.291+0700] {processor.py:914} INFO - Processing file /mnt/d/Project/airflow-news/venv/lib/python3.12/site-packages/airflow/example_dags/example_short_circuit_operator.py for tasks to queue
[2024-12-23T06:30:08.296+0700] {logging_mixin.py:190} INFO - [2024-12-23T06:30:08.295+0700] {dagbag.py:588} INFO - Filling up the DagBag from /mnt/d/Project/airflow-news/venv/lib/python3.12/site-packages/airflow/example_dags/example_short_circuit_operator.py
[2024-12-23T06:30:08.395+0700] {processor.py:925} INFO - DAG(s) 'example_short_circuit_operator' retrieved from /mnt/d/Project/airflow-news/venv/lib/python3.12/site-packages/airflow/example_dags/example_short_circuit_operator.py
[2024-12-23T06:30:08.438+0700] {logging_mixin.py:190} INFO - [2024-12-23T06:30:08.436+0700] {dag.py:3239} INFO - Sync 1 DAGs
[2024-12-23T06:30:08.456+0700] {logging_mixin.py:190} INFO - [2024-12-23T06:30:08.454+0700] {dag.py:4180} INFO - Setting next_dagrun for example_short_circuit_operator to None, run_after=None
[2024-12-23T06:30:08.528+0700] {processor.py:208} INFO - Processing /mnt/d/Project/airflow-news/venv/lib/python3.12/site-packages/airflow/example_dags/example_short_circuit_operator.py took 0.256 seconds
[2024-12-23T06:31:36.420+0700] {processor.py:186} INFO - Started process (PID=7942) to work on /mnt/d/Project/airflow-news/venv/lib/python3.12/site-packages/airflow/example_dags/example_short_circuit_operator.py
[2024-12-23T06:31:36.423+0700] {processor.py:914} INFO - Processing file /mnt/d/Project/airflow-news/venv/lib/python3.12/site-packages/airflow/example_dags/example_short_circuit_operator.py for tasks to queue
[2024-12-23T06:31:36.428+0700] {logging_mixin.py:190} INFO - [2024-12-23T06:31:36.426+0700] {dagbag.py:588} INFO - Filling up the DagBag from /mnt/d/Project/airflow-news/venv/lib/python3.12/site-packages/airflow/example_dags/example_short_circuit_operator.py
[2024-12-23T06:31:36.512+0700] {processor.py:925} INFO - DAG(s) 'example_short_circuit_operator' retrieved from /mnt/d/Project/airflow-news/venv/lib/python3.12/site-packages/airflow/example_dags/example_short_circuit_operator.py
[2024-12-23T06:31:36.549+0700] {logging_mixin.py:190} INFO - [2024-12-23T06:31:36.548+0700] {dag.py:3239} INFO - Sync 1 DAGs
[2024-12-23T06:31:36.568+0700] {logging_mixin.py:190} INFO - [2024-12-23T06:31:36.567+0700] {dag.py:4180} INFO - Setting next_dagrun for example_short_circuit_operator to None, run_after=None
[2024-12-23T06:31:36.635+0700] {processor.py:208} INFO - Processing /mnt/d/Project/airflow-news/venv/lib/python3.12/site-packages/airflow/example_dags/example_short_circuit_operator.py took 0.237 seconds
[2024-12-23T06:31:39.548+0700] {processor.py:186} INFO - Started process (PID=7949) to work on /mnt/d/Project/airflow-news/venv/lib/python3.12/site-packages/airflow/example_dags/example_short_circuit_operator.py
[2024-12-23T06:31:39.550+0700] {processor.py:914} INFO - Processing file /mnt/d/Project/airflow-news/venv/lib/python3.12/site-packages/airflow/example_dags/example_short_circuit_operator.py for tasks to queue
[2024-12-23T06:31:39.555+0700] {logging_mixin.py:190} INFO - [2024-12-23T06:31:39.553+0700] {dagbag.py:588} INFO - Filling up the DagBag from /mnt/d/Project/airflow-news/venv/lib/python3.12/site-packages/airflow/example_dags/example_short_circuit_operator.py
[2024-12-23T06:31:39.644+0700] {processor.py:925} INFO - DAG(s) 'example_short_circuit_operator' retrieved from /mnt/d/Project/airflow-news/venv/lib/python3.12/site-packages/airflow/example_dags/example_short_circuit_operator.py
[2024-12-23T06:31:39.682+0700] {logging_mixin.py:190} INFO - [2024-12-23T06:31:39.680+0700] {dag.py:3239} INFO - Sync 1 DAGs
[2024-12-23T06:31:39.702+0700] {logging_mixin.py:190} INFO - [2024-12-23T06:31:39.701+0700] {dag.py:4180} INFO - Setting next_dagrun for example_short_circuit_operator to None, run_after=None
[2024-12-23T06:31:39.775+0700] {processor.py:208} INFO - Processing /mnt/d/Project/airflow-news/venv/lib/python3.12/site-packages/airflow/example_dags/example_short_circuit_operator.py took 0.242 seconds
[2024-12-23T06:33:14.935+0700] {processor.py:186} INFO - Started process (PID=8249) to work on /mnt/d/Project/airflow-news/venv/lib/python3.12/site-packages/airflow/example_dags/example_short_circuit_operator.py
[2024-12-23T06:33:14.937+0700] {processor.py:914} INFO - Processing file /mnt/d/Project/airflow-news/venv/lib/python3.12/site-packages/airflow/example_dags/example_short_circuit_operator.py for tasks to queue
[2024-12-23T06:33:14.942+0700] {logging_mixin.py:190} INFO - [2024-12-23T06:33:14.941+0700] {dagbag.py:588} INFO - Filling up the DagBag from /mnt/d/Project/airflow-news/venv/lib/python3.12/site-packages/airflow/example_dags/example_short_circuit_operator.py
[2024-12-23T06:33:15.039+0700] {processor.py:925} INFO - DAG(s) 'example_short_circuit_operator' retrieved from /mnt/d/Project/airflow-news/venv/lib/python3.12/site-packages/airflow/example_dags/example_short_circuit_operator.py
[2024-12-23T06:33:15.083+0700] {logging_mixin.py:190} INFO - [2024-12-23T06:33:15.081+0700] {dag.py:3239} INFO - Sync 1 DAGs
[2024-12-23T06:33:15.103+0700] {logging_mixin.py:190} INFO - [2024-12-23T06:33:15.101+0700] {dag.py:4180} INFO - Setting next_dagrun for example_short_circuit_operator to None, run_after=None
[2024-12-23T06:33:15.186+0700] {processor.py:208} INFO - Processing /mnt/d/Project/airflow-news/venv/lib/python3.12/site-packages/airflow/example_dags/example_short_circuit_operator.py took 0.266 seconds
[2024-12-23T06:33:31.247+0700] {processor.py:186} INFO - Started process (PID=8292) to work on /mnt/d/Project/airflow-news/venv/lib/python3.12/site-packages/airflow/example_dags/example_short_circuit_operator.py
[2024-12-23T06:33:31.251+0700] {processor.py:914} INFO - Processing file /mnt/d/Project/airflow-news/venv/lib/python3.12/site-packages/airflow/example_dags/example_short_circuit_operator.py for tasks to queue
[2024-12-23T06:33:31.256+0700] {logging_mixin.py:190} INFO - [2024-12-23T06:33:31.254+0700] {dagbag.py:588} INFO - Filling up the DagBag from /mnt/d/Project/airflow-news/venv/lib/python3.12/site-packages/airflow/example_dags/example_short_circuit_operator.py
[2024-12-23T06:33:31.370+0700] {processor.py:925} INFO - DAG(s) 'example_short_circuit_operator' retrieved from /mnt/d/Project/airflow-news/venv/lib/python3.12/site-packages/airflow/example_dags/example_short_circuit_operator.py
[2024-12-23T06:33:31.420+0700] {logging_mixin.py:190} INFO - [2024-12-23T06:33:31.418+0700] {dag.py:3239} INFO - Sync 1 DAGs
[2024-12-23T06:33:31.443+0700] {logging_mixin.py:190} INFO - [2024-12-23T06:33:31.441+0700] {dag.py:4180} INFO - Setting next_dagrun for example_short_circuit_operator to None, run_after=None
[2024-12-23T06:33:31.522+0700] {processor.py:208} INFO - Processing /mnt/d/Project/airflow-news/venv/lib/python3.12/site-packages/airflow/example_dags/example_short_circuit_operator.py took 0.302 seconds
[2024-12-23T06:34:53.735+0700] {processor.py:186} INFO - Started process (PID=8521) to work on /mnt/d/Project/airflow-news/venv/lib/python3.12/site-packages/airflow/example_dags/example_short_circuit_operator.py
[2024-12-23T06:34:53.737+0700] {processor.py:914} INFO - Processing file /mnt/d/Project/airflow-news/venv/lib/python3.12/site-packages/airflow/example_dags/example_short_circuit_operator.py for tasks to queue
[2024-12-23T06:34:53.743+0700] {logging_mixin.py:190} INFO - [2024-12-23T06:34:53.741+0700] {dagbag.py:588} INFO - Filling up the DagBag from /mnt/d/Project/airflow-news/venv/lib/python3.12/site-packages/airflow/example_dags/example_short_circuit_operator.py
[2024-12-23T06:34:53.860+0700] {processor.py:925} INFO - DAG(s) 'example_short_circuit_operator' retrieved from /mnt/d/Project/airflow-news/venv/lib/python3.12/site-packages/airflow/example_dags/example_short_circuit_operator.py
[2024-12-23T06:34:53.906+0700] {logging_mixin.py:190} INFO - [2024-12-23T06:34:53.905+0700] {dag.py:3239} INFO - Sync 1 DAGs
[2024-12-23T06:34:53.933+0700] {logging_mixin.py:190} INFO - [2024-12-23T06:34:53.931+0700] {dag.py:4180} INFO - Setting next_dagrun for example_short_circuit_operator to None, run_after=None
[2024-12-23T06:34:54.029+0700] {processor.py:208} INFO - Processing /mnt/d/Project/airflow-news/venv/lib/python3.12/site-packages/airflow/example_dags/example_short_circuit_operator.py took 0.312 seconds
[2024-12-23T06:36:19.808+0700] {processor.py:186} INFO - Started process (PID=8795) to work on /mnt/d/Project/airflow-news/venv/lib/python3.12/site-packages/airflow/example_dags/example_short_circuit_operator.py
[2024-12-23T06:36:19.811+0700] {processor.py:914} INFO - Processing file /mnt/d/Project/airflow-news/venv/lib/python3.12/site-packages/airflow/example_dags/example_short_circuit_operator.py for tasks to queue
[2024-12-23T06:36:19.815+0700] {logging_mixin.py:190} INFO - [2024-12-23T06:36:19.814+0700] {dagbag.py:588} INFO - Filling up the DagBag from /mnt/d/Project/airflow-news/venv/lib/python3.12/site-packages/airflow/example_dags/example_short_circuit_operator.py
[2024-12-23T06:36:19.917+0700] {processor.py:925} INFO - DAG(s) 'example_short_circuit_operator' retrieved from /mnt/d/Project/airflow-news/venv/lib/python3.12/site-packages/airflow/example_dags/example_short_circuit_operator.py
[2024-12-23T06:36:19.967+0700] {logging_mixin.py:190} INFO - [2024-12-23T06:36:19.965+0700] {dag.py:3239} INFO - Sync 1 DAGs
[2024-12-23T06:36:19.994+0700] {logging_mixin.py:190} INFO - [2024-12-23T06:36:19.993+0700] {dag.py:4180} INFO - Setting next_dagrun for example_short_circuit_operator to None, run_after=None
[2024-12-23T06:36:20.071+0700] {processor.py:208} INFO - Processing /mnt/d/Project/airflow-news/venv/lib/python3.12/site-packages/airflow/example_dags/example_short_circuit_operator.py took 0.288 seconds
[2024-12-23T06:36:40.486+0700] {processor.py:186} INFO - Started process (PID=8851) to work on /mnt/d/Project/airflow-news/venv/lib/python3.12/site-packages/airflow/example_dags/example_short_circuit_operator.py
[2024-12-23T06:36:40.488+0700] {processor.py:914} INFO - Processing file /mnt/d/Project/airflow-news/venv/lib/python3.12/site-packages/airflow/example_dags/example_short_circuit_operator.py for tasks to queue
[2024-12-23T06:36:40.492+0700] {logging_mixin.py:190} INFO - [2024-12-23T06:36:40.491+0700] {dagbag.py:588} INFO - Filling up the DagBag from /mnt/d/Project/airflow-news/venv/lib/python3.12/site-packages/airflow/example_dags/example_short_circuit_operator.py
[2024-12-23T06:36:40.581+0700] {processor.py:925} INFO - DAG(s) 'example_short_circuit_operator' retrieved from /mnt/d/Project/airflow-news/venv/lib/python3.12/site-packages/airflow/example_dags/example_short_circuit_operator.py
[2024-12-23T06:36:40.621+0700] {logging_mixin.py:190} INFO - [2024-12-23T06:36:40.620+0700] {dag.py:3239} INFO - Sync 1 DAGs
[2024-12-23T06:36:40.641+0700] {logging_mixin.py:190} INFO - [2024-12-23T06:36:40.640+0700] {dag.py:4180} INFO - Setting next_dagrun for example_short_circuit_operator to None, run_after=None
[2024-12-23T06:36:40.710+0700] {processor.py:208} INFO - Processing /mnt/d/Project/airflow-news/venv/lib/python3.12/site-packages/airflow/example_dags/example_short_circuit_operator.py took 0.240 seconds
[2024-12-23T06:37:47.005+0700] {processor.py:186} INFO - Started process (PID=9075) to work on /mnt/d/Project/airflow-news/venv/lib/python3.12/site-packages/airflow/example_dags/example_short_circuit_operator.py
[2024-12-23T06:37:47.009+0700] {processor.py:914} INFO - Processing file /mnt/d/Project/airflow-news/venv/lib/python3.12/site-packages/airflow/example_dags/example_short_circuit_operator.py for tasks to queue
[2024-12-23T06:37:47.017+0700] {logging_mixin.py:190} INFO - [2024-12-23T06:37:47.014+0700] {dagbag.py:588} INFO - Filling up the DagBag from /mnt/d/Project/airflow-news/venv/lib/python3.12/site-packages/airflow/example_dags/example_short_circuit_operator.py
[2024-12-23T06:37:47.133+0700] {processor.py:925} INFO - DAG(s) 'example_short_circuit_operator' retrieved from /mnt/d/Project/airflow-news/venv/lib/python3.12/site-packages/airflow/example_dags/example_short_circuit_operator.py
[2024-12-23T06:37:47.198+0700] {logging_mixin.py:190} INFO - [2024-12-23T06:37:47.196+0700] {dag.py:3239} INFO - Sync 1 DAGs
[2024-12-23T06:37:47.227+0700] {logging_mixin.py:190} INFO - [2024-12-23T06:37:47.225+0700] {dag.py:4180} INFO - Setting next_dagrun for example_short_circuit_operator to None, run_after=None
[2024-12-23T06:37:47.316+0700] {processor.py:208} INFO - Processing /mnt/d/Project/airflow-news/venv/lib/python3.12/site-packages/airflow/example_dags/example_short_circuit_operator.py took 0.342 seconds
[2024-12-23T06:37:56.456+0700] {processor.py:186} INFO - Started process (PID=9122) to work on /mnt/d/Project/airflow-news/venv/lib/python3.12/site-packages/airflow/example_dags/example_short_circuit_operator.py
[2024-12-23T06:37:56.459+0700] {processor.py:914} INFO - Processing file /mnt/d/Project/airflow-news/venv/lib/python3.12/site-packages/airflow/example_dags/example_short_circuit_operator.py for tasks to queue
[2024-12-23T06:37:56.463+0700] {logging_mixin.py:190} INFO - [2024-12-23T06:37:56.462+0700] {dagbag.py:588} INFO - Filling up the DagBag from /mnt/d/Project/airflow-news/venv/lib/python3.12/site-packages/airflow/example_dags/example_short_circuit_operator.py
[2024-12-23T06:37:56.565+0700] {processor.py:925} INFO - DAG(s) 'example_short_circuit_operator' retrieved from /mnt/d/Project/airflow-news/venv/lib/python3.12/site-packages/airflow/example_dags/example_short_circuit_operator.py
[2024-12-23T06:37:56.610+0700] {logging_mixin.py:190} INFO - [2024-12-23T06:37:56.609+0700] {dag.py:3239} INFO - Sync 1 DAGs
[2024-12-23T06:37:56.633+0700] {logging_mixin.py:190} INFO - [2024-12-23T06:37:56.632+0700] {dag.py:4180} INFO - Setting next_dagrun for example_short_circuit_operator to None, run_after=None
[2024-12-23T06:37:56.714+0700] {processor.py:208} INFO - Processing /mnt/d/Project/airflow-news/venv/lib/python3.12/site-packages/airflow/example_dags/example_short_circuit_operator.py took 0.274 seconds
[2024-12-23T06:39:46.617+0700] {processor.py:186} INFO - Started process (PID=9451) to work on /mnt/d/Project/airflow-news/venv/lib/python3.12/site-packages/airflow/example_dags/example_short_circuit_operator.py
[2024-12-23T06:39:46.620+0700] {processor.py:914} INFO - Processing file /mnt/d/Project/airflow-news/venv/lib/python3.12/site-packages/airflow/example_dags/example_short_circuit_operator.py for tasks to queue
[2024-12-23T06:39:46.626+0700] {logging_mixin.py:190} INFO - [2024-12-23T06:39:46.624+0700] {dagbag.py:588} INFO - Filling up the DagBag from /mnt/d/Project/airflow-news/venv/lib/python3.12/site-packages/airflow/example_dags/example_short_circuit_operator.py
[2024-12-23T06:39:46.733+0700] {processor.py:925} INFO - DAG(s) 'example_short_circuit_operator' retrieved from /mnt/d/Project/airflow-news/venv/lib/python3.12/site-packages/airflow/example_dags/example_short_circuit_operator.py
[2024-12-23T06:39:46.780+0700] {logging_mixin.py:190} INFO - [2024-12-23T06:39:46.779+0700] {dag.py:3239} INFO - Sync 1 DAGs
[2024-12-23T06:39:46.803+0700] {logging_mixin.py:190} INFO - [2024-12-23T06:39:46.802+0700] {dag.py:4180} INFO - Setting next_dagrun for example_short_circuit_operator to None, run_after=None
[2024-12-23T06:39:46.884+0700] {processor.py:208} INFO - Processing /mnt/d/Project/airflow-news/venv/lib/python3.12/site-packages/airflow/example_dags/example_short_circuit_operator.py took 0.294 seconds
[2024-12-23T06:41:46.842+0700] {processor.py:186} INFO - Started process (PID=9733) to work on /mnt/d/Project/airflow-news/venv/lib/python3.12/site-packages/airflow/example_dags/example_short_circuit_operator.py
[2024-12-23T06:41:46.844+0700] {processor.py:914} INFO - Processing file /mnt/d/Project/airflow-news/venv/lib/python3.12/site-packages/airflow/example_dags/example_short_circuit_operator.py for tasks to queue
[2024-12-23T06:41:46.848+0700] {logging_mixin.py:190} INFO - [2024-12-23T06:41:46.847+0700] {dagbag.py:588} INFO - Filling up the DagBag from /mnt/d/Project/airflow-news/venv/lib/python3.12/site-packages/airflow/example_dags/example_short_circuit_operator.py
[2024-12-23T06:41:46.935+0700] {processor.py:925} INFO - DAG(s) 'example_short_circuit_operator' retrieved from /mnt/d/Project/airflow-news/venv/lib/python3.12/site-packages/airflow/example_dags/example_short_circuit_operator.py
[2024-12-23T06:41:46.971+0700] {logging_mixin.py:190} INFO - [2024-12-23T06:41:46.970+0700] {dag.py:3239} INFO - Sync 1 DAGs
[2024-12-23T06:41:46.991+0700] {logging_mixin.py:190} INFO - [2024-12-23T06:41:46.989+0700] {dag.py:4180} INFO - Setting next_dagrun for example_short_circuit_operator to None, run_after=None
[2024-12-23T06:41:47.066+0700] {processor.py:208} INFO - Processing /mnt/d/Project/airflow-news/venv/lib/python3.12/site-packages/airflow/example_dags/example_short_circuit_operator.py took 0.246 seconds
[2024-12-23T06:43:46.654+0700] {processor.py:186} INFO - Started process (PID=10113) to work on /mnt/d/Project/airflow-news/venv/lib/python3.12/site-packages/airflow/example_dags/example_short_circuit_operator.py
[2024-12-23T06:43:46.656+0700] {processor.py:914} INFO - Processing file /mnt/d/Project/airflow-news/venv/lib/python3.12/site-packages/airflow/example_dags/example_short_circuit_operator.py for tasks to queue
[2024-12-23T06:43:46.661+0700] {logging_mixin.py:190} INFO - [2024-12-23T06:43:46.659+0700] {dagbag.py:588} INFO - Filling up the DagBag from /mnt/d/Project/airflow-news/venv/lib/python3.12/site-packages/airflow/example_dags/example_short_circuit_operator.py
[2024-12-23T06:43:46.748+0700] {processor.py:925} INFO - DAG(s) 'example_short_circuit_operator' retrieved from /mnt/d/Project/airflow-news/venv/lib/python3.12/site-packages/airflow/example_dags/example_short_circuit_operator.py
[2024-12-23T06:43:46.789+0700] {logging_mixin.py:190} INFO - [2024-12-23T06:43:46.787+0700] {dag.py:3239} INFO - Sync 1 DAGs
[2024-12-23T06:43:46.808+0700] {logging_mixin.py:190} INFO - [2024-12-23T06:43:46.807+0700] {dag.py:4180} INFO - Setting next_dagrun for example_short_circuit_operator to None, run_after=None
[2024-12-23T06:43:46.881+0700] {processor.py:208} INFO - Processing /mnt/d/Project/airflow-news/venv/lib/python3.12/site-packages/airflow/example_dags/example_short_circuit_operator.py took 0.249 seconds
[2024-12-23T06:45:43.944+0700] {processor.py:186} INFO - Started process (PID=10432) to work on /mnt/d/Project/airflow-news/venv/lib/python3.12/site-packages/airflow/example_dags/example_short_circuit_operator.py
[2024-12-23T06:45:43.946+0700] {processor.py:914} INFO - Processing file /mnt/d/Project/airflow-news/venv/lib/python3.12/site-packages/airflow/example_dags/example_short_circuit_operator.py for tasks to queue
[2024-12-23T06:45:43.952+0700] {logging_mixin.py:190} INFO - [2024-12-23T06:45:43.950+0700] {dagbag.py:588} INFO - Filling up the DagBag from /mnt/d/Project/airflow-news/venv/lib/python3.12/site-packages/airflow/example_dags/example_short_circuit_operator.py
[2024-12-23T06:45:44.048+0700] {processor.py:925} INFO - DAG(s) 'example_short_circuit_operator' retrieved from /mnt/d/Project/airflow-news/venv/lib/python3.12/site-packages/airflow/example_dags/example_short_circuit_operator.py
[2024-12-23T06:45:44.090+0700] {logging_mixin.py:190} INFO - [2024-12-23T06:45:44.089+0700] {dag.py:3239} INFO - Sync 1 DAGs
[2024-12-23T06:45:44.112+0700] {logging_mixin.py:190} INFO - [2024-12-23T06:45:44.110+0700] {dag.py:4180} INFO - Setting next_dagrun for example_short_circuit_operator to None, run_after=None
[2024-12-23T06:45:44.203+0700] {processor.py:208} INFO - Processing /mnt/d/Project/airflow-news/venv/lib/python3.12/site-packages/airflow/example_dags/example_short_circuit_operator.py took 0.283 seconds
[2024-12-23T06:47:44.834+0700] {processor.py:186} INFO - Started process (PID=10684) to work on /mnt/d/Project/airflow-news/venv/lib/python3.12/site-packages/airflow/example_dags/example_short_circuit_operator.py
[2024-12-23T06:47:44.836+0700] {processor.py:914} INFO - Processing file /mnt/d/Project/airflow-news/venv/lib/python3.12/site-packages/airflow/example_dags/example_short_circuit_operator.py for tasks to queue
[2024-12-23T06:47:44.843+0700] {logging_mixin.py:190} INFO - [2024-12-23T06:47:44.841+0700] {dagbag.py:588} INFO - Filling up the DagBag from /mnt/d/Project/airflow-news/venv/lib/python3.12/site-packages/airflow/example_dags/example_short_circuit_operator.py
[2024-12-23T06:47:44.956+0700] {processor.py:925} INFO - DAG(s) 'example_short_circuit_operator' retrieved from /mnt/d/Project/airflow-news/venv/lib/python3.12/site-packages/airflow/example_dags/example_short_circuit_operator.py
[2024-12-23T06:47:45.014+0700] {logging_mixin.py:190} INFO - [2024-12-23T06:47:45.012+0700] {dag.py:3239} INFO - Sync 1 DAGs
[2024-12-23T06:47:45.047+0700] {logging_mixin.py:190} INFO - [2024-12-23T06:47:45.045+0700] {dag.py:4180} INFO - Setting next_dagrun for example_short_circuit_operator to None, run_after=None
[2024-12-23T06:47:45.156+0700] {processor.py:208} INFO - Processing /mnt/d/Project/airflow-news/venv/lib/python3.12/site-packages/airflow/example_dags/example_short_circuit_operator.py took 0.350 seconds
[2024-12-23T06:49:38.520+0700] {processor.py:186} INFO - Started process (PID=10915) to work on /mnt/d/Project/airflow-news/venv/lib/python3.12/site-packages/airflow/example_dags/example_short_circuit_operator.py
[2024-12-23T06:49:38.522+0700] {processor.py:914} INFO - Processing file /mnt/d/Project/airflow-news/venv/lib/python3.12/site-packages/airflow/example_dags/example_short_circuit_operator.py for tasks to queue
[2024-12-23T06:49:38.526+0700] {logging_mixin.py:190} INFO - [2024-12-23T06:49:38.525+0700] {dagbag.py:588} INFO - Filling up the DagBag from /mnt/d/Project/airflow-news/venv/lib/python3.12/site-packages/airflow/example_dags/example_short_circuit_operator.py
[2024-12-23T06:49:38.607+0700] {processor.py:925} INFO - DAG(s) 'example_short_circuit_operator' retrieved from /mnt/d/Project/airflow-news/venv/lib/python3.12/site-packages/airflow/example_dags/example_short_circuit_operator.py
[2024-12-23T06:49:38.652+0700] {logging_mixin.py:190} INFO - [2024-12-23T06:49:38.651+0700] {dag.py:3239} INFO - Sync 1 DAGs
[2024-12-23T06:49:38.672+0700] {logging_mixin.py:190} INFO - [2024-12-23T06:49:38.671+0700] {dag.py:4180} INFO - Setting next_dagrun for example_short_circuit_operator to None, run_after=None
[2024-12-23T06:49:38.747+0700] {processor.py:208} INFO - Processing /mnt/d/Project/airflow-news/venv/lib/python3.12/site-packages/airflow/example_dags/example_short_circuit_operator.py took 0.248 seconds
[2024-12-23T06:51:49.089+0700] {processor.py:186} INFO - Started process (PID=11165) to work on /mnt/d/Project/airflow-news/venv/lib/python3.12/site-packages/airflow/example_dags/example_short_circuit_operator.py
[2024-12-23T06:51:49.091+0700] {processor.py:914} INFO - Processing file /mnt/d/Project/airflow-news/venv/lib/python3.12/site-packages/airflow/example_dags/example_short_circuit_operator.py for tasks to queue
[2024-12-23T06:51:49.097+0700] {logging_mixin.py:190} INFO - [2024-12-23T06:51:49.094+0700] {dagbag.py:588} INFO - Filling up the DagBag from /mnt/d/Project/airflow-news/venv/lib/python3.12/site-packages/airflow/example_dags/example_short_circuit_operator.py
[2024-12-23T06:51:49.191+0700] {processor.py:925} INFO - DAG(s) 'example_short_circuit_operator' retrieved from /mnt/d/Project/airflow-news/venv/lib/python3.12/site-packages/airflow/example_dags/example_short_circuit_operator.py
[2024-12-23T06:51:49.233+0700] {logging_mixin.py:190} INFO - [2024-12-23T06:51:49.231+0700] {dag.py:3239} INFO - Sync 1 DAGs
[2024-12-23T06:51:49.255+0700] {logging_mixin.py:190} INFO - [2024-12-23T06:51:49.253+0700] {dag.py:4180} INFO - Setting next_dagrun for example_short_circuit_operator to None, run_after=None
[2024-12-23T06:51:49.341+0700] {processor.py:208} INFO - Processing /mnt/d/Project/airflow-news/venv/lib/python3.12/site-packages/airflow/example_dags/example_short_circuit_operator.py took 0.277 seconds
[2024-12-23T06:53:56.684+0700] {processor.py:186} INFO - Started process (PID=11418) to work on /mnt/d/Project/airflow-news/venv/lib/python3.12/site-packages/airflow/example_dags/example_short_circuit_operator.py
[2024-12-23T06:53:56.686+0700] {processor.py:914} INFO - Processing file /mnt/d/Project/airflow-news/venv/lib/python3.12/site-packages/airflow/example_dags/example_short_circuit_operator.py for tasks to queue
[2024-12-23T06:53:56.691+0700] {logging_mixin.py:190} INFO - [2024-12-23T06:53:56.689+0700] {dagbag.py:588} INFO - Filling up the DagBag from /mnt/d/Project/airflow-news/venv/lib/python3.12/site-packages/airflow/example_dags/example_short_circuit_operator.py
[2024-12-23T06:53:56.788+0700] {processor.py:925} INFO - DAG(s) 'example_short_circuit_operator' retrieved from /mnt/d/Project/airflow-news/venv/lib/python3.12/site-packages/airflow/example_dags/example_short_circuit_operator.py
[2024-12-23T06:53:56.832+0700] {logging_mixin.py:190} INFO - [2024-12-23T06:53:56.830+0700] {dag.py:3239} INFO - Sync 1 DAGs
[2024-12-23T06:53:56.854+0700] {logging_mixin.py:190} INFO - [2024-12-23T06:53:56.853+0700] {dag.py:4180} INFO - Setting next_dagrun for example_short_circuit_operator to None, run_after=None
[2024-12-23T06:53:56.938+0700] {processor.py:208} INFO - Processing /mnt/d/Project/airflow-news/venv/lib/python3.12/site-packages/airflow/example_dags/example_short_circuit_operator.py took 0.277 seconds
[2024-12-23T06:55:54.711+0700] {processor.py:186} INFO - Started process (PID=11658) to work on /mnt/d/Project/airflow-news/venv/lib/python3.12/site-packages/airflow/example_dags/example_short_circuit_operator.py
[2024-12-23T06:55:54.714+0700] {processor.py:914} INFO - Processing file /mnt/d/Project/airflow-news/venv/lib/python3.12/site-packages/airflow/example_dags/example_short_circuit_operator.py for tasks to queue
[2024-12-23T06:55:54.720+0700] {logging_mixin.py:190} INFO - [2024-12-23T06:55:54.718+0700] {dagbag.py:588} INFO - Filling up the DagBag from /mnt/d/Project/airflow-news/venv/lib/python3.12/site-packages/airflow/example_dags/example_short_circuit_operator.py
[2024-12-23T06:55:54.811+0700] {processor.py:925} INFO - DAG(s) 'example_short_circuit_operator' retrieved from /mnt/d/Project/airflow-news/venv/lib/python3.12/site-packages/airflow/example_dags/example_short_circuit_operator.py
[2024-12-23T06:55:54.853+0700] {logging_mixin.py:190} INFO - [2024-12-23T06:55:54.852+0700] {dag.py:3239} INFO - Sync 1 DAGs
[2024-12-23T06:55:54.872+0700] {logging_mixin.py:190} INFO - [2024-12-23T06:55:54.871+0700] {dag.py:4180} INFO - Setting next_dagrun for example_short_circuit_operator to None, run_after=None
[2024-12-23T06:55:54.953+0700] {processor.py:208} INFO - Processing /mnt/d/Project/airflow-news/venv/lib/python3.12/site-packages/airflow/example_dags/example_short_circuit_operator.py took 0.267 seconds
