[2024-12-23T05:44:45.127+0700] {processor.py:186} INFO - Started process (PID=1360) to work on /mnt/d/Project/airflow-news/venv/lib/python3.12/site-packages/airflow/example_dags/example_task_group_decorator.py
[2024-12-23T05:44:45.130+0700] {processor.py:914} INFO - Processing file /mnt/d/Project/airflow-news/venv/lib/python3.12/site-packages/airflow/example_dags/example_task_group_decorator.py for tasks to queue
[2024-12-23T05:44:45.135+0700] {logging_mixin.py:190} INFO - [2024-12-23T05:44:45.134+0700] {dagbag.py:588} INFO - Filling up the DagBag from /mnt/d/Project/airflow-news/venv/lib/python3.12/site-packages/airflow/example_dags/example_task_group_decorator.py
[2024-12-23T05:44:45.244+0700] {processor.py:925} INFO - DAG(s) 'example_task_group_decorator' retrieved from /mnt/d/Project/airflow-news/venv/lib/python3.12/site-packages/airflow/example_dags/example_task_group_decorator.py
[2024-12-23T05:44:46.962+0700] {logging_mixin.py:190} INFO - [2024-12-23T05:44:46.960+0700] {override.py:1911} INFO - Created Permission View: can edit on DAG:example_task_group_decorator
[2024-12-23T05:44:47.014+0700] {logging_mixin.py:190} INFO - [2024-12-23T05:44:47.012+0700] {override.py:1911} INFO - Created Permission View: can read on DAG:example_task_group_decorator
[2024-12-23T05:44:47.059+0700] {logging_mixin.py:190} INFO - [2024-12-23T05:44:47.057+0700] {override.py:1911} INFO - Created Permission View: can delete on DAG:example_task_group_decorator
[2024-12-23T05:44:47.131+0700] {logging_mixin.py:190} INFO - [2024-12-23T05:44:47.129+0700] {override.py:1911} INFO - Created Permission View: can read on DAG Run:example_task_group_decorator
[2024-12-23T05:44:47.179+0700] {logging_mixin.py:190} INFO - [2024-12-23T05:44:47.177+0700] {override.py:1911} INFO - Created Permission View: can delete on DAG Run:example_task_group_decorator
[2024-12-23T05:44:47.225+0700] {logging_mixin.py:190} INFO - [2024-12-23T05:44:47.223+0700] {override.py:1911} INFO - Created Permission View: menu access on DAG Run:example_task_group_decorator
[2024-12-23T05:44:47.269+0700] {logging_mixin.py:190} INFO - [2024-12-23T05:44:47.267+0700] {override.py:1911} INFO - Created Permission View: can create on DAG Run:example_task_group_decorator
[2024-12-23T05:44:47.272+0700] {logging_mixin.py:190} INFO - [2024-12-23T05:44:47.271+0700] {dag.py:3239} INFO - Sync 1 DAGs
[2024-12-23T05:44:47.302+0700] {logging_mixin.py:190} INFO - [2024-12-23T05:44:47.300+0700] {dag.py:3262} INFO - Creating ORM DAG for example_task_group_decorator
[2024-12-23T05:44:47.305+0700] {logging_mixin.py:190} INFO - [2024-12-23T05:44:47.304+0700] {dag.py:4180} INFO - Setting next_dagrun for example_task_group_decorator to None, run_after=None
[2024-12-23T05:44:47.391+0700] {processor.py:208} INFO - Processing /mnt/d/Project/airflow-news/venv/lib/python3.12/site-packages/airflow/example_dags/example_task_group_decorator.py took 2.279 seconds
[2024-12-23T05:52:28.321+0700] {processor.py:186} INFO - Started process (PID=1687) to work on /mnt/d/Project/airflow-news/venv/lib/python3.12/site-packages/airflow/example_dags/example_task_group_decorator.py
[2024-12-23T05:52:28.323+0700] {processor.py:914} INFO - Processing file /mnt/d/Project/airflow-news/venv/lib/python3.12/site-packages/airflow/example_dags/example_task_group_decorator.py for tasks to queue
[2024-12-23T05:52:28.328+0700] {logging_mixin.py:190} INFO - [2024-12-23T05:52:28.327+0700] {dagbag.py:588} INFO - Filling up the DagBag from /mnt/d/Project/airflow-news/venv/lib/python3.12/site-packages/airflow/example_dags/example_task_group_decorator.py
[2024-12-23T05:52:28.424+0700] {processor.py:925} INFO - DAG(s) 'example_task_group_decorator' retrieved from /mnt/d/Project/airflow-news/venv/lib/python3.12/site-packages/airflow/example_dags/example_task_group_decorator.py
[2024-12-23T05:52:30.108+0700] {logging_mixin.py:190} INFO - [2024-12-23T05:52:30.107+0700] {dag.py:3239} INFO - Sync 1 DAGs
[2024-12-23T05:52:30.125+0700] {logging_mixin.py:190} INFO - [2024-12-23T05:52:30.123+0700] {dag.py:4180} INFO - Setting next_dagrun for example_task_group_decorator to None, run_after=None
[2024-12-23T05:52:30.207+0700] {processor.py:208} INFO - Processing /mnt/d/Project/airflow-news/venv/lib/python3.12/site-packages/airflow/example_dags/example_task_group_decorator.py took 1.903 seconds
[2024-12-23T05:53:22.372+0700] {processor.py:186} INFO - Started process (PID=1776) to work on /mnt/d/Project/airflow-news/venv/lib/python3.12/site-packages/airflow/example_dags/example_task_group_decorator.py
[2024-12-23T05:53:22.375+0700] {processor.py:914} INFO - Processing file /mnt/d/Project/airflow-news/venv/lib/python3.12/site-packages/airflow/example_dags/example_task_group_decorator.py for tasks to queue
[2024-12-23T05:53:22.382+0700] {logging_mixin.py:190} INFO - [2024-12-23T05:53:22.380+0700] {dagbag.py:588} INFO - Filling up the DagBag from /mnt/d/Project/airflow-news/venv/lib/python3.12/site-packages/airflow/example_dags/example_task_group_decorator.py
[2024-12-23T05:53:22.492+0700] {processor.py:925} INFO - DAG(s) 'example_task_group_decorator' retrieved from /mnt/d/Project/airflow-news/venv/lib/python3.12/site-packages/airflow/example_dags/example_task_group_decorator.py
[2024-12-23T05:53:22.548+0700] {logging_mixin.py:190} INFO - [2024-12-23T05:53:22.547+0700] {dag.py:3239} INFO - Sync 1 DAGs
[2024-12-23T05:53:22.568+0700] {logging_mixin.py:190} INFO - [2024-12-23T05:53:22.566+0700] {dag.py:4180} INFO - Setting next_dagrun for example_task_group_decorator to None, run_after=None
[2024-12-23T05:53:22.647+0700] {processor.py:208} INFO - Processing /mnt/d/Project/airflow-news/venv/lib/python3.12/site-packages/airflow/example_dags/example_task_group_decorator.py took 0.291 seconds
[2024-12-23T05:55:04.986+0700] {processor.py:186} INFO - Started process (PID=2068) to work on /mnt/d/Project/airflow-news/venv/lib/python3.12/site-packages/airflow/example_dags/example_task_group_decorator.py
[2024-12-23T05:55:04.988+0700] {processor.py:914} INFO - Processing file /mnt/d/Project/airflow-news/venv/lib/python3.12/site-packages/airflow/example_dags/example_task_group_decorator.py for tasks to queue
[2024-12-23T05:55:04.993+0700] {logging_mixin.py:190} INFO - [2024-12-23T05:55:04.991+0700] {dagbag.py:588} INFO - Filling up the DagBag from /mnt/d/Project/airflow-news/venv/lib/python3.12/site-packages/airflow/example_dags/example_task_group_decorator.py
[2024-12-23T05:55:05.087+0700] {processor.py:925} INFO - DAG(s) 'example_task_group_decorator' retrieved from /mnt/d/Project/airflow-news/venv/lib/python3.12/site-packages/airflow/example_dags/example_task_group_decorator.py
[2024-12-23T05:55:05.126+0700] {logging_mixin.py:190} INFO - [2024-12-23T05:55:05.125+0700] {dag.py:3239} INFO - Sync 1 DAGs
[2024-12-23T05:55:05.143+0700] {logging_mixin.py:190} INFO - [2024-12-23T05:55:05.142+0700] {dag.py:4180} INFO - Setting next_dagrun for example_task_group_decorator to None, run_after=None
[2024-12-23T05:55:05.217+0700] {processor.py:208} INFO - Processing /mnt/d/Project/airflow-news/venv/lib/python3.12/site-packages/airflow/example_dags/example_task_group_decorator.py took 0.246 seconds
[2024-12-23T05:56:05.890+0700] {processor.py:186} INFO - Started process (PID=2212) to work on /mnt/d/Project/airflow-news/venv/lib/python3.12/site-packages/airflow/example_dags/example_task_group_decorator.py
[2024-12-23T05:56:05.893+0700] {processor.py:914} INFO - Processing file /mnt/d/Project/airflow-news/venv/lib/python3.12/site-packages/airflow/example_dags/example_task_group_decorator.py for tasks to queue
[2024-12-23T05:56:05.898+0700] {logging_mixin.py:190} INFO - [2024-12-23T05:56:05.896+0700] {dagbag.py:588} INFO - Filling up the DagBag from /mnt/d/Project/airflow-news/venv/lib/python3.12/site-packages/airflow/example_dags/example_task_group_decorator.py
[2024-12-23T05:56:05.986+0700] {processor.py:925} INFO - DAG(s) 'example_task_group_decorator' retrieved from /mnt/d/Project/airflow-news/venv/lib/python3.12/site-packages/airflow/example_dags/example_task_group_decorator.py
[2024-12-23T05:56:06.030+0700] {logging_mixin.py:190} INFO - [2024-12-23T05:56:06.029+0700] {dag.py:3239} INFO - Sync 1 DAGs
[2024-12-23T05:56:06.051+0700] {logging_mixin.py:190} INFO - [2024-12-23T05:56:06.050+0700] {dag.py:4180} INFO - Setting next_dagrun for example_task_group_decorator to None, run_after=None
[2024-12-23T05:56:06.125+0700] {processor.py:208} INFO - Processing /mnt/d/Project/airflow-news/venv/lib/python3.12/site-packages/airflow/example_dags/example_task_group_decorator.py took 0.248 seconds
[2024-12-23T05:57:40.392+0700] {processor.py:186} INFO - Started process (PID=2408) to work on /mnt/d/Project/airflow-news/venv/lib/python3.12/site-packages/airflow/example_dags/example_task_group_decorator.py
[2024-12-23T05:57:40.395+0700] {processor.py:914} INFO - Processing file /mnt/d/Project/airflow-news/venv/lib/python3.12/site-packages/airflow/example_dags/example_task_group_decorator.py for tasks to queue
[2024-12-23T05:57:40.399+0700] {logging_mixin.py:190} INFO - [2024-12-23T05:57:40.398+0700] {dagbag.py:588} INFO - Filling up the DagBag from /mnt/d/Project/airflow-news/venv/lib/python3.12/site-packages/airflow/example_dags/example_task_group_decorator.py
[2024-12-23T05:57:40.491+0700] {processor.py:925} INFO - DAG(s) 'example_task_group_decorator' retrieved from /mnt/d/Project/airflow-news/venv/lib/python3.12/site-packages/airflow/example_dags/example_task_group_decorator.py
[2024-12-23T05:57:40.534+0700] {logging_mixin.py:190} INFO - [2024-12-23T05:57:40.533+0700] {dag.py:3239} INFO - Sync 1 DAGs
[2024-12-23T05:57:40.556+0700] {logging_mixin.py:190} INFO - [2024-12-23T05:57:40.554+0700] {dag.py:4180} INFO - Setting next_dagrun for example_task_group_decorator to None, run_after=None
[2024-12-23T05:57:40.627+0700] {processor.py:208} INFO - Processing /mnt/d/Project/airflow-news/venv/lib/python3.12/site-packages/airflow/example_dags/example_task_group_decorator.py took 0.250 seconds
[2024-12-23T05:59:00.719+0700] {processor.py:186} INFO - Started process (PID=2591) to work on /mnt/d/Project/airflow-news/venv/lib/python3.12/site-packages/airflow/example_dags/example_task_group_decorator.py
[2024-12-23T05:59:00.723+0700] {processor.py:914} INFO - Processing file /mnt/d/Project/airflow-news/venv/lib/python3.12/site-packages/airflow/example_dags/example_task_group_decorator.py for tasks to queue
[2024-12-23T05:59:00.731+0700] {logging_mixin.py:190} INFO - [2024-12-23T05:59:00.729+0700] {dagbag.py:588} INFO - Filling up the DagBag from /mnt/d/Project/airflow-news/venv/lib/python3.12/site-packages/airflow/example_dags/example_task_group_decorator.py
[2024-12-23T05:59:00.847+0700] {processor.py:925} INFO - DAG(s) 'example_task_group_decorator' retrieved from /mnt/d/Project/airflow-news/venv/lib/python3.12/site-packages/airflow/example_dags/example_task_group_decorator.py
[2024-12-23T05:59:00.910+0700] {logging_mixin.py:190} INFO - [2024-12-23T05:59:00.908+0700] {dag.py:3239} INFO - Sync 1 DAGs
[2024-12-23T05:59:00.936+0700] {logging_mixin.py:190} INFO - [2024-12-23T05:59:00.935+0700] {dag.py:4180} INFO - Setting next_dagrun for example_task_group_decorator to None, run_after=None
[2024-12-23T05:59:01.019+0700] {processor.py:208} INFO - Processing /mnt/d/Project/airflow-news/venv/lib/python3.12/site-packages/airflow/example_dags/example_task_group_decorator.py took 0.318 seconds
[2024-12-23T05:59:18.179+0700] {processor.py:186} INFO - Started process (PID=2631) to work on /mnt/d/Project/airflow-news/venv/lib/python3.12/site-packages/airflow/example_dags/example_task_group_decorator.py
[2024-12-23T05:59:18.181+0700] {processor.py:914} INFO - Processing file /mnt/d/Project/airflow-news/venv/lib/python3.12/site-packages/airflow/example_dags/example_task_group_decorator.py for tasks to queue
[2024-12-23T05:59:18.186+0700] {logging_mixin.py:190} INFO - [2024-12-23T05:59:18.185+0700] {dagbag.py:588} INFO - Filling up the DagBag from /mnt/d/Project/airflow-news/venv/lib/python3.12/site-packages/airflow/example_dags/example_task_group_decorator.py
[2024-12-23T05:59:18.274+0700] {processor.py:925} INFO - DAG(s) 'example_task_group_decorator' retrieved from /mnt/d/Project/airflow-news/venv/lib/python3.12/site-packages/airflow/example_dags/example_task_group_decorator.py
[2024-12-23T05:59:18.315+0700] {logging_mixin.py:190} INFO - [2024-12-23T05:59:18.314+0700] {dag.py:3239} INFO - Sync 1 DAGs
[2024-12-23T05:59:18.335+0700] {logging_mixin.py:190} INFO - [2024-12-23T05:59:18.334+0700] {dag.py:4180} INFO - Setting next_dagrun for example_task_group_decorator to None, run_after=None
[2024-12-23T05:59:18.410+0700] {processor.py:208} INFO - Processing /mnt/d/Project/airflow-news/venv/lib/python3.12/site-packages/airflow/example_dags/example_task_group_decorator.py took 0.245 seconds
[2024-12-23T06:00:22.147+0700] {processor.py:186} INFO - Started process (PID=2817) to work on /mnt/d/Project/airflow-news/venv/lib/python3.12/site-packages/airflow/example_dags/example_task_group_decorator.py
[2024-12-23T06:00:22.151+0700] {processor.py:914} INFO - Processing file /mnt/d/Project/airflow-news/venv/lib/python3.12/site-packages/airflow/example_dags/example_task_group_decorator.py for tasks to queue
[2024-12-23T06:00:22.161+0700] {logging_mixin.py:190} INFO - [2024-12-23T06:00:22.157+0700] {dagbag.py:588} INFO - Filling up the DagBag from /mnt/d/Project/airflow-news/venv/lib/python3.12/site-packages/airflow/example_dags/example_task_group_decorator.py
[2024-12-23T06:00:22.370+0700] {processor.py:925} INFO - DAG(s) 'example_task_group_decorator' retrieved from /mnt/d/Project/airflow-news/venv/lib/python3.12/site-packages/airflow/example_dags/example_task_group_decorator.py
[2024-12-23T06:00:22.444+0700] {logging_mixin.py:190} INFO - [2024-12-23T06:00:22.443+0700] {dag.py:3239} INFO - Sync 1 DAGs
[2024-12-23T06:00:22.471+0700] {logging_mixin.py:190} INFO - [2024-12-23T06:00:22.469+0700] {dag.py:4180} INFO - Setting next_dagrun for example_task_group_decorator to None, run_after=None
[2024-12-23T06:00:22.558+0700] {processor.py:208} INFO - Processing /mnt/d/Project/airflow-news/venv/lib/python3.12/site-packages/airflow/example_dags/example_task_group_decorator.py took 0.443 seconds
[2024-12-23T06:01:02.974+0700] {processor.py:186} INFO - Started process (PID=2921) to work on /mnt/d/Project/airflow-news/venv/lib/python3.12/site-packages/airflow/example_dags/example_task_group_decorator.py
[2024-12-23T06:01:02.976+0700] {processor.py:914} INFO - Processing file /mnt/d/Project/airflow-news/venv/lib/python3.12/site-packages/airflow/example_dags/example_task_group_decorator.py for tasks to queue
[2024-12-23T06:01:02.982+0700] {logging_mixin.py:190} INFO - [2024-12-23T06:01:02.980+0700] {dagbag.py:588} INFO - Filling up the DagBag from /mnt/d/Project/airflow-news/venv/lib/python3.12/site-packages/airflow/example_dags/example_task_group_decorator.py
[2024-12-23T06:01:03.087+0700] {processor.py:925} INFO - DAG(s) 'example_task_group_decorator' retrieved from /mnt/d/Project/airflow-news/venv/lib/python3.12/site-packages/airflow/example_dags/example_task_group_decorator.py
[2024-12-23T06:01:03.279+0700] {logging_mixin.py:190} INFO - [2024-12-23T06:01:03.278+0700] {dag.py:3239} INFO - Sync 1 DAGs
[2024-12-23T06:01:03.297+0700] {logging_mixin.py:190} INFO - [2024-12-23T06:01:03.296+0700] {dag.py:4180} INFO - Setting next_dagrun for example_task_group_decorator to None, run_after=None
[2024-12-23T06:01:03.377+0700] {processor.py:208} INFO - Processing /mnt/d/Project/airflow-news/venv/lib/python3.12/site-packages/airflow/example_dags/example_task_group_decorator.py took 0.418 seconds
[2024-12-23T06:02:06.858+0700] {processor.py:186} INFO - Started process (PID=3063) to work on /mnt/d/Project/airflow-news/venv/lib/python3.12/site-packages/airflow/example_dags/example_task_group_decorator.py
[2024-12-23T06:02:06.861+0700] {processor.py:914} INFO - Processing file /mnt/d/Project/airflow-news/venv/lib/python3.12/site-packages/airflow/example_dags/example_task_group_decorator.py for tasks to queue
[2024-12-23T06:02:06.867+0700] {logging_mixin.py:190} INFO - [2024-12-23T06:02:06.865+0700] {dagbag.py:588} INFO - Filling up the DagBag from /mnt/d/Project/airflow-news/venv/lib/python3.12/site-packages/airflow/example_dags/example_task_group_decorator.py
[2024-12-23T06:02:06.980+0700] {processor.py:925} INFO - DAG(s) 'example_task_group_decorator' retrieved from /mnt/d/Project/airflow-news/venv/lib/python3.12/site-packages/airflow/example_dags/example_task_group_decorator.py
[2024-12-23T06:02:07.035+0700] {logging_mixin.py:190} INFO - [2024-12-23T06:02:07.034+0700] {dag.py:3239} INFO - Sync 1 DAGs
[2024-12-23T06:02:07.068+0700] {logging_mixin.py:190} INFO - [2024-12-23T06:02:07.066+0700] {dag.py:4180} INFO - Setting next_dagrun for example_task_group_decorator to None, run_after=None
[2024-12-23T06:02:07.182+0700] {processor.py:208} INFO - Processing /mnt/d/Project/airflow-news/venv/lib/python3.12/site-packages/airflow/example_dags/example_task_group_decorator.py took 0.343 seconds
[2024-12-23T06:03:06.088+0700] {processor.py:186} INFO - Started process (PID=3150) to work on /mnt/d/Project/airflow-news/venv/lib/python3.12/site-packages/airflow/example_dags/example_task_group_decorator.py
[2024-12-23T06:03:06.091+0700] {processor.py:914} INFO - Processing file /mnt/d/Project/airflow-news/venv/lib/python3.12/site-packages/airflow/example_dags/example_task_group_decorator.py for tasks to queue
[2024-12-23T06:03:06.097+0700] {logging_mixin.py:190} INFO - [2024-12-23T06:03:06.095+0700] {dagbag.py:588} INFO - Filling up the DagBag from /mnt/d/Project/airflow-news/venv/lib/python3.12/site-packages/airflow/example_dags/example_task_group_decorator.py
[2024-12-23T06:03:06.240+0700] {processor.py:925} INFO - DAG(s) 'example_task_group_decorator' retrieved from /mnt/d/Project/airflow-news/venv/lib/python3.12/site-packages/airflow/example_dags/example_task_group_decorator.py
[2024-12-23T06:03:06.299+0700] {logging_mixin.py:190} INFO - [2024-12-23T06:03:06.297+0700] {dag.py:3239} INFO - Sync 1 DAGs
[2024-12-23T06:03:06.329+0700] {logging_mixin.py:190} INFO - [2024-12-23T06:03:06.328+0700] {dag.py:4180} INFO - Setting next_dagrun for example_task_group_decorator to None, run_after=None
[2024-12-23T06:03:06.442+0700] {processor.py:208} INFO - Processing /mnt/d/Project/airflow-news/venv/lib/python3.12/site-packages/airflow/example_dags/example_task_group_decorator.py took 0.385 seconds
[2024-12-23T06:05:17.196+0700] {processor.py:186} INFO - Started process (PID=3504) to work on /mnt/d/Project/airflow-news/venv/lib/python3.12/site-packages/airflow/example_dags/example_task_group_decorator.py
[2024-12-23T06:05:17.198+0700] {processor.py:914} INFO - Processing file /mnt/d/Project/airflow-news/venv/lib/python3.12/site-packages/airflow/example_dags/example_task_group_decorator.py for tasks to queue
[2024-12-23T06:05:17.202+0700] {logging_mixin.py:190} INFO - [2024-12-23T06:05:17.201+0700] {dagbag.py:588} INFO - Filling up the DagBag from /mnt/d/Project/airflow-news/venv/lib/python3.12/site-packages/airflow/example_dags/example_task_group_decorator.py
[2024-12-23T06:05:17.280+0700] {processor.py:925} INFO - DAG(s) 'example_task_group_decorator' retrieved from /mnt/d/Project/airflow-news/venv/lib/python3.12/site-packages/airflow/example_dags/example_task_group_decorator.py
[2024-12-23T06:05:17.325+0700] {logging_mixin.py:190} INFO - [2024-12-23T06:05:17.323+0700] {dag.py:3239} INFO - Sync 1 DAGs
[2024-12-23T06:05:17.348+0700] {logging_mixin.py:190} INFO - [2024-12-23T06:05:17.346+0700] {dag.py:4180} INFO - Setting next_dagrun for example_task_group_decorator to None, run_after=None
[2024-12-23T06:05:17.427+0700] {processor.py:208} INFO - Processing /mnt/d/Project/airflow-news/venv/lib/python3.12/site-packages/airflow/example_dags/example_task_group_decorator.py took 0.254 seconds
[2024-12-23T06:07:11.404+0700] {processor.py:186} INFO - Started process (PID=3796) to work on /mnt/d/Project/airflow-news/venv/lib/python3.12/site-packages/airflow/example_dags/example_task_group_decorator.py
[2024-12-23T06:07:11.407+0700] {processor.py:914} INFO - Processing file /mnt/d/Project/airflow-news/venv/lib/python3.12/site-packages/airflow/example_dags/example_task_group_decorator.py for tasks to queue
[2024-12-23T06:07:11.415+0700] {logging_mixin.py:190} INFO - [2024-12-23T06:07:11.413+0700] {dagbag.py:588} INFO - Filling up the DagBag from /mnt/d/Project/airflow-news/venv/lib/python3.12/site-packages/airflow/example_dags/example_task_group_decorator.py
[2024-12-23T06:07:11.653+0700] {processor.py:925} INFO - DAG(s) 'example_task_group_decorator' retrieved from /mnt/d/Project/airflow-news/venv/lib/python3.12/site-packages/airflow/example_dags/example_task_group_decorator.py
[2024-12-23T06:07:11.716+0700] {logging_mixin.py:190} INFO - [2024-12-23T06:07:11.714+0700] {dag.py:3239} INFO - Sync 1 DAGs
[2024-12-23T06:07:11.741+0700] {logging_mixin.py:190} INFO - [2024-12-23T06:07:11.740+0700] {dag.py:4180} INFO - Setting next_dagrun for example_task_group_decorator to None, run_after=None
[2024-12-23T06:07:11.830+0700] {processor.py:208} INFO - Processing /mnt/d/Project/airflow-news/venv/lib/python3.12/site-packages/airflow/example_dags/example_task_group_decorator.py took 0.453 seconds
[2024-12-23T06:07:17.210+0700] {processor.py:186} INFO - Started process (PID=3820) to work on /mnt/d/Project/airflow-news/venv/lib/python3.12/site-packages/airflow/example_dags/example_task_group_decorator.py
[2024-12-23T06:07:17.213+0700] {processor.py:914} INFO - Processing file /mnt/d/Project/airflow-news/venv/lib/python3.12/site-packages/airflow/example_dags/example_task_group_decorator.py for tasks to queue
[2024-12-23T06:07:17.219+0700] {logging_mixin.py:190} INFO - [2024-12-23T06:07:17.217+0700] {dagbag.py:588} INFO - Filling up the DagBag from /mnt/d/Project/airflow-news/venv/lib/python3.12/site-packages/airflow/example_dags/example_task_group_decorator.py
[2024-12-23T06:07:17.313+0700] {processor.py:925} INFO - DAG(s) 'example_task_group_decorator' retrieved from /mnt/d/Project/airflow-news/venv/lib/python3.12/site-packages/airflow/example_dags/example_task_group_decorator.py
[2024-12-23T06:07:17.355+0700] {logging_mixin.py:190} INFO - [2024-12-23T06:07:17.354+0700] {dag.py:3239} INFO - Sync 1 DAGs
[2024-12-23T06:07:17.377+0700] {logging_mixin.py:190} INFO - [2024-12-23T06:07:17.375+0700] {dag.py:4180} INFO - Setting next_dagrun for example_task_group_decorator to None, run_after=None
[2024-12-23T06:07:17.453+0700] {processor.py:208} INFO - Processing /mnt/d/Project/airflow-news/venv/lib/python3.12/site-packages/airflow/example_dags/example_task_group_decorator.py took 0.265 seconds
[2024-12-23T06:08:31.956+0700] {processor.py:186} INFO - Started process (PID=4041) to work on /mnt/d/Project/airflow-news/venv/lib/python3.12/site-packages/airflow/example_dags/example_task_group_decorator.py
[2024-12-23T06:08:31.959+0700] {processor.py:914} INFO - Processing file /mnt/d/Project/airflow-news/venv/lib/python3.12/site-packages/airflow/example_dags/example_task_group_decorator.py for tasks to queue
[2024-12-23T06:08:31.964+0700] {logging_mixin.py:190} INFO - [2024-12-23T06:08:31.963+0700] {dagbag.py:588} INFO - Filling up the DagBag from /mnt/d/Project/airflow-news/venv/lib/python3.12/site-packages/airflow/example_dags/example_task_group_decorator.py
[2024-12-23T06:08:32.100+0700] {processor.py:925} INFO - DAG(s) 'example_task_group_decorator' retrieved from /mnt/d/Project/airflow-news/venv/lib/python3.12/site-packages/airflow/example_dags/example_task_group_decorator.py
[2024-12-23T06:08:32.157+0700] {logging_mixin.py:190} INFO - [2024-12-23T06:08:32.155+0700] {dag.py:3239} INFO - Sync 1 DAGs
[2024-12-23T06:08:32.182+0700] {logging_mixin.py:190} INFO - [2024-12-23T06:08:32.180+0700] {dag.py:4180} INFO - Setting next_dagrun for example_task_group_decorator to None, run_after=None
[2024-12-23T06:08:32.268+0700] {processor.py:208} INFO - Processing /mnt/d/Project/airflow-news/venv/lib/python3.12/site-packages/airflow/example_dags/example_task_group_decorator.py took 0.328 seconds
[2024-12-23T06:09:17.212+0700] {processor.py:186} INFO - Started process (PID=4183) to work on /mnt/d/Project/airflow-news/venv/lib/python3.12/site-packages/airflow/example_dags/example_task_group_decorator.py
[2024-12-23T06:09:17.215+0700] {processor.py:914} INFO - Processing file /mnt/d/Project/airflow-news/venv/lib/python3.12/site-packages/airflow/example_dags/example_task_group_decorator.py for tasks to queue
[2024-12-23T06:09:17.221+0700] {logging_mixin.py:190} INFO - [2024-12-23T06:09:17.219+0700] {dagbag.py:588} INFO - Filling up the DagBag from /mnt/d/Project/airflow-news/venv/lib/python3.12/site-packages/airflow/example_dags/example_task_group_decorator.py
[2024-12-23T06:09:17.363+0700] {processor.py:925} INFO - DAG(s) 'example_task_group_decorator' retrieved from /mnt/d/Project/airflow-news/venv/lib/python3.12/site-packages/airflow/example_dags/example_task_group_decorator.py
[2024-12-23T06:09:17.430+0700] {logging_mixin.py:190} INFO - [2024-12-23T06:09:17.428+0700] {dag.py:3239} INFO - Sync 1 DAGs
[2024-12-23T06:09:17.471+0700] {logging_mixin.py:190} INFO - [2024-12-23T06:09:17.470+0700] {dag.py:4180} INFO - Setting next_dagrun for example_task_group_decorator to None, run_after=None
[2024-12-23T06:09:17.581+0700] {processor.py:208} INFO - Processing /mnt/d/Project/airflow-news/venv/lib/python3.12/site-packages/airflow/example_dags/example_task_group_decorator.py took 0.394 seconds
[2024-12-23T06:11:22.210+0700] {processor.py:186} INFO - Started process (PID=4440) to work on /mnt/d/Project/airflow-news/venv/lib/python3.12/site-packages/airflow/example_dags/example_task_group_decorator.py
[2024-12-23T06:11:22.212+0700] {processor.py:914} INFO - Processing file /mnt/d/Project/airflow-news/venv/lib/python3.12/site-packages/airflow/example_dags/example_task_group_decorator.py for tasks to queue
[2024-12-23T06:11:22.216+0700] {logging_mixin.py:190} INFO - [2024-12-23T06:11:22.215+0700] {dagbag.py:588} INFO - Filling up the DagBag from /mnt/d/Project/airflow-news/venv/lib/python3.12/site-packages/airflow/example_dags/example_task_group_decorator.py
[2024-12-23T06:11:22.260+0700] {processor.py:925} INFO - DAG(s) 'example_task_group_decorator' retrieved from /mnt/d/Project/airflow-news/venv/lib/python3.12/site-packages/airflow/example_dags/example_task_group_decorator.py
[2024-12-23T06:11:22.325+0700] {logging_mixin.py:190} INFO - [2024-12-23T06:11:22.323+0700] {dag.py:3239} INFO - Sync 1 DAGs
[2024-12-23T06:11:22.354+0700] {logging_mixin.py:190} INFO - [2024-12-23T06:11:22.352+0700] {dag.py:4180} INFO - Setting next_dagrun for example_task_group_decorator to None, run_after=None
[2024-12-23T06:11:22.447+0700] {processor.py:208} INFO - Processing /mnt/d/Project/airflow-news/venv/lib/python3.12/site-packages/airflow/example_dags/example_task_group_decorator.py took 0.253 seconds
[2024-12-23T06:11:40.649+0700] {processor.py:186} INFO - Started process (PID=4492) to work on /mnt/d/Project/airflow-news/venv/lib/python3.12/site-packages/airflow/example_dags/example_task_group_decorator.py
[2024-12-23T06:11:40.652+0700] {processor.py:914} INFO - Processing file /mnt/d/Project/airflow-news/venv/lib/python3.12/site-packages/airflow/example_dags/example_task_group_decorator.py for tasks to queue
[2024-12-23T06:11:40.658+0700] {logging_mixin.py:190} INFO - [2024-12-23T06:11:40.656+0700] {dagbag.py:588} INFO - Filling up the DagBag from /mnt/d/Project/airflow-news/venv/lib/python3.12/site-packages/airflow/example_dags/example_task_group_decorator.py
[2024-12-23T06:11:40.794+0700] {processor.py:925} INFO - DAG(s) 'example_task_group_decorator' retrieved from /mnt/d/Project/airflow-news/venv/lib/python3.12/site-packages/airflow/example_dags/example_task_group_decorator.py
[2024-12-23T06:11:40.854+0700] {logging_mixin.py:190} INFO - [2024-12-23T06:11:40.852+0700] {dag.py:3239} INFO - Sync 1 DAGs
[2024-12-23T06:11:40.888+0700] {logging_mixin.py:190} INFO - [2024-12-23T06:11:40.886+0700] {dag.py:4180} INFO - Setting next_dagrun for example_task_group_decorator to None, run_after=None
[2024-12-23T06:11:41.025+0700] {processor.py:208} INFO - Processing /mnt/d/Project/airflow-news/venv/lib/python3.12/site-packages/airflow/example_dags/example_task_group_decorator.py took 0.403 seconds
[2024-12-23T06:12:41.093+0700] {processor.py:186} INFO - Started process (PID=4653) to work on /mnt/d/Project/airflow-news/venv/lib/python3.12/site-packages/airflow/example_dags/example_task_group_decorator.py
[2024-12-23T06:12:41.095+0700] {processor.py:914} INFO - Processing file /mnt/d/Project/airflow-news/venv/lib/python3.12/site-packages/airflow/example_dags/example_task_group_decorator.py for tasks to queue
[2024-12-23T06:12:41.099+0700] {logging_mixin.py:190} INFO - [2024-12-23T06:12:41.097+0700] {dagbag.py:588} INFO - Filling up the DagBag from /mnt/d/Project/airflow-news/venv/lib/python3.12/site-packages/airflow/example_dags/example_task_group_decorator.py
[2024-12-23T06:12:41.140+0700] {processor.py:925} INFO - DAG(s) 'example_task_group_decorator' retrieved from /mnt/d/Project/airflow-news/venv/lib/python3.12/site-packages/airflow/example_dags/example_task_group_decorator.py
[2024-12-23T06:12:41.203+0700] {logging_mixin.py:190} INFO - [2024-12-23T06:12:41.202+0700] {dag.py:3239} INFO - Sync 1 DAGs
[2024-12-23T06:12:41.224+0700] {logging_mixin.py:190} INFO - [2024-12-23T06:12:41.223+0700] {dag.py:4180} INFO - Setting next_dagrun for example_task_group_decorator to None, run_after=None
[2024-12-23T06:12:41.299+0700] {processor.py:208} INFO - Processing /mnt/d/Project/airflow-news/venv/lib/python3.12/site-packages/airflow/example_dags/example_task_group_decorator.py took 0.223 seconds
[2024-12-23T06:12:46.289+0700] {processor.py:186} INFO - Started process (PID=4666) to work on /mnt/d/Project/airflow-news/venv/lib/python3.12/site-packages/airflow/example_dags/example_task_group_decorator.py
[2024-12-23T06:12:46.291+0700] {processor.py:914} INFO - Processing file /mnt/d/Project/airflow-news/venv/lib/python3.12/site-packages/airflow/example_dags/example_task_group_decorator.py for tasks to queue
[2024-12-23T06:12:46.296+0700] {logging_mixin.py:190} INFO - [2024-12-23T06:12:46.294+0700] {dagbag.py:588} INFO - Filling up the DagBag from /mnt/d/Project/airflow-news/venv/lib/python3.12/site-packages/airflow/example_dags/example_task_group_decorator.py
[2024-12-23T06:12:46.378+0700] {processor.py:925} INFO - DAG(s) 'example_task_group_decorator' retrieved from /mnt/d/Project/airflow-news/venv/lib/python3.12/site-packages/airflow/example_dags/example_task_group_decorator.py
[2024-12-23T06:12:46.431+0700] {logging_mixin.py:190} INFO - [2024-12-23T06:12:46.429+0700] {dag.py:3239} INFO - Sync 1 DAGs
[2024-12-23T06:12:46.453+0700] {logging_mixin.py:190} INFO - [2024-12-23T06:12:46.452+0700] {dag.py:4180} INFO - Setting next_dagrun for example_task_group_decorator to None, run_after=None
[2024-12-23T06:12:46.540+0700] {processor.py:208} INFO - Processing /mnt/d/Project/airflow-news/venv/lib/python3.12/site-packages/airflow/example_dags/example_task_group_decorator.py took 0.273 seconds
[2024-12-23T06:14:18.731+0700] {processor.py:186} INFO - Started process (PID=4936) to work on /mnt/d/Project/airflow-news/venv/lib/python3.12/site-packages/airflow/example_dags/example_task_group_decorator.py
[2024-12-23T06:14:18.734+0700] {processor.py:914} INFO - Processing file /mnt/d/Project/airflow-news/venv/lib/python3.12/site-packages/airflow/example_dags/example_task_group_decorator.py for tasks to queue
[2024-12-23T06:14:18.738+0700] {logging_mixin.py:190} INFO - [2024-12-23T06:14:18.736+0700] {dagbag.py:588} INFO - Filling up the DagBag from /mnt/d/Project/airflow-news/venv/lib/python3.12/site-packages/airflow/example_dags/example_task_group_decorator.py
[2024-12-23T06:14:18.772+0700] {processor.py:925} INFO - DAG(s) 'example_task_group_decorator' retrieved from /mnt/d/Project/airflow-news/venv/lib/python3.12/site-packages/airflow/example_dags/example_task_group_decorator.py
[2024-12-23T06:14:18.820+0700] {logging_mixin.py:190} INFO - [2024-12-23T06:14:18.819+0700] {dag.py:3239} INFO - Sync 1 DAGs
[2024-12-23T06:14:18.839+0700] {logging_mixin.py:190} INFO - [2024-12-23T06:14:18.837+0700] {dag.py:4180} INFO - Setting next_dagrun for example_task_group_decorator to None, run_after=None
[2024-12-23T06:14:18.910+0700] {processor.py:208} INFO - Processing /mnt/d/Project/airflow-news/venv/lib/python3.12/site-packages/airflow/example_dags/example_task_group_decorator.py took 0.195 seconds
[2024-12-23T06:14:39.713+0700] {processor.py:186} INFO - Started process (PID=5000) to work on /mnt/d/Project/airflow-news/venv/lib/python3.12/site-packages/airflow/example_dags/example_task_group_decorator.py
[2024-12-23T06:14:39.715+0700] {processor.py:914} INFO - Processing file /mnt/d/Project/airflow-news/venv/lib/python3.12/site-packages/airflow/example_dags/example_task_group_decorator.py for tasks to queue
[2024-12-23T06:14:39.720+0700] {logging_mixin.py:190} INFO - [2024-12-23T06:14:39.718+0700] {dagbag.py:588} INFO - Filling up the DagBag from /mnt/d/Project/airflow-news/venv/lib/python3.12/site-packages/airflow/example_dags/example_task_group_decorator.py
[2024-12-23T06:14:39.810+0700] {processor.py:925} INFO - DAG(s) 'example_task_group_decorator' retrieved from /mnt/d/Project/airflow-news/venv/lib/python3.12/site-packages/airflow/example_dags/example_task_group_decorator.py
[2024-12-23T06:14:39.854+0700] {logging_mixin.py:190} INFO - [2024-12-23T06:14:39.853+0700] {dag.py:3239} INFO - Sync 1 DAGs
[2024-12-23T06:14:39.877+0700] {logging_mixin.py:190} INFO - [2024-12-23T06:14:39.875+0700] {dag.py:4180} INFO - Setting next_dagrun for example_task_group_decorator to None, run_after=None
[2024-12-23T06:14:39.951+0700] {processor.py:208} INFO - Processing /mnt/d/Project/airflow-news/venv/lib/python3.12/site-packages/airflow/example_dags/example_task_group_decorator.py took 0.261 seconds
[2024-12-23T06:17:01.311+0700] {processor.py:186} INFO - Started process (PID=5376) to work on /mnt/d/Project/airflow-news/venv/lib/python3.12/site-packages/airflow/example_dags/example_task_group_decorator.py
[2024-12-23T06:17:01.313+0700] {processor.py:914} INFO - Processing file /mnt/d/Project/airflow-news/venv/lib/python3.12/site-packages/airflow/example_dags/example_task_group_decorator.py for tasks to queue
[2024-12-23T06:17:01.317+0700] {logging_mixin.py:190} INFO - [2024-12-23T06:17:01.316+0700] {dagbag.py:588} INFO - Filling up the DagBag from /mnt/d/Project/airflow-news/venv/lib/python3.12/site-packages/airflow/example_dags/example_task_group_decorator.py
[2024-12-23T06:17:01.356+0700] {processor.py:925} INFO - DAG(s) 'example_task_group_decorator' retrieved from /mnt/d/Project/airflow-news/venv/lib/python3.12/site-packages/airflow/example_dags/example_task_group_decorator.py
[2024-12-23T06:17:01.406+0700] {logging_mixin.py:190} INFO - [2024-12-23T06:17:01.404+0700] {dag.py:3239} INFO - Sync 1 DAGs
[2024-12-23T06:17:01.428+0700] {logging_mixin.py:190} INFO - [2024-12-23T06:17:01.426+0700] {dag.py:4180} INFO - Setting next_dagrun for example_task_group_decorator to None, run_after=None
[2024-12-23T06:17:01.509+0700] {processor.py:208} INFO - Processing /mnt/d/Project/airflow-news/venv/lib/python3.12/site-packages/airflow/example_dags/example_task_group_decorator.py took 0.212 seconds
[2024-12-23T06:17:14.403+0700] {processor.py:186} INFO - Started process (PID=5412) to work on /mnt/d/Project/airflow-news/venv/lib/python3.12/site-packages/airflow/example_dags/example_task_group_decorator.py
[2024-12-23T06:17:14.406+0700] {processor.py:914} INFO - Processing file /mnt/d/Project/airflow-news/venv/lib/python3.12/site-packages/airflow/example_dags/example_task_group_decorator.py for tasks to queue
[2024-12-23T06:17:14.411+0700] {logging_mixin.py:190} INFO - [2024-12-23T06:17:14.409+0700] {dagbag.py:588} INFO - Filling up the DagBag from /mnt/d/Project/airflow-news/venv/lib/python3.12/site-packages/airflow/example_dags/example_task_group_decorator.py
[2024-12-23T06:17:14.496+0700] {processor.py:925} INFO - DAG(s) 'example_task_group_decorator' retrieved from /mnt/d/Project/airflow-news/venv/lib/python3.12/site-packages/airflow/example_dags/example_task_group_decorator.py
[2024-12-23T06:17:14.572+0700] {logging_mixin.py:190} INFO - [2024-12-23T06:17:14.570+0700] {dag.py:3239} INFO - Sync 1 DAGs
[2024-12-23T06:17:14.600+0700] {logging_mixin.py:190} INFO - [2024-12-23T06:17:14.598+0700] {dag.py:4180} INFO - Setting next_dagrun for example_task_group_decorator to None, run_after=None
[2024-12-23T06:17:14.695+0700] {processor.py:208} INFO - Processing /mnt/d/Project/airflow-news/venv/lib/python3.12/site-packages/airflow/example_dags/example_task_group_decorator.py took 0.315 seconds
[2024-12-23T06:18:30.326+0700] {processor.py:186} INFO - Started process (PID=5633) to work on /mnt/d/Project/airflow-news/venv/lib/python3.12/site-packages/airflow/example_dags/example_task_group_decorator.py
[2024-12-23T06:18:30.330+0700] {processor.py:914} INFO - Processing file /mnt/d/Project/airflow-news/venv/lib/python3.12/site-packages/airflow/example_dags/example_task_group_decorator.py for tasks to queue
[2024-12-23T06:18:30.334+0700] {logging_mixin.py:190} INFO - [2024-12-23T06:18:30.333+0700] {dagbag.py:588} INFO - Filling up the DagBag from /mnt/d/Project/airflow-news/venv/lib/python3.12/site-packages/airflow/example_dags/example_task_group_decorator.py
[2024-12-23T06:18:30.373+0700] {processor.py:925} INFO - DAG(s) 'example_task_group_decorator' retrieved from /mnt/d/Project/airflow-news/venv/lib/python3.12/site-packages/airflow/example_dags/example_task_group_decorator.py
[2024-12-23T06:18:30.422+0700] {logging_mixin.py:190} INFO - [2024-12-23T06:18:30.420+0700] {dag.py:3239} INFO - Sync 1 DAGs
[2024-12-23T06:18:30.441+0700] {logging_mixin.py:190} INFO - [2024-12-23T06:18:30.439+0700] {dag.py:4180} INFO - Setting next_dagrun for example_task_group_decorator to None, run_after=None
[2024-12-23T06:18:30.537+0700] {processor.py:208} INFO - Processing /mnt/d/Project/airflow-news/venv/lib/python3.12/site-packages/airflow/example_dags/example_task_group_decorator.py took 0.227 seconds
[2024-12-23T06:18:42.982+0700] {processor.py:186} INFO - Started process (PID=5664) to work on /mnt/d/Project/airflow-news/venv/lib/python3.12/site-packages/airflow/example_dags/example_task_group_decorator.py
[2024-12-23T06:18:42.986+0700] {processor.py:914} INFO - Processing file /mnt/d/Project/airflow-news/venv/lib/python3.12/site-packages/airflow/example_dags/example_task_group_decorator.py for tasks to queue
[2024-12-23T06:18:42.994+0700] {logging_mixin.py:190} INFO - [2024-12-23T06:18:42.991+0700] {dagbag.py:588} INFO - Filling up the DagBag from /mnt/d/Project/airflow-news/venv/lib/python3.12/site-packages/airflow/example_dags/example_task_group_decorator.py
[2024-12-23T06:18:43.154+0700] {processor.py:925} INFO - DAG(s) 'example_task_group_decorator' retrieved from /mnt/d/Project/airflow-news/venv/lib/python3.12/site-packages/airflow/example_dags/example_task_group_decorator.py
[2024-12-23T06:18:43.204+0700] {logging_mixin.py:190} INFO - [2024-12-23T06:18:43.203+0700] {dag.py:3239} INFO - Sync 1 DAGs
[2024-12-23T06:18:43.226+0700] {logging_mixin.py:190} INFO - [2024-12-23T06:18:43.225+0700] {dag.py:4180} INFO - Setting next_dagrun for example_task_group_decorator to None, run_after=None
[2024-12-23T06:18:43.306+0700] {processor.py:208} INFO - Processing /mnt/d/Project/airflow-news/venv/lib/python3.12/site-packages/airflow/example_dags/example_task_group_decorator.py took 0.353 seconds
[2024-12-23T06:19:59.602+0700] {processor.py:186} INFO - Started process (PID=5884) to work on /mnt/d/Project/airflow-news/venv/lib/python3.12/site-packages/airflow/example_dags/example_task_group_decorator.py
[2024-12-23T06:19:59.604+0700] {processor.py:914} INFO - Processing file /mnt/d/Project/airflow-news/venv/lib/python3.12/site-packages/airflow/example_dags/example_task_group_decorator.py for tasks to queue
[2024-12-23T06:19:59.609+0700] {logging_mixin.py:190} INFO - [2024-12-23T06:19:59.607+0700] {dagbag.py:588} INFO - Filling up the DagBag from /mnt/d/Project/airflow-news/venv/lib/python3.12/site-packages/airflow/example_dags/example_task_group_decorator.py
[2024-12-23T06:19:59.654+0700] {processor.py:925} INFO - DAG(s) 'example_task_group_decorator' retrieved from /mnt/d/Project/airflow-news/venv/lib/python3.12/site-packages/airflow/example_dags/example_task_group_decorator.py
[2024-12-23T06:19:59.702+0700] {logging_mixin.py:190} INFO - [2024-12-23T06:19:59.701+0700] {dag.py:3239} INFO - Sync 1 DAGs
[2024-12-23T06:19:59.724+0700] {logging_mixin.py:190} INFO - [2024-12-23T06:19:59.723+0700] {dag.py:4180} INFO - Setting next_dagrun for example_task_group_decorator to None, run_after=None
[2024-12-23T06:19:59.806+0700] {processor.py:208} INFO - Processing /mnt/d/Project/airflow-news/venv/lib/python3.12/site-packages/airflow/example_dags/example_task_group_decorator.py took 0.221 seconds
[2024-12-23T06:20:32.743+0700] {processor.py:186} INFO - Started process (PID=5992) to work on /mnt/d/Project/airflow-news/venv/lib/python3.12/site-packages/airflow/example_dags/example_task_group_decorator.py
[2024-12-23T06:20:32.745+0700] {processor.py:914} INFO - Processing file /mnt/d/Project/airflow-news/venv/lib/python3.12/site-packages/airflow/example_dags/example_task_group_decorator.py for tasks to queue
[2024-12-23T06:20:32.750+0700] {logging_mixin.py:190} INFO - [2024-12-23T06:20:32.748+0700] {dagbag.py:588} INFO - Filling up the DagBag from /mnt/d/Project/airflow-news/venv/lib/python3.12/site-packages/airflow/example_dags/example_task_group_decorator.py
[2024-12-23T06:20:32.857+0700] {processor.py:925} INFO - DAG(s) 'example_task_group_decorator' retrieved from /mnt/d/Project/airflow-news/venv/lib/python3.12/site-packages/airflow/example_dags/example_task_group_decorator.py
[2024-12-23T06:20:32.906+0700] {logging_mixin.py:190} INFO - [2024-12-23T06:20:32.905+0700] {dag.py:3239} INFO - Sync 1 DAGs
[2024-12-23T06:20:32.926+0700] {logging_mixin.py:190} INFO - [2024-12-23T06:20:32.925+0700] {dag.py:4180} INFO - Setting next_dagrun for example_task_group_decorator to None, run_after=None
[2024-12-23T06:20:33.009+0700] {processor.py:208} INFO - Processing /mnt/d/Project/airflow-news/venv/lib/python3.12/site-packages/airflow/example_dags/example_task_group_decorator.py took 0.292 seconds
[2024-12-23T06:22:34.396+0700] {processor.py:186} INFO - Started process (PID=6304) to work on /mnt/d/Project/airflow-news/venv/lib/python3.12/site-packages/airflow/example_dags/example_task_group_decorator.py
[2024-12-23T06:22:34.398+0700] {processor.py:914} INFO - Processing file /mnt/d/Project/airflow-news/venv/lib/python3.12/site-packages/airflow/example_dags/example_task_group_decorator.py for tasks to queue
[2024-12-23T06:22:34.403+0700] {logging_mixin.py:190} INFO - [2024-12-23T06:22:34.401+0700] {dagbag.py:588} INFO - Filling up the DagBag from /mnt/d/Project/airflow-news/venv/lib/python3.12/site-packages/airflow/example_dags/example_task_group_decorator.py
[2024-12-23T06:22:34.493+0700] {processor.py:925} INFO - DAG(s) 'example_task_group_decorator' retrieved from /mnt/d/Project/airflow-news/venv/lib/python3.12/site-packages/airflow/example_dags/example_task_group_decorator.py
[2024-12-23T06:22:34.531+0700] {logging_mixin.py:190} INFO - [2024-12-23T06:22:34.530+0700] {dag.py:3239} INFO - Sync 1 DAGs
[2024-12-23T06:22:34.551+0700] {logging_mixin.py:190} INFO - [2024-12-23T06:22:34.550+0700] {dag.py:4180} INFO - Setting next_dagrun for example_task_group_decorator to None, run_after=None
[2024-12-23T06:22:34.629+0700] {processor.py:208} INFO - Processing /mnt/d/Project/airflow-news/venv/lib/python3.12/site-packages/airflow/example_dags/example_task_group_decorator.py took 0.252 seconds
[2024-12-23T06:22:35.397+0700] {processor.py:186} INFO - Started process (PID=6307) to work on /mnt/d/Project/airflow-news/venv/lib/python3.12/site-packages/airflow/example_dags/example_task_group_decorator.py
[2024-12-23T06:22:35.399+0700] {processor.py:914} INFO - Processing file /mnt/d/Project/airflow-news/venv/lib/python3.12/site-packages/airflow/example_dags/example_task_group_decorator.py for tasks to queue
[2024-12-23T06:22:35.404+0700] {logging_mixin.py:190} INFO - [2024-12-23T06:22:35.403+0700] {dagbag.py:588} INFO - Filling up the DagBag from /mnt/d/Project/airflow-news/venv/lib/python3.12/site-packages/airflow/example_dags/example_task_group_decorator.py
[2024-12-23T06:22:35.486+0700] {processor.py:925} INFO - DAG(s) 'example_task_group_decorator' retrieved from /mnt/d/Project/airflow-news/venv/lib/python3.12/site-packages/airflow/example_dags/example_task_group_decorator.py
[2024-12-23T06:22:35.554+0700] {logging_mixin.py:190} INFO - [2024-12-23T06:22:35.553+0700] {dag.py:3239} INFO - Sync 1 DAGs
[2024-12-23T06:22:35.584+0700] {logging_mixin.py:190} INFO - [2024-12-23T06:22:35.582+0700] {dag.py:4180} INFO - Setting next_dagrun for example_task_group_decorator to None, run_after=None
[2024-12-23T06:22:35.679+0700] {processor.py:208} INFO - Processing /mnt/d/Project/airflow-news/venv/lib/python3.12/site-packages/airflow/example_dags/example_task_group_decorator.py took 0.296 seconds
[2024-12-23T06:23:57.518+0700] {processor.py:186} INFO - Started process (PID=6566) to work on /mnt/d/Project/airflow-news/venv/lib/python3.12/site-packages/airflow/example_dags/example_task_group_decorator.py
[2024-12-23T06:23:57.520+0700] {processor.py:914} INFO - Processing file /mnt/d/Project/airflow-news/venv/lib/python3.12/site-packages/airflow/example_dags/example_task_group_decorator.py for tasks to queue
[2024-12-23T06:23:57.525+0700] {logging_mixin.py:190} INFO - [2024-12-23T06:23:57.523+0700] {dagbag.py:588} INFO - Filling up the DagBag from /mnt/d/Project/airflow-news/venv/lib/python3.12/site-packages/airflow/example_dags/example_task_group_decorator.py
[2024-12-23T06:23:57.611+0700] {processor.py:925} INFO - DAG(s) 'example_task_group_decorator' retrieved from /mnt/d/Project/airflow-news/venv/lib/python3.12/site-packages/airflow/example_dags/example_task_group_decorator.py
[2024-12-23T06:23:57.649+0700] {logging_mixin.py:190} INFO - [2024-12-23T06:23:57.648+0700] {dag.py:3239} INFO - Sync 1 DAGs
[2024-12-23T06:23:57.668+0700] {logging_mixin.py:190} INFO - [2024-12-23T06:23:57.666+0700] {dag.py:4180} INFO - Setting next_dagrun for example_task_group_decorator to None, run_after=None
[2024-12-23T06:23:57.742+0700] {processor.py:208} INFO - Processing /mnt/d/Project/airflow-news/venv/lib/python3.12/site-packages/airflow/example_dags/example_task_group_decorator.py took 0.237 seconds
[2024-12-23T06:24:25.238+0700] {processor.py:186} INFO - Started process (PID=6653) to work on /mnt/d/Project/airflow-news/venv/lib/python3.12/site-packages/airflow/example_dags/example_task_group_decorator.py
[2024-12-23T06:24:25.240+0700] {processor.py:914} INFO - Processing file /mnt/d/Project/airflow-news/venv/lib/python3.12/site-packages/airflow/example_dags/example_task_group_decorator.py for tasks to queue
[2024-12-23T06:24:25.246+0700] {logging_mixin.py:190} INFO - [2024-12-23T06:24:25.244+0700] {dagbag.py:588} INFO - Filling up the DagBag from /mnt/d/Project/airflow-news/venv/lib/python3.12/site-packages/airflow/example_dags/example_task_group_decorator.py
[2024-12-23T06:24:25.333+0700] {processor.py:925} INFO - DAG(s) 'example_task_group_decorator' retrieved from /mnt/d/Project/airflow-news/venv/lib/python3.12/site-packages/airflow/example_dags/example_task_group_decorator.py
[2024-12-23T06:24:25.374+0700] {logging_mixin.py:190} INFO - [2024-12-23T06:24:25.372+0700] {dag.py:3239} INFO - Sync 1 DAGs
[2024-12-23T06:24:25.392+0700] {logging_mixin.py:190} INFO - [2024-12-23T06:24:25.391+0700] {dag.py:4180} INFO - Setting next_dagrun for example_task_group_decorator to None, run_after=None
[2024-12-23T06:24:25.470+0700] {processor.py:208} INFO - Processing /mnt/d/Project/airflow-news/venv/lib/python3.12/site-packages/airflow/example_dags/example_task_group_decorator.py took 0.253 seconds
[2024-12-23T06:25:23.110+0700] {processor.py:186} INFO - Started process (PID=6845) to work on /mnt/d/Project/airflow-news/venv/lib/python3.12/site-packages/airflow/example_dags/example_task_group_decorator.py
[2024-12-23T06:25:23.113+0700] {processor.py:914} INFO - Processing file /mnt/d/Project/airflow-news/venv/lib/python3.12/site-packages/airflow/example_dags/example_task_group_decorator.py for tasks to queue
[2024-12-23T06:25:23.117+0700] {logging_mixin.py:190} INFO - [2024-12-23T06:25:23.116+0700] {dagbag.py:588} INFO - Filling up the DagBag from /mnt/d/Project/airflow-news/venv/lib/python3.12/site-packages/airflow/example_dags/example_task_group_decorator.py
[2024-12-23T06:25:23.217+0700] {processor.py:925} INFO - DAG(s) 'example_task_group_decorator' retrieved from /mnt/d/Project/airflow-news/venv/lib/python3.12/site-packages/airflow/example_dags/example_task_group_decorator.py
[2024-12-23T06:25:23.262+0700] {logging_mixin.py:190} INFO - [2024-12-23T06:25:23.261+0700] {dag.py:3239} INFO - Sync 1 DAGs
[2024-12-23T06:25:23.283+0700] {logging_mixin.py:190} INFO - [2024-12-23T06:25:23.281+0700] {dag.py:4180} INFO - Setting next_dagrun for example_task_group_decorator to None, run_after=None
[2024-12-23T06:25:23.355+0700] {processor.py:208} INFO - Processing /mnt/d/Project/airflow-news/venv/lib/python3.12/site-packages/airflow/example_dags/example_task_group_decorator.py took 0.261 seconds
[2024-12-23T06:26:11.627+0700] {processor.py:186} INFO - Started process (PID=6983) to work on /mnt/d/Project/airflow-news/venv/lib/python3.12/site-packages/airflow/example_dags/example_task_group_decorator.py
[2024-12-23T06:26:11.630+0700] {processor.py:914} INFO - Processing file /mnt/d/Project/airflow-news/venv/lib/python3.12/site-packages/airflow/example_dags/example_task_group_decorator.py for tasks to queue
[2024-12-23T06:26:11.635+0700] {logging_mixin.py:190} INFO - [2024-12-23T06:26:11.633+0700] {dagbag.py:588} INFO - Filling up the DagBag from /mnt/d/Project/airflow-news/venv/lib/python3.12/site-packages/airflow/example_dags/example_task_group_decorator.py
[2024-12-23T06:26:11.729+0700] {processor.py:925} INFO - DAG(s) 'example_task_group_decorator' retrieved from /mnt/d/Project/airflow-news/venv/lib/python3.12/site-packages/airflow/example_dags/example_task_group_decorator.py
[2024-12-23T06:26:11.772+0700] {logging_mixin.py:190} INFO - [2024-12-23T06:26:11.771+0700] {dag.py:3239} INFO - Sync 1 DAGs
[2024-12-23T06:26:11.799+0700] {logging_mixin.py:190} INFO - [2024-12-23T06:26:11.798+0700] {dag.py:4180} INFO - Setting next_dagrun for example_task_group_decorator to None, run_after=None
[2024-12-23T06:26:11.873+0700] {processor.py:208} INFO - Processing /mnt/d/Project/airflow-news/venv/lib/python3.12/site-packages/airflow/example_dags/example_task_group_decorator.py took 0.268 seconds
[2024-12-23T06:26:56.268+0700] {processor.py:186} INFO - Started process (PID=7128) to work on /mnt/d/Project/airflow-news/venv/lib/python3.12/site-packages/airflow/example_dags/example_task_group_decorator.py
[2024-12-23T06:26:56.271+0700] {processor.py:914} INFO - Processing file /mnt/d/Project/airflow-news/venv/lib/python3.12/site-packages/airflow/example_dags/example_task_group_decorator.py for tasks to queue
[2024-12-23T06:26:56.276+0700] {logging_mixin.py:190} INFO - [2024-12-23T06:26:56.275+0700] {dagbag.py:588} INFO - Filling up the DagBag from /mnt/d/Project/airflow-news/venv/lib/python3.12/site-packages/airflow/example_dags/example_task_group_decorator.py
[2024-12-23T06:26:56.388+0700] {processor.py:925} INFO - DAG(s) 'example_task_group_decorator' retrieved from /mnt/d/Project/airflow-news/venv/lib/python3.12/site-packages/airflow/example_dags/example_task_group_decorator.py
[2024-12-23T06:26:56.437+0700] {logging_mixin.py:190} INFO - [2024-12-23T06:26:56.436+0700] {dag.py:3239} INFO - Sync 1 DAGs
[2024-12-23T06:26:56.460+0700] {logging_mixin.py:190} INFO - [2024-12-23T06:26:56.458+0700] {dag.py:4180} INFO - Setting next_dagrun for example_task_group_decorator to None, run_after=None
[2024-12-23T06:26:56.535+0700] {processor.py:208} INFO - Processing /mnt/d/Project/airflow-news/venv/lib/python3.12/site-packages/airflow/example_dags/example_task_group_decorator.py took 0.283 seconds
[2024-12-23T06:27:59.203+0700] {processor.py:186} INFO - Started process (PID=7302) to work on /mnt/d/Project/airflow-news/venv/lib/python3.12/site-packages/airflow/example_dags/example_task_group_decorator.py
[2024-12-23T06:27:59.205+0700] {processor.py:914} INFO - Processing file /mnt/d/Project/airflow-news/venv/lib/python3.12/site-packages/airflow/example_dags/example_task_group_decorator.py for tasks to queue
[2024-12-23T06:27:59.210+0700] {logging_mixin.py:190} INFO - [2024-12-23T06:27:59.208+0700] {dagbag.py:588} INFO - Filling up the DagBag from /mnt/d/Project/airflow-news/venv/lib/python3.12/site-packages/airflow/example_dags/example_task_group_decorator.py
[2024-12-23T06:27:59.310+0700] {processor.py:925} INFO - DAG(s) 'example_task_group_decorator' retrieved from /mnt/d/Project/airflow-news/venv/lib/python3.12/site-packages/airflow/example_dags/example_task_group_decorator.py
[2024-12-23T06:27:59.349+0700] {logging_mixin.py:190} INFO - [2024-12-23T06:27:59.348+0700] {dag.py:3239} INFO - Sync 1 DAGs
[2024-12-23T06:27:59.368+0700] {logging_mixin.py:190} INFO - [2024-12-23T06:27:59.367+0700] {dag.py:4180} INFO - Setting next_dagrun for example_task_group_decorator to None, run_after=None
[2024-12-23T06:27:59.438+0700] {processor.py:208} INFO - Processing /mnt/d/Project/airflow-news/venv/lib/python3.12/site-packages/airflow/example_dags/example_task_group_decorator.py took 0.258 seconds
[2024-12-23T06:28:34.767+0700] {processor.py:186} INFO - Started process (PID=7401) to work on /mnt/d/Project/airflow-news/venv/lib/python3.12/site-packages/airflow/example_dags/example_task_group_decorator.py
[2024-12-23T06:28:34.769+0700] {processor.py:914} INFO - Processing file /mnt/d/Project/airflow-news/venv/lib/python3.12/site-packages/airflow/example_dags/example_task_group_decorator.py for tasks to queue
[2024-12-23T06:28:34.774+0700] {logging_mixin.py:190} INFO - [2024-12-23T06:28:34.773+0700] {dagbag.py:588} INFO - Filling up the DagBag from /mnt/d/Project/airflow-news/venv/lib/python3.12/site-packages/airflow/example_dags/example_task_group_decorator.py
[2024-12-23T06:28:34.861+0700] {processor.py:925} INFO - DAG(s) 'example_task_group_decorator' retrieved from /mnt/d/Project/airflow-news/venv/lib/python3.12/site-packages/airflow/example_dags/example_task_group_decorator.py
[2024-12-23T06:28:34.902+0700] {logging_mixin.py:190} INFO - [2024-12-23T06:28:34.901+0700] {dag.py:3239} INFO - Sync 1 DAGs
[2024-12-23T06:28:34.920+0700] {logging_mixin.py:190} INFO - [2024-12-23T06:28:34.919+0700] {dag.py:4180} INFO - Setting next_dagrun for example_task_group_decorator to None, run_after=None
[2024-12-23T06:28:35.027+0700] {processor.py:208} INFO - Processing /mnt/d/Project/airflow-news/venv/lib/python3.12/site-packages/airflow/example_dags/example_task_group_decorator.py took 0.273 seconds
[2024-12-23T06:29:45.733+0700] {processor.py:186} INFO - Started process (PID=7623) to work on /mnt/d/Project/airflow-news/venv/lib/python3.12/site-packages/airflow/example_dags/example_task_group_decorator.py
[2024-12-23T06:29:45.735+0700] {processor.py:914} INFO - Processing file /mnt/d/Project/airflow-news/venv/lib/python3.12/site-packages/airflow/example_dags/example_task_group_decorator.py for tasks to queue
[2024-12-23T06:29:45.740+0700] {logging_mixin.py:190} INFO - [2024-12-23T06:29:45.738+0700] {dagbag.py:588} INFO - Filling up the DagBag from /mnt/d/Project/airflow-news/venv/lib/python3.12/site-packages/airflow/example_dags/example_task_group_decorator.py
[2024-12-23T06:29:45.833+0700] {processor.py:925} INFO - DAG(s) 'example_task_group_decorator' retrieved from /mnt/d/Project/airflow-news/venv/lib/python3.12/site-packages/airflow/example_dags/example_task_group_decorator.py
[2024-12-23T06:29:45.875+0700] {logging_mixin.py:190} INFO - [2024-12-23T06:29:45.874+0700] {dag.py:3239} INFO - Sync 1 DAGs
[2024-12-23T06:29:45.898+0700] {logging_mixin.py:190} INFO - [2024-12-23T06:29:45.897+0700] {dag.py:4180} INFO - Setting next_dagrun for example_task_group_decorator to None, run_after=None
[2024-12-23T06:29:45.974+0700] {processor.py:208} INFO - Processing /mnt/d/Project/airflow-news/venv/lib/python3.12/site-packages/airflow/example_dags/example_task_group_decorator.py took 0.262 seconds
[2024-12-23T06:30:02.027+0700] {processor.py:186} INFO - Started process (PID=7660) to work on /mnt/d/Project/airflow-news/venv/lib/python3.12/site-packages/airflow/example_dags/example_task_group_decorator.py
[2024-12-23T06:30:02.029+0700] {processor.py:914} INFO - Processing file /mnt/d/Project/airflow-news/venv/lib/python3.12/site-packages/airflow/example_dags/example_task_group_decorator.py for tasks to queue
[2024-12-23T06:30:02.034+0700] {logging_mixin.py:190} INFO - [2024-12-23T06:30:02.032+0700] {dagbag.py:588} INFO - Filling up the DagBag from /mnt/d/Project/airflow-news/venv/lib/python3.12/site-packages/airflow/example_dags/example_task_group_decorator.py
[2024-12-23T06:30:02.133+0700] {processor.py:925} INFO - DAG(s) 'example_task_group_decorator' retrieved from /mnt/d/Project/airflow-news/venv/lib/python3.12/site-packages/airflow/example_dags/example_task_group_decorator.py
[2024-12-23T06:30:02.177+0700] {logging_mixin.py:190} INFO - [2024-12-23T06:30:02.176+0700] {dag.py:3239} INFO - Sync 1 DAGs
[2024-12-23T06:30:02.195+0700] {logging_mixin.py:190} INFO - [2024-12-23T06:30:02.194+0700] {dag.py:4180} INFO - Setting next_dagrun for example_task_group_decorator to None, run_after=None
[2024-12-23T06:30:02.273+0700] {processor.py:208} INFO - Processing /mnt/d/Project/airflow-news/venv/lib/python3.12/site-packages/airflow/example_dags/example_task_group_decorator.py took 0.260 seconds
[2024-12-23T06:31:30.084+0700] {processor.py:186} INFO - Started process (PID=7927) to work on /mnt/d/Project/airflow-news/venv/lib/python3.12/site-packages/airflow/example_dags/example_task_group_decorator.py
[2024-12-23T06:31:30.086+0700] {processor.py:914} INFO - Processing file /mnt/d/Project/airflow-news/venv/lib/python3.12/site-packages/airflow/example_dags/example_task_group_decorator.py for tasks to queue
[2024-12-23T06:31:30.090+0700] {logging_mixin.py:190} INFO - [2024-12-23T06:31:30.089+0700] {dagbag.py:588} INFO - Filling up the DagBag from /mnt/d/Project/airflow-news/venv/lib/python3.12/site-packages/airflow/example_dags/example_task_group_decorator.py
[2024-12-23T06:31:30.184+0700] {processor.py:925} INFO - DAG(s) 'example_task_group_decorator' retrieved from /mnt/d/Project/airflow-news/venv/lib/python3.12/site-packages/airflow/example_dags/example_task_group_decorator.py
[2024-12-23T06:31:30.228+0700] {logging_mixin.py:190} INFO - [2024-12-23T06:31:30.226+0700] {dag.py:3239} INFO - Sync 1 DAGs
[2024-12-23T06:31:30.251+0700] {logging_mixin.py:190} INFO - [2024-12-23T06:31:30.250+0700] {dag.py:4180} INFO - Setting next_dagrun for example_task_group_decorator to None, run_after=None
[2024-12-23T06:31:30.352+0700] {processor.py:208} INFO - Processing /mnt/d/Project/airflow-news/venv/lib/python3.12/site-packages/airflow/example_dags/example_task_group_decorator.py took 0.291 seconds
[2024-12-23T06:31:32.538+0700] {processor.py:186} INFO - Started process (PID=7932) to work on /mnt/d/Project/airflow-news/venv/lib/python3.12/site-packages/airflow/example_dags/example_task_group_decorator.py
[2024-12-23T06:31:32.541+0700] {processor.py:914} INFO - Processing file /mnt/d/Project/airflow-news/venv/lib/python3.12/site-packages/airflow/example_dags/example_task_group_decorator.py for tasks to queue
[2024-12-23T06:31:32.546+0700] {logging_mixin.py:190} INFO - [2024-12-23T06:31:32.545+0700] {dagbag.py:588} INFO - Filling up the DagBag from /mnt/d/Project/airflow-news/venv/lib/python3.12/site-packages/airflow/example_dags/example_task_group_decorator.py
[2024-12-23T06:31:32.623+0700] {processor.py:925} INFO - DAG(s) 'example_task_group_decorator' retrieved from /mnt/d/Project/airflow-news/venv/lib/python3.12/site-packages/airflow/example_dags/example_task_group_decorator.py
[2024-12-23T06:31:32.663+0700] {logging_mixin.py:190} INFO - [2024-12-23T06:31:32.661+0700] {dag.py:3239} INFO - Sync 1 DAGs
[2024-12-23T06:31:32.683+0700] {logging_mixin.py:190} INFO - [2024-12-23T06:31:32.682+0700] {dag.py:4180} INFO - Setting next_dagrun for example_task_group_decorator to None, run_after=None
[2024-12-23T06:31:32.759+0700] {processor.py:208} INFO - Processing /mnt/d/Project/airflow-news/venv/lib/python3.12/site-packages/airflow/example_dags/example_task_group_decorator.py took 0.234 seconds
[2024-12-23T06:33:07.380+0700] {processor.py:186} INFO - Started process (PID=8217) to work on /mnt/d/Project/airflow-news/venv/lib/python3.12/site-packages/airflow/example_dags/example_task_group_decorator.py
[2024-12-23T06:33:07.383+0700] {processor.py:914} INFO - Processing file /mnt/d/Project/airflow-news/venv/lib/python3.12/site-packages/airflow/example_dags/example_task_group_decorator.py for tasks to queue
[2024-12-23T06:33:07.389+0700] {logging_mixin.py:190} INFO - [2024-12-23T06:33:07.387+0700] {dagbag.py:588} INFO - Filling up the DagBag from /mnt/d/Project/airflow-news/venv/lib/python3.12/site-packages/airflow/example_dags/example_task_group_decorator.py
[2024-12-23T06:33:07.512+0700] {processor.py:925} INFO - DAG(s) 'example_task_group_decorator' retrieved from /mnt/d/Project/airflow-news/venv/lib/python3.12/site-packages/airflow/example_dags/example_task_group_decorator.py
[2024-12-23T06:33:07.559+0700] {logging_mixin.py:190} INFO - [2024-12-23T06:33:07.558+0700] {dag.py:3239} INFO - Sync 1 DAGs
[2024-12-23T06:33:07.581+0700] {logging_mixin.py:190} INFO - [2024-12-23T06:33:07.579+0700] {dag.py:4180} INFO - Setting next_dagrun for example_task_group_decorator to None, run_after=None
[2024-12-23T06:33:07.676+0700] {processor.py:208} INFO - Processing /mnt/d/Project/airflow-news/venv/lib/python3.12/site-packages/airflow/example_dags/example_task_group_decorator.py took 0.318 seconds
[2024-12-23T06:33:24.148+0700] {processor.py:186} INFO - Started process (PID=8270) to work on /mnt/d/Project/airflow-news/venv/lib/python3.12/site-packages/airflow/example_dags/example_task_group_decorator.py
[2024-12-23T06:33:24.151+0700] {processor.py:914} INFO - Processing file /mnt/d/Project/airflow-news/venv/lib/python3.12/site-packages/airflow/example_dags/example_task_group_decorator.py for tasks to queue
[2024-12-23T06:33:24.157+0700] {logging_mixin.py:190} INFO - [2024-12-23T06:33:24.155+0700] {dagbag.py:588} INFO - Filling up the DagBag from /mnt/d/Project/airflow-news/venv/lib/python3.12/site-packages/airflow/example_dags/example_task_group_decorator.py
[2024-12-23T06:33:24.280+0700] {processor.py:925} INFO - DAG(s) 'example_task_group_decorator' retrieved from /mnt/d/Project/airflow-news/venv/lib/python3.12/site-packages/airflow/example_dags/example_task_group_decorator.py
[2024-12-23T06:33:24.346+0700] {logging_mixin.py:190} INFO - [2024-12-23T06:33:24.344+0700] {dag.py:3239} INFO - Sync 1 DAGs
[2024-12-23T06:33:24.380+0700] {logging_mixin.py:190} INFO - [2024-12-23T06:33:24.378+0700] {dag.py:4180} INFO - Setting next_dagrun for example_task_group_decorator to None, run_after=None
[2024-12-23T06:33:24.480+0700] {processor.py:208} INFO - Processing /mnt/d/Project/airflow-news/venv/lib/python3.12/site-packages/airflow/example_dags/example_task_group_decorator.py took 0.362 seconds
[2024-12-23T06:34:46.228+0700] {processor.py:186} INFO - Started process (PID=8509) to work on /mnt/d/Project/airflow-news/venv/lib/python3.12/site-packages/airflow/example_dags/example_task_group_decorator.py
[2024-12-23T06:34:46.231+0700] {processor.py:914} INFO - Processing file /mnt/d/Project/airflow-news/venv/lib/python3.12/site-packages/airflow/example_dags/example_task_group_decorator.py for tasks to queue
[2024-12-23T06:34:46.238+0700] {logging_mixin.py:190} INFO - [2024-12-23T06:34:46.236+0700] {dagbag.py:588} INFO - Filling up the DagBag from /mnt/d/Project/airflow-news/venv/lib/python3.12/site-packages/airflow/example_dags/example_task_group_decorator.py
[2024-12-23T06:34:46.356+0700] {processor.py:925} INFO - DAG(s) 'example_task_group_decorator' retrieved from /mnt/d/Project/airflow-news/venv/lib/python3.12/site-packages/airflow/example_dags/example_task_group_decorator.py
[2024-12-23T06:34:46.407+0700] {logging_mixin.py:190} INFO - [2024-12-23T06:34:46.405+0700] {dag.py:3239} INFO - Sync 1 DAGs
[2024-12-23T06:34:46.429+0700] {logging_mixin.py:190} INFO - [2024-12-23T06:34:46.428+0700] {dag.py:4180} INFO - Setting next_dagrun for example_task_group_decorator to None, run_after=None
[2024-12-23T06:34:46.512+0700] {processor.py:208} INFO - Processing /mnt/d/Project/airflow-news/venv/lib/python3.12/site-packages/airflow/example_dags/example_task_group_decorator.py took 0.304 seconds
[2024-12-23T06:36:14.589+0700] {processor.py:186} INFO - Started process (PID=8775) to work on /mnt/d/Project/airflow-news/venv/lib/python3.12/site-packages/airflow/example_dags/example_task_group_decorator.py
[2024-12-23T06:36:14.592+0700] {processor.py:914} INFO - Processing file /mnt/d/Project/airflow-news/venv/lib/python3.12/site-packages/airflow/example_dags/example_task_group_decorator.py for tasks to queue
[2024-12-23T06:36:14.598+0700] {logging_mixin.py:190} INFO - [2024-12-23T06:36:14.596+0700] {dagbag.py:588} INFO - Filling up the DagBag from /mnt/d/Project/airflow-news/venv/lib/python3.12/site-packages/airflow/example_dags/example_task_group_decorator.py
[2024-12-23T06:36:14.721+0700] {processor.py:925} INFO - DAG(s) 'example_task_group_decorator' retrieved from /mnt/d/Project/airflow-news/venv/lib/python3.12/site-packages/airflow/example_dags/example_task_group_decorator.py
[2024-12-23T06:36:14.769+0700] {logging_mixin.py:190} INFO - [2024-12-23T06:36:14.767+0700] {dag.py:3239} INFO - Sync 1 DAGs
[2024-12-23T06:36:14.792+0700] {logging_mixin.py:190} INFO - [2024-12-23T06:36:14.790+0700] {dag.py:4180} INFO - Setting next_dagrun for example_task_group_decorator to None, run_after=None
[2024-12-23T06:36:14.868+0700] {processor.py:208} INFO - Processing /mnt/d/Project/airflow-news/venv/lib/python3.12/site-packages/airflow/example_dags/example_task_group_decorator.py took 0.309 seconds
[2024-12-23T06:36:33.932+0700] {processor.py:186} INFO - Started process (PID=8839) to work on /mnt/d/Project/airflow-news/venv/lib/python3.12/site-packages/airflow/example_dags/example_task_group_decorator.py
[2024-12-23T06:36:33.935+0700] {processor.py:914} INFO - Processing file /mnt/d/Project/airflow-news/venv/lib/python3.12/site-packages/airflow/example_dags/example_task_group_decorator.py for tasks to queue
[2024-12-23T06:36:33.940+0700] {logging_mixin.py:190} INFO - [2024-12-23T06:36:33.938+0700] {dagbag.py:588} INFO - Filling up the DagBag from /mnt/d/Project/airflow-news/venv/lib/python3.12/site-packages/airflow/example_dags/example_task_group_decorator.py
[2024-12-23T06:36:34.037+0700] {processor.py:925} INFO - DAG(s) 'example_task_group_decorator' retrieved from /mnt/d/Project/airflow-news/venv/lib/python3.12/site-packages/airflow/example_dags/example_task_group_decorator.py
[2024-12-23T06:36:34.081+0700] {logging_mixin.py:190} INFO - [2024-12-23T06:36:34.079+0700] {dag.py:3239} INFO - Sync 1 DAGs
[2024-12-23T06:36:34.099+0700] {logging_mixin.py:190} INFO - [2024-12-23T06:36:34.098+0700] {dag.py:4180} INFO - Setting next_dagrun for example_task_group_decorator to None, run_after=None
[2024-12-23T06:36:34.192+0700] {processor.py:208} INFO - Processing /mnt/d/Project/airflow-news/venv/lib/python3.12/site-packages/airflow/example_dags/example_task_group_decorator.py took 0.275 seconds
[2024-12-23T06:37:38.675+0700] {processor.py:186} INFO - Started process (PID=9036) to work on /mnt/d/Project/airflow-news/venv/lib/python3.12/site-packages/airflow/example_dags/example_task_group_decorator.py
[2024-12-23T06:37:38.678+0700] {processor.py:914} INFO - Processing file /mnt/d/Project/airflow-news/venv/lib/python3.12/site-packages/airflow/example_dags/example_task_group_decorator.py for tasks to queue
[2024-12-23T06:37:38.683+0700] {logging_mixin.py:190} INFO - [2024-12-23T06:37:38.682+0700] {dagbag.py:588} INFO - Filling up the DagBag from /mnt/d/Project/airflow-news/venv/lib/python3.12/site-packages/airflow/example_dags/example_task_group_decorator.py
[2024-12-23T06:37:38.819+0700] {processor.py:925} INFO - DAG(s) 'example_task_group_decorator' retrieved from /mnt/d/Project/airflow-news/venv/lib/python3.12/site-packages/airflow/example_dags/example_task_group_decorator.py
[2024-12-23T06:37:38.863+0700] {logging_mixin.py:190} INFO - [2024-12-23T06:37:38.861+0700] {dag.py:3239} INFO - Sync 1 DAGs
[2024-12-23T06:37:38.884+0700] {logging_mixin.py:190} INFO - [2024-12-23T06:37:38.882+0700] {dag.py:4180} INFO - Setting next_dagrun for example_task_group_decorator to None, run_after=None
[2024-12-23T06:37:38.960+0700] {processor.py:208} INFO - Processing /mnt/d/Project/airflow-news/venv/lib/python3.12/site-packages/airflow/example_dags/example_task_group_decorator.py took 0.311 seconds
[2024-12-23T06:37:49.308+0700] {processor.py:186} INFO - Started process (PID=9086) to work on /mnt/d/Project/airflow-news/venv/lib/python3.12/site-packages/airflow/example_dags/example_task_group_decorator.py
[2024-12-23T06:37:49.311+0700] {processor.py:914} INFO - Processing file /mnt/d/Project/airflow-news/venv/lib/python3.12/site-packages/airflow/example_dags/example_task_group_decorator.py for tasks to queue
[2024-12-23T06:37:49.318+0700] {logging_mixin.py:190} INFO - [2024-12-23T06:37:49.316+0700] {dagbag.py:588} INFO - Filling up the DagBag from /mnt/d/Project/airflow-news/venv/lib/python3.12/site-packages/airflow/example_dags/example_task_group_decorator.py
[2024-12-23T06:37:49.464+0700] {processor.py:925} INFO - DAG(s) 'example_task_group_decorator' retrieved from /mnt/d/Project/airflow-news/venv/lib/python3.12/site-packages/airflow/example_dags/example_task_group_decorator.py
[2024-12-23T06:37:49.543+0700] {logging_mixin.py:190} INFO - [2024-12-23T06:37:49.541+0700] {dag.py:3239} INFO - Sync 1 DAGs
[2024-12-23T06:37:49.586+0700] {logging_mixin.py:190} INFO - [2024-12-23T06:37:49.584+0700] {dag.py:4180} INFO - Setting next_dagrun for example_task_group_decorator to None, run_after=None
[2024-12-23T06:37:49.715+0700] {processor.py:208} INFO - Processing /mnt/d/Project/airflow-news/venv/lib/python3.12/site-packages/airflow/example_dags/example_task_group_decorator.py took 0.430 seconds
[2024-12-23T06:39:27.399+0700] {processor.py:186} INFO - Started process (PID=9417) to work on /mnt/d/Project/airflow-news/venv/lib/python3.12/site-packages/airflow/example_dags/example_task_group_decorator.py
[2024-12-23T06:39:27.401+0700] {processor.py:914} INFO - Processing file /mnt/d/Project/airflow-news/venv/lib/python3.12/site-packages/airflow/example_dags/example_task_group_decorator.py for tasks to queue
[2024-12-23T06:39:27.407+0700] {logging_mixin.py:190} INFO - [2024-12-23T06:39:27.405+0700] {dagbag.py:588} INFO - Filling up the DagBag from /mnt/d/Project/airflow-news/venv/lib/python3.12/site-packages/airflow/example_dags/example_task_group_decorator.py
[2024-12-23T06:39:27.510+0700] {processor.py:925} INFO - DAG(s) 'example_task_group_decorator' retrieved from /mnt/d/Project/airflow-news/venv/lib/python3.12/site-packages/airflow/example_dags/example_task_group_decorator.py
[2024-12-23T06:39:27.554+0700] {logging_mixin.py:190} INFO - [2024-12-23T06:39:27.553+0700] {dag.py:3239} INFO - Sync 1 DAGs
[2024-12-23T06:39:27.574+0700] {logging_mixin.py:190} INFO - [2024-12-23T06:39:27.572+0700] {dag.py:4180} INFO - Setting next_dagrun for example_task_group_decorator to None, run_after=None
[2024-12-23T06:39:27.672+0700] {processor.py:208} INFO - Processing /mnt/d/Project/airflow-news/venv/lib/python3.12/site-packages/airflow/example_dags/example_task_group_decorator.py took 0.290 seconds
[2024-12-23T06:39:40.247+0700] {processor.py:186} INFO - Started process (PID=9441) to work on /mnt/d/Project/airflow-news/venv/lib/python3.12/site-packages/airflow/example_dags/example_task_group_decorator.py
[2024-12-23T06:39:40.249+0700] {processor.py:914} INFO - Processing file /mnt/d/Project/airflow-news/venv/lib/python3.12/site-packages/airflow/example_dags/example_task_group_decorator.py for tasks to queue
[2024-12-23T06:39:40.255+0700] {logging_mixin.py:190} INFO - [2024-12-23T06:39:40.253+0700] {dagbag.py:588} INFO - Filling up the DagBag from /mnt/d/Project/airflow-news/venv/lib/python3.12/site-packages/airflow/example_dags/example_task_group_decorator.py
[2024-12-23T06:39:40.366+0700] {processor.py:925} INFO - DAG(s) 'example_task_group_decorator' retrieved from /mnt/d/Project/airflow-news/venv/lib/python3.12/site-packages/airflow/example_dags/example_task_group_decorator.py
[2024-12-23T06:39:40.417+0700] {logging_mixin.py:190} INFO - [2024-12-23T06:39:40.416+0700] {dag.py:3239} INFO - Sync 1 DAGs
[2024-12-23T06:39:40.442+0700] {logging_mixin.py:190} INFO - [2024-12-23T06:39:40.441+0700] {dag.py:4180} INFO - Setting next_dagrun for example_task_group_decorator to None, run_after=None
[2024-12-23T06:39:40.522+0700] {processor.py:208} INFO - Processing /mnt/d/Project/airflow-news/venv/lib/python3.12/site-packages/airflow/example_dags/example_task_group_decorator.py took 0.300 seconds
