[2024-12-23T05:45:44.034+0700] {processor.py:186} INFO - Started process (PID=1398) to work on /mnt/d/Project/airflow-news/venv/lib/python3.12/site-packages/airflow/example_dags/example_nested_branch_dag.py
[2024-12-23T05:45:44.036+0700] {processor.py:914} INFO - Processing file /mnt/d/Project/airflow-news/venv/lib/python3.12/site-packages/airflow/example_dags/example_nested_branch_dag.py for tasks to queue
[2024-12-23T05:45:44.041+0700] {logging_mixin.py:190} INFO - [2024-12-23T05:45:44.039+0700] {dagbag.py:588} INFO - Filling up the DagBag from /mnt/d/Project/airflow-news/venv/lib/python3.12/site-packages/airflow/example_dags/example_nested_branch_dag.py
[2024-12-23T05:45:44.144+0700] {processor.py:925} INFO - DAG(s) 'example_nested_branch_dag' retrieved from /mnt/d/Project/airflow-news/venv/lib/python3.12/site-packages/airflow/example_dags/example_nested_branch_dag.py
[2024-12-23T05:45:45.698+0700] {logging_mixin.py:190} INFO - [2024-12-23T05:45:45.696+0700] {override.py:1911} INFO - Created Permission View: can edit on DAG:example_nested_branch_dag
[2024-12-23T05:45:45.746+0700] {logging_mixin.py:190} INFO - [2024-12-23T05:45:45.745+0700] {override.py:1911} INFO - Created Permission View: can read on DAG:example_nested_branch_dag
[2024-12-23T05:45:45.823+0700] {logging_mixin.py:190} INFO - [2024-12-23T05:45:45.818+0700] {override.py:1911} INFO - Created Permission View: can delete on DAG:example_nested_branch_dag
[2024-12-23T05:45:45.935+0700] {logging_mixin.py:190} INFO - [2024-12-23T05:45:45.932+0700] {override.py:1911} INFO - Created Permission View: can read on DAG Run:example_nested_branch_dag
[2024-12-23T05:45:45.996+0700] {logging_mixin.py:190} INFO - [2024-12-23T05:45:45.994+0700] {override.py:1911} INFO - Created Permission View: can delete on DAG Run:example_nested_branch_dag
[2024-12-23T05:45:46.048+0700] {logging_mixin.py:190} INFO - [2024-12-23T05:45:46.046+0700] {override.py:1911} INFO - Created Permission View: menu access on DAG Run:example_nested_branch_dag
[2024-12-23T05:45:46.099+0700] {logging_mixin.py:190} INFO - [2024-12-23T05:45:46.097+0700] {override.py:1911} INFO - Created Permission View: can create on DAG Run:example_nested_branch_dag
[2024-12-23T05:45:46.102+0700] {logging_mixin.py:190} INFO - [2024-12-23T05:45:46.100+0700] {dag.py:3239} INFO - Sync 1 DAGs
[2024-12-23T05:45:44.663+0700] {logging_mixin.py:190} INFO - [2024-12-23T05:45:44.662+0700] {dag.py:3262} INFO - Creating ORM DAG for example_nested_branch_dag
[2024-12-23T05:45:44.680+0700] {logging_mixin.py:190} INFO - [2024-12-23T05:45:44.679+0700] {dag.py:4180} INFO - Setting next_dagrun for example_nested_branch_dag to 2024-12-21 00:00:00+00:00, run_after=2024-12-22 00:00:00+00:00
[2024-12-23T05:45:44.766+0700] {processor.py:208} INFO - Processing /mnt/d/Project/airflow-news/venv/lib/python3.12/site-packages/airflow/example_dags/example_nested_branch_dag.py took 2.209 seconds
[2024-12-23T05:53:19.563+0700] {processor.py:186} INFO - Started process (PID=1771) to work on /mnt/d/Project/airflow-news/venv/lib/python3.12/site-packages/airflow/example_dags/example_nested_branch_dag.py
[2024-12-23T05:53:19.566+0700] {processor.py:914} INFO - Processing file /mnt/d/Project/airflow-news/venv/lib/python3.12/site-packages/airflow/example_dags/example_nested_branch_dag.py for tasks to queue
[2024-12-23T05:53:19.570+0700] {logging_mixin.py:190} INFO - [2024-12-23T05:53:19.569+0700] {dagbag.py:588} INFO - Filling up the DagBag from /mnt/d/Project/airflow-news/venv/lib/python3.12/site-packages/airflow/example_dags/example_nested_branch_dag.py
[2024-12-23T05:53:19.694+0700] {processor.py:925} INFO - DAG(s) 'example_nested_branch_dag' retrieved from /mnt/d/Project/airflow-news/venv/lib/python3.12/site-packages/airflow/example_dags/example_nested_branch_dag.py
[2024-12-23T05:53:21.721+0700] {logging_mixin.py:190} INFO - [2024-12-23T05:53:21.720+0700] {dag.py:3239} INFO - Sync 1 DAGs
[2024-12-23T05:53:21.757+0700] {logging_mixin.py:190} INFO - [2024-12-23T05:53:21.756+0700] {dag.py:4180} INFO - Setting next_dagrun for example_nested_branch_dag to 2024-12-21 00:00:00+00:00, run_after=2024-12-22 00:00:00+00:00
[2024-12-23T05:53:21.849+0700] {processor.py:208} INFO - Processing /mnt/d/Project/airflow-news/venv/lib/python3.12/site-packages/airflow/example_dags/example_nested_branch_dag.py took 2.302 seconds
[2024-12-23T05:53:44.093+0700] {processor.py:186} INFO - Started process (PID=1833) to work on /mnt/d/Project/airflow-news/venv/lib/python3.12/site-packages/airflow/example_dags/example_nested_branch_dag.py
[2024-12-23T05:53:44.095+0700] {processor.py:914} INFO - Processing file /mnt/d/Project/airflow-news/venv/lib/python3.12/site-packages/airflow/example_dags/example_nested_branch_dag.py for tasks to queue
[2024-12-23T05:53:44.100+0700] {logging_mixin.py:190} INFO - [2024-12-23T05:53:44.099+0700] {dagbag.py:588} INFO - Filling up the DagBag from /mnt/d/Project/airflow-news/venv/lib/python3.12/site-packages/airflow/example_dags/example_nested_branch_dag.py
[2024-12-23T05:53:44.230+0700] {processor.py:925} INFO - DAG(s) 'example_nested_branch_dag' retrieved from /mnt/d/Project/airflow-news/venv/lib/python3.12/site-packages/airflow/example_dags/example_nested_branch_dag.py
[2024-12-23T05:53:44.263+0700] {logging_mixin.py:190} INFO - [2024-12-23T05:53:44.261+0700] {dag.py:3239} INFO - Sync 1 DAGs
[2024-12-23T05:53:44.307+0700] {logging_mixin.py:190} INFO - [2024-12-23T05:53:44.305+0700] {dag.py:4180} INFO - Setting next_dagrun for example_nested_branch_dag to 2024-12-21 00:00:00+00:00, run_after=2024-12-22 00:00:00+00:00
[2024-12-23T05:53:44.398+0700] {processor.py:208} INFO - Processing /mnt/d/Project/airflow-news/venv/lib/python3.12/site-packages/airflow/example_dags/example_nested_branch_dag.py took 0.323 seconds
[2024-12-23T05:55:25.930+0700] {processor.py:186} INFO - Started process (PID=2117) to work on /mnt/d/Project/airflow-news/venv/lib/python3.12/site-packages/airflow/example_dags/example_nested_branch_dag.py
[2024-12-23T05:55:25.932+0700] {processor.py:914} INFO - Processing file /mnt/d/Project/airflow-news/venv/lib/python3.12/site-packages/airflow/example_dags/example_nested_branch_dag.py for tasks to queue
[2024-12-23T05:55:25.938+0700] {logging_mixin.py:190} INFO - [2024-12-23T05:55:25.936+0700] {dagbag.py:588} INFO - Filling up the DagBag from /mnt/d/Project/airflow-news/venv/lib/python3.12/site-packages/airflow/example_dags/example_nested_branch_dag.py
[2024-12-23T05:55:26.040+0700] {processor.py:925} INFO - DAG(s) 'example_nested_branch_dag' retrieved from /mnt/d/Project/airflow-news/venv/lib/python3.12/site-packages/airflow/example_dags/example_nested_branch_dag.py
[2024-12-23T05:55:26.079+0700] {logging_mixin.py:190} INFO - [2024-12-23T05:55:26.078+0700] {dag.py:3239} INFO - Sync 1 DAGs
[2024-12-23T05:55:26.112+0700] {logging_mixin.py:190} INFO - [2024-12-23T05:55:26.110+0700] {dag.py:4180} INFO - Setting next_dagrun for example_nested_branch_dag to 2024-12-21 00:00:00+00:00, run_after=2024-12-22 00:00:00+00:00
[2024-12-23T05:55:26.177+0700] {processor.py:208} INFO - Processing /mnt/d/Project/airflow-news/venv/lib/python3.12/site-packages/airflow/example_dags/example_nested_branch_dag.py took 0.261 seconds
[2024-12-23T05:56:56.698+0700] {processor.py:186} INFO - Started process (PID=2297) to work on /mnt/d/Project/airflow-news/venv/lib/python3.12/site-packages/airflow/example_dags/example_nested_branch_dag.py
[2024-12-23T05:56:56.701+0700] {processor.py:914} INFO - Processing file /mnt/d/Project/airflow-news/venv/lib/python3.12/site-packages/airflow/example_dags/example_nested_branch_dag.py for tasks to queue
[2024-12-23T05:56:56.707+0700] {logging_mixin.py:190} INFO - [2024-12-23T05:56:56.705+0700] {dagbag.py:588} INFO - Filling up the DagBag from /mnt/d/Project/airflow-news/venv/lib/python3.12/site-packages/airflow/example_dags/example_nested_branch_dag.py
[2024-12-23T05:56:56.818+0700] {processor.py:925} INFO - DAG(s) 'example_nested_branch_dag' retrieved from /mnt/d/Project/airflow-news/venv/lib/python3.12/site-packages/airflow/example_dags/example_nested_branch_dag.py
[2024-12-23T05:56:56.857+0700] {logging_mixin.py:190} INFO - [2024-12-23T05:56:56.856+0700] {dag.py:3239} INFO - Sync 1 DAGs
[2024-12-23T05:56:56.892+0700] {logging_mixin.py:190} INFO - [2024-12-23T05:56:56.891+0700] {dag.py:4180} INFO - Setting next_dagrun for example_nested_branch_dag to 2024-12-21 00:00:00+00:00, run_after=2024-12-22 00:00:00+00:00
[2024-12-23T05:56:56.969+0700] {processor.py:208} INFO - Processing /mnt/d/Project/airflow-news/venv/lib/python3.12/site-packages/airflow/example_dags/example_nested_branch_dag.py took 0.286 seconds
[2024-12-23T05:58:34.741+0700] {processor.py:186} INFO - Started process (PID=2530) to work on /mnt/d/Project/airflow-news/venv/lib/python3.12/site-packages/airflow/example_dags/example_nested_branch_dag.py
[2024-12-23T05:58:34.744+0700] {processor.py:914} INFO - Processing file /mnt/d/Project/airflow-news/venv/lib/python3.12/site-packages/airflow/example_dags/example_nested_branch_dag.py for tasks to queue
[2024-12-23T05:58:34.750+0700] {logging_mixin.py:190} INFO - [2024-12-23T05:58:34.748+0700] {dagbag.py:588} INFO - Filling up the DagBag from /mnt/d/Project/airflow-news/venv/lib/python3.12/site-packages/airflow/example_dags/example_nested_branch_dag.py
[2024-12-23T05:58:34.871+0700] {processor.py:925} INFO - DAG(s) 'example_nested_branch_dag' retrieved from /mnt/d/Project/airflow-news/venv/lib/python3.12/site-packages/airflow/example_dags/example_nested_branch_dag.py
[2024-12-23T05:58:34.942+0700] {logging_mixin.py:190} INFO - [2024-12-23T05:58:34.940+0700] {dag.py:3239} INFO - Sync 1 DAGs
[2024-12-23T05:58:35.019+0700] {logging_mixin.py:190} INFO - [2024-12-23T05:58:35.017+0700] {dag.py:4180} INFO - Setting next_dagrun for example_nested_branch_dag to 2024-12-21 00:00:00+00:00, run_after=2024-12-22 00:00:00+00:00
[2024-12-23T05:58:35.122+0700] {processor.py:208} INFO - Processing /mnt/d/Project/airflow-news/venv/lib/python3.12/site-packages/airflow/example_dags/example_nested_branch_dag.py took 0.401 seconds
[2024-12-23T05:59:22.393+0700] {processor.py:186} INFO - Started process (PID=2641) to work on /mnt/d/Project/airflow-news/venv/lib/python3.12/site-packages/airflow/example_dags/example_nested_branch_dag.py
[2024-12-23T05:59:22.396+0700] {processor.py:914} INFO - Processing file /mnt/d/Project/airflow-news/venv/lib/python3.12/site-packages/airflow/example_dags/example_nested_branch_dag.py for tasks to queue
[2024-12-23T05:59:22.401+0700] {logging_mixin.py:190} INFO - [2024-12-23T05:59:22.399+0700] {dagbag.py:588} INFO - Filling up the DagBag from /mnt/d/Project/airflow-news/venv/lib/python3.12/site-packages/airflow/example_dags/example_nested_branch_dag.py
[2024-12-23T05:59:22.484+0700] {processor.py:925} INFO - DAG(s) 'example_nested_branch_dag' retrieved from /mnt/d/Project/airflow-news/venv/lib/python3.12/site-packages/airflow/example_dags/example_nested_branch_dag.py
[2024-12-23T05:59:22.542+0700] {logging_mixin.py:190} INFO - [2024-12-23T05:59:22.541+0700] {dag.py:3239} INFO - Sync 1 DAGs
[2024-12-23T05:59:22.584+0700] {logging_mixin.py:190} INFO - [2024-12-23T05:59:22.582+0700] {dag.py:4180} INFO - Setting next_dagrun for example_nested_branch_dag to 2024-12-21 00:00:00+00:00, run_after=2024-12-22 00:00:00+00:00
[2024-12-23T05:59:22.670+0700] {processor.py:208} INFO - Processing /mnt/d/Project/airflow-news/venv/lib/python3.12/site-packages/airflow/example_dags/example_nested_branch_dag.py took 0.293 seconds
[2024-12-23T06:00:13.567+0700] {processor.py:186} INFO - Started process (PID=2794) to work on /mnt/d/Project/airflow-news/venv/lib/python3.12/site-packages/airflow/example_dags/example_nested_branch_dag.py
[2024-12-23T06:00:13.571+0700] {processor.py:914} INFO - Processing file /mnt/d/Project/airflow-news/venv/lib/python3.12/site-packages/airflow/example_dags/example_nested_branch_dag.py for tasks to queue
[2024-12-23T06:00:13.579+0700] {logging_mixin.py:190} INFO - [2024-12-23T06:00:13.576+0700] {dagbag.py:588} INFO - Filling up the DagBag from /mnt/d/Project/airflow-news/venv/lib/python3.12/site-packages/airflow/example_dags/example_nested_branch_dag.py
[2024-12-23T06:00:13.703+0700] {processor.py:925} INFO - DAG(s) 'example_nested_branch_dag' retrieved from /mnt/d/Project/airflow-news/venv/lib/python3.12/site-packages/airflow/example_dags/example_nested_branch_dag.py
[2024-12-23T06:00:13.747+0700] {logging_mixin.py:190} INFO - [2024-12-23T06:00:13.746+0700] {dag.py:3239} INFO - Sync 1 DAGs
[2024-12-23T06:00:13.787+0700] {logging_mixin.py:190} INFO - [2024-12-23T06:00:13.785+0700] {dag.py:4180} INFO - Setting next_dagrun for example_nested_branch_dag to 2024-12-21 00:00:00+00:00, run_after=2024-12-22 00:00:00+00:00
[2024-12-23T06:00:14.016+0700] {processor.py:208} INFO - Processing /mnt/d/Project/airflow-news/venv/lib/python3.12/site-packages/airflow/example_dags/example_nested_branch_dag.py took 0.471 seconds
[2024-12-23T06:00:46.530+0700] {processor.py:186} INFO - Started process (PID=2879) to work on /mnt/d/Project/airflow-news/venv/lib/python3.12/site-packages/airflow/example_dags/example_nested_branch_dag.py
[2024-12-23T06:00:46.534+0700] {processor.py:914} INFO - Processing file /mnt/d/Project/airflow-news/venv/lib/python3.12/site-packages/airflow/example_dags/example_nested_branch_dag.py for tasks to queue
[2024-12-23T06:00:46.540+0700] {logging_mixin.py:190} INFO - [2024-12-23T06:00:46.538+0700] {dagbag.py:588} INFO - Filling up the DagBag from /mnt/d/Project/airflow-news/venv/lib/python3.12/site-packages/airflow/example_dags/example_nested_branch_dag.py
[2024-12-23T06:00:46.672+0700] {processor.py:925} INFO - DAG(s) 'example_nested_branch_dag' retrieved from /mnt/d/Project/airflow-news/venv/lib/python3.12/site-packages/airflow/example_dags/example_nested_branch_dag.py
[2024-12-23T06:00:46.724+0700] {logging_mixin.py:190} INFO - [2024-12-23T06:00:46.722+0700] {dag.py:3239} INFO - Sync 1 DAGs
[2024-12-23T06:00:46.768+0700] {logging_mixin.py:190} INFO - [2024-12-23T06:00:46.766+0700] {dag.py:4180} INFO - Setting next_dagrun for example_nested_branch_dag to 2024-12-21 00:00:00+00:00, run_after=2024-12-22 00:00:00+00:00
[2024-12-23T06:00:46.864+0700] {processor.py:208} INFO - Processing /mnt/d/Project/airflow-news/venv/lib/python3.12/site-packages/airflow/example_dags/example_nested_branch_dag.py took 0.354 seconds
[2024-12-23T06:02:15.274+0700] {processor.py:186} INFO - Started process (PID=3078) to work on /mnt/d/Project/airflow-news/venv/lib/python3.12/site-packages/airflow/example_dags/example_nested_branch_dag.py
[2024-12-23T06:02:15.278+0700] {processor.py:914} INFO - Processing file /mnt/d/Project/airflow-news/venv/lib/python3.12/site-packages/airflow/example_dags/example_nested_branch_dag.py for tasks to queue
[2024-12-23T06:02:15.290+0700] {logging_mixin.py:190} INFO - [2024-12-23T06:02:15.288+0700] {dagbag.py:588} INFO - Filling up the DagBag from /mnt/d/Project/airflow-news/venv/lib/python3.12/site-packages/airflow/example_dags/example_nested_branch_dag.py
[2024-12-23T06:02:15.452+0700] {processor.py:925} INFO - DAG(s) 'example_nested_branch_dag' retrieved from /mnt/d/Project/airflow-news/venv/lib/python3.12/site-packages/airflow/example_dags/example_nested_branch_dag.py
[2024-12-23T06:02:15.515+0700] {logging_mixin.py:190} INFO - [2024-12-23T06:02:15.513+0700] {dag.py:3239} INFO - Sync 1 DAGs
[2024-12-23T06:02:15.573+0700] {logging_mixin.py:190} INFO - [2024-12-23T06:02:15.571+0700] {dag.py:4180} INFO - Setting next_dagrun for example_nested_branch_dag to 2024-12-21 00:00:00+00:00, run_after=2024-12-22 00:00:00+00:00
[2024-12-23T06:02:15.800+0700] {processor.py:208} INFO - Processing /mnt/d/Project/airflow-news/venv/lib/python3.12/site-packages/airflow/example_dags/example_nested_branch_dag.py took 0.560 seconds
[2024-12-23T06:04:26.928+0700] {processor.py:186} INFO - Started process (PID=3397) to work on /mnt/d/Project/airflow-news/venv/lib/python3.12/site-packages/airflow/example_dags/example_nested_branch_dag.py
[2024-12-23T06:04:26.930+0700] {processor.py:914} INFO - Processing file /mnt/d/Project/airflow-news/venv/lib/python3.12/site-packages/airflow/example_dags/example_nested_branch_dag.py for tasks to queue
[2024-12-23T06:04:26.936+0700] {logging_mixin.py:190} INFO - [2024-12-23T06:04:26.934+0700] {dagbag.py:588} INFO - Filling up the DagBag from /mnt/d/Project/airflow-news/venv/lib/python3.12/site-packages/airflow/example_dags/example_nested_branch_dag.py
[2024-12-23T06:04:27.068+0700] {processor.py:925} INFO - DAG(s) 'example_nested_branch_dag' retrieved from /mnt/d/Project/airflow-news/venv/lib/python3.12/site-packages/airflow/example_dags/example_nested_branch_dag.py
[2024-12-23T06:04:27.111+0700] {logging_mixin.py:190} INFO - [2024-12-23T06:04:27.110+0700] {dag.py:3239} INFO - Sync 1 DAGs
[2024-12-23T06:04:27.146+0700] {logging_mixin.py:190} INFO - [2024-12-23T06:04:27.145+0700] {dag.py:4180} INFO - Setting next_dagrun for example_nested_branch_dag to 2024-12-21 00:00:00+00:00, run_after=2024-12-22 00:00:00+00:00
[2024-12-23T06:04:27.231+0700] {processor.py:208} INFO - Processing /mnt/d/Project/airflow-news/venv/lib/python3.12/site-packages/airflow/example_dags/example_nested_branch_dag.py took 0.330 seconds
[2024-12-23T06:06:27.440+0700] {processor.py:186} INFO - Started process (PID=3683) to work on /mnt/d/Project/airflow-news/venv/lib/python3.12/site-packages/airflow/example_dags/example_nested_branch_dag.py
[2024-12-23T06:06:27.443+0700] {processor.py:914} INFO - Processing file /mnt/d/Project/airflow-news/venv/lib/python3.12/site-packages/airflow/example_dags/example_nested_branch_dag.py for tasks to queue
[2024-12-23T06:06:27.451+0700] {logging_mixin.py:190} INFO - [2024-12-23T06:06:27.448+0700] {dagbag.py:588} INFO - Filling up the DagBag from /mnt/d/Project/airflow-news/venv/lib/python3.12/site-packages/airflow/example_dags/example_nested_branch_dag.py
[2024-12-23T06:06:27.570+0700] {processor.py:925} INFO - DAG(s) 'example_nested_branch_dag' retrieved from /mnt/d/Project/airflow-news/venv/lib/python3.12/site-packages/airflow/example_dags/example_nested_branch_dag.py
[2024-12-23T06:06:27.617+0700] {logging_mixin.py:190} INFO - [2024-12-23T06:06:27.615+0700] {dag.py:3239} INFO - Sync 1 DAGs
[2024-12-23T06:06:27.658+0700] {logging_mixin.py:190} INFO - [2024-12-23T06:06:27.657+0700] {dag.py:4180} INFO - Setting next_dagrun for example_nested_branch_dag to 2024-12-21 00:00:00+00:00, run_after=2024-12-22 00:00:00+00:00
[2024-12-23T06:06:27.743+0700] {processor.py:208} INFO - Processing /mnt/d/Project/airflow-news/venv/lib/python3.12/site-packages/airflow/example_dags/example_nested_branch_dag.py took 0.332 seconds
[2024-12-23T06:07:32.674+0700] {processor.py:186} INFO - Started process (PID=3858) to work on /mnt/d/Project/airflow-news/venv/lib/python3.12/site-packages/airflow/example_dags/example_nested_branch_dag.py
[2024-12-23T06:07:32.677+0700] {processor.py:914} INFO - Processing file /mnt/d/Project/airflow-news/venv/lib/python3.12/site-packages/airflow/example_dags/example_nested_branch_dag.py for tasks to queue
[2024-12-23T06:07:32.682+0700] {logging_mixin.py:190} INFO - [2024-12-23T06:07:32.680+0700] {dagbag.py:588} INFO - Filling up the DagBag from /mnt/d/Project/airflow-news/venv/lib/python3.12/site-packages/airflow/example_dags/example_nested_branch_dag.py
[2024-12-23T06:07:32.809+0700] {processor.py:925} INFO - DAG(s) 'example_nested_branch_dag' retrieved from /mnt/d/Project/airflow-news/venv/lib/python3.12/site-packages/airflow/example_dags/example_nested_branch_dag.py
[2024-12-23T06:07:32.873+0700] {logging_mixin.py:190} INFO - [2024-12-23T06:07:32.871+0700] {dag.py:3239} INFO - Sync 1 DAGs
[2024-12-23T06:07:32.911+0700] {logging_mixin.py:190} INFO - [2024-12-23T06:07:32.909+0700] {dag.py:4180} INFO - Setting next_dagrun for example_nested_branch_dag to 2024-12-21 00:00:00+00:00, run_after=2024-12-22 00:00:00+00:00
[2024-12-23T06:07:32.992+0700] {processor.py:208} INFO - Processing /mnt/d/Project/airflow-news/venv/lib/python3.12/site-packages/airflow/example_dags/example_nested_branch_dag.py took 0.337 seconds
[2024-12-23T06:08:27.189+0700] {processor.py:186} INFO - Started process (PID=4019) to work on /mnt/d/Project/airflow-news/venv/lib/python3.12/site-packages/airflow/example_dags/example_nested_branch_dag.py
[2024-12-23T06:08:27.192+0700] {processor.py:914} INFO - Processing file /mnt/d/Project/airflow-news/venv/lib/python3.12/site-packages/airflow/example_dags/example_nested_branch_dag.py for tasks to queue
[2024-12-23T06:08:27.199+0700] {logging_mixin.py:190} INFO - [2024-12-23T06:08:27.197+0700] {dagbag.py:588} INFO - Filling up the DagBag from /mnt/d/Project/airflow-news/venv/lib/python3.12/site-packages/airflow/example_dags/example_nested_branch_dag.py
[2024-12-23T06:08:27.334+0700] {processor.py:925} INFO - DAG(s) 'example_nested_branch_dag' retrieved from /mnt/d/Project/airflow-news/venv/lib/python3.12/site-packages/airflow/example_dags/example_nested_branch_dag.py
[2024-12-23T06:08:27.377+0700] {logging_mixin.py:190} INFO - [2024-12-23T06:08:27.376+0700] {dag.py:3239} INFO - Sync 1 DAGs
[2024-12-23T06:08:27.418+0700] {logging_mixin.py:190} INFO - [2024-12-23T06:08:27.417+0700] {dag.py:4180} INFO - Setting next_dagrun for example_nested_branch_dag to 2024-12-21 00:00:00+00:00, run_after=2024-12-22 00:00:00+00:00
[2024-12-23T06:08:27.503+0700] {processor.py:208} INFO - Processing /mnt/d/Project/airflow-news/venv/lib/python3.12/site-packages/airflow/example_dags/example_nested_branch_dag.py took 0.340 seconds
[2024-12-23T06:08:54.124+0700] {processor.py:186} INFO - Started process (PID=4119) to work on /mnt/d/Project/airflow-news/venv/lib/python3.12/site-packages/airflow/example_dags/example_nested_branch_dag.py
[2024-12-23T06:08:54.128+0700] {processor.py:914} INFO - Processing file /mnt/d/Project/airflow-news/venv/lib/python3.12/site-packages/airflow/example_dags/example_nested_branch_dag.py for tasks to queue
[2024-12-23T06:08:54.135+0700] {logging_mixin.py:190} INFO - [2024-12-23T06:08:54.132+0700] {dagbag.py:588} INFO - Filling up the DagBag from /mnt/d/Project/airflow-news/venv/lib/python3.12/site-packages/airflow/example_dags/example_nested_branch_dag.py
[2024-12-23T06:08:54.294+0700] {processor.py:925} INFO - DAG(s) 'example_nested_branch_dag' retrieved from /mnt/d/Project/airflow-news/venv/lib/python3.12/site-packages/airflow/example_dags/example_nested_branch_dag.py
[2024-12-23T06:08:54.346+0700] {logging_mixin.py:190} INFO - [2024-12-23T06:08:54.344+0700] {dag.py:3239} INFO - Sync 1 DAGs
[2024-12-23T06:08:54.399+0700] {logging_mixin.py:190} INFO - [2024-12-23T06:08:54.398+0700] {dag.py:4180} INFO - Setting next_dagrun for example_nested_branch_dag to 2024-12-21 00:00:00+00:00, run_after=2024-12-22 00:00:00+00:00
[2024-12-23T06:08:54.489+0700] {processor.py:208} INFO - Processing /mnt/d/Project/airflow-news/venv/lib/python3.12/site-packages/airflow/example_dags/example_nested_branch_dag.py took 0.391 seconds
[2024-12-23T06:11:47.282+0700] {processor.py:186} INFO - Started process (PID=4501) to work on /mnt/d/Project/airflow-news/venv/lib/python3.12/site-packages/airflow/example_dags/example_nested_branch_dag.py
[2024-12-23T06:11:47.286+0700] {processor.py:914} INFO - Processing file /mnt/d/Project/airflow-news/venv/lib/python3.12/site-packages/airflow/example_dags/example_nested_branch_dag.py for tasks to queue
[2024-12-23T06:11:47.292+0700] {logging_mixin.py:190} INFO - [2024-12-23T06:11:47.290+0700] {dagbag.py:588} INFO - Filling up the DagBag from /mnt/d/Project/airflow-news/venv/lib/python3.12/site-packages/airflow/example_dags/example_nested_branch_dag.py
[2024-12-23T06:11:47.358+0700] {processor.py:925} INFO - DAG(s) 'example_nested_branch_dag' retrieved from /mnt/d/Project/airflow-news/venv/lib/python3.12/site-packages/airflow/example_dags/example_nested_branch_dag.py
[2024-12-23T06:11:47.418+0700] {logging_mixin.py:190} INFO - [2024-12-23T06:11:47.416+0700] {dag.py:3239} INFO - Sync 1 DAGs
[2024-12-23T06:11:47.450+0700] {logging_mixin.py:190} INFO - [2024-12-23T06:11:47.449+0700] {dag.py:4180} INFO - Setting next_dagrun for example_nested_branch_dag to 2024-12-21 00:00:00+00:00, run_after=2024-12-22 00:00:00+00:00
[2024-12-23T06:11:47.536+0700] {processor.py:208} INFO - Processing /mnt/d/Project/airflow-news/venv/lib/python3.12/site-packages/airflow/example_dags/example_nested_branch_dag.py took 0.277 seconds
[2024-12-23T06:11:51.492+0700] {processor.py:186} INFO - Started process (PID=4514) to work on /mnt/d/Project/airflow-news/venv/lib/python3.12/site-packages/airflow/example_dags/example_nested_branch_dag.py
[2024-12-23T06:11:51.494+0700] {processor.py:914} INFO - Processing file /mnt/d/Project/airflow-news/venv/lib/python3.12/site-packages/airflow/example_dags/example_nested_branch_dag.py for tasks to queue
[2024-12-23T06:11:51.500+0700] {logging_mixin.py:190} INFO - [2024-12-23T06:11:51.499+0700] {dagbag.py:588} INFO - Filling up the DagBag from /mnt/d/Project/airflow-news/venv/lib/python3.12/site-packages/airflow/example_dags/example_nested_branch_dag.py
[2024-12-23T06:11:51.596+0700] {processor.py:925} INFO - DAG(s) 'example_nested_branch_dag' retrieved from /mnt/d/Project/airflow-news/venv/lib/python3.12/site-packages/airflow/example_dags/example_nested_branch_dag.py
[2024-12-23T06:11:51.636+0700] {logging_mixin.py:190} INFO - [2024-12-23T06:11:51.635+0700] {dag.py:3239} INFO - Sync 1 DAGs
[2024-12-23T06:11:51.674+0700] {logging_mixin.py:190} INFO - [2024-12-23T06:11:51.672+0700] {dag.py:4180} INFO - Setting next_dagrun for example_nested_branch_dag to 2024-12-21 00:00:00+00:00, run_after=2024-12-22 00:00:00+00:00
[2024-12-23T06:11:51.743+0700] {processor.py:208} INFO - Processing /mnt/d/Project/airflow-news/venv/lib/python3.12/site-packages/airflow/example_dags/example_nested_branch_dag.py took 0.271 seconds
[2024-12-23T06:13:03.300+0700] {processor.py:186} INFO - Started process (PID=4719) to work on /mnt/d/Project/airflow-news/venv/lib/python3.12/site-packages/airflow/example_dags/example_nested_branch_dag.py
[2024-12-23T06:13:03.302+0700] {processor.py:914} INFO - Processing file /mnt/d/Project/airflow-news/venv/lib/python3.12/site-packages/airflow/example_dags/example_nested_branch_dag.py for tasks to queue
[2024-12-23T06:13:03.306+0700] {logging_mixin.py:190} INFO - [2024-12-23T06:13:03.305+0700] {dagbag.py:588} INFO - Filling up the DagBag from /mnt/d/Project/airflow-news/venv/lib/python3.12/site-packages/airflow/example_dags/example_nested_branch_dag.py
[2024-12-23T06:13:03.356+0700] {processor.py:925} INFO - DAG(s) 'example_nested_branch_dag' retrieved from /mnt/d/Project/airflow-news/venv/lib/python3.12/site-packages/airflow/example_dags/example_nested_branch_dag.py
[2024-12-23T06:13:03.396+0700] {logging_mixin.py:190} INFO - [2024-12-23T06:13:03.394+0700] {dag.py:3239} INFO - Sync 1 DAGs
[2024-12-23T06:13:03.433+0700] {logging_mixin.py:190} INFO - [2024-12-23T06:13:03.431+0700] {dag.py:4180} INFO - Setting next_dagrun for example_nested_branch_dag to 2024-12-21 00:00:00+00:00, run_after=2024-12-22 00:00:00+00:00
[2024-12-23T06:13:03.523+0700] {processor.py:208} INFO - Processing /mnt/d/Project/airflow-news/venv/lib/python3.12/site-packages/airflow/example_dags/example_nested_branch_dag.py took 0.243 seconds
[2024-12-23T06:13:53.265+0700] {processor.py:186} INFO - Started process (PID=4859) to work on /mnt/d/Project/airflow-news/venv/lib/python3.12/site-packages/airflow/example_dags/example_nested_branch_dag.py
[2024-12-23T06:13:53.268+0700] {processor.py:914} INFO - Processing file /mnt/d/Project/airflow-news/venv/lib/python3.12/site-packages/airflow/example_dags/example_nested_branch_dag.py for tasks to queue
[2024-12-23T06:13:53.274+0700] {logging_mixin.py:190} INFO - [2024-12-23T06:13:53.272+0700] {dagbag.py:588} INFO - Filling up the DagBag from /mnt/d/Project/airflow-news/venv/lib/python3.12/site-packages/airflow/example_dags/example_nested_branch_dag.py
[2024-12-23T06:13:53.380+0700] {processor.py:925} INFO - DAG(s) 'example_nested_branch_dag' retrieved from /mnt/d/Project/airflow-news/venv/lib/python3.12/site-packages/airflow/example_dags/example_nested_branch_dag.py
[2024-12-23T06:13:53.419+0700] {logging_mixin.py:190} INFO - [2024-12-23T06:13:53.417+0700] {dag.py:3239} INFO - Sync 1 DAGs
[2024-12-23T06:13:53.452+0700] {logging_mixin.py:190} INFO - [2024-12-23T06:13:53.450+0700] {dag.py:4180} INFO - Setting next_dagrun for example_nested_branch_dag to 2024-12-21 00:00:00+00:00, run_after=2024-12-22 00:00:00+00:00
[2024-12-23T06:13:53.523+0700] {processor.py:208} INFO - Processing /mnt/d/Project/airflow-news/venv/lib/python3.12/site-packages/airflow/example_dags/example_nested_branch_dag.py took 0.280 seconds
[2024-12-23T06:14:40.402+0700] {processor.py:186} INFO - Started process (PID=5002) to work on /mnt/d/Project/airflow-news/venv/lib/python3.12/site-packages/airflow/example_dags/example_nested_branch_dag.py
[2024-12-23T06:14:40.404+0700] {processor.py:914} INFO - Processing file /mnt/d/Project/airflow-news/venv/lib/python3.12/site-packages/airflow/example_dags/example_nested_branch_dag.py for tasks to queue
[2024-12-23T06:14:40.408+0700] {logging_mixin.py:190} INFO - [2024-12-23T06:14:40.407+0700] {dagbag.py:588} INFO - Filling up the DagBag from /mnt/d/Project/airflow-news/venv/lib/python3.12/site-packages/airflow/example_dags/example_nested_branch_dag.py
[2024-12-23T06:14:40.449+0700] {processor.py:925} INFO - DAG(s) 'example_nested_branch_dag' retrieved from /mnt/d/Project/airflow-news/venv/lib/python3.12/site-packages/airflow/example_dags/example_nested_branch_dag.py
[2024-12-23T06:14:40.487+0700] {logging_mixin.py:190} INFO - [2024-12-23T06:14:40.486+0700] {dag.py:3239} INFO - Sync 1 DAGs
[2024-12-23T06:14:40.520+0700] {logging_mixin.py:190} INFO - [2024-12-23T06:14:40.519+0700] {dag.py:4180} INFO - Setting next_dagrun for example_nested_branch_dag to 2024-12-21 00:00:00+00:00, run_after=2024-12-22 00:00:00+00:00
[2024-12-23T06:14:40.588+0700] {processor.py:208} INFO - Processing /mnt/d/Project/airflow-news/venv/lib/python3.12/site-packages/airflow/example_dags/example_nested_branch_dag.py took 0.201 seconds
[2024-12-23T06:15:41.636+0700] {processor.py:186} INFO - Started process (PID=5183) to work on /mnt/d/Project/airflow-news/venv/lib/python3.12/site-packages/airflow/example_dags/example_nested_branch_dag.py
[2024-12-23T06:15:41.638+0700] {processor.py:914} INFO - Processing file /mnt/d/Project/airflow-news/venv/lib/python3.12/site-packages/airflow/example_dags/example_nested_branch_dag.py for tasks to queue
[2024-12-23T06:15:41.644+0700] {logging_mixin.py:190} INFO - [2024-12-23T06:15:41.642+0700] {dagbag.py:588} INFO - Filling up the DagBag from /mnt/d/Project/airflow-news/venv/lib/python3.12/site-packages/airflow/example_dags/example_nested_branch_dag.py
[2024-12-23T06:15:41.762+0700] {processor.py:925} INFO - DAG(s) 'example_nested_branch_dag' retrieved from /mnt/d/Project/airflow-news/venv/lib/python3.12/site-packages/airflow/example_dags/example_nested_branch_dag.py
[2024-12-23T06:15:41.800+0700] {logging_mixin.py:190} INFO - [2024-12-23T06:15:41.799+0700] {dag.py:3239} INFO - Sync 1 DAGs
[2024-12-23T06:15:41.837+0700] {logging_mixin.py:190} INFO - [2024-12-23T06:15:41.835+0700] {dag.py:4180} INFO - Setting next_dagrun for example_nested_branch_dag to 2024-12-21 00:00:00+00:00, run_after=2024-12-22 00:00:00+00:00
[2024-12-23T06:15:41.926+0700] {processor.py:208} INFO - Processing /mnt/d/Project/airflow-news/venv/lib/python3.12/site-packages/airflow/example_dags/example_nested_branch_dag.py took 0.314 seconds
[2024-12-23T06:17:21.884+0700] {processor.py:186} INFO - Started process (PID=5434) to work on /mnt/d/Project/airflow-news/venv/lib/python3.12/site-packages/airflow/example_dags/example_nested_branch_dag.py
[2024-12-23T06:17:21.887+0700] {processor.py:914} INFO - Processing file /mnt/d/Project/airflow-news/venv/lib/python3.12/site-packages/airflow/example_dags/example_nested_branch_dag.py for tasks to queue
[2024-12-23T06:17:21.892+0700] {logging_mixin.py:190} INFO - [2024-12-23T06:17:21.890+0700] {dagbag.py:588} INFO - Filling up the DagBag from /mnt/d/Project/airflow-news/venv/lib/python3.12/site-packages/airflow/example_dags/example_nested_branch_dag.py
[2024-12-23T06:17:21.946+0700] {processor.py:925} INFO - DAG(s) 'example_nested_branch_dag' retrieved from /mnt/d/Project/airflow-news/venv/lib/python3.12/site-packages/airflow/example_dags/example_nested_branch_dag.py
[2024-12-23T06:17:21.994+0700] {logging_mixin.py:190} INFO - [2024-12-23T06:17:21.993+0700] {dag.py:3239} INFO - Sync 1 DAGs
[2024-12-23T06:17:22.043+0700] {logging_mixin.py:190} INFO - [2024-12-23T06:17:22.040+0700] {dag.py:4180} INFO - Setting next_dagrun for example_nested_branch_dag to 2024-12-21 00:00:00+00:00, run_after=2024-12-22 00:00:00+00:00
[2024-12-23T06:17:22.139+0700] {processor.py:208} INFO - Processing /mnt/d/Project/airflow-news/venv/lib/python3.12/site-packages/airflow/example_dags/example_nested_branch_dag.py took 0.272 seconds
[2024-12-23T06:17:36.118+0700] {processor.py:186} INFO - Started process (PID=5482) to work on /mnt/d/Project/airflow-news/venv/lib/python3.12/site-packages/airflow/example_dags/example_nested_branch_dag.py
[2024-12-23T06:17:36.120+0700] {processor.py:914} INFO - Processing file /mnt/d/Project/airflow-news/venv/lib/python3.12/site-packages/airflow/example_dags/example_nested_branch_dag.py for tasks to queue
[2024-12-23T06:17:36.126+0700] {logging_mixin.py:190} INFO - [2024-12-23T06:17:36.124+0700] {dagbag.py:588} INFO - Filling up the DagBag from /mnt/d/Project/airflow-news/venv/lib/python3.12/site-packages/airflow/example_dags/example_nested_branch_dag.py
[2024-12-23T06:17:36.242+0700] {processor.py:925} INFO - DAG(s) 'example_nested_branch_dag' retrieved from /mnt/d/Project/airflow-news/venv/lib/python3.12/site-packages/airflow/example_dags/example_nested_branch_dag.py
[2024-12-23T06:17:36.285+0700] {logging_mixin.py:190} INFO - [2024-12-23T06:17:36.283+0700] {dag.py:3239} INFO - Sync 1 DAGs
[2024-12-23T06:17:36.330+0700] {logging_mixin.py:190} INFO - [2024-12-23T06:17:36.328+0700] {dag.py:4180} INFO - Setting next_dagrun for example_nested_branch_dag to 2024-12-21 00:00:00+00:00, run_after=2024-12-22 00:00:00+00:00
[2024-12-23T06:17:36.420+0700] {processor.py:208} INFO - Processing /mnt/d/Project/airflow-news/venv/lib/python3.12/site-packages/airflow/example_dags/example_nested_branch_dag.py took 0.324 seconds
[2024-12-23T06:18:52.339+0700] {processor.py:186} INFO - Started process (PID=5687) to work on /mnt/d/Project/airflow-news/venv/lib/python3.12/site-packages/airflow/example_dags/example_nested_branch_dag.py
[2024-12-23T06:18:52.341+0700] {processor.py:914} INFO - Processing file /mnt/d/Project/airflow-news/venv/lib/python3.12/site-packages/airflow/example_dags/example_nested_branch_dag.py for tasks to queue
[2024-12-23T06:18:52.345+0700] {logging_mixin.py:190} INFO - [2024-12-23T06:18:52.343+0700] {dagbag.py:588} INFO - Filling up the DagBag from /mnt/d/Project/airflow-news/venv/lib/python3.12/site-packages/airflow/example_dags/example_nested_branch_dag.py
[2024-12-23T06:18:52.393+0700] {processor.py:925} INFO - DAG(s) 'example_nested_branch_dag' retrieved from /mnt/d/Project/airflow-news/venv/lib/python3.12/site-packages/airflow/example_dags/example_nested_branch_dag.py
[2024-12-23T06:18:52.432+0700] {logging_mixin.py:190} INFO - [2024-12-23T06:18:52.431+0700] {dag.py:3239} INFO - Sync 1 DAGs
[2024-12-23T06:18:52.462+0700] {logging_mixin.py:190} INFO - [2024-12-23T06:18:52.461+0700] {dag.py:4180} INFO - Setting next_dagrun for example_nested_branch_dag to 2024-12-21 00:00:00+00:00, run_after=2024-12-22 00:00:00+00:00
[2024-12-23T06:18:52.534+0700] {processor.py:208} INFO - Processing /mnt/d/Project/airflow-news/venv/lib/python3.12/site-packages/airflow/example_dags/example_nested_branch_dag.py took 0.212 seconds
[2024-12-23T06:19:03.955+0700] {processor.py:186} INFO - Started process (PID=5725) to work on /mnt/d/Project/airflow-news/venv/lib/python3.12/site-packages/airflow/example_dags/example_nested_branch_dag.py
[2024-12-23T06:19:03.957+0700] {processor.py:914} INFO - Processing file /mnt/d/Project/airflow-news/venv/lib/python3.12/site-packages/airflow/example_dags/example_nested_branch_dag.py for tasks to queue
[2024-12-23T06:19:03.961+0700] {logging_mixin.py:190} INFO - [2024-12-23T06:19:03.960+0700] {dagbag.py:588} INFO - Filling up the DagBag from /mnt/d/Project/airflow-news/venv/lib/python3.12/site-packages/airflow/example_dags/example_nested_branch_dag.py
[2024-12-23T06:19:04.072+0700] {processor.py:925} INFO - DAG(s) 'example_nested_branch_dag' retrieved from /mnt/d/Project/airflow-news/venv/lib/python3.12/site-packages/airflow/example_dags/example_nested_branch_dag.py
[2024-12-23T06:19:04.110+0700] {logging_mixin.py:190} INFO - [2024-12-23T06:19:04.109+0700] {dag.py:3239} INFO - Sync 1 DAGs
[2024-12-23T06:19:04.148+0700] {logging_mixin.py:190} INFO - [2024-12-23T06:19:04.147+0700] {dag.py:4180} INFO - Setting next_dagrun for example_nested_branch_dag to 2024-12-21 00:00:00+00:00, run_after=2024-12-22 00:00:00+00:00
[2024-12-23T06:19:04.226+0700] {processor.py:208} INFO - Processing /mnt/d/Project/airflow-news/venv/lib/python3.12/site-packages/airflow/example_dags/example_nested_branch_dag.py took 0.292 seconds
[2024-12-23T06:20:20.540+0700] {processor.py:186} INFO - Started process (PID=5950) to work on /mnt/d/Project/airflow-news/venv/lib/python3.12/site-packages/airflow/example_dags/example_nested_branch_dag.py
[2024-12-23T06:20:20.542+0700] {processor.py:914} INFO - Processing file /mnt/d/Project/airflow-news/venv/lib/python3.12/site-packages/airflow/example_dags/example_nested_branch_dag.py for tasks to queue
[2024-12-23T06:20:20.547+0700] {logging_mixin.py:190} INFO - [2024-12-23T06:20:20.545+0700] {dagbag.py:588} INFO - Filling up the DagBag from /mnt/d/Project/airflow-news/venv/lib/python3.12/site-packages/airflow/example_dags/example_nested_branch_dag.py
[2024-12-23T06:20:20.598+0700] {processor.py:925} INFO - DAG(s) 'example_nested_branch_dag' retrieved from /mnt/d/Project/airflow-news/venv/lib/python3.12/site-packages/airflow/example_dags/example_nested_branch_dag.py
[2024-12-23T06:20:20.641+0700] {logging_mixin.py:190} INFO - [2024-12-23T06:20:20.640+0700] {dag.py:3239} INFO - Sync 1 DAGs
[2024-12-23T06:20:20.678+0700] {logging_mixin.py:190} INFO - [2024-12-23T06:20:20.676+0700] {dag.py:4180} INFO - Setting next_dagrun for example_nested_branch_dag to 2024-12-21 00:00:00+00:00, run_after=2024-12-22 00:00:00+00:00
[2024-12-23T06:20:20.782+0700] {processor.py:208} INFO - Processing /mnt/d/Project/airflow-news/venv/lib/python3.12/site-packages/airflow/example_dags/example_nested_branch_dag.py took 0.260 seconds
[2024-12-23T06:20:57.965+0700] {processor.py:186} INFO - Started process (PID=6045) to work on /mnt/d/Project/airflow-news/venv/lib/python3.12/site-packages/airflow/example_dags/example_nested_branch_dag.py
[2024-12-23T06:20:57.968+0700] {processor.py:914} INFO - Processing file /mnt/d/Project/airflow-news/venv/lib/python3.12/site-packages/airflow/example_dags/example_nested_branch_dag.py for tasks to queue
[2024-12-23T06:20:57.974+0700] {logging_mixin.py:190} INFO - [2024-12-23T06:20:57.972+0700] {dagbag.py:588} INFO - Filling up the DagBag from /mnt/d/Project/airflow-news/venv/lib/python3.12/site-packages/airflow/example_dags/example_nested_branch_dag.py
[2024-12-23T06:20:58.096+0700] {processor.py:925} INFO - DAG(s) 'example_nested_branch_dag' retrieved from /mnt/d/Project/airflow-news/venv/lib/python3.12/site-packages/airflow/example_dags/example_nested_branch_dag.py
[2024-12-23T06:20:58.137+0700] {logging_mixin.py:190} INFO - [2024-12-23T06:20:58.136+0700] {dag.py:3239} INFO - Sync 1 DAGs
[2024-12-23T06:20:58.176+0700] {logging_mixin.py:190} INFO - [2024-12-23T06:20:58.174+0700] {dag.py:4180} INFO - Setting next_dagrun for example_nested_branch_dag to 2024-12-21 00:00:00+00:00, run_after=2024-12-22 00:00:00+00:00
[2024-12-23T06:20:58.263+0700] {processor.py:208} INFO - Processing /mnt/d/Project/airflow-news/venv/lib/python3.12/site-packages/airflow/example_dags/example_nested_branch_dag.py took 0.329 seconds
[2024-12-23T06:22:57.072+0700] {processor.py:186} INFO - Started process (PID=6376) to work on /mnt/d/Project/airflow-news/venv/lib/python3.12/site-packages/airflow/example_dags/example_nested_branch_dag.py
[2024-12-23T06:22:57.074+0700] {processor.py:914} INFO - Processing file /mnt/d/Project/airflow-news/venv/lib/python3.12/site-packages/airflow/example_dags/example_nested_branch_dag.py for tasks to queue
[2024-12-23T06:22:57.081+0700] {logging_mixin.py:190} INFO - [2024-12-23T06:22:57.079+0700] {dagbag.py:588} INFO - Filling up the DagBag from /mnt/d/Project/airflow-news/venv/lib/python3.12/site-packages/airflow/example_dags/example_nested_branch_dag.py
[2024-12-23T06:22:57.207+0700] {processor.py:925} INFO - DAG(s) 'example_nested_branch_dag' retrieved from /mnt/d/Project/airflow-news/venv/lib/python3.12/site-packages/airflow/example_dags/example_nested_branch_dag.py
[2024-12-23T06:22:57.252+0700] {logging_mixin.py:190} INFO - [2024-12-23T06:22:57.251+0700] {dag.py:3239} INFO - Sync 1 DAGs
[2024-12-23T06:22:57.289+0700] {logging_mixin.py:190} INFO - [2024-12-23T06:22:57.287+0700] {dag.py:4180} INFO - Setting next_dagrun for example_nested_branch_dag to 2024-12-21 00:00:00+00:00, run_after=2024-12-22 00:00:00+00:00
[2024-12-23T06:22:57.369+0700] {processor.py:208} INFO - Processing /mnt/d/Project/airflow-news/venv/lib/python3.12/site-packages/airflow/example_dags/example_nested_branch_dag.py took 0.322 seconds
[2024-12-23T06:22:59.405+0700] {processor.py:186} INFO - Started process (PID=6380) to work on /mnt/d/Project/airflow-news/venv/lib/python3.12/site-packages/airflow/example_dags/example_nested_branch_dag.py
[2024-12-23T06:22:59.408+0700] {processor.py:914} INFO - Processing file /mnt/d/Project/airflow-news/venv/lib/python3.12/site-packages/airflow/example_dags/example_nested_branch_dag.py for tasks to queue
[2024-12-23T06:22:59.412+0700] {logging_mixin.py:190} INFO - [2024-12-23T06:22:59.411+0700] {dagbag.py:588} INFO - Filling up the DagBag from /mnt/d/Project/airflow-news/venv/lib/python3.12/site-packages/airflow/example_dags/example_nested_branch_dag.py
[2024-12-23T06:22:59.526+0700] {processor.py:925} INFO - DAG(s) 'example_nested_branch_dag' retrieved from /mnt/d/Project/airflow-news/venv/lib/python3.12/site-packages/airflow/example_dags/example_nested_branch_dag.py
[2024-12-23T06:22:59.582+0700] {logging_mixin.py:190} INFO - [2024-12-23T06:22:59.581+0700] {dag.py:3239} INFO - Sync 1 DAGs
[2024-12-23T06:22:59.617+0700] {logging_mixin.py:190} INFO - [2024-12-23T06:22:59.616+0700] {dag.py:4180} INFO - Setting next_dagrun for example_nested_branch_dag to 2024-12-21 00:00:00+00:00, run_after=2024-12-22 00:00:00+00:00
[2024-12-23T06:22:59.695+0700] {processor.py:208} INFO - Processing /mnt/d/Project/airflow-news/venv/lib/python3.12/site-packages/airflow/example_dags/example_nested_branch_dag.py took 0.304 seconds
[2024-12-23T06:24:18.189+0700] {processor.py:186} INFO - Started process (PID=6635) to work on /mnt/d/Project/airflow-news/venv/lib/python3.12/site-packages/airflow/example_dags/example_nested_branch_dag.py
[2024-12-23T06:24:18.192+0700] {processor.py:914} INFO - Processing file /mnt/d/Project/airflow-news/venv/lib/python3.12/site-packages/airflow/example_dags/example_nested_branch_dag.py for tasks to queue
[2024-12-23T06:24:18.198+0700] {logging_mixin.py:190} INFO - [2024-12-23T06:24:18.196+0700] {dagbag.py:588} INFO - Filling up the DagBag from /mnt/d/Project/airflow-news/venv/lib/python3.12/site-packages/airflow/example_dags/example_nested_branch_dag.py
[2024-12-23T06:24:18.322+0700] {processor.py:925} INFO - DAG(s) 'example_nested_branch_dag' retrieved from /mnt/d/Project/airflow-news/venv/lib/python3.12/site-packages/airflow/example_dags/example_nested_branch_dag.py
[2024-12-23T06:24:18.369+0700] {logging_mixin.py:190} INFO - [2024-12-23T06:24:18.367+0700] {dag.py:3239} INFO - Sync 1 DAGs
[2024-12-23T06:24:18.407+0700] {logging_mixin.py:190} INFO - [2024-12-23T06:24:18.406+0700] {dag.py:4180} INFO - Setting next_dagrun for example_nested_branch_dag to 2024-12-21 00:00:00+00:00, run_after=2024-12-22 00:00:00+00:00
[2024-12-23T06:24:18.484+0700] {processor.py:208} INFO - Processing /mnt/d/Project/airflow-news/venv/lib/python3.12/site-packages/airflow/example_dags/example_nested_branch_dag.py took 0.315 seconds
[2024-12-23T06:24:47.057+0700] {processor.py:186} INFO - Started process (PID=6715) to work on /mnt/d/Project/airflow-news/venv/lib/python3.12/site-packages/airflow/example_dags/example_nested_branch_dag.py
[2024-12-23T06:24:47.059+0700] {processor.py:914} INFO - Processing file /mnt/d/Project/airflow-news/venv/lib/python3.12/site-packages/airflow/example_dags/example_nested_branch_dag.py for tasks to queue
[2024-12-23T06:24:47.064+0700] {logging_mixin.py:190} INFO - [2024-12-23T06:24:47.062+0700] {dagbag.py:588} INFO - Filling up the DagBag from /mnt/d/Project/airflow-news/venv/lib/python3.12/site-packages/airflow/example_dags/example_nested_branch_dag.py
[2024-12-23T06:24:47.139+0700] {processor.py:925} INFO - DAG(s) 'example_nested_branch_dag' retrieved from /mnt/d/Project/airflow-news/venv/lib/python3.12/site-packages/airflow/example_dags/example_nested_branch_dag.py
[2024-12-23T06:24:47.176+0700] {logging_mixin.py:190} INFO - [2024-12-23T06:24:47.175+0700] {dag.py:3239} INFO - Sync 1 DAGs
[2024-12-23T06:24:47.213+0700] {logging_mixin.py:190} INFO - [2024-12-23T06:24:47.211+0700] {dag.py:4180} INFO - Setting next_dagrun for example_nested_branch_dag to 2024-12-21 00:00:00+00:00, run_after=2024-12-22 00:00:00+00:00
[2024-12-23T06:24:47.286+0700] {processor.py:208} INFO - Processing /mnt/d/Project/airflow-news/venv/lib/python3.12/site-packages/airflow/example_dags/example_nested_branch_dag.py took 0.250 seconds
[2024-12-23T06:25:45.271+0700] {processor.py:186} INFO - Started process (PID=6901) to work on /mnt/d/Project/airflow-news/venv/lib/python3.12/site-packages/airflow/example_dags/example_nested_branch_dag.py
[2024-12-23T06:25:45.273+0700] {processor.py:914} INFO - Processing file /mnt/d/Project/airflow-news/venv/lib/python3.12/site-packages/airflow/example_dags/example_nested_branch_dag.py for tasks to queue
[2024-12-23T06:25:45.278+0700] {logging_mixin.py:190} INFO - [2024-12-23T06:25:45.276+0700] {dagbag.py:588} INFO - Filling up the DagBag from /mnt/d/Project/airflow-news/venv/lib/python3.12/site-packages/airflow/example_dags/example_nested_branch_dag.py
[2024-12-23T06:25:45.376+0700] {processor.py:925} INFO - DAG(s) 'example_nested_branch_dag' retrieved from /mnt/d/Project/airflow-news/venv/lib/python3.12/site-packages/airflow/example_dags/example_nested_branch_dag.py
[2024-12-23T06:25:45.414+0700] {logging_mixin.py:190} INFO - [2024-12-23T06:25:45.412+0700] {dag.py:3239} INFO - Sync 1 DAGs
[2024-12-23T06:25:45.445+0700] {logging_mixin.py:190} INFO - [2024-12-23T06:25:45.444+0700] {dag.py:4180} INFO - Setting next_dagrun for example_nested_branch_dag to 2024-12-21 00:00:00+00:00, run_after=2024-12-22 00:00:00+00:00
[2024-12-23T06:25:45.520+0700] {processor.py:208} INFO - Processing /mnt/d/Project/airflow-news/venv/lib/python3.12/site-packages/airflow/example_dags/example_nested_branch_dag.py took 0.263 seconds
[2024-12-23T06:26:33.560+0700] {processor.py:186} INFO - Started process (PID=7045) to work on /mnt/d/Project/airflow-news/venv/lib/python3.12/site-packages/airflow/example_dags/example_nested_branch_dag.py
[2024-12-23T06:26:33.562+0700] {processor.py:914} INFO - Processing file /mnt/d/Project/airflow-news/venv/lib/python3.12/site-packages/airflow/example_dags/example_nested_branch_dag.py for tasks to queue
[2024-12-23T06:26:33.567+0700] {logging_mixin.py:190} INFO - [2024-12-23T06:26:33.566+0700] {dagbag.py:588} INFO - Filling up the DagBag from /mnt/d/Project/airflow-news/venv/lib/python3.12/site-packages/airflow/example_dags/example_nested_branch_dag.py
[2024-12-23T06:26:33.664+0700] {processor.py:925} INFO - DAG(s) 'example_nested_branch_dag' retrieved from /mnt/d/Project/airflow-news/venv/lib/python3.12/site-packages/airflow/example_dags/example_nested_branch_dag.py
[2024-12-23T06:26:33.702+0700] {logging_mixin.py:190} INFO - [2024-12-23T06:26:33.701+0700] {dag.py:3239} INFO - Sync 1 DAGs
[2024-12-23T06:26:33.742+0700] {logging_mixin.py:190} INFO - [2024-12-23T06:26:33.741+0700] {dag.py:4180} INFO - Setting next_dagrun for example_nested_branch_dag to 2024-12-21 00:00:00+00:00, run_after=2024-12-22 00:00:00+00:00
[2024-12-23T06:26:33.815+0700] {processor.py:208} INFO - Processing /mnt/d/Project/airflow-news/venv/lib/python3.12/site-packages/airflow/example_dags/example_nested_branch_dag.py took 0.278 seconds
[2024-12-23T06:27:18.772+0700] {processor.py:186} INFO - Started process (PID=7180) to work on /mnt/d/Project/airflow-news/venv/lib/python3.12/site-packages/airflow/example_dags/example_nested_branch_dag.py
[2024-12-23T06:27:18.774+0700] {processor.py:914} INFO - Processing file /mnt/d/Project/airflow-news/venv/lib/python3.12/site-packages/airflow/example_dags/example_nested_branch_dag.py for tasks to queue
[2024-12-23T06:27:18.778+0700] {logging_mixin.py:190} INFO - [2024-12-23T06:27:18.776+0700] {dagbag.py:588} INFO - Filling up the DagBag from /mnt/d/Project/airflow-news/venv/lib/python3.12/site-packages/airflow/example_dags/example_nested_branch_dag.py
[2024-12-23T06:27:18.885+0700] {processor.py:925} INFO - DAG(s) 'example_nested_branch_dag' retrieved from /mnt/d/Project/airflow-news/venv/lib/python3.12/site-packages/airflow/example_dags/example_nested_branch_dag.py
[2024-12-23T06:27:18.921+0700] {logging_mixin.py:190} INFO - [2024-12-23T06:27:18.920+0700] {dag.py:3239} INFO - Sync 1 DAGs
[2024-12-23T06:27:18.953+0700] {logging_mixin.py:190} INFO - [2024-12-23T06:27:18.952+0700] {dag.py:4180} INFO - Setting next_dagrun for example_nested_branch_dag to 2024-12-21 00:00:00+00:00, run_after=2024-12-22 00:00:00+00:00
[2024-12-23T06:27:19.026+0700] {processor.py:208} INFO - Processing /mnt/d/Project/airflow-news/venv/lib/python3.12/site-packages/airflow/example_dags/example_nested_branch_dag.py took 0.271 seconds
[2024-12-23T06:28:21.096+0700] {processor.py:186} INFO - Started process (PID=7361) to work on /mnt/d/Project/airflow-news/venv/lib/python3.12/site-packages/airflow/example_dags/example_nested_branch_dag.py
[2024-12-23T06:28:21.099+0700] {processor.py:914} INFO - Processing file /mnt/d/Project/airflow-news/venv/lib/python3.12/site-packages/airflow/example_dags/example_nested_branch_dag.py for tasks to queue
[2024-12-23T06:28:21.104+0700] {logging_mixin.py:190} INFO - [2024-12-23T06:28:21.103+0700] {dagbag.py:588} INFO - Filling up the DagBag from /mnt/d/Project/airflow-news/venv/lib/python3.12/site-packages/airflow/example_dags/example_nested_branch_dag.py
[2024-12-23T06:28:21.209+0700] {processor.py:925} INFO - DAG(s) 'example_nested_branch_dag' retrieved from /mnt/d/Project/airflow-news/venv/lib/python3.12/site-packages/airflow/example_dags/example_nested_branch_dag.py
[2024-12-23T06:28:21.249+0700] {logging_mixin.py:190} INFO - [2024-12-23T06:28:21.247+0700] {dag.py:3239} INFO - Sync 1 DAGs
[2024-12-23T06:28:21.284+0700] {logging_mixin.py:190} INFO - [2024-12-23T06:28:21.283+0700] {dag.py:4180} INFO - Setting next_dagrun for example_nested_branch_dag to 2024-12-21 00:00:00+00:00, run_after=2024-12-22 00:00:00+00:00
[2024-12-23T06:28:21.357+0700] {processor.py:208} INFO - Processing /mnt/d/Project/airflow-news/venv/lib/python3.12/site-packages/airflow/example_dags/example_nested_branch_dag.py took 0.286 seconds
[2024-12-23T06:28:55.746+0700] {processor.py:186} INFO - Started process (PID=7472) to work on /mnt/d/Project/airflow-news/venv/lib/python3.12/site-packages/airflow/example_dags/example_nested_branch_dag.py
[2024-12-23T06:28:55.749+0700] {processor.py:914} INFO - Processing file /mnt/d/Project/airflow-news/venv/lib/python3.12/site-packages/airflow/example_dags/example_nested_branch_dag.py for tasks to queue
[2024-12-23T06:28:55.755+0700] {logging_mixin.py:190} INFO - [2024-12-23T06:28:55.753+0700] {dagbag.py:588} INFO - Filling up the DagBag from /mnt/d/Project/airflow-news/venv/lib/python3.12/site-packages/airflow/example_dags/example_nested_branch_dag.py
[2024-12-23T06:28:55.857+0700] {processor.py:925} INFO - DAG(s) 'example_nested_branch_dag' retrieved from /mnt/d/Project/airflow-news/venv/lib/python3.12/site-packages/airflow/example_dags/example_nested_branch_dag.py
[2024-12-23T06:28:55.893+0700] {logging_mixin.py:190} INFO - [2024-12-23T06:28:55.891+0700] {dag.py:3239} INFO - Sync 1 DAGs
[2024-12-23T06:28:55.925+0700] {logging_mixin.py:190} INFO - [2024-12-23T06:28:55.924+0700] {dag.py:4180} INFO - Setting next_dagrun for example_nested_branch_dag to 2024-12-21 00:00:00+00:00, run_after=2024-12-22 00:00:00+00:00
[2024-12-23T06:28:55.996+0700] {processor.py:208} INFO - Processing /mnt/d/Project/airflow-news/venv/lib/python3.12/site-packages/airflow/example_dags/example_nested_branch_dag.py took 0.263 seconds
[2024-12-23T06:30:09.467+0700] {processor.py:186} INFO - Started process (PID=7686) to work on /mnt/d/Project/airflow-news/venv/lib/python3.12/site-packages/airflow/example_dags/example_nested_branch_dag.py
[2024-12-23T06:30:09.470+0700] {processor.py:914} INFO - Processing file /mnt/d/Project/airflow-news/venv/lib/python3.12/site-packages/airflow/example_dags/example_nested_branch_dag.py for tasks to queue
[2024-12-23T06:30:09.474+0700] {logging_mixin.py:190} INFO - [2024-12-23T06:30:09.473+0700] {dagbag.py:588} INFO - Filling up the DagBag from /mnt/d/Project/airflow-news/venv/lib/python3.12/site-packages/airflow/example_dags/example_nested_branch_dag.py
[2024-12-23T06:30:09.587+0700] {processor.py:925} INFO - DAG(s) 'example_nested_branch_dag' retrieved from /mnt/d/Project/airflow-news/venv/lib/python3.12/site-packages/airflow/example_dags/example_nested_branch_dag.py
[2024-12-23T06:30:09.625+0700] {logging_mixin.py:190} INFO - [2024-12-23T06:30:09.624+0700] {dag.py:3239} INFO - Sync 1 DAGs
[2024-12-23T06:30:09.662+0700] {logging_mixin.py:190} INFO - [2024-12-23T06:30:09.660+0700] {dag.py:4180} INFO - Setting next_dagrun for example_nested_branch_dag to 2024-12-21 00:00:00+00:00, run_after=2024-12-22 00:00:00+00:00
[2024-12-23T06:30:09.741+0700] {processor.py:208} INFO - Processing /mnt/d/Project/airflow-news/venv/lib/python3.12/site-packages/airflow/example_dags/example_nested_branch_dag.py took 0.295 seconds
[2024-12-23T06:30:22.940+0700] {processor.py:186} INFO - Started process (PID=7740) to work on /mnt/d/Project/airflow-news/venv/lib/python3.12/site-packages/airflow/example_dags/example_nested_branch_dag.py
[2024-12-23T06:30:22.942+0700] {processor.py:914} INFO - Processing file /mnt/d/Project/airflow-news/venv/lib/python3.12/site-packages/airflow/example_dags/example_nested_branch_dag.py for tasks to queue
[2024-12-23T06:30:22.948+0700] {logging_mixin.py:190} INFO - [2024-12-23T06:30:22.946+0700] {dagbag.py:588} INFO - Filling up the DagBag from /mnt/d/Project/airflow-news/venv/lib/python3.12/site-packages/airflow/example_dags/example_nested_branch_dag.py
[2024-12-23T06:30:23.041+0700] {processor.py:925} INFO - DAG(s) 'example_nested_branch_dag' retrieved from /mnt/d/Project/airflow-news/venv/lib/python3.12/site-packages/airflow/example_dags/example_nested_branch_dag.py
[2024-12-23T06:30:23.080+0700] {logging_mixin.py:190} INFO - [2024-12-23T06:30:23.079+0700] {dag.py:3239} INFO - Sync 1 DAGs
[2024-12-23T06:30:23.116+0700] {logging_mixin.py:190} INFO - [2024-12-23T06:30:23.114+0700] {dag.py:4180} INFO - Setting next_dagrun for example_nested_branch_dag to 2024-12-21 00:00:00+00:00, run_after=2024-12-22 00:00:00+00:00
[2024-12-23T06:30:23.193+0700] {processor.py:208} INFO - Processing /mnt/d/Project/airflow-news/venv/lib/python3.12/site-packages/airflow/example_dags/example_nested_branch_dag.py took 0.267 seconds
[2024-12-23T06:31:51.207+0700] {processor.py:186} INFO - Started process (PID=7980) to work on /mnt/d/Project/airflow-news/venv/lib/python3.12/site-packages/airflow/example_dags/example_nested_branch_dag.py
[2024-12-23T06:31:51.210+0700] {processor.py:914} INFO - Processing file /mnt/d/Project/airflow-news/venv/lib/python3.12/site-packages/airflow/example_dags/example_nested_branch_dag.py for tasks to queue
[2024-12-23T06:31:51.215+0700] {logging_mixin.py:190} INFO - [2024-12-23T06:31:51.214+0700] {dagbag.py:588} INFO - Filling up the DagBag from /mnt/d/Project/airflow-news/venv/lib/python3.12/site-packages/airflow/example_dags/example_nested_branch_dag.py
[2024-12-23T06:31:51.313+0700] {processor.py:925} INFO - DAG(s) 'example_nested_branch_dag' retrieved from /mnt/d/Project/airflow-news/venv/lib/python3.12/site-packages/airflow/example_dags/example_nested_branch_dag.py
[2024-12-23T06:31:51.354+0700] {logging_mixin.py:190} INFO - [2024-12-23T06:31:51.352+0700] {dag.py:3239} INFO - Sync 1 DAGs
[2024-12-23T06:31:51.387+0700] {logging_mixin.py:190} INFO - [2024-12-23T06:31:51.385+0700] {dag.py:4180} INFO - Setting next_dagrun for example_nested_branch_dag to 2024-12-21 00:00:00+00:00, run_after=2024-12-22 00:00:00+00:00
[2024-12-23T06:31:51.460+0700] {processor.py:208} INFO - Processing /mnt/d/Project/airflow-news/venv/lib/python3.12/site-packages/airflow/example_dags/example_nested_branch_dag.py took 0.273 seconds
[2024-12-23T06:31:54.000+0700] {processor.py:186} INFO - Started process (PID=7988) to work on /mnt/d/Project/airflow-news/venv/lib/python3.12/site-packages/airflow/example_dags/example_nested_branch_dag.py
[2024-12-23T06:31:54.002+0700] {processor.py:914} INFO - Processing file /mnt/d/Project/airflow-news/venv/lib/python3.12/site-packages/airflow/example_dags/example_nested_branch_dag.py for tasks to queue
[2024-12-23T06:31:54.007+0700] {logging_mixin.py:190} INFO - [2024-12-23T06:31:54.005+0700] {dagbag.py:588} INFO - Filling up the DagBag from /mnt/d/Project/airflow-news/venv/lib/python3.12/site-packages/airflow/example_dags/example_nested_branch_dag.py
[2024-12-23T06:31:54.112+0700] {processor.py:925} INFO - DAG(s) 'example_nested_branch_dag' retrieved from /mnt/d/Project/airflow-news/venv/lib/python3.12/site-packages/airflow/example_dags/example_nested_branch_dag.py
[2024-12-23T06:31:54.149+0700] {logging_mixin.py:190} INFO - [2024-12-23T06:31:54.147+0700] {dag.py:3239} INFO - Sync 1 DAGs
[2024-12-23T06:31:54.182+0700] {logging_mixin.py:190} INFO - [2024-12-23T06:31:54.180+0700] {dag.py:4180} INFO - Setting next_dagrun for example_nested_branch_dag to 2024-12-21 00:00:00+00:00, run_after=2024-12-22 00:00:00+00:00
[2024-12-23T06:31:54.255+0700] {processor.py:208} INFO - Processing /mnt/d/Project/airflow-news/venv/lib/python3.12/site-packages/airflow/example_dags/example_nested_branch_dag.py took 0.271 seconds
[2024-12-23T06:33:31.060+0700] {processor.py:186} INFO - Started process (PID=8291) to work on /mnt/d/Project/airflow-news/venv/lib/python3.12/site-packages/airflow/example_dags/example_nested_branch_dag.py
[2024-12-23T06:33:31.062+0700] {processor.py:914} INFO - Processing file /mnt/d/Project/airflow-news/venv/lib/python3.12/site-packages/airflow/example_dags/example_nested_branch_dag.py for tasks to queue
[2024-12-23T06:33:31.067+0700] {logging_mixin.py:190} INFO - [2024-12-23T06:33:31.066+0700] {dagbag.py:588} INFO - Filling up the DagBag from /mnt/d/Project/airflow-news/venv/lib/python3.12/site-packages/airflow/example_dags/example_nested_branch_dag.py
[2024-12-23T06:33:31.194+0700] {processor.py:925} INFO - DAG(s) 'example_nested_branch_dag' retrieved from /mnt/d/Project/airflow-news/venv/lib/python3.12/site-packages/airflow/example_dags/example_nested_branch_dag.py
[2024-12-23T06:33:31.241+0700] {logging_mixin.py:190} INFO - [2024-12-23T06:33:31.240+0700] {dag.py:3239} INFO - Sync 1 DAGs
[2024-12-23T06:33:31.284+0700] {logging_mixin.py:190} INFO - [2024-12-23T06:33:31.282+0700] {dag.py:4180} INFO - Setting next_dagrun for example_nested_branch_dag to 2024-12-21 00:00:00+00:00, run_after=2024-12-22 00:00:00+00:00
[2024-12-23T06:33:31.370+0700] {processor.py:208} INFO - Processing /mnt/d/Project/airflow-news/venv/lib/python3.12/site-packages/airflow/example_dags/example_nested_branch_dag.py took 0.327 seconds
[2024-12-23T06:33:45.401+0700] {processor.py:186} INFO - Started process (PID=8329) to work on /mnt/d/Project/airflow-news/venv/lib/python3.12/site-packages/airflow/example_dags/example_nested_branch_dag.py
[2024-12-23T06:33:45.403+0700] {processor.py:914} INFO - Processing file /mnt/d/Project/airflow-news/venv/lib/python3.12/site-packages/airflow/example_dags/example_nested_branch_dag.py for tasks to queue
[2024-12-23T06:33:45.407+0700] {logging_mixin.py:190} INFO - [2024-12-23T06:33:45.406+0700] {dagbag.py:588} INFO - Filling up the DagBag from /mnt/d/Project/airflow-news/venv/lib/python3.12/site-packages/airflow/example_dags/example_nested_branch_dag.py
[2024-12-23T06:33:45.500+0700] {processor.py:925} INFO - DAG(s) 'example_nested_branch_dag' retrieved from /mnt/d/Project/airflow-news/venv/lib/python3.12/site-packages/airflow/example_dags/example_nested_branch_dag.py
[2024-12-23T06:33:45.534+0700] {logging_mixin.py:190} INFO - [2024-12-23T06:33:45.533+0700] {dag.py:3239} INFO - Sync 1 DAGs
[2024-12-23T06:33:45.566+0700] {logging_mixin.py:190} INFO - [2024-12-23T06:33:45.564+0700] {dag.py:4180} INFO - Setting next_dagrun for example_nested_branch_dag to 2024-12-21 00:00:00+00:00, run_after=2024-12-22 00:00:00+00:00
[2024-12-23T06:33:45.631+0700] {processor.py:208} INFO - Processing /mnt/d/Project/airflow-news/venv/lib/python3.12/site-packages/airflow/example_dags/example_nested_branch_dag.py took 0.249 seconds
[2024-12-23T06:35:10.018+0700] {processor.py:186} INFO - Started process (PID=8571) to work on /mnt/d/Project/airflow-news/venv/lib/python3.12/site-packages/airflow/example_dags/example_nested_branch_dag.py
[2024-12-23T06:35:10.020+0700] {processor.py:914} INFO - Processing file /mnt/d/Project/airflow-news/venv/lib/python3.12/site-packages/airflow/example_dags/example_nested_branch_dag.py for tasks to queue
[2024-12-23T06:35:10.026+0700] {logging_mixin.py:190} INFO - [2024-12-23T06:35:10.024+0700] {dagbag.py:588} INFO - Filling up the DagBag from /mnt/d/Project/airflow-news/venv/lib/python3.12/site-packages/airflow/example_dags/example_nested_branch_dag.py
[2024-12-23T06:35:10.136+0700] {processor.py:925} INFO - DAG(s) 'example_nested_branch_dag' retrieved from /mnt/d/Project/airflow-news/venv/lib/python3.12/site-packages/airflow/example_dags/example_nested_branch_dag.py
[2024-12-23T06:35:10.180+0700] {logging_mixin.py:190} INFO - [2024-12-23T06:35:10.179+0700] {dag.py:3239} INFO - Sync 1 DAGs
[2024-12-23T06:35:10.219+0700] {logging_mixin.py:190} INFO - [2024-12-23T06:35:10.218+0700] {dag.py:4180} INFO - Setting next_dagrun for example_nested_branch_dag to 2024-12-21 00:00:00+00:00, run_after=2024-12-22 00:00:00+00:00
[2024-12-23T06:35:10.298+0700] {processor.py:208} INFO - Processing /mnt/d/Project/airflow-news/venv/lib/python3.12/site-packages/airflow/example_dags/example_nested_branch_dag.py took 0.298 seconds
[2024-12-23T06:36:36.397+0700] {processor.py:186} INFO - Started process (PID=8842) to work on /mnt/d/Project/airflow-news/venv/lib/python3.12/site-packages/airflow/example_dags/example_nested_branch_dag.py
[2024-12-23T06:36:36.399+0700] {processor.py:914} INFO - Processing file /mnt/d/Project/airflow-news/venv/lib/python3.12/site-packages/airflow/example_dags/example_nested_branch_dag.py for tasks to queue
[2024-12-23T06:36:36.404+0700] {logging_mixin.py:190} INFO - [2024-12-23T06:36:36.403+0700] {dagbag.py:588} INFO - Filling up the DagBag from /mnt/d/Project/airflow-news/venv/lib/python3.12/site-packages/airflow/example_dags/example_nested_branch_dag.py
[2024-12-23T06:36:36.527+0700] {processor.py:925} INFO - DAG(s) 'example_nested_branch_dag' retrieved from /mnt/d/Project/airflow-news/venv/lib/python3.12/site-packages/airflow/example_dags/example_nested_branch_dag.py
[2024-12-23T06:36:36.576+0700] {logging_mixin.py:190} INFO - [2024-12-23T06:36:36.575+0700] {dag.py:3239} INFO - Sync 1 DAGs
[2024-12-23T06:36:36.618+0700] {logging_mixin.py:190} INFO - [2024-12-23T06:36:36.617+0700] {dag.py:4180} INFO - Setting next_dagrun for example_nested_branch_dag to 2024-12-21 00:00:00+00:00, run_after=2024-12-22 00:00:00+00:00
[2024-12-23T06:36:36.698+0700] {processor.py:208} INFO - Processing /mnt/d/Project/airflow-news/venv/lib/python3.12/site-packages/airflow/example_dags/example_nested_branch_dag.py took 0.323 seconds
[2024-12-23T06:36:55.030+0700] {processor.py:186} INFO - Started process (PID=8889) to work on /mnt/d/Project/airflow-news/venv/lib/python3.12/site-packages/airflow/example_dags/example_nested_branch_dag.py
[2024-12-23T06:36:55.033+0700] {processor.py:914} INFO - Processing file /mnt/d/Project/airflow-news/venv/lib/python3.12/site-packages/airflow/example_dags/example_nested_branch_dag.py for tasks to queue
[2024-12-23T06:36:55.037+0700] {logging_mixin.py:190} INFO - [2024-12-23T06:36:55.036+0700] {dagbag.py:588} INFO - Filling up the DagBag from /mnt/d/Project/airflow-news/venv/lib/python3.12/site-packages/airflow/example_dags/example_nested_branch_dag.py
[2024-12-23T06:36:55.131+0700] {processor.py:925} INFO - DAG(s) 'example_nested_branch_dag' retrieved from /mnt/d/Project/airflow-news/venv/lib/python3.12/site-packages/airflow/example_dags/example_nested_branch_dag.py
[2024-12-23T06:36:55.169+0700] {logging_mixin.py:190} INFO - [2024-12-23T06:36:55.167+0700] {dag.py:3239} INFO - Sync 1 DAGs
[2024-12-23T06:36:55.201+0700] {logging_mixin.py:190} INFO - [2024-12-23T06:36:55.199+0700] {dag.py:4180} INFO - Setting next_dagrun for example_nested_branch_dag to 2024-12-21 00:00:00+00:00, run_after=2024-12-22 00:00:00+00:00
[2024-12-23T06:36:55.276+0700] {processor.py:208} INFO - Processing /mnt/d/Project/airflow-news/venv/lib/python3.12/site-packages/airflow/example_dags/example_nested_branch_dag.py took 0.259 seconds
[2024-12-23T06:38:13.339+0700] {processor.py:186} INFO - Started process (PID=9172) to work on /mnt/d/Project/airflow-news/venv/lib/python3.12/site-packages/airflow/example_dags/example_nested_branch_dag.py
[2024-12-23T06:38:13.341+0700] {processor.py:914} INFO - Processing file /mnt/d/Project/airflow-news/venv/lib/python3.12/site-packages/airflow/example_dags/example_nested_branch_dag.py for tasks to queue
[2024-12-23T06:38:13.345+0700] {logging_mixin.py:190} INFO - [2024-12-23T06:38:13.344+0700] {dagbag.py:588} INFO - Filling up the DagBag from /mnt/d/Project/airflow-news/venv/lib/python3.12/site-packages/airflow/example_dags/example_nested_branch_dag.py
[2024-12-23T06:38:13.447+0700] {processor.py:925} INFO - DAG(s) 'example_nested_branch_dag' retrieved from /mnt/d/Project/airflow-news/venv/lib/python3.12/site-packages/airflow/example_dags/example_nested_branch_dag.py
[2024-12-23T06:38:13.485+0700] {logging_mixin.py:190} INFO - [2024-12-23T06:38:13.484+0700] {dag.py:3239} INFO - Sync 1 DAGs
[2024-12-23T06:38:13.522+0700] {logging_mixin.py:190} INFO - [2024-12-23T06:38:13.520+0700] {dag.py:4180} INFO - Setting next_dagrun for example_nested_branch_dag to 2024-12-21 00:00:00+00:00, run_after=2024-12-22 00:00:00+00:00
[2024-12-23T06:38:13.599+0700] {processor.py:208} INFO - Processing /mnt/d/Project/airflow-news/venv/lib/python3.12/site-packages/airflow/example_dags/example_nested_branch_dag.py took 0.275 seconds
[2024-12-23T06:38:38.479+0700] {processor.py:186} INFO - Started process (PID=9252) to work on /mnt/d/Project/airflow-news/venv/lib/python3.12/site-packages/airflow/example_dags/example_nested_branch_dag.py
[2024-12-23T06:38:38.483+0700] {processor.py:914} INFO - Processing file /mnt/d/Project/airflow-news/venv/lib/python3.12/site-packages/airflow/example_dags/example_nested_branch_dag.py for tasks to queue
[2024-12-23T06:38:38.493+0700] {logging_mixin.py:190} INFO - [2024-12-23T06:38:38.490+0700] {dagbag.py:588} INFO - Filling up the DagBag from /mnt/d/Project/airflow-news/venv/lib/python3.12/site-packages/airflow/example_dags/example_nested_branch_dag.py
[2024-12-23T06:38:38.707+0700] {processor.py:925} INFO - DAG(s) 'example_nested_branch_dag' retrieved from /mnt/d/Project/airflow-news/venv/lib/python3.12/site-packages/airflow/example_dags/example_nested_branch_dag.py
[2024-12-23T06:38:38.763+0700] {logging_mixin.py:190} INFO - [2024-12-23T06:38:38.762+0700] {dag.py:3239} INFO - Sync 1 DAGs
[2024-12-23T06:38:38.818+0700] {logging_mixin.py:190} INFO - [2024-12-23T06:38:38.815+0700] {dag.py:4180} INFO - Setting next_dagrun for example_nested_branch_dag to 2024-12-21 00:00:00+00:00, run_after=2024-12-22 00:00:00+00:00
[2024-12-23T06:38:38.955+0700] {processor.py:208} INFO - Processing /mnt/d/Project/airflow-news/venv/lib/python3.12/site-packages/airflow/example_dags/example_nested_branch_dag.py took 0.508 seconds
