[2024-12-23T05:54:23.052+0700] {processor.py:186} INFO - Started process (PID=1901) to work on /mnt/d/Project/airflow-news/venv/lib/python3.12/site-packages/airflow/example_dags/example_branch_operator.py
[2024-12-23T05:54:23.055+0700] {processor.py:914} INFO - Processing file /mnt/d/Project/airflow-news/venv/lib/python3.12/site-packages/airflow/example_dags/example_branch_operator.py for tasks to queue
[2024-12-23T05:54:23.060+0700] {logging_mixin.py:190} INFO - [2024-12-23T05:54:23.058+0700] {dagbag.py:588} INFO - Filling up the DagBag from /mnt/d/Project/airflow-news/venv/lib/python3.12/site-packages/airflow/example_dags/example_branch_operator.py
[2024-12-23T05:54:23.153+0700] {processor.py:927} WARNING - No viable dags retrieved from /mnt/d/Project/airflow-news/venv/lib/python3.12/site-packages/airflow/example_dags/example_branch_operator.py
[2024-12-23T05:54:23.157+0700] {processor.py:186} INFO - Started process (PID=1902) to work on /mnt/d/Project/airflow-news/venv/lib/python3.12/site-packages/airflow/example_dags/example_branch_operator.py
[2024-12-23T05:54:23.159+0700] {processor.py:914} INFO - Processing file /mnt/d/Project/airflow-news/venv/lib/python3.12/site-packages/airflow/example_dags/example_branch_operator.py for tasks to queue
[2024-12-23T05:54:23.164+0700] {logging_mixin.py:190} INFO - [2024-12-23T05:54:23.162+0700] {dagbag.py:588} INFO - Filling up the DagBag from /mnt/d/Project/airflow-news/venv/lib/python3.12/site-packages/airflow/example_dags/example_branch_operator.py
[2024-12-23T05:54:23.188+0700] {processor.py:208} INFO - Processing /mnt/d/Project/airflow-news/venv/lib/python3.12/site-packages/airflow/example_dags/example_branch_operator.py took 0.153 seconds
[2024-12-23T05:54:23.259+0700] {processor.py:927} WARNING - No viable dags retrieved from /mnt/d/Project/airflow-news/venv/lib/python3.12/site-packages/airflow/example_dags/example_branch_operator.py
[2024-12-23T05:54:23.293+0700] {processor.py:208} INFO - Processing /mnt/d/Project/airflow-news/venv/lib/python3.12/site-packages/airflow/example_dags/example_branch_operator.py took 0.152 seconds
[2024-12-23T05:56:17.929+0700] {processor.py:186} INFO - Started process (PID=2230) to work on /mnt/d/Project/airflow-news/venv/lib/python3.12/site-packages/airflow/example_dags/example_branch_operator.py
[2024-12-23T05:56:17.931+0700] {processor.py:914} INFO - Processing file /mnt/d/Project/airflow-news/venv/lib/python3.12/site-packages/airflow/example_dags/example_branch_operator.py for tasks to queue
[2024-12-23T05:56:17.935+0700] {logging_mixin.py:190} INFO - [2024-12-23T05:56:17.934+0700] {dagbag.py:588} INFO - Filling up the DagBag from /mnt/d/Project/airflow-news/venv/lib/python3.12/site-packages/airflow/example_dags/example_branch_operator.py
[2024-12-23T05:56:18.015+0700] {processor.py:927} WARNING - No viable dags retrieved from /mnt/d/Project/airflow-news/venv/lib/python3.12/site-packages/airflow/example_dags/example_branch_operator.py
[2024-12-23T05:56:18.042+0700] {processor.py:208} INFO - Processing /mnt/d/Project/airflow-news/venv/lib/python3.12/site-packages/airflow/example_dags/example_branch_operator.py took 0.126 seconds
[2024-12-23T05:57:59.281+0700] {processor.py:186} INFO - Started process (PID=2455) to work on /mnt/d/Project/airflow-news/venv/lib/python3.12/site-packages/airflow/example_dags/example_branch_operator.py
[2024-12-23T05:57:59.283+0700] {processor.py:914} INFO - Processing file /mnt/d/Project/airflow-news/venv/lib/python3.12/site-packages/airflow/example_dags/example_branch_operator.py for tasks to queue
[2024-12-23T05:57:59.287+0700] {logging_mixin.py:190} INFO - [2024-12-23T05:57:59.286+0700] {dagbag.py:588} INFO - Filling up the DagBag from /mnt/d/Project/airflow-news/venv/lib/python3.12/site-packages/airflow/example_dags/example_branch_operator.py
[2024-12-23T05:57:59.370+0700] {processor.py:927} WARNING - No viable dags retrieved from /mnt/d/Project/airflow-news/venv/lib/python3.12/site-packages/airflow/example_dags/example_branch_operator.py
[2024-12-23T05:57:59.400+0700] {processor.py:208} INFO - Processing /mnt/d/Project/airflow-news/venv/lib/python3.12/site-packages/airflow/example_dags/example_branch_operator.py took 0.135 seconds
[2024-12-23T05:59:35.425+0700] {processor.py:186} INFO - Started process (PID=2694) to work on /mnt/d/Project/airflow-news/venv/lib/python3.12/site-packages/airflow/example_dags/example_branch_operator.py
[2024-12-23T05:59:35.428+0700] {processor.py:914} INFO - Processing file /mnt/d/Project/airflow-news/venv/lib/python3.12/site-packages/airflow/example_dags/example_branch_operator.py for tasks to queue
[2024-12-23T05:59:35.432+0700] {logging_mixin.py:190} INFO - [2024-12-23T05:59:35.431+0700] {dagbag.py:588} INFO - Filling up the DagBag from /mnt/d/Project/airflow-news/venv/lib/python3.12/site-packages/airflow/example_dags/example_branch_operator.py
[2024-12-23T05:59:35.527+0700] {processor.py:927} WARNING - No viable dags retrieved from /mnt/d/Project/airflow-news/venv/lib/python3.12/site-packages/airflow/example_dags/example_branch_operator.py
[2024-12-23T05:59:35.552+0700] {processor.py:208} INFO - Processing /mnt/d/Project/airflow-news/venv/lib/python3.12/site-packages/airflow/example_dags/example_branch_operator.py took 0.143 seconds
[2024-12-23T05:59:47.337+0700] {processor.py:186} INFO - Started process (PID=2732) to work on /mnt/d/Project/airflow-news/venv/lib/python3.12/site-packages/airflow/example_dags/example_branch_operator.py
[2024-12-23T05:59:47.340+0700] {processor.py:914} INFO - Processing file /mnt/d/Project/airflow-news/venv/lib/python3.12/site-packages/airflow/example_dags/example_branch_operator.py for tasks to queue
[2024-12-23T05:59:47.345+0700] {logging_mixin.py:190} INFO - [2024-12-23T05:59:47.343+0700] {dagbag.py:588} INFO - Filling up the DagBag from /mnt/d/Project/airflow-news/venv/lib/python3.12/site-packages/airflow/example_dags/example_branch_operator.py
[2024-12-23T05:59:47.442+0700] {processor.py:927} WARNING - No viable dags retrieved from /mnt/d/Project/airflow-news/venv/lib/python3.12/site-packages/airflow/example_dags/example_branch_operator.py
[2024-12-23T05:59:47.477+0700] {processor.py:208} INFO - Processing /mnt/d/Project/airflow-news/venv/lib/python3.12/site-packages/airflow/example_dags/example_branch_operator.py took 0.158 seconds
[2024-12-23T06:01:30.775+0700] {processor.py:186} INFO - Started process (PID=2980) to work on /mnt/d/Project/airflow-news/venv/lib/python3.12/site-packages/airflow/example_dags/example_branch_operator.py
[2024-12-23T06:01:30.778+0700] {processor.py:914} INFO - Processing file /mnt/d/Project/airflow-news/venv/lib/python3.12/site-packages/airflow/example_dags/example_branch_operator.py for tasks to queue
[2024-12-23T06:01:30.784+0700] {logging_mixin.py:190} INFO - [2024-12-23T06:01:30.782+0700] {dagbag.py:588} INFO - Filling up the DagBag from /mnt/d/Project/airflow-news/venv/lib/python3.12/site-packages/airflow/example_dags/example_branch_operator.py
[2024-12-23T06:01:30.888+0700] {processor.py:927} WARNING - No viable dags retrieved from /mnt/d/Project/airflow-news/venv/lib/python3.12/site-packages/airflow/example_dags/example_branch_operator.py
[2024-12-23T06:01:30.923+0700] {processor.py:208} INFO - Processing /mnt/d/Project/airflow-news/venv/lib/python3.12/site-packages/airflow/example_dags/example_branch_operator.py took 0.166 seconds
[2024-12-23T06:03:27.831+0700] {processor.py:186} INFO - Started process (PID=3189) to work on /mnt/d/Project/airflow-news/venv/lib/python3.12/site-packages/airflow/example_dags/example_branch_operator.py
[2024-12-23T06:03:27.834+0700] {processor.py:914} INFO - Processing file /mnt/d/Project/airflow-news/venv/lib/python3.12/site-packages/airflow/example_dags/example_branch_operator.py for tasks to queue
[2024-12-23T06:03:27.841+0700] {logging_mixin.py:190} INFO - [2024-12-23T06:03:27.839+0700] {dagbag.py:588} INFO - Filling up the DagBag from /mnt/d/Project/airflow-news/venv/lib/python3.12/site-packages/airflow/example_dags/example_branch_operator.py
[2024-12-23T06:03:28.028+0700] {processor.py:927} WARNING - No viable dags retrieved from /mnt/d/Project/airflow-news/venv/lib/python3.12/site-packages/airflow/example_dags/example_branch_operator.py
[2024-12-23T06:03:28.098+0700] {processor.py:208} INFO - Processing /mnt/d/Project/airflow-news/venv/lib/python3.12/site-packages/airflow/example_dags/example_branch_operator.py took 0.311 seconds
[2024-12-23T06:05:39.489+0700] {processor.py:186} INFO - Started process (PID=3549) to work on /mnt/d/Project/airflow-news/venv/lib/python3.12/site-packages/airflow/example_dags/example_branch_operator.py
[2024-12-23T06:05:39.492+0700] {processor.py:914} INFO - Processing file /mnt/d/Project/airflow-news/venv/lib/python3.12/site-packages/airflow/example_dags/example_branch_operator.py for tasks to queue
[2024-12-23T06:05:39.499+0700] {logging_mixin.py:190} INFO - [2024-12-23T06:05:39.496+0700] {dagbag.py:588} INFO - Filling up the DagBag from /mnt/d/Project/airflow-news/venv/lib/python3.12/site-packages/airflow/example_dags/example_branch_operator.py
[2024-12-23T06:05:39.620+0700] {processor.py:927} WARNING - No viable dags retrieved from /mnt/d/Project/airflow-news/venv/lib/python3.12/site-packages/airflow/example_dags/example_branch_operator.py
[2024-12-23T06:05:39.657+0700] {processor.py:208} INFO - Processing /mnt/d/Project/airflow-news/venv/lib/python3.12/site-packages/airflow/example_dags/example_branch_operator.py took 0.200 seconds
[2024-12-23T06:07:39.345+0700] {processor.py:186} INFO - Started process (PID=3872) to work on /mnt/d/Project/airflow-news/venv/lib/python3.12/site-packages/airflow/example_dags/example_branch_operator.py
[2024-12-23T06:07:39.348+0700] {processor.py:914} INFO - Processing file /mnt/d/Project/airflow-news/venv/lib/python3.12/site-packages/airflow/example_dags/example_branch_operator.py for tasks to queue
[2024-12-23T06:07:39.353+0700] {logging_mixin.py:190} INFO - [2024-12-23T06:07:39.352+0700] {dagbag.py:588} INFO - Filling up the DagBag from /mnt/d/Project/airflow-news/venv/lib/python3.12/site-packages/airflow/example_dags/example_branch_operator.py
[2024-12-23T06:07:39.461+0700] {processor.py:927} WARNING - No viable dags retrieved from /mnt/d/Project/airflow-news/venv/lib/python3.12/site-packages/airflow/example_dags/example_branch_operator.py
[2024-12-23T06:07:39.496+0700] {processor.py:208} INFO - Processing /mnt/d/Project/airflow-news/venv/lib/python3.12/site-packages/airflow/example_dags/example_branch_operator.py took 0.173 seconds
[2024-12-23T06:07:59.501+0700] {processor.py:186} INFO - Started process (PID=3955) to work on /mnt/d/Project/airflow-news/venv/lib/python3.12/site-packages/airflow/example_dags/example_branch_operator.py
[2024-12-23T06:07:59.504+0700] {processor.py:914} INFO - Processing file /mnt/d/Project/airflow-news/venv/lib/python3.12/site-packages/airflow/example_dags/example_branch_operator.py for tasks to queue
[2024-12-23T06:07:59.511+0700] {logging_mixin.py:190} INFO - [2024-12-23T06:07:59.508+0700] {dagbag.py:588} INFO - Filling up the DagBag from /mnt/d/Project/airflow-news/venv/lib/python3.12/site-packages/airflow/example_dags/example_branch_operator.py
[2024-12-23T06:07:59.626+0700] {processor.py:927} WARNING - No viable dags retrieved from /mnt/d/Project/airflow-news/venv/lib/python3.12/site-packages/airflow/example_dags/example_branch_operator.py
[2024-12-23T06:07:59.663+0700] {processor.py:208} INFO - Processing /mnt/d/Project/airflow-news/venv/lib/python3.12/site-packages/airflow/example_dags/example_branch_operator.py took 0.184 seconds
[2024-12-23T06:09:43.647+0700] {processor.py:186} INFO - Started process (PID=4242) to work on /mnt/d/Project/airflow-news/venv/lib/python3.12/site-packages/airflow/example_dags/example_branch_operator.py
[2024-12-23T06:09:43.651+0700] {processor.py:914} INFO - Processing file /mnt/d/Project/airflow-news/venv/lib/python3.12/site-packages/airflow/example_dags/example_branch_operator.py for tasks to queue
[2024-12-23T06:09:43.659+0700] {logging_mixin.py:190} INFO - [2024-12-23T06:09:43.656+0700] {dagbag.py:588} INFO - Filling up the DagBag from /mnt/d/Project/airflow-news/venv/lib/python3.12/site-packages/airflow/example_dags/example_branch_operator.py
[2024-12-23T06:09:43.815+0700] {processor.py:927} WARNING - No viable dags retrieved from /mnt/d/Project/airflow-news/venv/lib/python3.12/site-packages/airflow/example_dags/example_branch_operator.py
[2024-12-23T06:09:43.856+0700] {processor.py:208} INFO - Processing /mnt/d/Project/airflow-news/venv/lib/python3.12/site-packages/airflow/example_dags/example_branch_operator.py took 0.248 seconds
[2024-12-23T06:12:09.915+0700] {processor.py:186} INFO - Started process (PID=4555) to work on /mnt/d/Project/airflow-news/venv/lib/python3.12/site-packages/airflow/example_dags/example_branch_operator.py
[2024-12-23T06:12:09.918+0700] {processor.py:914} INFO - Processing file /mnt/d/Project/airflow-news/venv/lib/python3.12/site-packages/airflow/example_dags/example_branch_operator.py for tasks to queue
[2024-12-23T06:12:09.921+0700] {logging_mixin.py:190} INFO - [2024-12-23T06:12:09.920+0700] {dagbag.py:588} INFO - Filling up the DagBag from /mnt/d/Project/airflow-news/venv/lib/python3.12/site-packages/airflow/example_dags/example_branch_operator.py
[2024-12-23T06:12:09.995+0700] {processor.py:927} WARNING - No viable dags retrieved from /mnt/d/Project/airflow-news/venv/lib/python3.12/site-packages/airflow/example_dags/example_branch_operator.py
[2024-12-23T06:12:10.020+0700] {processor.py:208} INFO - Processing /mnt/d/Project/airflow-news/venv/lib/python3.12/site-packages/airflow/example_dags/example_branch_operator.py took 0.118 seconds
[2024-12-23T06:13:06.356+0700] {processor.py:186} INFO - Started process (PID=4724) to work on /mnt/d/Project/airflow-news/venv/lib/python3.12/site-packages/airflow/example_dags/example_branch_operator.py
[2024-12-23T06:13:06.358+0700] {processor.py:914} INFO - Processing file /mnt/d/Project/airflow-news/venv/lib/python3.12/site-packages/airflow/example_dags/example_branch_operator.py for tasks to queue
[2024-12-23T06:13:06.364+0700] {logging_mixin.py:190} INFO - [2024-12-23T06:13:06.362+0700] {dagbag.py:588} INFO - Filling up the DagBag from /mnt/d/Project/airflow-news/venv/lib/python3.12/site-packages/airflow/example_dags/example_branch_operator.py
[2024-12-23T06:13:06.455+0700] {processor.py:927} WARNING - No viable dags retrieved from /mnt/d/Project/airflow-news/venv/lib/python3.12/site-packages/airflow/example_dags/example_branch_operator.py
[2024-12-23T06:13:06.486+0700] {processor.py:208} INFO - Processing /mnt/d/Project/airflow-news/venv/lib/python3.12/site-packages/airflow/example_dags/example_branch_operator.py took 0.151 seconds
[2024-12-23T06:13:46.986+0700] {processor.py:186} INFO - Started process (PID=4845) to work on /mnt/d/Project/airflow-news/venv/lib/python3.12/site-packages/airflow/example_dags/example_branch_operator.py
[2024-12-23T06:13:46.988+0700] {processor.py:914} INFO - Processing file /mnt/d/Project/airflow-news/venv/lib/python3.12/site-packages/airflow/example_dags/example_branch_operator.py for tasks to queue
[2024-12-23T06:13:46.991+0700] {logging_mixin.py:190} INFO - [2024-12-23T06:13:46.990+0700] {dagbag.py:588} INFO - Filling up the DagBag from /mnt/d/Project/airflow-news/venv/lib/python3.12/site-packages/airflow/example_dags/example_branch_operator.py
[2024-12-23T06:13:47.073+0700] {processor.py:927} WARNING - No viable dags retrieved from /mnt/d/Project/airflow-news/venv/lib/python3.12/site-packages/airflow/example_dags/example_branch_operator.py
[2024-12-23T06:13:47.098+0700] {processor.py:208} INFO - Processing /mnt/d/Project/airflow-news/venv/lib/python3.12/site-packages/airflow/example_dags/example_branch_operator.py took 0.128 seconds
[2024-12-23T06:14:58.720+0700] {processor.py:186} INFO - Started process (PID=5058) to work on /mnt/d/Project/airflow-news/venv/lib/python3.12/site-packages/airflow/example_dags/example_branch_operator.py
[2024-12-23T06:14:58.722+0700] {processor.py:914} INFO - Processing file /mnt/d/Project/airflow-news/venv/lib/python3.12/site-packages/airflow/example_dags/example_branch_operator.py for tasks to queue
[2024-12-23T06:14:58.728+0700] {logging_mixin.py:190} INFO - [2024-12-23T06:14:58.726+0700] {dagbag.py:588} INFO - Filling up the DagBag from /mnt/d/Project/airflow-news/venv/lib/python3.12/site-packages/airflow/example_dags/example_branch_operator.py
[2024-12-23T06:14:58.815+0700] {processor.py:927} WARNING - No viable dags retrieved from /mnt/d/Project/airflow-news/venv/lib/python3.12/site-packages/airflow/example_dags/example_branch_operator.py
[2024-12-23T06:14:58.840+0700] {processor.py:208} INFO - Processing /mnt/d/Project/airflow-news/venv/lib/python3.12/site-packages/airflow/example_dags/example_branch_operator.py took 0.142 seconds
[2024-12-23T06:15:21.889+0700] {processor.py:186} INFO - Started process (PID=5127) to work on /mnt/d/Project/airflow-news/venv/lib/python3.12/site-packages/airflow/example_dags/example_branch_operator.py
[2024-12-23T06:15:21.891+0700] {processor.py:914} INFO - Processing file /mnt/d/Project/airflow-news/venv/lib/python3.12/site-packages/airflow/example_dags/example_branch_operator.py for tasks to queue
[2024-12-23T06:15:21.894+0700] {logging_mixin.py:190} INFO - [2024-12-23T06:15:21.893+0700] {dagbag.py:588} INFO - Filling up the DagBag from /mnt/d/Project/airflow-news/venv/lib/python3.12/site-packages/airflow/example_dags/example_branch_operator.py
[2024-12-23T06:15:21.967+0700] {processor.py:927} WARNING - No viable dags retrieved from /mnt/d/Project/airflow-news/venv/lib/python3.12/site-packages/airflow/example_dags/example_branch_operator.py
[2024-12-23T06:15:21.994+0700] {processor.py:208} INFO - Processing /mnt/d/Project/airflow-news/venv/lib/python3.12/site-packages/airflow/example_dags/example_branch_operator.py took 0.119 seconds
[2024-12-23T06:18:00.486+0700] {processor.py:186} INFO - Started process (PID=5540) to work on /mnt/d/Project/airflow-news/venv/lib/python3.12/site-packages/airflow/example_dags/example_branch_operator.py
[2024-12-23T06:18:00.489+0700] {processor.py:914} INFO - Processing file /mnt/d/Project/airflow-news/venv/lib/python3.12/site-packages/airflow/example_dags/example_branch_operator.py for tasks to queue
[2024-12-23T06:18:00.496+0700] {logging_mixin.py:190} INFO - [2024-12-23T06:18:00.494+0700] {dagbag.py:588} INFO - Filling up the DagBag from /mnt/d/Project/airflow-news/venv/lib/python3.12/site-packages/airflow/example_dags/example_branch_operator.py
[2024-12-23T06:18:00.541+0700] {processor.py:186} INFO - Started process (PID=5541) to work on /mnt/d/Project/airflow-news/venv/lib/python3.12/site-packages/airflow/example_dags/example_branch_operator.py
[2024-12-23T06:18:00.544+0700] {processor.py:914} INFO - Processing file /mnt/d/Project/airflow-news/venv/lib/python3.12/site-packages/airflow/example_dags/example_branch_operator.py for tasks to queue
[2024-12-23T06:18:00.549+0700] {logging_mixin.py:190} INFO - [2024-12-23T06:18:00.547+0700] {dagbag.py:588} INFO - Filling up the DagBag from /mnt/d/Project/airflow-news/venv/lib/python3.12/site-packages/airflow/example_dags/example_branch_operator.py
[2024-12-23T06:18:00.598+0700] {processor.py:927} WARNING - No viable dags retrieved from /mnt/d/Project/airflow-news/venv/lib/python3.12/site-packages/airflow/example_dags/example_branch_operator.py
[2024-12-23T06:18:00.630+0700] {processor.py:208} INFO - Processing /mnt/d/Project/airflow-news/venv/lib/python3.12/site-packages/airflow/example_dags/example_branch_operator.py took 0.170 seconds
[2024-12-23T06:18:00.646+0700] {processor.py:927} WARNING - No viable dags retrieved from /mnt/d/Project/airflow-news/venv/lib/python3.12/site-packages/airflow/example_dags/example_branch_operator.py
[2024-12-23T06:18:00.691+0700] {processor.py:208} INFO - Processing /mnt/d/Project/airflow-news/venv/lib/python3.12/site-packages/airflow/example_dags/example_branch_operator.py took 0.167 seconds
[2024-12-23T06:19:31.675+0700] {processor.py:186} INFO - Started process (PID=5810) to work on /mnt/d/Project/airflow-news/venv/lib/python3.12/site-packages/airflow/example_dags/example_branch_operator.py
[2024-12-23T06:19:31.678+0700] {processor.py:914} INFO - Processing file /mnt/d/Project/airflow-news/venv/lib/python3.12/site-packages/airflow/example_dags/example_branch_operator.py for tasks to queue
[2024-12-23T06:19:31.682+0700] {logging_mixin.py:190} INFO - [2024-12-23T06:19:31.680+0700] {dagbag.py:588} INFO - Filling up the DagBag from /mnt/d/Project/airflow-news/venv/lib/python3.12/site-packages/airflow/example_dags/example_branch_operator.py
[2024-12-23T06:19:31.760+0700] {processor.py:927} WARNING - No viable dags retrieved from /mnt/d/Project/airflow-news/venv/lib/python3.12/site-packages/airflow/example_dags/example_branch_operator.py
[2024-12-23T06:19:31.790+0700] {processor.py:208} INFO - Processing /mnt/d/Project/airflow-news/venv/lib/python3.12/site-packages/airflow/example_dags/example_branch_operator.py took 0.130 seconds
[2024-12-23T06:19:52.287+0700] {processor.py:186} INFO - Started process (PID=5866) to work on /mnt/d/Project/airflow-news/venv/lib/python3.12/site-packages/airflow/example_dags/example_branch_operator.py
[2024-12-23T06:19:52.290+0700] {processor.py:914} INFO - Processing file /mnt/d/Project/airflow-news/venv/lib/python3.12/site-packages/airflow/example_dags/example_branch_operator.py for tasks to queue
[2024-12-23T06:19:52.295+0700] {logging_mixin.py:190} INFO - [2024-12-23T06:19:52.294+0700] {dagbag.py:588} INFO - Filling up the DagBag from /mnt/d/Project/airflow-news/venv/lib/python3.12/site-packages/airflow/example_dags/example_branch_operator.py
[2024-12-23T06:19:52.384+0700] {processor.py:927} WARNING - No viable dags retrieved from /mnt/d/Project/airflow-news/venv/lib/python3.12/site-packages/airflow/example_dags/example_branch_operator.py
[2024-12-23T06:19:52.411+0700] {processor.py:208} INFO - Processing /mnt/d/Project/airflow-news/venv/lib/python3.12/site-packages/airflow/example_dags/example_branch_operator.py took 0.144 seconds
[2024-12-23T06:21:53.177+0700] {processor.py:186} INFO - Started process (PID=6178) to work on /mnt/d/Project/airflow-news/venv/lib/python3.12/site-packages/airflow/example_dags/example_branch_operator.py
[2024-12-23T06:21:53.182+0700] {processor.py:914} INFO - Processing file /mnt/d/Project/airflow-news/venv/lib/python3.12/site-packages/airflow/example_dags/example_branch_operator.py for tasks to queue
[2024-12-23T06:21:53.191+0700] {logging_mixin.py:190} INFO - [2024-12-23T06:21:53.189+0700] {dagbag.py:588} INFO - Filling up the DagBag from /mnt/d/Project/airflow-news/venv/lib/python3.12/site-packages/airflow/example_dags/example_branch_operator.py
[2024-12-23T06:21:53.365+0700] {processor.py:927} WARNING - No viable dags retrieved from /mnt/d/Project/airflow-news/venv/lib/python3.12/site-packages/airflow/example_dags/example_branch_operator.py
[2024-12-23T06:21:53.414+0700] {processor.py:208} INFO - Processing /mnt/d/Project/airflow-news/venv/lib/python3.12/site-packages/airflow/example_dags/example_branch_operator.py took 0.278 seconds
[2024-12-23T06:23:25.423+0700] {processor.py:186} INFO - Started process (PID=6466) to work on /mnt/d/Project/airflow-news/venv/lib/python3.12/site-packages/airflow/example_dags/example_branch_operator.py
[2024-12-23T06:23:25.425+0700] {processor.py:914} INFO - Processing file /mnt/d/Project/airflow-news/venv/lib/python3.12/site-packages/airflow/example_dags/example_branch_operator.py for tasks to queue
[2024-12-23T06:23:25.430+0700] {logging_mixin.py:190} INFO - [2024-12-23T06:23:25.428+0700] {dagbag.py:588} INFO - Filling up the DagBag from /mnt/d/Project/airflow-news/venv/lib/python3.12/site-packages/airflow/example_dags/example_branch_operator.py
[2024-12-23T06:23:25.520+0700] {processor.py:927} WARNING - No viable dags retrieved from /mnt/d/Project/airflow-news/venv/lib/python3.12/site-packages/airflow/example_dags/example_branch_operator.py
[2024-12-23T06:23:25.551+0700] {processor.py:208} INFO - Processing /mnt/d/Project/airflow-news/venv/lib/python3.12/site-packages/airflow/example_dags/example_branch_operator.py took 0.143 seconds
[2024-12-23T06:23:51.792+0700] {processor.py:186} INFO - Started process (PID=6551) to work on /mnt/d/Project/airflow-news/venv/lib/python3.12/site-packages/airflow/example_dags/example_branch_operator.py
[2024-12-23T06:23:51.794+0700] {processor.py:914} INFO - Processing file /mnt/d/Project/airflow-news/venv/lib/python3.12/site-packages/airflow/example_dags/example_branch_operator.py for tasks to queue
[2024-12-23T06:23:51.799+0700] {logging_mixin.py:190} INFO - [2024-12-23T06:23:51.797+0700] {dagbag.py:588} INFO - Filling up the DagBag from /mnt/d/Project/airflow-news/venv/lib/python3.12/site-packages/airflow/example_dags/example_branch_operator.py
[2024-12-23T06:23:51.879+0700] {processor.py:927} WARNING - No viable dags retrieved from /mnt/d/Project/airflow-news/venv/lib/python3.12/site-packages/airflow/example_dags/example_branch_operator.py
[2024-12-23T06:23:51.905+0700] {processor.py:208} INFO - Processing /mnt/d/Project/airflow-news/venv/lib/python3.12/site-packages/airflow/example_dags/example_branch_operator.py took 0.133 seconds
[2024-12-23T06:24:57.360+0700] {processor.py:186} INFO - Started process (PID=6749) to work on /mnt/d/Project/airflow-news/venv/lib/python3.12/site-packages/airflow/example_dags/example_branch_operator.py
[2024-12-23T06:24:57.362+0700] {processor.py:914} INFO - Processing file /mnt/d/Project/airflow-news/venv/lib/python3.12/site-packages/airflow/example_dags/example_branch_operator.py for tasks to queue
[2024-12-23T06:24:57.367+0700] {logging_mixin.py:190} INFO - [2024-12-23T06:24:57.366+0700] {dagbag.py:588} INFO - Filling up the DagBag from /mnt/d/Project/airflow-news/venv/lib/python3.12/site-packages/airflow/example_dags/example_branch_operator.py
[2024-12-23T06:24:57.445+0700] {processor.py:927} WARNING - No viable dags retrieved from /mnt/d/Project/airflow-news/venv/lib/python3.12/site-packages/airflow/example_dags/example_branch_operator.py
[2024-12-23T06:24:57.472+0700] {processor.py:208} INFO - Processing /mnt/d/Project/airflow-news/venv/lib/python3.12/site-packages/airflow/example_dags/example_branch_operator.py took 0.126 seconds
[2024-12-23T06:25:36.438+0700] {processor.py:186} INFO - Started process (PID=6881) to work on /mnt/d/Project/airflow-news/venv/lib/python3.12/site-packages/airflow/example_dags/example_branch_operator.py
[2024-12-23T06:25:36.440+0700] {processor.py:914} INFO - Processing file /mnt/d/Project/airflow-news/venv/lib/python3.12/site-packages/airflow/example_dags/example_branch_operator.py for tasks to queue
[2024-12-23T06:25:36.446+0700] {logging_mixin.py:190} INFO - [2024-12-23T06:25:36.444+0700] {dagbag.py:588} INFO - Filling up the DagBag from /mnt/d/Project/airflow-news/venv/lib/python3.12/site-packages/airflow/example_dags/example_branch_operator.py
[2024-12-23T06:25:36.506+0700] {processor.py:927} WARNING - No viable dags retrieved from /mnt/d/Project/airflow-news/venv/lib/python3.12/site-packages/airflow/example_dags/example_branch_operator.py
[2024-12-23T06:25:36.531+0700] {processor.py:208} INFO - Processing /mnt/d/Project/airflow-news/venv/lib/python3.12/site-packages/airflow/example_dags/example_branch_operator.py took 0.115 seconds
[2024-12-23T06:26:29.095+0700] {processor.py:186} INFO - Started process (PID=7034) to work on /mnt/d/Project/airflow-news/venv/lib/python3.12/site-packages/airflow/example_dags/example_branch_operator.py
[2024-12-23T06:26:29.097+0700] {processor.py:914} INFO - Processing file /mnt/d/Project/airflow-news/venv/lib/python3.12/site-packages/airflow/example_dags/example_branch_operator.py for tasks to queue
[2024-12-23T06:26:29.102+0700] {logging_mixin.py:190} INFO - [2024-12-23T06:26:29.100+0700] {dagbag.py:588} INFO - Filling up the DagBag from /mnt/d/Project/airflow-news/venv/lib/python3.12/site-packages/airflow/example_dags/example_branch_operator.py
[2024-12-23T06:26:29.170+0700] {processor.py:927} WARNING - No viable dags retrieved from /mnt/d/Project/airflow-news/venv/lib/python3.12/site-packages/airflow/example_dags/example_branch_operator.py
[2024-12-23T06:26:29.198+0700] {processor.py:208} INFO - Processing /mnt/d/Project/airflow-news/venv/lib/python3.12/site-packages/airflow/example_dags/example_branch_operator.py took 0.118 seconds
[2024-12-23T06:27:23.847+0700] {processor.py:186} INFO - Started process (PID=7191) to work on /mnt/d/Project/airflow-news/venv/lib/python3.12/site-packages/airflow/example_dags/example_branch_operator.py
[2024-12-23T06:27:23.850+0700] {processor.py:914} INFO - Processing file /mnt/d/Project/airflow-news/venv/lib/python3.12/site-packages/airflow/example_dags/example_branch_operator.py for tasks to queue
[2024-12-23T06:27:23.854+0700] {logging_mixin.py:190} INFO - [2024-12-23T06:27:23.853+0700] {dagbag.py:588} INFO - Filling up the DagBag from /mnt/d/Project/airflow-news/venv/lib/python3.12/site-packages/airflow/example_dags/example_branch_operator.py
[2024-12-23T06:27:23.943+0700] {processor.py:927} WARNING - No viable dags retrieved from /mnt/d/Project/airflow-news/venv/lib/python3.12/site-packages/airflow/example_dags/example_branch_operator.py
[2024-12-23T06:27:23.971+0700] {processor.py:208} INFO - Processing /mnt/d/Project/airflow-news/venv/lib/python3.12/site-packages/airflow/example_dags/example_branch_operator.py took 0.144 seconds
[2024-12-23T06:28:05.489+0700] {processor.py:186} INFO - Started process (PID=7314) to work on /mnt/d/Project/airflow-news/venv/lib/python3.12/site-packages/airflow/example_dags/example_branch_operator.py
[2024-12-23T06:28:05.491+0700] {processor.py:914} INFO - Processing file /mnt/d/Project/airflow-news/venv/lib/python3.12/site-packages/airflow/example_dags/example_branch_operator.py for tasks to queue
[2024-12-23T06:28:05.495+0700] {logging_mixin.py:190} INFO - [2024-12-23T06:28:05.493+0700] {dagbag.py:588} INFO - Filling up the DagBag from /mnt/d/Project/airflow-news/venv/lib/python3.12/site-packages/airflow/example_dags/example_branch_operator.py
[2024-12-23T06:28:05.570+0700] {processor.py:927} WARNING - No viable dags retrieved from /mnt/d/Project/airflow-news/venv/lib/python3.12/site-packages/airflow/example_dags/example_branch_operator.py
[2024-12-23T06:28:05.598+0700] {processor.py:208} INFO - Processing /mnt/d/Project/airflow-news/venv/lib/python3.12/site-packages/airflow/example_dags/example_branch_operator.py took 0.124 seconds
[2024-12-23T06:29:10.487+0700] {processor.py:186} INFO - Started process (PID=7512) to work on /mnt/d/Project/airflow-news/venv/lib/python3.12/site-packages/airflow/example_dags/example_branch_operator.py
[2024-12-23T06:29:10.490+0700] {processor.py:914} INFO - Processing file /mnt/d/Project/airflow-news/venv/lib/python3.12/site-packages/airflow/example_dags/example_branch_operator.py for tasks to queue
[2024-12-23T06:29:10.496+0700] {logging_mixin.py:190} INFO - [2024-12-23T06:29:10.494+0700] {dagbag.py:588} INFO - Filling up the DagBag from /mnt/d/Project/airflow-news/venv/lib/python3.12/site-packages/airflow/example_dags/example_branch_operator.py
[2024-12-23T06:29:10.587+0700] {processor.py:927} WARNING - No viable dags retrieved from /mnt/d/Project/airflow-news/venv/lib/python3.12/site-packages/airflow/example_dags/example_branch_operator.py
[2024-12-23T06:29:10.617+0700] {processor.py:208} INFO - Processing /mnt/d/Project/airflow-news/venv/lib/python3.12/site-packages/airflow/example_dags/example_branch_operator.py took 0.150 seconds
[2024-12-23T06:29:38.506+0700] {processor.py:186} INFO - Started process (PID=7601) to work on /mnt/d/Project/airflow-news/venv/lib/python3.12/site-packages/airflow/example_dags/example_branch_operator.py
[2024-12-23T06:29:38.508+0700] {processor.py:914} INFO - Processing file /mnt/d/Project/airflow-news/venv/lib/python3.12/site-packages/airflow/example_dags/example_branch_operator.py for tasks to queue
[2024-12-23T06:29:38.512+0700] {logging_mixin.py:190} INFO - [2024-12-23T06:29:38.510+0700] {dagbag.py:588} INFO - Filling up the DagBag from /mnt/d/Project/airflow-news/venv/lib/python3.12/site-packages/airflow/example_dags/example_branch_operator.py
[2024-12-23T06:29:38.587+0700] {processor.py:927} WARNING - No viable dags retrieved from /mnt/d/Project/airflow-news/venv/lib/python3.12/site-packages/airflow/example_dags/example_branch_operator.py
[2024-12-23T06:29:38.615+0700] {processor.py:208} INFO - Processing /mnt/d/Project/airflow-news/venv/lib/python3.12/site-packages/airflow/example_dags/example_branch_operator.py took 0.125 seconds
[2024-12-23T06:30:58.085+0700] {processor.py:186} INFO - Started process (PID=7825) to work on /mnt/d/Project/airflow-news/venv/lib/python3.12/site-packages/airflow/example_dags/example_branch_operator.py
[2024-12-23T06:30:58.087+0700] {processor.py:914} INFO - Processing file /mnt/d/Project/airflow-news/venv/lib/python3.12/site-packages/airflow/example_dags/example_branch_operator.py for tasks to queue
[2024-12-23T06:30:58.091+0700] {logging_mixin.py:190} INFO - [2024-12-23T06:30:58.090+0700] {dagbag.py:588} INFO - Filling up the DagBag from /mnt/d/Project/airflow-news/venv/lib/python3.12/site-packages/airflow/example_dags/example_branch_operator.py
[2024-12-23T06:30:58.167+0700] {processor.py:927} WARNING - No viable dags retrieved from /mnt/d/Project/airflow-news/venv/lib/python3.12/site-packages/airflow/example_dags/example_branch_operator.py
[2024-12-23T06:30:58.194+0700] {processor.py:208} INFO - Processing /mnt/d/Project/airflow-news/venv/lib/python3.12/site-packages/airflow/example_dags/example_branch_operator.py took 0.130 seconds
[2024-12-23T06:31:04.827+0700] {processor.py:186} INFO - Started process (PID=7841) to work on /mnt/d/Project/airflow-news/venv/lib/python3.12/site-packages/airflow/example_dags/example_branch_operator.py
[2024-12-23T06:31:04.829+0700] {processor.py:914} INFO - Processing file /mnt/d/Project/airflow-news/venv/lib/python3.12/site-packages/airflow/example_dags/example_branch_operator.py for tasks to queue
[2024-12-23T06:31:04.834+0700] {logging_mixin.py:190} INFO - [2024-12-23T06:31:04.832+0700] {dagbag.py:588} INFO - Filling up the DagBag from /mnt/d/Project/airflow-news/venv/lib/python3.12/site-packages/airflow/example_dags/example_branch_operator.py
[2024-12-23T06:31:04.914+0700] {processor.py:927} WARNING - No viable dags retrieved from /mnt/d/Project/airflow-news/venv/lib/python3.12/site-packages/airflow/example_dags/example_branch_operator.py
[2024-12-23T06:31:04.942+0700] {processor.py:208} INFO - Processing /mnt/d/Project/airflow-news/venv/lib/python3.12/site-packages/airflow/example_dags/example_branch_operator.py took 0.129 seconds
[2024-12-23T06:32:40.944+0700] {processor.py:186} INFO - Started process (PID=8137) to work on /mnt/d/Project/airflow-news/venv/lib/python3.12/site-packages/airflow/example_dags/example_branch_operator.py
[2024-12-23T06:32:40.948+0700] {processor.py:914} INFO - Processing file /mnt/d/Project/airflow-news/venv/lib/python3.12/site-packages/airflow/example_dags/example_branch_operator.py for tasks to queue
[2024-12-23T06:32:40.956+0700] {logging_mixin.py:190} INFO - [2024-12-23T06:32:40.954+0700] {dagbag.py:588} INFO - Filling up the DagBag from /mnt/d/Project/airflow-news/venv/lib/python3.12/site-packages/airflow/example_dags/example_branch_operator.py
[2024-12-23T06:32:41.046+0700] {processor.py:927} WARNING - No viable dags retrieved from /mnt/d/Project/airflow-news/venv/lib/python3.12/site-packages/airflow/example_dags/example_branch_operator.py
[2024-12-23T06:32:41.081+0700] {processor.py:208} INFO - Processing /mnt/d/Project/airflow-news/venv/lib/python3.12/site-packages/airflow/example_dags/example_branch_operator.py took 0.156 seconds
[2024-12-23T06:32:46.721+0700] {processor.py:186} INFO - Started process (PID=8152) to work on /mnt/d/Project/airflow-news/venv/lib/python3.12/site-packages/airflow/example_dags/example_branch_operator.py
[2024-12-23T06:32:46.723+0700] {processor.py:914} INFO - Processing file /mnt/d/Project/airflow-news/venv/lib/python3.12/site-packages/airflow/example_dags/example_branch_operator.py for tasks to queue
[2024-12-23T06:32:46.728+0700] {logging_mixin.py:190} INFO - [2024-12-23T06:32:46.726+0700] {dagbag.py:588} INFO - Filling up the DagBag from /mnt/d/Project/airflow-news/venv/lib/python3.12/site-packages/airflow/example_dags/example_branch_operator.py
[2024-12-23T06:32:46.815+0700] {processor.py:927} WARNING - No viable dags retrieved from /mnt/d/Project/airflow-news/venv/lib/python3.12/site-packages/airflow/example_dags/example_branch_operator.py
[2024-12-23T06:32:46.843+0700] {processor.py:208} INFO - Processing /mnt/d/Project/airflow-news/venv/lib/python3.12/site-packages/airflow/example_dags/example_branch_operator.py took 0.143 seconds
[2024-12-23T06:34:14.158+0700] {processor.py:186} INFO - Started process (PID=8424) to work on /mnt/d/Project/airflow-news/venv/lib/python3.12/site-packages/airflow/example_dags/example_branch_operator.py
[2024-12-23T06:34:14.160+0700] {processor.py:914} INFO - Processing file /mnt/d/Project/airflow-news/venv/lib/python3.12/site-packages/airflow/example_dags/example_branch_operator.py for tasks to queue
[2024-12-23T06:34:14.165+0700] {logging_mixin.py:190} INFO - [2024-12-23T06:34:14.163+0700] {dagbag.py:588} INFO - Filling up the DagBag from /mnt/d/Project/airflow-news/venv/lib/python3.12/site-packages/airflow/example_dags/example_branch_operator.py
[2024-12-23T06:34:14.241+0700] {processor.py:927} WARNING - No viable dags retrieved from /mnt/d/Project/airflow-news/venv/lib/python3.12/site-packages/airflow/example_dags/example_branch_operator.py
[2024-12-23T06:34:14.268+0700] {processor.py:208} INFO - Processing /mnt/d/Project/airflow-news/venv/lib/python3.12/site-packages/airflow/example_dags/example_branch_operator.py took 0.125 seconds
[2024-12-23T06:34:34.855+0700] {processor.py:186} INFO - Started process (PID=8482) to work on /mnt/d/Project/airflow-news/venv/lib/python3.12/site-packages/airflow/example_dags/example_branch_operator.py
[2024-12-23T06:34:34.859+0700] {processor.py:914} INFO - Processing file /mnt/d/Project/airflow-news/venv/lib/python3.12/site-packages/airflow/example_dags/example_branch_operator.py for tasks to queue
[2024-12-23T06:34:34.869+0700] {logging_mixin.py:190} INFO - [2024-12-23T06:34:34.865+0700] {dagbag.py:588} INFO - Filling up the DagBag from /mnt/d/Project/airflow-news/venv/lib/python3.12/site-packages/airflow/example_dags/example_branch_operator.py
[2024-12-23T06:34:35.004+0700] {processor.py:927} WARNING - No viable dags retrieved from /mnt/d/Project/airflow-news/venv/lib/python3.12/site-packages/airflow/example_dags/example_branch_operator.py
[2024-12-23T06:34:35.048+0700] {processor.py:208} INFO - Processing /mnt/d/Project/airflow-news/venv/lib/python3.12/site-packages/airflow/example_dags/example_branch_operator.py took 0.235 seconds
[2024-12-23T06:37:00.707+0700] {processor.py:186} INFO - Started process (PID=8903) to work on /mnt/d/Project/airflow-news/venv/lib/python3.12/site-packages/airflow/example_dags/example_branch_operator.py
[2024-12-23T06:37:00.709+0700] {processor.py:914} INFO - Processing file /mnt/d/Project/airflow-news/venv/lib/python3.12/site-packages/airflow/example_dags/example_branch_operator.py for tasks to queue
[2024-12-23T06:37:00.714+0700] {logging_mixin.py:190} INFO - [2024-12-23T06:37:00.713+0700] {dagbag.py:588} INFO - Filling up the DagBag from /mnt/d/Project/airflow-news/venv/lib/python3.12/site-packages/airflow/example_dags/example_branch_operator.py
[2024-12-23T06:37:00.819+0700] {processor.py:927} WARNING - No viable dags retrieved from /mnt/d/Project/airflow-news/venv/lib/python3.12/site-packages/airflow/example_dags/example_branch_operator.py
[2024-12-23T06:37:00.850+0700] {processor.py:208} INFO - Processing /mnt/d/Project/airflow-news/venv/lib/python3.12/site-packages/airflow/example_dags/example_branch_operator.py took 0.164 seconds
[2024-12-23T06:37:16.998+0700] {processor.py:186} INFO - Started process (PID=8964) to work on /mnt/d/Project/airflow-news/venv/lib/python3.12/site-packages/airflow/example_dags/example_branch_operator.py
[2024-12-23T06:37:17.001+0700] {processor.py:914} INFO - Processing file /mnt/d/Project/airflow-news/venv/lib/python3.12/site-packages/airflow/example_dags/example_branch_operator.py for tasks to queue
[2024-12-23T06:37:17.006+0700] {logging_mixin.py:190} INFO - [2024-12-23T06:37:17.004+0700] {dagbag.py:588} INFO - Filling up the DagBag from /mnt/d/Project/airflow-news/venv/lib/python3.12/site-packages/airflow/example_dags/example_branch_operator.py
[2024-12-23T06:37:17.110+0700] {processor.py:927} WARNING - No viable dags retrieved from /mnt/d/Project/airflow-news/venv/lib/python3.12/site-packages/airflow/example_dags/example_branch_operator.py
[2024-12-23T06:37:17.146+0700] {processor.py:208} INFO - Processing /mnt/d/Project/airflow-news/venv/lib/python3.12/site-packages/airflow/example_dags/example_branch_operator.py took 0.165 seconds
[2024-12-23T06:38:56.462+0700] {processor.py:186} INFO - Started process (PID=9302) to work on /mnt/d/Project/airflow-news/venv/lib/python3.12/site-packages/airflow/example_dags/example_branch_operator.py
[2024-12-23T06:38:56.465+0700] {processor.py:914} INFO - Processing file /mnt/d/Project/airflow-news/venv/lib/python3.12/site-packages/airflow/example_dags/example_branch_operator.py for tasks to queue
[2024-12-23T06:38:56.470+0700] {logging_mixin.py:190} INFO - [2024-12-23T06:38:56.468+0700] {dagbag.py:588} INFO - Filling up the DagBag from /mnt/d/Project/airflow-news/venv/lib/python3.12/site-packages/airflow/example_dags/example_branch_operator.py
[2024-12-23T06:38:56.562+0700] {processor.py:927} WARNING - No viable dags retrieved from /mnt/d/Project/airflow-news/venv/lib/python3.12/site-packages/airflow/example_dags/example_branch_operator.py
[2024-12-23T06:38:56.599+0700] {processor.py:208} INFO - Processing /mnt/d/Project/airflow-news/venv/lib/python3.12/site-packages/airflow/example_dags/example_branch_operator.py took 0.152 seconds
[2024-12-23T06:39:02.517+0700] {processor.py:186} INFO - Started process (PID=9319) to work on /mnt/d/Project/airflow-news/venv/lib/python3.12/site-packages/airflow/example_dags/example_branch_operator.py
[2024-12-23T06:39:02.520+0700] {processor.py:914} INFO - Processing file /mnt/d/Project/airflow-news/venv/lib/python3.12/site-packages/airflow/example_dags/example_branch_operator.py for tasks to queue
[2024-12-23T06:39:02.525+0700] {logging_mixin.py:190} INFO - [2024-12-23T06:39:02.524+0700] {dagbag.py:588} INFO - Filling up the DagBag from /mnt/d/Project/airflow-news/venv/lib/python3.12/site-packages/airflow/example_dags/example_branch_operator.py
[2024-12-23T06:39:02.619+0700] {processor.py:927} WARNING - No viable dags retrieved from /mnt/d/Project/airflow-news/venv/lib/python3.12/site-packages/airflow/example_dags/example_branch_operator.py
[2024-12-23T06:39:02.648+0700] {processor.py:208} INFO - Processing /mnt/d/Project/airflow-news/venv/lib/python3.12/site-packages/airflow/example_dags/example_branch_operator.py took 0.155 seconds
