[2024-12-23T05:53:43.912+0700] {processor.py:186} INFO - Started process (PID=1832) to work on /mnt/d/Project/airflow-news/venv/lib/python3.12/site-packages/airflow/example_dags/example_dynamic_task_mapping.py
[2024-12-23T05:53:43.917+0700] {processor.py:914} INFO - Processing file /mnt/d/Project/airflow-news/venv/lib/python3.12/site-packages/airflow/example_dags/example_dynamic_task_mapping.py for tasks to queue
[2024-12-23T05:53:43.928+0700] {logging_mixin.py:190} INFO - [2024-12-23T05:53:43.926+0700] {dagbag.py:588} INFO - Filling up the DagBag from /mnt/d/Project/airflow-news/venv/lib/python3.12/site-packages/airflow/example_dags/example_dynamic_task_mapping.py
[2024-12-23T05:53:44.039+0700] {processor.py:925} INFO - DAG(s) 'example_dynamic_task_mapping' retrieved from /mnt/d/Project/airflow-news/venv/lib/python3.12/site-packages/airflow/example_dags/example_dynamic_task_mapping.py
[2024-12-23T05:53:46.176+0700] {logging_mixin.py:190} INFO - [2024-12-23T05:53:46.173+0700] {override.py:1911} INFO - Created Permission View: can edit on DAG:example_dynamic_task_mapping
[2024-12-23T05:53:46.239+0700] {logging_mixin.py:190} INFO - [2024-12-23T05:53:46.237+0700] {override.py:1911} INFO - Created Permission View: can delete on DAG:example_dynamic_task_mapping
[2024-12-23T05:53:46.303+0700] {logging_mixin.py:190} INFO - [2024-12-23T05:53:46.300+0700] {override.py:1911} INFO - Created Permission View: can read on DAG:example_dynamic_task_mapping
[2024-12-23T05:53:46.398+0700] {logging_mixin.py:190} INFO - [2024-12-23T05:53:46.396+0700] {override.py:1911} INFO - Created Permission View: menu access on DAG Run:example_dynamic_task_mapping
[2024-12-23T05:53:46.451+0700] {logging_mixin.py:190} INFO - [2024-12-23T05:53:46.449+0700] {override.py:1911} INFO - Created Permission View: can create on DAG Run:example_dynamic_task_mapping
[2024-12-23T05:53:46.504+0700] {logging_mixin.py:190} INFO - [2024-12-23T05:53:46.502+0700] {override.py:1911} INFO - Created Permission View: can delete on DAG Run:example_dynamic_task_mapping
[2024-12-23T05:53:46.549+0700] {logging_mixin.py:190} INFO - [2024-12-23T05:53:46.548+0700] {override.py:1911} INFO - Created Permission View: can read on DAG Run:example_dynamic_task_mapping
[2024-12-23T05:53:46.552+0700] {logging_mixin.py:190} INFO - [2024-12-23T05:53:46.551+0700] {dag.py:3239} INFO - Sync 1 DAGs
[2024-12-23T05:53:46.581+0700] {logging_mixin.py:190} INFO - [2024-12-23T05:53:46.579+0700] {dag.py:3262} INFO - Creating ORM DAG for example_dynamic_task_mapping
[2024-12-23T05:53:46.585+0700] {logging_mixin.py:190} INFO - [2024-12-23T05:53:46.583+0700] {dag.py:4180} INFO - Setting next_dagrun for example_dynamic_task_mapping to None, run_after=None
[2024-12-23T05:53:46.670+0700] {processor.py:208} INFO - Processing /mnt/d/Project/airflow-news/venv/lib/python3.12/site-packages/airflow/example_dags/example_dynamic_task_mapping.py took 2.780 seconds
[2024-12-23T05:53:55.948+0700] {processor.py:186} INFO - Started process (PID=1854) to work on /mnt/d/Project/airflow-news/venv/lib/python3.12/site-packages/airflow/example_dags/example_dynamic_task_mapping.py
[2024-12-23T05:53:55.950+0700] {processor.py:914} INFO - Processing file /mnt/d/Project/airflow-news/venv/lib/python3.12/site-packages/airflow/example_dags/example_dynamic_task_mapping.py for tasks to queue
[2024-12-23T05:53:55.957+0700] {logging_mixin.py:190} INFO - [2024-12-23T05:53:55.955+0700] {dagbag.py:588} INFO - Filling up the DagBag from /mnt/d/Project/airflow-news/venv/lib/python3.12/site-packages/airflow/example_dags/example_dynamic_task_mapping.py
[2024-12-23T05:53:56.078+0700] {processor.py:925} INFO - DAG(s) 'example_dynamic_task_mapping' retrieved from /mnt/d/Project/airflow-news/venv/lib/python3.12/site-packages/airflow/example_dags/example_dynamic_task_mapping.py
[2024-12-23T05:53:56.112+0700] {logging_mixin.py:190} INFO - [2024-12-23T05:53:56.110+0700] {dag.py:3239} INFO - Sync 1 DAGs
[2024-12-23T05:53:56.138+0700] {logging_mixin.py:190} INFO - [2024-12-23T05:53:56.133+0700] {dag.py:4180} INFO - Setting next_dagrun for example_dynamic_task_mapping to None, run_after=None
[2024-12-23T05:53:56.267+0700] {processor.py:208} INFO - Processing /mnt/d/Project/airflow-news/venv/lib/python3.12/site-packages/airflow/example_dags/example_dynamic_task_mapping.py took 0.338 seconds
[2024-12-23T05:55:34.837+0700] {processor.py:186} INFO - Started process (PID=2147) to work on /mnt/d/Project/airflow-news/venv/lib/python3.12/site-packages/airflow/example_dags/example_dynamic_task_mapping.py
[2024-12-23T05:55:34.840+0700] {processor.py:914} INFO - Processing file /mnt/d/Project/airflow-news/venv/lib/python3.12/site-packages/airflow/example_dags/example_dynamic_task_mapping.py for tasks to queue
[2024-12-23T05:55:34.844+0700] {logging_mixin.py:190} INFO - [2024-12-23T05:55:34.843+0700] {dagbag.py:588} INFO - Filling up the DagBag from /mnt/d/Project/airflow-news/venv/lib/python3.12/site-packages/airflow/example_dags/example_dynamic_task_mapping.py
[2024-12-23T05:55:34.922+0700] {processor.py:925} INFO - DAG(s) 'example_dynamic_task_mapping' retrieved from /mnt/d/Project/airflow-news/venv/lib/python3.12/site-packages/airflow/example_dags/example_dynamic_task_mapping.py
[2024-12-23T05:55:34.956+0700] {logging_mixin.py:190} INFO - [2024-12-23T05:55:34.954+0700] {dag.py:3239} INFO - Sync 1 DAGs
[2024-12-23T05:55:34.976+0700] {logging_mixin.py:190} INFO - [2024-12-23T05:55:34.974+0700] {dag.py:4180} INFO - Setting next_dagrun for example_dynamic_task_mapping to None, run_after=None
[2024-12-23T05:55:35.047+0700] {processor.py:208} INFO - Processing /mnt/d/Project/airflow-news/venv/lib/python3.12/site-packages/airflow/example_dags/example_dynamic_task_mapping.py took 0.225 seconds
[2024-12-23T05:57:06.660+0700] {processor.py:186} INFO - Started process (PID=2314) to work on /mnt/d/Project/airflow-news/venv/lib/python3.12/site-packages/airflow/example_dags/example_dynamic_task_mapping.py
[2024-12-23T05:57:06.663+0700] {processor.py:914} INFO - Processing file /mnt/d/Project/airflow-news/venv/lib/python3.12/site-packages/airflow/example_dags/example_dynamic_task_mapping.py for tasks to queue
[2024-12-23T05:57:06.667+0700] {logging_mixin.py:190} INFO - [2024-12-23T05:57:06.665+0700] {dagbag.py:588} INFO - Filling up the DagBag from /mnt/d/Project/airflow-news/venv/lib/python3.12/site-packages/airflow/example_dags/example_dynamic_task_mapping.py
[2024-12-23T05:57:06.759+0700] {processor.py:925} INFO - DAG(s) 'example_dynamic_task_mapping' retrieved from /mnt/d/Project/airflow-news/venv/lib/python3.12/site-packages/airflow/example_dags/example_dynamic_task_mapping.py
[2024-12-23T05:57:06.799+0700] {logging_mixin.py:190} INFO - [2024-12-23T05:57:06.797+0700] {dag.py:3239} INFO - Sync 1 DAGs
[2024-12-23T05:57:06.818+0700] {logging_mixin.py:190} INFO - [2024-12-23T05:57:06.817+0700] {dag.py:4180} INFO - Setting next_dagrun for example_dynamic_task_mapping to None, run_after=None
[2024-12-23T05:57:06.890+0700] {processor.py:208} INFO - Processing /mnt/d/Project/airflow-news/venv/lib/python3.12/site-packages/airflow/example_dags/example_dynamic_task_mapping.py took 0.244 seconds
[2024-12-23T05:58:44.264+0700] {processor.py:186} INFO - Started process (PID=2556) to work on /mnt/d/Project/airflow-news/venv/lib/python3.12/site-packages/airflow/example_dags/example_dynamic_task_mapping.py
[2024-12-23T05:58:44.267+0700] {processor.py:914} INFO - Processing file /mnt/d/Project/airflow-news/venv/lib/python3.12/site-packages/airflow/example_dags/example_dynamic_task_mapping.py for tasks to queue
[2024-12-23T05:58:44.273+0700] {logging_mixin.py:190} INFO - [2024-12-23T05:58:44.270+0700] {dagbag.py:588} INFO - Filling up the DagBag from /mnt/d/Project/airflow-news/venv/lib/python3.12/site-packages/airflow/example_dags/example_dynamic_task_mapping.py
[2024-12-23T05:58:44.375+0700] {processor.py:925} INFO - DAG(s) 'example_dynamic_task_mapping' retrieved from /mnt/d/Project/airflow-news/venv/lib/python3.12/site-packages/airflow/example_dags/example_dynamic_task_mapping.py
[2024-12-23T05:58:44.413+0700] {logging_mixin.py:190} INFO - [2024-12-23T05:58:44.412+0700] {dag.py:3239} INFO - Sync 1 DAGs
[2024-12-23T05:58:44.433+0700] {logging_mixin.py:190} INFO - [2024-12-23T05:58:44.431+0700] {dag.py:4180} INFO - Setting next_dagrun for example_dynamic_task_mapping to None, run_after=None
[2024-12-23T05:58:44.507+0700] {processor.py:208} INFO - Processing /mnt/d/Project/airflow-news/venv/lib/python3.12/site-packages/airflow/example_dags/example_dynamic_task_mapping.py took 0.258 seconds
[2024-12-23T05:59:33.955+0700] {processor.py:186} INFO - Started process (PID=2681) to work on /mnt/d/Project/airflow-news/venv/lib/python3.12/site-packages/airflow/example_dags/example_dynamic_task_mapping.py
[2024-12-23T05:59:33.958+0700] {processor.py:914} INFO - Processing file /mnt/d/Project/airflow-news/venv/lib/python3.12/site-packages/airflow/example_dags/example_dynamic_task_mapping.py for tasks to queue
[2024-12-23T05:59:33.963+0700] {logging_mixin.py:190} INFO - [2024-12-23T05:59:33.961+0700] {dagbag.py:588} INFO - Filling up the DagBag from /mnt/d/Project/airflow-news/venv/lib/python3.12/site-packages/airflow/example_dags/example_dynamic_task_mapping.py
[2024-12-23T05:59:34.063+0700] {processor.py:925} INFO - DAG(s) 'example_dynamic_task_mapping' retrieved from /mnt/d/Project/airflow-news/venv/lib/python3.12/site-packages/airflow/example_dags/example_dynamic_task_mapping.py
[2024-12-23T05:59:34.109+0700] {logging_mixin.py:190} INFO - [2024-12-23T05:59:34.108+0700] {dag.py:3239} INFO - Sync 1 DAGs
[2024-12-23T05:59:34.140+0700] {logging_mixin.py:190} INFO - [2024-12-23T05:59:34.139+0700] {dag.py:4180} INFO - Setting next_dagrun for example_dynamic_task_mapping to None, run_after=None
[2024-12-23T05:59:34.239+0700] {processor.py:208} INFO - Processing /mnt/d/Project/airflow-news/venv/lib/python3.12/site-packages/airflow/example_dags/example_dynamic_task_mapping.py took 0.298 seconds
[2024-12-23T06:00:27.399+0700] {processor.py:186} INFO - Started process (PID=2827) to work on /mnt/d/Project/airflow-news/venv/lib/python3.12/site-packages/airflow/example_dags/example_dynamic_task_mapping.py
[2024-12-23T06:00:27.402+0700] {processor.py:914} INFO - Processing file /mnt/d/Project/airflow-news/venv/lib/python3.12/site-packages/airflow/example_dags/example_dynamic_task_mapping.py for tasks to queue
[2024-12-23T06:00:27.408+0700] {logging_mixin.py:190} INFO - [2024-12-23T06:00:27.406+0700] {dagbag.py:588} INFO - Filling up the DagBag from /mnt/d/Project/airflow-news/venv/lib/python3.12/site-packages/airflow/example_dags/example_dynamic_task_mapping.py
[2024-12-23T06:00:27.551+0700] {processor.py:925} INFO - DAG(s) 'example_dynamic_task_mapping' retrieved from /mnt/d/Project/airflow-news/venv/lib/python3.12/site-packages/airflow/example_dags/example_dynamic_task_mapping.py
[2024-12-23T06:00:27.595+0700] {logging_mixin.py:190} INFO - [2024-12-23T06:00:27.593+0700] {dag.py:3239} INFO - Sync 1 DAGs
[2024-12-23T06:00:27.618+0700] {logging_mixin.py:190} INFO - [2024-12-23T06:00:27.616+0700] {dag.py:4180} INFO - Setting next_dagrun for example_dynamic_task_mapping to None, run_after=None
[2024-12-23T06:00:27.901+0700] {processor.py:208} INFO - Processing /mnt/d/Project/airflow-news/venv/lib/python3.12/site-packages/airflow/example_dags/example_dynamic_task_mapping.py took 0.524 seconds
[2024-12-23T06:02:27.193+0700] {processor.py:186} INFO - Started process (PID=3093) to work on /mnt/d/Project/airflow-news/venv/lib/python3.12/site-packages/airflow/example_dags/example_dynamic_task_mapping.py
[2024-12-23T06:02:27.196+0700] {processor.py:914} INFO - Processing file /mnt/d/Project/airflow-news/venv/lib/python3.12/site-packages/airflow/example_dags/example_dynamic_task_mapping.py for tasks to queue
[2024-12-23T06:02:27.202+0700] {logging_mixin.py:190} INFO - [2024-12-23T06:02:27.200+0700] {dagbag.py:588} INFO - Filling up the DagBag from /mnt/d/Project/airflow-news/venv/lib/python3.12/site-packages/airflow/example_dags/example_dynamic_task_mapping.py
[2024-12-23T06:02:27.330+0700] {processor.py:925} INFO - DAG(s) 'example_dynamic_task_mapping' retrieved from /mnt/d/Project/airflow-news/venv/lib/python3.12/site-packages/airflow/example_dags/example_dynamic_task_mapping.py
[2024-12-23T06:02:27.388+0700] {logging_mixin.py:190} INFO - [2024-12-23T06:02:27.386+0700] {dag.py:3239} INFO - Sync 1 DAGs
[2024-12-23T06:02:27.420+0700] {logging_mixin.py:190} INFO - [2024-12-23T06:02:27.418+0700] {dag.py:4180} INFO - Setting next_dagrun for example_dynamic_task_mapping to None, run_after=None
[2024-12-23T06:02:27.528+0700] {processor.py:208} INFO - Processing /mnt/d/Project/airflow-news/venv/lib/python3.12/site-packages/airflow/example_dags/example_dynamic_task_mapping.py took 0.358 seconds
[2024-12-23T06:04:37.518+0700] {processor.py:186} INFO - Started process (PID=3413) to work on /mnt/d/Project/airflow-news/venv/lib/python3.12/site-packages/airflow/example_dags/example_dynamic_task_mapping.py
[2024-12-23T06:04:37.520+0700] {processor.py:914} INFO - Processing file /mnt/d/Project/airflow-news/venv/lib/python3.12/site-packages/airflow/example_dags/example_dynamic_task_mapping.py for tasks to queue
[2024-12-23T06:04:37.526+0700] {logging_mixin.py:190} INFO - [2024-12-23T06:04:37.524+0700] {dagbag.py:588} INFO - Filling up the DagBag from /mnt/d/Project/airflow-news/venv/lib/python3.12/site-packages/airflow/example_dags/example_dynamic_task_mapping.py
[2024-12-23T06:04:37.640+0700] {processor.py:925} INFO - DAG(s) 'example_dynamic_task_mapping' retrieved from /mnt/d/Project/airflow-news/venv/lib/python3.12/site-packages/airflow/example_dags/example_dynamic_task_mapping.py
[2024-12-23T06:04:37.686+0700] {logging_mixin.py:190} INFO - [2024-12-23T06:04:37.685+0700] {dag.py:3239} INFO - Sync 1 DAGs
[2024-12-23T06:04:37.713+0700] {logging_mixin.py:190} INFO - [2024-12-23T06:04:37.711+0700] {dag.py:4180} INFO - Setting next_dagrun for example_dynamic_task_mapping to None, run_after=None
[2024-12-23T06:04:37.797+0700] {processor.py:208} INFO - Processing /mnt/d/Project/airflow-news/venv/lib/python3.12/site-packages/airflow/example_dags/example_dynamic_task_mapping.py took 0.304 seconds
[2024-12-23T06:06:38.035+0700] {processor.py:186} INFO - Started process (PID=3707) to work on /mnt/d/Project/airflow-news/venv/lib/python3.12/site-packages/airflow/example_dags/example_dynamic_task_mapping.py
[2024-12-23T06:06:38.038+0700] {processor.py:914} INFO - Processing file /mnt/d/Project/airflow-news/venv/lib/python3.12/site-packages/airflow/example_dags/example_dynamic_task_mapping.py for tasks to queue
[2024-12-23T06:06:38.044+0700] {logging_mixin.py:190} INFO - [2024-12-23T06:06:38.042+0700] {dagbag.py:588} INFO - Filling up the DagBag from /mnt/d/Project/airflow-news/venv/lib/python3.12/site-packages/airflow/example_dags/example_dynamic_task_mapping.py
[2024-12-23T06:06:38.155+0700] {processor.py:925} INFO - DAG(s) 'example_dynamic_task_mapping' retrieved from /mnt/d/Project/airflow-news/venv/lib/python3.12/site-packages/airflow/example_dags/example_dynamic_task_mapping.py
[2024-12-23T06:06:38.196+0700] {logging_mixin.py:190} INFO - [2024-12-23T06:06:38.194+0700] {dag.py:3239} INFO - Sync 1 DAGs
[2024-12-23T06:06:38.222+0700] {logging_mixin.py:190} INFO - [2024-12-23T06:06:38.220+0700] {dag.py:4180} INFO - Setting next_dagrun for example_dynamic_task_mapping to None, run_after=None
[2024-12-23T06:06:38.317+0700] {processor.py:208} INFO - Processing /mnt/d/Project/airflow-news/venv/lib/python3.12/site-packages/airflow/example_dags/example_dynamic_task_mapping.py took 0.306 seconds
[2024-12-23T06:07:44.736+0700] {processor.py:186} INFO - Started process (PID=3883) to work on /mnt/d/Project/airflow-news/venv/lib/python3.12/site-packages/airflow/example_dags/example_dynamic_task_mapping.py
[2024-12-23T06:07:44.739+0700] {processor.py:914} INFO - Processing file /mnt/d/Project/airflow-news/venv/lib/python3.12/site-packages/airflow/example_dags/example_dynamic_task_mapping.py for tasks to queue
[2024-12-23T06:07:44.747+0700] {logging_mixin.py:190} INFO - [2024-12-23T06:07:44.745+0700] {dagbag.py:588} INFO - Filling up the DagBag from /mnt/d/Project/airflow-news/venv/lib/python3.12/site-packages/airflow/example_dags/example_dynamic_task_mapping.py
[2024-12-23T06:07:44.825+0700] {processor.py:925} INFO - DAG(s) 'example_dynamic_task_mapping' retrieved from /mnt/d/Project/airflow-news/venv/lib/python3.12/site-packages/airflow/example_dags/example_dynamic_task_mapping.py
[2024-12-23T06:07:44.865+0700] {logging_mixin.py:190} INFO - [2024-12-23T06:07:44.864+0700] {dag.py:3239} INFO - Sync 1 DAGs
[2024-12-23T06:07:44.889+0700] {logging_mixin.py:190} INFO - [2024-12-23T06:07:44.887+0700] {dag.py:4180} INFO - Setting next_dagrun for example_dynamic_task_mapping to None, run_after=None
[2024-12-23T06:07:44.975+0700] {processor.py:208} INFO - Processing /mnt/d/Project/airflow-news/venv/lib/python3.12/site-packages/airflow/example_dags/example_dynamic_task_mapping.py took 0.256 seconds
[2024-12-23T06:08:38.149+0700] {processor.py:186} INFO - Started process (PID=4057) to work on /mnt/d/Project/airflow-news/venv/lib/python3.12/site-packages/airflow/example_dags/example_dynamic_task_mapping.py
[2024-12-23T06:08:38.151+0700] {processor.py:914} INFO - Processing file /mnt/d/Project/airflow-news/venv/lib/python3.12/site-packages/airflow/example_dags/example_dynamic_task_mapping.py for tasks to queue
[2024-12-23T06:08:38.157+0700] {logging_mixin.py:190} INFO - [2024-12-23T06:08:38.155+0700] {dagbag.py:588} INFO - Filling up the DagBag from /mnt/d/Project/airflow-news/venv/lib/python3.12/site-packages/airflow/example_dags/example_dynamic_task_mapping.py
[2024-12-23T06:08:38.241+0700] {processor.py:925} INFO - DAG(s) 'example_dynamic_task_mapping' retrieved from /mnt/d/Project/airflow-news/venv/lib/python3.12/site-packages/airflow/example_dags/example_dynamic_task_mapping.py
[2024-12-23T06:08:38.279+0700] {logging_mixin.py:190} INFO - [2024-12-23T06:08:38.277+0700] {dag.py:3239} INFO - Sync 1 DAGs
[2024-12-23T06:08:38.300+0700] {logging_mixin.py:190} INFO - [2024-12-23T06:08:38.298+0700] {dag.py:4180} INFO - Setting next_dagrun for example_dynamic_task_mapping to None, run_after=None
[2024-12-23T06:08:38.374+0700] {processor.py:208} INFO - Processing /mnt/d/Project/airflow-news/venv/lib/python3.12/site-packages/airflow/example_dags/example_dynamic_task_mapping.py took 0.251 seconds
[2024-12-23T06:11:55.757+0700] {processor.py:186} INFO - Started process (PID=4525) to work on /mnt/d/Project/airflow-news/venv/lib/python3.12/site-packages/airflow/example_dags/example_dynamic_task_mapping.py
[2024-12-23T06:11:55.759+0700] {processor.py:914} INFO - Processing file /mnt/d/Project/airflow-news/venv/lib/python3.12/site-packages/airflow/example_dags/example_dynamic_task_mapping.py for tasks to queue
[2024-12-23T06:11:55.764+0700] {logging_mixin.py:190} INFO - [2024-12-23T06:11:55.763+0700] {dagbag.py:588} INFO - Filling up the DagBag from /mnt/d/Project/airflow-news/venv/lib/python3.12/site-packages/airflow/example_dags/example_dynamic_task_mapping.py
[2024-12-23T06:11:55.794+0700] {processor.py:925} INFO - DAG(s) 'example_dynamic_task_mapping' retrieved from /mnt/d/Project/airflow-news/venv/lib/python3.12/site-packages/airflow/example_dags/example_dynamic_task_mapping.py
[2024-12-23T06:11:55.835+0700] {logging_mixin.py:190} INFO - [2024-12-23T06:11:55.833+0700] {dag.py:3239} INFO - Sync 1 DAGs
[2024-12-23T06:11:55.853+0700] {logging_mixin.py:190} INFO - [2024-12-23T06:11:55.852+0700] {dag.py:4180} INFO - Setting next_dagrun for example_dynamic_task_mapping to None, run_after=None
[2024-12-23T06:11:55.933+0700] {processor.py:208} INFO - Processing /mnt/d/Project/airflow-news/venv/lib/python3.12/site-packages/airflow/example_dags/example_dynamic_task_mapping.py took 0.192 seconds
[2024-12-23T06:12:04.465+0700] {processor.py:186} INFO - Started process (PID=4543) to work on /mnt/d/Project/airflow-news/venv/lib/python3.12/site-packages/airflow/example_dags/example_dynamic_task_mapping.py
[2024-12-23T06:12:04.468+0700] {processor.py:914} INFO - Processing file /mnt/d/Project/airflow-news/venv/lib/python3.12/site-packages/airflow/example_dags/example_dynamic_task_mapping.py for tasks to queue
[2024-12-23T06:12:04.477+0700] {logging_mixin.py:190} INFO - [2024-12-23T06:12:04.475+0700] {dagbag.py:588} INFO - Filling up the DagBag from /mnt/d/Project/airflow-news/venv/lib/python3.12/site-packages/airflow/example_dags/example_dynamic_task_mapping.py
[2024-12-23T06:12:04.590+0700] {processor.py:925} INFO - DAG(s) 'example_dynamic_task_mapping' retrieved from /mnt/d/Project/airflow-news/venv/lib/python3.12/site-packages/airflow/example_dags/example_dynamic_task_mapping.py
[2024-12-23T06:12:04.639+0700] {logging_mixin.py:190} INFO - [2024-12-23T06:12:04.637+0700] {dag.py:3239} INFO - Sync 1 DAGs
[2024-12-23T06:12:04.664+0700] {logging_mixin.py:190} INFO - [2024-12-23T06:12:04.662+0700] {dag.py:4180} INFO - Setting next_dagrun for example_dynamic_task_mapping to None, run_after=None
[2024-12-23T06:12:04.766+0700] {processor.py:208} INFO - Processing /mnt/d/Project/airflow-news/venv/lib/python3.12/site-packages/airflow/example_dags/example_dynamic_task_mapping.py took 0.330 seconds
[2024-12-23T06:13:32.629+0700] {processor.py:186} INFO - Started process (PID=4806) to work on /mnt/d/Project/airflow-news/venv/lib/python3.12/site-packages/airflow/example_dags/example_dynamic_task_mapping.py
[2024-12-23T06:13:32.631+0700] {processor.py:914} INFO - Processing file /mnt/d/Project/airflow-news/venv/lib/python3.12/site-packages/airflow/example_dags/example_dynamic_task_mapping.py for tasks to queue
[2024-12-23T06:13:32.636+0700] {logging_mixin.py:190} INFO - [2024-12-23T06:13:32.634+0700] {dagbag.py:588} INFO - Filling up the DagBag from /mnt/d/Project/airflow-news/venv/lib/python3.12/site-packages/airflow/example_dags/example_dynamic_task_mapping.py
[2024-12-23T06:13:32.666+0700] {processor.py:925} INFO - DAG(s) 'example_dynamic_task_mapping' retrieved from /mnt/d/Project/airflow-news/venv/lib/python3.12/site-packages/airflow/example_dags/example_dynamic_task_mapping.py
[2024-12-23T06:13:32.702+0700] {logging_mixin.py:190} INFO - [2024-12-23T06:13:32.701+0700] {dag.py:3239} INFO - Sync 1 DAGs
[2024-12-23T06:13:32.719+0700] {logging_mixin.py:190} INFO - [2024-12-23T06:13:32.718+0700] {dag.py:4180} INFO - Setting next_dagrun for example_dynamic_task_mapping to None, run_after=None
[2024-12-23T06:13:32.785+0700] {processor.py:208} INFO - Processing /mnt/d/Project/airflow-news/venv/lib/python3.12/site-packages/airflow/example_dags/example_dynamic_task_mapping.py took 0.171 seconds
[2024-12-23T06:14:02.599+0700] {processor.py:186} INFO - Started process (PID=4885) to work on /mnt/d/Project/airflow-news/venv/lib/python3.12/site-packages/airflow/example_dags/example_dynamic_task_mapping.py
[2024-12-23T06:14:02.601+0700] {processor.py:914} INFO - Processing file /mnt/d/Project/airflow-news/venv/lib/python3.12/site-packages/airflow/example_dags/example_dynamic_task_mapping.py for tasks to queue
[2024-12-23T06:14:02.605+0700] {logging_mixin.py:190} INFO - [2024-12-23T06:14:02.604+0700] {dagbag.py:588} INFO - Filling up the DagBag from /mnt/d/Project/airflow-news/venv/lib/python3.12/site-packages/airflow/example_dags/example_dynamic_task_mapping.py
[2024-12-23T06:14:02.687+0700] {processor.py:925} INFO - DAG(s) 'example_dynamic_task_mapping' retrieved from /mnt/d/Project/airflow-news/venv/lib/python3.12/site-packages/airflow/example_dags/example_dynamic_task_mapping.py
[2024-12-23T06:14:02.721+0700] {logging_mixin.py:190} INFO - [2024-12-23T06:14:02.720+0700] {dag.py:3239} INFO - Sync 1 DAGs
[2024-12-23T06:14:02.739+0700] {logging_mixin.py:190} INFO - [2024-12-23T06:14:02.737+0700] {dag.py:4180} INFO - Setting next_dagrun for example_dynamic_task_mapping to None, run_after=None
[2024-12-23T06:14:02.815+0700] {processor.py:208} INFO - Processing /mnt/d/Project/airflow-news/venv/lib/python3.12/site-packages/airflow/example_dags/example_dynamic_task_mapping.py took 0.241 seconds
[2024-12-23T06:15:07.640+0700] {processor.py:186} INFO - Started process (PID=5092) to work on /mnt/d/Project/airflow-news/venv/lib/python3.12/site-packages/airflow/example_dags/example_dynamic_task_mapping.py
[2024-12-23T06:15:07.642+0700] {processor.py:914} INFO - Processing file /mnt/d/Project/airflow-news/venv/lib/python3.12/site-packages/airflow/example_dags/example_dynamic_task_mapping.py for tasks to queue
[2024-12-23T06:15:07.646+0700] {logging_mixin.py:190} INFO - [2024-12-23T06:15:07.644+0700] {dagbag.py:588} INFO - Filling up the DagBag from /mnt/d/Project/airflow-news/venv/lib/python3.12/site-packages/airflow/example_dags/example_dynamic_task_mapping.py
[2024-12-23T06:15:07.678+0700] {processor.py:925} INFO - DAG(s) 'example_dynamic_task_mapping' retrieved from /mnt/d/Project/airflow-news/venv/lib/python3.12/site-packages/airflow/example_dags/example_dynamic_task_mapping.py
[2024-12-23T06:15:07.722+0700] {logging_mixin.py:190} INFO - [2024-12-23T06:15:07.721+0700] {dag.py:3239} INFO - Sync 1 DAGs
[2024-12-23T06:15:07.740+0700] {logging_mixin.py:190} INFO - [2024-12-23T06:15:07.739+0700] {dag.py:4180} INFO - Setting next_dagrun for example_dynamic_task_mapping to None, run_after=None
[2024-12-23T06:15:07.812+0700] {processor.py:208} INFO - Processing /mnt/d/Project/airflow-news/venv/lib/python3.12/site-packages/airflow/example_dags/example_dynamic_task_mapping.py took 0.190 seconds
[2024-12-23T06:15:54.089+0700] {processor.py:186} INFO - Started process (PID=5202) to work on /mnt/d/Project/airflow-news/venv/lib/python3.12/site-packages/airflow/example_dags/example_dynamic_task_mapping.py
[2024-12-23T06:15:54.092+0700] {processor.py:914} INFO - Processing file /mnt/d/Project/airflow-news/venv/lib/python3.12/site-packages/airflow/example_dags/example_dynamic_task_mapping.py for tasks to queue
[2024-12-23T06:15:54.098+0700] {logging_mixin.py:190} INFO - [2024-12-23T06:15:54.096+0700] {dagbag.py:588} INFO - Filling up the DagBag from /mnt/d/Project/airflow-news/venv/lib/python3.12/site-packages/airflow/example_dags/example_dynamic_task_mapping.py
[2024-12-23T06:15:54.204+0700] {processor.py:925} INFO - DAG(s) 'example_dynamic_task_mapping' retrieved from /mnt/d/Project/airflow-news/venv/lib/python3.12/site-packages/airflow/example_dags/example_dynamic_task_mapping.py
[2024-12-23T06:15:54.251+0700] {logging_mixin.py:190} INFO - [2024-12-23T06:15:54.250+0700] {dag.py:3239} INFO - Sync 1 DAGs
[2024-12-23T06:15:54.276+0700] {logging_mixin.py:190} INFO - [2024-12-23T06:15:54.274+0700] {dag.py:4180} INFO - Setting next_dagrun for example_dynamic_task_mapping to None, run_after=None
[2024-12-23T06:15:54.381+0700] {processor.py:208} INFO - Processing /mnt/d/Project/airflow-news/venv/lib/python3.12/site-packages/airflow/example_dags/example_dynamic_task_mapping.py took 0.318 seconds
[2024-12-23T06:17:47.670+0700] {processor.py:186} INFO - Started process (PID=5510) to work on /mnt/d/Project/airflow-news/venv/lib/python3.12/site-packages/airflow/example_dags/example_dynamic_task_mapping.py
[2024-12-23T06:17:47.672+0700] {processor.py:914} INFO - Processing file /mnt/d/Project/airflow-news/venv/lib/python3.12/site-packages/airflow/example_dags/example_dynamic_task_mapping.py for tasks to queue
[2024-12-23T06:17:47.678+0700] {logging_mixin.py:190} INFO - [2024-12-23T06:17:47.676+0700] {dagbag.py:588} INFO - Filling up the DagBag from /mnt/d/Project/airflow-news/venv/lib/python3.12/site-packages/airflow/example_dags/example_dynamic_task_mapping.py
[2024-12-23T06:17:47.774+0700] {processor.py:925} INFO - DAG(s) 'example_dynamic_task_mapping' retrieved from /mnt/d/Project/airflow-news/venv/lib/python3.12/site-packages/airflow/example_dags/example_dynamic_task_mapping.py
[2024-12-23T06:17:47.819+0700] {logging_mixin.py:190} INFO - [2024-12-23T06:17:47.817+0700] {dag.py:3239} INFO - Sync 1 DAGs
[2024-12-23T06:17:47.844+0700] {logging_mixin.py:190} INFO - [2024-12-23T06:17:47.842+0700] {dag.py:4180} INFO - Setting next_dagrun for example_dynamic_task_mapping to None, run_after=None
[2024-12-23T06:17:47.938+0700] {processor.py:208} INFO - Processing /mnt/d/Project/airflow-news/venv/lib/python3.12/site-packages/airflow/example_dags/example_dynamic_task_mapping.py took 0.291 seconds
[2024-12-23T06:17:48.643+0700] {processor.py:186} INFO - Started process (PID=5512) to work on /mnt/d/Project/airflow-news/venv/lib/python3.12/site-packages/airflow/example_dags/example_dynamic_task_mapping.py
[2024-12-23T06:17:48.645+0700] {processor.py:914} INFO - Processing file /mnt/d/Project/airflow-news/venv/lib/python3.12/site-packages/airflow/example_dags/example_dynamic_task_mapping.py for tasks to queue
[2024-12-23T06:17:48.649+0700] {logging_mixin.py:190} INFO - [2024-12-23T06:17:48.648+0700] {dagbag.py:588} INFO - Filling up the DagBag from /mnt/d/Project/airflow-news/venv/lib/python3.12/site-packages/airflow/example_dags/example_dynamic_task_mapping.py
[2024-12-23T06:17:48.679+0700] {processor.py:925} INFO - DAG(s) 'example_dynamic_task_mapping' retrieved from /mnt/d/Project/airflow-news/venv/lib/python3.12/site-packages/airflow/example_dags/example_dynamic_task_mapping.py
[2024-12-23T06:17:48.720+0700] {logging_mixin.py:190} INFO - [2024-12-23T06:17:48.719+0700] {dag.py:3239} INFO - Sync 1 DAGs
[2024-12-23T06:17:48.740+0700] {logging_mixin.py:190} INFO - [2024-12-23T06:17:48.738+0700] {dag.py:4180} INFO - Setting next_dagrun for example_dynamic_task_mapping to None, run_after=None
[2024-12-23T06:17:48.818+0700] {processor.py:208} INFO - Processing /mnt/d/Project/airflow-news/venv/lib/python3.12/site-packages/airflow/example_dags/example_dynamic_task_mapping.py took 0.192 seconds
[2024-12-23T06:19:21.022+0700] {processor.py:186} INFO - Started process (PID=5781) to work on /mnt/d/Project/airflow-news/venv/lib/python3.12/site-packages/airflow/example_dags/example_dynamic_task_mapping.py
[2024-12-23T06:19:21.024+0700] {processor.py:914} INFO - Processing file /mnt/d/Project/airflow-news/venv/lib/python3.12/site-packages/airflow/example_dags/example_dynamic_task_mapping.py for tasks to queue
[2024-12-23T06:19:21.028+0700] {logging_mixin.py:190} INFO - [2024-12-23T06:19:21.026+0700] {dagbag.py:588} INFO - Filling up the DagBag from /mnt/d/Project/airflow-news/venv/lib/python3.12/site-packages/airflow/example_dags/example_dynamic_task_mapping.py
[2024-12-23T06:19:21.057+0700] {processor.py:925} INFO - DAG(s) 'example_dynamic_task_mapping' retrieved from /mnt/d/Project/airflow-news/venv/lib/python3.12/site-packages/airflow/example_dags/example_dynamic_task_mapping.py
[2024-12-23T06:19:21.093+0700] {logging_mixin.py:190} INFO - [2024-12-23T06:19:21.092+0700] {dag.py:3239} INFO - Sync 1 DAGs
[2024-12-23T06:19:21.114+0700] {logging_mixin.py:190} INFO - [2024-12-23T06:19:21.113+0700] {dag.py:4180} INFO - Setting next_dagrun for example_dynamic_task_mapping to None, run_after=None
[2024-12-23T06:19:21.204+0700] {processor.py:208} INFO - Processing /mnt/d/Project/airflow-news/venv/lib/python3.12/site-packages/airflow/example_dags/example_dynamic_task_mapping.py took 0.197 seconds
[2024-12-23T06:19:39.421+0700] {processor.py:186} INFO - Started process (PID=5839) to work on /mnt/d/Project/airflow-news/venv/lib/python3.12/site-packages/airflow/example_dags/example_dynamic_task_mapping.py
[2024-12-23T06:19:39.424+0700] {processor.py:914} INFO - Processing file /mnt/d/Project/airflow-news/venv/lib/python3.12/site-packages/airflow/example_dags/example_dynamic_task_mapping.py for tasks to queue
[2024-12-23T06:19:39.429+0700] {logging_mixin.py:190} INFO - [2024-12-23T06:19:39.428+0700] {dagbag.py:588} INFO - Filling up the DagBag from /mnt/d/Project/airflow-news/venv/lib/python3.12/site-packages/airflow/example_dags/example_dynamic_task_mapping.py
[2024-12-23T06:19:39.532+0700] {processor.py:925} INFO - DAG(s) 'example_dynamic_task_mapping' retrieved from /mnt/d/Project/airflow-news/venv/lib/python3.12/site-packages/airflow/example_dags/example_dynamic_task_mapping.py
[2024-12-23T06:19:39.574+0700] {logging_mixin.py:190} INFO - [2024-12-23T06:19:39.573+0700] {dag.py:3239} INFO - Sync 1 DAGs
[2024-12-23T06:19:39.600+0700] {logging_mixin.py:190} INFO - [2024-12-23T06:19:39.599+0700] {dag.py:4180} INFO - Setting next_dagrun for example_dynamic_task_mapping to None, run_after=None
[2024-12-23T06:19:39.680+0700] {processor.py:208} INFO - Processing /mnt/d/Project/airflow-news/venv/lib/python3.12/site-packages/airflow/example_dags/example_dynamic_task_mapping.py took 0.280 seconds
[2024-12-23T06:20:46.184+0700] {processor.py:186} INFO - Started process (PID=6024) to work on /mnt/d/Project/airflow-news/venv/lib/python3.12/site-packages/airflow/example_dags/example_dynamic_task_mapping.py
[2024-12-23T06:20:46.187+0700] {processor.py:914} INFO - Processing file /mnt/d/Project/airflow-news/venv/lib/python3.12/site-packages/airflow/example_dags/example_dynamic_task_mapping.py for tasks to queue
[2024-12-23T06:20:46.191+0700] {logging_mixin.py:190} INFO - [2024-12-23T06:20:46.189+0700] {dagbag.py:588} INFO - Filling up the DagBag from /mnt/d/Project/airflow-news/venv/lib/python3.12/site-packages/airflow/example_dags/example_dynamic_task_mapping.py
[2024-12-23T06:20:46.224+0700] {processor.py:925} INFO - DAG(s) 'example_dynamic_task_mapping' retrieved from /mnt/d/Project/airflow-news/venv/lib/python3.12/site-packages/airflow/example_dags/example_dynamic_task_mapping.py
[2024-12-23T06:20:46.265+0700] {logging_mixin.py:190} INFO - [2024-12-23T06:20:46.264+0700] {dag.py:3239} INFO - Sync 1 DAGs
[2024-12-23T06:20:46.286+0700] {logging_mixin.py:190} INFO - [2024-12-23T06:20:46.285+0700] {dag.py:4180} INFO - Setting next_dagrun for example_dynamic_task_mapping to None, run_after=None
[2024-12-23T06:20:46.382+0700] {processor.py:208} INFO - Processing /mnt/d/Project/airflow-news/venv/lib/python3.12/site-packages/airflow/example_dags/example_dynamic_task_mapping.py took 0.219 seconds
[2024-12-23T06:21:35.625+0700] {processor.py:186} INFO - Started process (PID=6148) to work on /mnt/d/Project/airflow-news/venv/lib/python3.12/site-packages/airflow/example_dags/example_dynamic_task_mapping.py
[2024-12-23T06:21:35.628+0700] {processor.py:914} INFO - Processing file /mnt/d/Project/airflow-news/venv/lib/python3.12/site-packages/airflow/example_dags/example_dynamic_task_mapping.py for tasks to queue
[2024-12-23T06:21:35.636+0700] {logging_mixin.py:190} INFO - [2024-12-23T06:21:35.634+0700] {dagbag.py:588} INFO - Filling up the DagBag from /mnt/d/Project/airflow-news/venv/lib/python3.12/site-packages/airflow/example_dags/example_dynamic_task_mapping.py
[2024-12-23T06:21:35.752+0700] {processor.py:925} INFO - DAG(s) 'example_dynamic_task_mapping' retrieved from /mnt/d/Project/airflow-news/venv/lib/python3.12/site-packages/airflow/example_dags/example_dynamic_task_mapping.py
[2024-12-23T06:21:35.791+0700] {logging_mixin.py:190} INFO - [2024-12-23T06:21:35.790+0700] {dag.py:3239} INFO - Sync 1 DAGs
[2024-12-23T06:21:35.813+0700] {logging_mixin.py:190} INFO - [2024-12-23T06:21:35.812+0700] {dag.py:4180} INFO - Setting next_dagrun for example_dynamic_task_mapping to None, run_after=None
[2024-12-23T06:21:35.900+0700] {processor.py:208} INFO - Processing /mnt/d/Project/airflow-news/venv/lib/python3.12/site-packages/airflow/example_dags/example_dynamic_task_mapping.py took 0.300 seconds
[2024-12-23T06:23:08.925+0700] {processor.py:186} INFO - Started process (PID=6423) to work on /mnt/d/Project/airflow-news/venv/lib/python3.12/site-packages/airflow/example_dags/example_dynamic_task_mapping.py
[2024-12-23T06:23:08.928+0700] {processor.py:914} INFO - Processing file /mnt/d/Project/airflow-news/venv/lib/python3.12/site-packages/airflow/example_dags/example_dynamic_task_mapping.py for tasks to queue
[2024-12-23T06:23:08.935+0700] {logging_mixin.py:190} INFO - [2024-12-23T06:23:08.934+0700] {dagbag.py:588} INFO - Filling up the DagBag from /mnt/d/Project/airflow-news/venv/lib/python3.12/site-packages/airflow/example_dags/example_dynamic_task_mapping.py
[2024-12-23T06:23:09.043+0700] {processor.py:925} INFO - DAG(s) 'example_dynamic_task_mapping' retrieved from /mnt/d/Project/airflow-news/venv/lib/python3.12/site-packages/airflow/example_dags/example_dynamic_task_mapping.py
[2024-12-23T06:23:09.104+0700] {logging_mixin.py:190} INFO - [2024-12-23T06:23:09.102+0700] {dag.py:3239} INFO - Sync 1 DAGs
[2024-12-23T06:23:09.141+0700] {logging_mixin.py:190} INFO - [2024-12-23T06:23:09.139+0700] {dag.py:4180} INFO - Setting next_dagrun for example_dynamic_task_mapping to None, run_after=None
[2024-12-23T06:23:09.255+0700] {processor.py:208} INFO - Processing /mnt/d/Project/airflow-news/venv/lib/python3.12/site-packages/airflow/example_dags/example_dynamic_task_mapping.py took 0.351 seconds
[2024-12-23T06:23:38.589+0700] {processor.py:186} INFO - Started process (PID=6498) to work on /mnt/d/Project/airflow-news/venv/lib/python3.12/site-packages/airflow/example_dags/example_dynamic_task_mapping.py
[2024-12-23T06:23:38.591+0700] {processor.py:914} INFO - Processing file /mnt/d/Project/airflow-news/venv/lib/python3.12/site-packages/airflow/example_dags/example_dynamic_task_mapping.py for tasks to queue
[2024-12-23T06:23:38.596+0700] {logging_mixin.py:190} INFO - [2024-12-23T06:23:38.595+0700] {dagbag.py:588} INFO - Filling up the DagBag from /mnt/d/Project/airflow-news/venv/lib/python3.12/site-packages/airflow/example_dags/example_dynamic_task_mapping.py
[2024-12-23T06:23:38.693+0700] {processor.py:925} INFO - DAG(s) 'example_dynamic_task_mapping' retrieved from /mnt/d/Project/airflow-news/venv/lib/python3.12/site-packages/airflow/example_dags/example_dynamic_task_mapping.py
[2024-12-23T06:23:38.735+0700] {logging_mixin.py:190} INFO - [2024-12-23T06:23:38.734+0700] {dag.py:3239} INFO - Sync 1 DAGs
[2024-12-23T06:23:38.758+0700] {logging_mixin.py:190} INFO - [2024-12-23T06:23:38.756+0700] {dag.py:4180} INFO - Setting next_dagrun for example_dynamic_task_mapping to None, run_after=None
[2024-12-23T06:23:38.838+0700] {processor.py:208} INFO - Processing /mnt/d/Project/airflow-news/venv/lib/python3.12/site-packages/airflow/example_dags/example_dynamic_task_mapping.py took 0.272 seconds
[2024-12-23T06:24:44.593+0700] {processor.py:186} INFO - Started process (PID=6711) to work on /mnt/d/Project/airflow-news/venv/lib/python3.12/site-packages/airflow/example_dags/example_dynamic_task_mapping.py
[2024-12-23T06:24:44.595+0700] {processor.py:914} INFO - Processing file /mnt/d/Project/airflow-news/venv/lib/python3.12/site-packages/airflow/example_dags/example_dynamic_task_mapping.py for tasks to queue
[2024-12-23T06:24:44.601+0700] {logging_mixin.py:190} INFO - [2024-12-23T06:24:44.599+0700] {dagbag.py:588} INFO - Filling up the DagBag from /mnt/d/Project/airflow-news/venv/lib/python3.12/site-packages/airflow/example_dags/example_dynamic_task_mapping.py
[2024-12-23T06:24:44.695+0700] {processor.py:925} INFO - DAG(s) 'example_dynamic_task_mapping' retrieved from /mnt/d/Project/airflow-news/venv/lib/python3.12/site-packages/airflow/example_dags/example_dynamic_task_mapping.py
[2024-12-23T06:24:44.731+0700] {logging_mixin.py:190} INFO - [2024-12-23T06:24:44.730+0700] {dag.py:3239} INFO - Sync 1 DAGs
[2024-12-23T06:24:44.750+0700] {logging_mixin.py:190} INFO - [2024-12-23T06:24:44.748+0700] {dag.py:4180} INFO - Setting next_dagrun for example_dynamic_task_mapping to None, run_after=None
[2024-12-23T06:24:44.818+0700] {processor.py:208} INFO - Processing /mnt/d/Project/airflow-news/venv/lib/python3.12/site-packages/airflow/example_dags/example_dynamic_task_mapping.py took 0.240 seconds
[2024-12-23T06:25:24.348+0700] {processor.py:186} INFO - Started process (PID=6847) to work on /mnt/d/Project/airflow-news/venv/lib/python3.12/site-packages/airflow/example_dags/example_dynamic_task_mapping.py
[2024-12-23T06:25:24.351+0700] {processor.py:914} INFO - Processing file /mnt/d/Project/airflow-news/venv/lib/python3.12/site-packages/airflow/example_dags/example_dynamic_task_mapping.py for tasks to queue
[2024-12-23T06:25:24.355+0700] {logging_mixin.py:190} INFO - [2024-12-23T06:25:24.354+0700] {dagbag.py:588} INFO - Filling up the DagBag from /mnt/d/Project/airflow-news/venv/lib/python3.12/site-packages/airflow/example_dags/example_dynamic_task_mapping.py
[2024-12-23T06:25:24.446+0700] {processor.py:925} INFO - DAG(s) 'example_dynamic_task_mapping' retrieved from /mnt/d/Project/airflow-news/venv/lib/python3.12/site-packages/airflow/example_dags/example_dynamic_task_mapping.py
[2024-12-23T06:25:24.479+0700] {logging_mixin.py:190} INFO - [2024-12-23T06:25:24.478+0700] {dag.py:3239} INFO - Sync 1 DAGs
[2024-12-23T06:25:24.500+0700] {logging_mixin.py:190} INFO - [2024-12-23T06:25:24.498+0700] {dag.py:4180} INFO - Setting next_dagrun for example_dynamic_task_mapping to None, run_after=None
[2024-12-23T06:25:24.577+0700] {processor.py:208} INFO - Processing /mnt/d/Project/airflow-news/venv/lib/python3.12/site-packages/airflow/example_dags/example_dynamic_task_mapping.py took 0.253 seconds
[2024-12-23T06:26:15.694+0700] {processor.py:186} INFO - Started process (PID=7004) to work on /mnt/d/Project/airflow-news/venv/lib/python3.12/site-packages/airflow/example_dags/example_dynamic_task_mapping.py
[2024-12-23T06:26:15.696+0700] {processor.py:914} INFO - Processing file /mnt/d/Project/airflow-news/venv/lib/python3.12/site-packages/airflow/example_dags/example_dynamic_task_mapping.py for tasks to queue
[2024-12-23T06:26:15.701+0700] {logging_mixin.py:190} INFO - [2024-12-23T06:26:15.699+0700] {dagbag.py:588} INFO - Filling up the DagBag from /mnt/d/Project/airflow-news/venv/lib/python3.12/site-packages/airflow/example_dags/example_dynamic_task_mapping.py
[2024-12-23T06:26:15.793+0700] {processor.py:925} INFO - DAG(s) 'example_dynamic_task_mapping' retrieved from /mnt/d/Project/airflow-news/venv/lib/python3.12/site-packages/airflow/example_dags/example_dynamic_task_mapping.py
[2024-12-23T06:26:15.830+0700] {logging_mixin.py:190} INFO - [2024-12-23T06:26:15.828+0700] {dag.py:3239} INFO - Sync 1 DAGs
[2024-12-23T06:26:15.850+0700] {logging_mixin.py:190} INFO - [2024-12-23T06:26:15.849+0700] {dag.py:4180} INFO - Setting next_dagrun for example_dynamic_task_mapping to None, run_after=None
[2024-12-23T06:26:15.926+0700] {processor.py:208} INFO - Processing /mnt/d/Project/airflow-news/venv/lib/python3.12/site-packages/airflow/example_dags/example_dynamic_task_mapping.py took 0.248 seconds
[2024-12-23T06:27:10.919+0700] {processor.py:186} INFO - Started process (PID=7163) to work on /mnt/d/Project/airflow-news/venv/lib/python3.12/site-packages/airflow/example_dags/example_dynamic_task_mapping.py
[2024-12-23T06:27:10.921+0700] {processor.py:914} INFO - Processing file /mnt/d/Project/airflow-news/venv/lib/python3.12/site-packages/airflow/example_dags/example_dynamic_task_mapping.py for tasks to queue
[2024-12-23T06:27:10.929+0700] {logging_mixin.py:190} INFO - [2024-12-23T06:27:10.927+0700] {dagbag.py:588} INFO - Filling up the DagBag from /mnt/d/Project/airflow-news/venv/lib/python3.12/site-packages/airflow/example_dags/example_dynamic_task_mapping.py
[2024-12-23T06:27:11.019+0700] {processor.py:925} INFO - DAG(s) 'example_dynamic_task_mapping' retrieved from /mnt/d/Project/airflow-news/venv/lib/python3.12/site-packages/airflow/example_dags/example_dynamic_task_mapping.py
[2024-12-23T06:27:11.056+0700] {logging_mixin.py:190} INFO - [2024-12-23T06:27:11.055+0700] {dag.py:3239} INFO - Sync 1 DAGs
[2024-12-23T06:27:11.076+0700] {logging_mixin.py:190} INFO - [2024-12-23T06:27:11.074+0700] {dag.py:4180} INFO - Setting next_dagrun for example_dynamic_task_mapping to None, run_after=None
[2024-12-23T06:27:11.147+0700] {processor.py:208} INFO - Processing /mnt/d/Project/airflow-news/venv/lib/python3.12/site-packages/airflow/example_dags/example_dynamic_task_mapping.py took 0.251 seconds
[2024-12-23T06:27:51.136+0700] {processor.py:186} INFO - Started process (PID=7282) to work on /mnt/d/Project/airflow-news/venv/lib/python3.12/site-packages/airflow/example_dags/example_dynamic_task_mapping.py
[2024-12-23T06:27:51.139+0700] {processor.py:914} INFO - Processing file /mnt/d/Project/airflow-news/venv/lib/python3.12/site-packages/airflow/example_dags/example_dynamic_task_mapping.py for tasks to queue
[2024-12-23T06:27:51.144+0700] {logging_mixin.py:190} INFO - [2024-12-23T06:27:51.142+0700] {dagbag.py:588} INFO - Filling up the DagBag from /mnt/d/Project/airflow-news/venv/lib/python3.12/site-packages/airflow/example_dags/example_dynamic_task_mapping.py
[2024-12-23T06:27:51.229+0700] {processor.py:925} INFO - DAG(s) 'example_dynamic_task_mapping' retrieved from /mnt/d/Project/airflow-news/venv/lib/python3.12/site-packages/airflow/example_dags/example_dynamic_task_mapping.py
[2024-12-23T06:27:51.264+0700] {logging_mixin.py:190} INFO - [2024-12-23T06:27:51.263+0700] {dag.py:3239} INFO - Sync 1 DAGs
[2024-12-23T06:27:51.283+0700] {logging_mixin.py:190} INFO - [2024-12-23T06:27:51.281+0700] {dag.py:4180} INFO - Setting next_dagrun for example_dynamic_task_mapping to None, run_after=None
[2024-12-23T06:27:51.356+0700] {processor.py:208} INFO - Processing /mnt/d/Project/airflow-news/venv/lib/python3.12/site-packages/airflow/example_dags/example_dynamic_task_mapping.py took 0.235 seconds
[2024-12-23T06:28:58.143+0700] {processor.py:186} INFO - Started process (PID=7479) to work on /mnt/d/Project/airflow-news/venv/lib/python3.12/site-packages/airflow/example_dags/example_dynamic_task_mapping.py
[2024-12-23T06:28:58.145+0700] {processor.py:914} INFO - Processing file /mnt/d/Project/airflow-news/venv/lib/python3.12/site-packages/airflow/example_dags/example_dynamic_task_mapping.py for tasks to queue
[2024-12-23T06:28:58.150+0700] {logging_mixin.py:190} INFO - [2024-12-23T06:28:58.149+0700] {dagbag.py:588} INFO - Filling up the DagBag from /mnt/d/Project/airflow-news/venv/lib/python3.12/site-packages/airflow/example_dags/example_dynamic_task_mapping.py
[2024-12-23T06:28:58.198+0700] {processor.py:925} INFO - DAG(s) 'example_dynamic_task_mapping' retrieved from /mnt/d/Project/airflow-news/venv/lib/python3.12/site-packages/airflow/example_dags/example_dynamic_task_mapping.py
[2024-12-23T06:28:58.233+0700] {logging_mixin.py:190} INFO - [2024-12-23T06:28:58.231+0700] {dag.py:3239} INFO - Sync 1 DAGs
[2024-12-23T06:28:58.252+0700] {logging_mixin.py:190} INFO - [2024-12-23T06:28:58.250+0700] {dag.py:4180} INFO - Setting next_dagrun for example_dynamic_task_mapping to None, run_after=None
[2024-12-23T06:28:58.331+0700] {processor.py:208} INFO - Processing /mnt/d/Project/airflow-news/venv/lib/python3.12/site-packages/airflow/example_dags/example_dynamic_task_mapping.py took 0.212 seconds
[2024-12-23T06:29:25.074+0700] {processor.py:186} INFO - Started process (PID=7554) to work on /mnt/d/Project/airflow-news/venv/lib/python3.12/site-packages/airflow/example_dags/example_dynamic_task_mapping.py
[2024-12-23T06:29:25.076+0700] {processor.py:914} INFO - Processing file /mnt/d/Project/airflow-news/venv/lib/python3.12/site-packages/airflow/example_dags/example_dynamic_task_mapping.py for tasks to queue
[2024-12-23T06:29:25.082+0700] {logging_mixin.py:190} INFO - [2024-12-23T06:29:25.080+0700] {dagbag.py:588} INFO - Filling up the DagBag from /mnt/d/Project/airflow-news/venv/lib/python3.12/site-packages/airflow/example_dags/example_dynamic_task_mapping.py
[2024-12-23T06:29:25.176+0700] {processor.py:925} INFO - DAG(s) 'example_dynamic_task_mapping' retrieved from /mnt/d/Project/airflow-news/venv/lib/python3.12/site-packages/airflow/example_dags/example_dynamic_task_mapping.py
[2024-12-23T06:29:25.218+0700] {logging_mixin.py:190} INFO - [2024-12-23T06:29:25.217+0700] {dag.py:3239} INFO - Sync 1 DAGs
[2024-12-23T06:29:25.240+0700] {logging_mixin.py:190} INFO - [2024-12-23T06:29:25.239+0700] {dag.py:4180} INFO - Setting next_dagrun for example_dynamic_task_mapping to None, run_after=None
[2024-12-23T06:29:25.322+0700] {processor.py:208} INFO - Processing /mnt/d/Project/airflow-news/venv/lib/python3.12/site-packages/airflow/example_dags/example_dynamic_task_mapping.py took 0.264 seconds
[2024-12-23T06:30:44.856+0700] {processor.py:186} INFO - Started process (PID=7796) to work on /mnt/d/Project/airflow-news/venv/lib/python3.12/site-packages/airflow/example_dags/example_dynamic_task_mapping.py
[2024-12-23T06:30:44.859+0700] {processor.py:914} INFO - Processing file /mnt/d/Project/airflow-news/venv/lib/python3.12/site-packages/airflow/example_dags/example_dynamic_task_mapping.py for tasks to queue
[2024-12-23T06:30:44.863+0700] {logging_mixin.py:190} INFO - [2024-12-23T06:30:44.862+0700] {dagbag.py:588} INFO - Filling up the DagBag from /mnt/d/Project/airflow-news/venv/lib/python3.12/site-packages/airflow/example_dags/example_dynamic_task_mapping.py
[2024-12-23T06:30:44.949+0700] {processor.py:925} INFO - DAG(s) 'example_dynamic_task_mapping' retrieved from /mnt/d/Project/airflow-news/venv/lib/python3.12/site-packages/airflow/example_dags/example_dynamic_task_mapping.py
[2024-12-23T06:30:44.983+0700] {logging_mixin.py:190} INFO - [2024-12-23T06:30:44.981+0700] {dag.py:3239} INFO - Sync 1 DAGs
[2024-12-23T06:30:45.003+0700] {logging_mixin.py:190} INFO - [2024-12-23T06:30:45.001+0700] {dag.py:4180} INFO - Setting next_dagrun for example_dynamic_task_mapping to None, run_after=None
[2024-12-23T06:30:45.068+0700] {processor.py:208} INFO - Processing /mnt/d/Project/airflow-news/venv/lib/python3.12/site-packages/airflow/example_dags/example_dynamic_task_mapping.py took 0.232 seconds
[2024-12-23T06:30:52.805+0700] {processor.py:186} INFO - Started process (PID=7813) to work on /mnt/d/Project/airflow-news/venv/lib/python3.12/site-packages/airflow/example_dags/example_dynamic_task_mapping.py
[2024-12-23T06:30:52.807+0700] {processor.py:914} INFO - Processing file /mnt/d/Project/airflow-news/venv/lib/python3.12/site-packages/airflow/example_dags/example_dynamic_task_mapping.py for tasks to queue
[2024-12-23T06:30:52.811+0700] {logging_mixin.py:190} INFO - [2024-12-23T06:30:52.810+0700] {dagbag.py:588} INFO - Filling up the DagBag from /mnt/d/Project/airflow-news/venv/lib/python3.12/site-packages/airflow/example_dags/example_dynamic_task_mapping.py
[2024-12-23T06:30:52.902+0700] {processor.py:925} INFO - DAG(s) 'example_dynamic_task_mapping' retrieved from /mnt/d/Project/airflow-news/venv/lib/python3.12/site-packages/airflow/example_dags/example_dynamic_task_mapping.py
[2024-12-23T06:30:52.936+0700] {logging_mixin.py:190} INFO - [2024-12-23T06:30:52.935+0700] {dag.py:3239} INFO - Sync 1 DAGs
[2024-12-23T06:30:52.954+0700] {logging_mixin.py:190} INFO - [2024-12-23T06:30:52.953+0700] {dag.py:4180} INFO - Setting next_dagrun for example_dynamic_task_mapping to None, run_after=None
[2024-12-23T06:30:53.026+0700] {processor.py:208} INFO - Processing /mnt/d/Project/airflow-news/venv/lib/python3.12/site-packages/airflow/example_dags/example_dynamic_task_mapping.py took 0.235 seconds
[2024-12-23T06:32:27.067+0700] {processor.py:186} INFO - Started process (PID=8098) to work on /mnt/d/Project/airflow-news/venv/lib/python3.12/site-packages/airflow/example_dags/example_dynamic_task_mapping.py
[2024-12-23T06:32:27.071+0700] {processor.py:914} INFO - Processing file /mnt/d/Project/airflow-news/venv/lib/python3.12/site-packages/airflow/example_dags/example_dynamic_task_mapping.py for tasks to queue
[2024-12-23T06:32:27.078+0700] {logging_mixin.py:190} INFO - [2024-12-23T06:32:27.076+0700] {dagbag.py:588} INFO - Filling up the DagBag from /mnt/d/Project/airflow-news/venv/lib/python3.12/site-packages/airflow/example_dags/example_dynamic_task_mapping.py
[2024-12-23T06:32:27.174+0700] {processor.py:925} INFO - DAG(s) 'example_dynamic_task_mapping' retrieved from /mnt/d/Project/airflow-news/venv/lib/python3.12/site-packages/airflow/example_dags/example_dynamic_task_mapping.py
[2024-12-23T06:32:27.211+0700] {logging_mixin.py:190} INFO - [2024-12-23T06:32:27.210+0700] {dag.py:3239} INFO - Sync 1 DAGs
[2024-12-23T06:32:27.237+0700] {logging_mixin.py:190} INFO - [2024-12-23T06:32:27.235+0700] {dag.py:4180} INFO - Setting next_dagrun for example_dynamic_task_mapping to None, run_after=None
[2024-12-23T06:32:27.318+0700] {processor.py:208} INFO - Processing /mnt/d/Project/airflow-news/venv/lib/python3.12/site-packages/airflow/example_dags/example_dynamic_task_mapping.py took 0.273 seconds
[2024-12-23T06:32:35.030+0700] {processor.py:186} INFO - Started process (PID=8127) to work on /mnt/d/Project/airflow-news/venv/lib/python3.12/site-packages/airflow/example_dags/example_dynamic_task_mapping.py
[2024-12-23T06:32:35.033+0700] {processor.py:914} INFO - Processing file /mnt/d/Project/airflow-news/venv/lib/python3.12/site-packages/airflow/example_dags/example_dynamic_task_mapping.py for tasks to queue
[2024-12-23T06:32:35.038+0700] {logging_mixin.py:190} INFO - [2024-12-23T06:32:35.037+0700] {dagbag.py:588} INFO - Filling up the DagBag from /mnt/d/Project/airflow-news/venv/lib/python3.12/site-packages/airflow/example_dags/example_dynamic_task_mapping.py
[2024-12-23T06:32:35.152+0700] {processor.py:925} INFO - DAG(s) 'example_dynamic_task_mapping' retrieved from /mnt/d/Project/airflow-news/venv/lib/python3.12/site-packages/airflow/example_dags/example_dynamic_task_mapping.py
[2024-12-23T06:32:35.197+0700] {logging_mixin.py:190} INFO - [2024-12-23T06:32:35.195+0700] {dag.py:3239} INFO - Sync 1 DAGs
[2024-12-23T06:32:35.223+0700] {logging_mixin.py:190} INFO - [2024-12-23T06:32:35.221+0700] {dag.py:4180} INFO - Setting next_dagrun for example_dynamic_task_mapping to None, run_after=None
[2024-12-23T06:32:35.316+0700] {processor.py:208} INFO - Processing /mnt/d/Project/airflow-news/venv/lib/python3.12/site-packages/airflow/example_dags/example_dynamic_task_mapping.py took 0.314 seconds
[2024-12-23T06:34:01.896+0700] {processor.py:186} INFO - Started process (PID=8393) to work on /mnt/d/Project/airflow-news/venv/lib/python3.12/site-packages/airflow/example_dags/example_dynamic_task_mapping.py
[2024-12-23T06:34:01.898+0700] {processor.py:914} INFO - Processing file /mnt/d/Project/airflow-news/venv/lib/python3.12/site-packages/airflow/example_dags/example_dynamic_task_mapping.py for tasks to queue
[2024-12-23T06:34:01.903+0700] {logging_mixin.py:190} INFO - [2024-12-23T06:34:01.901+0700] {dagbag.py:588} INFO - Filling up the DagBag from /mnt/d/Project/airflow-news/venv/lib/python3.12/site-packages/airflow/example_dags/example_dynamic_task_mapping.py
[2024-12-23T06:34:01.990+0700] {processor.py:925} INFO - DAG(s) 'example_dynamic_task_mapping' retrieved from /mnt/d/Project/airflow-news/venv/lib/python3.12/site-packages/airflow/example_dags/example_dynamic_task_mapping.py
[2024-12-23T06:34:02.024+0700] {logging_mixin.py:190} INFO - [2024-12-23T06:34:02.023+0700] {dag.py:3239} INFO - Sync 1 DAGs
[2024-12-23T06:34:02.043+0700] {logging_mixin.py:190} INFO - [2024-12-23T06:34:02.041+0700] {dag.py:4180} INFO - Setting next_dagrun for example_dynamic_task_mapping to None, run_after=None
[2024-12-23T06:34:02.116+0700] {processor.py:208} INFO - Processing /mnt/d/Project/airflow-news/venv/lib/python3.12/site-packages/airflow/example_dags/example_dynamic_task_mapping.py took 0.235 seconds
[2024-12-23T06:34:20.603+0700] {processor.py:186} INFO - Started process (PID=8440) to work on /mnt/d/Project/airflow-news/venv/lib/python3.12/site-packages/airflow/example_dags/example_dynamic_task_mapping.py
[2024-12-23T06:34:20.605+0700] {processor.py:914} INFO - Processing file /mnt/d/Project/airflow-news/venv/lib/python3.12/site-packages/airflow/example_dags/example_dynamic_task_mapping.py for tasks to queue
[2024-12-23T06:34:20.610+0700] {logging_mixin.py:190} INFO - [2024-12-23T06:34:20.608+0700] {dagbag.py:588} INFO - Filling up the DagBag from /mnt/d/Project/airflow-news/venv/lib/python3.12/site-packages/airflow/example_dags/example_dynamic_task_mapping.py
[2024-12-23T06:34:20.705+0700] {processor.py:925} INFO - DAG(s) 'example_dynamic_task_mapping' retrieved from /mnt/d/Project/airflow-news/venv/lib/python3.12/site-packages/airflow/example_dags/example_dynamic_task_mapping.py
[2024-12-23T06:34:20.745+0700] {logging_mixin.py:190} INFO - [2024-12-23T06:34:20.744+0700] {dag.py:3239} INFO - Sync 1 DAGs
[2024-12-23T06:34:20.764+0700] {logging_mixin.py:190} INFO - [2024-12-23T06:34:20.762+0700] {dag.py:4180} INFO - Setting next_dagrun for example_dynamic_task_mapping to None, run_after=None
[2024-12-23T06:34:20.842+0700] {processor.py:208} INFO - Processing /mnt/d/Project/airflow-news/venv/lib/python3.12/site-packages/airflow/example_dags/example_dynamic_task_mapping.py took 0.260 seconds
[2024-12-23T06:36:47.199+0700] {processor.py:186} INFO - Started process (PID=8866) to work on /mnt/d/Project/airflow-news/venv/lib/python3.12/site-packages/airflow/example_dags/example_dynamic_task_mapping.py
[2024-12-23T06:36:47.201+0700] {processor.py:914} INFO - Processing file /mnt/d/Project/airflow-news/venv/lib/python3.12/site-packages/airflow/example_dags/example_dynamic_task_mapping.py for tasks to queue
[2024-12-23T06:36:47.205+0700] {logging_mixin.py:190} INFO - [2024-12-23T06:36:47.204+0700] {dagbag.py:588} INFO - Filling up the DagBag from /mnt/d/Project/airflow-news/venv/lib/python3.12/site-packages/airflow/example_dags/example_dynamic_task_mapping.py
[2024-12-23T06:36:47.280+0700] {processor.py:925} INFO - DAG(s) 'example_dynamic_task_mapping' retrieved from /mnt/d/Project/airflow-news/venv/lib/python3.12/site-packages/airflow/example_dags/example_dynamic_task_mapping.py
[2024-12-23T06:36:47.314+0700] {logging_mixin.py:190} INFO - [2024-12-23T06:36:47.313+0700] {dag.py:3239} INFO - Sync 1 DAGs
[2024-12-23T06:36:47.333+0700] {logging_mixin.py:190} INFO - [2024-12-23T06:36:47.331+0700] {dag.py:4180} INFO - Setting next_dagrun for example_dynamic_task_mapping to None, run_after=None
[2024-12-23T06:36:47.432+0700] {processor.py:208} INFO - Processing /mnt/d/Project/airflow-news/venv/lib/python3.12/site-packages/airflow/example_dags/example_dynamic_task_mapping.py took 0.255 seconds
[2024-12-23T06:37:05.085+0700] {processor.py:186} INFO - Started process (PID=8912) to work on /mnt/d/Project/airflow-news/venv/lib/python3.12/site-packages/airflow/example_dags/example_dynamic_task_mapping.py
[2024-12-23T06:37:05.087+0700] {processor.py:914} INFO - Processing file /mnt/d/Project/airflow-news/venv/lib/python3.12/site-packages/airflow/example_dags/example_dynamic_task_mapping.py for tasks to queue
[2024-12-23T06:37:05.092+0700] {logging_mixin.py:190} INFO - [2024-12-23T06:37:05.091+0700] {dagbag.py:588} INFO - Filling up the DagBag from /mnt/d/Project/airflow-news/venv/lib/python3.12/site-packages/airflow/example_dags/example_dynamic_task_mapping.py
[2024-12-23T06:37:05.180+0700] {processor.py:925} INFO - DAG(s) 'example_dynamic_task_mapping' retrieved from /mnt/d/Project/airflow-news/venv/lib/python3.12/site-packages/airflow/example_dags/example_dynamic_task_mapping.py
[2024-12-23T06:37:05.220+0700] {logging_mixin.py:190} INFO - [2024-12-23T06:37:05.219+0700] {dag.py:3239} INFO - Sync 1 DAGs
[2024-12-23T06:37:05.240+0700] {logging_mixin.py:190} INFO - [2024-12-23T06:37:05.239+0700] {dag.py:4180} INFO - Setting next_dagrun for example_dynamic_task_mapping to None, run_after=None
[2024-12-23T06:37:05.311+0700] {processor.py:208} INFO - Processing /mnt/d/Project/airflow-news/venv/lib/python3.12/site-packages/airflow/example_dags/example_dynamic_task_mapping.py took 0.244 seconds
[2024-12-23T06:38:41.073+0700] {processor.py:186} INFO - Started process (PID=9257) to work on /mnt/d/Project/airflow-news/venv/lib/python3.12/site-packages/airflow/example_dags/example_dynamic_task_mapping.py
[2024-12-23T06:38:41.078+0700] {processor.py:914} INFO - Processing file /mnt/d/Project/airflow-news/venv/lib/python3.12/site-packages/airflow/example_dags/example_dynamic_task_mapping.py for tasks to queue
[2024-12-23T06:38:41.090+0700] {logging_mixin.py:190} INFO - [2024-12-23T06:38:41.087+0700] {dagbag.py:588} INFO - Filling up the DagBag from /mnt/d/Project/airflow-news/venv/lib/python3.12/site-packages/airflow/example_dags/example_dynamic_task_mapping.py
[2024-12-23T06:38:41.291+0700] {processor.py:925} INFO - DAG(s) 'example_dynamic_task_mapping' retrieved from /mnt/d/Project/airflow-news/venv/lib/python3.12/site-packages/airflow/example_dags/example_dynamic_task_mapping.py
[2024-12-23T06:38:41.372+0700] {logging_mixin.py:190} INFO - [2024-12-23T06:38:41.370+0700] {dag.py:3239} INFO - Sync 1 DAGs
[2024-12-23T06:38:41.418+0700] {logging_mixin.py:190} INFO - [2024-12-23T06:38:41.415+0700] {dag.py:4180} INFO - Setting next_dagrun for example_dynamic_task_mapping to None, run_after=None
[2024-12-23T06:38:41.568+0700] {processor.py:208} INFO - Processing /mnt/d/Project/airflow-news/venv/lib/python3.12/site-packages/airflow/example_dags/example_dynamic_task_mapping.py took 0.543 seconds
[2024-12-23T06:38:49.731+0700] {processor.py:186} INFO - Started process (PID=9276) to work on /mnt/d/Project/airflow-news/venv/lib/python3.12/site-packages/airflow/example_dags/example_dynamic_task_mapping.py
[2024-12-23T06:38:49.734+0700] {processor.py:914} INFO - Processing file /mnt/d/Project/airflow-news/venv/lib/python3.12/site-packages/airflow/example_dags/example_dynamic_task_mapping.py for tasks to queue
[2024-12-23T06:38:49.741+0700] {logging_mixin.py:190} INFO - [2024-12-23T06:38:49.739+0700] {dagbag.py:588} INFO - Filling up the DagBag from /mnt/d/Project/airflow-news/venv/lib/python3.12/site-packages/airflow/example_dags/example_dynamic_task_mapping.py
[2024-12-23T06:38:49.865+0700] {processor.py:925} INFO - DAG(s) 'example_dynamic_task_mapping' retrieved from /mnt/d/Project/airflow-news/venv/lib/python3.12/site-packages/airflow/example_dags/example_dynamic_task_mapping.py
[2024-12-23T06:38:49.915+0700] {logging_mixin.py:190} INFO - [2024-12-23T06:38:49.913+0700] {dag.py:3239} INFO - Sync 1 DAGs
[2024-12-23T06:38:49.942+0700] {logging_mixin.py:190} INFO - [2024-12-23T06:38:49.940+0700] {dag.py:4180} INFO - Setting next_dagrun for example_dynamic_task_mapping to None, run_after=None
[2024-12-23T06:38:50.040+0700] {processor.py:208} INFO - Processing /mnt/d/Project/airflow-news/venv/lib/python3.12/site-packages/airflow/example_dags/example_dynamic_task_mapping.py took 0.338 seconds
[2024-12-23T06:40:49.070+0700] {processor.py:186} INFO - Started process (PID=9602) to work on /mnt/d/Project/airflow-news/venv/lib/python3.12/site-packages/airflow/example_dags/example_dynamic_task_mapping.py
[2024-12-23T06:40:49.073+0700] {processor.py:914} INFO - Processing file /mnt/d/Project/airflow-news/venv/lib/python3.12/site-packages/airflow/example_dags/example_dynamic_task_mapping.py for tasks to queue
[2024-12-23T06:40:49.085+0700] {logging_mixin.py:190} INFO - [2024-12-23T06:40:49.082+0700] {dagbag.py:588} INFO - Filling up the DagBag from /mnt/d/Project/airflow-news/venv/lib/python3.12/site-packages/airflow/example_dags/example_dynamic_task_mapping.py
[2024-12-23T06:40:49.240+0700] {processor.py:925} INFO - DAG(s) 'example_dynamic_task_mapping' retrieved from /mnt/d/Project/airflow-news/venv/lib/python3.12/site-packages/airflow/example_dags/example_dynamic_task_mapping.py
[2024-12-23T06:40:49.293+0700] {logging_mixin.py:190} INFO - [2024-12-23T06:40:49.291+0700] {dag.py:3239} INFO - Sync 1 DAGs
[2024-12-23T06:40:49.318+0700] {logging_mixin.py:190} INFO - [2024-12-23T06:40:49.317+0700] {dag.py:4180} INFO - Setting next_dagrun for example_dynamic_task_mapping to None, run_after=None
[2024-12-23T06:40:49.407+0700] {processor.py:208} INFO - Processing /mnt/d/Project/airflow-news/venv/lib/python3.12/site-packages/airflow/example_dags/example_dynamic_task_mapping.py took 0.375 seconds
[2024-12-23T06:42:45.083+0700] {processor.py:186} INFO - Started process (PID=9869) to work on /mnt/d/Project/airflow-news/venv/lib/python3.12/site-packages/airflow/example_dags/example_dynamic_task_mapping.py
[2024-12-23T06:42:45.086+0700] {processor.py:914} INFO - Processing file /mnt/d/Project/airflow-news/venv/lib/python3.12/site-packages/airflow/example_dags/example_dynamic_task_mapping.py for tasks to queue
[2024-12-23T06:42:45.093+0700] {logging_mixin.py:190} INFO - [2024-12-23T06:42:45.091+0700] {dagbag.py:588} INFO - Filling up the DagBag from /mnt/d/Project/airflow-news/venv/lib/python3.12/site-packages/airflow/example_dags/example_dynamic_task_mapping.py
[2024-12-23T06:42:45.203+0700] {processor.py:925} INFO - DAG(s) 'example_dynamic_task_mapping' retrieved from /mnt/d/Project/airflow-news/venv/lib/python3.12/site-packages/airflow/example_dags/example_dynamic_task_mapping.py
[2024-12-23T06:42:45.244+0700] {logging_mixin.py:190} INFO - [2024-12-23T06:42:45.243+0700] {dag.py:3239} INFO - Sync 1 DAGs
[2024-12-23T06:42:45.270+0700] {logging_mixin.py:190} INFO - [2024-12-23T06:42:45.269+0700] {dag.py:4180} INFO - Setting next_dagrun for example_dynamic_task_mapping to None, run_after=None
[2024-12-23T06:42:45.361+0700] {processor.py:208} INFO - Processing /mnt/d/Project/airflow-news/venv/lib/python3.12/site-packages/airflow/example_dags/example_dynamic_task_mapping.py took 0.305 seconds
[2024-12-23T06:44:44.444+0700] {processor.py:186} INFO - Started process (PID=10260) to work on /mnt/d/Project/airflow-news/venv/lib/python3.12/site-packages/airflow/example_dags/example_dynamic_task_mapping.py
[2024-12-23T06:44:44.447+0700] {processor.py:914} INFO - Processing file /mnt/d/Project/airflow-news/venv/lib/python3.12/site-packages/airflow/example_dags/example_dynamic_task_mapping.py for tasks to queue
[2024-12-23T06:44:44.452+0700] {logging_mixin.py:190} INFO - [2024-12-23T06:44:44.450+0700] {dagbag.py:588} INFO - Filling up the DagBag from /mnt/d/Project/airflow-news/venv/lib/python3.12/site-packages/airflow/example_dags/example_dynamic_task_mapping.py
[2024-12-23T06:44:44.540+0700] {processor.py:925} INFO - DAG(s) 'example_dynamic_task_mapping' retrieved from /mnt/d/Project/airflow-news/venv/lib/python3.12/site-packages/airflow/example_dags/example_dynamic_task_mapping.py
[2024-12-23T06:44:44.579+0700] {logging_mixin.py:190} INFO - [2024-12-23T06:44:44.577+0700] {dag.py:3239} INFO - Sync 1 DAGs
[2024-12-23T06:44:44.598+0700] {logging_mixin.py:190} INFO - [2024-12-23T06:44:44.597+0700] {dag.py:4180} INFO - Setting next_dagrun for example_dynamic_task_mapping to None, run_after=None
[2024-12-23T06:44:44.668+0700] {processor.py:208} INFO - Processing /mnt/d/Project/airflow-news/venv/lib/python3.12/site-packages/airflow/example_dags/example_dynamic_task_mapping.py took 0.245 seconds
