[2024-12-23T05:53:35.708+0700] {processor.py:186} INFO - Started process (PID=1817) to work on /mnt/d/Project/airflow-news/venv/lib/python3.12/site-packages/airflow/example_dags/example_external_task_marker_dag.py
[2024-12-23T05:53:35.710+0700] {processor.py:914} INFO - Processing file /mnt/d/Project/airflow-news/venv/lib/python3.12/site-packages/airflow/example_dags/example_external_task_marker_dag.py for tasks to queue
[2024-12-23T05:53:35.720+0700] {logging_mixin.py:190} INFO - [2024-12-23T05:53:35.718+0700] {dagbag.py:588} INFO - Filling up the DagBag from /mnt/d/Project/airflow-news/venv/lib/python3.12/site-packages/airflow/example_dags/example_external_task_marker_dag.py
[2024-12-23T05:53:35.833+0700] {processor.py:925} INFO - DAG(s) 'example_external_task_marker_child', 'example_external_task_marker_parent' retrieved from /mnt/d/Project/airflow-news/venv/lib/python3.12/site-packages/airflow/example_dags/example_external_task_marker_dag.py
[2024-12-23T05:53:37.788+0700] {logging_mixin.py:190} INFO - [2024-12-23T05:53:37.785+0700] {override.py:1911} INFO - Created Permission View: can edit on DAG:example_external_task_marker_child
[2024-12-23T05:53:37.845+0700] {logging_mixin.py:190} INFO - [2024-12-23T05:53:37.843+0700] {override.py:1911} INFO - Created Permission View: can delete on DAG:example_external_task_marker_child
[2024-12-23T05:53:37.907+0700] {logging_mixin.py:190} INFO - [2024-12-23T05:53:37.905+0700] {override.py:1911} INFO - Created Permission View: can read on DAG:example_external_task_marker_child
[2024-12-23T05:53:37.994+0700] {logging_mixin.py:190} INFO - [2024-12-23T05:53:37.992+0700] {override.py:1911} INFO - Created Permission View: menu access on DAG Run:example_external_task_marker_child
[2024-12-23T05:53:38.049+0700] {logging_mixin.py:190} INFO - [2024-12-23T05:53:38.048+0700] {override.py:1911} INFO - Created Permission View: can create on DAG Run:example_external_task_marker_child
[2024-12-23T05:53:38.100+0700] {logging_mixin.py:190} INFO - [2024-12-23T05:53:38.098+0700] {override.py:1911} INFO - Created Permission View: can delete on DAG Run:example_external_task_marker_child
[2024-12-23T05:53:38.149+0700] {logging_mixin.py:190} INFO - [2024-12-23T05:53:38.147+0700] {override.py:1911} INFO - Created Permission View: can read on DAG Run:example_external_task_marker_child
[2024-12-23T05:53:38.244+0700] {logging_mixin.py:190} INFO - [2024-12-23T05:53:38.243+0700] {override.py:1911} INFO - Created Permission View: can edit on DAG:example_external_task_marker_parent
[2024-12-23T05:53:38.296+0700] {logging_mixin.py:190} INFO - [2024-12-23T05:53:38.294+0700] {override.py:1911} INFO - Created Permission View: can delete on DAG:example_external_task_marker_parent
[2024-12-23T05:53:38.346+0700] {logging_mixin.py:190} INFO - [2024-12-23T05:53:38.344+0700] {override.py:1911} INFO - Created Permission View: can read on DAG:example_external_task_marker_parent
[2024-12-23T05:53:38.426+0700] {logging_mixin.py:190} INFO - [2024-12-23T05:53:38.424+0700] {override.py:1911} INFO - Created Permission View: menu access on DAG Run:example_external_task_marker_parent
[2024-12-23T05:53:38.480+0700] {logging_mixin.py:190} INFO - [2024-12-23T05:53:38.478+0700] {override.py:1911} INFO - Created Permission View: can create on DAG Run:example_external_task_marker_parent
[2024-12-23T05:53:38.543+0700] {logging_mixin.py:190} INFO - [2024-12-23T05:53:38.540+0700] {override.py:1911} INFO - Created Permission View: can delete on DAG Run:example_external_task_marker_parent
[2024-12-23T05:53:38.598+0700] {logging_mixin.py:190} INFO - [2024-12-23T05:53:38.596+0700] {override.py:1911} INFO - Created Permission View: can read on DAG Run:example_external_task_marker_parent
[2024-12-23T05:53:38.601+0700] {logging_mixin.py:190} INFO - [2024-12-23T05:53:38.599+0700] {dag.py:3239} INFO - Sync 2 DAGs
[2024-12-23T05:53:38.629+0700] {logging_mixin.py:190} INFO - [2024-12-23T05:53:38.628+0700] {dag.py:3262} INFO - Creating ORM DAG for example_external_task_marker_child
[2024-12-23T05:53:38.633+0700] {logging_mixin.py:190} INFO - [2024-12-23T05:53:38.631+0700] {dag.py:3262} INFO - Creating ORM DAG for example_external_task_marker_parent
[2024-12-23T05:53:38.637+0700] {logging_mixin.py:190} INFO - [2024-12-23T05:53:38.635+0700] {dag.py:4180} INFO - Setting next_dagrun for example_external_task_marker_child to None, run_after=None
[2024-12-23T05:53:38.641+0700] {logging_mixin.py:190} INFO - [2024-12-23T05:53:38.639+0700] {dag.py:4180} INFO - Setting next_dagrun for example_external_task_marker_parent to None, run_after=None
[2024-12-23T05:53:38.749+0700] {processor.py:208} INFO - Processing /mnt/d/Project/airflow-news/venv/lib/python3.12/site-packages/airflow/example_dags/example_external_task_marker_dag.py took 3.059 seconds
[2024-12-23T05:53:52.611+0700] {processor.py:186} INFO - Started process (PID=1848) to work on /mnt/d/Project/airflow-news/venv/lib/python3.12/site-packages/airflow/example_dags/example_external_task_marker_dag.py
[2024-12-23T05:53:52.614+0700] {processor.py:914} INFO - Processing file /mnt/d/Project/airflow-news/venv/lib/python3.12/site-packages/airflow/example_dags/example_external_task_marker_dag.py for tasks to queue
[2024-12-23T05:53:52.623+0700] {logging_mixin.py:190} INFO - [2024-12-23T05:53:52.621+0700] {dagbag.py:588} INFO - Filling up the DagBag from /mnt/d/Project/airflow-news/venv/lib/python3.12/site-packages/airflow/example_dags/example_external_task_marker_dag.py
[2024-12-23T05:53:52.746+0700] {processor.py:925} INFO - DAG(s) 'example_external_task_marker_child', 'example_external_task_marker_parent' retrieved from /mnt/d/Project/airflow-news/venv/lib/python3.12/site-packages/airflow/example_dags/example_external_task_marker_dag.py
[2024-12-23T05:53:52.776+0700] {logging_mixin.py:190} INFO - [2024-12-23T05:53:52.774+0700] {dag.py:3239} INFO - Sync 2 DAGs
[2024-12-23T05:53:52.804+0700] {logging_mixin.py:190} INFO - [2024-12-23T05:53:52.803+0700] {dag.py:4180} INFO - Setting next_dagrun for example_external_task_marker_child to None, run_after=None
[2024-12-23T05:53:52.817+0700] {logging_mixin.py:190} INFO - [2024-12-23T05:53:52.815+0700] {dag.py:4180} INFO - Setting next_dagrun for example_external_task_marker_parent to None, run_after=None
[2024-12-23T05:53:52.903+0700] {processor.py:208} INFO - Processing /mnt/d/Project/airflow-news/venv/lib/python3.12/site-packages/airflow/example_dags/example_external_task_marker_dag.py took 0.312 seconds
[2024-12-23T05:55:32.349+0700] {processor.py:186} INFO - Started process (PID=2133) to work on /mnt/d/Project/airflow-news/venv/lib/python3.12/site-packages/airflow/example_dags/example_external_task_marker_dag.py
[2024-12-23T05:55:32.352+0700] {processor.py:914} INFO - Processing file /mnt/d/Project/airflow-news/venv/lib/python3.12/site-packages/airflow/example_dags/example_external_task_marker_dag.py for tasks to queue
[2024-12-23T05:55:32.357+0700] {logging_mixin.py:190} INFO - [2024-12-23T05:55:32.355+0700] {dagbag.py:588} INFO - Filling up the DagBag from /mnt/d/Project/airflow-news/venv/lib/python3.12/site-packages/airflow/example_dags/example_external_task_marker_dag.py
[2024-12-23T05:55:32.454+0700] {processor.py:925} INFO - DAG(s) 'example_external_task_marker_parent', 'example_external_task_marker_child' retrieved from /mnt/d/Project/airflow-news/venv/lib/python3.12/site-packages/airflow/example_dags/example_external_task_marker_dag.py
[2024-12-23T05:55:32.513+0700] {logging_mixin.py:190} INFO - [2024-12-23T05:55:32.511+0700] {dag.py:3239} INFO - Sync 2 DAGs
[2024-12-23T05:55:32.544+0700] {logging_mixin.py:190} INFO - [2024-12-23T05:55:32.543+0700] {dag.py:4180} INFO - Setting next_dagrun for example_external_task_marker_child to None, run_after=None
[2024-12-23T05:55:32.556+0700] {logging_mixin.py:190} INFO - [2024-12-23T05:55:32.554+0700] {dag.py:4180} INFO - Setting next_dagrun for example_external_task_marker_parent to None, run_after=None
[2024-12-23T05:55:32.645+0700] {processor.py:208} INFO - Processing /mnt/d/Project/airflow-news/venv/lib/python3.12/site-packages/airflow/example_dags/example_external_task_marker_dag.py took 0.312 seconds
[2024-12-23T05:57:03.536+0700] {processor.py:186} INFO - Started process (PID=2310) to work on /mnt/d/Project/airflow-news/venv/lib/python3.12/site-packages/airflow/example_dags/example_external_task_marker_dag.py
[2024-12-23T05:57:03.538+0700] {processor.py:914} INFO - Processing file /mnt/d/Project/airflow-news/venv/lib/python3.12/site-packages/airflow/example_dags/example_external_task_marker_dag.py for tasks to queue
[2024-12-23T05:57:03.543+0700] {logging_mixin.py:190} INFO - [2024-12-23T05:57:03.541+0700] {dagbag.py:588} INFO - Filling up the DagBag from /mnt/d/Project/airflow-news/venv/lib/python3.12/site-packages/airflow/example_dags/example_external_task_marker_dag.py
[2024-12-23T05:57:03.634+0700] {processor.py:925} INFO - DAG(s) 'example_external_task_marker_child', 'example_external_task_marker_parent' retrieved from /mnt/d/Project/airflow-news/venv/lib/python3.12/site-packages/airflow/example_dags/example_external_task_marker_dag.py
[2024-12-23T05:57:03.703+0700] {logging_mixin.py:190} INFO - [2024-12-23T05:57:03.702+0700] {dag.py:3239} INFO - Sync 2 DAGs
[2024-12-23T05:57:03.731+0700] {logging_mixin.py:190} INFO - [2024-12-23T05:57:03.728+0700] {dag.py:4180} INFO - Setting next_dagrun for example_external_task_marker_child to None, run_after=None
[2024-12-23T05:57:03.743+0700] {logging_mixin.py:190} INFO - [2024-12-23T05:57:03.742+0700] {dag.py:4180} INFO - Setting next_dagrun for example_external_task_marker_parent to None, run_after=None
[2024-12-23T05:57:03.816+0700] {processor.py:208} INFO - Processing /mnt/d/Project/airflow-news/venv/lib/python3.12/site-packages/airflow/example_dags/example_external_task_marker_dag.py took 0.294 seconds
[2024-12-23T05:58:41.812+0700] {processor.py:186} INFO - Started process (PID=2549) to work on /mnt/d/Project/airflow-news/venv/lib/python3.12/site-packages/airflow/example_dags/example_external_task_marker_dag.py
[2024-12-23T05:58:41.815+0700] {processor.py:914} INFO - Processing file /mnt/d/Project/airflow-news/venv/lib/python3.12/site-packages/airflow/example_dags/example_external_task_marker_dag.py for tasks to queue
[2024-12-23T05:58:41.820+0700] {logging_mixin.py:190} INFO - [2024-12-23T05:58:41.819+0700] {dagbag.py:588} INFO - Filling up the DagBag from /mnt/d/Project/airflow-news/venv/lib/python3.12/site-packages/airflow/example_dags/example_external_task_marker_dag.py
[2024-12-23T05:58:41.949+0700] {processor.py:925} INFO - DAG(s) 'example_external_task_marker_parent', 'example_external_task_marker_child' retrieved from /mnt/d/Project/airflow-news/venv/lib/python3.12/site-packages/airflow/example_dags/example_external_task_marker_dag.py
[2024-12-23T05:58:42.004+0700] {logging_mixin.py:190} INFO - [2024-12-23T05:58:42.003+0700] {dag.py:3239} INFO - Sync 2 DAGs
[2024-12-23T05:58:42.027+0700] {logging_mixin.py:190} INFO - [2024-12-23T05:58:42.026+0700] {dag.py:4180} INFO - Setting next_dagrun for example_external_task_marker_child to None, run_after=None
[2024-12-23T05:58:42.038+0700] {logging_mixin.py:190} INFO - [2024-12-23T05:58:42.036+0700] {dag.py:4180} INFO - Setting next_dagrun for example_external_task_marker_parent to None, run_after=None
[2024-12-23T05:58:42.117+0700] {processor.py:208} INFO - Processing /mnt/d/Project/airflow-news/venv/lib/python3.12/site-packages/airflow/example_dags/example_external_task_marker_dag.py took 0.325 seconds
[2024-12-23T05:59:30.819+0700] {processor.py:186} INFO - Started process (PID=2675) to work on /mnt/d/Project/airflow-news/venv/lib/python3.12/site-packages/airflow/example_dags/example_external_task_marker_dag.py
[2024-12-23T05:59:30.824+0700] {processor.py:914} INFO - Processing file /mnt/d/Project/airflow-news/venv/lib/python3.12/site-packages/airflow/example_dags/example_external_task_marker_dag.py for tasks to queue
[2024-12-23T05:59:30.832+0700] {logging_mixin.py:190} INFO - [2024-12-23T05:59:30.830+0700] {dagbag.py:588} INFO - Filling up the DagBag from /mnt/d/Project/airflow-news/venv/lib/python3.12/site-packages/airflow/example_dags/example_external_task_marker_dag.py
[2024-12-23T05:59:30.955+0700] {processor.py:925} INFO - DAG(s) 'example_external_task_marker_child', 'example_external_task_marker_parent' retrieved from /mnt/d/Project/airflow-news/venv/lib/python3.12/site-packages/airflow/example_dags/example_external_task_marker_dag.py
[2024-12-23T05:59:31.009+0700] {logging_mixin.py:190} INFO - [2024-12-23T05:59:31.007+0700] {dag.py:3239} INFO - Sync 2 DAGs
[2024-12-23T05:59:31.032+0700] {logging_mixin.py:190} INFO - [2024-12-23T05:59:31.029+0700] {dag.py:4180} INFO - Setting next_dagrun for example_external_task_marker_child to None, run_after=None
[2024-12-23T05:59:31.043+0700] {logging_mixin.py:190} INFO - [2024-12-23T05:59:31.041+0700] {dag.py:4180} INFO - Setting next_dagrun for example_external_task_marker_parent to None, run_after=None
[2024-12-23T05:59:31.128+0700] {processor.py:208} INFO - Processing /mnt/d/Project/airflow-news/venv/lib/python3.12/site-packages/airflow/example_dags/example_external_task_marker_dag.py took 0.336 seconds
[2024-12-23T06:00:23.292+0700] {processor.py:186} INFO - Started process (PID=2819) to work on /mnt/d/Project/airflow-news/venv/lib/python3.12/site-packages/airflow/example_dags/example_external_task_marker_dag.py
[2024-12-23T06:00:23.296+0700] {processor.py:914} INFO - Processing file /mnt/d/Project/airflow-news/venv/lib/python3.12/site-packages/airflow/example_dags/example_external_task_marker_dag.py for tasks to queue
[2024-12-23T06:00:23.307+0700] {logging_mixin.py:190} INFO - [2024-12-23T06:00:23.303+0700] {dagbag.py:588} INFO - Filling up the DagBag from /mnt/d/Project/airflow-news/venv/lib/python3.12/site-packages/airflow/example_dags/example_external_task_marker_dag.py
[2024-12-23T06:00:23.473+0700] {processor.py:925} INFO - DAG(s) 'example_external_task_marker_child', 'example_external_task_marker_parent' retrieved from /mnt/d/Project/airflow-news/venv/lib/python3.12/site-packages/airflow/example_dags/example_external_task_marker_dag.py
[2024-12-23T06:00:23.555+0700] {logging_mixin.py:190} INFO - [2024-12-23T06:00:23.552+0700] {dag.py:3239} INFO - Sync 2 DAGs
[2024-12-23T06:00:23.594+0700] {logging_mixin.py:190} INFO - [2024-12-23T06:00:23.591+0700] {dag.py:4180} INFO - Setting next_dagrun for example_external_task_marker_child to None, run_after=None
[2024-12-23T06:00:23.616+0700] {logging_mixin.py:190} INFO - [2024-12-23T06:00:23.616+0700] {dag.py:4180} INFO - Setting next_dagrun for example_external_task_marker_parent to None, run_after=None
[2024-12-23T06:00:23.946+0700] {processor.py:208} INFO - Processing /mnt/d/Project/airflow-news/venv/lib/python3.12/site-packages/airflow/example_dags/example_external_task_marker_dag.py took 0.686 seconds
[2024-12-23T06:02:24.142+0700] {processor.py:186} INFO - Started process (PID=3088) to work on /mnt/d/Project/airflow-news/venv/lib/python3.12/site-packages/airflow/example_dags/example_external_task_marker_dag.py
[2024-12-23T06:02:24.144+0700] {processor.py:914} INFO - Processing file /mnt/d/Project/airflow-news/venv/lib/python3.12/site-packages/airflow/example_dags/example_external_task_marker_dag.py for tasks to queue
[2024-12-23T06:02:24.150+0700] {logging_mixin.py:190} INFO - [2024-12-23T06:02:24.149+0700] {dagbag.py:588} INFO - Filling up the DagBag from /mnt/d/Project/airflow-news/venv/lib/python3.12/site-packages/airflow/example_dags/example_external_task_marker_dag.py
[2024-12-23T06:02:24.285+0700] {processor.py:925} INFO - DAG(s) 'example_external_task_marker_child', 'example_external_task_marker_parent' retrieved from /mnt/d/Project/airflow-news/venv/lib/python3.12/site-packages/airflow/example_dags/example_external_task_marker_dag.py
[2024-12-23T06:02:24.352+0700] {logging_mixin.py:190} INFO - [2024-12-23T06:02:24.350+0700] {dag.py:3239} INFO - Sync 2 DAGs
[2024-12-23T06:02:24.393+0700] {logging_mixin.py:190} INFO - [2024-12-23T06:02:24.391+0700] {dag.py:4180} INFO - Setting next_dagrun for example_external_task_marker_child to None, run_after=None
[2024-12-23T06:02:24.408+0700] {logging_mixin.py:190} INFO - [2024-12-23T06:02:24.406+0700] {dag.py:4180} INFO - Setting next_dagrun for example_external_task_marker_parent to None, run_after=None
[2024-12-23T06:02:24.533+0700] {processor.py:208} INFO - Processing /mnt/d/Project/airflow-news/venv/lib/python3.12/site-packages/airflow/example_dags/example_external_task_marker_dag.py took 0.413 seconds
[2024-12-23T06:04:34.677+0700] {processor.py:186} INFO - Started process (PID=3409) to work on /mnt/d/Project/airflow-news/venv/lib/python3.12/site-packages/airflow/example_dags/example_external_task_marker_dag.py
[2024-12-23T06:04:34.680+0700] {processor.py:914} INFO - Processing file /mnt/d/Project/airflow-news/venv/lib/python3.12/site-packages/airflow/example_dags/example_external_task_marker_dag.py for tasks to queue
[2024-12-23T06:04:34.686+0700] {logging_mixin.py:190} INFO - [2024-12-23T06:04:34.684+0700] {dagbag.py:588} INFO - Filling up the DagBag from /mnt/d/Project/airflow-news/venv/lib/python3.12/site-packages/airflow/example_dags/example_external_task_marker_dag.py
[2024-12-23T06:04:34.798+0700] {processor.py:925} INFO - DAG(s) 'example_external_task_marker_parent', 'example_external_task_marker_child' retrieved from /mnt/d/Project/airflow-news/venv/lib/python3.12/site-packages/airflow/example_dags/example_external_task_marker_dag.py
[2024-12-23T06:04:34.856+0700] {logging_mixin.py:190} INFO - [2024-12-23T06:04:34.855+0700] {dag.py:3239} INFO - Sync 2 DAGs
[2024-12-23T06:04:34.882+0700] {logging_mixin.py:190} INFO - [2024-12-23T06:04:34.881+0700] {dag.py:4180} INFO - Setting next_dagrun for example_external_task_marker_child to None, run_after=None
[2024-12-23T06:04:34.891+0700] {logging_mixin.py:190} INFO - [2024-12-23T06:04:34.890+0700] {dag.py:4180} INFO - Setting next_dagrun for example_external_task_marker_parent to None, run_after=None
[2024-12-23T06:04:34.974+0700] {processor.py:208} INFO - Processing /mnt/d/Project/airflow-news/venv/lib/python3.12/site-packages/airflow/example_dags/example_external_task_marker_dag.py took 0.326 seconds
[2024-12-23T06:06:35.842+0700] {processor.py:186} INFO - Started process (PID=3692) to work on /mnt/d/Project/airflow-news/venv/lib/python3.12/site-packages/airflow/example_dags/example_external_task_marker_dag.py
[2024-12-23T06:06:35.846+0700] {processor.py:914} INFO - Processing file /mnt/d/Project/airflow-news/venv/lib/python3.12/site-packages/airflow/example_dags/example_external_task_marker_dag.py for tasks to queue
[2024-12-23T06:06:35.852+0700] {logging_mixin.py:190} INFO - [2024-12-23T06:06:35.850+0700] {dagbag.py:588} INFO - Filling up the DagBag from /mnt/d/Project/airflow-news/venv/lib/python3.12/site-packages/airflow/example_dags/example_external_task_marker_dag.py
[2024-12-23T06:06:35.965+0700] {processor.py:925} INFO - DAG(s) 'example_external_task_marker_parent', 'example_external_task_marker_child' retrieved from /mnt/d/Project/airflow-news/venv/lib/python3.12/site-packages/airflow/example_dags/example_external_task_marker_dag.py
[2024-12-23T06:06:36.024+0700] {logging_mixin.py:190} INFO - [2024-12-23T06:06:36.022+0700] {dag.py:3239} INFO - Sync 2 DAGs
[2024-12-23T06:06:36.050+0700] {logging_mixin.py:190} INFO - [2024-12-23T06:06:36.049+0700] {dag.py:4180} INFO - Setting next_dagrun for example_external_task_marker_child to None, run_after=None
[2024-12-23T06:06:36.060+0700] {logging_mixin.py:190} INFO - [2024-12-23T06:06:36.059+0700] {dag.py:4180} INFO - Setting next_dagrun for example_external_task_marker_parent to None, run_after=None
[2024-12-23T06:06:36.148+0700] {processor.py:208} INFO - Processing /mnt/d/Project/airflow-news/venv/lib/python3.12/site-packages/airflow/example_dags/example_external_task_marker_dag.py took 0.335 seconds
[2024-12-23T06:07:41.345+0700] {processor.py:186} INFO - Started process (PID=3876) to work on /mnt/d/Project/airflow-news/venv/lib/python3.12/site-packages/airflow/example_dags/example_external_task_marker_dag.py
[2024-12-23T06:07:41.347+0700] {processor.py:914} INFO - Processing file /mnt/d/Project/airflow-news/venv/lib/python3.12/site-packages/airflow/example_dags/example_external_task_marker_dag.py for tasks to queue
[2024-12-23T06:07:41.354+0700] {logging_mixin.py:190} INFO - [2024-12-23T06:07:41.352+0700] {dagbag.py:588} INFO - Filling up the DagBag from /mnt/d/Project/airflow-news/venv/lib/python3.12/site-packages/airflow/example_dags/example_external_task_marker_dag.py
[2024-12-23T06:07:41.467+0700] {processor.py:925} INFO - DAG(s) 'example_external_task_marker_parent', 'example_external_task_marker_child' retrieved from /mnt/d/Project/airflow-news/venv/lib/python3.12/site-packages/airflow/example_dags/example_external_task_marker_dag.py
[2024-12-23T06:07:41.528+0700] {logging_mixin.py:190} INFO - [2024-12-23T06:07:41.526+0700] {dag.py:3239} INFO - Sync 2 DAGs
[2024-12-23T06:07:41.558+0700] {logging_mixin.py:190} INFO - [2024-12-23T06:07:41.557+0700] {dag.py:4180} INFO - Setting next_dagrun for example_external_task_marker_child to None, run_after=None
[2024-12-23T06:07:41.569+0700] {logging_mixin.py:190} INFO - [2024-12-23T06:07:41.567+0700] {dag.py:4180} INFO - Setting next_dagrun for example_external_task_marker_parent to None, run_after=None
[2024-12-23T06:07:41.667+0700] {processor.py:208} INFO - Processing /mnt/d/Project/airflow-news/venv/lib/python3.12/site-packages/airflow/example_dags/example_external_task_marker_dag.py took 0.339 seconds
[2024-12-23T06:08:35.819+0700] {processor.py:186} INFO - Started process (PID=4051) to work on /mnt/d/Project/airflow-news/venv/lib/python3.12/site-packages/airflow/example_dags/example_external_task_marker_dag.py
[2024-12-23T06:08:35.822+0700] {processor.py:914} INFO - Processing file /mnt/d/Project/airflow-news/venv/lib/python3.12/site-packages/airflow/example_dags/example_external_task_marker_dag.py for tasks to queue
[2024-12-23T06:08:35.828+0700] {logging_mixin.py:190} INFO - [2024-12-23T06:08:35.827+0700] {dagbag.py:588} INFO - Filling up the DagBag from /mnt/d/Project/airflow-news/venv/lib/python3.12/site-packages/airflow/example_dags/example_external_task_marker_dag.py
[2024-12-23T06:08:35.938+0700] {processor.py:925} INFO - DAG(s) 'example_external_task_marker_child', 'example_external_task_marker_parent' retrieved from /mnt/d/Project/airflow-news/venv/lib/python3.12/site-packages/airflow/example_dags/example_external_task_marker_dag.py
[2024-12-23T06:08:35.982+0700] {logging_mixin.py:190} INFO - [2024-12-23T06:08:35.981+0700] {dag.py:3239} INFO - Sync 2 DAGs
[2024-12-23T06:08:36.003+0700] {logging_mixin.py:190} INFO - [2024-12-23T06:08:36.001+0700] {dag.py:4180} INFO - Setting next_dagrun for example_external_task_marker_child to None, run_after=None
[2024-12-23T06:08:36.012+0700] {logging_mixin.py:190} INFO - [2024-12-23T06:08:36.011+0700] {dag.py:4180} INFO - Setting next_dagrun for example_external_task_marker_parent to None, run_after=None
[2024-12-23T06:08:36.092+0700] {processor.py:208} INFO - Processing /mnt/d/Project/airflow-news/venv/lib/python3.12/site-packages/airflow/example_dags/example_external_task_marker_dag.py took 0.300 seconds
[2024-12-23T06:11:52.683+0700] {processor.py:186} INFO - Started process (PID=4517) to work on /mnt/d/Project/airflow-news/venv/lib/python3.12/site-packages/airflow/example_dags/example_external_task_marker_dag.py
[2024-12-23T06:11:52.686+0700] {processor.py:914} INFO - Processing file /mnt/d/Project/airflow-news/venv/lib/python3.12/site-packages/airflow/example_dags/example_external_task_marker_dag.py for tasks to queue
[2024-12-23T06:11:52.689+0700] {logging_mixin.py:190} INFO - [2024-12-23T06:11:52.688+0700] {dagbag.py:588} INFO - Filling up the DagBag from /mnt/d/Project/airflow-news/venv/lib/python3.12/site-packages/airflow/example_dags/example_external_task_marker_dag.py
[2024-12-23T06:11:52.718+0700] {processor.py:925} INFO - DAG(s) 'example_external_task_marker_child', 'example_external_task_marker_parent' retrieved from /mnt/d/Project/airflow-news/venv/lib/python3.12/site-packages/airflow/example_dags/example_external_task_marker_dag.py
[2024-12-23T06:11:52.765+0700] {logging_mixin.py:190} INFO - [2024-12-23T06:11:52.763+0700] {dag.py:3239} INFO - Sync 2 DAGs
[2024-12-23T06:11:52.782+0700] {logging_mixin.py:190} INFO - [2024-12-23T06:11:52.780+0700] {dag.py:4180} INFO - Setting next_dagrun for example_external_task_marker_child to None, run_after=None
[2024-12-23T06:11:52.790+0700] {logging_mixin.py:190} INFO - [2024-12-23T06:11:52.788+0700] {dag.py:4180} INFO - Setting next_dagrun for example_external_task_marker_parent to None, run_after=None
[2024-12-23T06:11:52.858+0700] {processor.py:208} INFO - Processing /mnt/d/Project/airflow-news/venv/lib/python3.12/site-packages/airflow/example_dags/example_external_task_marker_dag.py took 0.191 seconds
[2024-12-23T06:12:01.368+0700] {processor.py:186} INFO - Started process (PID=4538) to work on /mnt/d/Project/airflow-news/venv/lib/python3.12/site-packages/airflow/example_dags/example_external_task_marker_dag.py
[2024-12-23T06:12:01.370+0700] {processor.py:914} INFO - Processing file /mnt/d/Project/airflow-news/venv/lib/python3.12/site-packages/airflow/example_dags/example_external_task_marker_dag.py for tasks to queue
[2024-12-23T06:12:01.375+0700] {logging_mixin.py:190} INFO - [2024-12-23T06:12:01.374+0700] {dagbag.py:588} INFO - Filling up the DagBag from /mnt/d/Project/airflow-news/venv/lib/python3.12/site-packages/airflow/example_dags/example_external_task_marker_dag.py
[2024-12-23T06:12:01.473+0700] {processor.py:925} INFO - DAG(s) 'example_external_task_marker_child', 'example_external_task_marker_parent' retrieved from /mnt/d/Project/airflow-news/venv/lib/python3.12/site-packages/airflow/example_dags/example_external_task_marker_dag.py
[2024-12-23T06:12:01.524+0700] {logging_mixin.py:190} INFO - [2024-12-23T06:12:01.523+0700] {dag.py:3239} INFO - Sync 2 DAGs
[2024-12-23T06:12:01.545+0700] {logging_mixin.py:190} INFO - [2024-12-23T06:12:01.543+0700] {dag.py:4180} INFO - Setting next_dagrun for example_external_task_marker_child to None, run_after=None
[2024-12-23T06:12:01.554+0700] {logging_mixin.py:190} INFO - [2024-12-23T06:12:01.552+0700] {dag.py:4180} INFO - Setting next_dagrun for example_external_task_marker_parent to None, run_after=None
[2024-12-23T06:12:01.627+0700] {processor.py:208} INFO - Processing /mnt/d/Project/airflow-news/venv/lib/python3.12/site-packages/airflow/example_dags/example_external_task_marker_dag.py took 0.280 seconds
[2024-12-23T06:13:30.202+0700] {processor.py:186} INFO - Started process (PID=4800) to work on /mnt/d/Project/airflow-news/venv/lib/python3.12/site-packages/airflow/example_dags/example_external_task_marker_dag.py
[2024-12-23T06:13:30.204+0700] {processor.py:914} INFO - Processing file /mnt/d/Project/airflow-news/venv/lib/python3.12/site-packages/airflow/example_dags/example_external_task_marker_dag.py for tasks to queue
[2024-12-23T06:13:30.209+0700] {logging_mixin.py:190} INFO - [2024-12-23T06:13:30.207+0700] {dagbag.py:588} INFO - Filling up the DagBag from /mnt/d/Project/airflow-news/venv/lib/python3.12/site-packages/airflow/example_dags/example_external_task_marker_dag.py
[2024-12-23T06:13:30.235+0700] {processor.py:925} INFO - DAG(s) 'example_external_task_marker_child', 'example_external_task_marker_parent' retrieved from /mnt/d/Project/airflow-news/venv/lib/python3.12/site-packages/airflow/example_dags/example_external_task_marker_dag.py
[2024-12-23T06:13:30.280+0700] {logging_mixin.py:190} INFO - [2024-12-23T06:13:30.279+0700] {dag.py:3239} INFO - Sync 2 DAGs
[2024-12-23T06:13:30.296+0700] {logging_mixin.py:190} INFO - [2024-12-23T06:13:30.294+0700] {dag.py:4180} INFO - Setting next_dagrun for example_external_task_marker_child to None, run_after=None
[2024-12-23T06:13:30.304+0700] {logging_mixin.py:190} INFO - [2024-12-23T06:13:30.303+0700] {dag.py:4180} INFO - Setting next_dagrun for example_external_task_marker_parent to None, run_after=None
[2024-12-23T06:13:30.369+0700] {processor.py:208} INFO - Processing /mnt/d/Project/airflow-news/venv/lib/python3.12/site-packages/airflow/example_dags/example_external_task_marker_dag.py took 0.181 seconds
[2024-12-23T06:13:59.736+0700] {processor.py:186} INFO - Started process (PID=4878) to work on /mnt/d/Project/airflow-news/venv/lib/python3.12/site-packages/airflow/example_dags/example_external_task_marker_dag.py
[2024-12-23T06:13:59.739+0700] {processor.py:914} INFO - Processing file /mnt/d/Project/airflow-news/venv/lib/python3.12/site-packages/airflow/example_dags/example_external_task_marker_dag.py for tasks to queue
[2024-12-23T06:13:59.745+0700] {logging_mixin.py:190} INFO - [2024-12-23T06:13:59.743+0700] {dagbag.py:588} INFO - Filling up the DagBag from /mnt/d/Project/airflow-news/venv/lib/python3.12/site-packages/airflow/example_dags/example_external_task_marker_dag.py
[2024-12-23T06:13:59.830+0700] {processor.py:925} INFO - DAG(s) 'example_external_task_marker_child', 'example_external_task_marker_parent' retrieved from /mnt/d/Project/airflow-news/venv/lib/python3.12/site-packages/airflow/example_dags/example_external_task_marker_dag.py
[2024-12-23T06:13:59.882+0700] {logging_mixin.py:190} INFO - [2024-12-23T06:13:59.880+0700] {dag.py:3239} INFO - Sync 2 DAGs
[2024-12-23T06:13:59.906+0700] {logging_mixin.py:190} INFO - [2024-12-23T06:13:59.905+0700] {dag.py:4180} INFO - Setting next_dagrun for example_external_task_marker_child to None, run_after=None
[2024-12-23T06:13:59.915+0700] {logging_mixin.py:190} INFO - [2024-12-23T06:13:59.914+0700] {dag.py:4180} INFO - Setting next_dagrun for example_external_task_marker_parent to None, run_after=None
[2024-12-23T06:13:59.989+0700] {processor.py:208} INFO - Processing /mnt/d/Project/airflow-news/venv/lib/python3.12/site-packages/airflow/example_dags/example_external_task_marker_dag.py took 0.274 seconds
[2024-12-23T06:15:05.186+0700] {processor.py:186} INFO - Started process (PID=5076) to work on /mnt/d/Project/airflow-news/venv/lib/python3.12/site-packages/airflow/example_dags/example_external_task_marker_dag.py
[2024-12-23T06:15:05.189+0700] {processor.py:914} INFO - Processing file /mnt/d/Project/airflow-news/venv/lib/python3.12/site-packages/airflow/example_dags/example_external_task_marker_dag.py for tasks to queue
[2024-12-23T06:15:05.193+0700] {logging_mixin.py:190} INFO - [2024-12-23T06:15:05.192+0700] {dagbag.py:588} INFO - Filling up the DagBag from /mnt/d/Project/airflow-news/venv/lib/python3.12/site-packages/airflow/example_dags/example_external_task_marker_dag.py
[2024-12-23T06:15:05.225+0700] {processor.py:925} INFO - DAG(s) 'example_external_task_marker_parent', 'example_external_task_marker_child' retrieved from /mnt/d/Project/airflow-news/venv/lib/python3.12/site-packages/airflow/example_dags/example_external_task_marker_dag.py
[2024-12-23T06:15:05.270+0700] {logging_mixin.py:190} INFO - [2024-12-23T06:15:05.269+0700] {dag.py:3239} INFO - Sync 2 DAGs
[2024-12-23T06:15:05.291+0700] {logging_mixin.py:190} INFO - [2024-12-23T06:15:05.290+0700] {dag.py:4180} INFO - Setting next_dagrun for example_external_task_marker_child to None, run_after=None
[2024-12-23T06:15:05.299+0700] {logging_mixin.py:190} INFO - [2024-12-23T06:15:05.297+0700] {dag.py:4180} INFO - Setting next_dagrun for example_external_task_marker_parent to None, run_after=None
[2024-12-23T06:15:05.370+0700] {processor.py:208} INFO - Processing /mnt/d/Project/airflow-news/venv/lib/python3.12/site-packages/airflow/example_dags/example_external_task_marker_dag.py took 0.198 seconds
[2024-12-23T06:15:50.803+0700] {processor.py:186} INFO - Started process (PID=5197) to work on /mnt/d/Project/airflow-news/venv/lib/python3.12/site-packages/airflow/example_dags/example_external_task_marker_dag.py
[2024-12-23T06:15:50.806+0700] {processor.py:914} INFO - Processing file /mnt/d/Project/airflow-news/venv/lib/python3.12/site-packages/airflow/example_dags/example_external_task_marker_dag.py for tasks to queue
[2024-12-23T06:15:50.814+0700] {logging_mixin.py:190} INFO - [2024-12-23T06:15:50.811+0700] {dagbag.py:588} INFO - Filling up the DagBag from /mnt/d/Project/airflow-news/venv/lib/python3.12/site-packages/airflow/example_dags/example_external_task_marker_dag.py
[2024-12-23T06:15:50.890+0700] {processor.py:925} INFO - DAG(s) 'example_external_task_marker_parent', 'example_external_task_marker_child' retrieved from /mnt/d/Project/airflow-news/venv/lib/python3.12/site-packages/airflow/example_dags/example_external_task_marker_dag.py
[2024-12-23T06:15:50.957+0700] {logging_mixin.py:190} INFO - [2024-12-23T06:15:50.956+0700] {dag.py:3239} INFO - Sync 2 DAGs
[2024-12-23T06:15:50.994+0700] {logging_mixin.py:190} INFO - [2024-12-23T06:15:50.993+0700] {dag.py:4180} INFO - Setting next_dagrun for example_external_task_marker_child to None, run_after=None
[2024-12-23T06:15:51.004+0700] {logging_mixin.py:190} INFO - [2024-12-23T06:15:51.002+0700] {dag.py:4180} INFO - Setting next_dagrun for example_external_task_marker_parent to None, run_after=None
[2024-12-23T06:15:51.087+0700] {processor.py:208} INFO - Processing /mnt/d/Project/airflow-news/venv/lib/python3.12/site-packages/airflow/example_dags/example_external_task_marker_dag.py took 0.319 seconds
[2024-12-23T06:17:44.570+0700] {processor.py:186} INFO - Started process (PID=5504) to work on /mnt/d/Project/airflow-news/venv/lib/python3.12/site-packages/airflow/example_dags/example_external_task_marker_dag.py
[2024-12-23T06:17:44.573+0700] {processor.py:914} INFO - Processing file /mnt/d/Project/airflow-news/venv/lib/python3.12/site-packages/airflow/example_dags/example_external_task_marker_dag.py for tasks to queue
[2024-12-23T06:17:44.579+0700] {logging_mixin.py:190} INFO - [2024-12-23T06:17:44.577+0700] {dagbag.py:588} INFO - Filling up the DagBag from /mnt/d/Project/airflow-news/venv/lib/python3.12/site-packages/airflow/example_dags/example_external_task_marker_dag.py
[2024-12-23T06:17:44.685+0700] {processor.py:925} INFO - DAG(s) 'example_external_task_marker_child', 'example_external_task_marker_parent' retrieved from /mnt/d/Project/airflow-news/venv/lib/python3.12/site-packages/airflow/example_dags/example_external_task_marker_dag.py
[2024-12-23T06:17:44.739+0700] {logging_mixin.py:190} INFO - [2024-12-23T06:17:44.737+0700] {dag.py:3239} INFO - Sync 2 DAGs
[2024-12-23T06:17:44.762+0700] {logging_mixin.py:190} INFO - [2024-12-23T06:17:44.760+0700] {dag.py:4180} INFO - Setting next_dagrun for example_external_task_marker_child to None, run_after=None
[2024-12-23T06:17:44.773+0700] {logging_mixin.py:190} INFO - [2024-12-23T06:17:44.771+0700] {dag.py:4180} INFO - Setting next_dagrun for example_external_task_marker_parent to None, run_after=None
[2024-12-23T06:17:44.862+0700] {processor.py:208} INFO - Processing /mnt/d/Project/airflow-news/venv/lib/python3.12/site-packages/airflow/example_dags/example_external_task_marker_dag.py took 0.315 seconds
[2024-12-23T06:17:46.010+0700] {processor.py:186} INFO - Started process (PID=5506) to work on /mnt/d/Project/airflow-news/venv/lib/python3.12/site-packages/airflow/example_dags/example_external_task_marker_dag.py
[2024-12-23T06:17:46.012+0700] {processor.py:914} INFO - Processing file /mnt/d/Project/airflow-news/venv/lib/python3.12/site-packages/airflow/example_dags/example_external_task_marker_dag.py for tasks to queue
[2024-12-23T06:17:46.016+0700] {logging_mixin.py:190} INFO - [2024-12-23T06:17:46.015+0700] {dagbag.py:588} INFO - Filling up the DagBag from /mnt/d/Project/airflow-news/venv/lib/python3.12/site-packages/airflow/example_dags/example_external_task_marker_dag.py
[2024-12-23T06:17:46.045+0700] {processor.py:925} INFO - DAG(s) 'example_external_task_marker_child', 'example_external_task_marker_parent' retrieved from /mnt/d/Project/airflow-news/venv/lib/python3.12/site-packages/airflow/example_dags/example_external_task_marker_dag.py
[2024-12-23T06:17:46.090+0700] {logging_mixin.py:190} INFO - [2024-12-23T06:17:46.089+0700] {dag.py:3239} INFO - Sync 2 DAGs
[2024-12-23T06:17:46.106+0700] {logging_mixin.py:190} INFO - [2024-12-23T06:17:46.105+0700] {dag.py:4180} INFO - Setting next_dagrun for example_external_task_marker_child to None, run_after=None
[2024-12-23T06:17:46.114+0700] {logging_mixin.py:190} INFO - [2024-12-23T06:17:46.113+0700] {dag.py:4180} INFO - Setting next_dagrun for example_external_task_marker_parent to None, run_after=None
[2024-12-23T06:17:46.194+0700] {processor.py:208} INFO - Processing /mnt/d/Project/airflow-news/venv/lib/python3.12/site-packages/airflow/example_dags/example_external_task_marker_dag.py took 0.199 seconds
[2024-12-23T06:19:18.031+0700] {processor.py:186} INFO - Started process (PID=5773) to work on /mnt/d/Project/airflow-news/venv/lib/python3.12/site-packages/airflow/example_dags/example_external_task_marker_dag.py
[2024-12-23T06:19:18.033+0700] {processor.py:914} INFO - Processing file /mnt/d/Project/airflow-news/venv/lib/python3.12/site-packages/airflow/example_dags/example_external_task_marker_dag.py for tasks to queue
[2024-12-23T06:19:18.038+0700] {logging_mixin.py:190} INFO - [2024-12-23T06:19:18.036+0700] {dagbag.py:588} INFO - Filling up the DagBag from /mnt/d/Project/airflow-news/venv/lib/python3.12/site-packages/airflow/example_dags/example_external_task_marker_dag.py
[2024-12-23T06:19:18.068+0700] {processor.py:925} INFO - DAG(s) 'example_external_task_marker_child', 'example_external_task_marker_parent' retrieved from /mnt/d/Project/airflow-news/venv/lib/python3.12/site-packages/airflow/example_dags/example_external_task_marker_dag.py
[2024-12-23T06:19:18.125+0700] {logging_mixin.py:190} INFO - [2024-12-23T06:19:18.123+0700] {dag.py:3239} INFO - Sync 2 DAGs
[2024-12-23T06:19:18.146+0700] {logging_mixin.py:190} INFO - [2024-12-23T06:19:18.144+0700] {dag.py:4180} INFO - Setting next_dagrun for example_external_task_marker_child to None, run_after=None
[2024-12-23T06:19:18.156+0700] {logging_mixin.py:190} INFO - [2024-12-23T06:19:18.155+0700] {dag.py:4180} INFO - Setting next_dagrun for example_external_task_marker_parent to None, run_after=None
[2024-12-23T06:19:18.230+0700] {processor.py:208} INFO - Processing /mnt/d/Project/airflow-news/venv/lib/python3.12/site-packages/airflow/example_dags/example_external_task_marker_dag.py took 0.218 seconds
[2024-12-23T06:19:36.729+0700] {processor.py:186} INFO - Started process (PID=5822) to work on /mnt/d/Project/airflow-news/venv/lib/python3.12/site-packages/airflow/example_dags/example_external_task_marker_dag.py
[2024-12-23T06:19:36.731+0700] {processor.py:914} INFO - Processing file /mnt/d/Project/airflow-news/venv/lib/python3.12/site-packages/airflow/example_dags/example_external_task_marker_dag.py for tasks to queue
[2024-12-23T06:19:36.736+0700] {logging_mixin.py:190} INFO - [2024-12-23T06:19:36.734+0700] {dagbag.py:588} INFO - Filling up the DagBag from /mnt/d/Project/airflow-news/venv/lib/python3.12/site-packages/airflow/example_dags/example_external_task_marker_dag.py
[2024-12-23T06:19:36.816+0700] {processor.py:925} INFO - DAG(s) 'example_external_task_marker_parent', 'example_external_task_marker_child' retrieved from /mnt/d/Project/airflow-news/venv/lib/python3.12/site-packages/airflow/example_dags/example_external_task_marker_dag.py
[2024-12-23T06:19:36.862+0700] {logging_mixin.py:190} INFO - [2024-12-23T06:19:36.861+0700] {dag.py:3239} INFO - Sync 2 DAGs
[2024-12-23T06:19:36.883+0700] {logging_mixin.py:190} INFO - [2024-12-23T06:19:36.881+0700] {dag.py:4180} INFO - Setting next_dagrun for example_external_task_marker_child to None, run_after=None
[2024-12-23T06:19:36.893+0700] {logging_mixin.py:190} INFO - [2024-12-23T06:19:36.892+0700] {dag.py:4180} INFO - Setting next_dagrun for example_external_task_marker_parent to None, run_after=None
[2024-12-23T06:19:36.962+0700] {processor.py:208} INFO - Processing /mnt/d/Project/airflow-news/venv/lib/python3.12/site-packages/airflow/example_dags/example_external_task_marker_dag.py took 0.255 seconds
[2024-12-23T06:20:44.215+0700] {processor.py:186} INFO - Started process (PID=6018) to work on /mnt/d/Project/airflow-news/venv/lib/python3.12/site-packages/airflow/example_dags/example_external_task_marker_dag.py
[2024-12-23T06:20:44.217+0700] {processor.py:914} INFO - Processing file /mnt/d/Project/airflow-news/venv/lib/python3.12/site-packages/airflow/example_dags/example_external_task_marker_dag.py for tasks to queue
[2024-12-23T06:20:44.220+0700] {logging_mixin.py:190} INFO - [2024-12-23T06:20:44.219+0700] {dagbag.py:588} INFO - Filling up the DagBag from /mnt/d/Project/airflow-news/venv/lib/python3.12/site-packages/airflow/example_dags/example_external_task_marker_dag.py
[2024-12-23T06:20:44.249+0700] {processor.py:925} INFO - DAG(s) 'example_external_task_marker_parent', 'example_external_task_marker_child' retrieved from /mnt/d/Project/airflow-news/venv/lib/python3.12/site-packages/airflow/example_dags/example_external_task_marker_dag.py
[2024-12-23T06:20:44.315+0700] {logging_mixin.py:190} INFO - [2024-12-23T06:20:44.313+0700] {dag.py:3239} INFO - Sync 2 DAGs
[2024-12-23T06:20:44.352+0700] {logging_mixin.py:190} INFO - [2024-12-23T06:20:44.350+0700] {dag.py:4180} INFO - Setting next_dagrun for example_external_task_marker_child to None, run_after=None
[2024-12-23T06:20:44.363+0700] {logging_mixin.py:190} INFO - [2024-12-23T06:20:44.361+0700] {dag.py:4180} INFO - Setting next_dagrun for example_external_task_marker_parent to None, run_after=None
[2024-12-23T06:20:44.445+0700] {processor.py:208} INFO - Processing /mnt/d/Project/airflow-news/venv/lib/python3.12/site-packages/airflow/example_dags/example_external_task_marker_dag.py took 0.245 seconds
[2024-12-23T06:21:32.917+0700] {processor.py:186} INFO - Started process (PID=6142) to work on /mnt/d/Project/airflow-news/venv/lib/python3.12/site-packages/airflow/example_dags/example_external_task_marker_dag.py
[2024-12-23T06:21:32.920+0700] {processor.py:914} INFO - Processing file /mnt/d/Project/airflow-news/venv/lib/python3.12/site-packages/airflow/example_dags/example_external_task_marker_dag.py for tasks to queue
[2024-12-23T06:21:32.925+0700] {logging_mixin.py:190} INFO - [2024-12-23T06:21:32.923+0700] {dagbag.py:588} INFO - Filling up the DagBag from /mnt/d/Project/airflow-news/venv/lib/python3.12/site-packages/airflow/example_dags/example_external_task_marker_dag.py
[2024-12-23T06:21:33.010+0700] {processor.py:925} INFO - DAG(s) 'example_external_task_marker_child', 'example_external_task_marker_parent' retrieved from /mnt/d/Project/airflow-news/venv/lib/python3.12/site-packages/airflow/example_dags/example_external_task_marker_dag.py
[2024-12-23T06:21:33.056+0700] {logging_mixin.py:190} INFO - [2024-12-23T06:21:33.055+0700] {dag.py:3239} INFO - Sync 2 DAGs
[2024-12-23T06:21:33.078+0700] {logging_mixin.py:190} INFO - [2024-12-23T06:21:33.077+0700] {dag.py:4180} INFO - Setting next_dagrun for example_external_task_marker_child to None, run_after=None
[2024-12-23T06:21:33.086+0700] {logging_mixin.py:190} INFO - [2024-12-23T06:21:33.085+0700] {dag.py:4180} INFO - Setting next_dagrun for example_external_task_marker_parent to None, run_after=None
[2024-12-23T06:21:33.163+0700] {processor.py:208} INFO - Processing /mnt/d/Project/airflow-news/venv/lib/python3.12/site-packages/airflow/example_dags/example_external_task_marker_dag.py took 0.266 seconds
[2024-12-23T06:23:06.167+0700] {processor.py:186} INFO - Started process (PID=6421) to work on /mnt/d/Project/airflow-news/venv/lib/python3.12/site-packages/airflow/example_dags/example_external_task_marker_dag.py
[2024-12-23T06:23:06.170+0700] {processor.py:914} INFO - Processing file /mnt/d/Project/airflow-news/venv/lib/python3.12/site-packages/airflow/example_dags/example_external_task_marker_dag.py for tasks to queue
[2024-12-23T06:23:06.181+0700] {logging_mixin.py:190} INFO - [2024-12-23T06:23:06.179+0700] {dagbag.py:588} INFO - Filling up the DagBag from /mnt/d/Project/airflow-news/venv/lib/python3.12/site-packages/airflow/example_dags/example_external_task_marker_dag.py
[2024-12-23T06:23:06.316+0700] {processor.py:925} INFO - DAG(s) 'example_external_task_marker_child', 'example_external_task_marker_parent' retrieved from /mnt/d/Project/airflow-news/venv/lib/python3.12/site-packages/airflow/example_dags/example_external_task_marker_dag.py
[2024-12-23T06:23:06.382+0700] {logging_mixin.py:190} INFO - [2024-12-23T06:23:06.380+0700] {dag.py:3239} INFO - Sync 2 DAGs
[2024-12-23T06:23:06.415+0700] {logging_mixin.py:190} INFO - [2024-12-23T06:23:06.413+0700] {dag.py:4180} INFO - Setting next_dagrun for example_external_task_marker_child to None, run_after=None
[2024-12-23T06:23:06.433+0700] {logging_mixin.py:190} INFO - [2024-12-23T06:23:06.430+0700] {dag.py:4180} INFO - Setting next_dagrun for example_external_task_marker_parent to None, run_after=None
[2024-12-23T06:23:06.563+0700] {processor.py:208} INFO - Processing /mnt/d/Project/airflow-news/venv/lib/python3.12/site-packages/airflow/example_dags/example_external_task_marker_dag.py took 0.420 seconds
[2024-12-23T06:23:35.785+0700] {processor.py:186} INFO - Started process (PID=6492) to work on /mnt/d/Project/airflow-news/venv/lib/python3.12/site-packages/airflow/example_dags/example_external_task_marker_dag.py
[2024-12-23T06:23:35.788+0700] {processor.py:914} INFO - Processing file /mnt/d/Project/airflow-news/venv/lib/python3.12/site-packages/airflow/example_dags/example_external_task_marker_dag.py for tasks to queue
[2024-12-23T06:23:35.792+0700] {logging_mixin.py:190} INFO - [2024-12-23T06:23:35.791+0700] {dagbag.py:588} INFO - Filling up the DagBag from /mnt/d/Project/airflow-news/venv/lib/python3.12/site-packages/airflow/example_dags/example_external_task_marker_dag.py
[2024-12-23T06:23:35.888+0700] {processor.py:925} INFO - DAG(s) 'example_external_task_marker_parent', 'example_external_task_marker_child' retrieved from /mnt/d/Project/airflow-news/venv/lib/python3.12/site-packages/airflow/example_dags/example_external_task_marker_dag.py
[2024-12-23T06:23:35.936+0700] {logging_mixin.py:190} INFO - [2024-12-23T06:23:35.935+0700] {dag.py:3239} INFO - Sync 2 DAGs
[2024-12-23T06:23:35.959+0700] {logging_mixin.py:190} INFO - [2024-12-23T06:23:35.957+0700] {dag.py:4180} INFO - Setting next_dagrun for example_external_task_marker_child to None, run_after=None
[2024-12-23T06:23:35.968+0700] {logging_mixin.py:190} INFO - [2024-12-23T06:23:35.967+0700] {dag.py:4180} INFO - Setting next_dagrun for example_external_task_marker_parent to None, run_after=None
[2024-12-23T06:23:36.047+0700] {processor.py:208} INFO - Processing /mnt/d/Project/airflow-news/venv/lib/python3.12/site-packages/airflow/example_dags/example_external_task_marker_dag.py took 0.287 seconds
[2024-12-23T06:24:41.687+0700] {processor.py:186} INFO - Started process (PID=6704) to work on /mnt/d/Project/airflow-news/venv/lib/python3.12/site-packages/airflow/example_dags/example_external_task_marker_dag.py
[2024-12-23T06:24:41.689+0700] {processor.py:914} INFO - Processing file /mnt/d/Project/airflow-news/venv/lib/python3.12/site-packages/airflow/example_dags/example_external_task_marker_dag.py for tasks to queue
[2024-12-23T06:24:41.693+0700] {logging_mixin.py:190} INFO - [2024-12-23T06:24:41.692+0700] {dagbag.py:588} INFO - Filling up the DagBag from /mnt/d/Project/airflow-news/venv/lib/python3.12/site-packages/airflow/example_dags/example_external_task_marker_dag.py
[2024-12-23T06:24:41.782+0700] {processor.py:925} INFO - DAG(s) 'example_external_task_marker_child', 'example_external_task_marker_parent' retrieved from /mnt/d/Project/airflow-news/venv/lib/python3.12/site-packages/airflow/example_dags/example_external_task_marker_dag.py
[2024-12-23T06:24:41.826+0700] {logging_mixin.py:190} INFO - [2024-12-23T06:24:41.825+0700] {dag.py:3239} INFO - Sync 2 DAGs
[2024-12-23T06:24:41.844+0700] {logging_mixin.py:190} INFO - [2024-12-23T06:24:41.843+0700] {dag.py:4180} INFO - Setting next_dagrun for example_external_task_marker_child to None, run_after=None
[2024-12-23T06:24:41.852+0700] {logging_mixin.py:190} INFO - [2024-12-23T06:24:41.851+0700] {dag.py:4180} INFO - Setting next_dagrun for example_external_task_marker_parent to None, run_after=None
[2024-12-23T06:24:41.922+0700] {processor.py:208} INFO - Processing /mnt/d/Project/airflow-news/venv/lib/python3.12/site-packages/airflow/example_dags/example_external_task_marker_dag.py took 0.251 seconds
[2024-12-23T06:25:21.923+0700] {processor.py:186} INFO - Started process (PID=6841) to work on /mnt/d/Project/airflow-news/venv/lib/python3.12/site-packages/airflow/example_dags/example_external_task_marker_dag.py
[2024-12-23T06:25:21.925+0700] {processor.py:914} INFO - Processing file /mnt/d/Project/airflow-news/venv/lib/python3.12/site-packages/airflow/example_dags/example_external_task_marker_dag.py for tasks to queue
[2024-12-23T06:25:21.930+0700] {logging_mixin.py:190} INFO - [2024-12-23T06:25:21.928+0700] {dagbag.py:588} INFO - Filling up the DagBag from /mnt/d/Project/airflow-news/venv/lib/python3.12/site-packages/airflow/example_dags/example_external_task_marker_dag.py
[2024-12-23T06:25:22.011+0700] {processor.py:925} INFO - DAG(s) 'example_external_task_marker_child', 'example_external_task_marker_parent' retrieved from /mnt/d/Project/airflow-news/venv/lib/python3.12/site-packages/airflow/example_dags/example_external_task_marker_dag.py
[2024-12-23T06:25:22.056+0700] {logging_mixin.py:190} INFO - [2024-12-23T06:25:22.055+0700] {dag.py:3239} INFO - Sync 2 DAGs
[2024-12-23T06:25:22.076+0700] {logging_mixin.py:190} INFO - [2024-12-23T06:25:22.075+0700] {dag.py:4180} INFO - Setting next_dagrun for example_external_task_marker_child to None, run_after=None
[2024-12-23T06:25:22.085+0700] {logging_mixin.py:190} INFO - [2024-12-23T06:25:22.084+0700] {dag.py:4180} INFO - Setting next_dagrun for example_external_task_marker_parent to None, run_after=None
[2024-12-23T06:25:22.152+0700] {processor.py:208} INFO - Processing /mnt/d/Project/airflow-news/venv/lib/python3.12/site-packages/airflow/example_dags/example_external_task_marker_dag.py took 0.252 seconds
[2024-12-23T06:26:13.269+0700] {processor.py:186} INFO - Started process (PID=6987) to work on /mnt/d/Project/airflow-news/venv/lib/python3.12/site-packages/airflow/example_dags/example_external_task_marker_dag.py
[2024-12-23T06:26:13.272+0700] {processor.py:914} INFO - Processing file /mnt/d/Project/airflow-news/venv/lib/python3.12/site-packages/airflow/example_dags/example_external_task_marker_dag.py for tasks to queue
[2024-12-23T06:26:13.276+0700] {logging_mixin.py:190} INFO - [2024-12-23T06:26:13.275+0700] {dagbag.py:588} INFO - Filling up the DagBag from /mnt/d/Project/airflow-news/venv/lib/python3.12/site-packages/airflow/example_dags/example_external_task_marker_dag.py
[2024-12-23T06:26:13.369+0700] {processor.py:925} INFO - DAG(s) 'example_external_task_marker_parent', 'example_external_task_marker_child' retrieved from /mnt/d/Project/airflow-news/venv/lib/python3.12/site-packages/airflow/example_dags/example_external_task_marker_dag.py
[2024-12-23T06:26:13.419+0700] {logging_mixin.py:190} INFO - [2024-12-23T06:26:13.417+0700] {dag.py:3239} INFO - Sync 2 DAGs
[2024-12-23T06:26:13.444+0700] {logging_mixin.py:190} INFO - [2024-12-23T06:26:13.442+0700] {dag.py:4180} INFO - Setting next_dagrun for example_external_task_marker_child to None, run_after=None
[2024-12-23T06:26:13.453+0700] {logging_mixin.py:190} INFO - [2024-12-23T06:26:13.452+0700] {dag.py:4180} INFO - Setting next_dagrun for example_external_task_marker_parent to None, run_after=None
[2024-12-23T06:26:13.552+0700] {processor.py:208} INFO - Processing /mnt/d/Project/airflow-news/venv/lib/python3.12/site-packages/airflow/example_dags/example_external_task_marker_dag.py took 0.297 seconds
[2024-12-23T06:27:08.276+0700] {processor.py:186} INFO - Started process (PID=7158) to work on /mnt/d/Project/airflow-news/venv/lib/python3.12/site-packages/airflow/example_dags/example_external_task_marker_dag.py
[2024-12-23T06:27:08.278+0700] {processor.py:914} INFO - Processing file /mnt/d/Project/airflow-news/venv/lib/python3.12/site-packages/airflow/example_dags/example_external_task_marker_dag.py for tasks to queue
[2024-12-23T06:27:08.282+0700] {logging_mixin.py:190} INFO - [2024-12-23T06:27:08.281+0700] {dagbag.py:588} INFO - Filling up the DagBag from /mnt/d/Project/airflow-news/venv/lib/python3.12/site-packages/airflow/example_dags/example_external_task_marker_dag.py
[2024-12-23T06:27:08.374+0700] {processor.py:925} INFO - DAG(s) 'example_external_task_marker_child', 'example_external_task_marker_parent' retrieved from /mnt/d/Project/airflow-news/venv/lib/python3.12/site-packages/airflow/example_dags/example_external_task_marker_dag.py
[2024-12-23T06:27:08.418+0700] {logging_mixin.py:190} INFO - [2024-12-23T06:27:08.417+0700] {dag.py:3239} INFO - Sync 2 DAGs
[2024-12-23T06:27:08.437+0700] {logging_mixin.py:190} INFO - [2024-12-23T06:27:08.436+0700] {dag.py:4180} INFO - Setting next_dagrun for example_external_task_marker_child to None, run_after=None
[2024-12-23T06:27:08.445+0700] {logging_mixin.py:190} INFO - [2024-12-23T06:27:08.444+0700] {dag.py:4180} INFO - Setting next_dagrun for example_external_task_marker_parent to None, run_after=None
[2024-12-23T06:27:08.524+0700] {processor.py:208} INFO - Processing /mnt/d/Project/airflow-news/venv/lib/python3.12/site-packages/airflow/example_dags/example_external_task_marker_dag.py took 0.271 seconds
[2024-12-23T06:27:48.165+0700] {processor.py:186} INFO - Started process (PID=7275) to work on /mnt/d/Project/airflow-news/venv/lib/python3.12/site-packages/airflow/example_dags/example_external_task_marker_dag.py
[2024-12-23T06:27:48.168+0700] {processor.py:914} INFO - Processing file /mnt/d/Project/airflow-news/venv/lib/python3.12/site-packages/airflow/example_dags/example_external_task_marker_dag.py for tasks to queue
[2024-12-23T06:27:48.172+0700] {logging_mixin.py:190} INFO - [2024-12-23T06:27:48.171+0700] {dagbag.py:588} INFO - Filling up the DagBag from /mnt/d/Project/airflow-news/venv/lib/python3.12/site-packages/airflow/example_dags/example_external_task_marker_dag.py
[2024-12-23T06:27:48.253+0700] {processor.py:925} INFO - DAG(s) 'example_external_task_marker_child', 'example_external_task_marker_parent' retrieved from /mnt/d/Project/airflow-news/venv/lib/python3.12/site-packages/airflow/example_dags/example_external_task_marker_dag.py
[2024-12-23T06:27:48.295+0700] {logging_mixin.py:190} INFO - [2024-12-23T06:27:48.294+0700] {dag.py:3239} INFO - Sync 2 DAGs
[2024-12-23T06:27:48.315+0700] {logging_mixin.py:190} INFO - [2024-12-23T06:27:48.313+0700] {dag.py:4180} INFO - Setting next_dagrun for example_external_task_marker_child to None, run_after=None
[2024-12-23T06:27:48.323+0700] {logging_mixin.py:190} INFO - [2024-12-23T06:27:48.322+0700] {dag.py:4180} INFO - Setting next_dagrun for example_external_task_marker_parent to None, run_after=None
[2024-12-23T06:27:48.395+0700] {processor.py:208} INFO - Processing /mnt/d/Project/airflow-news/venv/lib/python3.12/site-packages/airflow/example_dags/example_external_task_marker_dag.py took 0.243 seconds
[2024-12-23T06:28:55.853+0700] {processor.py:186} INFO - Started process (PID=7473) to work on /mnt/d/Project/airflow-news/venv/lib/python3.12/site-packages/airflow/example_dags/example_external_task_marker_dag.py
[2024-12-23T06:28:55.855+0700] {processor.py:914} INFO - Processing file /mnt/d/Project/airflow-news/venv/lib/python3.12/site-packages/airflow/example_dags/example_external_task_marker_dag.py for tasks to queue
[2024-12-23T06:28:55.859+0700] {logging_mixin.py:190} INFO - [2024-12-23T06:28:55.858+0700] {dagbag.py:588} INFO - Filling up the DagBag from /mnt/d/Project/airflow-news/venv/lib/python3.12/site-packages/airflow/example_dags/example_external_task_marker_dag.py
[2024-12-23T06:28:55.948+0700] {processor.py:925} INFO - DAG(s) 'example_external_task_marker_child', 'example_external_task_marker_parent' retrieved from /mnt/d/Project/airflow-news/venv/lib/python3.12/site-packages/airflow/example_dags/example_external_task_marker_dag.py
[2024-12-23T06:28:55.995+0700] {logging_mixin.py:190} INFO - [2024-12-23T06:28:55.994+0700] {dag.py:3239} INFO - Sync 2 DAGs
[2024-12-23T06:28:56.017+0700] {logging_mixin.py:190} INFO - [2024-12-23T06:28:56.016+0700] {dag.py:4180} INFO - Setting next_dagrun for example_external_task_marker_child to None, run_after=None
[2024-12-23T06:28:56.027+0700] {logging_mixin.py:190} INFO - [2024-12-23T06:28:56.025+0700] {dag.py:4180} INFO - Setting next_dagrun for example_external_task_marker_parent to None, run_after=None
[2024-12-23T06:28:56.103+0700] {processor.py:208} INFO - Processing /mnt/d/Project/airflow-news/venv/lib/python3.12/site-packages/airflow/example_dags/example_external_task_marker_dag.py took 0.271 seconds
[2024-12-23T06:29:22.401+0700] {processor.py:186} INFO - Started process (PID=7548) to work on /mnt/d/Project/airflow-news/venv/lib/python3.12/site-packages/airflow/example_dags/example_external_task_marker_dag.py
[2024-12-23T06:29:22.404+0700] {processor.py:914} INFO - Processing file /mnt/d/Project/airflow-news/venv/lib/python3.12/site-packages/airflow/example_dags/example_external_task_marker_dag.py for tasks to queue
[2024-12-23T06:29:22.411+0700] {logging_mixin.py:190} INFO - [2024-12-23T06:29:22.409+0700] {dagbag.py:588} INFO - Filling up the DagBag from /mnt/d/Project/airflow-news/venv/lib/python3.12/site-packages/airflow/example_dags/example_external_task_marker_dag.py
[2024-12-23T06:29:22.517+0700] {processor.py:925} INFO - DAG(s) 'example_external_task_marker_parent', 'example_external_task_marker_child' retrieved from /mnt/d/Project/airflow-news/venv/lib/python3.12/site-packages/airflow/example_dags/example_external_task_marker_dag.py
[2024-12-23T06:29:22.563+0700] {logging_mixin.py:190} INFO - [2024-12-23T06:29:22.562+0700] {dag.py:3239} INFO - Sync 2 DAGs
[2024-12-23T06:29:22.586+0700] {logging_mixin.py:190} INFO - [2024-12-23T06:29:22.585+0700] {dag.py:4180} INFO - Setting next_dagrun for example_external_task_marker_child to None, run_after=None
[2024-12-23T06:29:22.596+0700] {logging_mixin.py:190} INFO - [2024-12-23T06:29:22.594+0700] {dag.py:4180} INFO - Setting next_dagrun for example_external_task_marker_parent to None, run_after=None
[2024-12-23T06:29:22.679+0700] {processor.py:208} INFO - Processing /mnt/d/Project/airflow-news/venv/lib/python3.12/site-packages/airflow/example_dags/example_external_task_marker_dag.py took 0.297 seconds
[2024-12-23T06:30:42.390+0700] {processor.py:186} INFO - Started process (PID=7790) to work on /mnt/d/Project/airflow-news/venv/lib/python3.12/site-packages/airflow/example_dags/example_external_task_marker_dag.py
[2024-12-23T06:30:42.392+0700] {processor.py:914} INFO - Processing file /mnt/d/Project/airflow-news/venv/lib/python3.12/site-packages/airflow/example_dags/example_external_task_marker_dag.py for tasks to queue
[2024-12-23T06:30:42.397+0700] {logging_mixin.py:190} INFO - [2024-12-23T06:30:42.395+0700] {dagbag.py:588} INFO - Filling up the DagBag from /mnt/d/Project/airflow-news/venv/lib/python3.12/site-packages/airflow/example_dags/example_external_task_marker_dag.py
[2024-12-23T06:30:42.478+0700] {processor.py:925} INFO - DAG(s) 'example_external_task_marker_child', 'example_external_task_marker_parent' retrieved from /mnt/d/Project/airflow-news/venv/lib/python3.12/site-packages/airflow/example_dags/example_external_task_marker_dag.py
[2024-12-23T06:30:42.520+0700] {logging_mixin.py:190} INFO - [2024-12-23T06:30:42.519+0700] {dag.py:3239} INFO - Sync 2 DAGs
[2024-12-23T06:30:42.540+0700] {logging_mixin.py:190} INFO - [2024-12-23T06:30:42.538+0700] {dag.py:4180} INFO - Setting next_dagrun for example_external_task_marker_child to None, run_after=None
[2024-12-23T06:30:42.550+0700] {logging_mixin.py:190} INFO - [2024-12-23T06:30:42.549+0700] {dag.py:4180} INFO - Setting next_dagrun for example_external_task_marker_parent to None, run_after=None
[2024-12-23T06:30:42.618+0700] {processor.py:208} INFO - Processing /mnt/d/Project/airflow-news/venv/lib/python3.12/site-packages/airflow/example_dags/example_external_task_marker_dag.py took 0.247 seconds
[2024-12-23T06:30:49.880+0700] {processor.py:186} INFO - Started process (PID=7807) to work on /mnt/d/Project/airflow-news/venv/lib/python3.12/site-packages/airflow/example_dags/example_external_task_marker_dag.py
[2024-12-23T06:30:49.882+0700] {processor.py:914} INFO - Processing file /mnt/d/Project/airflow-news/venv/lib/python3.12/site-packages/airflow/example_dags/example_external_task_marker_dag.py for tasks to queue
[2024-12-23T06:30:49.887+0700] {logging_mixin.py:190} INFO - [2024-12-23T06:30:49.886+0700] {dagbag.py:588} INFO - Filling up the DagBag from /mnt/d/Project/airflow-news/venv/lib/python3.12/site-packages/airflow/example_dags/example_external_task_marker_dag.py
[2024-12-23T06:30:49.964+0700] {processor.py:925} INFO - DAG(s) 'example_external_task_marker_parent', 'example_external_task_marker_child' retrieved from /mnt/d/Project/airflow-news/venv/lib/python3.12/site-packages/airflow/example_dags/example_external_task_marker_dag.py
[2024-12-23T06:30:50.005+0700] {logging_mixin.py:190} INFO - [2024-12-23T06:30:50.004+0700] {dag.py:3239} INFO - Sync 2 DAGs
[2024-12-23T06:30:50.023+0700] {logging_mixin.py:190} INFO - [2024-12-23T06:30:50.022+0700] {dag.py:4180} INFO - Setting next_dagrun for example_external_task_marker_child to None, run_after=None
[2024-12-23T06:30:50.032+0700] {logging_mixin.py:190} INFO - [2024-12-23T06:30:50.030+0700] {dag.py:4180} INFO - Setting next_dagrun for example_external_task_marker_parent to None, run_after=None
[2024-12-23T06:30:50.097+0700] {processor.py:208} INFO - Processing /mnt/d/Project/airflow-news/venv/lib/python3.12/site-packages/airflow/example_dags/example_external_task_marker_dag.py took 0.231 seconds
[2024-12-23T06:32:24.744+0700] {processor.py:186} INFO - Started process (PID=8086) to work on /mnt/d/Project/airflow-news/venv/lib/python3.12/site-packages/airflow/example_dags/example_external_task_marker_dag.py
[2024-12-23T06:32:24.747+0700] {processor.py:914} INFO - Processing file /mnt/d/Project/airflow-news/venv/lib/python3.12/site-packages/airflow/example_dags/example_external_task_marker_dag.py for tasks to queue
[2024-12-23T06:32:24.753+0700] {logging_mixin.py:190} INFO - [2024-12-23T06:32:24.752+0700] {dagbag.py:588} INFO - Filling up the DagBag from /mnt/d/Project/airflow-news/venv/lib/python3.12/site-packages/airflow/example_dags/example_external_task_marker_dag.py
[2024-12-23T06:32:24.848+0700] {processor.py:925} INFO - DAG(s) 'example_external_task_marker_parent', 'example_external_task_marker_child' retrieved from /mnt/d/Project/airflow-news/venv/lib/python3.12/site-packages/airflow/example_dags/example_external_task_marker_dag.py
[2024-12-23T06:32:24.906+0700] {logging_mixin.py:190} INFO - [2024-12-23T06:32:24.905+0700] {dag.py:3239} INFO - Sync 2 DAGs
[2024-12-23T06:32:24.929+0700] {logging_mixin.py:190} INFO - [2024-12-23T06:32:24.927+0700] {dag.py:4180} INFO - Setting next_dagrun for example_external_task_marker_child to None, run_after=None
[2024-12-23T06:32:24.939+0700] {logging_mixin.py:190} INFO - [2024-12-23T06:32:24.937+0700] {dag.py:4180} INFO - Setting next_dagrun for example_external_task_marker_parent to None, run_after=None
[2024-12-23T06:32:25.015+0700] {processor.py:208} INFO - Processing /mnt/d/Project/airflow-news/venv/lib/python3.12/site-packages/airflow/example_dags/example_external_task_marker_dag.py took 0.287 seconds
[2024-12-23T06:32:31.859+0700] {processor.py:186} INFO - Started process (PID=8109) to work on /mnt/d/Project/airflow-news/venv/lib/python3.12/site-packages/airflow/example_dags/example_external_task_marker_dag.py
[2024-12-23T06:32:31.861+0700] {processor.py:914} INFO - Processing file /mnt/d/Project/airflow-news/venv/lib/python3.12/site-packages/airflow/example_dags/example_external_task_marker_dag.py for tasks to queue
[2024-12-23T06:32:31.866+0700] {logging_mixin.py:190} INFO - [2024-12-23T06:32:31.864+0700] {dagbag.py:588} INFO - Filling up the DagBag from /mnt/d/Project/airflow-news/venv/lib/python3.12/site-packages/airflow/example_dags/example_external_task_marker_dag.py
[2024-12-23T06:32:31.943+0700] {processor.py:925} INFO - DAG(s) 'example_external_task_marker_child', 'example_external_task_marker_parent' retrieved from /mnt/d/Project/airflow-news/venv/lib/python3.12/site-packages/airflow/example_dags/example_external_task_marker_dag.py
[2024-12-23T06:32:31.983+0700] {logging_mixin.py:190} INFO - [2024-12-23T06:32:31.982+0700] {dag.py:3239} INFO - Sync 2 DAGs
[2024-12-23T06:32:32.003+0700] {logging_mixin.py:190} INFO - [2024-12-23T06:32:32.002+0700] {dag.py:4180} INFO - Setting next_dagrun for example_external_task_marker_child to None, run_after=None
[2024-12-23T06:32:32.012+0700] {logging_mixin.py:190} INFO - [2024-12-23T06:32:32.010+0700] {dag.py:4180} INFO - Setting next_dagrun for example_external_task_marker_parent to None, run_after=None
[2024-12-23T06:32:32.080+0700] {processor.py:208} INFO - Processing /mnt/d/Project/airflow-news/venv/lib/python3.12/site-packages/airflow/example_dags/example_external_task_marker_dag.py took 0.242 seconds
[2024-12-23T06:33:59.517+0700] {processor.py:186} INFO - Started process (PID=8389) to work on /mnt/d/Project/airflow-news/venv/lib/python3.12/site-packages/airflow/example_dags/example_external_task_marker_dag.py
[2024-12-23T06:33:59.519+0700] {processor.py:914} INFO - Processing file /mnt/d/Project/airflow-news/venv/lib/python3.12/site-packages/airflow/example_dags/example_external_task_marker_dag.py for tasks to queue
[2024-12-23T06:33:59.525+0700] {logging_mixin.py:190} INFO - [2024-12-23T06:33:59.523+0700] {dagbag.py:588} INFO - Filling up the DagBag from /mnt/d/Project/airflow-news/venv/lib/python3.12/site-packages/airflow/example_dags/example_external_task_marker_dag.py
[2024-12-23T06:33:59.627+0700] {processor.py:925} INFO - DAG(s) 'example_external_task_marker_parent', 'example_external_task_marker_child' retrieved from /mnt/d/Project/airflow-news/venv/lib/python3.12/site-packages/airflow/example_dags/example_external_task_marker_dag.py
[2024-12-23T06:33:59.673+0700] {logging_mixin.py:190} INFO - [2024-12-23T06:33:59.672+0700] {dag.py:3239} INFO - Sync 2 DAGs
[2024-12-23T06:33:59.692+0700] {logging_mixin.py:190} INFO - [2024-12-23T06:33:59.691+0700] {dag.py:4180} INFO - Setting next_dagrun for example_external_task_marker_child to None, run_after=None
[2024-12-23T06:33:59.700+0700] {logging_mixin.py:190} INFO - [2024-12-23T06:33:59.699+0700] {dag.py:4180} INFO - Setting next_dagrun for example_external_task_marker_parent to None, run_after=None
[2024-12-23T06:33:59.774+0700] {processor.py:208} INFO - Processing /mnt/d/Project/airflow-news/venv/lib/python3.12/site-packages/airflow/example_dags/example_external_task_marker_dag.py took 0.272 seconds
[2024-12-23T06:34:18.193+0700] {processor.py:186} INFO - Started process (PID=8435) to work on /mnt/d/Project/airflow-news/venv/lib/python3.12/site-packages/airflow/example_dags/example_external_task_marker_dag.py
[2024-12-23T06:34:18.194+0700] {processor.py:914} INFO - Processing file /mnt/d/Project/airflow-news/venv/lib/python3.12/site-packages/airflow/example_dags/example_external_task_marker_dag.py for tasks to queue
[2024-12-23T06:34:18.199+0700] {logging_mixin.py:190} INFO - [2024-12-23T06:34:18.197+0700] {dagbag.py:588} INFO - Filling up the DagBag from /mnt/d/Project/airflow-news/venv/lib/python3.12/site-packages/airflow/example_dags/example_external_task_marker_dag.py
[2024-12-23T06:34:18.292+0700] {processor.py:925} INFO - DAG(s) 'example_external_task_marker_parent', 'example_external_task_marker_child' retrieved from /mnt/d/Project/airflow-news/venv/lib/python3.12/site-packages/airflow/example_dags/example_external_task_marker_dag.py
[2024-12-23T06:34:18.336+0700] {logging_mixin.py:190} INFO - [2024-12-23T06:34:18.334+0700] {dag.py:3239} INFO - Sync 2 DAGs
[2024-12-23T06:34:18.356+0700] {logging_mixin.py:190} INFO - [2024-12-23T06:34:18.354+0700] {dag.py:4180} INFO - Setting next_dagrun for example_external_task_marker_child to None, run_after=None
[2024-12-23T06:34:18.365+0700] {logging_mixin.py:190} INFO - [2024-12-23T06:34:18.364+0700] {dag.py:4180} INFO - Setting next_dagrun for example_external_task_marker_parent to None, run_after=None
[2024-12-23T06:34:18.438+0700] {processor.py:208} INFO - Processing /mnt/d/Project/airflow-news/venv/lib/python3.12/site-packages/airflow/example_dags/example_external_task_marker_dag.py took 0.269 seconds
[2024-12-23T06:36:44.894+0700] {processor.py:186} INFO - Started process (PID=8861) to work on /mnt/d/Project/airflow-news/venv/lib/python3.12/site-packages/airflow/example_dags/example_external_task_marker_dag.py
[2024-12-23T06:36:44.896+0700] {processor.py:914} INFO - Processing file /mnt/d/Project/airflow-news/venv/lib/python3.12/site-packages/airflow/example_dags/example_external_task_marker_dag.py for tasks to queue
[2024-12-23T06:36:44.902+0700] {logging_mixin.py:190} INFO - [2024-12-23T06:36:44.900+0700] {dagbag.py:588} INFO - Filling up the DagBag from /mnt/d/Project/airflow-news/venv/lib/python3.12/site-packages/airflow/example_dags/example_external_task_marker_dag.py
[2024-12-23T06:36:44.993+0700] {processor.py:925} INFO - DAG(s) 'example_external_task_marker_parent', 'example_external_task_marker_child' retrieved from /mnt/d/Project/airflow-news/venv/lib/python3.12/site-packages/airflow/example_dags/example_external_task_marker_dag.py
[2024-12-23T06:36:45.038+0700] {logging_mixin.py:190} INFO - [2024-12-23T06:36:45.037+0700] {dag.py:3239} INFO - Sync 2 DAGs
[2024-12-23T06:36:45.062+0700] {logging_mixin.py:190} INFO - [2024-12-23T06:36:45.061+0700] {dag.py:4180} INFO - Setting next_dagrun for example_external_task_marker_child to None, run_after=None
[2024-12-23T06:36:45.071+0700] {logging_mixin.py:190} INFO - [2024-12-23T06:36:45.070+0700] {dag.py:4180} INFO - Setting next_dagrun for example_external_task_marker_parent to None, run_after=None
[2024-12-23T06:36:45.142+0700] {processor.py:208} INFO - Processing /mnt/d/Project/airflow-news/venv/lib/python3.12/site-packages/airflow/example_dags/example_external_task_marker_dag.py took 0.267 seconds
[2024-12-23T06:37:02.135+0700] {processor.py:186} INFO - Started process (PID=8907) to work on /mnt/d/Project/airflow-news/venv/lib/python3.12/site-packages/airflow/example_dags/example_external_task_marker_dag.py
[2024-12-23T06:37:02.137+0700] {processor.py:914} INFO - Processing file /mnt/d/Project/airflow-news/venv/lib/python3.12/site-packages/airflow/example_dags/example_external_task_marker_dag.py for tasks to queue
[2024-12-23T06:37:02.141+0700] {logging_mixin.py:190} INFO - [2024-12-23T06:37:02.140+0700] {dagbag.py:588} INFO - Filling up the DagBag from /mnt/d/Project/airflow-news/venv/lib/python3.12/site-packages/airflow/example_dags/example_external_task_marker_dag.py
[2024-12-23T06:37:02.198+0700] {processor.py:925} INFO - DAG(s) 'example_external_task_marker_child', 'example_external_task_marker_parent' retrieved from /mnt/d/Project/airflow-news/venv/lib/python3.12/site-packages/airflow/example_dags/example_external_task_marker_dag.py
[2024-12-23T06:37:02.247+0700] {logging_mixin.py:190} INFO - [2024-12-23T06:37:02.246+0700] {dag.py:3239} INFO - Sync 2 DAGs
[2024-12-23T06:37:02.269+0700] {logging_mixin.py:190} INFO - [2024-12-23T06:37:02.267+0700] {dag.py:4180} INFO - Setting next_dagrun for example_external_task_marker_child to None, run_after=None
[2024-12-23T06:37:02.277+0700] {logging_mixin.py:190} INFO - [2024-12-23T06:37:02.276+0700] {dag.py:4180} INFO - Setting next_dagrun for example_external_task_marker_parent to None, run_after=None
[2024-12-23T06:37:02.350+0700] {processor.py:208} INFO - Processing /mnt/d/Project/airflow-news/venv/lib/python3.12/site-packages/airflow/example_dags/example_external_task_marker_dag.py took 0.229 seconds
[2024-12-23T06:38:38.181+0700] {processor.py:186} INFO - Started process (PID=9251) to work on /mnt/d/Project/airflow-news/venv/lib/python3.12/site-packages/airflow/example_dags/example_external_task_marker_dag.py
[2024-12-23T06:38:38.185+0700] {processor.py:914} INFO - Processing file /mnt/d/Project/airflow-news/venv/lib/python3.12/site-packages/airflow/example_dags/example_external_task_marker_dag.py for tasks to queue
[2024-12-23T06:38:38.200+0700] {logging_mixin.py:190} INFO - [2024-12-23T06:38:38.194+0700] {dagbag.py:588} INFO - Filling up the DagBag from /mnt/d/Project/airflow-news/venv/lib/python3.12/site-packages/airflow/example_dags/example_external_task_marker_dag.py
[2024-12-23T06:38:38.322+0700] {processor.py:925} INFO - DAG(s) 'example_external_task_marker_child', 'example_external_task_marker_parent' retrieved from /mnt/d/Project/airflow-news/venv/lib/python3.12/site-packages/airflow/example_dags/example_external_task_marker_dag.py
[2024-12-23T06:38:38.369+0700] {logging_mixin.py:190} INFO - [2024-12-23T06:38:38.367+0700] {dag.py:3239} INFO - Sync 2 DAGs
[2024-12-23T06:38:38.400+0700] {logging_mixin.py:190} INFO - [2024-12-23T06:38:38.399+0700] {dag.py:4180} INFO - Setting next_dagrun for example_external_task_marker_child to None, run_after=None
[2024-12-23T06:38:38.413+0700] {logging_mixin.py:190} INFO - [2024-12-23T06:38:38.411+0700] {dag.py:4180} INFO - Setting next_dagrun for example_external_task_marker_parent to None, run_after=None
[2024-12-23T06:38:38.560+0700] {processor.py:208} INFO - Processing /mnt/d/Project/airflow-news/venv/lib/python3.12/site-packages/airflow/example_dags/example_external_task_marker_dag.py took 0.419 seconds
[2024-12-23T06:38:48.255+0700] {processor.py:186} INFO - Started process (PID=9271) to work on /mnt/d/Project/airflow-news/venv/lib/python3.12/site-packages/airflow/example_dags/example_external_task_marker_dag.py
[2024-12-23T06:38:48.258+0700] {processor.py:914} INFO - Processing file /mnt/d/Project/airflow-news/venv/lib/python3.12/site-packages/airflow/example_dags/example_external_task_marker_dag.py for tasks to queue
[2024-12-23T06:38:48.264+0700] {logging_mixin.py:190} INFO - [2024-12-23T06:38:48.262+0700] {dagbag.py:588} INFO - Filling up the DagBag from /mnt/d/Project/airflow-news/venv/lib/python3.12/site-packages/airflow/example_dags/example_external_task_marker_dag.py
[2024-12-23T06:38:48.370+0700] {processor.py:925} INFO - DAG(s) 'example_external_task_marker_parent', 'example_external_task_marker_child' retrieved from /mnt/d/Project/airflow-news/venv/lib/python3.12/site-packages/airflow/example_dags/example_external_task_marker_dag.py
[2024-12-23T06:38:48.426+0700] {logging_mixin.py:190} INFO - [2024-12-23T06:38:48.425+0700] {dag.py:3239} INFO - Sync 2 DAGs
[2024-12-23T06:38:48.451+0700] {logging_mixin.py:190} INFO - [2024-12-23T06:38:48.449+0700] {dag.py:4180} INFO - Setting next_dagrun for example_external_task_marker_child to None, run_after=None
[2024-12-23T06:38:48.461+0700] {logging_mixin.py:190} INFO - [2024-12-23T06:38:48.459+0700] {dag.py:4180} INFO - Setting next_dagrun for example_external_task_marker_parent to None, run_after=None
[2024-12-23T06:38:48.562+0700] {processor.py:208} INFO - Processing /mnt/d/Project/airflow-news/venv/lib/python3.12/site-packages/airflow/example_dags/example_external_task_marker_dag.py took 0.331 seconds
