[2024-12-23T05:45:32.430+0700] {processor.py:186} INFO - Started process (PID=1391) to work on /mnt/d/Project/airflow-news/venv/lib/python3.12/site-packages/airflow/example_dags/example_params_ui_tutorial.py
[2024-12-23T05:45:32.432+0700] {processor.py:914} INFO - Processing file /mnt/d/Project/airflow-news/venv/lib/python3.12/site-packages/airflow/example_dags/example_params_ui_tutorial.py for tasks to queue
[2024-12-23T05:45:32.437+0700] {logging_mixin.py:190} INFO - [2024-12-23T05:45:32.435+0700] {dagbag.py:588} INFO - Filling up the DagBag from /mnt/d/Project/airflow-news/venv/lib/python3.12/site-packages/airflow/example_dags/example_params_ui_tutorial.py
[2024-12-23T05:45:32.537+0700] {processor.py:925} INFO - DAG(s) 'example_params_ui_tutorial' retrieved from /mnt/d/Project/airflow-news/venv/lib/python3.12/site-packages/airflow/example_dags/example_params_ui_tutorial.py
[2024-12-23T05:45:34.359+0700] {logging_mixin.py:190} INFO - [2024-12-23T05:45:34.356+0700] {override.py:1911} INFO - Created Permission View: can edit on DAG:example_params_ui_tutorial
[2024-12-23T05:45:34.428+0700] {logging_mixin.py:190} INFO - [2024-12-23T05:45:34.425+0700] {override.py:1911} INFO - Created Permission View: can read on DAG:example_params_ui_tutorial
[2024-12-23T05:45:34.489+0700] {logging_mixin.py:190} INFO - [2024-12-23T05:45:34.487+0700] {override.py:1911} INFO - Created Permission View: can delete on DAG:example_params_ui_tutorial
[2024-12-23T05:45:34.576+0700] {logging_mixin.py:190} INFO - [2024-12-23T05:45:34.575+0700] {override.py:1911} INFO - Created Permission View: can read on DAG Run:example_params_ui_tutorial
[2024-12-23T05:45:34.631+0700] {logging_mixin.py:190} INFO - [2024-12-23T05:45:34.629+0700] {override.py:1911} INFO - Created Permission View: can delete on DAG Run:example_params_ui_tutorial
[2024-12-23T05:45:34.686+0700] {logging_mixin.py:190} INFO - [2024-12-23T05:45:34.684+0700] {override.py:1911} INFO - Created Permission View: menu access on DAG Run:example_params_ui_tutorial
[2024-12-23T05:45:34.743+0700] {logging_mixin.py:190} INFO - [2024-12-23T05:45:34.740+0700] {override.py:1911} INFO - Created Permission View: can create on DAG Run:example_params_ui_tutorial
[2024-12-23T05:45:34.746+0700] {logging_mixin.py:190} INFO - [2024-12-23T05:45:34.745+0700] {dag.py:3239} INFO - Sync 1 DAGs
[2024-12-23T05:45:34.777+0700] {logging_mixin.py:190} INFO - [2024-12-23T05:45:34.775+0700] {dag.py:3262} INFO - Creating ORM DAG for example_params_ui_tutorial
[2024-12-23T05:45:34.781+0700] {logging_mixin.py:190} INFO - [2024-12-23T05:45:34.779+0700] {dag.py:4180} INFO - Setting next_dagrun for example_params_ui_tutorial to None, run_after=None
[2024-12-23T05:45:34.882+0700] {processor.py:208} INFO - Processing /mnt/d/Project/airflow-news/venv/lib/python3.12/site-packages/airflow/example_dags/example_params_ui_tutorial.py took 2.468 seconds
[2024-12-23T05:53:09.786+0700] {processor.py:186} INFO - Started process (PID=1753) to work on /mnt/d/Project/airflow-news/venv/lib/python3.12/site-packages/airflow/example_dags/example_params_ui_tutorial.py
[2024-12-23T05:53:09.788+0700] {processor.py:914} INFO - Processing file /mnt/d/Project/airflow-news/venv/lib/python3.12/site-packages/airflow/example_dags/example_params_ui_tutorial.py for tasks to queue
[2024-12-23T05:53:09.791+0700] {logging_mixin.py:190} INFO - [2024-12-23T05:53:09.790+0700] {dagbag.py:588} INFO - Filling up the DagBag from /mnt/d/Project/airflow-news/venv/lib/python3.12/site-packages/airflow/example_dags/example_params_ui_tutorial.py
[2024-12-23T05:53:09.883+0700] {processor.py:925} INFO - DAG(s) 'example_params_ui_tutorial' retrieved from /mnt/d/Project/airflow-news/venv/lib/python3.12/site-packages/airflow/example_dags/example_params_ui_tutorial.py
[2024-12-23T05:53:11.559+0700] {logging_mixin.py:190} INFO - [2024-12-23T05:53:11.558+0700] {dag.py:3239} INFO - Sync 1 DAGs
[2024-12-23T05:53:11.575+0700] {logging_mixin.py:190} INFO - [2024-12-23T05:53:11.574+0700] {dag.py:4180} INFO - Setting next_dagrun for example_params_ui_tutorial to None, run_after=None
[2024-12-23T05:53:11.664+0700] {processor.py:208} INFO - Processing /mnt/d/Project/airflow-news/venv/lib/python3.12/site-packages/airflow/example_dags/example_params_ui_tutorial.py took 1.892 seconds
[2024-12-23T05:53:39.779+0700] {processor.py:186} INFO - Started process (PID=1824) to work on /mnt/d/Project/airflow-news/venv/lib/python3.12/site-packages/airflow/example_dags/example_params_ui_tutorial.py
[2024-12-23T05:53:39.782+0700] {processor.py:914} INFO - Processing file /mnt/d/Project/airflow-news/venv/lib/python3.12/site-packages/airflow/example_dags/example_params_ui_tutorial.py for tasks to queue
[2024-12-23T05:53:39.788+0700] {logging_mixin.py:190} INFO - [2024-12-23T05:53:39.786+0700] {dagbag.py:588} INFO - Filling up the DagBag from /mnt/d/Project/airflow-news/venv/lib/python3.12/site-packages/airflow/example_dags/example_params_ui_tutorial.py
[2024-12-23T05:53:39.880+0700] {processor.py:925} INFO - DAG(s) 'example_params_ui_tutorial' retrieved from /mnt/d/Project/airflow-news/venv/lib/python3.12/site-packages/airflow/example_dags/example_params_ui_tutorial.py
[2024-12-23T05:53:39.909+0700] {logging_mixin.py:190} INFO - [2024-12-23T05:53:39.907+0700] {dag.py:3239} INFO - Sync 1 DAGs
[2024-12-23T05:53:39.948+0700] {logging_mixin.py:190} INFO - [2024-12-23T05:53:39.946+0700] {dag.py:4180} INFO - Setting next_dagrun for example_params_ui_tutorial to None, run_after=None
[2024-12-23T05:53:40.049+0700] {processor.py:208} INFO - Processing /mnt/d/Project/airflow-news/venv/lib/python3.12/site-packages/airflow/example_dags/example_params_ui_tutorial.py took 0.290 seconds
[2024-12-23T05:55:22.900+0700] {processor.py:186} INFO - Started process (PID=2110) to work on /mnt/d/Project/airflow-news/venv/lib/python3.12/site-packages/airflow/example_dags/example_params_ui_tutorial.py
[2024-12-23T05:55:22.903+0700] {processor.py:914} INFO - Processing file /mnt/d/Project/airflow-news/venv/lib/python3.12/site-packages/airflow/example_dags/example_params_ui_tutorial.py for tasks to queue
[2024-12-23T05:55:22.908+0700] {logging_mixin.py:190} INFO - [2024-12-23T05:55:22.907+0700] {dagbag.py:588} INFO - Filling up the DagBag from /mnt/d/Project/airflow-news/venv/lib/python3.12/site-packages/airflow/example_dags/example_params_ui_tutorial.py
[2024-12-23T05:55:22.995+0700] {processor.py:925} INFO - DAG(s) 'example_params_ui_tutorial' retrieved from /mnt/d/Project/airflow-news/venv/lib/python3.12/site-packages/airflow/example_dags/example_params_ui_tutorial.py
[2024-12-23T05:55:23.055+0700] {logging_mixin.py:190} INFO - [2024-12-23T05:55:23.053+0700] {dag.py:3239} INFO - Sync 1 DAGs
[2024-12-23T05:55:23.077+0700] {logging_mixin.py:190} INFO - [2024-12-23T05:55:23.076+0700] {dag.py:4180} INFO - Setting next_dagrun for example_params_ui_tutorial to None, run_after=None
[2024-12-23T05:55:23.152+0700] {processor.py:208} INFO - Processing /mnt/d/Project/airflow-news/venv/lib/python3.12/site-packages/airflow/example_dags/example_params_ui_tutorial.py took 0.269 seconds
[2024-12-23T05:56:53.150+0700] {processor.py:186} INFO - Started process (PID=2290) to work on /mnt/d/Project/airflow-news/venv/lib/python3.12/site-packages/airflow/example_dags/example_params_ui_tutorial.py
[2024-12-23T05:56:53.153+0700] {processor.py:914} INFO - Processing file /mnt/d/Project/airflow-news/venv/lib/python3.12/site-packages/airflow/example_dags/example_params_ui_tutorial.py for tasks to queue
[2024-12-23T05:56:53.158+0700] {logging_mixin.py:190} INFO - [2024-12-23T05:56:53.156+0700] {dagbag.py:588} INFO - Filling up the DagBag from /mnt/d/Project/airflow-news/venv/lib/python3.12/site-packages/airflow/example_dags/example_params_ui_tutorial.py
[2024-12-23T05:56:53.251+0700] {processor.py:925} INFO - DAG(s) 'example_params_ui_tutorial' retrieved from /mnt/d/Project/airflow-news/venv/lib/python3.12/site-packages/airflow/example_dags/example_params_ui_tutorial.py
[2024-12-23T05:56:53.312+0700] {logging_mixin.py:190} INFO - [2024-12-23T05:56:53.311+0700] {dag.py:3239} INFO - Sync 1 DAGs
[2024-12-23T05:56:53.334+0700] {logging_mixin.py:190} INFO - [2024-12-23T05:56:53.331+0700] {dag.py:4180} INFO - Setting next_dagrun for example_params_ui_tutorial to None, run_after=None
[2024-12-23T05:56:53.408+0700] {processor.py:208} INFO - Processing /mnt/d/Project/airflow-news/venv/lib/python3.12/site-packages/airflow/example_dags/example_params_ui_tutorial.py took 0.273 seconds
[2024-12-23T05:58:29.470+0700] {processor.py:186} INFO - Started process (PID=2520) to work on /mnt/d/Project/airflow-news/venv/lib/python3.12/site-packages/airflow/example_dags/example_params_ui_tutorial.py
[2024-12-23T05:58:29.473+0700] {processor.py:914} INFO - Processing file /mnt/d/Project/airflow-news/venv/lib/python3.12/site-packages/airflow/example_dags/example_params_ui_tutorial.py for tasks to queue
[2024-12-23T05:58:29.478+0700] {logging_mixin.py:190} INFO - [2024-12-23T05:58:29.476+0700] {dagbag.py:588} INFO - Filling up the DagBag from /mnt/d/Project/airflow-news/venv/lib/python3.12/site-packages/airflow/example_dags/example_params_ui_tutorial.py
[2024-12-23T05:58:29.570+0700] {processor.py:925} INFO - DAG(s) 'example_params_ui_tutorial' retrieved from /mnt/d/Project/airflow-news/venv/lib/python3.12/site-packages/airflow/example_dags/example_params_ui_tutorial.py
[2024-12-23T05:58:29.639+0700] {logging_mixin.py:190} INFO - [2024-12-23T05:58:29.638+0700] {dag.py:3239} INFO - Sync 1 DAGs
[2024-12-23T05:58:29.666+0700] {logging_mixin.py:190} INFO - [2024-12-23T05:58:29.664+0700] {dag.py:4180} INFO - Setting next_dagrun for example_params_ui_tutorial to None, run_after=None
[2024-12-23T05:58:29.745+0700] {processor.py:208} INFO - Processing /mnt/d/Project/airflow-news/venv/lib/python3.12/site-packages/airflow/example_dags/example_params_ui_tutorial.py took 0.292 seconds
[2024-12-23T05:59:18.716+0700] {processor.py:186} INFO - Started process (PID=2633) to work on /mnt/d/Project/airflow-news/venv/lib/python3.12/site-packages/airflow/example_dags/example_params_ui_tutorial.py
[2024-12-23T05:59:18.719+0700] {processor.py:914} INFO - Processing file /mnt/d/Project/airflow-news/venv/lib/python3.12/site-packages/airflow/example_dags/example_params_ui_tutorial.py for tasks to queue
[2024-12-23T05:59:18.724+0700] {logging_mixin.py:190} INFO - [2024-12-23T05:59:18.722+0700] {dagbag.py:588} INFO - Filling up the DagBag from /mnt/d/Project/airflow-news/venv/lib/python3.12/site-packages/airflow/example_dags/example_params_ui_tutorial.py
[2024-12-23T05:59:18.817+0700] {processor.py:925} INFO - DAG(s) 'example_params_ui_tutorial' retrieved from /mnt/d/Project/airflow-news/venv/lib/python3.12/site-packages/airflow/example_dags/example_params_ui_tutorial.py
[2024-12-23T05:59:18.890+0700] {logging_mixin.py:190} INFO - [2024-12-23T05:59:18.888+0700] {dag.py:3239} INFO - Sync 1 DAGs
[2024-12-23T05:59:18.912+0700] {logging_mixin.py:190} INFO - [2024-12-23T05:59:18.910+0700] {dag.py:4180} INFO - Setting next_dagrun for example_params_ui_tutorial to None, run_after=None
[2024-12-23T05:59:18.982+0700] {processor.py:208} INFO - Processing /mnt/d/Project/airflow-news/venv/lib/python3.12/site-packages/airflow/example_dags/example_params_ui_tutorial.py took 0.281 seconds
[2024-12-23T06:00:08.194+0700] {processor.py:186} INFO - Started process (PID=2782) to work on /mnt/d/Project/airflow-news/venv/lib/python3.12/site-packages/airflow/example_dags/example_params_ui_tutorial.py
[2024-12-23T06:00:08.197+0700] {processor.py:914} INFO - Processing file /mnt/d/Project/airflow-news/venv/lib/python3.12/site-packages/airflow/example_dags/example_params_ui_tutorial.py for tasks to queue
[2024-12-23T06:00:08.203+0700] {logging_mixin.py:190} INFO - [2024-12-23T06:00:08.201+0700] {dagbag.py:588} INFO - Filling up the DagBag from /mnt/d/Project/airflow-news/venv/lib/python3.12/site-packages/airflow/example_dags/example_params_ui_tutorial.py
[2024-12-23T06:00:08.319+0700] {processor.py:925} INFO - DAG(s) 'example_params_ui_tutorial' retrieved from /mnt/d/Project/airflow-news/venv/lib/python3.12/site-packages/airflow/example_dags/example_params_ui_tutorial.py
[2024-12-23T06:00:08.407+0700] {logging_mixin.py:190} INFO - [2024-12-23T06:00:08.405+0700] {dag.py:3239} INFO - Sync 1 DAGs
[2024-12-23T06:00:08.433+0700] {logging_mixin.py:190} INFO - [2024-12-23T06:00:08.432+0700] {dag.py:4180} INFO - Setting next_dagrun for example_params_ui_tutorial to None, run_after=None
[2024-12-23T06:00:08.550+0700] {processor.py:208} INFO - Processing /mnt/d/Project/airflow-news/venv/lib/python3.12/site-packages/airflow/example_dags/example_params_ui_tutorial.py took 0.375 seconds
[2024-12-23T06:00:41.701+0700] {processor.py:186} INFO - Started process (PID=2864) to work on /mnt/d/Project/airflow-news/venv/lib/python3.12/site-packages/airflow/example_dags/example_params_ui_tutorial.py
[2024-12-23T06:00:41.703+0700] {processor.py:914} INFO - Processing file /mnt/d/Project/airflow-news/venv/lib/python3.12/site-packages/airflow/example_dags/example_params_ui_tutorial.py for tasks to queue
[2024-12-23T06:00:41.707+0700] {logging_mixin.py:190} INFO - [2024-12-23T06:00:41.705+0700] {dagbag.py:588} INFO - Filling up the DagBag from /mnt/d/Project/airflow-news/venv/lib/python3.12/site-packages/airflow/example_dags/example_params_ui_tutorial.py
[2024-12-23T06:00:41.793+0700] {processor.py:925} INFO - DAG(s) 'example_params_ui_tutorial' retrieved from /mnt/d/Project/airflow-news/venv/lib/python3.12/site-packages/airflow/example_dags/example_params_ui_tutorial.py
[2024-12-23T06:00:41.848+0700] {logging_mixin.py:190} INFO - [2024-12-23T06:00:41.847+0700] {dag.py:3239} INFO - Sync 1 DAGs
[2024-12-23T06:00:41.867+0700] {logging_mixin.py:190} INFO - [2024-12-23T06:00:41.866+0700] {dag.py:4180} INFO - Setting next_dagrun for example_params_ui_tutorial to None, run_after=None
[2024-12-23T06:00:41.939+0700] {processor.py:208} INFO - Processing /mnt/d/Project/airflow-news/venv/lib/python3.12/site-packages/airflow/example_dags/example_params_ui_tutorial.py took 0.252 seconds
[2024-12-23T06:01:24.732+0700] {processor.py:186} INFO - Started process (PID=2971) to work on /mnt/d/Project/airflow-news/venv/lib/python3.12/site-packages/airflow/example_dags/example_params_ui_tutorial.py
[2024-12-23T06:01:24.735+0700] {processor.py:914} INFO - Processing file /mnt/d/Project/airflow-news/venv/lib/python3.12/site-packages/airflow/example_dags/example_params_ui_tutorial.py for tasks to queue
[2024-12-23T06:01:24.739+0700] {logging_mixin.py:190} INFO - [2024-12-23T06:01:24.738+0700] {dagbag.py:588} INFO - Filling up the DagBag from /mnt/d/Project/airflow-news/venv/lib/python3.12/site-packages/airflow/example_dags/example_params_ui_tutorial.py
[2024-12-23T06:01:24.964+0700] {processor.py:925} INFO - DAG(s) 'example_params_ui_tutorial' retrieved from /mnt/d/Project/airflow-news/venv/lib/python3.12/site-packages/airflow/example_dags/example_params_ui_tutorial.py
[2024-12-23T06:01:25.030+0700] {logging_mixin.py:190} INFO - [2024-12-23T06:01:25.028+0700] {dag.py:3239} INFO - Sync 1 DAGs
[2024-12-23T06:01:25.048+0700] {logging_mixin.py:190} INFO - [2024-12-23T06:01:25.046+0700] {dag.py:4180} INFO - Setting next_dagrun for example_params_ui_tutorial to None, run_after=None
[2024-12-23T06:01:25.120+0700] {processor.py:208} INFO - Processing /mnt/d/Project/airflow-news/venv/lib/python3.12/site-packages/airflow/example_dags/example_params_ui_tutorial.py took 0.402 seconds
[2024-12-23T06:03:22.604+0700] {processor.py:186} INFO - Started process (PID=3184) to work on /mnt/d/Project/airflow-news/venv/lib/python3.12/site-packages/airflow/example_dags/example_params_ui_tutorial.py
[2024-12-23T06:03:22.606+0700] {processor.py:914} INFO - Processing file /mnt/d/Project/airflow-news/venv/lib/python3.12/site-packages/airflow/example_dags/example_params_ui_tutorial.py for tasks to queue
[2024-12-23T06:03:22.613+0700] {logging_mixin.py:190} INFO - [2024-12-23T06:03:22.611+0700] {dagbag.py:588} INFO - Filling up the DagBag from /mnt/d/Project/airflow-news/venv/lib/python3.12/site-packages/airflow/example_dags/example_params_ui_tutorial.py
[2024-12-23T06:03:22.749+0700] {processor.py:925} INFO - DAG(s) 'example_params_ui_tutorial' retrieved from /mnt/d/Project/airflow-news/venv/lib/python3.12/site-packages/airflow/example_dags/example_params_ui_tutorial.py
[2024-12-23T06:03:22.845+0700] {logging_mixin.py:190} INFO - [2024-12-23T06:03:22.843+0700] {dag.py:3239} INFO - Sync 1 DAGs
[2024-12-23T06:03:22.871+0700] {logging_mixin.py:190} INFO - [2024-12-23T06:03:22.870+0700] {dag.py:4180} INFO - Setting next_dagrun for example_params_ui_tutorial to None, run_after=None
[2024-12-23T06:03:22.968+0700] {processor.py:208} INFO - Processing /mnt/d/Project/airflow-news/venv/lib/python3.12/site-packages/airflow/example_dags/example_params_ui_tutorial.py took 0.391 seconds
[2024-12-23T06:05:33.921+0700] {processor.py:186} INFO - Started process (PID=3530) to work on /mnt/d/Project/airflow-news/venv/lib/python3.12/site-packages/airflow/example_dags/example_params_ui_tutorial.py
[2024-12-23T06:05:33.925+0700] {processor.py:914} INFO - Processing file /mnt/d/Project/airflow-news/venv/lib/python3.12/site-packages/airflow/example_dags/example_params_ui_tutorial.py for tasks to queue
[2024-12-23T06:05:33.931+0700] {logging_mixin.py:190} INFO - [2024-12-23T06:05:33.929+0700] {dagbag.py:588} INFO - Filling up the DagBag from /mnt/d/Project/airflow-news/venv/lib/python3.12/site-packages/airflow/example_dags/example_params_ui_tutorial.py
[2024-12-23T06:05:34.043+0700] {processor.py:925} INFO - DAG(s) 'example_params_ui_tutorial' retrieved from /mnt/d/Project/airflow-news/venv/lib/python3.12/site-packages/airflow/example_dags/example_params_ui_tutorial.py
[2024-12-23T06:05:34.121+0700] {logging_mixin.py:190} INFO - [2024-12-23T06:05:34.120+0700] {dag.py:3239} INFO - Sync 1 DAGs
[2024-12-23T06:05:34.142+0700] {logging_mixin.py:190} INFO - [2024-12-23T06:05:34.140+0700] {dag.py:4180} INFO - Setting next_dagrun for example_params_ui_tutorial to None, run_after=None
[2024-12-23T06:05:34.223+0700] {processor.py:208} INFO - Processing /mnt/d/Project/airflow-news/venv/lib/python3.12/site-packages/airflow/example_dags/example_params_ui_tutorial.py took 0.323 seconds
[2024-12-23T06:07:28.563+0700] {processor.py:186} INFO - Started process (PID=3847) to work on /mnt/d/Project/airflow-news/venv/lib/python3.12/site-packages/airflow/example_dags/example_params_ui_tutorial.py
[2024-12-23T06:07:28.566+0700] {processor.py:914} INFO - Processing file /mnt/d/Project/airflow-news/venv/lib/python3.12/site-packages/airflow/example_dags/example_params_ui_tutorial.py for tasks to queue
[2024-12-23T06:07:28.571+0700] {logging_mixin.py:190} INFO - [2024-12-23T06:07:28.570+0700] {dagbag.py:588} INFO - Filling up the DagBag from /mnt/d/Project/airflow-news/venv/lib/python3.12/site-packages/airflow/example_dags/example_params_ui_tutorial.py
[2024-12-23T06:07:28.676+0700] {processor.py:925} INFO - DAG(s) 'example_params_ui_tutorial' retrieved from /mnt/d/Project/airflow-news/venv/lib/python3.12/site-packages/airflow/example_dags/example_params_ui_tutorial.py
[2024-12-23T06:07:28.766+0700] {logging_mixin.py:190} INFO - [2024-12-23T06:07:28.765+0700] {dag.py:3239} INFO - Sync 1 DAGs
[2024-12-23T06:07:28.791+0700] {logging_mixin.py:190} INFO - [2024-12-23T06:07:28.789+0700] {dag.py:4180} INFO - Setting next_dagrun for example_params_ui_tutorial to None, run_after=None
[2024-12-23T06:07:28.883+0700] {processor.py:208} INFO - Processing /mnt/d/Project/airflow-news/venv/lib/python3.12/site-packages/airflow/example_dags/example_params_ui_tutorial.py took 0.338 seconds
[2024-12-23T06:07:33.873+0700] {processor.py:186} INFO - Started process (PID=3859) to work on /mnt/d/Project/airflow-news/venv/lib/python3.12/site-packages/airflow/example_dags/example_params_ui_tutorial.py
[2024-12-23T06:07:33.875+0700] {processor.py:914} INFO - Processing file /mnt/d/Project/airflow-news/venv/lib/python3.12/site-packages/airflow/example_dags/example_params_ui_tutorial.py for tasks to queue
[2024-12-23T06:07:33.883+0700] {logging_mixin.py:190} INFO - [2024-12-23T06:07:33.881+0700] {dagbag.py:588} INFO - Filling up the DagBag from /mnt/d/Project/airflow-news/venv/lib/python3.12/site-packages/airflow/example_dags/example_params_ui_tutorial.py
[2024-12-23T06:07:33.984+0700] {processor.py:925} INFO - DAG(s) 'example_params_ui_tutorial' retrieved from /mnt/d/Project/airflow-news/venv/lib/python3.12/site-packages/airflow/example_dags/example_params_ui_tutorial.py
[2024-12-23T06:07:34.059+0700] {logging_mixin.py:190} INFO - [2024-12-23T06:07:34.057+0700] {dag.py:3239} INFO - Sync 1 DAGs
[2024-12-23T06:07:34.081+0700] {logging_mixin.py:190} INFO - [2024-12-23T06:07:34.079+0700] {dag.py:4180} INFO - Setting next_dagrun for example_params_ui_tutorial to None, run_after=None
[2024-12-23T06:07:34.167+0700] {processor.py:208} INFO - Processing /mnt/d/Project/airflow-news/venv/lib/python3.12/site-packages/airflow/example_dags/example_params_ui_tutorial.py took 0.322 seconds
[2024-12-23T06:08:50.597+0700] {processor.py:186} INFO - Started process (PID=4111) to work on /mnt/d/Project/airflow-news/venv/lib/python3.12/site-packages/airflow/example_dags/example_params_ui_tutorial.py
[2024-12-23T06:08:50.600+0700] {processor.py:914} INFO - Processing file /mnt/d/Project/airflow-news/venv/lib/python3.12/site-packages/airflow/example_dags/example_params_ui_tutorial.py for tasks to queue
[2024-12-23T06:08:50.607+0700] {logging_mixin.py:190} INFO - [2024-12-23T06:08:50.604+0700] {dagbag.py:588} INFO - Filling up the DagBag from /mnt/d/Project/airflow-news/venv/lib/python3.12/site-packages/airflow/example_dags/example_params_ui_tutorial.py
[2024-12-23T06:08:50.712+0700] {processor.py:925} INFO - DAG(s) 'example_params_ui_tutorial' retrieved from /mnt/d/Project/airflow-news/venv/lib/python3.12/site-packages/airflow/example_dags/example_params_ui_tutorial.py
[2024-12-23T06:08:50.782+0700] {logging_mixin.py:190} INFO - [2024-12-23T06:08:50.781+0700] {dag.py:3239} INFO - Sync 1 DAGs
[2024-12-23T06:08:50.811+0700] {logging_mixin.py:190} INFO - [2024-12-23T06:08:50.809+0700] {dag.py:4180} INFO - Setting next_dagrun for example_params_ui_tutorial to None, run_after=None
[2024-12-23T06:08:50.902+0700] {processor.py:208} INFO - Processing /mnt/d/Project/airflow-news/venv/lib/python3.12/site-packages/airflow/example_dags/example_params_ui_tutorial.py took 0.323 seconds
[2024-12-23T06:09:36.712+0700] {processor.py:186} INFO - Started process (PID=4221) to work on /mnt/d/Project/airflow-news/venv/lib/python3.12/site-packages/airflow/example_dags/example_params_ui_tutorial.py
[2024-12-23T06:09:36.715+0700] {processor.py:914} INFO - Processing file /mnt/d/Project/airflow-news/venv/lib/python3.12/site-packages/airflow/example_dags/example_params_ui_tutorial.py for tasks to queue
[2024-12-23T06:09:36.723+0700] {logging_mixin.py:190} INFO - [2024-12-23T06:09:36.721+0700] {dagbag.py:588} INFO - Filling up the DagBag from /mnt/d/Project/airflow-news/venv/lib/python3.12/site-packages/airflow/example_dags/example_params_ui_tutorial.py
[2024-12-23T06:09:36.839+0700] {processor.py:925} INFO - DAG(s) 'example_params_ui_tutorial' retrieved from /mnt/d/Project/airflow-news/venv/lib/python3.12/site-packages/airflow/example_dags/example_params_ui_tutorial.py
[2024-12-23T06:09:36.928+0700] {logging_mixin.py:190} INFO - [2024-12-23T06:09:36.927+0700] {dag.py:3239} INFO - Sync 1 DAGs
[2024-12-23T06:09:36.952+0700] {logging_mixin.py:190} INFO - [2024-12-23T06:09:36.950+0700] {dag.py:4180} INFO - Setting next_dagrun for example_params_ui_tutorial to None, run_after=None
[2024-12-23T06:09:37.041+0700] {processor.py:208} INFO - Processing /mnt/d/Project/airflow-news/venv/lib/python3.12/site-packages/airflow/example_dags/example_params_ui_tutorial.py took 0.360 seconds
[2024-12-23T06:11:41.533+0700] {processor.py:186} INFO - Started process (PID=4494) to work on /mnt/d/Project/airflow-news/venv/lib/python3.12/site-packages/airflow/example_dags/example_params_ui_tutorial.py
[2024-12-23T06:11:41.535+0700] {processor.py:914} INFO - Processing file /mnt/d/Project/airflow-news/venv/lib/python3.12/site-packages/airflow/example_dags/example_params_ui_tutorial.py for tasks to queue
[2024-12-23T06:11:41.539+0700] {logging_mixin.py:190} INFO - [2024-12-23T06:11:41.538+0700] {dagbag.py:588} INFO - Filling up the DagBag from /mnt/d/Project/airflow-news/venv/lib/python3.12/site-packages/airflow/example_dags/example_params_ui_tutorial.py
[2024-12-23T06:11:41.577+0700] {processor.py:925} INFO - DAG(s) 'example_params_ui_tutorial' retrieved from /mnt/d/Project/airflow-news/venv/lib/python3.12/site-packages/airflow/example_dags/example_params_ui_tutorial.py
[2024-12-23T06:11:41.665+0700] {logging_mixin.py:190} INFO - [2024-12-23T06:11:41.663+0700] {dag.py:3239} INFO - Sync 1 DAGs
[2024-12-23T06:11:41.689+0700] {logging_mixin.py:190} INFO - [2024-12-23T06:11:41.687+0700] {dag.py:4180} INFO - Setting next_dagrun for example_params_ui_tutorial to None, run_after=None
[2024-12-23T06:11:41.786+0700] {processor.py:208} INFO - Processing /mnt/d/Project/airflow-news/venv/lib/python3.12/site-packages/airflow/example_dags/example_params_ui_tutorial.py took 0.267 seconds
[2024-12-23T06:12:59.185+0700] {processor.py:186} INFO - Started process (PID=4700) to work on /mnt/d/Project/airflow-news/venv/lib/python3.12/site-packages/airflow/example_dags/example_params_ui_tutorial.py
[2024-12-23T06:12:59.188+0700] {processor.py:914} INFO - Processing file /mnt/d/Project/airflow-news/venv/lib/python3.12/site-packages/airflow/example_dags/example_params_ui_tutorial.py for tasks to queue
[2024-12-23T06:12:59.192+0700] {logging_mixin.py:190} INFO - [2024-12-23T06:12:59.190+0700] {dagbag.py:588} INFO - Filling up the DagBag from /mnt/d/Project/airflow-news/venv/lib/python3.12/site-packages/airflow/example_dags/example_params_ui_tutorial.py
[2024-12-23T06:12:59.221+0700] {processor.py:925} INFO - DAG(s) 'example_params_ui_tutorial' retrieved from /mnt/d/Project/airflow-news/venv/lib/python3.12/site-packages/airflow/example_dags/example_params_ui_tutorial.py
[2024-12-23T06:12:59.276+0700] {logging_mixin.py:190} INFO - [2024-12-23T06:12:59.274+0700] {dag.py:3239} INFO - Sync 1 DAGs
[2024-12-23T06:12:59.294+0700] {logging_mixin.py:190} INFO - [2024-12-23T06:12:59.292+0700] {dag.py:4180} INFO - Setting next_dagrun for example_params_ui_tutorial to None, run_after=None
[2024-12-23T06:12:59.366+0700] {processor.py:208} INFO - Processing /mnt/d/Project/airflow-news/venv/lib/python3.12/site-packages/airflow/example_dags/example_params_ui_tutorial.py took 0.197 seconds
[2024-12-23T06:13:00.151+0700] {processor.py:186} INFO - Started process (PID=4702) to work on /mnt/d/Project/airflow-news/venv/lib/python3.12/site-packages/airflow/example_dags/example_params_ui_tutorial.py
[2024-12-23T06:13:00.153+0700] {processor.py:914} INFO - Processing file /mnt/d/Project/airflow-news/venv/lib/python3.12/site-packages/airflow/example_dags/example_params_ui_tutorial.py for tasks to queue
[2024-12-23T06:13:00.158+0700] {logging_mixin.py:190} INFO - [2024-12-23T06:13:00.156+0700] {dagbag.py:588} INFO - Filling up the DagBag from /mnt/d/Project/airflow-news/venv/lib/python3.12/site-packages/airflow/example_dags/example_params_ui_tutorial.py
[2024-12-23T06:13:00.245+0700] {processor.py:925} INFO - DAG(s) 'example_params_ui_tutorial' retrieved from /mnt/d/Project/airflow-news/venv/lib/python3.12/site-packages/airflow/example_dags/example_params_ui_tutorial.py
[2024-12-23T06:13:00.311+0700] {logging_mixin.py:190} INFO - [2024-12-23T06:13:00.309+0700] {dag.py:3239} INFO - Sync 1 DAGs
[2024-12-23T06:13:00.330+0700] {logging_mixin.py:190} INFO - [2024-12-23T06:13:00.329+0700] {dag.py:4180} INFO - Setting next_dagrun for example_params_ui_tutorial to None, run_after=None
[2024-12-23T06:13:00.413+0700] {processor.py:208} INFO - Processing /mnt/d/Project/airflow-news/venv/lib/python3.12/site-packages/airflow/example_dags/example_params_ui_tutorial.py took 0.292 seconds
[2024-12-23T06:14:36.067+0700] {processor.py:186} INFO - Started process (PID=4991) to work on /mnt/d/Project/airflow-news/venv/lib/python3.12/site-packages/airflow/example_dags/example_params_ui_tutorial.py
[2024-12-23T06:14:36.069+0700] {processor.py:914} INFO - Processing file /mnt/d/Project/airflow-news/venv/lib/python3.12/site-packages/airflow/example_dags/example_params_ui_tutorial.py for tasks to queue
[2024-12-23T06:14:36.072+0700] {logging_mixin.py:190} INFO - [2024-12-23T06:14:36.071+0700] {dagbag.py:588} INFO - Filling up the DagBag from /mnt/d/Project/airflow-news/venv/lib/python3.12/site-packages/airflow/example_dags/example_params_ui_tutorial.py
[2024-12-23T06:14:36.103+0700] {processor.py:925} INFO - DAG(s) 'example_params_ui_tutorial' retrieved from /mnt/d/Project/airflow-news/venv/lib/python3.12/site-packages/airflow/example_dags/example_params_ui_tutorial.py
[2024-12-23T06:14:36.167+0700] {logging_mixin.py:190} INFO - [2024-12-23T06:14:36.166+0700] {dag.py:3239} INFO - Sync 1 DAGs
[2024-12-23T06:14:36.185+0700] {logging_mixin.py:190} INFO - [2024-12-23T06:14:36.183+0700] {dag.py:4180} INFO - Setting next_dagrun for example_params_ui_tutorial to None, run_after=None
[2024-12-23T06:14:36.259+0700] {processor.py:208} INFO - Processing /mnt/d/Project/airflow-news/venv/lib/python3.12/site-packages/airflow/example_dags/example_params_ui_tutorial.py took 0.208 seconds
[2024-12-23T06:14:54.795+0700] {processor.py:186} INFO - Started process (PID=5046) to work on /mnt/d/Project/airflow-news/venv/lib/python3.12/site-packages/airflow/example_dags/example_params_ui_tutorial.py
[2024-12-23T06:14:54.797+0700] {processor.py:914} INFO - Processing file /mnt/d/Project/airflow-news/venv/lib/python3.12/site-packages/airflow/example_dags/example_params_ui_tutorial.py for tasks to queue
[2024-12-23T06:14:54.801+0700] {logging_mixin.py:190} INFO - [2024-12-23T06:14:54.800+0700] {dagbag.py:588} INFO - Filling up the DagBag from /mnt/d/Project/airflow-news/venv/lib/python3.12/site-packages/airflow/example_dags/example_params_ui_tutorial.py
[2024-12-23T06:14:54.898+0700] {processor.py:925} INFO - DAG(s) 'example_params_ui_tutorial' retrieved from /mnt/d/Project/airflow-news/venv/lib/python3.12/site-packages/airflow/example_dags/example_params_ui_tutorial.py
[2024-12-23T06:14:53.331+0700] {logging_mixin.py:190} INFO - [2024-12-23T06:14:53.330+0700] {dag.py:3239} INFO - Sync 1 DAGs
[2024-12-23T06:14:53.353+0700] {logging_mixin.py:190} INFO - [2024-12-23T06:14:53.352+0700] {dag.py:4180} INFO - Setting next_dagrun for example_params_ui_tutorial to None, run_after=None
[2024-12-23T06:14:53.422+0700] {processor.py:208} INFO - Processing /mnt/d/Project/airflow-news/venv/lib/python3.12/site-packages/airflow/example_dags/example_params_ui_tutorial.py took 0.283 seconds
[2024-12-23T06:17:19.361+0700] {processor.py:186} INFO - Started process (PID=5425) to work on /mnt/d/Project/airflow-news/venv/lib/python3.12/site-packages/airflow/example_dags/example_params_ui_tutorial.py
[2024-12-23T06:17:19.363+0700] {processor.py:914} INFO - Processing file /mnt/d/Project/airflow-news/venv/lib/python3.12/site-packages/airflow/example_dags/example_params_ui_tutorial.py for tasks to queue
[2024-12-23T06:17:19.368+0700] {logging_mixin.py:190} INFO - [2024-12-23T06:17:19.366+0700] {dagbag.py:588} INFO - Filling up the DagBag from /mnt/d/Project/airflow-news/venv/lib/python3.12/site-packages/airflow/example_dags/example_params_ui_tutorial.py
[2024-12-23T06:17:19.398+0700] {processor.py:925} INFO - DAG(s) 'example_params_ui_tutorial' retrieved from /mnt/d/Project/airflow-news/venv/lib/python3.12/site-packages/airflow/example_dags/example_params_ui_tutorial.py
[2024-12-23T06:17:19.466+0700] {logging_mixin.py:190} INFO - [2024-12-23T06:17:19.464+0700] {dag.py:3239} INFO - Sync 1 DAGs
[2024-12-23T06:17:19.487+0700] {logging_mixin.py:190} INFO - [2024-12-23T06:17:19.485+0700] {dag.py:4180} INFO - Setting next_dagrun for example_params_ui_tutorial to None, run_after=None
[2024-12-23T06:17:19.561+0700] {processor.py:208} INFO - Processing /mnt/d/Project/airflow-news/venv/lib/python3.12/site-packages/airflow/example_dags/example_params_ui_tutorial.py took 0.218 seconds
[2024-12-23T06:17:32.590+0700] {processor.py:186} INFO - Started process (PID=5477) to work on /mnt/d/Project/airflow-news/venv/lib/python3.12/site-packages/airflow/example_dags/example_params_ui_tutorial.py
[2024-12-23T06:17:32.593+0700] {processor.py:914} INFO - Processing file /mnt/d/Project/airflow-news/venv/lib/python3.12/site-packages/airflow/example_dags/example_params_ui_tutorial.py for tasks to queue
[2024-12-23T06:17:32.599+0700] {logging_mixin.py:190} INFO - [2024-12-23T06:17:32.597+0700] {dagbag.py:588} INFO - Filling up the DagBag from /mnt/d/Project/airflow-news/venv/lib/python3.12/site-packages/airflow/example_dags/example_params_ui_tutorial.py
[2024-12-23T06:17:32.709+0700] {processor.py:925} INFO - DAG(s) 'example_params_ui_tutorial' retrieved from /mnt/d/Project/airflow-news/venv/lib/python3.12/site-packages/airflow/example_dags/example_params_ui_tutorial.py
[2024-12-23T06:17:32.785+0700] {logging_mixin.py:190} INFO - [2024-12-23T06:17:32.784+0700] {dag.py:3239} INFO - Sync 1 DAGs
[2024-12-23T06:17:32.805+0700] {logging_mixin.py:190} INFO - [2024-12-23T06:17:32.804+0700] {dag.py:4180} INFO - Setting next_dagrun for example_params_ui_tutorial to None, run_after=None
[2024-12-23T06:17:32.883+0700] {processor.py:208} INFO - Processing /mnt/d/Project/airflow-news/venv/lib/python3.12/site-packages/airflow/example_dags/example_params_ui_tutorial.py took 0.317 seconds
[2024-12-23T06:18:48.821+0700] {processor.py:186} INFO - Started process (PID=5677) to work on /mnt/d/Project/airflow-news/venv/lib/python3.12/site-packages/airflow/example_dags/example_params_ui_tutorial.py
[2024-12-23T06:18:48.824+0700] {processor.py:914} INFO - Processing file /mnt/d/Project/airflow-news/venv/lib/python3.12/site-packages/airflow/example_dags/example_params_ui_tutorial.py for tasks to queue
[2024-12-23T06:18:48.828+0700] {logging_mixin.py:190} INFO - [2024-12-23T06:18:48.826+0700] {dagbag.py:588} INFO - Filling up the DagBag from /mnt/d/Project/airflow-news/venv/lib/python3.12/site-packages/airflow/example_dags/example_params_ui_tutorial.py
[2024-12-23T06:18:48.864+0700] {processor.py:925} INFO - DAG(s) 'example_params_ui_tutorial' retrieved from /mnt/d/Project/airflow-news/venv/lib/python3.12/site-packages/airflow/example_dags/example_params_ui_tutorial.py
[2024-12-23T06:18:48.931+0700] {logging_mixin.py:190} INFO - [2024-12-23T06:18:48.930+0700] {dag.py:3239} INFO - Sync 1 DAGs
[2024-12-23T06:18:48.951+0700] {logging_mixin.py:190} INFO - [2024-12-23T06:18:48.950+0700] {dag.py:4180} INFO - Setting next_dagrun for example_params_ui_tutorial to None, run_after=None
[2024-12-23T06:18:49.023+0700] {processor.py:208} INFO - Processing /mnt/d/Project/airflow-news/venv/lib/python3.12/site-packages/airflow/example_dags/example_params_ui_tutorial.py took 0.219 seconds
[2024-12-23T06:18:59.808+0700] {processor.py:186} INFO - Started process (PID=5717) to work on /mnt/d/Project/airflow-news/venv/lib/python3.12/site-packages/airflow/example_dags/example_params_ui_tutorial.py
[2024-12-23T06:18:59.811+0700] {processor.py:914} INFO - Processing file /mnt/d/Project/airflow-news/venv/lib/python3.12/site-packages/airflow/example_dags/example_params_ui_tutorial.py for tasks to queue
[2024-12-23T06:18:59.816+0700] {logging_mixin.py:190} INFO - [2024-12-23T06:18:59.815+0700] {dagbag.py:588} INFO - Filling up the DagBag from /mnt/d/Project/airflow-news/venv/lib/python3.12/site-packages/airflow/example_dags/example_params_ui_tutorial.py
[2024-12-23T06:18:59.913+0700] {processor.py:925} INFO - DAG(s) 'example_params_ui_tutorial' retrieved from /mnt/d/Project/airflow-news/venv/lib/python3.12/site-packages/airflow/example_dags/example_params_ui_tutorial.py
[2024-12-23T06:18:59.975+0700] {logging_mixin.py:190} INFO - [2024-12-23T06:18:59.973+0700] {dag.py:3239} INFO - Sync 1 DAGs
[2024-12-23T06:18:59.997+0700] {logging_mixin.py:190} INFO - [2024-12-23T06:18:59.996+0700] {dag.py:4180} INFO - Setting next_dagrun for example_params_ui_tutorial to None, run_after=None
[2024-12-23T06:19:00.085+0700] {processor.py:208} INFO - Processing /mnt/d/Project/airflow-news/venv/lib/python3.12/site-packages/airflow/example_dags/example_params_ui_tutorial.py took 0.301 seconds
[2024-12-23T06:20:16.509+0700] {processor.py:186} INFO - Started process (PID=5941) to work on /mnt/d/Project/airflow-news/venv/lib/python3.12/site-packages/airflow/example_dags/example_params_ui_tutorial.py
[2024-12-23T06:20:16.511+0700] {processor.py:914} INFO - Processing file /mnt/d/Project/airflow-news/venv/lib/python3.12/site-packages/airflow/example_dags/example_params_ui_tutorial.py for tasks to queue
[2024-12-23T06:20:16.515+0700] {logging_mixin.py:190} INFO - [2024-12-23T06:20:16.512+0700] {dagbag.py:588} INFO - Filling up the DagBag from /mnt/d/Project/airflow-news/venv/lib/python3.12/site-packages/airflow/example_dags/example_params_ui_tutorial.py
[2024-12-23T06:20:16.544+0700] {processor.py:925} INFO - DAG(s) 'example_params_ui_tutorial' retrieved from /mnt/d/Project/airflow-news/venv/lib/python3.12/site-packages/airflow/example_dags/example_params_ui_tutorial.py
[2024-12-23T06:20:16.610+0700] {logging_mixin.py:190} INFO - [2024-12-23T06:20:16.609+0700] {dag.py:3239} INFO - Sync 1 DAGs
[2024-12-23T06:20:16.629+0700] {logging_mixin.py:190} INFO - [2024-12-23T06:20:16.627+0700] {dag.py:4180} INFO - Setting next_dagrun for example_params_ui_tutorial to None, run_after=None
[2024-12-23T06:20:16.699+0700] {processor.py:208} INFO - Processing /mnt/d/Project/airflow-news/venv/lib/python3.12/site-packages/airflow/example_dags/example_params_ui_tutorial.py took 0.205 seconds
[2024-12-23T06:20:52.690+0700] {processor.py:186} INFO - Started process (PID=6036) to work on /mnt/d/Project/airflow-news/venv/lib/python3.12/site-packages/airflow/example_dags/example_params_ui_tutorial.py
[2024-12-23T06:20:52.692+0700] {processor.py:914} INFO - Processing file /mnt/d/Project/airflow-news/venv/lib/python3.12/site-packages/airflow/example_dags/example_params_ui_tutorial.py for tasks to queue
[2024-12-23T06:20:52.698+0700] {logging_mixin.py:190} INFO - [2024-12-23T06:20:52.696+0700] {dagbag.py:588} INFO - Filling up the DagBag from /mnt/d/Project/airflow-news/venv/lib/python3.12/site-packages/airflow/example_dags/example_params_ui_tutorial.py
[2024-12-23T06:20:52.799+0700] {processor.py:925} INFO - DAG(s) 'example_params_ui_tutorial' retrieved from /mnt/d/Project/airflow-news/venv/lib/python3.12/site-packages/airflow/example_dags/example_params_ui_tutorial.py
[2024-12-23T06:20:52.878+0700] {logging_mixin.py:190} INFO - [2024-12-23T06:20:52.876+0700] {dag.py:3239} INFO - Sync 1 DAGs
[2024-12-23T06:20:52.902+0700] {logging_mixin.py:190} INFO - [2024-12-23T06:20:52.900+0700] {dag.py:4180} INFO - Setting next_dagrun for example_params_ui_tutorial to None, run_after=None
[2024-12-23T06:20:52.979+0700] {processor.py:208} INFO - Processing /mnt/d/Project/airflow-news/venv/lib/python3.12/site-packages/airflow/example_dags/example_params_ui_tutorial.py took 0.312 seconds
[2024-12-23T06:22:52.018+0700] {processor.py:186} INFO - Started process (PID=6363) to work on /mnt/d/Project/airflow-news/venv/lib/python3.12/site-packages/airflow/example_dags/example_params_ui_tutorial.py
[2024-12-23T06:22:52.020+0700] {processor.py:914} INFO - Processing file /mnt/d/Project/airflow-news/venv/lib/python3.12/site-packages/airflow/example_dags/example_params_ui_tutorial.py for tasks to queue
[2024-12-23T06:22:52.026+0700] {logging_mixin.py:190} INFO - [2024-12-23T06:22:52.024+0700] {dagbag.py:588} INFO - Filling up the DagBag from /mnt/d/Project/airflow-news/venv/lib/python3.12/site-packages/airflow/example_dags/example_params_ui_tutorial.py
[2024-12-23T06:22:52.131+0700] {processor.py:925} INFO - DAG(s) 'example_params_ui_tutorial' retrieved from /mnt/d/Project/airflow-news/venv/lib/python3.12/site-packages/airflow/example_dags/example_params_ui_tutorial.py
[2024-12-23T06:22:52.210+0700] {logging_mixin.py:190} INFO - [2024-12-23T06:22:52.208+0700] {dag.py:3239} INFO - Sync 1 DAGs
[2024-12-23T06:22:52.233+0700] {logging_mixin.py:190} INFO - [2024-12-23T06:22:52.232+0700] {dag.py:4180} INFO - Setting next_dagrun for example_params_ui_tutorial to None, run_after=None
[2024-12-23T06:22:52.318+0700] {processor.py:208} INFO - Processing /mnt/d/Project/airflow-news/venv/lib/python3.12/site-packages/airflow/example_dags/example_params_ui_tutorial.py took 0.323 seconds
[2024-12-23T06:22:55.325+0700] {processor.py:186} INFO - Started process (PID=6372) to work on /mnt/d/Project/airflow-news/venv/lib/python3.12/site-packages/airflow/example_dags/example_params_ui_tutorial.py
[2024-12-23T06:22:55.327+0700] {processor.py:914} INFO - Processing file /mnt/d/Project/airflow-news/venv/lib/python3.12/site-packages/airflow/example_dags/example_params_ui_tutorial.py for tasks to queue
[2024-12-23T06:22:55.332+0700] {logging_mixin.py:190} INFO - [2024-12-23T06:22:55.331+0700] {dagbag.py:588} INFO - Filling up the DagBag from /mnt/d/Project/airflow-news/venv/lib/python3.12/site-packages/airflow/example_dags/example_params_ui_tutorial.py
[2024-12-23T06:22:55.428+0700] {processor.py:925} INFO - DAG(s) 'example_params_ui_tutorial' retrieved from /mnt/d/Project/airflow-news/venv/lib/python3.12/site-packages/airflow/example_dags/example_params_ui_tutorial.py
[2024-12-23T06:22:55.524+0700] {logging_mixin.py:190} INFO - [2024-12-23T06:22:55.523+0700] {dag.py:3239} INFO - Sync 1 DAGs
[2024-12-23T06:22:55.550+0700] {logging_mixin.py:190} INFO - [2024-12-23T06:22:55.549+0700] {dag.py:4180} INFO - Setting next_dagrun for example_params_ui_tutorial to None, run_after=None
[2024-12-23T06:22:55.641+0700] {processor.py:208} INFO - Processing /mnt/d/Project/airflow-news/venv/lib/python3.12/site-packages/airflow/example_dags/example_params_ui_tutorial.py took 0.333 seconds
[2024-12-23T06:24:14.014+0700] {processor.py:186} INFO - Started process (PID=6625) to work on /mnt/d/Project/airflow-news/venv/lib/python3.12/site-packages/airflow/example_dags/example_params_ui_tutorial.py
[2024-12-23T06:24:14.016+0700] {processor.py:914} INFO - Processing file /mnt/d/Project/airflow-news/venv/lib/python3.12/site-packages/airflow/example_dags/example_params_ui_tutorial.py for tasks to queue
[2024-12-23T06:24:14.020+0700] {logging_mixin.py:190} INFO - [2024-12-23T06:24:14.018+0700] {dagbag.py:588} INFO - Filling up the DagBag from /mnt/d/Project/airflow-news/venv/lib/python3.12/site-packages/airflow/example_dags/example_params_ui_tutorial.py
[2024-12-23T06:24:14.108+0700] {processor.py:925} INFO - DAG(s) 'example_params_ui_tutorial' retrieved from /mnt/d/Project/airflow-news/venv/lib/python3.12/site-packages/airflow/example_dags/example_params_ui_tutorial.py
[2024-12-23T06:24:14.177+0700] {logging_mixin.py:190} INFO - [2024-12-23T06:24:14.176+0700] {dag.py:3239} INFO - Sync 1 DAGs
[2024-12-23T06:24:14.200+0700] {logging_mixin.py:190} INFO - [2024-12-23T06:24:14.199+0700] {dag.py:4180} INFO - Setting next_dagrun for example_params_ui_tutorial to None, run_after=None
[2024-12-23T06:24:14.276+0700] {processor.py:208} INFO - Processing /mnt/d/Project/airflow-news/venv/lib/python3.12/site-packages/airflow/example_dags/example_params_ui_tutorial.py took 0.276 seconds
[2024-12-23T06:24:42.847+0700] {processor.py:186} INFO - Started process (PID=6706) to work on /mnt/d/Project/airflow-news/venv/lib/python3.12/site-packages/airflow/example_dags/example_params_ui_tutorial.py
[2024-12-23T06:24:42.849+0700] {processor.py:914} INFO - Processing file /mnt/d/Project/airflow-news/venv/lib/python3.12/site-packages/airflow/example_dags/example_params_ui_tutorial.py for tasks to queue
[2024-12-23T06:24:42.854+0700] {logging_mixin.py:190} INFO - [2024-12-23T06:24:42.852+0700] {dagbag.py:588} INFO - Filling up the DagBag from /mnt/d/Project/airflow-news/venv/lib/python3.12/site-packages/airflow/example_dags/example_params_ui_tutorial.py
[2024-12-23T06:24:42.937+0700] {processor.py:925} INFO - DAG(s) 'example_params_ui_tutorial' retrieved from /mnt/d/Project/airflow-news/venv/lib/python3.12/site-packages/airflow/example_dags/example_params_ui_tutorial.py
[2024-12-23T06:24:43.004+0700] {logging_mixin.py:190} INFO - [2024-12-23T06:24:43.003+0700] {dag.py:3239} INFO - Sync 1 DAGs
[2024-12-23T06:24:43.024+0700] {logging_mixin.py:190} INFO - [2024-12-23T06:24:43.023+0700] {dag.py:4180} INFO - Setting next_dagrun for example_params_ui_tutorial to None, run_after=None
[2024-12-23T06:24:43.098+0700] {processor.py:208} INFO - Processing /mnt/d/Project/airflow-news/venv/lib/python3.12/site-packages/airflow/example_dags/example_params_ui_tutorial.py took 0.271 seconds
[2024-12-23T06:25:41.008+0700] {processor.py:186} INFO - Started process (PID=6892) to work on /mnt/d/Project/airflow-news/venv/lib/python3.12/site-packages/airflow/example_dags/example_params_ui_tutorial.py
[2024-12-23T06:25:41.011+0700] {processor.py:914} INFO - Processing file /mnt/d/Project/airflow-news/venv/lib/python3.12/site-packages/airflow/example_dags/example_params_ui_tutorial.py for tasks to queue
[2024-12-23T06:25:41.015+0700] {logging_mixin.py:190} INFO - [2024-12-23T06:25:41.014+0700] {dagbag.py:588} INFO - Filling up the DagBag from /mnt/d/Project/airflow-news/venv/lib/python3.12/site-packages/airflow/example_dags/example_params_ui_tutorial.py
[2024-12-23T06:25:41.107+0700] {processor.py:925} INFO - DAG(s) 'example_params_ui_tutorial' retrieved from /mnt/d/Project/airflow-news/venv/lib/python3.12/site-packages/airflow/example_dags/example_params_ui_tutorial.py
[2024-12-23T06:25:41.163+0700] {logging_mixin.py:190} INFO - [2024-12-23T06:25:41.161+0700] {dag.py:3239} INFO - Sync 1 DAGs
[2024-12-23T06:25:41.184+0700] {logging_mixin.py:190} INFO - [2024-12-23T06:25:41.182+0700] {dag.py:4180} INFO - Setting next_dagrun for example_params_ui_tutorial to None, run_after=None
[2024-12-23T06:25:41.259+0700] {processor.py:208} INFO - Processing /mnt/d/Project/airflow-news/venv/lib/python3.12/site-packages/airflow/example_dags/example_params_ui_tutorial.py took 0.267 seconds
[2024-12-23T06:26:29.685+0700] {processor.py:186} INFO - Started process (PID=7036) to work on /mnt/d/Project/airflow-news/venv/lib/python3.12/site-packages/airflow/example_dags/example_params_ui_tutorial.py
[2024-12-23T06:26:29.688+0700] {processor.py:914} INFO - Processing file /mnt/d/Project/airflow-news/venv/lib/python3.12/site-packages/airflow/example_dags/example_params_ui_tutorial.py for tasks to queue
[2024-12-23T06:26:29.693+0700] {logging_mixin.py:190} INFO - [2024-12-23T06:26:29.691+0700] {dagbag.py:588} INFO - Filling up the DagBag from /mnt/d/Project/airflow-news/venv/lib/python3.12/site-packages/airflow/example_dags/example_params_ui_tutorial.py
[2024-12-23T06:26:29.780+0700] {processor.py:925} INFO - DAG(s) 'example_params_ui_tutorial' retrieved from /mnt/d/Project/airflow-news/venv/lib/python3.12/site-packages/airflow/example_dags/example_params_ui_tutorial.py
[2024-12-23T06:26:29.845+0700] {logging_mixin.py:190} INFO - [2024-12-23T06:26:29.844+0700] {dag.py:3239} INFO - Sync 1 DAGs
[2024-12-23T06:26:29.866+0700] {logging_mixin.py:190} INFO - [2024-12-23T06:26:29.865+0700] {dag.py:4180} INFO - Setting next_dagrun for example_params_ui_tutorial to None, run_after=None
[2024-12-23T06:26:29.942+0700] {processor.py:208} INFO - Processing /mnt/d/Project/airflow-news/venv/lib/python3.12/site-packages/airflow/example_dags/example_params_ui_tutorial.py took 0.279 seconds
[2024-12-23T06:27:14.854+0700] {processor.py:186} INFO - Started process (PID=7172) to work on /mnt/d/Project/airflow-news/venv/lib/python3.12/site-packages/airflow/example_dags/example_params_ui_tutorial.py
[2024-12-23T06:27:14.856+0700] {processor.py:914} INFO - Processing file /mnt/d/Project/airflow-news/venv/lib/python3.12/site-packages/airflow/example_dags/example_params_ui_tutorial.py for tasks to queue
[2024-12-23T06:27:14.861+0700] {logging_mixin.py:190} INFO - [2024-12-23T06:27:14.859+0700] {dagbag.py:588} INFO - Filling up the DagBag from /mnt/d/Project/airflow-news/venv/lib/python3.12/site-packages/airflow/example_dags/example_params_ui_tutorial.py
[2024-12-23T06:27:14.947+0700] {processor.py:925} INFO - DAG(s) 'example_params_ui_tutorial' retrieved from /mnt/d/Project/airflow-news/venv/lib/python3.12/site-packages/airflow/example_dags/example_params_ui_tutorial.py
[2024-12-23T06:27:15.009+0700] {logging_mixin.py:190} INFO - [2024-12-23T06:27:15.007+0700] {dag.py:3239} INFO - Sync 1 DAGs
[2024-12-23T06:27:15.031+0700] {logging_mixin.py:190} INFO - [2024-12-23T06:27:15.029+0700] {dag.py:4180} INFO - Setting next_dagrun for example_params_ui_tutorial to None, run_after=None
[2024-12-23T06:27:15.102+0700] {processor.py:208} INFO - Processing /mnt/d/Project/airflow-news/venv/lib/python3.12/site-packages/airflow/example_dags/example_params_ui_tutorial.py took 0.262 seconds
[2024-12-23T06:28:17.037+0700] {processor.py:186} INFO - Started process (PID=7351) to work on /mnt/d/Project/airflow-news/venv/lib/python3.12/site-packages/airflow/example_dags/example_params_ui_tutorial.py
[2024-12-23T06:28:17.040+0700] {processor.py:914} INFO - Processing file /mnt/d/Project/airflow-news/venv/lib/python3.12/site-packages/airflow/example_dags/example_params_ui_tutorial.py for tasks to queue
[2024-12-23T06:28:17.045+0700] {logging_mixin.py:190} INFO - [2024-12-23T06:28:17.043+0700] {dagbag.py:588} INFO - Filling up the DagBag from /mnt/d/Project/airflow-news/venv/lib/python3.12/site-packages/airflow/example_dags/example_params_ui_tutorial.py
[2024-12-23T06:28:17.135+0700] {processor.py:925} INFO - DAG(s) 'example_params_ui_tutorial' retrieved from /mnt/d/Project/airflow-news/venv/lib/python3.12/site-packages/airflow/example_dags/example_params_ui_tutorial.py
[2024-12-23T06:28:17.209+0700] {logging_mixin.py:190} INFO - [2024-12-23T06:28:17.207+0700] {dag.py:3239} INFO - Sync 1 DAGs
[2024-12-23T06:28:17.230+0700] {logging_mixin.py:190} INFO - [2024-12-23T06:28:17.229+0700] {dag.py:4180} INFO - Setting next_dagrun for example_params_ui_tutorial to None, run_after=None
[2024-12-23T06:28:17.310+0700] {processor.py:208} INFO - Processing /mnt/d/Project/airflow-news/venv/lib/python3.12/site-packages/airflow/example_dags/example_params_ui_tutorial.py took 0.297 seconds
[2024-12-23T06:28:51.110+0700] {processor.py:186} INFO - Started process (PID=7465) to work on /mnt/d/Project/airflow-news/venv/lib/python3.12/site-packages/airflow/example_dags/example_params_ui_tutorial.py
[2024-12-23T06:28:51.112+0700] {processor.py:914} INFO - Processing file /mnt/d/Project/airflow-news/venv/lib/python3.12/site-packages/airflow/example_dags/example_params_ui_tutorial.py for tasks to queue
[2024-12-23T06:28:51.117+0700] {logging_mixin.py:190} INFO - [2024-12-23T06:28:51.115+0700] {dagbag.py:588} INFO - Filling up the DagBag from /mnt/d/Project/airflow-news/venv/lib/python3.12/site-packages/airflow/example_dags/example_params_ui_tutorial.py
[2024-12-23T06:28:51.210+0700] {processor.py:925} INFO - DAG(s) 'example_params_ui_tutorial' retrieved from /mnt/d/Project/airflow-news/venv/lib/python3.12/site-packages/airflow/example_dags/example_params_ui_tutorial.py
[2024-12-23T06:28:51.279+0700] {logging_mixin.py:190} INFO - [2024-12-23T06:28:51.277+0700] {dag.py:3239} INFO - Sync 1 DAGs
[2024-12-23T06:28:51.304+0700] {logging_mixin.py:190} INFO - [2024-12-23T06:28:51.303+0700] {dag.py:4180} INFO - Setting next_dagrun for example_params_ui_tutorial to None, run_after=None
[2024-12-23T06:28:51.381+0700] {processor.py:208} INFO - Processing /mnt/d/Project/airflow-news/venv/lib/python3.12/site-packages/airflow/example_dags/example_params_ui_tutorial.py took 0.287 seconds
[2024-12-23T06:30:05.349+0700] {processor.py:186} INFO - Started process (PID=7668) to work on /mnt/d/Project/airflow-news/venv/lib/python3.12/site-packages/airflow/example_dags/example_params_ui_tutorial.py
[2024-12-23T06:30:05.351+0700] {processor.py:914} INFO - Processing file /mnt/d/Project/airflow-news/venv/lib/python3.12/site-packages/airflow/example_dags/example_params_ui_tutorial.py for tasks to queue
[2024-12-23T06:30:05.357+0700] {logging_mixin.py:190} INFO - [2024-12-23T06:30:05.355+0700] {dagbag.py:588} INFO - Filling up the DagBag from /mnt/d/Project/airflow-news/venv/lib/python3.12/site-packages/airflow/example_dags/example_params_ui_tutorial.py
[2024-12-23T06:30:05.447+0700] {processor.py:925} INFO - DAG(s) 'example_params_ui_tutorial' retrieved from /mnt/d/Project/airflow-news/venv/lib/python3.12/site-packages/airflow/example_dags/example_params_ui_tutorial.py
[2024-12-23T06:30:05.518+0700] {logging_mixin.py:190} INFO - [2024-12-23T06:30:05.517+0700] {dag.py:3239} INFO - Sync 1 DAGs
[2024-12-23T06:30:05.541+0700] {logging_mixin.py:190} INFO - [2024-12-23T06:30:05.539+0700] {dag.py:4180} INFO - Setting next_dagrun for example_params_ui_tutorial to None, run_after=None
[2024-12-23T06:30:05.623+0700] {processor.py:208} INFO - Processing /mnt/d/Project/airflow-news/venv/lib/python3.12/site-packages/airflow/example_dags/example_params_ui_tutorial.py took 0.296 seconds
[2024-12-23T06:30:18.951+0700] {processor.py:186} INFO - Started process (PID=7721) to work on /mnt/d/Project/airflow-news/venv/lib/python3.12/site-packages/airflow/example_dags/example_params_ui_tutorial.py
[2024-12-23T06:30:18.954+0700] {processor.py:914} INFO - Processing file /mnt/d/Project/airflow-news/venv/lib/python3.12/site-packages/airflow/example_dags/example_params_ui_tutorial.py for tasks to queue
[2024-12-23T06:30:18.959+0700] {logging_mixin.py:190} INFO - [2024-12-23T06:30:18.957+0700] {dagbag.py:588} INFO - Filling up the DagBag from /mnt/d/Project/airflow-news/venv/lib/python3.12/site-packages/airflow/example_dags/example_params_ui_tutorial.py
[2024-12-23T06:30:19.049+0700] {processor.py:925} INFO - DAG(s) 'example_params_ui_tutorial' retrieved from /mnt/d/Project/airflow-news/venv/lib/python3.12/site-packages/airflow/example_dags/example_params_ui_tutorial.py
[2024-12-23T06:30:19.112+0700] {logging_mixin.py:190} INFO - [2024-12-23T06:30:19.111+0700] {dag.py:3239} INFO - Sync 1 DAGs
[2024-12-23T06:30:19.130+0700] {logging_mixin.py:190} INFO - [2024-12-23T06:30:19.128+0700] {dag.py:4180} INFO - Setting next_dagrun for example_params_ui_tutorial to None, run_after=None
[2024-12-23T06:30:19.199+0700] {processor.py:208} INFO - Processing /mnt/d/Project/airflow-news/venv/lib/python3.12/site-packages/airflow/example_dags/example_params_ui_tutorial.py took 0.263 seconds
[2024-12-23T06:31:47.255+0700] {processor.py:186} INFO - Started process (PID=7971) to work on /mnt/d/Project/airflow-news/venv/lib/python3.12/site-packages/airflow/example_dags/example_params_ui_tutorial.py
[2024-12-23T06:31:47.257+0700] {processor.py:914} INFO - Processing file /mnt/d/Project/airflow-news/venv/lib/python3.12/site-packages/airflow/example_dags/example_params_ui_tutorial.py for tasks to queue
[2024-12-23T06:31:47.262+0700] {logging_mixin.py:190} INFO - [2024-12-23T06:31:47.261+0700] {dagbag.py:588} INFO - Filling up the DagBag from /mnt/d/Project/airflow-news/venv/lib/python3.12/site-packages/airflow/example_dags/example_params_ui_tutorial.py
[2024-12-23T06:31:47.345+0700] {processor.py:925} INFO - DAG(s) 'example_params_ui_tutorial' retrieved from /mnt/d/Project/airflow-news/venv/lib/python3.12/site-packages/airflow/example_dags/example_params_ui_tutorial.py
[2024-12-23T06:31:47.413+0700] {logging_mixin.py:190} INFO - [2024-12-23T06:31:47.411+0700] {dag.py:3239} INFO - Sync 1 DAGs
[2024-12-23T06:31:47.433+0700] {logging_mixin.py:190} INFO - [2024-12-23T06:31:47.432+0700] {dag.py:4180} INFO - Setting next_dagrun for example_params_ui_tutorial to None, run_after=None
[2024-12-23T06:31:47.505+0700] {processor.py:208} INFO - Processing /mnt/d/Project/airflow-news/venv/lib/python3.12/site-packages/airflow/example_dags/example_params_ui_tutorial.py took 0.274 seconds
[2024-12-23T06:31:50.334+0700] {processor.py:186} INFO - Started process (PID=7979) to work on /mnt/d/Project/airflow-news/venv/lib/python3.12/site-packages/airflow/example_dags/example_params_ui_tutorial.py
[2024-12-23T06:31:50.337+0700] {processor.py:914} INFO - Processing file /mnt/d/Project/airflow-news/venv/lib/python3.12/site-packages/airflow/example_dags/example_params_ui_tutorial.py for tasks to queue
[2024-12-23T06:31:50.341+0700] {logging_mixin.py:190} INFO - [2024-12-23T06:31:50.340+0700] {dagbag.py:588} INFO - Filling up the DagBag from /mnt/d/Project/airflow-news/venv/lib/python3.12/site-packages/airflow/example_dags/example_params_ui_tutorial.py
[2024-12-23T06:31:50.399+0700] {processor.py:925} INFO - DAG(s) 'example_params_ui_tutorial' retrieved from /mnt/d/Project/airflow-news/venv/lib/python3.12/site-packages/airflow/example_dags/example_params_ui_tutorial.py
[2024-12-23T06:31:50.461+0700] {logging_mixin.py:190} INFO - [2024-12-23T06:31:50.459+0700] {dag.py:3239} INFO - Sync 1 DAGs
[2024-12-23T06:31:50.481+0700] {logging_mixin.py:190} INFO - [2024-12-23T06:31:50.480+0700] {dag.py:4180} INFO - Setting next_dagrun for example_params_ui_tutorial to None, run_after=None
[2024-12-23T06:31:50.549+0700] {processor.py:208} INFO - Processing /mnt/d/Project/airflow-news/venv/lib/python3.12/site-packages/airflow/example_dags/example_params_ui_tutorial.py took 0.228 seconds
[2024-12-23T06:33:27.092+0700] {processor.py:186} INFO - Started process (PID=8278) to work on /mnt/d/Project/airflow-news/venv/lib/python3.12/site-packages/airflow/example_dags/example_params_ui_tutorial.py
[2024-12-23T06:33:27.094+0700] {processor.py:914} INFO - Processing file /mnt/d/Project/airflow-news/venv/lib/python3.12/site-packages/airflow/example_dags/example_params_ui_tutorial.py for tasks to queue
[2024-12-23T06:33:27.099+0700] {logging_mixin.py:190} INFO - [2024-12-23T06:33:27.097+0700] {dagbag.py:588} INFO - Filling up the DagBag from /mnt/d/Project/airflow-news/venv/lib/python3.12/site-packages/airflow/example_dags/example_params_ui_tutorial.py
[2024-12-23T06:33:27.189+0700] {processor.py:925} INFO - DAG(s) 'example_params_ui_tutorial' retrieved from /mnt/d/Project/airflow-news/venv/lib/python3.12/site-packages/airflow/example_dags/example_params_ui_tutorial.py
[2024-12-23T06:33:27.256+0700] {logging_mixin.py:190} INFO - [2024-12-23T06:33:27.255+0700] {dag.py:3239} INFO - Sync 1 DAGs
[2024-12-23T06:33:27.279+0700] {logging_mixin.py:190} INFO - [2024-12-23T06:33:27.277+0700] {dag.py:4180} INFO - Setting next_dagrun for example_params_ui_tutorial to None, run_after=None
[2024-12-23T06:33:27.361+0700] {processor.py:208} INFO - Processing /mnt/d/Project/airflow-news/venv/lib/python3.12/site-packages/airflow/example_dags/example_params_ui_tutorial.py took 0.283 seconds
[2024-12-23T06:33:43.860+0700] {processor.py:186} INFO - Started process (PID=8321) to work on /mnt/d/Project/airflow-news/venv/lib/python3.12/site-packages/airflow/example_dags/example_params_ui_tutorial.py
[2024-12-23T06:33:43.864+0700] {processor.py:914} INFO - Processing file /mnt/d/Project/airflow-news/venv/lib/python3.12/site-packages/airflow/example_dags/example_params_ui_tutorial.py for tasks to queue
[2024-12-23T06:33:43.870+0700] {logging_mixin.py:190} INFO - [2024-12-23T06:33:43.868+0700] {dagbag.py:588} INFO - Filling up the DagBag from /mnt/d/Project/airflow-news/venv/lib/python3.12/site-packages/airflow/example_dags/example_params_ui_tutorial.py
[2024-12-23T06:33:43.966+0700] {processor.py:925} INFO - DAG(s) 'example_params_ui_tutorial' retrieved from /mnt/d/Project/airflow-news/venv/lib/python3.12/site-packages/airflow/example_dags/example_params_ui_tutorial.py
[2024-12-23T06:33:44.032+0700] {logging_mixin.py:190} INFO - [2024-12-23T06:33:44.030+0700] {dag.py:3239} INFO - Sync 1 DAGs
[2024-12-23T06:33:44.052+0700] {logging_mixin.py:190} INFO - [2024-12-23T06:33:44.051+0700] {dag.py:4180} INFO - Setting next_dagrun for example_params_ui_tutorial to None, run_after=None
[2024-12-23T06:33:44.125+0700] {processor.py:208} INFO - Processing /mnt/d/Project/airflow-news/venv/lib/python3.12/site-packages/airflow/example_dags/example_params_ui_tutorial.py took 0.291 seconds
[2024-12-23T06:35:05.698+0700] {processor.py:186} INFO - Started process (PID=8562) to work on /mnt/d/Project/airflow-news/venv/lib/python3.12/site-packages/airflow/example_dags/example_params_ui_tutorial.py
[2024-12-23T06:35:05.701+0700] {processor.py:914} INFO - Processing file /mnt/d/Project/airflow-news/venv/lib/python3.12/site-packages/airflow/example_dags/example_params_ui_tutorial.py for tasks to queue
[2024-12-23T06:35:05.706+0700] {logging_mixin.py:190} INFO - [2024-12-23T06:35:05.704+0700] {dagbag.py:588} INFO - Filling up the DagBag from /mnt/d/Project/airflow-news/venv/lib/python3.12/site-packages/airflow/example_dags/example_params_ui_tutorial.py
[2024-12-23T06:35:05.789+0700] {processor.py:925} INFO - DAG(s) 'example_params_ui_tutorial' retrieved from /mnt/d/Project/airflow-news/venv/lib/python3.12/site-packages/airflow/example_dags/example_params_ui_tutorial.py
[2024-12-23T06:35:05.850+0700] {logging_mixin.py:190} INFO - [2024-12-23T06:35:05.849+0700] {dag.py:3239} INFO - Sync 1 DAGs
[2024-12-23T06:35:05.875+0700] {logging_mixin.py:190} INFO - [2024-12-23T06:35:05.874+0700] {dag.py:4180} INFO - Setting next_dagrun for example_params_ui_tutorial to None, run_after=None
[2024-12-23T06:35:05.961+0700] {processor.py:208} INFO - Processing /mnt/d/Project/airflow-news/venv/lib/python3.12/site-packages/airflow/example_dags/example_params_ui_tutorial.py took 0.280 seconds
[2024-12-23T06:36:32.389+0700] {processor.py:186} INFO - Started process (PID=8824) to work on /mnt/d/Project/airflow-news/venv/lib/python3.12/site-packages/airflow/example_dags/example_params_ui_tutorial.py
[2024-12-23T06:36:32.391+0700] {processor.py:914} INFO - Processing file /mnt/d/Project/airflow-news/venv/lib/python3.12/site-packages/airflow/example_dags/example_params_ui_tutorial.py for tasks to queue
[2024-12-23T06:36:32.396+0700] {logging_mixin.py:190} INFO - [2024-12-23T06:36:32.394+0700] {dagbag.py:588} INFO - Filling up the DagBag from /mnt/d/Project/airflow-news/venv/lib/python3.12/site-packages/airflow/example_dags/example_params_ui_tutorial.py
[2024-12-23T06:36:32.480+0700] {processor.py:925} INFO - DAG(s) 'example_params_ui_tutorial' retrieved from /mnt/d/Project/airflow-news/venv/lib/python3.12/site-packages/airflow/example_dags/example_params_ui_tutorial.py
[2024-12-23T06:36:32.548+0700] {logging_mixin.py:190} INFO - [2024-12-23T06:36:32.546+0700] {dag.py:3239} INFO - Sync 1 DAGs
[2024-12-23T06:36:32.569+0700] {logging_mixin.py:190} INFO - [2024-12-23T06:36:32.568+0700] {dag.py:4180} INFO - Setting next_dagrun for example_params_ui_tutorial to None, run_after=None
[2024-12-23T06:36:32.654+0700] {processor.py:208} INFO - Processing /mnt/d/Project/airflow-news/venv/lib/python3.12/site-packages/airflow/example_dags/example_params_ui_tutorial.py took 0.285 seconds
[2024-12-23T06:36:51.026+0700] {processor.py:186} INFO - Started process (PID=8881) to work on /mnt/d/Project/airflow-news/venv/lib/python3.12/site-packages/airflow/example_dags/example_params_ui_tutorial.py
[2024-12-23T06:36:51.029+0700] {processor.py:914} INFO - Processing file /mnt/d/Project/airflow-news/venv/lib/python3.12/site-packages/airflow/example_dags/example_params_ui_tutorial.py for tasks to queue
[2024-12-23T06:36:51.033+0700] {logging_mixin.py:190} INFO - [2024-12-23T06:36:51.032+0700] {dagbag.py:588} INFO - Filling up the DagBag from /mnt/d/Project/airflow-news/venv/lib/python3.12/site-packages/airflow/example_dags/example_params_ui_tutorial.py
[2024-12-23T06:36:51.086+0700] {processor.py:925} INFO - DAG(s) 'example_params_ui_tutorial' retrieved from /mnt/d/Project/airflow-news/venv/lib/python3.12/site-packages/airflow/example_dags/example_params_ui_tutorial.py
[2024-12-23T06:36:51.154+0700] {logging_mixin.py:190} INFO - [2024-12-23T06:36:51.153+0700] {dag.py:3239} INFO - Sync 1 DAGs
[2024-12-23T06:36:51.178+0700] {logging_mixin.py:190} INFO - [2024-12-23T06:36:51.177+0700] {dag.py:4180} INFO - Setting next_dagrun for example_params_ui_tutorial to None, run_after=None
[2024-12-23T06:36:51.264+0700] {processor.py:208} INFO - Processing /mnt/d/Project/airflow-news/venv/lib/python3.12/site-packages/airflow/example_dags/example_params_ui_tutorial.py took 0.253 seconds
[2024-12-23T06:37:58.299+0700] {processor.py:186} INFO - Started process (PID=9127) to work on /mnt/d/Project/airflow-news/venv/lib/python3.12/site-packages/airflow/example_dags/example_params_ui_tutorial.py
[2024-12-23T06:37:58.301+0700] {processor.py:914} INFO - Processing file /mnt/d/Project/airflow-news/venv/lib/python3.12/site-packages/airflow/example_dags/example_params_ui_tutorial.py for tasks to queue
[2024-12-23T06:37:58.306+0700] {logging_mixin.py:190} INFO - [2024-12-23T06:37:58.305+0700] {dagbag.py:588} INFO - Filling up the DagBag from /mnt/d/Project/airflow-news/venv/lib/python3.12/site-packages/airflow/example_dags/example_params_ui_tutorial.py
[2024-12-23T06:37:58.402+0700] {processor.py:925} INFO - DAG(s) 'example_params_ui_tutorial' retrieved from /mnt/d/Project/airflow-news/venv/lib/python3.12/site-packages/airflow/example_dags/example_params_ui_tutorial.py
[2024-12-23T06:37:58.470+0700] {logging_mixin.py:190} INFO - [2024-12-23T06:37:58.469+0700] {dag.py:3239} INFO - Sync 1 DAGs
[2024-12-23T06:37:58.490+0700] {logging_mixin.py:190} INFO - [2024-12-23T06:37:58.488+0700] {dag.py:4180} INFO - Setting next_dagrun for example_params_ui_tutorial to None, run_after=None
[2024-12-23T06:37:58.567+0700] {processor.py:208} INFO - Processing /mnt/d/Project/airflow-news/venv/lib/python3.12/site-packages/airflow/example_dags/example_params_ui_tutorial.py took 0.291 seconds
[2024-12-23T06:38:08.418+0700] {processor.py:186} INFO - Started process (PID=9165) to work on /mnt/d/Project/airflow-news/venv/lib/python3.12/site-packages/airflow/example_dags/example_params_ui_tutorial.py
[2024-12-23T06:38:08.420+0700] {processor.py:914} INFO - Processing file /mnt/d/Project/airflow-news/venv/lib/python3.12/site-packages/airflow/example_dags/example_params_ui_tutorial.py for tasks to queue
[2024-12-23T06:38:08.426+0700] {logging_mixin.py:190} INFO - [2024-12-23T06:38:08.424+0700] {dagbag.py:588} INFO - Filling up the DagBag from /mnt/d/Project/airflow-news/venv/lib/python3.12/site-packages/airflow/example_dags/example_params_ui_tutorial.py
[2024-12-23T06:38:08.544+0700] {processor.py:925} INFO - DAG(s) 'example_params_ui_tutorial' retrieved from /mnt/d/Project/airflow-news/venv/lib/python3.12/site-packages/airflow/example_dags/example_params_ui_tutorial.py
[2024-12-23T06:38:08.615+0700] {logging_mixin.py:190} INFO - [2024-12-23T06:38:08.613+0700] {dag.py:3239} INFO - Sync 1 DAGs
[2024-12-23T06:38:08.634+0700] {logging_mixin.py:190} INFO - [2024-12-23T06:38:08.633+0700] {dag.py:4180} INFO - Setting next_dagrun for example_params_ui_tutorial to None, run_after=None
[2024-12-23T06:38:08.715+0700] {processor.py:208} INFO - Processing /mnt/d/Project/airflow-news/venv/lib/python3.12/site-packages/airflow/example_dags/example_params_ui_tutorial.py took 0.318 seconds
[2024-12-23T06:39:57.421+0700] {processor.py:186} INFO - Started process (PID=9480) to work on /mnt/d/Project/airflow-news/venv/lib/python3.12/site-packages/airflow/example_dags/example_params_ui_tutorial.py
[2024-12-23T06:39:57.423+0700] {processor.py:914} INFO - Processing file /mnt/d/Project/airflow-news/venv/lib/python3.12/site-packages/airflow/example_dags/example_params_ui_tutorial.py for tasks to queue
[2024-12-23T06:39:57.428+0700] {logging_mixin.py:190} INFO - [2024-12-23T06:39:57.427+0700] {dagbag.py:588} INFO - Filling up the DagBag from /mnt/d/Project/airflow-news/venv/lib/python3.12/site-packages/airflow/example_dags/example_params_ui_tutorial.py
[2024-12-23T06:39:57.510+0700] {processor.py:925} INFO - DAG(s) 'example_params_ui_tutorial' retrieved from /mnt/d/Project/airflow-news/venv/lib/python3.12/site-packages/airflow/example_dags/example_params_ui_tutorial.py
[2024-12-23T06:39:57.578+0700] {logging_mixin.py:190} INFO - [2024-12-23T06:39:57.576+0700] {dag.py:3239} INFO - Sync 1 DAGs
[2024-12-23T06:39:57.598+0700] {logging_mixin.py:190} INFO - [2024-12-23T06:39:57.596+0700] {dag.py:4180} INFO - Setting next_dagrun for example_params_ui_tutorial to None, run_after=None
[2024-12-23T06:39:57.670+0700] {processor.py:208} INFO - Processing /mnt/d/Project/airflow-news/venv/lib/python3.12/site-packages/airflow/example_dags/example_params_ui_tutorial.py took 0.267 seconds
[2024-12-23T06:41:55.450+0700] {processor.py:186} INFO - Started process (PID=9751) to work on /mnt/d/Project/airflow-news/venv/lib/python3.12/site-packages/airflow/example_dags/example_params_ui_tutorial.py
[2024-12-23T06:41:55.452+0700] {processor.py:914} INFO - Processing file /mnt/d/Project/airflow-news/venv/lib/python3.12/site-packages/airflow/example_dags/example_params_ui_tutorial.py for tasks to queue
[2024-12-23T06:41:55.457+0700] {logging_mixin.py:190} INFO - [2024-12-23T06:41:55.456+0700] {dagbag.py:588} INFO - Filling up the DagBag from /mnt/d/Project/airflow-news/venv/lib/python3.12/site-packages/airflow/example_dags/example_params_ui_tutorial.py
[2024-12-23T06:41:55.553+0700] {processor.py:925} INFO - DAG(s) 'example_params_ui_tutorial' retrieved from /mnt/d/Project/airflow-news/venv/lib/python3.12/site-packages/airflow/example_dags/example_params_ui_tutorial.py
[2024-12-23T06:41:55.622+0700] {logging_mixin.py:190} INFO - [2024-12-23T06:41:55.620+0700] {dag.py:3239} INFO - Sync 1 DAGs
[2024-12-23T06:41:55.639+0700] {logging_mixin.py:190} INFO - [2024-12-23T06:41:55.638+0700] {dag.py:4180} INFO - Setting next_dagrun for example_params_ui_tutorial to None, run_after=None
[2024-12-23T06:41:55.715+0700] {processor.py:208} INFO - Processing /mnt/d/Project/airflow-news/venv/lib/python3.12/site-packages/airflow/example_dags/example_params_ui_tutorial.py took 0.284 seconds
[2024-12-23T06:43:57.259+0700] {processor.py:186} INFO - Started process (PID=10149) to work on /mnt/d/Project/airflow-news/venv/lib/python3.12/site-packages/airflow/example_dags/example_params_ui_tutorial.py
[2024-12-23T06:43:57.261+0700] {processor.py:914} INFO - Processing file /mnt/d/Project/airflow-news/venv/lib/python3.12/site-packages/airflow/example_dags/example_params_ui_tutorial.py for tasks to queue
[2024-12-23T06:43:57.267+0700] {logging_mixin.py:190} INFO - [2024-12-23T06:43:57.265+0700] {dagbag.py:588} INFO - Filling up the DagBag from /mnt/d/Project/airflow-news/venv/lib/python3.12/site-packages/airflow/example_dags/example_params_ui_tutorial.py
[2024-12-23T06:43:57.374+0700] {processor.py:925} INFO - DAG(s) 'example_params_ui_tutorial' retrieved from /mnt/d/Project/airflow-news/venv/lib/python3.12/site-packages/airflow/example_dags/example_params_ui_tutorial.py
[2024-12-23T06:43:57.449+0700] {logging_mixin.py:190} INFO - [2024-12-23T06:43:57.447+0700] {dag.py:3239} INFO - Sync 1 DAGs
[2024-12-23T06:43:57.470+0700] {logging_mixin.py:190} INFO - [2024-12-23T06:43:57.468+0700] {dag.py:4180} INFO - Setting next_dagrun for example_params_ui_tutorial to None, run_after=None
[2024-12-23T06:43:57.550+0700] {processor.py:208} INFO - Processing /mnt/d/Project/airflow-news/venv/lib/python3.12/site-packages/airflow/example_dags/example_params_ui_tutorial.py took 0.311 seconds
[2024-12-23T06:45:55.810+0700] {processor.py:186} INFO - Started process (PID=10459) to work on /mnt/d/Project/airflow-news/venv/lib/python3.12/site-packages/airflow/example_dags/example_params_ui_tutorial.py
[2024-12-23T06:45:55.813+0700] {processor.py:914} INFO - Processing file /mnt/d/Project/airflow-news/venv/lib/python3.12/site-packages/airflow/example_dags/example_params_ui_tutorial.py for tasks to queue
[2024-12-23T06:45:55.819+0700] {logging_mixin.py:190} INFO - [2024-12-23T06:45:55.817+0700] {dagbag.py:588} INFO - Filling up the DagBag from /mnt/d/Project/airflow-news/venv/lib/python3.12/site-packages/airflow/example_dags/example_params_ui_tutorial.py
[2024-12-23T06:45:55.914+0700] {processor.py:925} INFO - DAG(s) 'example_params_ui_tutorial' retrieved from /mnt/d/Project/airflow-news/venv/lib/python3.12/site-packages/airflow/example_dags/example_params_ui_tutorial.py
[2024-12-23T06:45:56.004+0700] {logging_mixin.py:190} INFO - [2024-12-23T06:45:56.003+0700] {dag.py:3239} INFO - Sync 1 DAGs
[2024-12-23T06:45:56.042+0700] {logging_mixin.py:190} INFO - [2024-12-23T06:45:56.039+0700] {dag.py:4180} INFO - Setting next_dagrun for example_params_ui_tutorial to None, run_after=None
[2024-12-23T06:45:56.152+0700] {processor.py:208} INFO - Processing /mnt/d/Project/airflow-news/venv/lib/python3.12/site-packages/airflow/example_dags/example_params_ui_tutorial.py took 0.365 seconds
[2024-12-23T06:47:57.603+0700] {processor.py:186} INFO - Started process (PID=10705) to work on /mnt/d/Project/airflow-news/venv/lib/python3.12/site-packages/airflow/example_dags/example_params_ui_tutorial.py
[2024-12-23T06:47:57.605+0700] {processor.py:914} INFO - Processing file /mnt/d/Project/airflow-news/venv/lib/python3.12/site-packages/airflow/example_dags/example_params_ui_tutorial.py for tasks to queue
[2024-12-23T06:47:57.609+0700] {logging_mixin.py:190} INFO - [2024-12-23T06:47:57.608+0700] {dagbag.py:588} INFO - Filling up the DagBag from /mnt/d/Project/airflow-news/venv/lib/python3.12/site-packages/airflow/example_dags/example_params_ui_tutorial.py
[2024-12-23T06:47:57.700+0700] {processor.py:925} INFO - DAG(s) 'example_params_ui_tutorial' retrieved from /mnt/d/Project/airflow-news/venv/lib/python3.12/site-packages/airflow/example_dags/example_params_ui_tutorial.py
[2024-12-23T06:47:57.769+0700] {logging_mixin.py:190} INFO - [2024-12-23T06:47:57.768+0700] {dag.py:3239} INFO - Sync 1 DAGs
[2024-12-23T06:47:57.790+0700] {logging_mixin.py:190} INFO - [2024-12-23T06:47:57.789+0700] {dag.py:4180} INFO - Setting next_dagrun for example_params_ui_tutorial to None, run_after=None
[2024-12-23T06:47:57.866+0700] {processor.py:208} INFO - Processing /mnt/d/Project/airflow-news/venv/lib/python3.12/site-packages/airflow/example_dags/example_params_ui_tutorial.py took 0.285 seconds
[2024-12-23T06:49:51.511+0700] {processor.py:186} INFO - Started process (PID=10940) to work on /mnt/d/Project/airflow-news/venv/lib/python3.12/site-packages/airflow/example_dags/example_params_ui_tutorial.py
[2024-12-23T06:49:51.513+0700] {processor.py:914} INFO - Processing file /mnt/d/Project/airflow-news/venv/lib/python3.12/site-packages/airflow/example_dags/example_params_ui_tutorial.py for tasks to queue
[2024-12-23T06:49:51.519+0700] {logging_mixin.py:190} INFO - [2024-12-23T06:49:51.517+0700] {dagbag.py:588} INFO - Filling up the DagBag from /mnt/d/Project/airflow-news/venv/lib/python3.12/site-packages/airflow/example_dags/example_params_ui_tutorial.py
[2024-12-23T06:49:51.622+0700] {processor.py:925} INFO - DAG(s) 'example_params_ui_tutorial' retrieved from /mnt/d/Project/airflow-news/venv/lib/python3.12/site-packages/airflow/example_dags/example_params_ui_tutorial.py
[2024-12-23T06:49:51.696+0700] {logging_mixin.py:190} INFO - [2024-12-23T06:49:51.695+0700] {dag.py:3239} INFO - Sync 1 DAGs
[2024-12-23T06:49:51.722+0700] {logging_mixin.py:190} INFO - [2024-12-23T06:49:51.721+0700] {dag.py:4180} INFO - Setting next_dagrun for example_params_ui_tutorial to None, run_after=None
[2024-12-23T06:49:51.804+0700] {processor.py:208} INFO - Processing /mnt/d/Project/airflow-news/venv/lib/python3.12/site-packages/airflow/example_dags/example_params_ui_tutorial.py took 0.318 seconds
[2024-12-23T06:52:02.433+0700] {processor.py:186} INFO - Started process (PID=11195) to work on /mnt/d/Project/airflow-news/venv/lib/python3.12/site-packages/airflow/example_dags/example_params_ui_tutorial.py
[2024-12-23T06:52:02.435+0700] {processor.py:914} INFO - Processing file /mnt/d/Project/airflow-news/venv/lib/python3.12/site-packages/airflow/example_dags/example_params_ui_tutorial.py for tasks to queue
[2024-12-23T06:52:02.441+0700] {logging_mixin.py:190} INFO - [2024-12-23T06:52:02.439+0700] {dagbag.py:588} INFO - Filling up the DagBag from /mnt/d/Project/airflow-news/venv/lib/python3.12/site-packages/airflow/example_dags/example_params_ui_tutorial.py
[2024-12-23T06:52:02.574+0700] {processor.py:925} INFO - DAG(s) 'example_params_ui_tutorial' retrieved from /mnt/d/Project/airflow-news/venv/lib/python3.12/site-packages/airflow/example_dags/example_params_ui_tutorial.py
[2024-12-23T06:52:02.655+0700] {logging_mixin.py:190} INFO - [2024-12-23T06:52:02.653+0700] {dag.py:3239} INFO - Sync 1 DAGs
[2024-12-23T06:52:02.681+0700] {logging_mixin.py:190} INFO - [2024-12-23T06:52:02.680+0700] {dag.py:4180} INFO - Setting next_dagrun for example_params_ui_tutorial to None, run_after=None
[2024-12-23T06:52:02.770+0700] {processor.py:208} INFO - Processing /mnt/d/Project/airflow-news/venv/lib/python3.12/site-packages/airflow/example_dags/example_params_ui_tutorial.py took 0.367 seconds
[2024-12-23T06:54:05.928+0700] {processor.py:186} INFO - Started process (PID=11438) to work on /mnt/d/Project/airflow-news/venv/lib/python3.12/site-packages/airflow/example_dags/example_params_ui_tutorial.py
[2024-12-23T06:54:05.930+0700] {processor.py:914} INFO - Processing file /mnt/d/Project/airflow-news/venv/lib/python3.12/site-packages/airflow/example_dags/example_params_ui_tutorial.py for tasks to queue
[2024-12-23T06:54:05.935+0700] {logging_mixin.py:190} INFO - [2024-12-23T06:54:05.933+0700] {dagbag.py:588} INFO - Filling up the DagBag from /mnt/d/Project/airflow-news/venv/lib/python3.12/site-packages/airflow/example_dags/example_params_ui_tutorial.py
[2024-12-23T06:54:06.039+0700] {processor.py:925} INFO - DAG(s) 'example_params_ui_tutorial' retrieved from /mnt/d/Project/airflow-news/venv/lib/python3.12/site-packages/airflow/example_dags/example_params_ui_tutorial.py
[2024-12-23T06:54:06.118+0700] {logging_mixin.py:190} INFO - [2024-12-23T06:54:06.116+0700] {dag.py:3239} INFO - Sync 1 DAGs
[2024-12-23T06:54:06.141+0700] {logging_mixin.py:190} INFO - [2024-12-23T06:54:06.139+0700] {dag.py:4180} INFO - Setting next_dagrun for example_params_ui_tutorial to None, run_after=None
[2024-12-23T06:54:06.228+0700] {processor.py:208} INFO - Processing /mnt/d/Project/airflow-news/venv/lib/python3.12/site-packages/airflow/example_dags/example_params_ui_tutorial.py took 0.322 seconds
[2024-12-23T06:56:05.704+0700] {processor.py:186} INFO - Started process (PID=11678) to work on /mnt/d/Project/airflow-news/venv/lib/python3.12/site-packages/airflow/example_dags/example_params_ui_tutorial.py
[2024-12-23T06:56:05.706+0700] {processor.py:914} INFO - Processing file /mnt/d/Project/airflow-news/venv/lib/python3.12/site-packages/airflow/example_dags/example_params_ui_tutorial.py for tasks to queue
[2024-12-23T06:56:05.712+0700] {logging_mixin.py:190} INFO - [2024-12-23T06:56:05.710+0700] {dagbag.py:588} INFO - Filling up the DagBag from /mnt/d/Project/airflow-news/venv/lib/python3.12/site-packages/airflow/example_dags/example_params_ui_tutorial.py
[2024-12-23T06:56:05.812+0700] {processor.py:925} INFO - DAG(s) 'example_params_ui_tutorial' retrieved from /mnt/d/Project/airflow-news/venv/lib/python3.12/site-packages/airflow/example_dags/example_params_ui_tutorial.py
[2024-12-23T06:56:05.882+0700] {logging_mixin.py:190} INFO - [2024-12-23T06:56:05.880+0700] {dag.py:3239} INFO - Sync 1 DAGs
[2024-12-23T06:56:05.903+0700] {logging_mixin.py:190} INFO - [2024-12-23T06:56:05.901+0700] {dag.py:4180} INFO - Setting next_dagrun for example_params_ui_tutorial to None, run_after=None
[2024-12-23T06:56:05.983+0700] {processor.py:208} INFO - Processing /mnt/d/Project/airflow-news/venv/lib/python3.12/site-packages/airflow/example_dags/example_params_ui_tutorial.py took 0.305 seconds
