[2024-12-23T05:54:28.469+0700] {processor.py:186} INFO - Started process (PID=1915) to work on /mnt/d/Project/airflow-news/venv/lib/python3.12/site-packages/airflow/example_dags/example_branch_datetime_operator.py
[2024-12-23T05:54:28.471+0700] {processor.py:914} INFO - Processing file /mnt/d/Project/airflow-news/venv/lib/python3.12/site-packages/airflow/example_dags/example_branch_datetime_operator.py for tasks to queue
[2024-12-23T05:54:28.476+0700] {logging_mixin.py:190} INFO - [2024-12-23T05:54:28.474+0700] {dagbag.py:588} INFO - Filling up the DagBag from /mnt/d/Project/airflow-news/venv/lib/python3.12/site-packages/airflow/example_dags/example_branch_datetime_operator.py
[2024-12-23T05:54:28.601+0700] {processor.py:925} INFO - DAG(s) 'example_branch_datetime_operator', 'example_branch_datetime_operator_3', 'example_branch_datetime_operator_2' retrieved from /mnt/d/Project/airflow-news/venv/lib/python3.12/site-packages/airflow/example_dags/example_branch_datetime_operator.py
[2024-12-23T05:54:29.085+0700] {processor.py:186} INFO - Started process (PID=1917) to work on /mnt/d/Project/airflow-news/venv/lib/python3.12/site-packages/airflow/example_dags/example_branch_datetime_operator.py
[2024-12-23T05:54:29.088+0700] {processor.py:914} INFO - Processing file /mnt/d/Project/airflow-news/venv/lib/python3.12/site-packages/airflow/example_dags/example_branch_datetime_operator.py for tasks to queue
[2024-12-23T05:54:29.096+0700] {logging_mixin.py:190} INFO - [2024-12-23T05:54:29.093+0700] {dagbag.py:588} INFO - Filling up the DagBag from /mnt/d/Project/airflow-news/venv/lib/python3.12/site-packages/airflow/example_dags/example_branch_datetime_operator.py
[2024-12-23T05:54:29.280+0700] {processor.py:925} INFO - DAG(s) 'example_branch_datetime_operator_2', 'example_branch_datetime_operator_3', 'example_branch_datetime_operator' retrieved from /mnt/d/Project/airflow-news/venv/lib/python3.12/site-packages/airflow/example_dags/example_branch_datetime_operator.py
[2024-12-23T05:54:30.389+0700] {logging_mixin.py:190} INFO - [2024-12-23T05:54:30.385+0700] {override.py:1911} INFO - Created Permission View: can edit on DAG:example_branch_datetime_operator
[2024-12-23T05:54:30.452+0700] {logging_mixin.py:190} INFO - [2024-12-23T05:54:30.450+0700] {override.py:1911} INFO - Created Permission View: can read on DAG:example_branch_datetime_operator
[2024-12-23T05:54:30.509+0700] {logging_mixin.py:190} INFO - [2024-12-23T05:54:30.507+0700] {override.py:1911} INFO - Created Permission View: can delete on DAG:example_branch_datetime_operator
[2024-12-23T05:54:30.617+0700] {logging_mixin.py:190} INFO - [2024-12-23T05:54:30.615+0700] {override.py:1911} INFO - Created Permission View: can create on DAG Run:example_branch_datetime_operator
[2024-12-23T05:54:30.676+0700] {logging_mixin.py:190} INFO - [2024-12-23T05:54:30.674+0700] {override.py:1911} INFO - Created Permission View: can read on DAG Run:example_branch_datetime_operator
[2024-12-23T05:54:30.727+0700] {logging_mixin.py:190} INFO - [2024-12-23T05:54:30.725+0700] {override.py:1911} INFO - Created Permission View: can delete on DAG Run:example_branch_datetime_operator
[2024-12-23T05:54:30.775+0700] {logging_mixin.py:190} INFO - [2024-12-23T05:54:30.773+0700] {override.py:1911} INFO - Created Permission View: menu access on DAG Run:example_branch_datetime_operator
[2024-12-23T05:54:30.869+0700] {logging_mixin.py:190} INFO - [2024-12-23T05:54:30.867+0700] {override.py:1911} INFO - Created Permission View: can edit on DAG:example_branch_datetime_operator_3
[2024-12-23T05:54:30.920+0700] {logging_mixin.py:190} INFO - [2024-12-23T05:54:30.918+0700] {override.py:1911} INFO - Created Permission View: can read on DAG:example_branch_datetime_operator_3
[2024-12-23T05:54:30.970+0700] {logging_mixin.py:190} INFO - [2024-12-23T05:54:30.969+0700] {override.py:1911} INFO - Created Permission View: can delete on DAG:example_branch_datetime_operator_3
[2024-12-23T05:54:31.053+0700] {logging_mixin.py:190} INFO - [2024-12-23T05:54:31.051+0700] {override.py:1911} INFO - Created Permission View: can create on DAG Run:example_branch_datetime_operator_3
[2024-12-23T05:54:31.113+0700] {logging_mixin.py:190} INFO - [2024-12-23T05:54:31.111+0700] {override.py:1911} INFO - Created Permission View: can read on DAG Run:example_branch_datetime_operator_3
[2024-12-23T05:54:31.193+0700] {logging_mixin.py:190} INFO - [2024-12-23T05:54:31.191+0700] {override.py:1911} INFO - Created Permission View: can delete on DAG Run:example_branch_datetime_operator_3
[2024-12-23T05:54:31.226+0700] {logging_mixin.py:190} INFO - [2024-12-23T05:54:31.223+0700] {override.py:1911} INFO - Created Permission View: can edit on DAG:example_branch_datetime_operator_2
[2024-12-23T05:54:31.276+0700] {logging_mixin.py:190} INFO - [2024-12-23T05:54:31.274+0700] {override.py:1911} INFO - Created Permission View: menu access on DAG Run:example_branch_datetime_operator_3
[2024-12-23T05:54:31.295+0700] {logging_mixin.py:190} INFO - [2024-12-23T05:54:31.293+0700] {dag.py:3239} INFO - Sync 3 DAGs
[2024-12-23T05:54:31.313+0700] {logging_mixin.py:190} INFO - [2024-12-23T05:54:31.310+0700] {override.py:1911} INFO - Created Permission View: can delete on DAG:example_branch_datetime_operator_2
[2024-12-23T05:54:31.318+0700] {logging_mixin.py:190} INFO - [2024-12-23T05:54:31.316+0700] {dag.py:3262} INFO - Creating ORM DAG for example_branch_datetime_operator_2
[2024-12-23T05:54:31.321+0700] {logging_mixin.py:190} INFO - [2024-12-23T05:54:31.320+0700] {dag.py:3262} INFO - Creating ORM DAG for example_branch_datetime_operator
[2024-12-23T05:54:31.325+0700] {logging_mixin.py:190} INFO - [2024-12-23T05:54:31.323+0700] {dag.py:3262} INFO - Creating ORM DAG for example_branch_datetime_operator_3
[2024-12-23T05:54:31.346+0700] {logging_mixin.py:190} INFO - [2024-12-23T05:54:31.344+0700] {dag.py:4180} INFO - Setting next_dagrun for example_branch_datetime_operator to 2024-12-21 00:00:00+00:00, run_after=2024-12-22 00:00:00+00:00
[2024-12-23T05:54:31.351+0700] {logging_mixin.py:190} INFO - [2024-12-23T05:54:31.349+0700] {dag.py:4180} INFO - Setting next_dagrun for example_branch_datetime_operator_2 to 2024-12-21 00:00:00+00:00, run_after=2024-12-22 00:00:00+00:00
[2024-12-23T05:54:31.356+0700] {logging_mixin.py:190} INFO - [2024-12-23T05:54:31.354+0700] {dag.py:4180} INFO - Setting next_dagrun for example_branch_datetime_operator_3 to 2024-12-21 00:00:00+00:00, run_after=2024-12-22 00:00:00+00:00
[2024-12-23T05:54:31.364+0700] {logging_mixin.py:190} INFO - [2024-12-23T05:54:31.362+0700] {override.py:1911} INFO - Created Permission View: can read on DAG:example_branch_datetime_operator_2
[2024-12-23T05:54:31.470+0700] {logging_mixin.py:190} INFO - [2024-12-23T05:54:31.468+0700] {override.py:1911} INFO - Created Permission View: menu access on DAG Run:example_branch_datetime_operator_2
[2024-12-23T05:54:31.475+0700] {processor.py:208} INFO - Processing /mnt/d/Project/airflow-news/venv/lib/python3.12/site-packages/airflow/example_dags/example_branch_datetime_operator.py took 3.022 seconds
[2024-12-23T05:54:31.522+0700] {logging_mixin.py:190} INFO - [2024-12-23T05:54:31.520+0700] {override.py:1911} INFO - Created Permission View: can create on DAG Run:example_branch_datetime_operator_2
[2024-12-23T05:54:31.574+0700] {logging_mixin.py:190} INFO - [2024-12-23T05:54:31.572+0700] {override.py:1911} INFO - Created Permission View: can delete on DAG Run:example_branch_datetime_operator_2
[2024-12-23T05:54:31.622+0700] {logging_mixin.py:190} INFO - [2024-12-23T05:54:31.620+0700] {override.py:1911} INFO - Created Permission View: can read on DAG Run:example_branch_datetime_operator_2
[2024-12-23T05:54:31.645+0700] {logging_mixin.py:190} INFO - [2024-12-23T05:54:31.643+0700] {dag.py:3239} INFO - Sync 3 DAGs
[2024-12-23T05:54:31.697+0700] {logging_mixin.py:190} INFO - [2024-12-23T05:54:31.694+0700] {dag.py:4180} INFO - Setting next_dagrun for example_branch_datetime_operator to 2024-12-21 00:00:00+00:00, run_after=2024-12-22 00:00:00+00:00
[2024-12-23T05:54:31.707+0700] {logging_mixin.py:190} INFO - [2024-12-23T05:54:31.706+0700] {dag.py:4180} INFO - Setting next_dagrun for example_branch_datetime_operator_2 to 2024-12-21 00:00:00+00:00, run_after=2024-12-22 00:00:00+00:00
[2024-12-23T05:54:31.717+0700] {logging_mixin.py:190} INFO - [2024-12-23T05:54:31.715+0700] {dag.py:4180} INFO - Setting next_dagrun for example_branch_datetime_operator_3 to 2024-12-21 00:00:00+00:00, run_after=2024-12-22 00:00:00+00:00
[2024-12-23T05:54:31.792+0700] {processor.py:208} INFO - Processing /mnt/d/Project/airflow-news/venv/lib/python3.12/site-packages/airflow/example_dags/example_branch_datetime_operator.py took 2.725 seconds
[2024-12-23T05:56:22.120+0700] {processor.py:186} INFO - Started process (PID=2236) to work on /mnt/d/Project/airflow-news/venv/lib/python3.12/site-packages/airflow/example_dags/example_branch_datetime_operator.py
[2024-12-23T05:56:22.123+0700] {processor.py:914} INFO - Processing file /mnt/d/Project/airflow-news/venv/lib/python3.12/site-packages/airflow/example_dags/example_branch_datetime_operator.py for tasks to queue
[2024-12-23T05:56:22.128+0700] {logging_mixin.py:190} INFO - [2024-12-23T05:56:22.126+0700] {dagbag.py:588} INFO - Filling up the DagBag from /mnt/d/Project/airflow-news/venv/lib/python3.12/site-packages/airflow/example_dags/example_branch_datetime_operator.py
[2024-12-23T05:56:22.276+0700] {processor.py:925} INFO - DAG(s) 'example_branch_datetime_operator_2', 'example_branch_datetime_operator_3', 'example_branch_datetime_operator' retrieved from /mnt/d/Project/airflow-news/venv/lib/python3.12/site-packages/airflow/example_dags/example_branch_datetime_operator.py
[2024-12-23T05:56:22.330+0700] {logging_mixin.py:190} INFO - [2024-12-23T05:56:22.329+0700] {dag.py:3239} INFO - Sync 3 DAGs
[2024-12-23T05:56:22.367+0700] {logging_mixin.py:190} INFO - [2024-12-23T05:56:22.365+0700] {dag.py:4180} INFO - Setting next_dagrun for example_branch_datetime_operator to 2024-12-21 00:00:00+00:00, run_after=2024-12-22 00:00:00+00:00
[2024-12-23T05:56:22.377+0700] {logging_mixin.py:190} INFO - [2024-12-23T05:56:22.376+0700] {dag.py:4180} INFO - Setting next_dagrun for example_branch_datetime_operator_2 to 2024-12-21 00:00:00+00:00, run_after=2024-12-22 00:00:00+00:00
[2024-12-23T05:56:22.384+0700] {logging_mixin.py:190} INFO - [2024-12-23T05:56:22.383+0700] {dag.py:4180} INFO - Setting next_dagrun for example_branch_datetime_operator_3 to 2024-12-21 00:00:00+00:00, run_after=2024-12-22 00:00:00+00:00
[2024-12-23T05:56:22.465+0700] {processor.py:208} INFO - Processing /mnt/d/Project/airflow-news/venv/lib/python3.12/site-packages/airflow/example_dags/example_branch_datetime_operator.py took 0.361 seconds
[2024-12-23T05:58:03.304+0700] {processor.py:186} INFO - Started process (PID=2469) to work on /mnt/d/Project/airflow-news/venv/lib/python3.12/site-packages/airflow/example_dags/example_branch_datetime_operator.py
[2024-12-23T05:58:03.306+0700] {processor.py:914} INFO - Processing file /mnt/d/Project/airflow-news/venv/lib/python3.12/site-packages/airflow/example_dags/example_branch_datetime_operator.py for tasks to queue
[2024-12-23T05:58:03.311+0700] {logging_mixin.py:190} INFO - [2024-12-23T05:58:03.309+0700] {dagbag.py:588} INFO - Filling up the DagBag from /mnt/d/Project/airflow-news/venv/lib/python3.12/site-packages/airflow/example_dags/example_branch_datetime_operator.py
[2024-12-23T05:58:03.453+0700] {processor.py:925} INFO - DAG(s) 'example_branch_datetime_operator_2', 'example_branch_datetime_operator', 'example_branch_datetime_operator_3' retrieved from /mnt/d/Project/airflow-news/venv/lib/python3.12/site-packages/airflow/example_dags/example_branch_datetime_operator.py
[2024-12-23T05:58:03.505+0700] {logging_mixin.py:190} INFO - [2024-12-23T05:58:03.503+0700] {dag.py:3239} INFO - Sync 3 DAGs
[2024-12-23T05:58:03.548+0700] {logging_mixin.py:190} INFO - [2024-12-23T05:58:03.547+0700] {dag.py:4180} INFO - Setting next_dagrun for example_branch_datetime_operator to 2024-12-21 00:00:00+00:00, run_after=2024-12-22 00:00:00+00:00
[2024-12-23T05:58:03.559+0700] {logging_mixin.py:190} INFO - [2024-12-23T05:58:03.558+0700] {dag.py:4180} INFO - Setting next_dagrun for example_branch_datetime_operator_2 to 2024-12-21 00:00:00+00:00, run_after=2024-12-22 00:00:00+00:00
[2024-12-23T05:58:03.566+0700] {logging_mixin.py:190} INFO - [2024-12-23T05:58:03.565+0700] {dag.py:4180} INFO - Setting next_dagrun for example_branch_datetime_operator_3 to 2024-12-21 00:00:00+00:00, run_after=2024-12-22 00:00:00+00:00
[2024-12-23T05:58:03.654+0700] {processor.py:208} INFO - Processing /mnt/d/Project/airflow-news/venv/lib/python3.12/site-packages/airflow/example_dags/example_branch_datetime_operator.py took 0.369 seconds
[2024-12-23T05:59:39.998+0700] {processor.py:186} INFO - Started process (PID=2705) to work on /mnt/d/Project/airflow-news/venv/lib/python3.12/site-packages/airflow/example_dags/example_branch_datetime_operator.py
[2024-12-23T05:59:40.001+0700] {processor.py:914} INFO - Processing file /mnt/d/Project/airflow-news/venv/lib/python3.12/site-packages/airflow/example_dags/example_branch_datetime_operator.py for tasks to queue
[2024-12-23T05:59:40.005+0700] {logging_mixin.py:190} INFO - [2024-12-23T05:59:40.004+0700] {dagbag.py:588} INFO - Filling up the DagBag from /mnt/d/Project/airflow-news/venv/lib/python3.12/site-packages/airflow/example_dags/example_branch_datetime_operator.py
[2024-12-23T05:59:40.150+0700] {processor.py:925} INFO - DAG(s) 'example_branch_datetime_operator', 'example_branch_datetime_operator_2', 'example_branch_datetime_operator_3' retrieved from /mnt/d/Project/airflow-news/venv/lib/python3.12/site-packages/airflow/example_dags/example_branch_datetime_operator.py
[2024-12-23T05:59:40.208+0700] {logging_mixin.py:190} INFO - [2024-12-23T05:59:40.206+0700] {dag.py:3239} INFO - Sync 3 DAGs
[2024-12-23T05:59:40.243+0700] {logging_mixin.py:190} INFO - [2024-12-23T05:59:40.241+0700] {dag.py:4180} INFO - Setting next_dagrun for example_branch_datetime_operator to 2024-12-21 00:00:00+00:00, run_after=2024-12-22 00:00:00+00:00
[2024-12-23T05:59:40.255+0700] {logging_mixin.py:190} INFO - [2024-12-23T05:59:40.253+0700] {dag.py:4180} INFO - Setting next_dagrun for example_branch_datetime_operator_2 to 2024-12-21 00:00:00+00:00, run_after=2024-12-22 00:00:00+00:00
[2024-12-23T05:59:40.263+0700] {logging_mixin.py:190} INFO - [2024-12-23T05:59:40.261+0700] {dag.py:4180} INFO - Setting next_dagrun for example_branch_datetime_operator_3 to 2024-12-21 00:00:00+00:00, run_after=2024-12-22 00:00:00+00:00
[2024-12-23T05:59:40.343+0700] {processor.py:208} INFO - Processing /mnt/d/Project/airflow-news/venv/lib/python3.12/site-packages/airflow/example_dags/example_branch_datetime_operator.py took 0.361 seconds
[2024-12-23T05:59:52.363+0700] {processor.py:186} INFO - Started process (PID=2743) to work on /mnt/d/Project/airflow-news/venv/lib/python3.12/site-packages/airflow/example_dags/example_branch_datetime_operator.py
[2024-12-23T05:59:52.365+0700] {processor.py:914} INFO - Processing file /mnt/d/Project/airflow-news/venv/lib/python3.12/site-packages/airflow/example_dags/example_branch_datetime_operator.py for tasks to queue
[2024-12-23T05:59:52.372+0700] {logging_mixin.py:190} INFO - [2024-12-23T05:59:52.370+0700] {dagbag.py:588} INFO - Filling up the DagBag from /mnt/d/Project/airflow-news/venv/lib/python3.12/site-packages/airflow/example_dags/example_branch_datetime_operator.py
[2024-12-23T05:59:52.510+0700] {processor.py:925} INFO - DAG(s) 'example_branch_datetime_operator_2', 'example_branch_datetime_operator', 'example_branch_datetime_operator_3' retrieved from /mnt/d/Project/airflow-news/venv/lib/python3.12/site-packages/airflow/example_dags/example_branch_datetime_operator.py
[2024-12-23T05:59:52.561+0700] {logging_mixin.py:190} INFO - [2024-12-23T05:59:52.558+0700] {dag.py:3239} INFO - Sync 3 DAGs
[2024-12-23T05:59:52.597+0700] {logging_mixin.py:190} INFO - [2024-12-23T05:59:52.596+0700] {dag.py:4180} INFO - Setting next_dagrun for example_branch_datetime_operator to 2024-12-21 00:00:00+00:00, run_after=2024-12-22 00:00:00+00:00
[2024-12-23T05:59:52.609+0700] {logging_mixin.py:190} INFO - [2024-12-23T05:59:52.607+0700] {dag.py:4180} INFO - Setting next_dagrun for example_branch_datetime_operator_2 to 2024-12-21 00:00:00+00:00, run_after=2024-12-22 00:00:00+00:00
[2024-12-23T05:59:52.616+0700] {logging_mixin.py:190} INFO - [2024-12-23T05:59:52.615+0700] {dag.py:4180} INFO - Setting next_dagrun for example_branch_datetime_operator_3 to 2024-12-21 00:00:00+00:00, run_after=2024-12-22 00:00:00+00:00
[2024-12-23T05:59:52.691+0700] {processor.py:208} INFO - Processing /mnt/d/Project/airflow-news/venv/lib/python3.12/site-packages/airflow/example_dags/example_branch_datetime_operator.py took 0.346 seconds
[2024-12-23T06:01:35.014+0700] {processor.py:186} INFO - Started process (PID=2986) to work on /mnt/d/Project/airflow-news/venv/lib/python3.12/site-packages/airflow/example_dags/example_branch_datetime_operator.py
[2024-12-23T06:01:35.017+0700] {processor.py:914} INFO - Processing file /mnt/d/Project/airflow-news/venv/lib/python3.12/site-packages/airflow/example_dags/example_branch_datetime_operator.py for tasks to queue
[2024-12-23T06:01:35.022+0700] {logging_mixin.py:190} INFO - [2024-12-23T06:01:35.020+0700] {dagbag.py:588} INFO - Filling up the DagBag from /mnt/d/Project/airflow-news/venv/lib/python3.12/site-packages/airflow/example_dags/example_branch_datetime_operator.py
[2024-12-23T06:01:35.190+0700] {processor.py:925} INFO - DAG(s) 'example_branch_datetime_operator', 'example_branch_datetime_operator_2', 'example_branch_datetime_operator_3' retrieved from /mnt/d/Project/airflow-news/venv/lib/python3.12/site-packages/airflow/example_dags/example_branch_datetime_operator.py
[2024-12-23T06:01:35.261+0700] {logging_mixin.py:190} INFO - [2024-12-23T06:01:35.260+0700] {dag.py:3239} INFO - Sync 3 DAGs
[2024-12-23T06:01:35.318+0700] {logging_mixin.py:190} INFO - [2024-12-23T06:01:35.317+0700] {dag.py:4180} INFO - Setting next_dagrun for example_branch_datetime_operator to 2024-12-21 00:00:00+00:00, run_after=2024-12-22 00:00:00+00:00
[2024-12-23T06:01:35.333+0700] {logging_mixin.py:190} INFO - [2024-12-23T06:01:35.331+0700] {dag.py:4180} INFO - Setting next_dagrun for example_branch_datetime_operator_2 to 2024-12-21 00:00:00+00:00, run_after=2024-12-22 00:00:00+00:00
[2024-12-23T06:01:35.342+0700] {logging_mixin.py:190} INFO - [2024-12-23T06:01:35.340+0700] {dag.py:4180} INFO - Setting next_dagrun for example_branch_datetime_operator_3 to 2024-12-21 00:00:00+00:00, run_after=2024-12-22 00:00:00+00:00
[2024-12-23T06:01:35.430+0700] {processor.py:208} INFO - Processing /mnt/d/Project/airflow-news/venv/lib/python3.12/site-packages/airflow/example_dags/example_branch_datetime_operator.py took 0.434 seconds
[2024-12-23T06:03:32.282+0700] {processor.py:186} INFO - Started process (PID=3195) to work on /mnt/d/Project/airflow-news/venv/lib/python3.12/site-packages/airflow/example_dags/example_branch_datetime_operator.py
[2024-12-23T06:03:32.285+0700] {processor.py:914} INFO - Processing file /mnt/d/Project/airflow-news/venv/lib/python3.12/site-packages/airflow/example_dags/example_branch_datetime_operator.py for tasks to queue
[2024-12-23T06:03:32.291+0700] {logging_mixin.py:190} INFO - [2024-12-23T06:03:32.289+0700] {dagbag.py:588} INFO - Filling up the DagBag from /mnt/d/Project/airflow-news/venv/lib/python3.12/site-packages/airflow/example_dags/example_branch_datetime_operator.py
[2024-12-23T06:03:32.445+0700] {processor.py:925} INFO - DAG(s) 'example_branch_datetime_operator_2', 'example_branch_datetime_operator', 'example_branch_datetime_operator_3' retrieved from /mnt/d/Project/airflow-news/venv/lib/python3.12/site-packages/airflow/example_dags/example_branch_datetime_operator.py
[2024-12-23T06:03:32.499+0700] {logging_mixin.py:190} INFO - [2024-12-23T06:03:32.497+0700] {dag.py:3239} INFO - Sync 3 DAGs
[2024-12-23T06:03:32.533+0700] {logging_mixin.py:190} INFO - [2024-12-23T06:03:32.532+0700] {dag.py:4180} INFO - Setting next_dagrun for example_branch_datetime_operator to 2024-12-21 00:00:00+00:00, run_after=2024-12-22 00:00:00+00:00
[2024-12-23T06:03:32.549+0700] {logging_mixin.py:190} INFO - [2024-12-23T06:03:32.547+0700] {dag.py:4180} INFO - Setting next_dagrun for example_branch_datetime_operator_2 to 2024-12-21 00:00:00+00:00, run_after=2024-12-22 00:00:00+00:00
[2024-12-23T06:03:32.557+0700] {logging_mixin.py:190} INFO - [2024-12-23T06:03:32.556+0700] {dag.py:4180} INFO - Setting next_dagrun for example_branch_datetime_operator_3 to 2024-12-21 00:00:00+00:00, run_after=2024-12-22 00:00:00+00:00
[2024-12-23T06:03:32.644+0700] {processor.py:208} INFO - Processing /mnt/d/Project/airflow-news/venv/lib/python3.12/site-packages/airflow/example_dags/example_branch_datetime_operator.py took 0.387 seconds
[2024-12-23T06:05:43.416+0700] {processor.py:186} INFO - Started process (PID=3554) to work on /mnt/d/Project/airflow-news/venv/lib/python3.12/site-packages/airflow/example_dags/example_branch_datetime_operator.py
[2024-12-23T06:05:43.418+0700] {processor.py:914} INFO - Processing file /mnt/d/Project/airflow-news/venv/lib/python3.12/site-packages/airflow/example_dags/example_branch_datetime_operator.py for tasks to queue
[2024-12-23T06:05:43.422+0700] {logging_mixin.py:190} INFO - [2024-12-23T06:05:43.421+0700] {dagbag.py:588} INFO - Filling up the DagBag from /mnt/d/Project/airflow-news/venv/lib/python3.12/site-packages/airflow/example_dags/example_branch_datetime_operator.py
[2024-12-23T06:05:43.538+0700] {processor.py:925} INFO - DAG(s) 'example_branch_datetime_operator', 'example_branch_datetime_operator_2', 'example_branch_datetime_operator_3' retrieved from /mnt/d/Project/airflow-news/venv/lib/python3.12/site-packages/airflow/example_dags/example_branch_datetime_operator.py
[2024-12-23T06:05:43.592+0700] {logging_mixin.py:190} INFO - [2024-12-23T06:05:43.590+0700] {dag.py:3239} INFO - Sync 3 DAGs
[2024-12-23T06:05:43.629+0700] {logging_mixin.py:190} INFO - [2024-12-23T06:05:43.628+0700] {dag.py:4180} INFO - Setting next_dagrun for example_branch_datetime_operator to 2024-12-21 00:00:00+00:00, run_after=2024-12-22 00:00:00+00:00
[2024-12-23T06:05:43.639+0700] {logging_mixin.py:190} INFO - [2024-12-23T06:05:43.638+0700] {dag.py:4180} INFO - Setting next_dagrun for example_branch_datetime_operator_2 to 2024-12-21 00:00:00+00:00, run_after=2024-12-22 00:00:00+00:00
[2024-12-23T06:05:43.648+0700] {logging_mixin.py:190} INFO - [2024-12-23T06:05:43.647+0700] {dag.py:4180} INFO - Setting next_dagrun for example_branch_datetime_operator_3 to 2024-12-21 00:00:00+00:00, run_after=2024-12-22 00:00:00+00:00
[2024-12-23T06:05:43.725+0700] {processor.py:208} INFO - Processing /mnt/d/Project/airflow-news/venv/lib/python3.12/site-packages/airflow/example_dags/example_branch_datetime_operator.py took 0.332 seconds
[2024-12-23T06:07:43.347+0700] {processor.py:186} INFO - Started process (PID=3881) to work on /mnt/d/Project/airflow-news/venv/lib/python3.12/site-packages/airflow/example_dags/example_branch_datetime_operator.py
[2024-12-23T06:07:43.351+0700] {processor.py:914} INFO - Processing file /mnt/d/Project/airflow-news/venv/lib/python3.12/site-packages/airflow/example_dags/example_branch_datetime_operator.py for tasks to queue
[2024-12-23T06:07:43.359+0700] {logging_mixin.py:190} INFO - [2024-12-23T06:07:43.357+0700] {dagbag.py:588} INFO - Filling up the DagBag from /mnt/d/Project/airflow-news/venv/lib/python3.12/site-packages/airflow/example_dags/example_branch_datetime_operator.py
[2024-12-23T06:07:43.530+0700] {processor.py:925} INFO - DAG(s) 'example_branch_datetime_operator_2', 'example_branch_datetime_operator_3', 'example_branch_datetime_operator' retrieved from /mnt/d/Project/airflow-news/venv/lib/python3.12/site-packages/airflow/example_dags/example_branch_datetime_operator.py
[2024-12-23T06:07:43.584+0700] {logging_mixin.py:190} INFO - [2024-12-23T06:07:43.583+0700] {dag.py:3239} INFO - Sync 3 DAGs
[2024-12-23T06:07:43.622+0700] {logging_mixin.py:190} INFO - [2024-12-23T06:07:43.621+0700] {dag.py:4180} INFO - Setting next_dagrun for example_branch_datetime_operator to 2024-12-21 00:00:00+00:00, run_after=2024-12-22 00:00:00+00:00
[2024-12-23T06:07:43.633+0700] {logging_mixin.py:190} INFO - [2024-12-23T06:07:43.631+0700] {dag.py:4180} INFO - Setting next_dagrun for example_branch_datetime_operator_2 to 2024-12-21 00:00:00+00:00, run_after=2024-12-22 00:00:00+00:00
[2024-12-23T06:07:43.641+0700] {logging_mixin.py:190} INFO - [2024-12-23T06:07:43.640+0700] {dag.py:4180} INFO - Setting next_dagrun for example_branch_datetime_operator_3 to 2024-12-21 00:00:00+00:00, run_after=2024-12-22 00:00:00+00:00
[2024-12-23T06:07:43.715+0700] {processor.py:208} INFO - Processing /mnt/d/Project/airflow-news/venv/lib/python3.12/site-packages/airflow/example_dags/example_branch_datetime_operator.py took 0.397 seconds
[2024-12-23T06:08:03.942+0700] {processor.py:186} INFO - Started process (PID=3964) to work on /mnt/d/Project/airflow-news/venv/lib/python3.12/site-packages/airflow/example_dags/example_branch_datetime_operator.py
[2024-12-23T06:08:03.945+0700] {processor.py:914} INFO - Processing file /mnt/d/Project/airflow-news/venv/lib/python3.12/site-packages/airflow/example_dags/example_branch_datetime_operator.py for tasks to queue
[2024-12-23T06:08:03.951+0700] {logging_mixin.py:190} INFO - [2024-12-23T06:08:03.949+0700] {dagbag.py:588} INFO - Filling up the DagBag from /mnt/d/Project/airflow-news/venv/lib/python3.12/site-packages/airflow/example_dags/example_branch_datetime_operator.py
[2024-12-23T06:08:04.103+0700] {processor.py:925} INFO - DAG(s) 'example_branch_datetime_operator', 'example_branch_datetime_operator_2', 'example_branch_datetime_operator_3' retrieved from /mnt/d/Project/airflow-news/venv/lib/python3.12/site-packages/airflow/example_dags/example_branch_datetime_operator.py
[2024-12-23T06:08:04.165+0700] {logging_mixin.py:190} INFO - [2024-12-23T06:08:04.164+0700] {dag.py:3239} INFO - Sync 3 DAGs
[2024-12-23T06:08:04.210+0700] {logging_mixin.py:190} INFO - [2024-12-23T06:08:04.209+0700] {dag.py:4180} INFO - Setting next_dagrun for example_branch_datetime_operator to 2024-12-21 00:00:00+00:00, run_after=2024-12-22 00:00:00+00:00
[2024-12-23T06:08:04.222+0700] {logging_mixin.py:190} INFO - [2024-12-23T06:08:04.220+0700] {dag.py:4180} INFO - Setting next_dagrun for example_branch_datetime_operator_2 to 2024-12-21 00:00:00+00:00, run_after=2024-12-22 00:00:00+00:00
[2024-12-23T06:08:04.229+0700] {logging_mixin.py:190} INFO - [2024-12-23T06:08:04.228+0700] {dag.py:4180} INFO - Setting next_dagrun for example_branch_datetime_operator_3 to 2024-12-21 00:00:00+00:00, run_after=2024-12-22 00:00:00+00:00
[2024-12-23T06:08:04.313+0700] {processor.py:208} INFO - Processing /mnt/d/Project/airflow-news/venv/lib/python3.12/site-packages/airflow/example_dags/example_branch_datetime_operator.py took 0.388 seconds
[2024-12-23T06:09:47.615+0700] {processor.py:186} INFO - Started process (PID=4247) to work on /mnt/d/Project/airflow-news/venv/lib/python3.12/site-packages/airflow/example_dags/example_branch_datetime_operator.py
[2024-12-23T06:09:47.617+0700] {processor.py:914} INFO - Processing file /mnt/d/Project/airflow-news/venv/lib/python3.12/site-packages/airflow/example_dags/example_branch_datetime_operator.py for tasks to queue
[2024-12-23T06:09:47.623+0700] {logging_mixin.py:190} INFO - [2024-12-23T06:09:47.621+0700] {dagbag.py:588} INFO - Filling up the DagBag from /mnt/d/Project/airflow-news/venv/lib/python3.12/site-packages/airflow/example_dags/example_branch_datetime_operator.py
[2024-12-23T06:09:47.767+0700] {processor.py:925} INFO - DAG(s) 'example_branch_datetime_operator', 'example_branch_datetime_operator_2', 'example_branch_datetime_operator_3' retrieved from /mnt/d/Project/airflow-news/venv/lib/python3.12/site-packages/airflow/example_dags/example_branch_datetime_operator.py
[2024-12-23T06:09:47.822+0700] {logging_mixin.py:190} INFO - [2024-12-23T06:09:47.820+0700] {dag.py:3239} INFO - Sync 3 DAGs
[2024-12-23T06:09:47.868+0700] {logging_mixin.py:190} INFO - [2024-12-23T06:09:47.867+0700] {dag.py:4180} INFO - Setting next_dagrun for example_branch_datetime_operator to 2024-12-21 00:00:00+00:00, run_after=2024-12-22 00:00:00+00:00
[2024-12-23T06:09:47.880+0700] {logging_mixin.py:190} INFO - [2024-12-23T06:09:47.878+0700] {dag.py:4180} INFO - Setting next_dagrun for example_branch_datetime_operator_2 to 2024-12-21 00:00:00+00:00, run_after=2024-12-22 00:00:00+00:00
[2024-12-23T06:09:47.890+0700] {logging_mixin.py:190} INFO - [2024-12-23T06:09:47.888+0700] {dag.py:4180} INFO - Setting next_dagrun for example_branch_datetime_operator_3 to 2024-12-21 00:00:00+00:00, run_after=2024-12-22 00:00:00+00:00
[2024-12-23T06:09:47.977+0700] {processor.py:208} INFO - Processing /mnt/d/Project/airflow-news/venv/lib/python3.12/site-packages/airflow/example_dags/example_branch_datetime_operator.py took 0.387 seconds
[2024-12-23T06:12:14.504+0700] {processor.py:186} INFO - Started process (PID=4576) to work on /mnt/d/Project/airflow-news/venv/lib/python3.12/site-packages/airflow/example_dags/example_branch_datetime_operator.py
[2024-12-23T06:12:14.507+0700] {processor.py:914} INFO - Processing file /mnt/d/Project/airflow-news/venv/lib/python3.12/site-packages/airflow/example_dags/example_branch_datetime_operator.py for tasks to queue
[2024-12-23T06:12:14.510+0700] {logging_mixin.py:190} INFO - [2024-12-23T06:12:14.509+0700] {dagbag.py:588} INFO - Filling up the DagBag from /mnt/d/Project/airflow-news/venv/lib/python3.12/site-packages/airflow/example_dags/example_branch_datetime_operator.py
[2024-12-23T06:12:14.579+0700] {processor.py:925} INFO - DAG(s) 'example_branch_datetime_operator_3', 'example_branch_datetime_operator', 'example_branch_datetime_operator_2' retrieved from /mnt/d/Project/airflow-news/venv/lib/python3.12/site-packages/airflow/example_dags/example_branch_datetime_operator.py
[2024-12-23T06:12:14.637+0700] {logging_mixin.py:190} INFO - [2024-12-23T06:12:14.635+0700] {dag.py:3239} INFO - Sync 3 DAGs
[2024-12-23T06:12:14.675+0700] {logging_mixin.py:190} INFO - [2024-12-23T06:12:14.673+0700] {dag.py:4180} INFO - Setting next_dagrun for example_branch_datetime_operator to 2024-12-21 00:00:00+00:00, run_after=2024-12-22 00:00:00+00:00
[2024-12-23T06:12:14.685+0700] {logging_mixin.py:190} INFO - [2024-12-23T06:12:14.683+0700] {dag.py:4180} INFO - Setting next_dagrun for example_branch_datetime_operator_2 to 2024-12-21 00:00:00+00:00, run_after=2024-12-22 00:00:00+00:00
[2024-12-23T06:12:14.693+0700] {logging_mixin.py:190} INFO - [2024-12-23T06:12:14.691+0700] {dag.py:4180} INFO - Setting next_dagrun for example_branch_datetime_operator_3 to 2024-12-21 00:00:00+00:00, run_after=2024-12-22 00:00:00+00:00
[2024-12-23T06:12:14.772+0700] {processor.py:208} INFO - Processing /mnt/d/Project/airflow-news/venv/lib/python3.12/site-packages/airflow/example_dags/example_branch_datetime_operator.py took 0.285 seconds
[2024-12-23T06:13:10.268+0700] {processor.py:186} INFO - Started process (PID=4734) to work on /mnt/d/Project/airflow-news/venv/lib/python3.12/site-packages/airflow/example_dags/example_branch_datetime_operator.py
[2024-12-23T06:13:10.270+0700] {processor.py:914} INFO - Processing file /mnt/d/Project/airflow-news/venv/lib/python3.12/site-packages/airflow/example_dags/example_branch_datetime_operator.py for tasks to queue
[2024-12-23T06:13:10.275+0700] {logging_mixin.py:190} INFO - [2024-12-23T06:13:10.274+0700] {dagbag.py:588} INFO - Filling up the DagBag from /mnt/d/Project/airflow-news/venv/lib/python3.12/site-packages/airflow/example_dags/example_branch_datetime_operator.py
[2024-12-23T06:13:10.391+0700] {processor.py:925} INFO - DAG(s) 'example_branch_datetime_operator_2', 'example_branch_datetime_operator', 'example_branch_datetime_operator_3' retrieved from /mnt/d/Project/airflow-news/venv/lib/python3.12/site-packages/airflow/example_dags/example_branch_datetime_operator.py
[2024-12-23T06:13:10.439+0700] {logging_mixin.py:190} INFO - [2024-12-23T06:13:10.437+0700] {dag.py:3239} INFO - Sync 3 DAGs
[2024-12-23T06:13:10.477+0700] {logging_mixin.py:190} INFO - [2024-12-23T06:13:10.475+0700] {dag.py:4180} INFO - Setting next_dagrun for example_branch_datetime_operator to 2024-12-21 00:00:00+00:00, run_after=2024-12-22 00:00:00+00:00
[2024-12-23T06:13:10.496+0700] {logging_mixin.py:190} INFO - [2024-12-23T06:13:10.494+0700] {dag.py:4180} INFO - Setting next_dagrun for example_branch_datetime_operator_2 to 2024-12-21 00:00:00+00:00, run_after=2024-12-22 00:00:00+00:00
[2024-12-23T06:13:10.503+0700] {logging_mixin.py:190} INFO - [2024-12-23T06:13:10.501+0700] {dag.py:4180} INFO - Setting next_dagrun for example_branch_datetime_operator_3 to 2024-12-21 00:00:00+00:00, run_after=2024-12-22 00:00:00+00:00
[2024-12-23T06:13:10.601+0700] {processor.py:208} INFO - Processing /mnt/d/Project/airflow-news/venv/lib/python3.12/site-packages/airflow/example_dags/example_branch_datetime_operator.py took 0.354 seconds
[2024-12-23T06:13:51.098+0700] {processor.py:186} INFO - Started process (PID=4855) to work on /mnt/d/Project/airflow-news/venv/lib/python3.12/site-packages/airflow/example_dags/example_branch_datetime_operator.py
[2024-12-23T06:13:51.100+0700] {processor.py:914} INFO - Processing file /mnt/d/Project/airflow-news/venv/lib/python3.12/site-packages/airflow/example_dags/example_branch_datetime_operator.py for tasks to queue
[2024-12-23T06:13:51.105+0700] {logging_mixin.py:190} INFO - [2024-12-23T06:13:51.103+0700] {dagbag.py:588} INFO - Filling up the DagBag from /mnt/d/Project/airflow-news/venv/lib/python3.12/site-packages/airflow/example_dags/example_branch_datetime_operator.py
[2024-12-23T06:13:51.179+0700] {processor.py:925} INFO - DAG(s) 'example_branch_datetime_operator_2', 'example_branch_datetime_operator_3', 'example_branch_datetime_operator' retrieved from /mnt/d/Project/airflow-news/venv/lib/python3.12/site-packages/airflow/example_dags/example_branch_datetime_operator.py
[2024-12-23T06:13:51.233+0700] {logging_mixin.py:190} INFO - [2024-12-23T06:13:51.231+0700] {dag.py:3239} INFO - Sync 3 DAGs
[2024-12-23T06:13:51.269+0700] {logging_mixin.py:190} INFO - [2024-12-23T06:13:51.267+0700] {dag.py:4180} INFO - Setting next_dagrun for example_branch_datetime_operator to 2024-12-21 00:00:00+00:00, run_after=2024-12-22 00:00:00+00:00
[2024-12-23T06:13:51.279+0700] {logging_mixin.py:190} INFO - [2024-12-23T06:13:51.277+0700] {dag.py:4180} INFO - Setting next_dagrun for example_branch_datetime_operator_2 to 2024-12-21 00:00:00+00:00, run_after=2024-12-22 00:00:00+00:00
[2024-12-23T06:13:51.286+0700] {logging_mixin.py:190} INFO - [2024-12-23T06:13:51.284+0700] {dag.py:4180} INFO - Setting next_dagrun for example_branch_datetime_operator_3 to 2024-12-21 00:00:00+00:00, run_after=2024-12-22 00:00:00+00:00
[2024-12-23T06:13:51.356+0700] {processor.py:208} INFO - Processing /mnt/d/Project/airflow-news/venv/lib/python3.12/site-packages/airflow/example_dags/example_branch_datetime_operator.py took 0.274 seconds
[2024-12-23T06:15:01.501+0700] {processor.py:186} INFO - Started process (PID=5068) to work on /mnt/d/Project/airflow-news/venv/lib/python3.12/site-packages/airflow/example_dags/example_branch_datetime_operator.py
[2024-12-23T06:15:01.503+0700] {processor.py:914} INFO - Processing file /mnt/d/Project/airflow-news/venv/lib/python3.12/site-packages/airflow/example_dags/example_branch_datetime_operator.py for tasks to queue
[2024-12-23T06:15:01.509+0700] {logging_mixin.py:190} INFO - [2024-12-23T06:15:01.507+0700] {dagbag.py:588} INFO - Filling up the DagBag from /mnt/d/Project/airflow-news/venv/lib/python3.12/site-packages/airflow/example_dags/example_branch_datetime_operator.py
[2024-12-23T06:15:01.633+0700] {processor.py:925} INFO - DAG(s) 'example_branch_datetime_operator', 'example_branch_datetime_operator_2', 'example_branch_datetime_operator_3' retrieved from /mnt/d/Project/airflow-news/venv/lib/python3.12/site-packages/airflow/example_dags/example_branch_datetime_operator.py
[2024-12-23T06:15:01.680+0700] {logging_mixin.py:190} INFO - [2024-12-23T06:15:01.679+0700] {dag.py:3239} INFO - Sync 3 DAGs
[2024-12-23T06:15:01.716+0700] {logging_mixin.py:190} INFO - [2024-12-23T06:15:01.715+0700] {dag.py:4180} INFO - Setting next_dagrun for example_branch_datetime_operator to 2024-12-21 00:00:00+00:00, run_after=2024-12-22 00:00:00+00:00
[2024-12-23T06:15:01.727+0700] {logging_mixin.py:190} INFO - [2024-12-23T06:15:01.725+0700] {dag.py:4180} INFO - Setting next_dagrun for example_branch_datetime_operator_2 to 2024-12-21 00:00:00+00:00, run_after=2024-12-22 00:00:00+00:00
[2024-12-23T06:15:01.735+0700] {logging_mixin.py:190} INFO - [2024-12-23T06:15:01.734+0700] {dag.py:4180} INFO - Setting next_dagrun for example_branch_datetime_operator_3 to 2024-12-21 00:00:00+00:00, run_after=2024-12-22 00:00:00+00:00
[2024-12-23T06:15:01.813+0700] {processor.py:208} INFO - Processing /mnt/d/Project/airflow-news/venv/lib/python3.12/site-packages/airflow/example_dags/example_branch_datetime_operator.py took 0.335 seconds
[2024-12-23T06:15:24.256+0700] {processor.py:186} INFO - Started process (PID=5138) to work on /mnt/d/Project/airflow-news/venv/lib/python3.12/site-packages/airflow/example_dags/example_branch_datetime_operator.py
[2024-12-23T06:15:24.258+0700] {processor.py:914} INFO - Processing file /mnt/d/Project/airflow-news/venv/lib/python3.12/site-packages/airflow/example_dags/example_branch_datetime_operator.py for tasks to queue
[2024-12-23T06:15:24.262+0700] {logging_mixin.py:190} INFO - [2024-12-23T06:15:24.260+0700] {dagbag.py:588} INFO - Filling up the DagBag from /mnt/d/Project/airflow-news/venv/lib/python3.12/site-packages/airflow/example_dags/example_branch_datetime_operator.py
[2024-12-23T06:15:24.321+0700] {processor.py:925} INFO - DAG(s) 'example_branch_datetime_operator_3', 'example_branch_datetime_operator', 'example_branch_datetime_operator_2' retrieved from /mnt/d/Project/airflow-news/venv/lib/python3.12/site-packages/airflow/example_dags/example_branch_datetime_operator.py
[2024-12-23T06:15:24.368+0700] {logging_mixin.py:190} INFO - [2024-12-23T06:15:24.367+0700] {dag.py:3239} INFO - Sync 3 DAGs
[2024-12-23T06:15:24.394+0700] {logging_mixin.py:190} INFO - [2024-12-23T06:15:24.393+0700] {dag.py:4180} INFO - Setting next_dagrun for example_branch_datetime_operator to 2024-12-21 00:00:00+00:00, run_after=2024-12-22 00:00:00+00:00
[2024-12-23T06:15:24.404+0700] {logging_mixin.py:190} INFO - [2024-12-23T06:15:24.402+0700] {dag.py:4180} INFO - Setting next_dagrun for example_branch_datetime_operator_2 to 2024-12-21 00:00:00+00:00, run_after=2024-12-22 00:00:00+00:00
[2024-12-23T06:15:24.410+0700] {logging_mixin.py:190} INFO - [2024-12-23T06:15:24.408+0700] {dag.py:4180} INFO - Setting next_dagrun for example_branch_datetime_operator_3 to 2024-12-21 00:00:00+00:00, run_after=2024-12-22 00:00:00+00:00
[2024-12-23T06:15:24.476+0700] {processor.py:208} INFO - Processing /mnt/d/Project/airflow-news/venv/lib/python3.12/site-packages/airflow/example_dags/example_branch_datetime_operator.py took 0.232 seconds
[2024-12-23T06:18:04.487+0700] {processor.py:186} INFO - Started process (PID=5548) to work on /mnt/d/Project/airflow-news/venv/lib/python3.12/site-packages/airflow/example_dags/example_branch_datetime_operator.py
[2024-12-23T06:18:04.489+0700] {processor.py:914} INFO - Processing file /mnt/d/Project/airflow-news/venv/lib/python3.12/site-packages/airflow/example_dags/example_branch_datetime_operator.py for tasks to queue
[2024-12-23T06:18:04.493+0700] {logging_mixin.py:190} INFO - [2024-12-23T06:18:04.492+0700] {dagbag.py:588} INFO - Filling up the DagBag from /mnt/d/Project/airflow-news/venv/lib/python3.12/site-packages/airflow/example_dags/example_branch_datetime_operator.py
[2024-12-23T06:18:04.561+0700] {processor.py:925} INFO - DAG(s) 'example_branch_datetime_operator_2', 'example_branch_datetime_operator', 'example_branch_datetime_operator_3' retrieved from /mnt/d/Project/airflow-news/venv/lib/python3.12/site-packages/airflow/example_dags/example_branch_datetime_operator.py
[2024-12-23T06:18:04.613+0700] {logging_mixin.py:190} INFO - [2024-12-23T06:18:04.611+0700] {dag.py:3239} INFO - Sync 3 DAGs
[2024-12-23T06:18:04.644+0700] {logging_mixin.py:190} INFO - [2024-12-23T06:18:04.642+0700] {dag.py:4180} INFO - Setting next_dagrun for example_branch_datetime_operator to 2024-12-21 00:00:00+00:00, run_after=2024-12-22 00:00:00+00:00
[2024-12-23T06:18:04.654+0700] {logging_mixin.py:190} INFO - [2024-12-23T06:18:04.652+0700] {dag.py:4180} INFO - Setting next_dagrun for example_branch_datetime_operator_2 to 2024-12-21 00:00:00+00:00, run_after=2024-12-22 00:00:00+00:00
[2024-12-23T06:18:04.660+0700] {logging_mixin.py:190} INFO - [2024-12-23T06:18:04.659+0700] {dag.py:4180} INFO - Setting next_dagrun for example_branch_datetime_operator_3 to 2024-12-21 00:00:00+00:00, run_after=2024-12-22 00:00:00+00:00
[2024-12-23T06:18:04.737+0700] {processor.py:208} INFO - Processing /mnt/d/Project/airflow-news/venv/lib/python3.12/site-packages/airflow/example_dags/example_branch_datetime_operator.py took 0.266 seconds
[2024-12-23T06:18:05.051+0700] {processor.py:186} INFO - Started process (PID=5550) to work on /mnt/d/Project/airflow-news/venv/lib/python3.12/site-packages/airflow/example_dags/example_branch_datetime_operator.py
[2024-12-23T06:18:05.053+0700] {processor.py:914} INFO - Processing file /mnt/d/Project/airflow-news/venv/lib/python3.12/site-packages/airflow/example_dags/example_branch_datetime_operator.py for tasks to queue
[2024-12-23T06:18:05.058+0700] {logging_mixin.py:190} INFO - [2024-12-23T06:18:05.057+0700] {dagbag.py:588} INFO - Filling up the DagBag from /mnt/d/Project/airflow-news/venv/lib/python3.12/site-packages/airflow/example_dags/example_branch_datetime_operator.py
[2024-12-23T06:18:05.185+0700] {processor.py:925} INFO - DAG(s) 'example_branch_datetime_operator', 'example_branch_datetime_operator_3', 'example_branch_datetime_operator_2' retrieved from /mnt/d/Project/airflow-news/venv/lib/python3.12/site-packages/airflow/example_dags/example_branch_datetime_operator.py
[2024-12-23T06:18:05.247+0700] {logging_mixin.py:190} INFO - [2024-12-23T06:18:05.245+0700] {dag.py:3239} INFO - Sync 3 DAGs
[2024-12-23T06:18:05.286+0700] {logging_mixin.py:190} INFO - [2024-12-23T06:18:05.285+0700] {dag.py:4180} INFO - Setting next_dagrun for example_branch_datetime_operator to 2024-12-21 00:00:00+00:00, run_after=2024-12-22 00:00:00+00:00
[2024-12-23T06:18:05.296+0700] {logging_mixin.py:190} INFO - [2024-12-23T06:18:05.295+0700] {dag.py:4180} INFO - Setting next_dagrun for example_branch_datetime_operator_2 to 2024-12-21 00:00:00+00:00, run_after=2024-12-22 00:00:00+00:00
[2024-12-23T06:18:05.304+0700] {logging_mixin.py:190} INFO - [2024-12-23T06:18:05.301+0700] {dag.py:4180} INFO - Setting next_dagrun for example_branch_datetime_operator_3 to 2024-12-21 00:00:00+00:00, run_after=2024-12-22 00:00:00+00:00
[2024-12-23T06:18:05.374+0700] {processor.py:208} INFO - Processing /mnt/d/Project/airflow-news/venv/lib/python3.12/site-packages/airflow/example_dags/example_branch_datetime_operator.py took 0.344 seconds
[2024-12-23T06:19:35.968+0700] {processor.py:186} INFO - Started process (PID=5820) to work on /mnt/d/Project/airflow-news/venv/lib/python3.12/site-packages/airflow/example_dags/example_branch_datetime_operator.py
[2024-12-23T06:19:35.970+0700] {processor.py:914} INFO - Processing file /mnt/d/Project/airflow-news/venv/lib/python3.12/site-packages/airflow/example_dags/example_branch_datetime_operator.py for tasks to queue
[2024-12-23T06:19:35.973+0700] {logging_mixin.py:190} INFO - [2024-12-23T06:19:35.972+0700] {dagbag.py:588} INFO - Filling up the DagBag from /mnt/d/Project/airflow-news/venv/lib/python3.12/site-packages/airflow/example_dags/example_branch_datetime_operator.py
[2024-12-23T06:19:36.039+0700] {processor.py:925} INFO - DAG(s) 'example_branch_datetime_operator', 'example_branch_datetime_operator_2', 'example_branch_datetime_operator_3' retrieved from /mnt/d/Project/airflow-news/venv/lib/python3.12/site-packages/airflow/example_dags/example_branch_datetime_operator.py
[2024-12-23T06:19:36.094+0700] {logging_mixin.py:190} INFO - [2024-12-23T06:19:36.092+0700] {dag.py:3239} INFO - Sync 3 DAGs
[2024-12-23T06:19:36.123+0700] {logging_mixin.py:190} INFO - [2024-12-23T06:19:36.121+0700] {dag.py:4180} INFO - Setting next_dagrun for example_branch_datetime_operator to 2024-12-21 00:00:00+00:00, run_after=2024-12-22 00:00:00+00:00
[2024-12-23T06:19:36.131+0700] {logging_mixin.py:190} INFO - [2024-12-23T06:19:36.130+0700] {dag.py:4180} INFO - Setting next_dagrun for example_branch_datetime_operator_2 to 2024-12-21 00:00:00+00:00, run_after=2024-12-22 00:00:00+00:00
[2024-12-23T06:19:36.137+0700] {logging_mixin.py:190} INFO - [2024-12-23T06:19:36.136+0700] {dag.py:4180} INFO - Setting next_dagrun for example_branch_datetime_operator_3 to 2024-12-21 00:00:00+00:00, run_after=2024-12-22 00:00:00+00:00
[2024-12-23T06:19:36.207+0700] {processor.py:208} INFO - Processing /mnt/d/Project/airflow-news/venv/lib/python3.12/site-packages/airflow/example_dags/example_branch_datetime_operator.py took 0.255 seconds
[2024-12-23T06:19:56.293+0700] {processor.py:186} INFO - Started process (PID=5877) to work on /mnt/d/Project/airflow-news/venv/lib/python3.12/site-packages/airflow/example_dags/example_branch_datetime_operator.py
[2024-12-23T06:19:56.296+0700] {processor.py:914} INFO - Processing file /mnt/d/Project/airflow-news/venv/lib/python3.12/site-packages/airflow/example_dags/example_branch_datetime_operator.py for tasks to queue
[2024-12-23T06:19:56.303+0700] {logging_mixin.py:190} INFO - [2024-12-23T06:19:56.301+0700] {dagbag.py:588} INFO - Filling up the DagBag from /mnt/d/Project/airflow-news/venv/lib/python3.12/site-packages/airflow/example_dags/example_branch_datetime_operator.py
[2024-12-23T06:19:56.473+0700] {processor.py:925} INFO - DAG(s) 'example_branch_datetime_operator_2', 'example_branch_datetime_operator_3', 'example_branch_datetime_operator' retrieved from /mnt/d/Project/airflow-news/venv/lib/python3.12/site-packages/airflow/example_dags/example_branch_datetime_operator.py
[2024-12-23T06:19:56.534+0700] {logging_mixin.py:190} INFO - [2024-12-23T06:19:56.532+0700] {dag.py:3239} INFO - Sync 3 DAGs
[2024-12-23T06:19:56.581+0700] {logging_mixin.py:190} INFO - [2024-12-23T06:19:56.579+0700] {dag.py:4180} INFO - Setting next_dagrun for example_branch_datetime_operator to 2024-12-21 00:00:00+00:00, run_after=2024-12-22 00:00:00+00:00
[2024-12-23T06:19:56.592+0700] {logging_mixin.py:190} INFO - [2024-12-23T06:19:56.591+0700] {dag.py:4180} INFO - Setting next_dagrun for example_branch_datetime_operator_2 to 2024-12-21 00:00:00+00:00, run_after=2024-12-22 00:00:00+00:00
[2024-12-23T06:19:56.600+0700] {logging_mixin.py:190} INFO - [2024-12-23T06:19:56.599+0700] {dag.py:4180} INFO - Setting next_dagrun for example_branch_datetime_operator_3 to 2024-12-21 00:00:00+00:00, run_after=2024-12-22 00:00:00+00:00
[2024-12-23T06:19:56.677+0700] {processor.py:208} INFO - Processing /mnt/d/Project/airflow-news/venv/lib/python3.12/site-packages/airflow/example_dags/example_branch_datetime_operator.py took 0.411 seconds
[2024-12-23T06:21:58.832+0700] {processor.py:186} INFO - Started process (PID=6186) to work on /mnt/d/Project/airflow-news/venv/lib/python3.12/site-packages/airflow/example_dags/example_branch_datetime_operator.py
[2024-12-23T06:21:58.834+0700] {processor.py:914} INFO - Processing file /mnt/d/Project/airflow-news/venv/lib/python3.12/site-packages/airflow/example_dags/example_branch_datetime_operator.py for tasks to queue
[2024-12-23T06:21:58.840+0700] {logging_mixin.py:190} INFO - [2024-12-23T06:21:58.838+0700] {dagbag.py:588} INFO - Filling up the DagBag from /mnt/d/Project/airflow-news/venv/lib/python3.12/site-packages/airflow/example_dags/example_branch_datetime_operator.py
[2024-12-23T06:21:58.981+0700] {processor.py:925} INFO - DAG(s) 'example_branch_datetime_operator_2', 'example_branch_datetime_operator', 'example_branch_datetime_operator_3' retrieved from /mnt/d/Project/airflow-news/venv/lib/python3.12/site-packages/airflow/example_dags/example_branch_datetime_operator.py
[2024-12-23T06:21:59.037+0700] {logging_mixin.py:190} INFO - [2024-12-23T06:21:59.036+0700] {dag.py:3239} INFO - Sync 3 DAGs
[2024-12-23T06:21:59.074+0700] {logging_mixin.py:190} INFO - [2024-12-23T06:21:59.072+0700] {dag.py:4180} INFO - Setting next_dagrun for example_branch_datetime_operator to 2024-12-21 00:00:00+00:00, run_after=2024-12-22 00:00:00+00:00
[2024-12-23T06:21:59.084+0700] {logging_mixin.py:190} INFO - [2024-12-23T06:21:59.082+0700] {dag.py:4180} INFO - Setting next_dagrun for example_branch_datetime_operator_2 to 2024-12-21 00:00:00+00:00, run_after=2024-12-22 00:00:00+00:00
[2024-12-23T06:21:59.091+0700] {logging_mixin.py:190} INFO - [2024-12-23T06:21:59.090+0700] {dag.py:4180} INFO - Setting next_dagrun for example_branch_datetime_operator_3 to 2024-12-21 00:00:00+00:00, run_after=2024-12-22 00:00:00+00:00
[2024-12-23T06:21:59.166+0700] {processor.py:208} INFO - Processing /mnt/d/Project/airflow-news/venv/lib/python3.12/site-packages/airflow/example_dags/example_branch_datetime_operator.py took 0.359 seconds
[2024-12-23T06:23:30.028+0700] {processor.py:186} INFO - Started process (PID=6475) to work on /mnt/d/Project/airflow-news/venv/lib/python3.12/site-packages/airflow/example_dags/example_branch_datetime_operator.py
[2024-12-23T06:23:30.031+0700] {processor.py:914} INFO - Processing file /mnt/d/Project/airflow-news/venv/lib/python3.12/site-packages/airflow/example_dags/example_branch_datetime_operator.py for tasks to queue
[2024-12-23T06:23:30.036+0700] {logging_mixin.py:190} INFO - [2024-12-23T06:23:30.035+0700] {dagbag.py:588} INFO - Filling up the DagBag from /mnt/d/Project/airflow-news/venv/lib/python3.12/site-packages/airflow/example_dags/example_branch_datetime_operator.py
[2024-12-23T06:23:30.185+0700] {processor.py:925} INFO - DAG(s) 'example_branch_datetime_operator_3', 'example_branch_datetime_operator_2', 'example_branch_datetime_operator' retrieved from /mnt/d/Project/airflow-news/venv/lib/python3.12/site-packages/airflow/example_dags/example_branch_datetime_operator.py
[2024-12-23T06:23:30.242+0700] {logging_mixin.py:190} INFO - [2024-12-23T06:23:30.240+0700] {dag.py:3239} INFO - Sync 3 DAGs
[2024-12-23T06:23:30.286+0700] {logging_mixin.py:190} INFO - [2024-12-23T06:23:30.284+0700] {dag.py:4180} INFO - Setting next_dagrun for example_branch_datetime_operator to 2024-12-21 00:00:00+00:00, run_after=2024-12-22 00:00:00+00:00
[2024-12-23T06:23:30.298+0700] {logging_mixin.py:190} INFO - [2024-12-23T06:23:30.296+0700] {dag.py:4180} INFO - Setting next_dagrun for example_branch_datetime_operator_2 to 2024-12-21 00:00:00+00:00, run_after=2024-12-22 00:00:00+00:00
[2024-12-23T06:23:30.305+0700] {logging_mixin.py:190} INFO - [2024-12-23T06:23:30.303+0700] {dag.py:4180} INFO - Setting next_dagrun for example_branch_datetime_operator_3 to 2024-12-21 00:00:00+00:00, run_after=2024-12-22 00:00:00+00:00
[2024-12-23T06:23:30.387+0700] {processor.py:208} INFO - Processing /mnt/d/Project/airflow-news/venv/lib/python3.12/site-packages/airflow/example_dags/example_branch_datetime_operator.py took 0.373 seconds
[2024-12-23T06:23:55.589+0700] {processor.py:186} INFO - Started process (PID=6561) to work on /mnt/d/Project/airflow-news/venv/lib/python3.12/site-packages/airflow/example_dags/example_branch_datetime_operator.py
[2024-12-23T06:23:55.591+0700] {processor.py:914} INFO - Processing file /mnt/d/Project/airflow-news/venv/lib/python3.12/site-packages/airflow/example_dags/example_branch_datetime_operator.py for tasks to queue
[2024-12-23T06:23:55.596+0700] {logging_mixin.py:190} INFO - [2024-12-23T06:23:55.594+0700] {dagbag.py:588} INFO - Filling up the DagBag from /mnt/d/Project/airflow-news/venv/lib/python3.12/site-packages/airflow/example_dags/example_branch_datetime_operator.py
[2024-12-23T06:23:55.707+0700] {processor.py:925} INFO - DAG(s) 'example_branch_datetime_operator_2', 'example_branch_datetime_operator_3', 'example_branch_datetime_operator' retrieved from /mnt/d/Project/airflow-news/venv/lib/python3.12/site-packages/airflow/example_dags/example_branch_datetime_operator.py
[2024-12-23T06:23:55.776+0700] {logging_mixin.py:190} INFO - [2024-12-23T06:23:55.774+0700] {dag.py:3239} INFO - Sync 3 DAGs
[2024-12-23T06:23:55.810+0700] {logging_mixin.py:190} INFO - [2024-12-23T06:23:55.809+0700] {dag.py:4180} INFO - Setting next_dagrun for example_branch_datetime_operator to 2024-12-21 00:00:00+00:00, run_after=2024-12-22 00:00:00+00:00
[2024-12-23T06:23:55.820+0700] {logging_mixin.py:190} INFO - [2024-12-23T06:23:55.818+0700] {dag.py:4180} INFO - Setting next_dagrun for example_branch_datetime_operator_2 to 2024-12-21 00:00:00+00:00, run_after=2024-12-22 00:00:00+00:00
[2024-12-23T06:23:55.827+0700] {logging_mixin.py:190} INFO - [2024-12-23T06:23:55.825+0700] {dag.py:4180} INFO - Setting next_dagrun for example_branch_datetime_operator_3 to 2024-12-21 00:00:00+00:00, run_after=2024-12-22 00:00:00+00:00
[2024-12-23T06:23:55.896+0700] {processor.py:208} INFO - Processing /mnt/d/Project/airflow-news/venv/lib/python3.12/site-packages/airflow/example_dags/example_branch_datetime_operator.py took 0.330 seconds
[2024-12-23T06:25:01.426+0700] {processor.py:186} INFO - Started process (PID=6767) to work on /mnt/d/Project/airflow-news/venv/lib/python3.12/site-packages/airflow/example_dags/example_branch_datetime_operator.py
[2024-12-23T06:25:01.429+0700] {processor.py:914} INFO - Processing file /mnt/d/Project/airflow-news/venv/lib/python3.12/site-packages/airflow/example_dags/example_branch_datetime_operator.py for tasks to queue
[2024-12-23T06:25:01.435+0700] {logging_mixin.py:190} INFO - [2024-12-23T06:25:01.433+0700] {dagbag.py:588} INFO - Filling up the DagBag from /mnt/d/Project/airflow-news/venv/lib/python3.12/site-packages/airflow/example_dags/example_branch_datetime_operator.py
[2024-12-23T06:25:01.573+0700] {processor.py:925} INFO - DAG(s) 'example_branch_datetime_operator_3', 'example_branch_datetime_operator', 'example_branch_datetime_operator_2' retrieved from /mnt/d/Project/airflow-news/venv/lib/python3.12/site-packages/airflow/example_dags/example_branch_datetime_operator.py
[2024-12-23T06:25:01.626+0700] {logging_mixin.py:190} INFO - [2024-12-23T06:25:01.625+0700] {dag.py:3239} INFO - Sync 3 DAGs
[2024-12-23T06:25:01.664+0700] {logging_mixin.py:190} INFO - [2024-12-23T06:25:01.662+0700] {dag.py:4180} INFO - Setting next_dagrun for example_branch_datetime_operator to 2024-12-21 00:00:00+00:00, run_after=2024-12-22 00:00:00+00:00
[2024-12-23T06:25:01.674+0700] {logging_mixin.py:190} INFO - [2024-12-23T06:25:01.672+0700] {dag.py:4180} INFO - Setting next_dagrun for example_branch_datetime_operator_2 to 2024-12-21 00:00:00+00:00, run_after=2024-12-22 00:00:00+00:00
[2024-12-23T06:25:01.681+0700] {logging_mixin.py:190} INFO - [2024-12-23T06:25:01.680+0700] {dag.py:4180} INFO - Setting next_dagrun for example_branch_datetime_operator_3 to 2024-12-21 00:00:00+00:00, run_after=2024-12-22 00:00:00+00:00
[2024-12-23T06:25:01.758+0700] {processor.py:208} INFO - Processing /mnt/d/Project/airflow-news/venv/lib/python3.12/site-packages/airflow/example_dags/example_branch_datetime_operator.py took 0.347 seconds
[2024-12-23T06:25:40.413+0700] {processor.py:186} INFO - Started process (PID=6890) to work on /mnt/d/Project/airflow-news/venv/lib/python3.12/site-packages/airflow/example_dags/example_branch_datetime_operator.py
[2024-12-23T06:25:40.415+0700] {processor.py:914} INFO - Processing file /mnt/d/Project/airflow-news/venv/lib/python3.12/site-packages/airflow/example_dags/example_branch_datetime_operator.py for tasks to queue
[2024-12-23T06:25:40.420+0700] {logging_mixin.py:190} INFO - [2024-12-23T06:25:40.419+0700] {dagbag.py:588} INFO - Filling up the DagBag from /mnt/d/Project/airflow-news/venv/lib/python3.12/site-packages/airflow/example_dags/example_branch_datetime_operator.py
[2024-12-23T06:25:40.536+0700] {processor.py:925} INFO - DAG(s) 'example_branch_datetime_operator', 'example_branch_datetime_operator_3', 'example_branch_datetime_operator_2' retrieved from /mnt/d/Project/airflow-news/venv/lib/python3.12/site-packages/airflow/example_dags/example_branch_datetime_operator.py
[2024-12-23T06:25:40.586+0700] {logging_mixin.py:190} INFO - [2024-12-23T06:25:40.584+0700] {dag.py:3239} INFO - Sync 3 DAGs
[2024-12-23T06:25:40.619+0700] {logging_mixin.py:190} INFO - [2024-12-23T06:25:40.617+0700] {dag.py:4180} INFO - Setting next_dagrun for example_branch_datetime_operator to 2024-12-21 00:00:00+00:00, run_after=2024-12-22 00:00:00+00:00
[2024-12-23T06:25:40.628+0700] {logging_mixin.py:190} INFO - [2024-12-23T06:25:40.627+0700] {dag.py:4180} INFO - Setting next_dagrun for example_branch_datetime_operator_2 to 2024-12-21 00:00:00+00:00, run_after=2024-12-22 00:00:00+00:00
[2024-12-23T06:25:40.637+0700] {logging_mixin.py:190} INFO - [2024-12-23T06:25:40.635+0700] {dag.py:4180} INFO - Setting next_dagrun for example_branch_datetime_operator_3 to 2024-12-21 00:00:00+00:00, run_after=2024-12-22 00:00:00+00:00
[2024-12-23T06:25:40.707+0700] {processor.py:208} INFO - Processing /mnt/d/Project/airflow-news/venv/lib/python3.12/site-packages/airflow/example_dags/example_branch_datetime_operator.py took 0.315 seconds
[2024-12-23T06:26:32.679+0700] {processor.py:186} INFO - Started process (PID=7044) to work on /mnt/d/Project/airflow-news/venv/lib/python3.12/site-packages/airflow/example_dags/example_branch_datetime_operator.py
[2024-12-23T06:26:32.681+0700] {processor.py:914} INFO - Processing file /mnt/d/Project/airflow-news/venv/lib/python3.12/site-packages/airflow/example_dags/example_branch_datetime_operator.py for tasks to queue
[2024-12-23T06:26:32.687+0700] {logging_mixin.py:190} INFO - [2024-12-23T06:26:32.685+0700] {dagbag.py:588} INFO - Filling up the DagBag from /mnt/d/Project/airflow-news/venv/lib/python3.12/site-packages/airflow/example_dags/example_branch_datetime_operator.py
[2024-12-23T06:26:32.815+0700] {processor.py:925} INFO - DAG(s) 'example_branch_datetime_operator_3', 'example_branch_datetime_operator', 'example_branch_datetime_operator_2' retrieved from /mnt/d/Project/airflow-news/venv/lib/python3.12/site-packages/airflow/example_dags/example_branch_datetime_operator.py
[2024-12-23T06:26:32.866+0700] {logging_mixin.py:190} INFO - [2024-12-23T06:26:32.865+0700] {dag.py:3239} INFO - Sync 3 DAGs
[2024-12-23T06:26:32.898+0700] {logging_mixin.py:190} INFO - [2024-12-23T06:26:32.897+0700] {dag.py:4180} INFO - Setting next_dagrun for example_branch_datetime_operator to 2024-12-21 00:00:00+00:00, run_after=2024-12-22 00:00:00+00:00
[2024-12-23T06:26:32.908+0700] {logging_mixin.py:190} INFO - [2024-12-23T06:26:32.906+0700] {dag.py:4180} INFO - Setting next_dagrun for example_branch_datetime_operator_2 to 2024-12-21 00:00:00+00:00, run_after=2024-12-22 00:00:00+00:00
[2024-12-23T06:26:32.915+0700] {logging_mixin.py:190} INFO - [2024-12-23T06:26:32.914+0700] {dag.py:4180} INFO - Setting next_dagrun for example_branch_datetime_operator_3 to 2024-12-21 00:00:00+00:00, run_after=2024-12-22 00:00:00+00:00
[2024-12-23T06:26:32.982+0700] {processor.py:208} INFO - Processing /mnt/d/Project/airflow-news/venv/lib/python3.12/site-packages/airflow/example_dags/example_branch_datetime_operator.py took 0.319 seconds
[2024-12-23T06:27:28.230+0700] {processor.py:186} INFO - Started process (PID=7201) to work on /mnt/d/Project/airflow-news/venv/lib/python3.12/site-packages/airflow/example_dags/example_branch_datetime_operator.py
[2024-12-23T06:27:28.233+0700] {processor.py:914} INFO - Processing file /mnt/d/Project/airflow-news/venv/lib/python3.12/site-packages/airflow/example_dags/example_branch_datetime_operator.py for tasks to queue
[2024-12-23T06:27:28.238+0700] {logging_mixin.py:190} INFO - [2024-12-23T06:27:28.236+0700] {dagbag.py:588} INFO - Filling up the DagBag from /mnt/d/Project/airflow-news/venv/lib/python3.12/site-packages/airflow/example_dags/example_branch_datetime_operator.py
[2024-12-23T06:27:28.366+0700] {processor.py:925} INFO - DAG(s) 'example_branch_datetime_operator_2', 'example_branch_datetime_operator_3', 'example_branch_datetime_operator' retrieved from /mnt/d/Project/airflow-news/venv/lib/python3.12/site-packages/airflow/example_dags/example_branch_datetime_operator.py
[2024-12-23T06:27:28.412+0700] {logging_mixin.py:190} INFO - [2024-12-23T06:27:28.411+0700] {dag.py:3239} INFO - Sync 3 DAGs
[2024-12-23T06:27:28.448+0700] {logging_mixin.py:190} INFO - [2024-12-23T06:27:28.446+0700] {dag.py:4180} INFO - Setting next_dagrun for example_branch_datetime_operator to 2024-12-21 00:00:00+00:00, run_after=2024-12-22 00:00:00+00:00
[2024-12-23T06:27:28.458+0700] {logging_mixin.py:190} INFO - [2024-12-23T06:27:28.456+0700] {dag.py:4180} INFO - Setting next_dagrun for example_branch_datetime_operator_2 to 2024-12-21 00:00:00+00:00, run_after=2024-12-22 00:00:00+00:00
[2024-12-23T06:27:28.465+0700] {logging_mixin.py:190} INFO - [2024-12-23T06:27:28.463+0700] {dag.py:4180} INFO - Setting next_dagrun for example_branch_datetime_operator_3 to 2024-12-21 00:00:00+00:00, run_after=2024-12-22 00:00:00+00:00
[2024-12-23T06:27:28.532+0700] {processor.py:208} INFO - Processing /mnt/d/Project/airflow-news/venv/lib/python3.12/site-packages/airflow/example_dags/example_branch_datetime_operator.py took 0.326 seconds
[2024-12-23T06:28:08.290+0700] {processor.py:186} INFO - Started process (PID=7325) to work on /mnt/d/Project/airflow-news/venv/lib/python3.12/site-packages/airflow/example_dags/example_branch_datetime_operator.py
[2024-12-23T06:28:08.292+0700] {processor.py:914} INFO - Processing file /mnt/d/Project/airflow-news/venv/lib/python3.12/site-packages/airflow/example_dags/example_branch_datetime_operator.py for tasks to queue
[2024-12-23T06:28:08.296+0700] {logging_mixin.py:190} INFO - [2024-12-23T06:28:08.295+0700] {dagbag.py:588} INFO - Filling up the DagBag from /mnt/d/Project/airflow-news/venv/lib/python3.12/site-packages/airflow/example_dags/example_branch_datetime_operator.py
[2024-12-23T06:28:08.391+0700] {processor.py:925} INFO - DAG(s) 'example_branch_datetime_operator_2', 'example_branch_datetime_operator', 'example_branch_datetime_operator_3' retrieved from /mnt/d/Project/airflow-news/venv/lib/python3.12/site-packages/airflow/example_dags/example_branch_datetime_operator.py
[2024-12-23T06:28:08.444+0700] {logging_mixin.py:190} INFO - [2024-12-23T06:28:08.442+0700] {dag.py:3239} INFO - Sync 3 DAGs
[2024-12-23T06:28:08.476+0700] {logging_mixin.py:190} INFO - [2024-12-23T06:28:08.474+0700] {dag.py:4180} INFO - Setting next_dagrun for example_branch_datetime_operator to 2024-12-21 00:00:00+00:00, run_after=2024-12-22 00:00:00+00:00
[2024-12-23T06:28:08.485+0700] {logging_mixin.py:190} INFO - [2024-12-23T06:28:08.484+0700] {dag.py:4180} INFO - Setting next_dagrun for example_branch_datetime_operator_2 to 2024-12-21 00:00:00+00:00, run_after=2024-12-22 00:00:00+00:00
[2024-12-23T06:28:08.493+0700] {logging_mixin.py:190} INFO - [2024-12-23T06:28:08.491+0700] {dag.py:4180} INFO - Setting next_dagrun for example_branch_datetime_operator_3 to 2024-12-21 00:00:00+00:00, run_after=2024-12-22 00:00:00+00:00
[2024-12-23T06:28:08.569+0700] {processor.py:208} INFO - Processing /mnt/d/Project/airflow-news/venv/lib/python3.12/site-packages/airflow/example_dags/example_branch_datetime_operator.py took 0.295 seconds
[2024-12-23T06:29:14.462+0700] {processor.py:186} INFO - Started process (PID=7520) to work on /mnt/d/Project/airflow-news/venv/lib/python3.12/site-packages/airflow/example_dags/example_branch_datetime_operator.py
[2024-12-23T06:29:14.464+0700] {processor.py:914} INFO - Processing file /mnt/d/Project/airflow-news/venv/lib/python3.12/site-packages/airflow/example_dags/example_branch_datetime_operator.py for tasks to queue
[2024-12-23T06:29:14.468+0700] {logging_mixin.py:190} INFO - [2024-12-23T06:29:14.467+0700] {dagbag.py:588} INFO - Filling up the DagBag from /mnt/d/Project/airflow-news/venv/lib/python3.12/site-packages/airflow/example_dags/example_branch_datetime_operator.py
[2024-12-23T06:29:14.562+0700] {processor.py:925} INFO - DAG(s) 'example_branch_datetime_operator_3', 'example_branch_datetime_operator_2', 'example_branch_datetime_operator' retrieved from /mnt/d/Project/airflow-news/venv/lib/python3.12/site-packages/airflow/example_dags/example_branch_datetime_operator.py
[2024-12-23T06:29:14.617+0700] {logging_mixin.py:190} INFO - [2024-12-23T06:29:14.616+0700] {dag.py:3239} INFO - Sync 3 DAGs
[2024-12-23T06:29:14.662+0700] {logging_mixin.py:190} INFO - [2024-12-23T06:29:14.660+0700] {dag.py:4180} INFO - Setting next_dagrun for example_branch_datetime_operator to 2024-12-21 00:00:00+00:00, run_after=2024-12-22 00:00:00+00:00
[2024-12-23T06:29:14.672+0700] {logging_mixin.py:190} INFO - [2024-12-23T06:29:14.670+0700] {dag.py:4180} INFO - Setting next_dagrun for example_branch_datetime_operator_2 to 2024-12-21 00:00:00+00:00, run_after=2024-12-22 00:00:00+00:00
[2024-12-23T06:29:14.679+0700] {logging_mixin.py:190} INFO - [2024-12-23T06:29:14.678+0700] {dag.py:4180} INFO - Setting next_dagrun for example_branch_datetime_operator_3 to 2024-12-21 00:00:00+00:00, run_after=2024-12-22 00:00:00+00:00
[2024-12-23T06:29:14.749+0700] {processor.py:208} INFO - Processing /mnt/d/Project/airflow-news/venv/lib/python3.12/site-packages/airflow/example_dags/example_branch_datetime_operator.py took 0.307 seconds
[2024-12-23T06:29:40.265+0700] {processor.py:186} INFO - Started process (PID=7610) to work on /mnt/d/Project/airflow-news/venv/lib/python3.12/site-packages/airflow/example_dags/example_branch_datetime_operator.py
[2024-12-23T06:29:40.268+0700] {processor.py:914} INFO - Processing file /mnt/d/Project/airflow-news/venv/lib/python3.12/site-packages/airflow/example_dags/example_branch_datetime_operator.py for tasks to queue
[2024-12-23T06:29:40.272+0700] {logging_mixin.py:190} INFO - [2024-12-23T06:29:40.271+0700] {dagbag.py:588} INFO - Filling up the DagBag from /mnt/d/Project/airflow-news/venv/lib/python3.12/site-packages/airflow/example_dags/example_branch_datetime_operator.py
[2024-12-23T06:29:40.402+0700] {processor.py:925} INFO - DAG(s) 'example_branch_datetime_operator_2', 'example_branch_datetime_operator', 'example_branch_datetime_operator_3' retrieved from /mnt/d/Project/airflow-news/venv/lib/python3.12/site-packages/airflow/example_dags/example_branch_datetime_operator.py
[2024-12-23T06:29:40.478+0700] {logging_mixin.py:190} INFO - [2024-12-23T06:29:40.476+0700] {dag.py:3239} INFO - Sync 3 DAGs
[2024-12-23T06:29:40.517+0700] {logging_mixin.py:190} INFO - [2024-12-23T06:29:40.515+0700] {dag.py:4180} INFO - Setting next_dagrun for example_branch_datetime_operator to 2024-12-21 00:00:00+00:00, run_after=2024-12-22 00:00:00+00:00
[2024-12-23T06:29:40.528+0700] {logging_mixin.py:190} INFO - [2024-12-23T06:29:40.526+0700] {dag.py:4180} INFO - Setting next_dagrun for example_branch_datetime_operator_2 to 2024-12-21 00:00:00+00:00, run_after=2024-12-22 00:00:00+00:00
[2024-12-23T06:29:40.535+0700] {logging_mixin.py:190} INFO - [2024-12-23T06:29:40.534+0700] {dag.py:4180} INFO - Setting next_dagrun for example_branch_datetime_operator_3 to 2024-12-21 00:00:00+00:00, run_after=2024-12-22 00:00:00+00:00
[2024-12-23T06:29:40.605+0700] {processor.py:208} INFO - Processing /mnt/d/Project/airflow-news/venv/lib/python3.12/site-packages/airflow/example_dags/example_branch_datetime_operator.py took 0.355 seconds
[2024-12-23T06:31:01.867+0700] {processor.py:186} INFO - Started process (PID=7835) to work on /mnt/d/Project/airflow-news/venv/lib/python3.12/site-packages/airflow/example_dags/example_branch_datetime_operator.py
[2024-12-23T06:31:01.869+0700] {processor.py:914} INFO - Processing file /mnt/d/Project/airflow-news/venv/lib/python3.12/site-packages/airflow/example_dags/example_branch_datetime_operator.py for tasks to queue
[2024-12-23T06:31:01.874+0700] {logging_mixin.py:190} INFO - [2024-12-23T06:31:01.872+0700] {dagbag.py:588} INFO - Filling up the DagBag from /mnt/d/Project/airflow-news/venv/lib/python3.12/site-packages/airflow/example_dags/example_branch_datetime_operator.py
[2024-12-23T06:31:01.978+0700] {processor.py:925} INFO - DAG(s) 'example_branch_datetime_operator', 'example_branch_datetime_operator_2', 'example_branch_datetime_operator_3' retrieved from /mnt/d/Project/airflow-news/venv/lib/python3.12/site-packages/airflow/example_dags/example_branch_datetime_operator.py
[2024-12-23T06:31:02.025+0700] {logging_mixin.py:190} INFO - [2024-12-23T06:31:02.024+0700] {dag.py:3239} INFO - Sync 3 DAGs
[2024-12-23T06:31:02.056+0700] {logging_mixin.py:190} INFO - [2024-12-23T06:31:02.055+0700] {dag.py:4180} INFO - Setting next_dagrun for example_branch_datetime_operator to 2024-12-21 00:00:00+00:00, run_after=2024-12-22 00:00:00+00:00
[2024-12-23T06:31:02.070+0700] {logging_mixin.py:190} INFO - [2024-12-23T06:31:02.069+0700] {dag.py:4180} INFO - Setting next_dagrun for example_branch_datetime_operator_2 to 2024-12-21 00:00:00+00:00, run_after=2024-12-22 00:00:00+00:00
[2024-12-23T06:31:02.078+0700] {logging_mixin.py:190} INFO - [2024-12-23T06:31:02.076+0700] {dag.py:4180} INFO - Setting next_dagrun for example_branch_datetime_operator_3 to 2024-12-21 00:00:00+00:00, run_after=2024-12-22 00:00:00+00:00
[2024-12-23T06:31:02.151+0700] {processor.py:208} INFO - Processing /mnt/d/Project/airflow-news/venv/lib/python3.12/site-packages/airflow/example_dags/example_branch_datetime_operator.py took 0.305 seconds
[2024-12-23T06:31:09.180+0700] {processor.py:186} INFO - Started process (PID=7859) to work on /mnt/d/Project/airflow-news/venv/lib/python3.12/site-packages/airflow/example_dags/example_branch_datetime_operator.py
[2024-12-23T06:31:09.182+0700] {processor.py:914} INFO - Processing file /mnt/d/Project/airflow-news/venv/lib/python3.12/site-packages/airflow/example_dags/example_branch_datetime_operator.py for tasks to queue
[2024-12-23T06:31:09.186+0700] {logging_mixin.py:190} INFO - [2024-12-23T06:31:09.185+0700] {dagbag.py:588} INFO - Filling up the DagBag from /mnt/d/Project/airflow-news/venv/lib/python3.12/site-packages/airflow/example_dags/example_branch_datetime_operator.py
[2024-12-23T06:31:09.299+0700] {processor.py:925} INFO - DAG(s) 'example_branch_datetime_operator_2', 'example_branch_datetime_operator', 'example_branch_datetime_operator_3' retrieved from /mnt/d/Project/airflow-news/venv/lib/python3.12/site-packages/airflow/example_dags/example_branch_datetime_operator.py
[2024-12-23T06:31:09.349+0700] {logging_mixin.py:190} INFO - [2024-12-23T06:31:09.348+0700] {dag.py:3239} INFO - Sync 3 DAGs
[2024-12-23T06:31:09.382+0700] {logging_mixin.py:190} INFO - [2024-12-23T06:31:09.381+0700] {dag.py:4180} INFO - Setting next_dagrun for example_branch_datetime_operator to 2024-12-21 00:00:00+00:00, run_after=2024-12-22 00:00:00+00:00
[2024-12-23T06:31:09.391+0700] {logging_mixin.py:190} INFO - [2024-12-23T06:31:09.390+0700] {dag.py:4180} INFO - Setting next_dagrun for example_branch_datetime_operator_2 to 2024-12-21 00:00:00+00:00, run_after=2024-12-22 00:00:00+00:00
[2024-12-23T06:31:09.408+0700] {logging_mixin.py:190} INFO - [2024-12-23T06:31:09.406+0700] {dag.py:4180} INFO - Setting next_dagrun for example_branch_datetime_operator_3 to 2024-12-21 00:00:00+00:00, run_after=2024-12-22 00:00:00+00:00
[2024-12-23T06:31:09.491+0700] {processor.py:208} INFO - Processing /mnt/d/Project/airflow-news/venv/lib/python3.12/site-packages/airflow/example_dags/example_branch_datetime_operator.py took 0.325 seconds
[2024-12-23T06:32:43.537+0700] {processor.py:186} INFO - Started process (PID=8146) to work on /mnt/d/Project/airflow-news/venv/lib/python3.12/site-packages/airflow/example_dags/example_branch_datetime_operator.py
[2024-12-23T06:32:43.539+0700] {processor.py:914} INFO - Processing file /mnt/d/Project/airflow-news/venv/lib/python3.12/site-packages/airflow/example_dags/example_branch_datetime_operator.py for tasks to queue
[2024-12-23T06:32:43.544+0700] {logging_mixin.py:190} INFO - [2024-12-23T06:32:43.542+0700] {dagbag.py:588} INFO - Filling up the DagBag from /mnt/d/Project/airflow-news/venv/lib/python3.12/site-packages/airflow/example_dags/example_branch_datetime_operator.py
[2024-12-23T06:32:43.675+0700] {processor.py:925} INFO - DAG(s) 'example_branch_datetime_operator_3', 'example_branch_datetime_operator', 'example_branch_datetime_operator_2' retrieved from /mnt/d/Project/airflow-news/venv/lib/python3.12/site-packages/airflow/example_dags/example_branch_datetime_operator.py
[2024-12-23T06:32:43.731+0700] {logging_mixin.py:190} INFO - [2024-12-23T06:32:43.729+0700] {dag.py:3239} INFO - Sync 3 DAGs
[2024-12-23T06:32:43.768+0700] {logging_mixin.py:190} INFO - [2024-12-23T06:32:43.766+0700] {dag.py:4180} INFO - Setting next_dagrun for example_branch_datetime_operator to 2024-12-21 00:00:00+00:00, run_after=2024-12-22 00:00:00+00:00
[2024-12-23T06:32:43.778+0700] {logging_mixin.py:190} INFO - [2024-12-23T06:32:43.777+0700] {dag.py:4180} INFO - Setting next_dagrun for example_branch_datetime_operator_2 to 2024-12-21 00:00:00+00:00, run_after=2024-12-22 00:00:00+00:00
[2024-12-23T06:32:43.785+0700] {logging_mixin.py:190} INFO - [2024-12-23T06:32:43.784+0700] {dag.py:4180} INFO - Setting next_dagrun for example_branch_datetime_operator_3 to 2024-12-21 00:00:00+00:00, run_after=2024-12-22 00:00:00+00:00
[2024-12-23T06:32:43.864+0700] {processor.py:208} INFO - Processing /mnt/d/Project/airflow-news/venv/lib/python3.12/site-packages/airflow/example_dags/example_branch_datetime_operator.py took 0.343 seconds
[2024-12-23T06:32:50.418+0700] {processor.py:186} INFO - Started process (PID=8162) to work on /mnt/d/Project/airflow-news/venv/lib/python3.12/site-packages/airflow/example_dags/example_branch_datetime_operator.py
[2024-12-23T06:32:50.420+0700] {processor.py:914} INFO - Processing file /mnt/d/Project/airflow-news/venv/lib/python3.12/site-packages/airflow/example_dags/example_branch_datetime_operator.py for tasks to queue
[2024-12-23T06:32:50.426+0700] {logging_mixin.py:190} INFO - [2024-12-23T06:32:50.424+0700] {dagbag.py:588} INFO - Filling up the DagBag from /mnt/d/Project/airflow-news/venv/lib/python3.12/site-packages/airflow/example_dags/example_branch_datetime_operator.py
[2024-12-23T06:32:50.567+0700] {processor.py:925} INFO - DAG(s) 'example_branch_datetime_operator', 'example_branch_datetime_operator_3', 'example_branch_datetime_operator_2' retrieved from /mnt/d/Project/airflow-news/venv/lib/python3.12/site-packages/airflow/example_dags/example_branch_datetime_operator.py
[2024-12-23T06:32:50.632+0700] {logging_mixin.py:190} INFO - [2024-12-23T06:32:50.630+0700] {dag.py:3239} INFO - Sync 3 DAGs
[2024-12-23T06:32:50.681+0700] {logging_mixin.py:190} INFO - [2024-12-23T06:32:50.679+0700] {dag.py:4180} INFO - Setting next_dagrun for example_branch_datetime_operator to 2024-12-21 00:00:00+00:00, run_after=2024-12-22 00:00:00+00:00
[2024-12-23T06:32:50.693+0700] {logging_mixin.py:190} INFO - [2024-12-23T06:32:50.692+0700] {dag.py:4180} INFO - Setting next_dagrun for example_branch_datetime_operator_2 to 2024-12-21 00:00:00+00:00, run_after=2024-12-22 00:00:00+00:00
[2024-12-23T06:32:50.703+0700] {logging_mixin.py:190} INFO - [2024-12-23T06:32:50.701+0700] {dag.py:4180} INFO - Setting next_dagrun for example_branch_datetime_operator_3 to 2024-12-21 00:00:00+00:00, run_after=2024-12-22 00:00:00+00:00
[2024-12-23T06:32:50.823+0700] {processor.py:208} INFO - Processing /mnt/d/Project/airflow-news/venv/lib/python3.12/site-packages/airflow/example_dags/example_branch_datetime_operator.py took 0.427 seconds
[2024-12-23T06:34:17.973+0700] {processor.py:186} INFO - Started process (PID=8434) to work on /mnt/d/Project/airflow-news/venv/lib/python3.12/site-packages/airflow/example_dags/example_branch_datetime_operator.py
[2024-12-23T06:34:17.975+0700] {processor.py:914} INFO - Processing file /mnt/d/Project/airflow-news/venv/lib/python3.12/site-packages/airflow/example_dags/example_branch_datetime_operator.py for tasks to queue
[2024-12-23T06:34:17.979+0700] {logging_mixin.py:190} INFO - [2024-12-23T06:34:17.978+0700] {dagbag.py:588} INFO - Filling up the DagBag from /mnt/d/Project/airflow-news/venv/lib/python3.12/site-packages/airflow/example_dags/example_branch_datetime_operator.py
[2024-12-23T06:34:18.090+0700] {processor.py:925} INFO - DAG(s) 'example_branch_datetime_operator', 'example_branch_datetime_operator_2', 'example_branch_datetime_operator_3' retrieved from /mnt/d/Project/airflow-news/venv/lib/python3.12/site-packages/airflow/example_dags/example_branch_datetime_operator.py
[2024-12-23T06:34:18.144+0700] {logging_mixin.py:190} INFO - [2024-12-23T06:34:18.143+0700] {dag.py:3239} INFO - Sync 3 DAGs
[2024-12-23T06:34:18.181+0700] {logging_mixin.py:190} INFO - [2024-12-23T06:34:18.179+0700] {dag.py:4180} INFO - Setting next_dagrun for example_branch_datetime_operator to 2024-12-21 00:00:00+00:00, run_after=2024-12-22 00:00:00+00:00
[2024-12-23T06:34:18.192+0700] {logging_mixin.py:190} INFO - [2024-12-23T06:34:18.191+0700] {dag.py:4180} INFO - Setting next_dagrun for example_branch_datetime_operator_2 to 2024-12-21 00:00:00+00:00, run_after=2024-12-22 00:00:00+00:00
[2024-12-23T06:34:18.199+0700] {logging_mixin.py:190} INFO - [2024-12-23T06:34:18.198+0700] {dag.py:4180} INFO - Setting next_dagrun for example_branch_datetime_operator_3 to 2024-12-21 00:00:00+00:00, run_after=2024-12-22 00:00:00+00:00
[2024-12-23T06:34:18.270+0700] {processor.py:208} INFO - Processing /mnt/d/Project/airflow-news/venv/lib/python3.12/site-packages/airflow/example_dags/example_branch_datetime_operator.py took 0.311 seconds
[2024-12-23T06:34:38.625+0700] {processor.py:186} INFO - Started process (PID=8488) to work on /mnt/d/Project/airflow-news/venv/lib/python3.12/site-packages/airflow/example_dags/example_branch_datetime_operator.py
[2024-12-23T06:34:38.628+0700] {processor.py:914} INFO - Processing file /mnt/d/Project/airflow-news/venv/lib/python3.12/site-packages/airflow/example_dags/example_branch_datetime_operator.py for tasks to queue
[2024-12-23T06:34:38.633+0700] {logging_mixin.py:190} INFO - [2024-12-23T06:34:38.631+0700] {dagbag.py:588} INFO - Filling up the DagBag from /mnt/d/Project/airflow-news/venv/lib/python3.12/site-packages/airflow/example_dags/example_branch_datetime_operator.py
[2024-12-23T06:34:38.792+0700] {processor.py:925} INFO - DAG(s) 'example_branch_datetime_operator_2', 'example_branch_datetime_operator_3', 'example_branch_datetime_operator' retrieved from /mnt/d/Project/airflow-news/venv/lib/python3.12/site-packages/airflow/example_dags/example_branch_datetime_operator.py
[2024-12-23T06:34:38.848+0700] {logging_mixin.py:190} INFO - [2024-12-23T06:34:38.847+0700] {dag.py:3239} INFO - Sync 3 DAGs
[2024-12-23T06:34:38.892+0700] {logging_mixin.py:190} INFO - [2024-12-23T06:34:38.891+0700] {dag.py:4180} INFO - Setting next_dagrun for example_branch_datetime_operator to 2024-12-21 00:00:00+00:00, run_after=2024-12-22 00:00:00+00:00
[2024-12-23T06:34:38.925+0700] {logging_mixin.py:190} INFO - [2024-12-23T06:34:38.923+0700] {dag.py:4180} INFO - Setting next_dagrun for example_branch_datetime_operator_2 to 2024-12-21 00:00:00+00:00, run_after=2024-12-22 00:00:00+00:00
[2024-12-23T06:34:38.937+0700] {logging_mixin.py:190} INFO - [2024-12-23T06:34:38.934+0700] {dag.py:4180} INFO - Setting next_dagrun for example_branch_datetime_operator_3 to 2024-12-21 00:00:00+00:00, run_after=2024-12-22 00:00:00+00:00
[2024-12-23T06:34:39.053+0700] {processor.py:208} INFO - Processing /mnt/d/Project/airflow-news/venv/lib/python3.12/site-packages/airflow/example_dags/example_branch_datetime_operator.py took 0.450 seconds
[2024-12-23T06:37:05.157+0700] {processor.py:186} INFO - Started process (PID=8913) to work on /mnt/d/Project/airflow-news/venv/lib/python3.12/site-packages/airflow/example_dags/example_branch_datetime_operator.py
[2024-12-23T06:37:05.159+0700] {processor.py:914} INFO - Processing file /mnt/d/Project/airflow-news/venv/lib/python3.12/site-packages/airflow/example_dags/example_branch_datetime_operator.py for tasks to queue
[2024-12-23T06:37:05.165+0700] {logging_mixin.py:190} INFO - [2024-12-23T06:37:05.163+0700] {dagbag.py:588} INFO - Filling up the DagBag from /mnt/d/Project/airflow-news/venv/lib/python3.12/site-packages/airflow/example_dags/example_branch_datetime_operator.py
[2024-12-23T06:37:05.292+0700] {processor.py:925} INFO - DAG(s) 'example_branch_datetime_operator_3', 'example_branch_datetime_operator_2', 'example_branch_datetime_operator' retrieved from /mnt/d/Project/airflow-news/venv/lib/python3.12/site-packages/airflow/example_dags/example_branch_datetime_operator.py
[2024-12-23T06:37:05.348+0700] {logging_mixin.py:190} INFO - [2024-12-23T06:37:05.347+0700] {dag.py:3239} INFO - Sync 3 DAGs
[2024-12-23T06:37:05.386+0700] {logging_mixin.py:190} INFO - [2024-12-23T06:37:05.385+0700] {dag.py:4180} INFO - Setting next_dagrun for example_branch_datetime_operator to 2024-12-21 00:00:00+00:00, run_after=2024-12-22 00:00:00+00:00
[2024-12-23T06:37:05.396+0700] {logging_mixin.py:190} INFO - [2024-12-23T06:37:05.394+0700] {dag.py:4180} INFO - Setting next_dagrun for example_branch_datetime_operator_2 to 2024-12-21 00:00:00+00:00, run_after=2024-12-22 00:00:00+00:00
[2024-12-23T06:37:05.402+0700] {logging_mixin.py:190} INFO - [2024-12-23T06:37:05.401+0700] {dag.py:4180} INFO - Setting next_dagrun for example_branch_datetime_operator_3 to 2024-12-21 00:00:00+00:00, run_after=2024-12-22 00:00:00+00:00
[2024-12-23T06:37:05.472+0700] {processor.py:208} INFO - Processing /mnt/d/Project/airflow-news/venv/lib/python3.12/site-packages/airflow/example_dags/example_branch_datetime_operator.py took 0.336 seconds
[2024-12-23T06:37:21.202+0700] {processor.py:186} INFO - Started process (PID=8975) to work on /mnt/d/Project/airflow-news/venv/lib/python3.12/site-packages/airflow/example_dags/example_branch_datetime_operator.py
[2024-12-23T06:37:21.205+0700] {processor.py:914} INFO - Processing file /mnt/d/Project/airflow-news/venv/lib/python3.12/site-packages/airflow/example_dags/example_branch_datetime_operator.py for tasks to queue
[2024-12-23T06:37:21.210+0700] {logging_mixin.py:190} INFO - [2024-12-23T06:37:21.209+0700] {dagbag.py:588} INFO - Filling up the DagBag from /mnt/d/Project/airflow-news/venv/lib/python3.12/site-packages/airflow/example_dags/example_branch_datetime_operator.py
[2024-12-23T06:37:21.352+0700] {processor.py:925} INFO - DAG(s) 'example_branch_datetime_operator_3', 'example_branch_datetime_operator', 'example_branch_datetime_operator_2' retrieved from /mnt/d/Project/airflow-news/venv/lib/python3.12/site-packages/airflow/example_dags/example_branch_datetime_operator.py
[2024-12-23T06:37:21.405+0700] {logging_mixin.py:190} INFO - [2024-12-23T06:37:21.404+0700] {dag.py:3239} INFO - Sync 3 DAGs
[2024-12-23T06:37:21.438+0700] {logging_mixin.py:190} INFO - [2024-12-23T06:37:21.436+0700] {dag.py:4180} INFO - Setting next_dagrun for example_branch_datetime_operator to 2024-12-21 00:00:00+00:00, run_after=2024-12-22 00:00:00+00:00
[2024-12-23T06:37:21.448+0700] {logging_mixin.py:190} INFO - [2024-12-23T06:37:21.447+0700] {dag.py:4180} INFO - Setting next_dagrun for example_branch_datetime_operator_2 to 2024-12-21 00:00:00+00:00, run_after=2024-12-22 00:00:00+00:00
[2024-12-23T06:37:21.456+0700] {logging_mixin.py:190} INFO - [2024-12-23T06:37:21.454+0700] {dag.py:4180} INFO - Setting next_dagrun for example_branch_datetime_operator_3 to 2024-12-21 00:00:00+00:00, run_after=2024-12-22 00:00:00+00:00
[2024-12-23T06:37:21.531+0700] {processor.py:208} INFO - Processing /mnt/d/Project/airflow-news/venv/lib/python3.12/site-packages/airflow/example_dags/example_branch_datetime_operator.py took 0.345 seconds
[2024-12-23T06:39:00.670+0700] {processor.py:186} INFO - Started process (PID=9315) to work on /mnt/d/Project/airflow-news/venv/lib/python3.12/site-packages/airflow/example_dags/example_branch_datetime_operator.py
[2024-12-23T06:39:00.672+0700] {processor.py:914} INFO - Processing file /mnt/d/Project/airflow-news/venv/lib/python3.12/site-packages/airflow/example_dags/example_branch_datetime_operator.py for tasks to queue
[2024-12-23T06:39:00.678+0700] {logging_mixin.py:190} INFO - [2024-12-23T06:39:00.676+0700] {dagbag.py:588} INFO - Filling up the DagBag from /mnt/d/Project/airflow-news/venv/lib/python3.12/site-packages/airflow/example_dags/example_branch_datetime_operator.py
[2024-12-23T06:39:00.802+0700] {processor.py:925} INFO - DAG(s) 'example_branch_datetime_operator_3', 'example_branch_datetime_operator', 'example_branch_datetime_operator_2' retrieved from /mnt/d/Project/airflow-news/venv/lib/python3.12/site-packages/airflow/example_dags/example_branch_datetime_operator.py
[2024-12-23T06:39:00.856+0700] {logging_mixin.py:190} INFO - [2024-12-23T06:39:00.855+0700] {dag.py:3239} INFO - Sync 3 DAGs
[2024-12-23T06:39:00.891+0700] {logging_mixin.py:190} INFO - [2024-12-23T06:39:00.889+0700] {dag.py:4180} INFO - Setting next_dagrun for example_branch_datetime_operator to 2024-12-21 00:00:00+00:00, run_after=2024-12-22 00:00:00+00:00
[2024-12-23T06:39:00.900+0700] {logging_mixin.py:190} INFO - [2024-12-23T06:39:00.898+0700] {dag.py:4180} INFO - Setting next_dagrun for example_branch_datetime_operator_2 to 2024-12-21 00:00:00+00:00, run_after=2024-12-22 00:00:00+00:00
[2024-12-23T06:39:00.908+0700] {logging_mixin.py:190} INFO - [2024-12-23T06:39:00.906+0700] {dag.py:4180} INFO - Setting next_dagrun for example_branch_datetime_operator_3 to 2024-12-21 00:00:00+00:00, run_after=2024-12-22 00:00:00+00:00
[2024-12-23T06:39:00.978+0700] {processor.py:208} INFO - Processing /mnt/d/Project/airflow-news/venv/lib/python3.12/site-packages/airflow/example_dags/example_branch_datetime_operator.py took 0.321 seconds
[2024-12-23T06:39:06.748+0700] {processor.py:186} INFO - Started process (PID=9337) to work on /mnt/d/Project/airflow-news/venv/lib/python3.12/site-packages/airflow/example_dags/example_branch_datetime_operator.py
[2024-12-23T06:39:06.751+0700] {processor.py:914} INFO - Processing file /mnt/d/Project/airflow-news/venv/lib/python3.12/site-packages/airflow/example_dags/example_branch_datetime_operator.py for tasks to queue
[2024-12-23T06:39:06.758+0700] {logging_mixin.py:190} INFO - [2024-12-23T06:39:06.756+0700] {dagbag.py:588} INFO - Filling up the DagBag from /mnt/d/Project/airflow-news/venv/lib/python3.12/site-packages/airflow/example_dags/example_branch_datetime_operator.py
[2024-12-23T06:39:06.916+0700] {processor.py:925} INFO - DAG(s) 'example_branch_datetime_operator', 'example_branch_datetime_operator_3', 'example_branch_datetime_operator_2' retrieved from /mnt/d/Project/airflow-news/venv/lib/python3.12/site-packages/airflow/example_dags/example_branch_datetime_operator.py
[2024-12-23T06:39:06.977+0700] {logging_mixin.py:190} INFO - [2024-12-23T06:39:06.975+0700] {dag.py:3239} INFO - Sync 3 DAGs
[2024-12-23T06:39:07.017+0700] {logging_mixin.py:190} INFO - [2024-12-23T06:39:07.016+0700] {dag.py:4180} INFO - Setting next_dagrun for example_branch_datetime_operator to 2024-12-21 00:00:00+00:00, run_after=2024-12-22 00:00:00+00:00
[2024-12-23T06:39:07.029+0700] {logging_mixin.py:190} INFO - [2024-12-23T06:39:07.028+0700] {dag.py:4180} INFO - Setting next_dagrun for example_branch_datetime_operator_2 to 2024-12-21 00:00:00+00:00, run_after=2024-12-22 00:00:00+00:00
[2024-12-23T06:39:07.040+0700] {logging_mixin.py:190} INFO - [2024-12-23T06:39:07.038+0700] {dag.py:4180} INFO - Setting next_dagrun for example_branch_datetime_operator_3 to 2024-12-21 00:00:00+00:00, run_after=2024-12-22 00:00:00+00:00
[2024-12-23T06:39:07.126+0700] {processor.py:208} INFO - Processing /mnt/d/Project/airflow-news/venv/lib/python3.12/site-packages/airflow/example_dags/example_branch_datetime_operator.py took 0.407 seconds
