[2024-12-23T05:53:30.552+0700] {processor.py:186} INFO - Started process (PID=1804) to work on /mnt/d/Project/airflow-news/venv/lib/python3.12/site-packages/airflow/example_dags/example_inlet_event_extra.py
[2024-12-23T05:53:30.555+0700] {processor.py:914} INFO - Processing file /mnt/d/Project/airflow-news/venv/lib/python3.12/site-packages/airflow/example_dags/example_inlet_event_extra.py for tasks to queue
[2024-12-23T05:53:30.561+0700] {logging_mixin.py:190} INFO - [2024-12-23T05:53:30.559+0700] {dagbag.py:588} INFO - Filling up the DagBag from /mnt/d/Project/airflow-news/venv/lib/python3.12/site-packages/airflow/example_dags/example_inlet_event_extra.py
[2024-12-23T05:53:30.973+0700] {processor.py:925} INFO - DAG(s) 'read_dataset_event_from_classic', 'read_dataset_event' retrieved from /mnt/d/Project/airflow-news/venv/lib/python3.12/site-packages/airflow/example_dags/example_inlet_event_extra.py
[2024-12-23T05:53:33.189+0700] {logging_mixin.py:190} INFO - [2024-12-23T05:53:33.186+0700] {override.py:1911} INFO - Created Permission View: can edit on DAG:read_dataset_event_from_classic
[2024-12-23T05:53:33.249+0700] {logging_mixin.py:190} INFO - [2024-12-23T05:53:33.247+0700] {override.py:1911} INFO - Created Permission View: can delete on DAG:read_dataset_event_from_classic
[2024-12-23T05:53:33.310+0700] {logging_mixin.py:190} INFO - [2024-12-23T05:53:33.307+0700] {override.py:1911} INFO - Created Permission View: can read on DAG:read_dataset_event_from_classic
[2024-12-23T05:53:33.408+0700] {logging_mixin.py:190} INFO - [2024-12-23T05:53:33.405+0700] {override.py:1911} INFO - Created Permission View: menu access on DAG Run:read_dataset_event_from_classic
[2024-12-23T05:53:33.466+0700] {logging_mixin.py:190} INFO - [2024-12-23T05:53:33.465+0700] {override.py:1911} INFO - Created Permission View: can create on DAG Run:read_dataset_event_from_classic
[2024-12-23T05:53:33.524+0700] {logging_mixin.py:190} INFO - [2024-12-23T05:53:33.522+0700] {override.py:1911} INFO - Created Permission View: can delete on DAG Run:read_dataset_event_from_classic
[2024-12-23T05:53:33.582+0700] {logging_mixin.py:190} INFO - [2024-12-23T05:53:33.579+0700] {override.py:1911} INFO - Created Permission View: can read on DAG Run:read_dataset_event_from_classic
[2024-12-23T05:53:33.692+0700] {logging_mixin.py:190} INFO - [2024-12-23T05:53:33.690+0700] {override.py:1911} INFO - Created Permission View: can edit on DAG:read_dataset_event
[2024-12-23T05:53:33.775+0700] {logging_mixin.py:190} INFO - [2024-12-23T05:53:33.772+0700] {override.py:1911} INFO - Created Permission View: can delete on DAG:read_dataset_event
[2024-12-23T05:53:33.838+0700] {logging_mixin.py:190} INFO - [2024-12-23T05:53:33.836+0700] {override.py:1911} INFO - Created Permission View: can read on DAG:read_dataset_event
[2024-12-23T05:53:33.944+0700] {logging_mixin.py:190} INFO - [2024-12-23T05:53:33.943+0700] {override.py:1911} INFO - Created Permission View: menu access on DAG Run:read_dataset_event
[2024-12-23T05:53:33.999+0700] {logging_mixin.py:190} INFO - [2024-12-23T05:53:33.997+0700] {override.py:1911} INFO - Created Permission View: can create on DAG Run:read_dataset_event
[2024-12-23T05:53:34.051+0700] {logging_mixin.py:190} INFO - [2024-12-23T05:53:34.049+0700] {override.py:1911} INFO - Created Permission View: can delete on DAG Run:read_dataset_event
[2024-12-23T05:53:34.121+0700] {logging_mixin.py:190} INFO - [2024-12-23T05:53:34.119+0700] {override.py:1911} INFO - Created Permission View: can read on DAG Run:read_dataset_event
[2024-12-23T05:53:34.125+0700] {logging_mixin.py:190} INFO - [2024-12-23T05:53:34.123+0700] {dag.py:3239} INFO - Sync 2 DAGs
[2024-12-23T05:53:34.156+0700] {logging_mixin.py:190} INFO - [2024-12-23T05:53:34.154+0700] {dag.py:3262} INFO - Creating ORM DAG for read_dataset_event
[2024-12-23T05:53:34.160+0700] {logging_mixin.py:190} INFO - [2024-12-23T05:53:34.158+0700] {dag.py:3262} INFO - Creating ORM DAG for read_dataset_event_from_classic
[2024-12-23T05:53:34.183+0700] {logging_mixin.py:190} INFO - [2024-12-23T05:53:34.181+0700] {dag.py:4180} INFO - Setting next_dagrun for read_dataset_event to 2024-12-21 00:00:00+00:00, run_after=2024-12-22 00:00:00+00:00
[2024-12-23T05:53:34.188+0700] {logging_mixin.py:190} INFO - [2024-12-23T05:53:34.187+0700] {dag.py:4180} INFO - Setting next_dagrun for read_dataset_event_from_classic to 2024-12-21 00:00:00+00:00, run_after=2024-12-22 00:00:00+00:00
[2024-12-23T05:53:34.330+0700] {processor.py:208} INFO - Processing /mnt/d/Project/airflow-news/venv/lib/python3.12/site-packages/airflow/example_dags/example_inlet_event_extra.py took 3.795 seconds
[2024-12-23T05:53:50.882+0700] {processor.py:186} INFO - Started process (PID=1845) to work on /mnt/d/Project/airflow-news/venv/lib/python3.12/site-packages/airflow/example_dags/example_inlet_event_extra.py
[2024-12-23T05:53:50.885+0700] {processor.py:914} INFO - Processing file /mnt/d/Project/airflow-news/venv/lib/python3.12/site-packages/airflow/example_dags/example_inlet_event_extra.py for tasks to queue
[2024-12-23T05:53:50.891+0700] {logging_mixin.py:190} INFO - [2024-12-23T05:53:50.889+0700] {dagbag.py:588} INFO - Filling up the DagBag from /mnt/d/Project/airflow-news/venv/lib/python3.12/site-packages/airflow/example_dags/example_inlet_event_extra.py
[2024-12-23T05:53:51.113+0700] {processor.py:925} INFO - DAG(s) 'read_dataset_event', 'read_dataset_event_from_classic' retrieved from /mnt/d/Project/airflow-news/venv/lib/python3.12/site-packages/airflow/example_dags/example_inlet_event_extra.py
[2024-12-23T05:53:51.143+0700] {logging_mixin.py:190} INFO - [2024-12-23T05:53:51.141+0700] {dag.py:3239} INFO - Sync 2 DAGs
[2024-12-23T05:53:51.183+0700] {logging_mixin.py:190} INFO - [2024-12-23T05:53:51.182+0700] {dag.py:4180} INFO - Setting next_dagrun for read_dataset_event to 2024-12-21 00:00:00+00:00, run_after=2024-12-22 00:00:00+00:00
[2024-12-23T05:53:51.193+0700] {logging_mixin.py:190} INFO - [2024-12-23T05:53:51.192+0700] {dag.py:4180} INFO - Setting next_dagrun for read_dataset_event_from_classic to 2024-12-21 00:00:00+00:00, run_after=2024-12-22 00:00:00+00:00
[2024-12-23T05:53:51.275+0700] {processor.py:208} INFO - Processing /mnt/d/Project/airflow-news/venv/lib/python3.12/site-packages/airflow/example_dags/example_inlet_event_extra.py took 0.413 seconds
[2024-12-23T05:55:31.126+0700] {processor.py:186} INFO - Started process (PID=2131) to work on /mnt/d/Project/airflow-news/venv/lib/python3.12/site-packages/airflow/example_dags/example_inlet_event_extra.py
[2024-12-23T05:55:31.129+0700] {processor.py:914} INFO - Processing file /mnt/d/Project/airflow-news/venv/lib/python3.12/site-packages/airflow/example_dags/example_inlet_event_extra.py for tasks to queue
[2024-12-23T05:55:31.135+0700] {logging_mixin.py:190} INFO - [2024-12-23T05:55:31.133+0700] {dagbag.py:588} INFO - Filling up the DagBag from /mnt/d/Project/airflow-news/venv/lib/python3.12/site-packages/airflow/example_dags/example_inlet_event_extra.py
[2024-12-23T05:55:31.313+0700] {processor.py:925} INFO - DAG(s) 'read_dataset_event_from_classic', 'read_dataset_event' retrieved from /mnt/d/Project/airflow-news/venv/lib/python3.12/site-packages/airflow/example_dags/example_inlet_event_extra.py
[2024-12-23T05:55:31.354+0700] {logging_mixin.py:190} INFO - [2024-12-23T05:55:31.352+0700] {dag.py:3239} INFO - Sync 2 DAGs
[2024-12-23T05:55:31.387+0700] {logging_mixin.py:190} INFO - [2024-12-23T05:55:31.386+0700] {dag.py:4180} INFO - Setting next_dagrun for read_dataset_event to 2024-12-21 00:00:00+00:00, run_after=2024-12-22 00:00:00+00:00
[2024-12-23T05:55:31.397+0700] {logging_mixin.py:190} INFO - [2024-12-23T05:55:31.395+0700] {dag.py:4180} INFO - Setting next_dagrun for read_dataset_event_from_classic to 2024-12-21 00:00:00+00:00, run_after=2024-12-22 00:00:00+00:00
[2024-12-23T05:55:31.468+0700] {processor.py:208} INFO - Processing /mnt/d/Project/airflow-news/venv/lib/python3.12/site-packages/airflow/example_dags/example_inlet_event_extra.py took 0.357 seconds
[2024-12-23T05:57:02.321+0700] {processor.py:186} INFO - Started process (PID=2308) to work on /mnt/d/Project/airflow-news/venv/lib/python3.12/site-packages/airflow/example_dags/example_inlet_event_extra.py
[2024-12-23T05:57:02.323+0700] {processor.py:914} INFO - Processing file /mnt/d/Project/airflow-news/venv/lib/python3.12/site-packages/airflow/example_dags/example_inlet_event_extra.py for tasks to queue
[2024-12-23T05:57:02.326+0700] {logging_mixin.py:190} INFO - [2024-12-23T05:57:02.325+0700] {dagbag.py:588} INFO - Filling up the DagBag from /mnt/d/Project/airflow-news/venv/lib/python3.12/site-packages/airflow/example_dags/example_inlet_event_extra.py
[2024-12-23T05:57:02.472+0700] {processor.py:925} INFO - DAG(s) 'read_dataset_event', 'read_dataset_event_from_classic' retrieved from /mnt/d/Project/airflow-news/venv/lib/python3.12/site-packages/airflow/example_dags/example_inlet_event_extra.py
[2024-12-23T05:57:02.511+0700] {logging_mixin.py:190} INFO - [2024-12-23T05:57:02.510+0700] {dag.py:3239} INFO - Sync 2 DAGs
[2024-12-23T05:57:02.541+0700] {logging_mixin.py:190} INFO - [2024-12-23T05:57:02.540+0700] {dag.py:4180} INFO - Setting next_dagrun for read_dataset_event to 2024-12-21 00:00:00+00:00, run_after=2024-12-22 00:00:00+00:00
[2024-12-23T05:57:02.551+0700] {logging_mixin.py:190} INFO - [2024-12-23T05:57:02.550+0700] {dag.py:4180} INFO - Setting next_dagrun for read_dataset_event_from_classic to 2024-12-21 00:00:00+00:00, run_after=2024-12-22 00:00:00+00:00
[2024-12-23T05:57:02.615+0700] {processor.py:208} INFO - Processing /mnt/d/Project/airflow-news/venv/lib/python3.12/site-packages/airflow/example_dags/example_inlet_event_extra.py took 0.307 seconds
[2024-12-23T05:58:40.233+0700] {processor.py:186} INFO - Started process (PID=2546) to work on /mnt/d/Project/airflow-news/venv/lib/python3.12/site-packages/airflow/example_dags/example_inlet_event_extra.py
[2024-12-23T05:58:40.235+0700] {processor.py:914} INFO - Processing file /mnt/d/Project/airflow-news/venv/lib/python3.12/site-packages/airflow/example_dags/example_inlet_event_extra.py for tasks to queue
[2024-12-23T05:58:40.239+0700] {logging_mixin.py:190} INFO - [2024-12-23T05:58:40.238+0700] {dagbag.py:588} INFO - Filling up the DagBag from /mnt/d/Project/airflow-news/venv/lib/python3.12/site-packages/airflow/example_dags/example_inlet_event_extra.py
[2024-12-23T05:58:40.423+0700] {processor.py:925} INFO - DAG(s) 'read_dataset_event', 'read_dataset_event_from_classic' retrieved from /mnt/d/Project/airflow-news/venv/lib/python3.12/site-packages/airflow/example_dags/example_inlet_event_extra.py
[2024-12-23T05:58:40.471+0700] {logging_mixin.py:190} INFO - [2024-12-23T05:58:40.470+0700] {dag.py:3239} INFO - Sync 2 DAGs
[2024-12-23T05:58:40.510+0700] {logging_mixin.py:190} INFO - [2024-12-23T05:58:40.508+0700] {dag.py:4180} INFO - Setting next_dagrun for read_dataset_event to 2024-12-21 00:00:00+00:00, run_after=2024-12-22 00:00:00+00:00
[2024-12-23T05:58:40.520+0700] {logging_mixin.py:190} INFO - [2024-12-23T05:58:40.519+0700] {dag.py:4180} INFO - Setting next_dagrun for read_dataset_event_from_classic to 2024-12-21 00:00:00+00:00, run_after=2024-12-22 00:00:00+00:00
[2024-12-23T05:58:40.594+0700] {processor.py:208} INFO - Processing /mnt/d/Project/airflow-news/venv/lib/python3.12/site-packages/airflow/example_dags/example_inlet_event_extra.py took 0.375 seconds
[2024-12-23T05:59:29.284+0700] {processor.py:186} INFO - Started process (PID=2672) to work on /mnt/d/Project/airflow-news/venv/lib/python3.12/site-packages/airflow/example_dags/example_inlet_event_extra.py
[2024-12-23T05:59:29.287+0700] {processor.py:914} INFO - Processing file /mnt/d/Project/airflow-news/venv/lib/python3.12/site-packages/airflow/example_dags/example_inlet_event_extra.py for tasks to queue
[2024-12-23T05:59:29.292+0700] {logging_mixin.py:190} INFO - [2024-12-23T05:59:29.290+0700] {dagbag.py:588} INFO - Filling up the DagBag from /mnt/d/Project/airflow-news/venv/lib/python3.12/site-packages/airflow/example_dags/example_inlet_event_extra.py
[2024-12-23T05:59:29.532+0700] {processor.py:925} INFO - DAG(s) 'read_dataset_event_from_classic', 'read_dataset_event' retrieved from /mnt/d/Project/airflow-news/venv/lib/python3.12/site-packages/airflow/example_dags/example_inlet_event_extra.py
[2024-12-23T05:59:29.598+0700] {logging_mixin.py:190} INFO - [2024-12-23T05:59:29.597+0700] {dag.py:3239} INFO - Sync 2 DAGs
[2024-12-23T05:59:29.635+0700] {logging_mixin.py:190} INFO - [2024-12-23T05:59:29.634+0700] {dag.py:4180} INFO - Setting next_dagrun for read_dataset_event to 2024-12-21 00:00:00+00:00, run_after=2024-12-22 00:00:00+00:00
[2024-12-23T05:59:29.648+0700] {logging_mixin.py:190} INFO - [2024-12-23T05:59:29.646+0700] {dag.py:4180} INFO - Setting next_dagrun for read_dataset_event_from_classic to 2024-12-21 00:00:00+00:00, run_after=2024-12-22 00:00:00+00:00
[2024-12-23T05:59:29.736+0700] {processor.py:208} INFO - Processing /mnt/d/Project/airflow-news/venv/lib/python3.12/site-packages/airflow/example_dags/example_inlet_event_extra.py took 0.468 seconds
[2024-12-23T06:00:20.955+0700] {processor.py:186} INFO - Started process (PID=2813) to work on /mnt/d/Project/airflow-news/venv/lib/python3.12/site-packages/airflow/example_dags/example_inlet_event_extra.py
[2024-12-23T06:00:20.958+0700] {processor.py:914} INFO - Processing file /mnt/d/Project/airflow-news/venv/lib/python3.12/site-packages/airflow/example_dags/example_inlet_event_extra.py for tasks to queue
[2024-12-23T06:00:20.963+0700] {logging_mixin.py:190} INFO - [2024-12-23T06:00:20.961+0700] {dagbag.py:588} INFO - Filling up the DagBag from /mnt/d/Project/airflow-news/venv/lib/python3.12/site-packages/airflow/example_dags/example_inlet_event_extra.py
[2024-12-23T06:00:21.254+0700] {processor.py:925} INFO - DAG(s) 'read_dataset_event_from_classic', 'read_dataset_event' retrieved from /mnt/d/Project/airflow-news/venv/lib/python3.12/site-packages/airflow/example_dags/example_inlet_event_extra.py
[2024-12-23T06:00:21.343+0700] {logging_mixin.py:190} INFO - [2024-12-23T06:00:21.341+0700] {dag.py:3239} INFO - Sync 2 DAGs
[2024-12-23T06:00:21.694+0700] {logging_mixin.py:190} INFO - [2024-12-23T06:00:21.692+0700] {dag.py:4180} INFO - Setting next_dagrun for read_dataset_event to 2024-12-21 00:00:00+00:00, run_after=2024-12-22 00:00:00+00:00
[2024-12-23T06:00:21.714+0700] {logging_mixin.py:190} INFO - [2024-12-23T06:00:21.712+0700] {dag.py:4180} INFO - Setting next_dagrun for read_dataset_event_from_classic to 2024-12-21 00:00:00+00:00, run_after=2024-12-22 00:00:00+00:00
[2024-12-23T06:00:21.850+0700] {processor.py:208} INFO - Processing /mnt/d/Project/airflow-news/venv/lib/python3.12/site-packages/airflow/example_dags/example_inlet_event_extra.py took 0.915 seconds
[2024-12-23T06:02:23.190+0700] {processor.py:186} INFO - Started process (PID=3086) to work on /mnt/d/Project/airflow-news/venv/lib/python3.12/site-packages/airflow/example_dags/example_inlet_event_extra.py
[2024-12-23T06:02:23.193+0700] {processor.py:914} INFO - Processing file /mnt/d/Project/airflow-news/venv/lib/python3.12/site-packages/airflow/example_dags/example_inlet_event_extra.py for tasks to queue
[2024-12-23T06:02:23.200+0700] {logging_mixin.py:190} INFO - [2024-12-23T06:02:23.198+0700] {dagbag.py:588} INFO - Filling up the DagBag from /mnt/d/Project/airflow-news/venv/lib/python3.12/site-packages/airflow/example_dags/example_inlet_event_extra.py
[2024-12-23T06:02:23.464+0700] {processor.py:925} INFO - DAG(s) 'read_dataset_event_from_classic', 'read_dataset_event' retrieved from /mnt/d/Project/airflow-news/venv/lib/python3.12/site-packages/airflow/example_dags/example_inlet_event_extra.py
[2024-12-23T06:02:23.536+0700] {logging_mixin.py:190} INFO - [2024-12-23T06:02:23.534+0700] {dag.py:3239} INFO - Sync 2 DAGs
[2024-12-23T06:02:23.596+0700] {logging_mixin.py:190} INFO - [2024-12-23T06:02:23.594+0700] {dag.py:4180} INFO - Setting next_dagrun for read_dataset_event to 2024-12-21 00:00:00+00:00, run_after=2024-12-22 00:00:00+00:00
[2024-12-23T06:02:23.608+0700] {logging_mixin.py:190} INFO - [2024-12-23T06:02:23.606+0700] {dag.py:4180} INFO - Setting next_dagrun for read_dataset_event_from_classic to 2024-12-21 00:00:00+00:00, run_after=2024-12-22 00:00:00+00:00
[2024-12-23T06:02:23.716+0700] {processor.py:208} INFO - Processing /mnt/d/Project/airflow-news/venv/lib/python3.12/site-packages/airflow/example_dags/example_inlet_event_extra.py took 0.556 seconds
[2024-12-23T06:04:33.109+0700] {processor.py:186} INFO - Started process (PID=3407) to work on /mnt/d/Project/airflow-news/venv/lib/python3.12/site-packages/airflow/example_dags/example_inlet_event_extra.py
[2024-12-23T06:04:33.112+0700] {processor.py:914} INFO - Processing file /mnt/d/Project/airflow-news/venv/lib/python3.12/site-packages/airflow/example_dags/example_inlet_event_extra.py for tasks to queue
[2024-12-23T06:04:33.118+0700] {logging_mixin.py:190} INFO - [2024-12-23T06:04:33.116+0700] {dagbag.py:588} INFO - Filling up the DagBag from /mnt/d/Project/airflow-news/venv/lib/python3.12/site-packages/airflow/example_dags/example_inlet_event_extra.py
[2024-12-23T06:04:33.330+0700] {processor.py:925} INFO - DAG(s) 'read_dataset_event_from_classic', 'read_dataset_event' retrieved from /mnt/d/Project/airflow-news/venv/lib/python3.12/site-packages/airflow/example_dags/example_inlet_event_extra.py
[2024-12-23T06:04:33.384+0700] {logging_mixin.py:190} INFO - [2024-12-23T06:04:33.383+0700] {dag.py:3239} INFO - Sync 2 DAGs
[2024-12-23T06:04:33.430+0700] {logging_mixin.py:190} INFO - [2024-12-23T06:04:33.429+0700] {dag.py:4180} INFO - Setting next_dagrun for read_dataset_event to 2024-12-21 00:00:00+00:00, run_after=2024-12-22 00:00:00+00:00
[2024-12-23T06:04:33.443+0700] {logging_mixin.py:190} INFO - [2024-12-23T06:04:33.441+0700] {dag.py:4180} INFO - Setting next_dagrun for read_dataset_event_from_classic to 2024-12-21 00:00:00+00:00, run_after=2024-12-22 00:00:00+00:00
[2024-12-23T06:04:33.527+0700] {processor.py:208} INFO - Processing /mnt/d/Project/airflow-news/venv/lib/python3.12/site-packages/airflow/example_dags/example_inlet_event_extra.py took 0.445 seconds
[2024-12-23T06:06:34.080+0700] {processor.py:186} INFO - Started process (PID=3689) to work on /mnt/d/Project/airflow-news/venv/lib/python3.12/site-packages/airflow/example_dags/example_inlet_event_extra.py
[2024-12-23T06:06:34.083+0700] {processor.py:914} INFO - Processing file /mnt/d/Project/airflow-news/venv/lib/python3.12/site-packages/airflow/example_dags/example_inlet_event_extra.py for tasks to queue
[2024-12-23T06:06:34.089+0700] {logging_mixin.py:190} INFO - [2024-12-23T06:06:34.087+0700] {dagbag.py:588} INFO - Filling up the DagBag from /mnt/d/Project/airflow-news/venv/lib/python3.12/site-packages/airflow/example_dags/example_inlet_event_extra.py
[2024-12-23T06:06:34.280+0700] {processor.py:925} INFO - DAG(s) 'read_dataset_event_from_classic', 'read_dataset_event' retrieved from /mnt/d/Project/airflow-news/venv/lib/python3.12/site-packages/airflow/example_dags/example_inlet_event_extra.py
[2024-12-23T06:06:34.325+0700] {logging_mixin.py:190} INFO - [2024-12-23T06:06:34.323+0700] {dag.py:3239} INFO - Sync 2 DAGs
[2024-12-23T06:06:34.365+0700] {logging_mixin.py:190} INFO - [2024-12-23T06:06:34.363+0700] {dag.py:4180} INFO - Setting next_dagrun for read_dataset_event to 2024-12-21 00:00:00+00:00, run_after=2024-12-22 00:00:00+00:00
[2024-12-23T06:06:34.375+0700] {logging_mixin.py:190} INFO - [2024-12-23T06:06:34.373+0700] {dag.py:4180} INFO - Setting next_dagrun for read_dataset_event_from_classic to 2024-12-21 00:00:00+00:00, run_after=2024-12-22 00:00:00+00:00
[2024-12-23T06:06:34.456+0700] {processor.py:208} INFO - Processing /mnt/d/Project/airflow-news/venv/lib/python3.12/site-packages/airflow/example_dags/example_inlet_event_extra.py took 0.401 seconds
[2024-12-23T06:07:39.595+0700] {processor.py:186} INFO - Started process (PID=3873) to work on /mnt/d/Project/airflow-news/venv/lib/python3.12/site-packages/airflow/example_dags/example_inlet_event_extra.py
[2024-12-23T06:07:39.598+0700] {processor.py:914} INFO - Processing file /mnt/d/Project/airflow-news/venv/lib/python3.12/site-packages/airflow/example_dags/example_inlet_event_extra.py for tasks to queue
[2024-12-23T06:07:39.603+0700] {logging_mixin.py:190} INFO - [2024-12-23T06:07:39.601+0700] {dagbag.py:588} INFO - Filling up the DagBag from /mnt/d/Project/airflow-news/venv/lib/python3.12/site-packages/airflow/example_dags/example_inlet_event_extra.py
[2024-12-23T06:07:39.817+0700] {processor.py:925} INFO - DAG(s) 'read_dataset_event', 'read_dataset_event_from_classic' retrieved from /mnt/d/Project/airflow-news/venv/lib/python3.12/site-packages/airflow/example_dags/example_inlet_event_extra.py
[2024-12-23T06:07:39.880+0700] {logging_mixin.py:190} INFO - [2024-12-23T06:07:39.878+0700] {dag.py:3239} INFO - Sync 2 DAGs
[2024-12-23T06:07:39.919+0700] {logging_mixin.py:190} INFO - [2024-12-23T06:07:39.918+0700] {dag.py:4180} INFO - Setting next_dagrun for read_dataset_event to 2024-12-21 00:00:00+00:00, run_after=2024-12-22 00:00:00+00:00
[2024-12-23T06:07:39.930+0700] {logging_mixin.py:190} INFO - [2024-12-23T06:07:39.929+0700] {dag.py:4180} INFO - Setting next_dagrun for read_dataset_event_from_classic to 2024-12-21 00:00:00+00:00, run_after=2024-12-22 00:00:00+00:00
[2024-12-23T06:07:40.013+0700] {processor.py:208} INFO - Processing /mnt/d/Project/airflow-news/venv/lib/python3.12/site-packages/airflow/example_dags/example_inlet_event_extra.py took 0.434 seconds
[2024-12-23T06:08:34.160+0700] {processor.py:186} INFO - Started process (PID=4048) to work on /mnt/d/Project/airflow-news/venv/lib/python3.12/site-packages/airflow/example_dags/example_inlet_event_extra.py
[2024-12-23T06:08:34.162+0700] {processor.py:914} INFO - Processing file /mnt/d/Project/airflow-news/venv/lib/python3.12/site-packages/airflow/example_dags/example_inlet_event_extra.py for tasks to queue
[2024-12-23T06:08:34.168+0700] {logging_mixin.py:190} INFO - [2024-12-23T06:08:34.166+0700] {dagbag.py:588} INFO - Filling up the DagBag from /mnt/d/Project/airflow-news/venv/lib/python3.12/site-packages/airflow/example_dags/example_inlet_event_extra.py
[2024-12-23T06:08:34.374+0700] {processor.py:925} INFO - DAG(s) 'read_dataset_event', 'read_dataset_event_from_classic' retrieved from /mnt/d/Project/airflow-news/venv/lib/python3.12/site-packages/airflow/example_dags/example_inlet_event_extra.py
[2024-12-23T06:08:34.421+0700] {logging_mixin.py:190} INFO - [2024-12-23T06:08:34.420+0700] {dag.py:3239} INFO - Sync 2 DAGs
[2024-12-23T06:08:34.465+0700] {logging_mixin.py:190} INFO - [2024-12-23T06:08:34.464+0700] {dag.py:4180} INFO - Setting next_dagrun for read_dataset_event to 2024-12-21 00:00:00+00:00, run_after=2024-12-22 00:00:00+00:00
[2024-12-23T06:08:34.477+0700] {logging_mixin.py:190} INFO - [2024-12-23T06:08:34.475+0700] {dag.py:4180} INFO - Setting next_dagrun for read_dataset_event_from_classic to 2024-12-21 00:00:00+00:00, run_after=2024-12-22 00:00:00+00:00
[2024-12-23T06:08:34.551+0700] {processor.py:208} INFO - Processing /mnt/d/Project/airflow-news/venv/lib/python3.12/site-packages/airflow/example_dags/example_inlet_event_extra.py took 0.419 seconds
[2024-12-23T06:09:01.477+0700] {processor.py:186} INFO - Started process (PID=4144) to work on /mnt/d/Project/airflow-news/venv/lib/python3.12/site-packages/airflow/example_dags/example_inlet_event_extra.py
[2024-12-23T06:09:01.479+0700] {processor.py:914} INFO - Processing file /mnt/d/Project/airflow-news/venv/lib/python3.12/site-packages/airflow/example_dags/example_inlet_event_extra.py for tasks to queue
[2024-12-23T06:09:01.484+0700] {logging_mixin.py:190} INFO - [2024-12-23T06:09:01.482+0700] {dagbag.py:588} INFO - Filling up the DagBag from /mnt/d/Project/airflow-news/venv/lib/python3.12/site-packages/airflow/example_dags/example_inlet_event_extra.py
[2024-12-23T06:09:01.678+0700] {processor.py:925} INFO - DAG(s) 'read_dataset_event_from_classic', 'read_dataset_event' retrieved from /mnt/d/Project/airflow-news/venv/lib/python3.12/site-packages/airflow/example_dags/example_inlet_event_extra.py
[2024-12-23T06:09:01.730+0700] {logging_mixin.py:190} INFO - [2024-12-23T06:09:01.728+0700] {dag.py:3239} INFO - Sync 2 DAGs
[2024-12-23T06:09:01.768+0700] {logging_mixin.py:190} INFO - [2024-12-23T06:09:01.767+0700] {dag.py:4180} INFO - Setting next_dagrun for read_dataset_event to 2024-12-21 00:00:00+00:00, run_after=2024-12-22 00:00:00+00:00
[2024-12-23T06:09:01.779+0700] {logging_mixin.py:190} INFO - [2024-12-23T06:09:01.777+0700] {dag.py:4180} INFO - Setting next_dagrun for read_dataset_event_from_classic to 2024-12-21 00:00:00+00:00, run_after=2024-12-22 00:00:00+00:00
[2024-12-23T06:09:01.854+0700] {processor.py:208} INFO - Processing /mnt/d/Project/airflow-news/venv/lib/python3.12/site-packages/airflow/example_dags/example_inlet_event_extra.py took 0.392 seconds
[2024-12-23T06:11:51.908+0700] {processor.py:186} INFO - Started process (PID=4515) to work on /mnt/d/Project/airflow-news/venv/lib/python3.12/site-packages/airflow/example_dags/example_inlet_event_extra.py
[2024-12-23T06:11:51.911+0700] {processor.py:914} INFO - Processing file /mnt/d/Project/airflow-news/venv/lib/python3.12/site-packages/airflow/example_dags/example_inlet_event_extra.py for tasks to queue
[2024-12-23T06:11:51.916+0700] {logging_mixin.py:190} INFO - [2024-12-23T06:11:51.913+0700] {dagbag.py:588} INFO - Filling up the DagBag from /mnt/d/Project/airflow-news/venv/lib/python3.12/site-packages/airflow/example_dags/example_inlet_event_extra.py
[2024-12-23T06:11:52.048+0700] {processor.py:925} INFO - DAG(s) 'read_dataset_event', 'read_dataset_event_from_classic' retrieved from /mnt/d/Project/airflow-news/venv/lib/python3.12/site-packages/airflow/example_dags/example_inlet_event_extra.py
[2024-12-23T06:11:52.104+0700] {logging_mixin.py:190} INFO - [2024-12-23T06:11:52.102+0700] {dag.py:3239} INFO - Sync 2 DAGs
[2024-12-23T06:11:52.135+0700] {logging_mixin.py:190} INFO - [2024-12-23T06:11:52.133+0700] {dag.py:4180} INFO - Setting next_dagrun for read_dataset_event to 2024-12-21 00:00:00+00:00, run_after=2024-12-22 00:00:00+00:00
[2024-12-23T06:11:52.144+0700] {logging_mixin.py:190} INFO - [2024-12-23T06:11:52.142+0700] {dag.py:4180} INFO - Setting next_dagrun for read_dataset_event_from_classic to 2024-12-21 00:00:00+00:00, run_after=2024-12-22 00:00:00+00:00
[2024-12-23T06:11:52.225+0700] {processor.py:208} INFO - Processing /mnt/d/Project/airflow-news/venv/lib/python3.12/site-packages/airflow/example_dags/example_inlet_event_extra.py took 0.332 seconds
[2024-12-23T06:12:00.465+0700] {processor.py:186} INFO - Started process (PID=4535) to work on /mnt/d/Project/airflow-news/venv/lib/python3.12/site-packages/airflow/example_dags/example_inlet_event_extra.py
[2024-12-23T06:12:00.467+0700] {processor.py:914} INFO - Processing file /mnt/d/Project/airflow-news/venv/lib/python3.12/site-packages/airflow/example_dags/example_inlet_event_extra.py for tasks to queue
[2024-12-23T06:12:00.473+0700] {logging_mixin.py:190} INFO - [2024-12-23T06:12:00.471+0700] {dagbag.py:588} INFO - Filling up the DagBag from /mnt/d/Project/airflow-news/venv/lib/python3.12/site-packages/airflow/example_dags/example_inlet_event_extra.py
[2024-12-23T06:12:00.653+0700] {processor.py:925} INFO - DAG(s) 'read_dataset_event', 'read_dataset_event_from_classic' retrieved from /mnt/d/Project/airflow-news/venv/lib/python3.12/site-packages/airflow/example_dags/example_inlet_event_extra.py
[2024-12-23T06:12:00.702+0700] {logging_mixin.py:190} INFO - [2024-12-23T06:12:00.701+0700] {dag.py:3239} INFO - Sync 2 DAGs
[2024-12-23T06:12:00.742+0700] {logging_mixin.py:190} INFO - [2024-12-23T06:12:00.740+0700] {dag.py:4180} INFO - Setting next_dagrun for read_dataset_event to 2024-12-21 00:00:00+00:00, run_after=2024-12-22 00:00:00+00:00
[2024-12-23T06:12:00.754+0700] {logging_mixin.py:190} INFO - [2024-12-23T06:12:00.753+0700] {dag.py:4180} INFO - Setting next_dagrun for read_dataset_event_from_classic to 2024-12-21 00:00:00+00:00, run_after=2024-12-22 00:00:00+00:00
[2024-12-23T06:12:00.844+0700] {processor.py:208} INFO - Processing /mnt/d/Project/airflow-news/venv/lib/python3.12/site-packages/airflow/example_dags/example_inlet_event_extra.py took 0.400 seconds
[2024-12-23T06:13:28.674+0700] {processor.py:186} INFO - Started process (PID=4797) to work on /mnt/d/Project/airflow-news/venv/lib/python3.12/site-packages/airflow/example_dags/example_inlet_event_extra.py
[2024-12-23T06:13:28.676+0700] {processor.py:914} INFO - Processing file /mnt/d/Project/airflow-news/venv/lib/python3.12/site-packages/airflow/example_dags/example_inlet_event_extra.py for tasks to queue
[2024-12-23T06:13:28.679+0700] {logging_mixin.py:190} INFO - [2024-12-23T06:13:28.678+0700] {dagbag.py:588} INFO - Filling up the DagBag from /mnt/d/Project/airflow-news/venv/lib/python3.12/site-packages/airflow/example_dags/example_inlet_event_extra.py
[2024-12-23T06:13:28.783+0700] {processor.py:925} INFO - DAG(s) 'read_dataset_event', 'read_dataset_event_from_classic' retrieved from /mnt/d/Project/airflow-news/venv/lib/python3.12/site-packages/airflow/example_dags/example_inlet_event_extra.py
[2024-12-23T06:13:28.824+0700] {logging_mixin.py:190} INFO - [2024-12-23T06:13:28.823+0700] {dag.py:3239} INFO - Sync 2 DAGs
[2024-12-23T06:13:28.853+0700] {logging_mixin.py:190} INFO - [2024-12-23T06:13:28.852+0700] {dag.py:4180} INFO - Setting next_dagrun for read_dataset_event to 2024-12-21 00:00:00+00:00, run_after=2024-12-22 00:00:00+00:00
[2024-12-23T06:13:28.862+0700] {logging_mixin.py:190} INFO - [2024-12-23T06:13:28.861+0700] {dag.py:4180} INFO - Setting next_dagrun for read_dataset_event_from_classic to 2024-12-21 00:00:00+00:00, run_after=2024-12-22 00:00:00+00:00
[2024-12-23T06:13:28.936+0700] {processor.py:208} INFO - Processing /mnt/d/Project/airflow-news/venv/lib/python3.12/site-packages/airflow/example_dags/example_inlet_event_extra.py took 0.277 seconds
[2024-12-23T06:13:58.116+0700] {processor.py:186} INFO - Started process (PID=4874) to work on /mnt/d/Project/airflow-news/venv/lib/python3.12/site-packages/airflow/example_dags/example_inlet_event_extra.py
[2024-12-23T06:13:58.119+0700] {processor.py:914} INFO - Processing file /mnt/d/Project/airflow-news/venv/lib/python3.12/site-packages/airflow/example_dags/example_inlet_event_extra.py for tasks to queue
[2024-12-23T06:13:58.126+0700] {logging_mixin.py:190} INFO - [2024-12-23T06:13:58.123+0700] {dagbag.py:588} INFO - Filling up the DagBag from /mnt/d/Project/airflow-news/venv/lib/python3.12/site-packages/airflow/example_dags/example_inlet_event_extra.py
[2024-12-23T06:13:58.301+0700] {processor.py:925} INFO - DAG(s) 'read_dataset_event', 'read_dataset_event_from_classic' retrieved from /mnt/d/Project/airflow-news/venv/lib/python3.12/site-packages/airflow/example_dags/example_inlet_event_extra.py
[2024-12-23T06:13:58.341+0700] {logging_mixin.py:190} INFO - [2024-12-23T06:13:58.339+0700] {dag.py:3239} INFO - Sync 2 DAGs
[2024-12-23T06:13:58.373+0700] {logging_mixin.py:190} INFO - [2024-12-23T06:13:58.372+0700] {dag.py:4180} INFO - Setting next_dagrun for read_dataset_event to 2024-12-21 00:00:00+00:00, run_after=2024-12-22 00:00:00+00:00
[2024-12-23T06:13:58.386+0700] {logging_mixin.py:190} INFO - [2024-12-23T06:13:58.384+0700] {dag.py:4180} INFO - Setting next_dagrun for read_dataset_event_from_classic to 2024-12-21 00:00:00+00:00, run_after=2024-12-22 00:00:00+00:00
[2024-12-23T06:13:58.456+0700] {processor.py:208} INFO - Processing /mnt/d/Project/airflow-news/venv/lib/python3.12/site-packages/airflow/example_dags/example_inlet_event_extra.py took 0.360 seconds
[2024-12-23T06:15:03.648+0700] {processor.py:186} INFO - Started process (PID=5073) to work on /mnt/d/Project/airflow-news/venv/lib/python3.12/site-packages/airflow/example_dags/example_inlet_event_extra.py
[2024-12-23T06:15:03.650+0700] {processor.py:914} INFO - Processing file /mnt/d/Project/airflow-news/venv/lib/python3.12/site-packages/airflow/example_dags/example_inlet_event_extra.py for tasks to queue
[2024-12-23T06:15:03.653+0700] {logging_mixin.py:190} INFO - [2024-12-23T06:15:03.652+0700] {dagbag.py:588} INFO - Filling up the DagBag from /mnt/d/Project/airflow-news/venv/lib/python3.12/site-packages/airflow/example_dags/example_inlet_event_extra.py
[2024-12-23T06:15:03.751+0700] {processor.py:925} INFO - DAG(s) 'read_dataset_event', 'read_dataset_event_from_classic' retrieved from /mnt/d/Project/airflow-news/venv/lib/python3.12/site-packages/airflow/example_dags/example_inlet_event_extra.py
[2024-12-23T06:15:03.790+0700] {logging_mixin.py:190} INFO - [2024-12-23T06:15:03.789+0700] {dag.py:3239} INFO - Sync 2 DAGs
[2024-12-23T06:15:03.818+0700] {logging_mixin.py:190} INFO - [2024-12-23T06:15:03.816+0700] {dag.py:4180} INFO - Setting next_dagrun for read_dataset_event to 2024-12-21 00:00:00+00:00, run_after=2024-12-22 00:00:00+00:00
[2024-12-23T06:15:03.826+0700] {logging_mixin.py:190} INFO - [2024-12-23T06:15:03.825+0700] {dag.py:4180} INFO - Setting next_dagrun for read_dataset_event_from_classic to 2024-12-21 00:00:00+00:00, run_after=2024-12-22 00:00:00+00:00
[2024-12-23T06:15:03.889+0700] {processor.py:208} INFO - Processing /mnt/d/Project/airflow-news/venv/lib/python3.12/site-packages/airflow/example_dags/example_inlet_event_extra.py took 0.255 seconds
[2024-12-23T06:15:48.614+0700] {processor.py:186} INFO - Started process (PID=5194) to work on /mnt/d/Project/airflow-news/venv/lib/python3.12/site-packages/airflow/example_dags/example_inlet_event_extra.py
[2024-12-23T06:15:48.619+0700] {processor.py:914} INFO - Processing file /mnt/d/Project/airflow-news/venv/lib/python3.12/site-packages/airflow/example_dags/example_inlet_event_extra.py for tasks to queue
[2024-12-23T06:15:48.634+0700] {logging_mixin.py:190} INFO - [2024-12-23T06:15:48.629+0700] {dagbag.py:588} INFO - Filling up the DagBag from /mnt/d/Project/airflow-news/venv/lib/python3.12/site-packages/airflow/example_dags/example_inlet_event_extra.py
[2024-12-23T06:15:49.032+0700] {processor.py:925} INFO - DAG(s) 'read_dataset_event', 'read_dataset_event_from_classic' retrieved from /mnt/d/Project/airflow-news/venv/lib/python3.12/site-packages/airflow/example_dags/example_inlet_event_extra.py
[2024-12-23T06:15:49.121+0700] {logging_mixin.py:190} INFO - [2024-12-23T06:15:49.119+0700] {dag.py:3239} INFO - Sync 2 DAGs
[2024-12-23T06:15:49.179+0700] {logging_mixin.py:190} INFO - [2024-12-23T06:15:49.177+0700] {dag.py:4180} INFO - Setting next_dagrun for read_dataset_event to 2024-12-21 00:00:00+00:00, run_after=2024-12-22 00:00:00+00:00
[2024-12-23T06:15:49.193+0700] {logging_mixin.py:190} INFO - [2024-12-23T06:15:49.191+0700] {dag.py:4180} INFO - Setting next_dagrun for read_dataset_event_from_classic to 2024-12-21 00:00:00+00:00, run_after=2024-12-22 00:00:00+00:00
[2024-12-23T06:15:49.326+0700] {processor.py:208} INFO - Processing /mnt/d/Project/airflow-news/venv/lib/python3.12/site-packages/airflow/example_dags/example_inlet_event_extra.py took 0.764 seconds
[2024-12-23T06:17:43.048+0700] {processor.py:186} INFO - Started process (PID=5500) to work on /mnt/d/Project/airflow-news/venv/lib/python3.12/site-packages/airflow/example_dags/example_inlet_event_extra.py
[2024-12-23T06:17:43.051+0700] {processor.py:914} INFO - Processing file /mnt/d/Project/airflow-news/venv/lib/python3.12/site-packages/airflow/example_dags/example_inlet_event_extra.py for tasks to queue
[2024-12-23T06:17:43.056+0700] {logging_mixin.py:190} INFO - [2024-12-23T06:17:43.054+0700] {dagbag.py:588} INFO - Filling up the DagBag from /mnt/d/Project/airflow-news/venv/lib/python3.12/site-packages/airflow/example_dags/example_inlet_event_extra.py
[2024-12-23T06:17:43.242+0700] {processor.py:925} INFO - DAG(s) 'read_dataset_event_from_classic', 'read_dataset_event' retrieved from /mnt/d/Project/airflow-news/venv/lib/python3.12/site-packages/airflow/example_dags/example_inlet_event_extra.py
[2024-12-23T06:17:43.283+0700] {logging_mixin.py:190} INFO - [2024-12-23T06:17:43.282+0700] {dag.py:3239} INFO - Sync 2 DAGs
[2024-12-23T06:17:43.318+0700] {logging_mixin.py:190} INFO - [2024-12-23T06:17:43.316+0700] {dag.py:4180} INFO - Setting next_dagrun for read_dataset_event to 2024-12-21 00:00:00+00:00, run_after=2024-12-22 00:00:00+00:00
[2024-12-23T06:17:43.329+0700] {logging_mixin.py:190} INFO - [2024-12-23T06:17:43.326+0700] {dag.py:4180} INFO - Setting next_dagrun for read_dataset_event_from_classic to 2024-12-21 00:00:00+00:00, run_after=2024-12-22 00:00:00+00:00
[2024-12-23T06:17:43.402+0700] {processor.py:208} INFO - Processing /mnt/d/Project/airflow-news/venv/lib/python3.12/site-packages/airflow/example_dags/example_inlet_event_extra.py took 0.378 seconds
[2024-12-23T06:17:44.397+0700] {processor.py:186} INFO - Started process (PID=5503) to work on /mnt/d/Project/airflow-news/venv/lib/python3.12/site-packages/airflow/example_dags/example_inlet_event_extra.py
[2024-12-23T06:17:44.400+0700] {processor.py:914} INFO - Processing file /mnt/d/Project/airflow-news/venv/lib/python3.12/site-packages/airflow/example_dags/example_inlet_event_extra.py for tasks to queue
[2024-12-23T06:17:44.404+0700] {logging_mixin.py:190} INFO - [2024-12-23T06:17:44.402+0700] {dagbag.py:588} INFO - Filling up the DagBag from /mnt/d/Project/airflow-news/venv/lib/python3.12/site-packages/airflow/example_dags/example_inlet_event_extra.py
[2024-12-23T06:17:44.520+0700] {processor.py:925} INFO - DAG(s) 'read_dataset_event', 'read_dataset_event_from_classic' retrieved from /mnt/d/Project/airflow-news/venv/lib/python3.12/site-packages/airflow/example_dags/example_inlet_event_extra.py
[2024-12-23T06:17:44.564+0700] {logging_mixin.py:190} INFO - [2024-12-23T06:17:44.562+0700] {dag.py:3239} INFO - Sync 2 DAGs
[2024-12-23T06:17:44.599+0700] {logging_mixin.py:190} INFO - [2024-12-23T06:17:44.597+0700] {dag.py:4180} INFO - Setting next_dagrun for read_dataset_event to 2024-12-21 00:00:00+00:00, run_after=2024-12-22 00:00:00+00:00
[2024-12-23T06:17:44.609+0700] {logging_mixin.py:190} INFO - [2024-12-23T06:17:44.607+0700] {dag.py:4180} INFO - Setting next_dagrun for read_dataset_event_from_classic to 2024-12-21 00:00:00+00:00, run_after=2024-12-22 00:00:00+00:00
[2024-12-23T06:17:44.687+0700] {processor.py:208} INFO - Processing /mnt/d/Project/airflow-news/venv/lib/python3.12/site-packages/airflow/example_dags/example_inlet_event_extra.py took 0.304 seconds
[2024-12-23T06:19:16.389+0700] {processor.py:186} INFO - Started process (PID=5770) to work on /mnt/d/Project/airflow-news/venv/lib/python3.12/site-packages/airflow/example_dags/example_inlet_event_extra.py
[2024-12-23T06:19:16.391+0700] {processor.py:914} INFO - Processing file /mnt/d/Project/airflow-news/venv/lib/python3.12/site-packages/airflow/example_dags/example_inlet_event_extra.py for tasks to queue
[2024-12-23T06:19:16.395+0700] {logging_mixin.py:190} INFO - [2024-12-23T06:19:16.394+0700] {dagbag.py:588} INFO - Filling up the DagBag from /mnt/d/Project/airflow-news/venv/lib/python3.12/site-packages/airflow/example_dags/example_inlet_event_extra.py
[2024-12-23T06:19:16.533+0700] {processor.py:925} INFO - DAG(s) 'read_dataset_event', 'read_dataset_event_from_classic' retrieved from /mnt/d/Project/airflow-news/venv/lib/python3.12/site-packages/airflow/example_dags/example_inlet_event_extra.py
[2024-12-23T06:19:16.580+0700] {logging_mixin.py:190} INFO - [2024-12-23T06:19:16.578+0700] {dag.py:3239} INFO - Sync 2 DAGs
[2024-12-23T06:19:16.615+0700] {logging_mixin.py:190} INFO - [2024-12-23T06:19:16.613+0700] {dag.py:4180} INFO - Setting next_dagrun for read_dataset_event to 2024-12-21 00:00:00+00:00, run_after=2024-12-22 00:00:00+00:00
[2024-12-23T06:19:16.624+0700] {logging_mixin.py:190} INFO - [2024-12-23T06:19:16.623+0700] {dag.py:4180} INFO - Setting next_dagrun for read_dataset_event_from_classic to 2024-12-21 00:00:00+00:00, run_after=2024-12-22 00:00:00+00:00
[2024-12-23T06:19:16.726+0700] {processor.py:208} INFO - Processing /mnt/d/Project/airflow-news/venv/lib/python3.12/site-packages/airflow/example_dags/example_inlet_event_extra.py took 0.353 seconds
[2024-12-23T06:19:35.163+0700] {processor.py:186} INFO - Started process (PID=5819) to work on /mnt/d/Project/airflow-news/venv/lib/python3.12/site-packages/airflow/example_dags/example_inlet_event_extra.py
[2024-12-23T06:19:35.165+0700] {processor.py:914} INFO - Processing file /mnt/d/Project/airflow-news/venv/lib/python3.12/site-packages/airflow/example_dags/example_inlet_event_extra.py for tasks to queue
[2024-12-23T06:19:35.170+0700] {logging_mixin.py:190} INFO - [2024-12-23T06:19:35.168+0700] {dagbag.py:588} INFO - Filling up the DagBag from /mnt/d/Project/airflow-news/venv/lib/python3.12/site-packages/airflow/example_dags/example_inlet_event_extra.py
[2024-12-23T06:19:35.335+0700] {processor.py:925} INFO - DAG(s) 'read_dataset_event_from_classic', 'read_dataset_event' retrieved from /mnt/d/Project/airflow-news/venv/lib/python3.12/site-packages/airflow/example_dags/example_inlet_event_extra.py
[2024-12-23T06:19:35.379+0700] {logging_mixin.py:190} INFO - [2024-12-23T06:19:35.378+0700] {dag.py:3239} INFO - Sync 2 DAGs
[2024-12-23T06:19:35.415+0700] {logging_mixin.py:190} INFO - [2024-12-23T06:19:35.414+0700] {dag.py:4180} INFO - Setting next_dagrun for read_dataset_event to 2024-12-21 00:00:00+00:00, run_after=2024-12-22 00:00:00+00:00
[2024-12-23T06:19:35.427+0700] {logging_mixin.py:190} INFO - [2024-12-23T06:19:35.426+0700] {dag.py:4180} INFO - Setting next_dagrun for read_dataset_event_from_classic to 2024-12-21 00:00:00+00:00, run_after=2024-12-22 00:00:00+00:00
[2024-12-23T06:19:35.497+0700] {processor.py:208} INFO - Processing /mnt/d/Project/airflow-news/venv/lib/python3.12/site-packages/airflow/example_dags/example_inlet_event_extra.py took 0.354 seconds
[2024-12-23T06:20:43.464+0700] {processor.py:186} INFO - Started process (PID=6016) to work on /mnt/d/Project/airflow-news/venv/lib/python3.12/site-packages/airflow/example_dags/example_inlet_event_extra.py
[2024-12-23T06:20:43.466+0700] {processor.py:914} INFO - Processing file /mnt/d/Project/airflow-news/venv/lib/python3.12/site-packages/airflow/example_dags/example_inlet_event_extra.py for tasks to queue
[2024-12-23T06:20:43.470+0700] {logging_mixin.py:190} INFO - [2024-12-23T06:20:43.468+0700] {dagbag.py:588} INFO - Filling up the DagBag from /mnt/d/Project/airflow-news/venv/lib/python3.12/site-packages/airflow/example_dags/example_inlet_event_extra.py
[2024-12-23T06:20:43.609+0700] {processor.py:925} INFO - DAG(s) 'read_dataset_event_from_classic', 'read_dataset_event' retrieved from /mnt/d/Project/airflow-news/venv/lib/python3.12/site-packages/airflow/example_dags/example_inlet_event_extra.py
[2024-12-23T06:20:43.661+0700] {logging_mixin.py:190} INFO - [2024-12-23T06:20:43.660+0700] {dag.py:3239} INFO - Sync 2 DAGs
[2024-12-23T06:20:43.696+0700] {logging_mixin.py:190} INFO - [2024-12-23T06:20:43.695+0700] {dag.py:4180} INFO - Setting next_dagrun for read_dataset_event to 2024-12-21 00:00:00+00:00, run_after=2024-12-22 00:00:00+00:00
[2024-12-23T06:20:43.706+0700] {logging_mixin.py:190} INFO - [2024-12-23T06:20:43.704+0700] {dag.py:4180} INFO - Setting next_dagrun for read_dataset_event_from_classic to 2024-12-21 00:00:00+00:00, run_after=2024-12-22 00:00:00+00:00
[2024-12-23T06:20:43.784+0700] {processor.py:208} INFO - Processing /mnt/d/Project/airflow-news/venv/lib/python3.12/site-packages/airflow/example_dags/example_inlet_event_extra.py took 0.336 seconds
[2024-12-23T06:21:31.481+0700] {processor.py:186} INFO - Started process (PID=6140) to work on /mnt/d/Project/airflow-news/venv/lib/python3.12/site-packages/airflow/example_dags/example_inlet_event_extra.py
[2024-12-23T06:21:31.483+0700] {processor.py:914} INFO - Processing file /mnt/d/Project/airflow-news/venv/lib/python3.12/site-packages/airflow/example_dags/example_inlet_event_extra.py for tasks to queue
[2024-12-23T06:21:31.489+0700] {logging_mixin.py:190} INFO - [2024-12-23T06:21:31.487+0700] {dagbag.py:588} INFO - Filling up the DagBag from /mnt/d/Project/airflow-news/venv/lib/python3.12/site-packages/airflow/example_dags/example_inlet_event_extra.py
[2024-12-23T06:21:31.670+0700] {processor.py:925} INFO - DAG(s) 'read_dataset_event_from_classic', 'read_dataset_event' retrieved from /mnt/d/Project/airflow-news/venv/lib/python3.12/site-packages/airflow/example_dags/example_inlet_event_extra.py
[2024-12-23T06:21:31.721+0700] {logging_mixin.py:190} INFO - [2024-12-23T06:21:31.719+0700] {dag.py:3239} INFO - Sync 2 DAGs
[2024-12-23T06:21:31.766+0700] {logging_mixin.py:190} INFO - [2024-12-23T06:21:31.764+0700] {dag.py:4180} INFO - Setting next_dagrun for read_dataset_event to 2024-12-21 00:00:00+00:00, run_after=2024-12-22 00:00:00+00:00
[2024-12-23T06:21:31.777+0700] {logging_mixin.py:190} INFO - [2024-12-23T06:21:31.775+0700] {dag.py:4180} INFO - Setting next_dagrun for read_dataset_event_from_classic to 2024-12-21 00:00:00+00:00, run_after=2024-12-22 00:00:00+00:00
[2024-12-23T06:21:31.864+0700] {processor.py:208} INFO - Processing /mnt/d/Project/airflow-news/venv/lib/python3.12/site-packages/airflow/example_dags/example_inlet_event_extra.py took 0.403 seconds
[2024-12-23T06:23:04.623+0700] {processor.py:186} INFO - Started process (PID=6407) to work on /mnt/d/Project/airflow-news/venv/lib/python3.12/site-packages/airflow/example_dags/example_inlet_event_extra.py
[2024-12-23T06:23:04.626+0700] {processor.py:914} INFO - Processing file /mnt/d/Project/airflow-news/venv/lib/python3.12/site-packages/airflow/example_dags/example_inlet_event_extra.py for tasks to queue
[2024-12-23T06:23:04.632+0700] {logging_mixin.py:190} INFO - [2024-12-23T06:23:04.629+0700] {dagbag.py:588} INFO - Filling up the DagBag from /mnt/d/Project/airflow-news/venv/lib/python3.12/site-packages/airflow/example_dags/example_inlet_event_extra.py
[2024-12-23T06:23:04.839+0700] {processor.py:925} INFO - DAG(s) 'read_dataset_event', 'read_dataset_event_from_classic' retrieved from /mnt/d/Project/airflow-news/venv/lib/python3.12/site-packages/airflow/example_dags/example_inlet_event_extra.py
[2024-12-23T06:23:04.904+0700] {logging_mixin.py:190} INFO - [2024-12-23T06:23:04.902+0700] {dag.py:3239} INFO - Sync 2 DAGs
[2024-12-23T06:23:04.944+0700] {logging_mixin.py:190} INFO - [2024-12-23T06:23:04.942+0700] {dag.py:4180} INFO - Setting next_dagrun for read_dataset_event to 2024-12-21 00:00:00+00:00, run_after=2024-12-22 00:00:00+00:00
[2024-12-23T06:23:04.955+0700] {logging_mixin.py:190} INFO - [2024-12-23T06:23:04.954+0700] {dag.py:4180} INFO - Setting next_dagrun for read_dataset_event_from_classic to 2024-12-21 00:00:00+00:00, run_after=2024-12-22 00:00:00+00:00
[2024-12-23T06:23:05.041+0700] {processor.py:208} INFO - Processing /mnt/d/Project/airflow-news/venv/lib/python3.12/site-packages/airflow/example_dags/example_inlet_event_extra.py took 0.435 seconds
[2024-12-23T06:23:34.966+0700] {processor.py:186} INFO - Started process (PID=6487) to work on /mnt/d/Project/airflow-news/venv/lib/python3.12/site-packages/airflow/example_dags/example_inlet_event_extra.py
[2024-12-23T06:23:34.969+0700] {processor.py:914} INFO - Processing file /mnt/d/Project/airflow-news/venv/lib/python3.12/site-packages/airflow/example_dags/example_inlet_event_extra.py for tasks to queue
[2024-12-23T06:23:34.974+0700] {logging_mixin.py:190} INFO - [2024-12-23T06:23:34.972+0700] {dagbag.py:588} INFO - Filling up the DagBag from /mnt/d/Project/airflow-news/venv/lib/python3.12/site-packages/airflow/example_dags/example_inlet_event_extra.py
[2024-12-23T06:23:35.159+0700] {processor.py:925} INFO - DAG(s) 'read_dataset_event_from_classic', 'read_dataset_event' retrieved from /mnt/d/Project/airflow-news/venv/lib/python3.12/site-packages/airflow/example_dags/example_inlet_event_extra.py
[2024-12-23T06:23:35.211+0700] {logging_mixin.py:190} INFO - [2024-12-23T06:23:35.209+0700] {dag.py:3239} INFO - Sync 2 DAGs
[2024-12-23T06:23:35.249+0700] {logging_mixin.py:190} INFO - [2024-12-23T06:23:35.248+0700] {dag.py:4180} INFO - Setting next_dagrun for read_dataset_event to 2024-12-21 00:00:00+00:00, run_after=2024-12-22 00:00:00+00:00
[2024-12-23T06:23:35.260+0700] {logging_mixin.py:190} INFO - [2024-12-23T06:23:35.258+0700] {dag.py:4180} INFO - Setting next_dagrun for read_dataset_event_from_classic to 2024-12-21 00:00:00+00:00, run_after=2024-12-22 00:00:00+00:00
[2024-12-23T06:23:35.342+0700] {processor.py:208} INFO - Processing /mnt/d/Project/airflow-news/venv/lib/python3.12/site-packages/airflow/example_dags/example_inlet_event_extra.py took 0.398 seconds
[2024-12-23T06:24:40.611+0700] {processor.py:186} INFO - Started process (PID=6702) to work on /mnt/d/Project/airflow-news/venv/lib/python3.12/site-packages/airflow/example_dags/example_inlet_event_extra.py
[2024-12-23T06:24:40.615+0700] {processor.py:914} INFO - Processing file /mnt/d/Project/airflow-news/venv/lib/python3.12/site-packages/airflow/example_dags/example_inlet_event_extra.py for tasks to queue
[2024-12-23T06:24:40.620+0700] {logging_mixin.py:190} INFO - [2024-12-23T06:24:40.619+0700] {dagbag.py:588} INFO - Filling up the DagBag from /mnt/d/Project/airflow-news/venv/lib/python3.12/site-packages/airflow/example_dags/example_inlet_event_extra.py
[2024-12-23T06:24:40.782+0700] {processor.py:925} INFO - DAG(s) 'read_dataset_event_from_classic', 'read_dataset_event' retrieved from /mnt/d/Project/airflow-news/venv/lib/python3.12/site-packages/airflow/example_dags/example_inlet_event_extra.py
[2024-12-23T06:24:40.827+0700] {logging_mixin.py:190} INFO - [2024-12-23T06:24:40.825+0700] {dag.py:3239} INFO - Sync 2 DAGs
[2024-12-23T06:24:40.864+0700] {logging_mixin.py:190} INFO - [2024-12-23T06:24:40.863+0700] {dag.py:4180} INFO - Setting next_dagrun for read_dataset_event to 2024-12-21 00:00:00+00:00, run_after=2024-12-22 00:00:00+00:00
[2024-12-23T06:24:40.875+0700] {logging_mixin.py:190} INFO - [2024-12-23T06:24:40.873+0700] {dag.py:4180} INFO - Setting next_dagrun for read_dataset_event_from_classic to 2024-12-21 00:00:00+00:00, run_after=2024-12-22 00:00:00+00:00
[2024-12-23T06:24:40.951+0700] {processor.py:208} INFO - Processing /mnt/d/Project/airflow-news/venv/lib/python3.12/site-packages/airflow/example_dags/example_inlet_event_extra.py took 0.355 seconds
[2024-12-23T06:25:20.330+0700] {processor.py:186} INFO - Started process (PID=6838) to work on /mnt/d/Project/airflow-news/venv/lib/python3.12/site-packages/airflow/example_dags/example_inlet_event_extra.py
[2024-12-23T06:25:20.332+0700] {processor.py:914} INFO - Processing file /mnt/d/Project/airflow-news/venv/lib/python3.12/site-packages/airflow/example_dags/example_inlet_event_extra.py for tasks to queue
[2024-12-23T06:25:20.336+0700] {logging_mixin.py:190} INFO - [2024-12-23T06:25:20.335+0700] {dagbag.py:588} INFO - Filling up the DagBag from /mnt/d/Project/airflow-news/venv/lib/python3.12/site-packages/airflow/example_dags/example_inlet_event_extra.py
[2024-12-23T06:25:20.500+0700] {processor.py:925} INFO - DAG(s) 'read_dataset_event', 'read_dataset_event_from_classic' retrieved from /mnt/d/Project/airflow-news/venv/lib/python3.12/site-packages/airflow/example_dags/example_inlet_event_extra.py
[2024-12-23T06:25:20.541+0700] {logging_mixin.py:190} INFO - [2024-12-23T06:25:20.540+0700] {dag.py:3239} INFO - Sync 2 DAGs
[2024-12-23T06:25:20.580+0700] {logging_mixin.py:190} INFO - [2024-12-23T06:25:20.579+0700] {dag.py:4180} INFO - Setting next_dagrun for read_dataset_event to 2024-12-21 00:00:00+00:00, run_after=2024-12-22 00:00:00+00:00
[2024-12-23T06:25:20.591+0700] {logging_mixin.py:190} INFO - [2024-12-23T06:25:20.590+0700] {dag.py:4180} INFO - Setting next_dagrun for read_dataset_event_from_classic to 2024-12-21 00:00:00+00:00, run_after=2024-12-22 00:00:00+00:00
[2024-12-23T06:25:20.660+0700] {processor.py:208} INFO - Processing /mnt/d/Project/airflow-news/venv/lib/python3.12/site-packages/airflow/example_dags/example_inlet_event_extra.py took 0.353 seconds
[2024-12-23T06:26:11.701+0700] {processor.py:186} INFO - Started process (PID=6984) to work on /mnt/d/Project/airflow-news/venv/lib/python3.12/site-packages/airflow/example_dags/example_inlet_event_extra.py
[2024-12-23T06:26:11.704+0700] {processor.py:914} INFO - Processing file /mnt/d/Project/airflow-news/venv/lib/python3.12/site-packages/airflow/example_dags/example_inlet_event_extra.py for tasks to queue
[2024-12-23T06:26:11.709+0700] {logging_mixin.py:190} INFO - [2024-12-23T06:26:11.708+0700] {dagbag.py:588} INFO - Filling up the DagBag from /mnt/d/Project/airflow-news/venv/lib/python3.12/site-packages/airflow/example_dags/example_inlet_event_extra.py
[2024-12-23T06:26:11.873+0700] {processor.py:925} INFO - DAG(s) 'read_dataset_event', 'read_dataset_event_from_classic' retrieved from /mnt/d/Project/airflow-news/venv/lib/python3.12/site-packages/airflow/example_dags/example_inlet_event_extra.py
[2024-12-23T06:26:11.916+0700] {logging_mixin.py:190} INFO - [2024-12-23T06:26:11.914+0700] {dag.py:3239} INFO - Sync 2 DAGs
[2024-12-23T06:26:11.952+0700] {logging_mixin.py:190} INFO - [2024-12-23T06:26:11.950+0700] {dag.py:4180} INFO - Setting next_dagrun for read_dataset_event to 2024-12-21 00:00:00+00:00, run_after=2024-12-22 00:00:00+00:00
[2024-12-23T06:26:11.964+0700] {logging_mixin.py:190} INFO - [2024-12-23T06:26:11.962+0700] {dag.py:4180} INFO - Setting next_dagrun for read_dataset_event_from_classic to 2024-12-21 00:00:00+00:00, run_after=2024-12-22 00:00:00+00:00
[2024-12-23T06:26:12.033+0700] {processor.py:208} INFO - Processing /mnt/d/Project/airflow-news/venv/lib/python3.12/site-packages/airflow/example_dags/example_inlet_event_extra.py took 0.347 seconds
[2024-12-23T06:27:06.678+0700] {processor.py:186} INFO - Started process (PID=7154) to work on /mnt/d/Project/airflow-news/venv/lib/python3.12/site-packages/airflow/example_dags/example_inlet_event_extra.py
[2024-12-23T06:27:06.680+0700] {processor.py:914} INFO - Processing file /mnt/d/Project/airflow-news/venv/lib/python3.12/site-packages/airflow/example_dags/example_inlet_event_extra.py for tasks to queue
[2024-12-23T06:27:06.685+0700] {logging_mixin.py:190} INFO - [2024-12-23T06:27:06.683+0700] {dagbag.py:588} INFO - Filling up the DagBag from /mnt/d/Project/airflow-news/venv/lib/python3.12/site-packages/airflow/example_dags/example_inlet_event_extra.py
[2024-12-23T06:27:06.852+0700] {processor.py:925} INFO - DAG(s) 'read_dataset_event', 'read_dataset_event_from_classic' retrieved from /mnt/d/Project/airflow-news/venv/lib/python3.12/site-packages/airflow/example_dags/example_inlet_event_extra.py
[2024-12-23T06:27:06.897+0700] {logging_mixin.py:190} INFO - [2024-12-23T06:27:06.896+0700] {dag.py:3239} INFO - Sync 2 DAGs
[2024-12-23T06:27:06.933+0700] {logging_mixin.py:190} INFO - [2024-12-23T06:27:06.932+0700] {dag.py:4180} INFO - Setting next_dagrun for read_dataset_event to 2024-12-21 00:00:00+00:00, run_after=2024-12-22 00:00:00+00:00
[2024-12-23T06:27:06.944+0700] {logging_mixin.py:190} INFO - [2024-12-23T06:27:06.942+0700] {dag.py:4180} INFO - Setting next_dagrun for read_dataset_event_from_classic to 2024-12-21 00:00:00+00:00, run_after=2024-12-22 00:00:00+00:00
[2024-12-23T06:27:07.016+0700] {processor.py:208} INFO - Processing /mnt/d/Project/airflow-news/venv/lib/python3.12/site-packages/airflow/example_dags/example_inlet_event_extra.py took 0.362 seconds
[2024-12-23T06:27:46.551+0700] {processor.py:186} INFO - Started process (PID=7272) to work on /mnt/d/Project/airflow-news/venv/lib/python3.12/site-packages/airflow/example_dags/example_inlet_event_extra.py
[2024-12-23T06:27:46.553+0700] {processor.py:914} INFO - Processing file /mnt/d/Project/airflow-news/venv/lib/python3.12/site-packages/airflow/example_dags/example_inlet_event_extra.py for tasks to queue
[2024-12-23T06:27:46.559+0700] {logging_mixin.py:190} INFO - [2024-12-23T06:27:46.558+0700] {dagbag.py:588} INFO - Filling up the DagBag from /mnt/d/Project/airflow-news/venv/lib/python3.12/site-packages/airflow/example_dags/example_inlet_event_extra.py
[2024-12-23T06:27:46.725+0700] {processor.py:925} INFO - DAG(s) 'read_dataset_event_from_classic', 'read_dataset_event' retrieved from /mnt/d/Project/airflow-news/venv/lib/python3.12/site-packages/airflow/example_dags/example_inlet_event_extra.py
[2024-12-23T06:27:46.766+0700] {logging_mixin.py:190} INFO - [2024-12-23T06:27:46.765+0700] {dag.py:3239} INFO - Sync 2 DAGs
[2024-12-23T06:27:46.800+0700] {logging_mixin.py:190} INFO - [2024-12-23T06:27:46.798+0700] {dag.py:4180} INFO - Setting next_dagrun for read_dataset_event to 2024-12-21 00:00:00+00:00, run_after=2024-12-22 00:00:00+00:00
[2024-12-23T06:27:46.810+0700] {logging_mixin.py:190} INFO - [2024-12-23T06:27:46.809+0700] {dag.py:4180} INFO - Setting next_dagrun for read_dataset_event_from_classic to 2024-12-21 00:00:00+00:00, run_after=2024-12-22 00:00:00+00:00
[2024-12-23T06:27:46.881+0700] {processor.py:208} INFO - Processing /mnt/d/Project/airflow-news/venv/lib/python3.12/site-packages/airflow/example_dags/example_inlet_event_extra.py took 0.347 seconds
[2024-12-23T06:28:54.182+0700] {processor.py:186} INFO - Started process (PID=7470) to work on /mnt/d/Project/airflow-news/venv/lib/python3.12/site-packages/airflow/example_dags/example_inlet_event_extra.py
[2024-12-23T06:28:54.185+0700] {processor.py:914} INFO - Processing file /mnt/d/Project/airflow-news/venv/lib/python3.12/site-packages/airflow/example_dags/example_inlet_event_extra.py for tasks to queue
[2024-12-23T06:28:54.190+0700] {logging_mixin.py:190} INFO - [2024-12-23T06:28:54.188+0700] {dagbag.py:588} INFO - Filling up the DagBag from /mnt/d/Project/airflow-news/venv/lib/python3.12/site-packages/airflow/example_dags/example_inlet_event_extra.py
[2024-12-23T06:28:54.383+0700] {processor.py:925} INFO - DAG(s) 'read_dataset_event', 'read_dataset_event_from_classic' retrieved from /mnt/d/Project/airflow-news/venv/lib/python3.12/site-packages/airflow/example_dags/example_inlet_event_extra.py
[2024-12-23T06:28:54.453+0700] {logging_mixin.py:190} INFO - [2024-12-23T06:28:54.452+0700] {dag.py:3239} INFO - Sync 2 DAGs
[2024-12-23T06:28:54.495+0700] {logging_mixin.py:190} INFO - [2024-12-23T06:28:54.493+0700] {dag.py:4180} INFO - Setting next_dagrun for read_dataset_event to 2024-12-21 00:00:00+00:00, run_after=2024-12-22 00:00:00+00:00
[2024-12-23T06:28:54.505+0700] {logging_mixin.py:190} INFO - [2024-12-23T06:28:54.504+0700] {dag.py:4180} INFO - Setting next_dagrun for read_dataset_event_from_classic to 2024-12-21 00:00:00+00:00, run_after=2024-12-22 00:00:00+00:00
[2024-12-23T06:28:54.588+0700] {processor.py:208} INFO - Processing /mnt/d/Project/airflow-news/venv/lib/python3.12/site-packages/airflow/example_dags/example_inlet_event_extra.py took 0.430 seconds
[2024-12-23T06:29:21.459+0700] {processor.py:186} INFO - Started process (PID=7546) to work on /mnt/d/Project/airflow-news/venv/lib/python3.12/site-packages/airflow/example_dags/example_inlet_event_extra.py
[2024-12-23T06:29:21.461+0700] {processor.py:914} INFO - Processing file /mnt/d/Project/airflow-news/venv/lib/python3.12/site-packages/airflow/example_dags/example_inlet_event_extra.py for tasks to queue
[2024-12-23T06:29:21.466+0700] {logging_mixin.py:190} INFO - [2024-12-23T06:29:21.464+0700] {dagbag.py:588} INFO - Filling up the DagBag from /mnt/d/Project/airflow-news/venv/lib/python3.12/site-packages/airflow/example_dags/example_inlet_event_extra.py
[2024-12-23T06:29:21.649+0700] {processor.py:925} INFO - DAG(s) 'read_dataset_event', 'read_dataset_event_from_classic' retrieved from /mnt/d/Project/airflow-news/venv/lib/python3.12/site-packages/airflow/example_dags/example_inlet_event_extra.py
[2024-12-23T06:29:21.689+0700] {logging_mixin.py:190} INFO - [2024-12-23T06:29:21.688+0700] {dag.py:3239} INFO - Sync 2 DAGs
[2024-12-23T06:29:21.721+0700] {logging_mixin.py:190} INFO - [2024-12-23T06:29:21.720+0700] {dag.py:4180} INFO - Setting next_dagrun for read_dataset_event to 2024-12-21 00:00:00+00:00, run_after=2024-12-22 00:00:00+00:00
[2024-12-23T06:29:21.730+0700] {logging_mixin.py:190} INFO - [2024-12-23T06:29:21.729+0700] {dag.py:4180} INFO - Setting next_dagrun for read_dataset_event_from_classic to 2024-12-21 00:00:00+00:00, run_after=2024-12-22 00:00:00+00:00
[2024-12-23T06:29:21.804+0700] {processor.py:208} INFO - Processing /mnt/d/Project/airflow-news/venv/lib/python3.12/site-packages/airflow/example_dags/example_inlet_event_extra.py took 0.360 seconds
[2024-12-23T06:30:40.788+0700] {processor.py:186} INFO - Started process (PID=7786) to work on /mnt/d/Project/airflow-news/venv/lib/python3.12/site-packages/airflow/example_dags/example_inlet_event_extra.py
[2024-12-23T06:30:40.791+0700] {processor.py:914} INFO - Processing file /mnt/d/Project/airflow-news/venv/lib/python3.12/site-packages/airflow/example_dags/example_inlet_event_extra.py for tasks to queue
[2024-12-23T06:30:40.795+0700] {logging_mixin.py:190} INFO - [2024-12-23T06:30:40.794+0700] {dagbag.py:588} INFO - Filling up the DagBag from /mnt/d/Project/airflow-news/venv/lib/python3.12/site-packages/airflow/example_dags/example_inlet_event_extra.py
[2024-12-23T06:30:40.961+0700] {processor.py:925} INFO - DAG(s) 'read_dataset_event', 'read_dataset_event_from_classic' retrieved from /mnt/d/Project/airflow-news/venv/lib/python3.12/site-packages/airflow/example_dags/example_inlet_event_extra.py
[2024-12-23T06:30:41.007+0700] {logging_mixin.py:190} INFO - [2024-12-23T06:30:41.005+0700] {dag.py:3239} INFO - Sync 2 DAGs
[2024-12-23T06:30:41.041+0700] {logging_mixin.py:190} INFO - [2024-12-23T06:30:41.039+0700] {dag.py:4180} INFO - Setting next_dagrun for read_dataset_event to 2024-12-21 00:00:00+00:00, run_after=2024-12-22 00:00:00+00:00
[2024-12-23T06:30:41.052+0700] {logging_mixin.py:190} INFO - [2024-12-23T06:30:41.050+0700] {dag.py:4180} INFO - Setting next_dagrun for read_dataset_event_from_classic to 2024-12-21 00:00:00+00:00, run_after=2024-12-22 00:00:00+00:00
[2024-12-23T06:30:41.127+0700] {processor.py:208} INFO - Processing /mnt/d/Project/airflow-news/venv/lib/python3.12/site-packages/airflow/example_dags/example_inlet_event_extra.py took 0.359 seconds
[2024-12-23T06:30:48.140+0700] {processor.py:186} INFO - Started process (PID=7804) to work on /mnt/d/Project/airflow-news/venv/lib/python3.12/site-packages/airflow/example_dags/example_inlet_event_extra.py
[2024-12-23T06:30:48.142+0700] {processor.py:914} INFO - Processing file /mnt/d/Project/airflow-news/venv/lib/python3.12/site-packages/airflow/example_dags/example_inlet_event_extra.py for tasks to queue
[2024-12-23T06:30:48.148+0700] {logging_mixin.py:190} INFO - [2024-12-23T06:30:48.146+0700] {dagbag.py:588} INFO - Filling up the DagBag from /mnt/d/Project/airflow-news/venv/lib/python3.12/site-packages/airflow/example_dags/example_inlet_event_extra.py
[2024-12-23T06:30:48.344+0700] {processor.py:925} INFO - DAG(s) 'read_dataset_event_from_classic', 'read_dataset_event' retrieved from /mnt/d/Project/airflow-news/venv/lib/python3.12/site-packages/airflow/example_dags/example_inlet_event_extra.py
[2024-12-23T06:30:48.386+0700] {logging_mixin.py:190} INFO - [2024-12-23T06:30:48.385+0700] {dag.py:3239} INFO - Sync 2 DAGs
[2024-12-23T06:30:48.442+0700] {logging_mixin.py:190} INFO - [2024-12-23T06:30:48.441+0700] {dag.py:4180} INFO - Setting next_dagrun for read_dataset_event to 2024-12-21 00:00:00+00:00, run_after=2024-12-22 00:00:00+00:00
[2024-12-23T06:30:48.453+0700] {logging_mixin.py:190} INFO - [2024-12-23T06:30:48.451+0700] {dag.py:4180} INFO - Setting next_dagrun for read_dataset_event_from_classic to 2024-12-21 00:00:00+00:00, run_after=2024-12-22 00:00:00+00:00
[2024-12-23T06:30:48.538+0700] {processor.py:208} INFO - Processing /mnt/d/Project/airflow-news/venv/lib/python3.12/site-packages/airflow/example_dags/example_inlet_event_extra.py took 0.415 seconds
[2024-12-23T06:32:23.105+0700] {processor.py:186} INFO - Started process (PID=8081) to work on /mnt/d/Project/airflow-news/venv/lib/python3.12/site-packages/airflow/example_dags/example_inlet_event_extra.py
[2024-12-23T06:32:23.107+0700] {processor.py:914} INFO - Processing file /mnt/d/Project/airflow-news/venv/lib/python3.12/site-packages/airflow/example_dags/example_inlet_event_extra.py for tasks to queue
[2024-12-23T06:32:23.112+0700] {logging_mixin.py:190} INFO - [2024-12-23T06:32:23.110+0700] {dagbag.py:588} INFO - Filling up the DagBag from /mnt/d/Project/airflow-news/venv/lib/python3.12/site-packages/airflow/example_dags/example_inlet_event_extra.py
[2024-12-23T06:32:23.256+0700] {processor.py:925} INFO - DAG(s) 'read_dataset_event', 'read_dataset_event_from_classic' retrieved from /mnt/d/Project/airflow-news/venv/lib/python3.12/site-packages/airflow/example_dags/example_inlet_event_extra.py
[2024-12-23T06:32:23.303+0700] {logging_mixin.py:190} INFO - [2024-12-23T06:32:23.302+0700] {dag.py:3239} INFO - Sync 2 DAGs
[2024-12-23T06:32:23.339+0700] {logging_mixin.py:190} INFO - [2024-12-23T06:32:23.337+0700] {dag.py:4180} INFO - Setting next_dagrun for read_dataset_event to 2024-12-21 00:00:00+00:00, run_after=2024-12-22 00:00:00+00:00
[2024-12-23T06:32:23.350+0700] {logging_mixin.py:190} INFO - [2024-12-23T06:32:23.348+0700] {dag.py:4180} INFO - Setting next_dagrun for read_dataset_event_from_classic to 2024-12-21 00:00:00+00:00, run_after=2024-12-22 00:00:00+00:00
[2024-12-23T06:32:23.431+0700] {processor.py:208} INFO - Processing /mnt/d/Project/airflow-news/venv/lib/python3.12/site-packages/airflow/example_dags/example_inlet_event_extra.py took 0.342 seconds
[2024-12-23T06:32:30.272+0700] {processor.py:186} INFO - Started process (PID=8106) to work on /mnt/d/Project/airflow-news/venv/lib/python3.12/site-packages/airflow/example_dags/example_inlet_event_extra.py
[2024-12-23T06:32:30.275+0700] {processor.py:914} INFO - Processing file /mnt/d/Project/airflow-news/venv/lib/python3.12/site-packages/airflow/example_dags/example_inlet_event_extra.py for tasks to queue
[2024-12-23T06:32:30.282+0700] {logging_mixin.py:190} INFO - [2024-12-23T06:32:30.279+0700] {dagbag.py:588} INFO - Filling up the DagBag from /mnt/d/Project/airflow-news/venv/lib/python3.12/site-packages/airflow/example_dags/example_inlet_event_extra.py
[2024-12-23T06:32:30.392+0700] {processor.py:925} INFO - DAG(s) 'read_dataset_event_from_classic', 'read_dataset_event' retrieved from /mnt/d/Project/airflow-news/venv/lib/python3.12/site-packages/airflow/example_dags/example_inlet_event_extra.py
[2024-12-23T06:32:30.441+0700] {logging_mixin.py:190} INFO - [2024-12-23T06:32:30.439+0700] {dag.py:3239} INFO - Sync 2 DAGs
[2024-12-23T06:32:30.485+0700] {logging_mixin.py:190} INFO - [2024-12-23T06:32:30.483+0700] {dag.py:4180} INFO - Setting next_dagrun for read_dataset_event to 2024-12-21 00:00:00+00:00, run_after=2024-12-22 00:00:00+00:00
[2024-12-23T06:32:30.496+0700] {logging_mixin.py:190} INFO - [2024-12-23T06:32:30.494+0700] {dag.py:4180} INFO - Setting next_dagrun for read_dataset_event_from_classic to 2024-12-21 00:00:00+00:00, run_after=2024-12-22 00:00:00+00:00
[2024-12-23T06:32:30.576+0700] {processor.py:208} INFO - Processing /mnt/d/Project/airflow-news/venv/lib/python3.12/site-packages/airflow/example_dags/example_inlet_event_extra.py took 0.340 seconds
[2024-12-23T06:33:57.857+0700] {processor.py:186} INFO - Started process (PID=8387) to work on /mnt/d/Project/airflow-news/venv/lib/python3.12/site-packages/airflow/example_dags/example_inlet_event_extra.py
[2024-12-23T06:33:57.860+0700] {processor.py:914} INFO - Processing file /mnt/d/Project/airflow-news/venv/lib/python3.12/site-packages/airflow/example_dags/example_inlet_event_extra.py for tasks to queue
[2024-12-23T06:33:57.866+0700] {logging_mixin.py:190} INFO - [2024-12-23T06:33:57.864+0700] {dagbag.py:588} INFO - Filling up the DagBag from /mnt/d/Project/airflow-news/venv/lib/python3.12/site-packages/airflow/example_dags/example_inlet_event_extra.py
[2024-12-23T06:33:58.057+0700] {processor.py:925} INFO - DAG(s) 'read_dataset_event', 'read_dataset_event_from_classic' retrieved from /mnt/d/Project/airflow-news/venv/lib/python3.12/site-packages/airflow/example_dags/example_inlet_event_extra.py
[2024-12-23T06:33:58.100+0700] {logging_mixin.py:190} INFO - [2024-12-23T06:33:58.099+0700] {dag.py:3239} INFO - Sync 2 DAGs
[2024-12-23T06:33:58.133+0700] {logging_mixin.py:190} INFO - [2024-12-23T06:33:58.131+0700] {dag.py:4180} INFO - Setting next_dagrun for read_dataset_event to 2024-12-21 00:00:00+00:00, run_after=2024-12-22 00:00:00+00:00
[2024-12-23T06:33:58.144+0700] {logging_mixin.py:190} INFO - [2024-12-23T06:33:58.142+0700] {dag.py:4180} INFO - Setting next_dagrun for read_dataset_event_from_classic to 2024-12-21 00:00:00+00:00, run_after=2024-12-22 00:00:00+00:00
[2024-12-23T06:33:58.216+0700] {processor.py:208} INFO - Processing /mnt/d/Project/airflow-news/venv/lib/python3.12/site-packages/airflow/example_dags/example_inlet_event_extra.py took 0.373 seconds
[2024-12-23T06:34:16.603+0700] {processor.py:186} INFO - Started process (PID=8430) to work on /mnt/d/Project/airflow-news/venv/lib/python3.12/site-packages/airflow/example_dags/example_inlet_event_extra.py
[2024-12-23T06:34:16.606+0700] {processor.py:914} INFO - Processing file /mnt/d/Project/airflow-news/venv/lib/python3.12/site-packages/airflow/example_dags/example_inlet_event_extra.py for tasks to queue
[2024-12-23T06:34:16.610+0700] {logging_mixin.py:190} INFO - [2024-12-23T06:34:16.608+0700] {dagbag.py:588} INFO - Filling up the DagBag from /mnt/d/Project/airflow-news/venv/lib/python3.12/site-packages/airflow/example_dags/example_inlet_event_extra.py
[2024-12-23T06:34:16.754+0700] {processor.py:925} INFO - DAG(s) 'read_dataset_event', 'read_dataset_event_from_classic' retrieved from /mnt/d/Project/airflow-news/venv/lib/python3.12/site-packages/airflow/example_dags/example_inlet_event_extra.py
[2024-12-23T06:34:16.793+0700] {logging_mixin.py:190} INFO - [2024-12-23T06:34:16.791+0700] {dag.py:3239} INFO - Sync 2 DAGs
[2024-12-23T06:34:16.826+0700] {logging_mixin.py:190} INFO - [2024-12-23T06:34:16.824+0700] {dag.py:4180} INFO - Setting next_dagrun for read_dataset_event to 2024-12-21 00:00:00+00:00, run_after=2024-12-22 00:00:00+00:00
[2024-12-23T06:34:16.836+0700] {logging_mixin.py:190} INFO - [2024-12-23T06:34:16.835+0700] {dag.py:4180} INFO - Setting next_dagrun for read_dataset_event_from_classic to 2024-12-21 00:00:00+00:00, run_after=2024-12-22 00:00:00+00:00
[2024-12-23T06:34:16.919+0700] {processor.py:208} INFO - Processing /mnt/d/Project/airflow-news/venv/lib/python3.12/site-packages/airflow/example_dags/example_inlet_event_extra.py took 0.338 seconds
[2024-12-23T06:36:43.242+0700] {processor.py:186} INFO - Started process (PID=8857) to work on /mnt/d/Project/airflow-news/venv/lib/python3.12/site-packages/airflow/example_dags/example_inlet_event_extra.py
[2024-12-23T06:36:43.244+0700] {processor.py:914} INFO - Processing file /mnt/d/Project/airflow-news/venv/lib/python3.12/site-packages/airflow/example_dags/example_inlet_event_extra.py for tasks to queue
[2024-12-23T06:36:43.249+0700] {logging_mixin.py:190} INFO - [2024-12-23T06:36:43.248+0700] {dagbag.py:588} INFO - Filling up the DagBag from /mnt/d/Project/airflow-news/venv/lib/python3.12/site-packages/airflow/example_dags/example_inlet_event_extra.py
[2024-12-23T06:36:43.437+0700] {processor.py:925} INFO - DAG(s) 'read_dataset_event', 'read_dataset_event_from_classic' retrieved from /mnt/d/Project/airflow-news/venv/lib/python3.12/site-packages/airflow/example_dags/example_inlet_event_extra.py
[2024-12-23T06:36:43.487+0700] {logging_mixin.py:190} INFO - [2024-12-23T06:36:43.485+0700] {dag.py:3239} INFO - Sync 2 DAGs
[2024-12-23T06:36:43.523+0700] {logging_mixin.py:190} INFO - [2024-12-23T06:36:43.521+0700] {dag.py:4180} INFO - Setting next_dagrun for read_dataset_event to 2024-12-21 00:00:00+00:00, run_after=2024-12-22 00:00:00+00:00
[2024-12-23T06:36:43.533+0700] {logging_mixin.py:190} INFO - [2024-12-23T06:36:43.532+0700] {dag.py:4180} INFO - Setting next_dagrun for read_dataset_event_from_classic to 2024-12-21 00:00:00+00:00, run_after=2024-12-22 00:00:00+00:00
[2024-12-23T06:36:43.607+0700] {processor.py:208} INFO - Processing /mnt/d/Project/airflow-news/venv/lib/python3.12/site-packages/airflow/example_dags/example_inlet_event_extra.py took 0.384 seconds
[2024-12-23T06:37:00.518+0700] {processor.py:186} INFO - Started process (PID=8902) to work on /mnt/d/Project/airflow-news/venv/lib/python3.12/site-packages/airflow/example_dags/example_inlet_event_extra.py
[2024-12-23T06:37:00.521+0700] {processor.py:914} INFO - Processing file /mnt/d/Project/airflow-news/venv/lib/python3.12/site-packages/airflow/example_dags/example_inlet_event_extra.py for tasks to queue
[2024-12-23T06:37:00.525+0700] {logging_mixin.py:190} INFO - [2024-12-23T06:37:00.524+0700] {dagbag.py:588} INFO - Filling up the DagBag from /mnt/d/Project/airflow-news/venv/lib/python3.12/site-packages/airflow/example_dags/example_inlet_event_extra.py
[2024-12-23T06:37:00.699+0700] {processor.py:925} INFO - DAG(s) 'read_dataset_event', 'read_dataset_event_from_classic' retrieved from /mnt/d/Project/airflow-news/venv/lib/python3.12/site-packages/airflow/example_dags/example_inlet_event_extra.py
[2024-12-23T06:37:00.743+0700] {logging_mixin.py:190} INFO - [2024-12-23T06:37:00.741+0700] {dag.py:3239} INFO - Sync 2 DAGs
[2024-12-23T06:37:00.781+0700] {logging_mixin.py:190} INFO - [2024-12-23T06:37:00.779+0700] {dag.py:4180} INFO - Setting next_dagrun for read_dataset_event to 2024-12-21 00:00:00+00:00, run_after=2024-12-22 00:00:00+00:00
[2024-12-23T06:37:00.792+0700] {logging_mixin.py:190} INFO - [2024-12-23T06:37:00.790+0700] {dag.py:4180} INFO - Setting next_dagrun for read_dataset_event_from_classic to 2024-12-21 00:00:00+00:00, run_after=2024-12-22 00:00:00+00:00
[2024-12-23T06:37:00.880+0700] {processor.py:208} INFO - Processing /mnt/d/Project/airflow-news/venv/lib/python3.12/site-packages/airflow/example_dags/example_inlet_event_extra.py took 0.377 seconds
[2024-12-23T06:38:36.970+0700] {processor.py:186} INFO - Started process (PID=9248) to work on /mnt/d/Project/airflow-news/venv/lib/python3.12/site-packages/airflow/example_dags/example_inlet_event_extra.py
[2024-12-23T06:38:36.973+0700] {processor.py:914} INFO - Processing file /mnt/d/Project/airflow-news/venv/lib/python3.12/site-packages/airflow/example_dags/example_inlet_event_extra.py for tasks to queue
[2024-12-23T06:38:36.978+0700] {logging_mixin.py:190} INFO - [2024-12-23T06:38:36.977+0700] {dagbag.py:588} INFO - Filling up the DagBag from /mnt/d/Project/airflow-news/venv/lib/python3.12/site-packages/airflow/example_dags/example_inlet_event_extra.py
[2024-12-23T06:38:37.178+0700] {processor.py:925} INFO - DAG(s) 'read_dataset_event', 'read_dataset_event_from_classic' retrieved from /mnt/d/Project/airflow-news/venv/lib/python3.12/site-packages/airflow/example_dags/example_inlet_event_extra.py
[2024-12-23T06:38:37.222+0700] {logging_mixin.py:190} INFO - [2024-12-23T06:38:37.220+0700] {dag.py:3239} INFO - Sync 2 DAGs
[2024-12-23T06:38:37.255+0700] {logging_mixin.py:190} INFO - [2024-12-23T06:38:37.253+0700] {dag.py:4180} INFO - Setting next_dagrun for read_dataset_event to 2024-12-21 00:00:00+00:00, run_after=2024-12-22 00:00:00+00:00
[2024-12-23T06:38:37.264+0700] {logging_mixin.py:190} INFO - [2024-12-23T06:38:37.263+0700] {dag.py:4180} INFO - Setting next_dagrun for read_dataset_event_from_classic to 2024-12-21 00:00:00+00:00, run_after=2024-12-22 00:00:00+00:00
[2024-12-23T06:38:37.341+0700] {processor.py:208} INFO - Processing /mnt/d/Project/airflow-news/venv/lib/python3.12/site-packages/airflow/example_dags/example_inlet_event_extra.py took 0.390 seconds
[2024-12-23T06:38:46.432+0700] {processor.py:186} INFO - Started process (PID=9267) to work on /mnt/d/Project/airflow-news/venv/lib/python3.12/site-packages/airflow/example_dags/example_inlet_event_extra.py
[2024-12-23T06:38:46.434+0700] {processor.py:914} INFO - Processing file /mnt/d/Project/airflow-news/venv/lib/python3.12/site-packages/airflow/example_dags/example_inlet_event_extra.py for tasks to queue
[2024-12-23T06:38:46.440+0700] {logging_mixin.py:190} INFO - [2024-12-23T06:38:46.438+0700] {dagbag.py:588} INFO - Filling up the DagBag from /mnt/d/Project/airflow-news/venv/lib/python3.12/site-packages/airflow/example_dags/example_inlet_event_extra.py
[2024-12-23T06:38:46.685+0700] {processor.py:925} INFO - DAG(s) 'read_dataset_event_from_classic', 'read_dataset_event' retrieved from /mnt/d/Project/airflow-news/venv/lib/python3.12/site-packages/airflow/example_dags/example_inlet_event_extra.py
[2024-12-23T06:38:46.751+0700] {logging_mixin.py:190} INFO - [2024-12-23T06:38:46.748+0700] {dag.py:3239} INFO - Sync 2 DAGs
[2024-12-23T06:38:46.821+0700] {logging_mixin.py:190} INFO - [2024-12-23T06:38:46.818+0700] {dag.py:4180} INFO - Setting next_dagrun for read_dataset_event to 2024-12-21 00:00:00+00:00, run_after=2024-12-22 00:00:00+00:00
[2024-12-23T06:38:46.836+0700] {logging_mixin.py:190} INFO - [2024-12-23T06:38:46.835+0700] {dag.py:4180} INFO - Setting next_dagrun for read_dataset_event_from_classic to 2024-12-21 00:00:00+00:00, run_after=2024-12-22 00:00:00+00:00
[2024-12-23T06:38:46.957+0700] {processor.py:208} INFO - Processing /mnt/d/Project/airflow-news/venv/lib/python3.12/site-packages/airflow/example_dags/example_inlet_event_extra.py took 0.552 seconds
