[2024-12-23T06:35:45.924+0700] {local_task_job_runner.py:123} INFO - ::group::Pre task execution logs
[2024-12-23T06:35:45.951+0700] {taskinstance.py:2613} INFO - Dependencies all met for dep_context=non-requeueable deps ti=<TaskInstance: news_pipeline.process_news manual__2024-12-22T23:34:38.515677+00:00 [queued]>
[2024-12-23T06:35:45.971+0700] {taskinstance.py:2613} INFO - Dependencies all met for dep_context=requeueable deps ti=<TaskInstance: news_pipeline.process_news manual__2024-12-22T23:34:38.515677+00:00 [queued]>
[2024-12-23T06:35:45.973+0700] {taskinstance.py:2866} INFO - Starting attempt 1 of 2
[2024-12-23T06:35:46.020+0700] {taskinstance.py:2889} INFO - Executing <Task(PythonOperator): process_news> on 2024-12-22 23:34:38.515677+00:00
[2024-12-23T06:35:46.029+0700] {standard_task_runner.py:72} INFO - Started process 8690 to run task
[2024-12-23T06:35:46.033+0700] {standard_task_runner.py:104} INFO - Running: ['airflow', 'tasks', 'run', 'news_pipeline', 'process_news', 'manual__2024-12-22T23:34:38.515677+00:00', '--job-id', '15', '--raw', '--subdir', 'DAGS_FOLDER/news_pipeline.py', '--cfg-path', '/tmp/tmp8tgj6puv']
[2024-12-23T06:35:46.035+0700] {standard_task_runner.py:105} INFO - Job 15: Subtask process_news
[2024-12-23T06:35:46.150+0700] {task_command.py:467} INFO - Running <TaskInstance: news_pipeline.process_news manual__2024-12-22T23:34:38.515677+00:00 [running]> on host LAPTOP-N2PIKQNV.
[2024-12-23T06:35:46.300+0700] {taskinstance.py:3132} INFO - Exporting env vars: AIRFLOW_CTX_DAG_OWNER='airflow' AIRFLOW_CTX_DAG_ID='news_pipeline' AIRFLOW_CTX_TASK_ID='process_news' AIRFLOW_CTX_EXECUTION_DATE='2024-12-22T23:34:38.515677+00:00' AIRFLOW_CTX_TRY_NUMBER='1' AIRFLOW_CTX_DAG_RUN_ID='manual__2024-12-22T23:34:38.515677+00:00'
[2024-12-23T06:35:46.305+0700] {logging_mixin.py:190} INFO - Task instance is in running state
[2024-12-23T06:35:46.307+0700] {logging_mixin.py:190} INFO -  Previous state of the Task instance: queued
[2024-12-23T06:35:46.309+0700] {logging_mixin.py:190} INFO - Current task name:process_news state:running start_date:2024-12-22 23:35:45.954218+00:00
[2024-12-23T06:35:46.312+0700] {logging_mixin.py:190} INFO - Dag name:news_pipeline and current dag run status:running
[2024-12-23T06:35:46.314+0700] {taskinstance.py:731} INFO - ::endgroup::
[2024-12-23T06:35:46.428+0700] {python.py:240} INFO - Done. Returned value was: None
[2024-12-23T06:35:46.449+0700] {taskinstance.py:340} INFO - ::group::Post task execution logs
[2024-12-23T06:35:46.451+0700] {taskinstance.py:352} INFO - Marking task as SUCCESS. dag_id=news_pipeline, task_id=process_news, run_id=manual__2024-12-22T23:34:38.515677+00:00, execution_date=20241222T233438, start_date=20241222T233545, end_date=20241222T233546
[2024-12-23T06:35:46.498+0700] {logging_mixin.py:190} INFO - Task instance in success state
[2024-12-23T06:35:46.501+0700] {logging_mixin.py:190} INFO -  Previous state of the Task instance: running
[2024-12-23T06:35:46.503+0700] {logging_mixin.py:190} INFO - Dag name:news_pipeline queued_at:2024-12-22 23:34:38.590358+00:00
[2024-12-23T06:35:46.506+0700] {logging_mixin.py:190} INFO - Task hostname:LAPTOP-N2PIKQNV. operator:PythonOperator
[2024-12-23T06:35:46.549+0700] {local_task_job_runner.py:266} INFO - Task exited with return code 0
[2024-12-23T06:35:46.591+0700] {taskinstance.py:3895} INFO - 1 downstream tasks scheduled from follow-on schedule check
[2024-12-23T06:35:46.606+0700] {local_task_job_runner.py:245} INFO - ::endgroup::
